<?xml version="1.0" encoding="UTF-8"?>
<testsuite name="jp.go.jpo.sa1s99.common.format.integration.HtmlToXmlForAmendApiIntegrationTest" tests="1270" skipped="0" failures="1270" errors="0" timestamp="2017-11-27T02:55:34" hostname="dxxx-002" time="5.39">
  <properties/>
  <testcase name="ファイル出力を比較する: Direction{ s_InputDir: data/input/200808-4.7-S-H20-0009/200808-attach-p-case0, s_OutputDir: data/output/html_amend/200808-4.7-S-H20-0009/200808-attach-p-case0} null" classname="jp.go.jpo.sa1s99.common.format.integration.HtmlToXmlForAmendApiIntegrationTest" time="0.0">
    <failure message="java.lang.IllegalArgumentException: Not implemented yet" type="java.lang.IllegalArgumentException">java.lang.IllegalArgumentException: Not implemented yet
	at jp.go.jpo.sa1s99.common.format.api.XmlToHtmlForAmendApi.execute(XmlToHtmlForAmendApi.java:32)
	at jp.go.jpo.sa1s99.common.format.integration.ExecuteXmlToHtmlForAmendApiByDirection.executeApi(ExecuteXmlToHtmlForAmendApiByDirection.java:26)
	at jp.go.jpo.sa1s99.common.format.integration.ExecuteXmlToHtmlForAmendApiByDirection.executeApi(ExecuteXmlToHtmlForAmendApiByDirection.java:13)
	at jp.go.jpo.sa1s99.common.format.integration.ExecuteApiByDirection.execute(ExecuteApiByDirection.java:28)
	at jp.go.jpo.sa1s99.common.format.integration.HtmlToXmlForAmendApiIntegrationTest.ファイル出力を比較する: #direction #parsedResult(HtmlToXmlForAmendApiIntegrationTest.groovy:29)
</failure>
  </testcase>
  <testcase name="ファイル出力を比較する: Direction{ s_InputDir: data/input/200808-4.7-S-H20-0009/200808-attach-p-case6, s_OutputDir: data/output/html_amend/200808-4.7-S-H20-0009/200808-attach-p-case6} null" classname="jp.go.jpo.sa1s99.common.format.integration.HtmlToXmlForAmendApiIntegrationTest" time="0.016">
    <failure message="java.lang.IllegalArgumentException: Not implemented yet" type="java.lang.IllegalArgumentException">java.lang.IllegalArgumentException: Not implemented yet
	at jp.go.jpo.sa1s99.common.format.api.XmlToHtmlForAmendApi.execute(XmlToHtmlForAmendApi.java:32)
	at jp.go.jpo.sa1s99.common.format.integration.ExecuteXmlToHtmlForAmendApiByDirection.executeApi(ExecuteXmlToHtmlForAmendApiByDirection.java:26)
	at jp.go.jpo.sa1s99.common.format.integration.ExecuteXmlToHtmlForAmendApiByDirection.executeApi(ExecuteXmlToHtmlForAmendApiByDirection.java:13)
	at jp.go.jpo.sa1s99.common.format.integration.ExecuteApiByDirection.execute(ExecuteApiByDirection.java:28)
	at jp.go.jpo.sa1s99.common.format.integration.HtmlToXmlForAmendApiIntegrationTest.ファイル出力を比較する: #direction #parsedResult(HtmlToXmlForAmendApiIntegrationTest.groovy:29)
</failure>
  </testcase>
  <testcase name="ファイル出力を比較する: Direction{ s_InputDir: data/input/200808-4.7-S-H20-0009/200808-attach-p-case1, s_OutputDir: data/output/html_amend/200808-4.7-S-H20-0009/200808-attach-p-case1} null" classname="jp.go.jpo.sa1s99.common.format.integration.HtmlToXmlForAmendApiIntegrationTest" time="0.0">
    <failure message="java.lang.IllegalArgumentException: Not implemented yet" type="java.lang.IllegalArgumentException">java.lang.IllegalArgumentException: Not implemented yet
	at jp.go.jpo.sa1s99.common.format.api.XmlToHtmlForAmendApi.execute(XmlToHtmlForAmendApi.java:32)
	at jp.go.jpo.sa1s99.common.format.integration.ExecuteXmlToHtmlForAmendApiByDirection.executeApi(ExecuteXmlToHtmlForAmendApiByDirection.java:26)
	at jp.go.jpo.sa1s99.common.format.integration.ExecuteXmlToHtmlForAmendApiByDirection.executeApi(ExecuteXmlToHtmlForAmendApiByDirection.java:13)
	at jp.go.jpo.sa1s99.common.format.integration.ExecuteApiByDirection.execute(ExecuteApiByDirection.java:28)
	at jp.go.jpo.sa1s99.common.format.integration.HtmlToXmlForAmendApiIntegrationTest.ファイル出力を比較する: #direction #parsedResult(HtmlToXmlForAmendApiIntegrationTest.groovy:29)
</failure>
  </testcase>
  <testcase name="ファイル出力を比較する: Direction{ s_InputDir: data/input/200808-4.7-S-H20-0009/200808-attach-p-case2, s_OutputDir: data/output/html_amend/200808-4.7-S-H20-0009/200808-attach-p-case2} null" classname="jp.go.jpo.sa1s99.common.format.integration.HtmlToXmlForAmendApiIntegrationTest" time="0.0">
    <failure message="java.lang.IllegalArgumentException: Not implemented yet" type="java.lang.IllegalArgumentException">java.lang.IllegalArgumentException: Not implemented yet
	at jp.go.jpo.sa1s99.common.format.api.XmlToHtmlForAmendApi.execute(XmlToHtmlForAmendApi.java:32)
	at jp.go.jpo.sa1s99.common.format.integration.ExecuteXmlToHtmlForAmendApiByDirection.executeApi(ExecuteXmlToHtmlForAmendApiByDirection.java:26)
	at jp.go.jpo.sa1s99.common.format.integration.ExecuteXmlToHtmlForAmendApiByDirection.executeApi(ExecuteXmlToHtmlForAmendApiByDirection.java:13)
	at jp.go.jpo.sa1s99.common.format.integration.ExecuteApiByDirection.execute(ExecuteApiByDirection.java:28)
	at jp.go.jpo.sa1s99.common.format.integration.HtmlToXmlForAmendApiIntegrationTest.ファイル出力を比較する: #direction #parsedResult(HtmlToXmlForAmendApiIntegrationTest.groovy:29)
</failure>
  </testcase>
  <testcase name="ファイル出力を比較する: Direction{ s_InputDir: data/input/200808-4.7-S-H20-0009/200808-attach-p-case3, s_OutputDir: data/output/html_amend/200808-4.7-S-H20-0009/200808-attach-p-case3} null" classname="jp.go.jpo.sa1s99.common.format.integration.HtmlToXmlForAmendApiIntegrationTest" time="0.0">
    <failure message="java.lang.IllegalArgumentException: Not implemented yet" type="java.lang.IllegalArgumentException">java.lang.IllegalArgumentException: Not implemented yet
	at jp.go.jpo.sa1s99.common.format.api.XmlToHtmlForAmendApi.execute(XmlToHtmlForAmendApi.java:32)
	at jp.go.jpo.sa1s99.common.format.integration.ExecuteXmlToHtmlForAmendApiByDirection.executeApi(ExecuteXmlToHtmlForAmendApiByDirection.java:26)
	at jp.go.jpo.sa1s99.common.format.integration.ExecuteXmlToHtmlForAmendApiByDirection.executeApi(ExecuteXmlToHtmlForAmendApiByDirection.java:13)
	at jp.go.jpo.sa1s99.common.format.integration.ExecuteApiByDirection.execute(ExecuteApiByDirection.java:28)
	at jp.go.jpo.sa1s99.common.format.integration.HtmlToXmlForAmendApiIntegrationTest.ファイル出力を比較する: #direction #parsedResult(HtmlToXmlForAmendApiIntegrationTest.groovy:29)
</failure>
  </testcase>
  <testcase name="ファイル出力を比較する: Direction{ s_InputDir: data/input/200808-4.7-S-H20-0009/200808-attach-p-case4, s_OutputDir: data/output/html_amend/200808-4.7-S-H20-0009/200808-attach-p-case4} null" classname="jp.go.jpo.sa1s99.common.format.integration.HtmlToXmlForAmendApiIntegrationTest" time="0.016">
    <failure message="java.lang.IllegalArgumentException: Not implemented yet" type="java.lang.IllegalArgumentException">java.lang.IllegalArgumentException: Not implemented yet
	at jp.go.jpo.sa1s99.common.format.api.XmlToHtmlForAmendApi.execute(XmlToHtmlForAmendApi.java:32)
	at jp.go.jpo.sa1s99.common.format.integration.ExecuteXmlToHtmlForAmendApiByDirection.executeApi(ExecuteXmlToHtmlForAmendApiByDirection.java:26)
	at jp.go.jpo.sa1s99.common.format.integration.ExecuteXmlToHtmlForAmendApiByDirection.executeApi(ExecuteXmlToHtmlForAmendApiByDirection.java:13)
	at jp.go.jpo.sa1s99.common.format.integration.ExecuteApiByDirection.execute(ExecuteApiByDirection.java:28)
	at jp.go.jpo.sa1s99.common.format.integration.HtmlToXmlForAmendApiIntegrationTest.ファイル出力を比較する: #direction #parsedResult(HtmlToXmlForAmendApiIntegrationTest.groovy:29)
</failure>
  </testcase>
  <testcase name="ファイル出力を比較する: Direction{ s_InputDir: data/input/200808-4.7-S-H20-0009/200808-attach-u-case0, s_OutputDir: data/output/html_amend/200808-4.7-S-H20-0009/200808-attach-u-case0} null" classname="jp.go.jpo.sa1s99.common.format.integration.HtmlToXmlForAmendApiIntegrationTest" time="0.0">
    <failure message="java.lang.IllegalArgumentException: Not implemented yet" type="java.lang.IllegalArgumentException">java.lang.IllegalArgumentException: Not implemented yet
	at jp.go.jpo.sa1s99.common.format.api.XmlToHtmlForAmendApi.execute(XmlToHtmlForAmendApi.java:32)
	at jp.go.jpo.sa1s99.common.format.integration.ExecuteXmlToHtmlForAmendApiByDirection.executeApi(ExecuteXmlToHtmlForAmendApiByDirection.java:26)
	at jp.go.jpo.sa1s99.common.format.integration.ExecuteXmlToHtmlForAmendApiByDirection.executeApi(ExecuteXmlToHtmlForAmendApiByDirection.java:13)
	at jp.go.jpo.sa1s99.common.format.integration.ExecuteApiByDirection.execute(ExecuteApiByDirection.java:28)
	at jp.go.jpo.sa1s99.common.format.integration.HtmlToXmlForAmendApiIntegrationTest.ファイル出力を比較する: #direction #parsedResult(HtmlToXmlForAmendApiIntegrationTest.groovy:29)
</failure>
  </testcase>
  <testcase name="ファイル出力を比較する: Direction{ s_InputDir: data/input/200808-4.7-S-H20-0009/200808-attach-u-case6, s_OutputDir: data/output/html_amend/200808-4.7-S-H20-0009/200808-attach-u-case6} null" classname="jp.go.jpo.sa1s99.common.format.integration.HtmlToXmlForAmendApiIntegrationTest" time="0.0">
    <failure message="java.lang.IllegalArgumentException: Not implemented yet" type="java.lang.IllegalArgumentException">java.lang.IllegalArgumentException: Not implemented yet
	at jp.go.jpo.sa1s99.common.format.api.XmlToHtmlForAmendApi.execute(XmlToHtmlForAmendApi.java:32)
	at jp.go.jpo.sa1s99.common.format.integration.ExecuteXmlToHtmlForAmendApiByDirection.executeApi(ExecuteXmlToHtmlForAmendApiByDirection.java:26)
	at jp.go.jpo.sa1s99.common.format.integration.ExecuteXmlToHtmlForAmendApiByDirection.executeApi(ExecuteXmlToHtmlForAmendApiByDirection.java:13)
	at jp.go.jpo.sa1s99.common.format.integration.ExecuteApiByDirection.execute(ExecuteApiByDirection.java:28)
	at jp.go.jpo.sa1s99.common.format.integration.HtmlToXmlForAmendApiIntegrationTest.ファイル出力を比較する: #direction #parsedResult(HtmlToXmlForAmendApiIntegrationTest.groovy:29)
</failure>
  </testcase>
  <testcase name="ファイル出力を比較する: Direction{ s_InputDir: data/input/200808-4.7-S-H20-0009/200808-attach-u-case1, s_OutputDir: data/output/html_amend/200808-4.7-S-H20-0009/200808-attach-u-case1} null" classname="jp.go.jpo.sa1s99.common.format.integration.HtmlToXmlForAmendApiIntegrationTest" time="0.0">
    <failure message="java.lang.IllegalArgumentException: Not implemented yet" type="java.lang.IllegalArgumentException">java.lang.IllegalArgumentException: Not implemented yet
	at jp.go.jpo.sa1s99.common.format.api.XmlToHtmlForAmendApi.execute(XmlToHtmlForAmendApi.java:32)
	at jp.go.jpo.sa1s99.common.format.integration.ExecuteXmlToHtmlForAmendApiByDirection.executeApi(ExecuteXmlToHtmlForAmendApiByDirection.java:26)
	at jp.go.jpo.sa1s99.common.format.integration.ExecuteXmlToHtmlForAmendApiByDirection.executeApi(ExecuteXmlToHtmlForAmendApiByDirection.java:13)
	at jp.go.jpo.sa1s99.common.format.integration.ExecuteApiByDirection.execute(ExecuteApiByDirection.java:28)
	at jp.go.jpo.sa1s99.common.format.integration.HtmlToXmlForAmendApiIntegrationTest.ファイル出力を比較する: #direction #parsedResult(HtmlToXmlForAmendApiIntegrationTest.groovy:29)
</failure>
  </testcase>
  <testcase name="ファイル出力を比較する: Direction{ s_InputDir: data/input/200808-4.7-S-H20-0009/200808-attach-u-case2, s_OutputDir: data/output/html_amend/200808-4.7-S-H20-0009/200808-attach-u-case2} null" classname="jp.go.jpo.sa1s99.common.format.integration.HtmlToXmlForAmendApiIntegrationTest" time="0.0">
    <failure message="java.lang.IllegalArgumentException: Not implemented yet" type="java.lang.IllegalArgumentException">java.lang.IllegalArgumentException: Not implemented yet
	at jp.go.jpo.sa1s99.common.format.api.XmlToHtmlForAmendApi.execute(XmlToHtmlForAmendApi.java:32)
	at jp.go.jpo.sa1s99.common.format.integration.ExecuteXmlToHtmlForAmendApiByDirection.executeApi(ExecuteXmlToHtmlForAmendApiByDirection.java:26)
	at jp.go.jpo.sa1s99.common.format.integration.ExecuteXmlToHtmlForAmendApiByDirection.executeApi(ExecuteXmlToHtmlForAmendApiByDirection.java:13)
	at jp.go.jpo.sa1s99.common.format.integration.ExecuteApiByDirection.execute(ExecuteApiByDirection.java:28)
	at jp.go.jpo.sa1s99.common.format.integration.HtmlToXmlForAmendApiIntegrationTest.ファイル出力を比較する: #direction #parsedResult(HtmlToXmlForAmendApiIntegrationTest.groovy:29)
</failure>
  </testcase>
  <testcase name="ファイル出力を比較する: Direction{ s_InputDir: data/input/200808-4.7-S-H20-0009/200808-attach-u-case3, s_OutputDir: data/output/html_amend/200808-4.7-S-H20-0009/200808-attach-u-case3} null" classname="jp.go.jpo.sa1s99.common.format.integration.HtmlToXmlForAmendApiIntegrationTest" time="0.0">
    <failure message="java.lang.IllegalArgumentException: Not implemented yet" type="java.lang.IllegalArgumentException">java.lang.IllegalArgumentException: Not implemented yet
	at jp.go.jpo.sa1s99.common.format.api.XmlToHtmlForAmendApi.execute(XmlToHtmlForAmendApi.java:32)
	at jp.go.jpo.sa1s99.common.format.integration.ExecuteXmlToHtmlForAmendApiByDirection.executeApi(ExecuteXmlToHtmlForAmendApiByDirection.java:26)
	at jp.go.jpo.sa1s99.common.format.integration.ExecuteXmlToHtmlForAmendApiByDirection.executeApi(ExecuteXmlToHtmlForAmendApiByDirection.java:13)
	at jp.go.jpo.sa1s99.common.format.integration.ExecuteApiByDirection.execute(ExecuteApiByDirection.java:28)
	at jp.go.jpo.sa1s99.common.format.integration.HtmlToXmlForAmendApiIntegrationTest.ファイル出力を比較する: #direction #parsedResult(HtmlToXmlForAmendApiIntegrationTest.groovy:29)
</failure>
  </testcase>
  <testcase name="ファイル出力を比較する: Direction{ s_InputDir: data/input/200808-4.7-S-H20-0009/200808-attach-u-case4, s_OutputDir: data/output/html_amend/200808-4.7-S-H20-0009/200808-attach-u-case4} null" classname="jp.go.jpo.sa1s99.common.format.integration.HtmlToXmlForAmendApiIntegrationTest" time="0.0">
    <failure message="java.lang.IllegalArgumentException: Not implemented yet" type="java.lang.IllegalArgumentException">java.lang.IllegalArgumentException: Not implemented yet
	at jp.go.jpo.sa1s99.common.format.api.XmlToHtmlForAmendApi.execute(XmlToHtmlForAmendApi.java:32)
	at jp.go.jpo.sa1s99.common.format.integration.ExecuteXmlToHtmlForAmendApiByDirection.executeApi(ExecuteXmlToHtmlForAmendApiByDirection.java:26)
	at jp.go.jpo.sa1s99.common.format.integration.ExecuteXmlToHtmlForAmendApiByDirection.executeApi(ExecuteXmlToHtmlForAmendApiByDirection.java:13)
	at jp.go.jpo.sa1s99.common.format.integration.ExecuteApiByDirection.execute(ExecuteApiByDirection.java:28)
	at jp.go.jpo.sa1s99.common.format.integration.HtmlToXmlForAmendApiIntegrationTest.ファイル出力を比較する: #direction #parsedResult(HtmlToXmlForAmendApiIntegrationTest.groovy:29)
</failure>
  </testcase>
  <testcase name="ファイル出力を比較する: Direction{ s_InputDir: data/input/200808-4.7-S-H20-0012/200808-description-p, s_OutputDir: data/output/html_amend/200808-4.7-S-H20-0012/200808-description-p} null" classname="jp.go.jpo.sa1s99.common.format.integration.HtmlToXmlForAmendApiIntegrationTest" time="0.015">
    <failure message="java.lang.IllegalArgumentException: Not implemented yet" type="java.lang.IllegalArgumentException">java.lang.IllegalArgumentException: Not implemented yet
	at jp.go.jpo.sa1s99.common.format.api.XmlToHtmlForAmendApi.execute(XmlToHtmlForAmendApi.java:32)
	at jp.go.jpo.sa1s99.common.format.integration.ExecuteXmlToHtmlForAmendApiByDirection.executeApi(ExecuteXmlToHtmlForAmendApiByDirection.java:26)
	at jp.go.jpo.sa1s99.common.format.integration.ExecuteXmlToHtmlForAmendApiByDirection.executeApi(ExecuteXmlToHtmlForAmendApiByDirection.java:13)
	at jp.go.jpo.sa1s99.common.format.integration.ExecuteApiByDirection.execute(ExecuteApiByDirection.java:28)
	at jp.go.jpo.sa1s99.common.format.integration.HtmlToXmlForAmendApiIntegrationTest.ファイル出力を比較する: #direction #parsedResult(HtmlToXmlForAmendApiIntegrationTest.groovy:29)
</failure>
  </testcase>
  <testcase name="ファイル出力を比較する: Direction{ s_InputDir: data/input/200808-4.7-S-H20-0012/200808-description-u, s_OutputDir: data/output/html_amend/200808-4.7-S-H20-0012/200808-description-u} null" classname="jp.go.jpo.sa1s99.common.format.integration.HtmlToXmlForAmendApiIntegrationTest" time="0.0">
    <failure message="java.lang.IllegalArgumentException: Not implemented yet" type="java.lang.IllegalArgumentException">java.lang.IllegalArgumentException: Not implemented yet
	at jp.go.jpo.sa1s99.common.format.api.XmlToHtmlForAmendApi.execute(XmlToHtmlForAmendApi.java:32)
	at jp.go.jpo.sa1s99.common.format.integration.ExecuteXmlToHtmlForAmendApiByDirection.executeApi(ExecuteXmlToHtmlForAmendApiByDirection.java:26)
	at jp.go.jpo.sa1s99.common.format.integration.ExecuteXmlToHtmlForAmendApiByDirection.executeApi(ExecuteXmlToHtmlForAmendApiByDirection.java:13)
	at jp.go.jpo.sa1s99.common.format.integration.ExecuteApiByDirection.execute(ExecuteApiByDirection.java:28)
	at jp.go.jpo.sa1s99.common.format.integration.HtmlToXmlForAmendApiIntegrationTest.ファイル出力を比較する: #direction #parsedResult(HtmlToXmlForAmendApiIntegrationTest.groovy:29)
</failure>
  </testcase>
  <testcase name="ファイル出力を比較する: Direction{ s_InputDir: data/input/200808-4.7-S-H20-0012/200808-a523-p, s_OutputDir: data/output/html_amend/200808-4.7-S-H20-0012/200808-a523-p} null" classname="jp.go.jpo.sa1s99.common.format.integration.HtmlToXmlForAmendApiIntegrationTest" time="0.0">
    <failure message="java.lang.IllegalArgumentException: Not implemented yet" type="java.lang.IllegalArgumentException">java.lang.IllegalArgumentException: Not implemented yet
	at jp.go.jpo.sa1s99.common.format.api.XmlToHtmlForAmendApi.execute(XmlToHtmlForAmendApi.java:32)
	at jp.go.jpo.sa1s99.common.format.integration.ExecuteXmlToHtmlForAmendApiByDirection.executeApi(ExecuteXmlToHtmlForAmendApiByDirection.java:26)
	at jp.go.jpo.sa1s99.common.format.integration.ExecuteXmlToHtmlForAmendApiByDirection.executeApi(ExecuteXmlToHtmlForAmendApiByDirection.java:13)
	at jp.go.jpo.sa1s99.common.format.integration.ExecuteApiByDirection.execute(ExecuteApiByDirection.java:28)
	at jp.go.jpo.sa1s99.common.format.integration.HtmlToXmlForAmendApiIntegrationTest.ファイル出力を比較する: #direction #parsedResult(HtmlToXmlForAmendApiIntegrationTest.groovy:29)
</failure>
  </testcase>
  <testcase name="ファイル出力を比較する: Direction{ s_InputDir: data/input/200808-4.7-S-H20-0012/200808-a523-u, s_OutputDir: data/output/html_amend/200808-4.7-S-H20-0012/200808-a523-u} null" classname="jp.go.jpo.sa1s99.common.format.integration.HtmlToXmlForAmendApiIntegrationTest" time="0.018">
    <failure message="java.lang.IllegalArgumentException: Not implemented yet" type="java.lang.IllegalArgumentException">java.lang.IllegalArgumentException: Not implemented yet
	at jp.go.jpo.sa1s99.common.format.api.XmlToHtmlForAmendApi.execute(XmlToHtmlForAmendApi.java:32)
	at jp.go.jpo.sa1s99.common.format.integration.ExecuteXmlToHtmlForAmendApiByDirection.executeApi(ExecuteXmlToHtmlForAmendApiByDirection.java:26)
	at jp.go.jpo.sa1s99.common.format.integration.ExecuteXmlToHtmlForAmendApiByDirection.executeApi(ExecuteXmlToHtmlForAmendApiByDirection.java:13)
	at jp.go.jpo.sa1s99.common.format.integration.ExecuteApiByDirection.execute(ExecuteApiByDirection.java:28)
	at jp.go.jpo.sa1s99.common.format.integration.HtmlToXmlForAmendApiIntegrationTest.ファイル出力を比較する: #direction #parsedResult(HtmlToXmlForAmendApiIntegrationTest.groovy:29)
</failure>
  </testcase>
  <testcase name="ファイル出力を比較する: Direction{ s_InputDir: data/input/200808-4.7-S-H20-0012/200808-a523-a523-p, s_OutputDir: data/output/html_amend/200808-4.7-S-H20-0012/200808-a523-a523-p} null" classname="jp.go.jpo.sa1s99.common.format.integration.HtmlToXmlForAmendApiIntegrationTest" time="0.004">
    <failure message="java.lang.IllegalArgumentException: Not implemented yet" type="java.lang.IllegalArgumentException">java.lang.IllegalArgumentException: Not implemented yet
	at jp.go.jpo.sa1s99.common.format.api.XmlToHtmlForAmendApi.execute(XmlToHtmlForAmendApi.java:32)
	at jp.go.jpo.sa1s99.common.format.integration.ExecuteXmlToHtmlForAmendApiByDirection.executeApi(ExecuteXmlToHtmlForAmendApiByDirection.java:26)
	at jp.go.jpo.sa1s99.common.format.integration.ExecuteXmlToHtmlForAmendApiByDirection.executeApi(ExecuteXmlToHtmlForAmendApiByDirection.java:13)
	at jp.go.jpo.sa1s99.common.format.integration.ExecuteApiByDirection.execute(ExecuteApiByDirection.java:28)
	at jp.go.jpo.sa1s99.common.format.integration.HtmlToXmlForAmendApiIntegrationTest.ファイル出力を比較する: #direction #parsedResult(HtmlToXmlForAmendApiIntegrationTest.groovy:29)
</failure>
  </testcase>
  <testcase name="ファイル出力を比較する: Direction{ s_InputDir: data/input/200808-4.7-S-H20-0012/200808-a523-a523-u, s_OutputDir: data/output/html_amend/200808-4.7-S-H20-0012/200808-a523-a523-u} null" classname="jp.go.jpo.sa1s99.common.format.integration.HtmlToXmlForAmendApiIntegrationTest" time="0.0">
    <failure message="java.lang.IllegalArgumentException: Not implemented yet" type="java.lang.IllegalArgumentException">java.lang.IllegalArgumentException: Not implemented yet
	at jp.go.jpo.sa1s99.common.format.api.XmlToHtmlForAmendApi.execute(XmlToHtmlForAmendApi.java:32)
	at jp.go.jpo.sa1s99.common.format.integration.ExecuteXmlToHtmlForAmendApiByDirection.executeApi(ExecuteXmlToHtmlForAmendApiByDirection.java:26)
	at jp.go.jpo.sa1s99.common.format.integration.ExecuteXmlToHtmlForAmendApiByDirection.executeApi(ExecuteXmlToHtmlForAmendApiByDirection.java:13)
	at jp.go.jpo.sa1s99.common.format.integration.ExecuteApiByDirection.execute(ExecuteApiByDirection.java:28)
	at jp.go.jpo.sa1s99.common.format.integration.HtmlToXmlForAmendApiIntegrationTest.ファイル出力を比較する: #direction #parsedResult(HtmlToXmlForAmendApiIntegrationTest.groovy:29)
</failure>
  </testcase>
  <testcase name="ファイル出力を比較する: Direction{ s_InputDir: data/input/200808-4.7-S-H20-0012/200808-aib31b1-p, s_OutputDir: data/output/html_amend/200808-4.7-S-H20-0012/200808-aib31b1-p} null" classname="jp.go.jpo.sa1s99.common.format.integration.HtmlToXmlForAmendApiIntegrationTest" time="0.0">
    <failure message="java.lang.IllegalArgumentException: Not implemented yet" type="java.lang.IllegalArgumentException">java.lang.IllegalArgumentException: Not implemented yet
	at jp.go.jpo.sa1s99.common.format.api.XmlToHtmlForAmendApi.execute(XmlToHtmlForAmendApi.java:32)
	at jp.go.jpo.sa1s99.common.format.integration.ExecuteXmlToHtmlForAmendApiByDirection.executeApi(ExecuteXmlToHtmlForAmendApiByDirection.java:26)
	at jp.go.jpo.sa1s99.common.format.integration.ExecuteXmlToHtmlForAmendApiByDirection.executeApi(ExecuteXmlToHtmlForAmendApiByDirection.java:13)
	at jp.go.jpo.sa1s99.common.format.integration.ExecuteApiByDirection.execute(ExecuteApiByDirection.java:28)
	at jp.go.jpo.sa1s99.common.format.integration.HtmlToXmlForAmendApiIntegrationTest.ファイル出力を比較する: #direction #parsedResult(HtmlToXmlForAmendApiIntegrationTest.groovy:29)
</failure>
  </testcase>
  <testcase name="ファイル出力を比較する: Direction{ s_InputDir: data/input/200808-4.7-S-H20-0012/200808-aib31b1-u, s_OutputDir: data/output/html_amend/200808-4.7-S-H20-0012/200808-aib31b1-u} null" classname="jp.go.jpo.sa1s99.common.format.integration.HtmlToXmlForAmendApiIntegrationTest" time="0.0">
    <failure message="java.lang.IllegalArgumentException: Not implemented yet" type="java.lang.IllegalArgumentException">java.lang.IllegalArgumentException: Not implemented yet
	at jp.go.jpo.sa1s99.common.format.api.XmlToHtmlForAmendApi.execute(XmlToHtmlForAmendApi.java:32)
	at jp.go.jpo.sa1s99.common.format.integration.ExecuteXmlToHtmlForAmendApiByDirection.executeApi(ExecuteXmlToHtmlForAmendApiByDirection.java:26)
	at jp.go.jpo.sa1s99.common.format.integration.ExecuteXmlToHtmlForAmendApiByDirection.executeApi(ExecuteXmlToHtmlForAmendApiByDirection.java:13)
	at jp.go.jpo.sa1s99.common.format.integration.ExecuteApiByDirection.execute(ExecuteApiByDirection.java:28)
	at jp.go.jpo.sa1s99.common.format.integration.HtmlToXmlForAmendApiIntegrationTest.ファイル出力を比較する: #direction #parsedResult(HtmlToXmlForAmendApiIntegrationTest.groovy:29)
</failure>
  </testcase>
  <testcase name="ファイル出力を比較する: Direction{ s_InputDir: data/input/200808-4.7-S-H20-0012/200808-aib31c1-p, s_OutputDir: data/output/html_amend/200808-4.7-S-H20-0012/200808-aib31c1-p} null" classname="jp.go.jpo.sa1s99.common.format.integration.HtmlToXmlForAmendApiIntegrationTest" time="0.016">
    <failure message="java.lang.IllegalArgumentException: Not implemented yet" type="java.lang.IllegalArgumentException">java.lang.IllegalArgumentException: Not implemented yet
	at jp.go.jpo.sa1s99.common.format.api.XmlToHtmlForAmendApi.execute(XmlToHtmlForAmendApi.java:32)
	at jp.go.jpo.sa1s99.common.format.integration.ExecuteXmlToHtmlForAmendApiByDirection.executeApi(ExecuteXmlToHtmlForAmendApiByDirection.java:26)
	at jp.go.jpo.sa1s99.common.format.integration.ExecuteXmlToHtmlForAmendApiByDirection.executeApi(ExecuteXmlToHtmlForAmendApiByDirection.java:13)
	at jp.go.jpo.sa1s99.common.format.integration.ExecuteApiByDirection.execute(ExecuteApiByDirection.java:28)
	at jp.go.jpo.sa1s99.common.format.integration.HtmlToXmlForAmendApiIntegrationTest.ファイル出力を比較する: #direction #parsedResult(HtmlToXmlForAmendApiIntegrationTest.groovy:29)
</failure>
  </testcase>
  <testcase name="ファイル出力を比較する: Direction{ s_InputDir: data/input/200808-4.7-S-H20-0012/200808-aib31c1-u, s_OutputDir: data/output/html_amend/200808-4.7-S-H20-0012/200808-aib31c1-u} null" classname="jp.go.jpo.sa1s99.common.format.integration.HtmlToXmlForAmendApiIntegrationTest" time="0.0">
    <failure message="java.lang.IllegalArgumentException: Not implemented yet" type="java.lang.IllegalArgumentException">java.lang.IllegalArgumentException: Not implemented yet
	at jp.go.jpo.sa1s99.common.format.api.XmlToHtmlForAmendApi.execute(XmlToHtmlForAmendApi.java:32)
	at jp.go.jpo.sa1s99.common.format.integration.ExecuteXmlToHtmlForAmendApiByDirection.executeApi(ExecuteXmlToHtmlForAmendApiByDirection.java:26)
	at jp.go.jpo.sa1s99.common.format.integration.ExecuteXmlToHtmlForAmendApiByDirection.executeApi(ExecuteXmlToHtmlForAmendApiByDirection.java:13)
	at jp.go.jpo.sa1s99.common.format.integration.ExecuteApiByDirection.execute(ExecuteApiByDirection.java:28)
	at jp.go.jpo.sa1s99.common.format.integration.HtmlToXmlForAmendApiIntegrationTest.ファイル出力を比較する: #direction #parsedResult(HtmlToXmlForAmendApiIntegrationTest.groovy:29)
</failure>
  </testcase>
  <testcase name="ファイル出力を比較する: Direction{ s_InputDir: data/input/20090909-4.9-S-H21-0010/pct-do-ib/aib501-p, s_OutputDir: data/output/html_amend/20090909-4.9-S-H21-0010/pct-do-ib/aib501-p} null" classname="jp.go.jpo.sa1s99.common.format.integration.HtmlToXmlForAmendApiIntegrationTest" time="0.0">
    <failure message="java.lang.IllegalArgumentException: Not implemented yet" type="java.lang.IllegalArgumentException">java.lang.IllegalArgumentException: Not implemented yet
	at jp.go.jpo.sa1s99.common.format.api.XmlToHtmlForAmendApi.execute(XmlToHtmlForAmendApi.java:32)
	at jp.go.jpo.sa1s99.common.format.integration.ExecuteXmlToHtmlForAmendApiByDirection.executeApi(ExecuteXmlToHtmlForAmendApiByDirection.java:26)
	at jp.go.jpo.sa1s99.common.format.integration.ExecuteXmlToHtmlForAmendApiByDirection.executeApi(ExecuteXmlToHtmlForAmendApiByDirection.java:13)
	at jp.go.jpo.sa1s99.common.format.integration.ExecuteApiByDirection.execute(ExecuteApiByDirection.java:28)
	at jp.go.jpo.sa1s99.common.format.integration.HtmlToXmlForAmendApiIntegrationTest.ファイル出力を比較する: #direction #parsedResult(HtmlToXmlForAmendApiIntegrationTest.groovy:29)
</failure>
  </testcase>
  <testcase name="ファイル出力を比較する: Direction{ s_InputDir: data/input/20090909-4.9-S-H21-0010/pct-do-ib/aib501-u, s_OutputDir: data/output/html_amend/20090909-4.9-S-H21-0010/pct-do-ib/aib501-u} null" classname="jp.go.jpo.sa1s99.common.format.integration.HtmlToXmlForAmendApiIntegrationTest" time="0.016">
    <failure message="java.lang.IllegalArgumentException: Not implemented yet" type="java.lang.IllegalArgumentException">java.lang.IllegalArgumentException: Not implemented yet
	at jp.go.jpo.sa1s99.common.format.api.XmlToHtmlForAmendApi.execute(XmlToHtmlForAmendApi.java:32)
	at jp.go.jpo.sa1s99.common.format.integration.ExecuteXmlToHtmlForAmendApiByDirection.executeApi(ExecuteXmlToHtmlForAmendApiByDirection.java:26)
	at jp.go.jpo.sa1s99.common.format.integration.ExecuteXmlToHtmlForAmendApiByDirection.executeApi(ExecuteXmlToHtmlForAmendApiByDirection.java:13)
	at jp.go.jpo.sa1s99.common.format.integration.ExecuteApiByDirection.execute(ExecuteApiByDirection.java:28)
	at jp.go.jpo.sa1s99.common.format.integration.HtmlToXmlForAmendApiIntegrationTest.ファイル出力を比較する: #direction #parsedResult(HtmlToXmlForAmendApiIntegrationTest.groovy:29)
</failure>
  </testcase>
  <testcase name="ファイル出力を比較する: Direction{ s_InputDir: data/input/20090909-4.9-S-H21-0010/pct-do-ib/aib502-p, s_OutputDir: data/output/html_amend/20090909-4.9-S-H21-0010/pct-do-ib/aib502-p} null" classname="jp.go.jpo.sa1s99.common.format.integration.HtmlToXmlForAmendApiIntegrationTest" time="0.0">
    <failure message="java.lang.IllegalArgumentException: Not implemented yet" type="java.lang.IllegalArgumentException">java.lang.IllegalArgumentException: Not implemented yet
	at jp.go.jpo.sa1s99.common.format.api.XmlToHtmlForAmendApi.execute(XmlToHtmlForAmendApi.java:32)
	at jp.go.jpo.sa1s99.common.format.integration.ExecuteXmlToHtmlForAmendApiByDirection.executeApi(ExecuteXmlToHtmlForAmendApiByDirection.java:26)
	at jp.go.jpo.sa1s99.common.format.integration.ExecuteXmlToHtmlForAmendApiByDirection.executeApi(ExecuteXmlToHtmlForAmendApiByDirection.java:13)
	at jp.go.jpo.sa1s99.common.format.integration.ExecuteApiByDirection.execute(ExecuteApiByDirection.java:28)
	at jp.go.jpo.sa1s99.common.format.integration.HtmlToXmlForAmendApiIntegrationTest.ファイル出力を比較する: #direction #parsedResult(HtmlToXmlForAmendApiIntegrationTest.groovy:29)
</failure>
  </testcase>
  <testcase name="ファイル出力を比較する: Direction{ s_InputDir: data/input/20090909-4.9-S-H21-0010/pct-do-ib/aib502-u, s_OutputDir: data/output/html_amend/20090909-4.9-S-H21-0010/pct-do-ib/aib502-u} null" classname="jp.go.jpo.sa1s99.common.format.integration.HtmlToXmlForAmendApiIntegrationTest" time="0.0">
    <failure message="java.lang.IllegalArgumentException: Not implemented yet" type="java.lang.IllegalArgumentException">java.lang.IllegalArgumentException: Not implemented yet
	at jp.go.jpo.sa1s99.common.format.api.XmlToHtmlForAmendApi.execute(XmlToHtmlForAmendApi.java:32)
	at jp.go.jpo.sa1s99.common.format.integration.ExecuteXmlToHtmlForAmendApiByDirection.executeApi(ExecuteXmlToHtmlForAmendApiByDirection.java:26)
	at jp.go.jpo.sa1s99.common.format.integration.ExecuteXmlToHtmlForAmendApiByDirection.executeApi(ExecuteXmlToHtmlForAmendApiByDirection.java:13)
	at jp.go.jpo.sa1s99.common.format.integration.ExecuteApiByDirection.execute(ExecuteApiByDirection.java:28)
	at jp.go.jpo.sa1s99.common.format.integration.HtmlToXmlForAmendApiIntegrationTest.ファイル出力を比較する: #direction #parsedResult(HtmlToXmlForAmendApiIntegrationTest.groovy:29)
</failure>
  </testcase>
  <testcase name="ファイル出力を比較する: Direction{ s_InputDir: data/input/20090909-4.9-S-H21-0010/pct-do-ib_atta/aib501-p, s_OutputDir: data/output/html_amend/20090909-4.9-S-H21-0010/pct-do-ib/aib501-p} null" classname="jp.go.jpo.sa1s99.common.format.integration.HtmlToXmlForAmendApiIntegrationTest" time="0.0">
    <failure message="java.lang.IllegalArgumentException: Not implemented yet" type="java.lang.IllegalArgumentException">java.lang.IllegalArgumentException: Not implemented yet
	at jp.go.jpo.sa1s99.common.format.api.XmlToHtmlForAmendApi.execute(XmlToHtmlForAmendApi.java:32)
	at jp.go.jpo.sa1s99.common.format.integration.ExecuteXmlToHtmlForAmendApiByDirection.executeApi(ExecuteXmlToHtmlForAmendApiByDirection.java:26)
	at jp.go.jpo.sa1s99.common.format.integration.ExecuteXmlToHtmlForAmendApiByDirection.executeApi(ExecuteXmlToHtmlForAmendApiByDirection.java:13)
	at jp.go.jpo.sa1s99.common.format.integration.ExecuteApiByDirection.execute(ExecuteApiByDirection.java:28)
	at jp.go.jpo.sa1s99.common.format.integration.HtmlToXmlForAmendApiIntegrationTest.ファイル出力を比較する: #direction #parsedResult(HtmlToXmlForAmendApiIntegrationTest.groovy:29)
</failure>
  </testcase>
  <testcase name="ファイル出力を比較する: Direction{ s_InputDir: data/input/20090909-4.9-S-H21-0010/pct-do-ib_atta/aib210-p, s_OutputDir: data/output/html_amend/20090909-4.9-S-H21-0010/pct-do-ib/aib210-p} null" classname="jp.go.jpo.sa1s99.common.format.integration.HtmlToXmlForAmendApiIntegrationTest" time="0.0">
    <failure message="java.lang.IllegalArgumentException: Not implemented yet" type="java.lang.IllegalArgumentException">java.lang.IllegalArgumentException: Not implemented yet
	at jp.go.jpo.sa1s99.common.format.api.XmlToHtmlForAmendApi.execute(XmlToHtmlForAmendApi.java:32)
	at jp.go.jpo.sa1s99.common.format.integration.ExecuteXmlToHtmlForAmendApiByDirection.executeApi(ExecuteXmlToHtmlForAmendApiByDirection.java:26)
	at jp.go.jpo.sa1s99.common.format.integration.ExecuteXmlToHtmlForAmendApiByDirection.executeApi(ExecuteXmlToHtmlForAmendApiByDirection.java:13)
	at jp.go.jpo.sa1s99.common.format.integration.ExecuteApiByDirection.execute(ExecuteApiByDirection.java:28)
	at jp.go.jpo.sa1s99.common.format.integration.HtmlToXmlForAmendApiIntegrationTest.ファイル出力を比較する: #direction #parsedResult(HtmlToXmlForAmendApiIntegrationTest.groovy:29)
</failure>
  </testcase>
  <testcase name="ファイル出力を比較する: Direction{ s_InputDir: data/input/20101207-5.0-S-H22-0021/character-test/application-body/code-test-0-ff-normal, s_OutputDir: data/output/html_amend/20101207-5.0-S-H22-0021/character-test/application-body/code-test-0-ff-normal} null" classname="jp.go.jpo.sa1s99.common.format.integration.HtmlToXmlForAmendApiIntegrationTest" time="0.021">
    <failure message="java.lang.IllegalArgumentException: Not implemented yet" type="java.lang.IllegalArgumentException">java.lang.IllegalArgumentException: Not implemented yet
	at jp.go.jpo.sa1s99.common.format.api.XmlToHtmlForAmendApi.execute(XmlToHtmlForAmendApi.java:32)
	at jp.go.jpo.sa1s99.common.format.integration.ExecuteXmlToHtmlForAmendApiByDirection.executeApi(ExecuteXmlToHtmlForAmendApiByDirection.java:26)
	at jp.go.jpo.sa1s99.common.format.integration.ExecuteXmlToHtmlForAmendApiByDirection.executeApi(ExecuteXmlToHtmlForAmendApiByDirection.java:13)
	at jp.go.jpo.sa1s99.common.format.integration.ExecuteApiByDirection.execute(ExecuteApiByDirection.java:28)
	at jp.go.jpo.sa1s99.common.format.integration.HtmlToXmlForAmendApiIntegrationTest.ファイル出力を比較する: #direction #parsedResult(HtmlToXmlForAmendApiIntegrationTest.groovy:29)
</failure>
  </testcase>
  <testcase name="ファイル出力を比較する: Direction{ s_InputDir: data/input/20101207-5.0-S-H22-0021/character-test/application-body/code-test-00, s_OutputDir: data/output/html_amend/20101207-5.0-S-H22-0021/character-test/application-body/code-test-00} null" classname="jp.go.jpo.sa1s99.common.format.integration.HtmlToXmlForAmendApiIntegrationTest" time="0.006">
    <failure message="java.lang.IllegalArgumentException: Not implemented yet" type="java.lang.IllegalArgumentException">java.lang.IllegalArgumentException: Not implemented yet
	at jp.go.jpo.sa1s99.common.format.api.XmlToHtmlForAmendApi.execute(XmlToHtmlForAmendApi.java:32)
	at jp.go.jpo.sa1s99.common.format.integration.ExecuteXmlToHtmlForAmendApiByDirection.executeApi(ExecuteXmlToHtmlForAmendApiByDirection.java:26)
	at jp.go.jpo.sa1s99.common.format.integration.ExecuteXmlToHtmlForAmendApiByDirection.executeApi(ExecuteXmlToHtmlForAmendApiByDirection.java:13)
	at jp.go.jpo.sa1s99.common.format.integration.ExecuteApiByDirection.execute(ExecuteApiByDirection.java:28)
	at jp.go.jpo.sa1s99.common.format.integration.HtmlToXmlForAmendApiIntegrationTest.ファイル出力を比較する: #direction #parsedResult(HtmlToXmlForAmendApiIntegrationTest.groovy:29)
</failure>
  </testcase>
  <testcase name="ファイル出力を比較する: Direction{ s_InputDir: data/input/20101207-5.0-S-H22-0021/character-test/application-body/code-test-01, s_OutputDir: data/output/html_amend/20101207-5.0-S-H22-0021/character-test/application-body/code-test-01} null" classname="jp.go.jpo.sa1s99.common.format.integration.HtmlToXmlForAmendApiIntegrationTest" time="0.004">
    <failure message="java.lang.IllegalArgumentException: Not implemented yet" type="java.lang.IllegalArgumentException">java.lang.IllegalArgumentException: Not implemented yet
	at jp.go.jpo.sa1s99.common.format.api.XmlToHtmlForAmendApi.execute(XmlToHtmlForAmendApi.java:32)
	at jp.go.jpo.sa1s99.common.format.integration.ExecuteXmlToHtmlForAmendApiByDirection.executeApi(ExecuteXmlToHtmlForAmendApiByDirection.java:26)
	at jp.go.jpo.sa1s99.common.format.integration.ExecuteXmlToHtmlForAmendApiByDirection.executeApi(ExecuteXmlToHtmlForAmendApiByDirection.java:13)
	at jp.go.jpo.sa1s99.common.format.integration.ExecuteApiByDirection.execute(ExecuteApiByDirection.java:28)
	at jp.go.jpo.sa1s99.common.format.integration.HtmlToXmlForAmendApiIntegrationTest.ファイル出力を比較する: #direction #parsedResult(HtmlToXmlForAmendApiIntegrationTest.groovy:29)
</failure>
  </testcase>
  <testcase name="ファイル出力を比較する: Direction{ s_InputDir: data/input/20101207-5.0-S-H22-0021/character-test/application-body/code-test-02, s_OutputDir: data/output/html_amend/20101207-5.0-S-H22-0021/character-test/application-body/code-test-02} null" classname="jp.go.jpo.sa1s99.common.format.integration.HtmlToXmlForAmendApiIntegrationTest" time="0.005">
    <failure message="java.lang.IllegalArgumentException: Not implemented yet" type="java.lang.IllegalArgumentException">java.lang.IllegalArgumentException: Not implemented yet
	at jp.go.jpo.sa1s99.common.format.api.XmlToHtmlForAmendApi.execute(XmlToHtmlForAmendApi.java:32)
	at jp.go.jpo.sa1s99.common.format.integration.ExecuteXmlToHtmlForAmendApiByDirection.executeApi(ExecuteXmlToHtmlForAmendApiByDirection.java:26)
	at jp.go.jpo.sa1s99.common.format.integration.ExecuteXmlToHtmlForAmendApiByDirection.executeApi(ExecuteXmlToHtmlForAmendApiByDirection.java:13)
	at jp.go.jpo.sa1s99.common.format.integration.ExecuteApiByDirection.execute(ExecuteApiByDirection.java:28)
	at jp.go.jpo.sa1s99.common.format.integration.HtmlToXmlForAmendApiIntegrationTest.ファイル出力を比較する: #direction #parsedResult(HtmlToXmlForAmendApiIntegrationTest.groovy:29)
</failure>
  </testcase>
  <testcase name="ファイル出力を比較する: Direction{ s_InputDir: data/input/20101207-5.0-S-H22-0021/character-test/application-body/code-test-03, s_OutputDir: data/output/html_amend/20101207-5.0-S-H22-0021/character-test/application-body/code-test-03} null" classname="jp.go.jpo.sa1s99.common.format.integration.HtmlToXmlForAmendApiIntegrationTest" time="0.005">
    <failure message="java.lang.IllegalArgumentException: Not implemented yet" type="java.lang.IllegalArgumentException">java.lang.IllegalArgumentException: Not implemented yet
	at jp.go.jpo.sa1s99.common.format.api.XmlToHtmlForAmendApi.execute(XmlToHtmlForAmendApi.java:32)
	at jp.go.jpo.sa1s99.common.format.integration.ExecuteXmlToHtmlForAmendApiByDirection.executeApi(ExecuteXmlToHtmlForAmendApiByDirection.java:26)
	at jp.go.jpo.sa1s99.common.format.integration.ExecuteXmlToHtmlForAmendApiByDirection.executeApi(ExecuteXmlToHtmlForAmendApiByDirection.java:13)
	at jp.go.jpo.sa1s99.common.format.integration.ExecuteApiByDirection.execute(ExecuteApiByDirection.java:28)
	at jp.go.jpo.sa1s99.common.format.integration.HtmlToXmlForAmendApiIntegrationTest.ファイル出力を比較する: #direction #parsedResult(HtmlToXmlForAmendApiIntegrationTest.groovy:29)
</failure>
  </testcase>
  <testcase name="ファイル出力を比較する: Direction{ s_InputDir: data/input/20101207-5.0-S-H22-0021/character-test/application-body/code-test-04, s_OutputDir: data/output/html_amend/20101207-5.0-S-H22-0021/character-test/application-body/code-test-04} null" classname="jp.go.jpo.sa1s99.common.format.integration.HtmlToXmlForAmendApiIntegrationTest" time="0.005">
    <failure message="java.lang.IllegalArgumentException: Not implemented yet" type="java.lang.IllegalArgumentException">java.lang.IllegalArgumentException: Not implemented yet
	at jp.go.jpo.sa1s99.common.format.api.XmlToHtmlForAmendApi.execute(XmlToHtmlForAmendApi.java:32)
	at jp.go.jpo.sa1s99.common.format.integration.ExecuteXmlToHtmlForAmendApiByDirection.executeApi(ExecuteXmlToHtmlForAmendApiByDirection.java:26)
	at jp.go.jpo.sa1s99.common.format.integration.ExecuteXmlToHtmlForAmendApiByDirection.executeApi(ExecuteXmlToHtmlForAmendApiByDirection.java:13)
	at jp.go.jpo.sa1s99.common.format.integration.ExecuteApiByDirection.execute(ExecuteApiByDirection.java:28)
	at jp.go.jpo.sa1s99.common.format.integration.HtmlToXmlForAmendApiIntegrationTest.ファイル出力を比較する: #direction #parsedResult(HtmlToXmlForAmendApiIntegrationTest.groovy:29)
</failure>
  </testcase>
  <testcase name="ファイル出力を比較する: Direction{ s_InputDir: data/input/20101207-5.0-S-H22-0021/character-test/application-body/code-test-05, s_OutputDir: data/output/html_amend/20101207-5.0-S-H22-0021/character-test/application-body/code-test-05} null" classname="jp.go.jpo.sa1s99.common.format.integration.HtmlToXmlForAmendApiIntegrationTest" time="0.004">
    <failure message="java.lang.IllegalArgumentException: Not implemented yet" type="java.lang.IllegalArgumentException">java.lang.IllegalArgumentException: Not implemented yet
	at jp.go.jpo.sa1s99.common.format.api.XmlToHtmlForAmendApi.execute(XmlToHtmlForAmendApi.java:32)
	at jp.go.jpo.sa1s99.common.format.integration.ExecuteXmlToHtmlForAmendApiByDirection.executeApi(ExecuteXmlToHtmlForAmendApiByDirection.java:26)
	at jp.go.jpo.sa1s99.common.format.integration.ExecuteXmlToHtmlForAmendApiByDirection.executeApi(ExecuteXmlToHtmlForAmendApiByDirection.java:13)
	at jp.go.jpo.sa1s99.common.format.integration.ExecuteApiByDirection.execute(ExecuteApiByDirection.java:28)
	at jp.go.jpo.sa1s99.common.format.integration.HtmlToXmlForAmendApiIntegrationTest.ファイル出力を比較する: #direction #parsedResult(HtmlToXmlForAmendApiIntegrationTest.groovy:29)
</failure>
  </testcase>
  <testcase name="ファイル出力を比較する: Direction{ s_InputDir: data/input/20101207-5.0-S-H22-0021/character-test/application-body/code-test-06, s_OutputDir: data/output/html_amend/20101207-5.0-S-H22-0021/character-test/application-body/code-test-06} null" classname="jp.go.jpo.sa1s99.common.format.integration.HtmlToXmlForAmendApiIntegrationTest" time="0.004">
    <failure message="java.lang.IllegalArgumentException: Not implemented yet" type="java.lang.IllegalArgumentException">java.lang.IllegalArgumentException: Not implemented yet
	at jp.go.jpo.sa1s99.common.format.api.XmlToHtmlForAmendApi.execute(XmlToHtmlForAmendApi.java:32)
	at jp.go.jpo.sa1s99.common.format.integration.ExecuteXmlToHtmlForAmendApiByDirection.executeApi(ExecuteXmlToHtmlForAmendApiByDirection.java:26)
	at jp.go.jpo.sa1s99.common.format.integration.ExecuteXmlToHtmlForAmendApiByDirection.executeApi(ExecuteXmlToHtmlForAmendApiByDirection.java:13)
	at jp.go.jpo.sa1s99.common.format.integration.ExecuteApiByDirection.execute(ExecuteApiByDirection.java:28)
	at jp.go.jpo.sa1s99.common.format.integration.HtmlToXmlForAmendApiIntegrationTest.ファイル出力を比較する: #direction #parsedResult(HtmlToXmlForAmendApiIntegrationTest.groovy:29)
</failure>
  </testcase>
  <testcase name="ファイル出力を比較する: Direction{ s_InputDir: data/input/20101207-5.0-S-H22-0021/character-test/application-body/code-test-07, s_OutputDir: data/output/html_amend/20101207-5.0-S-H22-0021/character-test/application-body/code-test-07} null" classname="jp.go.jpo.sa1s99.common.format.integration.HtmlToXmlForAmendApiIntegrationTest" time="0.005">
    <failure message="java.lang.IllegalArgumentException: Not implemented yet" type="java.lang.IllegalArgumentException">java.lang.IllegalArgumentException: Not implemented yet
	at jp.go.jpo.sa1s99.common.format.api.XmlToHtmlForAmendApi.execute(XmlToHtmlForAmendApi.java:32)
	at jp.go.jpo.sa1s99.common.format.integration.ExecuteXmlToHtmlForAmendApiByDirection.executeApi(ExecuteXmlToHtmlForAmendApiByDirection.java:26)
	at jp.go.jpo.sa1s99.common.format.integration.ExecuteXmlToHtmlForAmendApiByDirection.executeApi(ExecuteXmlToHtmlForAmendApiByDirection.java:13)
	at jp.go.jpo.sa1s99.common.format.integration.ExecuteApiByDirection.execute(ExecuteApiByDirection.java:28)
	at jp.go.jpo.sa1s99.common.format.integration.HtmlToXmlForAmendApiIntegrationTest.ファイル出力を比較する: #direction #parsedResult(HtmlToXmlForAmendApiIntegrationTest.groovy:29)
</failure>
  </testcase>
  <testcase name="ファイル出力を比較する: Direction{ s_InputDir: data/input/20101207-5.0-S-H22-0021/character-test/application-body/code-test-08, s_OutputDir: data/output/html_amend/20101207-5.0-S-H22-0021/character-test/application-body/code-test-08} null" classname="jp.go.jpo.sa1s99.common.format.integration.HtmlToXmlForAmendApiIntegrationTest" time="0.004">
    <failure message="java.lang.IllegalArgumentException: Not implemented yet" type="java.lang.IllegalArgumentException">java.lang.IllegalArgumentException: Not implemented yet
	at jp.go.jpo.sa1s99.common.format.api.XmlToHtmlForAmendApi.execute(XmlToHtmlForAmendApi.java:32)
	at jp.go.jpo.sa1s99.common.format.integration.ExecuteXmlToHtmlForAmendApiByDirection.executeApi(ExecuteXmlToHtmlForAmendApiByDirection.java:26)
	at jp.go.jpo.sa1s99.common.format.integration.ExecuteXmlToHtmlForAmendApiByDirection.executeApi(ExecuteXmlToHtmlForAmendApiByDirection.java:13)
	at jp.go.jpo.sa1s99.common.format.integration.ExecuteApiByDirection.execute(ExecuteApiByDirection.java:28)
	at jp.go.jpo.sa1s99.common.format.integration.HtmlToXmlForAmendApiIntegrationTest.ファイル出力を比較する: #direction #parsedResult(HtmlToXmlForAmendApiIntegrationTest.groovy:29)
</failure>
  </testcase>
  <testcase name="ファイル出力を比較する: Direction{ s_InputDir: data/input/20101207-5.0-S-H22-0021/character-test/application-body/code-test-09, s_OutputDir: data/output/html_amend/20101207-5.0-S-H22-0021/character-test/application-body/code-test-09} null" classname="jp.go.jpo.sa1s99.common.format.integration.HtmlToXmlForAmendApiIntegrationTest" time="0.005">
    <failure message="java.lang.IllegalArgumentException: Not implemented yet" type="java.lang.IllegalArgumentException">java.lang.IllegalArgumentException: Not implemented yet
	at jp.go.jpo.sa1s99.common.format.api.XmlToHtmlForAmendApi.execute(XmlToHtmlForAmendApi.java:32)
	at jp.go.jpo.sa1s99.common.format.integration.ExecuteXmlToHtmlForAmendApiByDirection.executeApi(ExecuteXmlToHtmlForAmendApiByDirection.java:26)
	at jp.go.jpo.sa1s99.common.format.integration.ExecuteXmlToHtmlForAmendApiByDirection.executeApi(ExecuteXmlToHtmlForAmendApiByDirection.java:13)
	at jp.go.jpo.sa1s99.common.format.integration.ExecuteApiByDirection.execute(ExecuteApiByDirection.java:28)
	at jp.go.jpo.sa1s99.common.format.integration.HtmlToXmlForAmendApiIntegrationTest.ファイル出力を比較する: #direction #parsedResult(HtmlToXmlForAmendApiIntegrationTest.groovy:29)
</failure>
  </testcase>
  <testcase name="ファイル出力を比較する: Direction{ s_InputDir: data/input/20101207-5.0-S-H22-0021/character-test/application-body/code-test-0A, s_OutputDir: data/output/html_amend/20101207-5.0-S-H22-0021/character-test/application-body/code-test-0A} null" classname="jp.go.jpo.sa1s99.common.format.integration.HtmlToXmlForAmendApiIntegrationTest" time="0.004">
    <failure message="java.lang.IllegalArgumentException: Not implemented yet" type="java.lang.IllegalArgumentException">java.lang.IllegalArgumentException: Not implemented yet
	at jp.go.jpo.sa1s99.common.format.api.XmlToHtmlForAmendApi.execute(XmlToHtmlForAmendApi.java:32)
	at jp.go.jpo.sa1s99.common.format.integration.ExecuteXmlToHtmlForAmendApiByDirection.executeApi(ExecuteXmlToHtmlForAmendApiByDirection.java:26)
	at jp.go.jpo.sa1s99.common.format.integration.ExecuteXmlToHtmlForAmendApiByDirection.executeApi(ExecuteXmlToHtmlForAmendApiByDirection.java:13)
	at jp.go.jpo.sa1s99.common.format.integration.ExecuteApiByDirection.execute(ExecuteApiByDirection.java:28)
	at jp.go.jpo.sa1s99.common.format.integration.HtmlToXmlForAmendApiIntegrationTest.ファイル出力を比較する: #direction #parsedResult(HtmlToXmlForAmendApiIntegrationTest.groovy:29)
</failure>
  </testcase>
  <testcase name="ファイル出力を比較する: Direction{ s_InputDir: data/input/20101207-5.0-S-H22-0021/character-test/application-body/code-test-0B, s_OutputDir: data/output/html_amend/20101207-5.0-S-H22-0021/character-test/application-body/code-test-0B} null" classname="jp.go.jpo.sa1s99.common.format.integration.HtmlToXmlForAmendApiIntegrationTest" time="0.005">
    <failure message="java.lang.IllegalArgumentException: Not implemented yet" type="java.lang.IllegalArgumentException">java.lang.IllegalArgumentException: Not implemented yet
	at jp.go.jpo.sa1s99.common.format.api.XmlToHtmlForAmendApi.execute(XmlToHtmlForAmendApi.java:32)
	at jp.go.jpo.sa1s99.common.format.integration.ExecuteXmlToHtmlForAmendApiByDirection.executeApi(ExecuteXmlToHtmlForAmendApiByDirection.java:26)
	at jp.go.jpo.sa1s99.common.format.integration.ExecuteXmlToHtmlForAmendApiByDirection.executeApi(ExecuteXmlToHtmlForAmendApiByDirection.java:13)
	at jp.go.jpo.sa1s99.common.format.integration.ExecuteApiByDirection.execute(ExecuteApiByDirection.java:28)
	at jp.go.jpo.sa1s99.common.format.integration.HtmlToXmlForAmendApiIntegrationTest.ファイル出力を比較する: #direction #parsedResult(HtmlToXmlForAmendApiIntegrationTest.groovy:29)
</failure>
  </testcase>
  <testcase name="ファイル出力を比較する: Direction{ s_InputDir: data/input/20101207-5.0-S-H22-0021/character-test/application-body/code-test-0C, s_OutputDir: data/output/html_amend/20101207-5.0-S-H22-0021/character-test/application-body/code-test-0C} null" classname="jp.go.jpo.sa1s99.common.format.integration.HtmlToXmlForAmendApiIntegrationTest" time="0.004">
    <failure message="java.lang.IllegalArgumentException: Not implemented yet" type="java.lang.IllegalArgumentException">java.lang.IllegalArgumentException: Not implemented yet
	at jp.go.jpo.sa1s99.common.format.api.XmlToHtmlForAmendApi.execute(XmlToHtmlForAmendApi.java:32)
	at jp.go.jpo.sa1s99.common.format.integration.ExecuteXmlToHtmlForAmendApiByDirection.executeApi(ExecuteXmlToHtmlForAmendApiByDirection.java:26)
	at jp.go.jpo.sa1s99.common.format.integration.ExecuteXmlToHtmlForAmendApiByDirection.executeApi(ExecuteXmlToHtmlForAmendApiByDirection.java:13)
	at jp.go.jpo.sa1s99.common.format.integration.ExecuteApiByDirection.execute(ExecuteApiByDirection.java:28)
	at jp.go.jpo.sa1s99.common.format.integration.HtmlToXmlForAmendApiIntegrationTest.ファイル出力を比較する: #direction #parsedResult(HtmlToXmlForAmendApiIntegrationTest.groovy:29)
</failure>
  </testcase>
  <testcase name="ファイル出力を比較する: Direction{ s_InputDir: data/input/20101207-5.0-S-H22-0021/character-test/application-body/code-test-0D, s_OutputDir: data/output/html_amend/20101207-5.0-S-H22-0021/character-test/application-body/code-test-0D} null" classname="jp.go.jpo.sa1s99.common.format.integration.HtmlToXmlForAmendApiIntegrationTest" time="0.005">
    <failure message="java.lang.IllegalArgumentException: Not implemented yet" type="java.lang.IllegalArgumentException">java.lang.IllegalArgumentException: Not implemented yet
	at jp.go.jpo.sa1s99.common.format.api.XmlToHtmlForAmendApi.execute(XmlToHtmlForAmendApi.java:32)
	at jp.go.jpo.sa1s99.common.format.integration.ExecuteXmlToHtmlForAmendApiByDirection.executeApi(ExecuteXmlToHtmlForAmendApiByDirection.java:26)
	at jp.go.jpo.sa1s99.common.format.integration.ExecuteXmlToHtmlForAmendApiByDirection.executeApi(ExecuteXmlToHtmlForAmendApiByDirection.java:13)
	at jp.go.jpo.sa1s99.common.format.integration.ExecuteApiByDirection.execute(ExecuteApiByDirection.java:28)
	at jp.go.jpo.sa1s99.common.format.integration.HtmlToXmlForAmendApiIntegrationTest.ファイル出力を比較する: #direction #parsedResult(HtmlToXmlForAmendApiIntegrationTest.groovy:29)
</failure>
  </testcase>
  <testcase name="ファイル出力を比較する: Direction{ s_InputDir: data/input/20101207-5.0-S-H22-0021/character-test/application-body/code-test-0E, s_OutputDir: data/output/html_amend/20101207-5.0-S-H22-0021/character-test/application-body/code-test-0E} null" classname="jp.go.jpo.sa1s99.common.format.integration.HtmlToXmlForAmendApiIntegrationTest" time="0.005">
    <failure message="java.lang.IllegalArgumentException: Not implemented yet" type="java.lang.IllegalArgumentException">java.lang.IllegalArgumentException: Not implemented yet
	at jp.go.jpo.sa1s99.common.format.api.XmlToHtmlForAmendApi.execute(XmlToHtmlForAmendApi.java:32)
	at jp.go.jpo.sa1s99.common.format.integration.ExecuteXmlToHtmlForAmendApiByDirection.executeApi(ExecuteXmlToHtmlForAmendApiByDirection.java:26)
	at jp.go.jpo.sa1s99.common.format.integration.ExecuteXmlToHtmlForAmendApiByDirection.executeApi(ExecuteXmlToHtmlForAmendApiByDirection.java:13)
	at jp.go.jpo.sa1s99.common.format.integration.ExecuteApiByDirection.execute(ExecuteApiByDirection.java:28)
	at jp.go.jpo.sa1s99.common.format.integration.HtmlToXmlForAmendApiIntegrationTest.ファイル出力を比較する: #direction #parsedResult(HtmlToXmlForAmendApiIntegrationTest.groovy:29)
</failure>
  </testcase>
  <testcase name="ファイル出力を比較する: Direction{ s_InputDir: data/input/20101207-5.0-S-H22-0021/character-test/application-body/code-test-0F, s_OutputDir: data/output/html_amend/20101207-5.0-S-H22-0021/character-test/application-body/code-test-0F} null" classname="jp.go.jpo.sa1s99.common.format.integration.HtmlToXmlForAmendApiIntegrationTest" time="0.004">
    <failure message="java.lang.IllegalArgumentException: Not implemented yet" type="java.lang.IllegalArgumentException">java.lang.IllegalArgumentException: Not implemented yet
	at jp.go.jpo.sa1s99.common.format.api.XmlToHtmlForAmendApi.execute(XmlToHtmlForAmendApi.java:32)
	at jp.go.jpo.sa1s99.common.format.integration.ExecuteXmlToHtmlForAmendApiByDirection.executeApi(ExecuteXmlToHtmlForAmendApiByDirection.java:26)
	at jp.go.jpo.sa1s99.common.format.integration.ExecuteXmlToHtmlForAmendApiByDirection.executeApi(ExecuteXmlToHtmlForAmendApiByDirection.java:13)
	at jp.go.jpo.sa1s99.common.format.integration.ExecuteApiByDirection.execute(ExecuteApiByDirection.java:28)
	at jp.go.jpo.sa1s99.common.format.integration.HtmlToXmlForAmendApiIntegrationTest.ファイル出力を比較する: #direction #parsedResult(HtmlToXmlForAmendApiIntegrationTest.groovy:29)
</failure>
  </testcase>
  <testcase name="ファイル出力を比較する: Direction{ s_InputDir: data/input/20101207-5.0-S-H22-0021/character-test/application-body/code-test-10, s_OutputDir: data/output/html_amend/20101207-5.0-S-H22-0021/character-test/application-body/code-test-10} null" classname="jp.go.jpo.sa1s99.common.format.integration.HtmlToXmlForAmendApiIntegrationTest" time="0.005">
    <failure message="java.lang.IllegalArgumentException: Not implemented yet" type="java.lang.IllegalArgumentException">java.lang.IllegalArgumentException: Not implemented yet
	at jp.go.jpo.sa1s99.common.format.api.XmlToHtmlForAmendApi.execute(XmlToHtmlForAmendApi.java:32)
	at jp.go.jpo.sa1s99.common.format.integration.ExecuteXmlToHtmlForAmendApiByDirection.executeApi(ExecuteXmlToHtmlForAmendApiByDirection.java:26)
	at jp.go.jpo.sa1s99.common.format.integration.ExecuteXmlToHtmlForAmendApiByDirection.executeApi(ExecuteXmlToHtmlForAmendApiByDirection.java:13)
	at jp.go.jpo.sa1s99.common.format.integration.ExecuteApiByDirection.execute(ExecuteApiByDirection.java:28)
	at jp.go.jpo.sa1s99.common.format.integration.HtmlToXmlForAmendApiIntegrationTest.ファイル出力を比較する: #direction #parsedResult(HtmlToXmlForAmendApiIntegrationTest.groovy:29)
</failure>
  </testcase>
  <testcase name="ファイル出力を比較する: Direction{ s_InputDir: data/input/20101207-5.0-S-H22-0021/character-test/application-body/code-test-11, s_OutputDir: data/output/html_amend/20101207-5.0-S-H22-0021/character-test/application-body/code-test-11} null" classname="jp.go.jpo.sa1s99.common.format.integration.HtmlToXmlForAmendApiIntegrationTest" time="0.0">
    <failure message="java.lang.IllegalArgumentException: Not implemented yet" type="java.lang.IllegalArgumentException">java.lang.IllegalArgumentException: Not implemented yet
	at jp.go.jpo.sa1s99.common.format.api.XmlToHtmlForAmendApi.execute(XmlToHtmlForAmendApi.java:32)
	at jp.go.jpo.sa1s99.common.format.integration.ExecuteXmlToHtmlForAmendApiByDirection.executeApi(ExecuteXmlToHtmlForAmendApiByDirection.java:26)
	at jp.go.jpo.sa1s99.common.format.integration.ExecuteXmlToHtmlForAmendApiByDirection.executeApi(ExecuteXmlToHtmlForAmendApiByDirection.java:13)
	at jp.go.jpo.sa1s99.common.format.integration.ExecuteApiByDirection.execute(ExecuteApiByDirection.java:28)
	at jp.go.jpo.sa1s99.common.format.integration.HtmlToXmlForAmendApiIntegrationTest.ファイル出力を比較する: #direction #parsedResult(HtmlToXmlForAmendApiIntegrationTest.groovy:29)
</failure>
  </testcase>
  <testcase name="ファイル出力を比較する: Direction{ s_InputDir: data/input/20101207-5.0-S-H22-0021/character-test/application-body/code-test-12, s_OutputDir: data/output/html_amend/20101207-5.0-S-H22-0021/character-test/application-body/code-test-12} null" classname="jp.go.jpo.sa1s99.common.format.integration.HtmlToXmlForAmendApiIntegrationTest" time="0.0">
    <failure message="java.lang.IllegalArgumentException: Not implemented yet" type="java.lang.IllegalArgumentException">java.lang.IllegalArgumentException: Not implemented yet
	at jp.go.jpo.sa1s99.common.format.api.XmlToHtmlForAmendApi.execute(XmlToHtmlForAmendApi.java:32)
	at jp.go.jpo.sa1s99.common.format.integration.ExecuteXmlToHtmlForAmendApiByDirection.executeApi(ExecuteXmlToHtmlForAmendApiByDirection.java:26)
	at jp.go.jpo.sa1s99.common.format.integration.ExecuteXmlToHtmlForAmendApiByDirection.executeApi(ExecuteXmlToHtmlForAmendApiByDirection.java:13)
	at jp.go.jpo.sa1s99.common.format.integration.ExecuteApiByDirection.execute(ExecuteApiByDirection.java:28)
	at jp.go.jpo.sa1s99.common.format.integration.HtmlToXmlForAmendApiIntegrationTest.ファイル出力を比較する: #direction #parsedResult(HtmlToXmlForAmendApiIntegrationTest.groovy:29)
</failure>
  </testcase>
  <testcase name="ファイル出力を比較する: Direction{ s_InputDir: data/input/20101207-5.0-S-H22-0021/character-test/application-body/code-test-13, s_OutputDir: data/output/html_amend/20101207-5.0-S-H22-0021/character-test/application-body/code-test-13} null" classname="jp.go.jpo.sa1s99.common.format.integration.HtmlToXmlForAmendApiIntegrationTest" time="0.0">
    <failure message="java.lang.IllegalArgumentException: Not implemented yet" type="java.lang.IllegalArgumentException">java.lang.IllegalArgumentException: Not implemented yet
	at jp.go.jpo.sa1s99.common.format.api.XmlToHtmlForAmendApi.execute(XmlToHtmlForAmendApi.java:32)
	at jp.go.jpo.sa1s99.common.format.integration.ExecuteXmlToHtmlForAmendApiByDirection.executeApi(ExecuteXmlToHtmlForAmendApiByDirection.java:26)
	at jp.go.jpo.sa1s99.common.format.integration.ExecuteXmlToHtmlForAmendApiByDirection.executeApi(ExecuteXmlToHtmlForAmendApiByDirection.java:13)
	at jp.go.jpo.sa1s99.common.format.integration.ExecuteApiByDirection.execute(ExecuteApiByDirection.java:28)
	at jp.go.jpo.sa1s99.common.format.integration.HtmlToXmlForAmendApiIntegrationTest.ファイル出力を比較する: #direction #parsedResult(HtmlToXmlForAmendApiIntegrationTest.groovy:29)
</failure>
  </testcase>
  <testcase name="ファイル出力を比較する: Direction{ s_InputDir: data/input/20101207-5.0-S-H22-0021/character-test/application-body/code-test-14, s_OutputDir: data/output/html_amend/20101207-5.0-S-H22-0021/character-test/application-body/code-test-14} null" classname="jp.go.jpo.sa1s99.common.format.integration.HtmlToXmlForAmendApiIntegrationTest" time="0.015">
    <failure message="java.lang.IllegalArgumentException: Not implemented yet" type="java.lang.IllegalArgumentException">java.lang.IllegalArgumentException: Not implemented yet
	at jp.go.jpo.sa1s99.common.format.api.XmlToHtmlForAmendApi.execute(XmlToHtmlForAmendApi.java:32)
	at jp.go.jpo.sa1s99.common.format.integration.ExecuteXmlToHtmlForAmendApiByDirection.executeApi(ExecuteXmlToHtmlForAmendApiByDirection.java:26)
	at jp.go.jpo.sa1s99.common.format.integration.ExecuteXmlToHtmlForAmendApiByDirection.executeApi(ExecuteXmlToHtmlForAmendApiByDirection.java:13)
	at jp.go.jpo.sa1s99.common.format.integration.ExecuteApiByDirection.execute(ExecuteApiByDirection.java:28)
	at jp.go.jpo.sa1s99.common.format.integration.HtmlToXmlForAmendApiIntegrationTest.ファイル出力を比較する: #direction #parsedResult(HtmlToXmlForAmendApiIntegrationTest.groovy:29)
</failure>
  </testcase>
  <testcase name="ファイル出力を比較する: Direction{ s_InputDir: data/input/20101207-5.0-S-H22-0021/character-test/application-body/code-test-15, s_OutputDir: data/output/html_amend/20101207-5.0-S-H22-0021/character-test/application-body/code-test-15} null" classname="jp.go.jpo.sa1s99.common.format.integration.HtmlToXmlForAmendApiIntegrationTest" time="0.0">
    <failure message="java.lang.IllegalArgumentException: Not implemented yet" type="java.lang.IllegalArgumentException">java.lang.IllegalArgumentException: Not implemented yet
	at jp.go.jpo.sa1s99.common.format.api.XmlToHtmlForAmendApi.execute(XmlToHtmlForAmendApi.java:32)
	at jp.go.jpo.sa1s99.common.format.integration.ExecuteXmlToHtmlForAmendApiByDirection.executeApi(ExecuteXmlToHtmlForAmendApiByDirection.java:26)
	at jp.go.jpo.sa1s99.common.format.integration.ExecuteXmlToHtmlForAmendApiByDirection.executeApi(ExecuteXmlToHtmlForAmendApiByDirection.java:13)
	at jp.go.jpo.sa1s99.common.format.integration.ExecuteApiByDirection.execute(ExecuteApiByDirection.java:28)
	at jp.go.jpo.sa1s99.common.format.integration.HtmlToXmlForAmendApiIntegrationTest.ファイル出力を比較する: #direction #parsedResult(HtmlToXmlForAmendApiIntegrationTest.groovy:29)
</failure>
  </testcase>
  <testcase name="ファイル出力を比較する: Direction{ s_InputDir: data/input/20101207-5.0-S-H22-0021/character-test/application-body/code-test-16, s_OutputDir: data/output/html_amend/20101207-5.0-S-H22-0021/character-test/application-body/code-test-16} null" classname="jp.go.jpo.sa1s99.common.format.integration.HtmlToXmlForAmendApiIntegrationTest" time="0.0">
    <failure message="java.lang.IllegalArgumentException: Not implemented yet" type="java.lang.IllegalArgumentException">java.lang.IllegalArgumentException: Not implemented yet
	at jp.go.jpo.sa1s99.common.format.api.XmlToHtmlForAmendApi.execute(XmlToHtmlForAmendApi.java:32)
	at jp.go.jpo.sa1s99.common.format.integration.ExecuteXmlToHtmlForAmendApiByDirection.executeApi(ExecuteXmlToHtmlForAmendApiByDirection.java:26)
	at jp.go.jpo.sa1s99.common.format.integration.ExecuteXmlToHtmlForAmendApiByDirection.executeApi(ExecuteXmlToHtmlForAmendApiByDirection.java:13)
	at jp.go.jpo.sa1s99.common.format.integration.ExecuteApiByDirection.execute(ExecuteApiByDirection.java:28)
	at jp.go.jpo.sa1s99.common.format.integration.HtmlToXmlForAmendApiIntegrationTest.ファイル出力を比較する: #direction #parsedResult(HtmlToXmlForAmendApiIntegrationTest.groovy:29)
</failure>
  </testcase>
  <testcase name="ファイル出力を比較する: Direction{ s_InputDir: data/input/20101207-5.0-S-H22-0021/character-test/application-body/code-test-17, s_OutputDir: data/output/html_amend/20101207-5.0-S-H22-0021/character-test/application-body/code-test-17} null" classname="jp.go.jpo.sa1s99.common.format.integration.HtmlToXmlForAmendApiIntegrationTest" time="0.016">
    <failure message="java.lang.IllegalArgumentException: Not implemented yet" type="java.lang.IllegalArgumentException">java.lang.IllegalArgumentException: Not implemented yet
	at jp.go.jpo.sa1s99.common.format.api.XmlToHtmlForAmendApi.execute(XmlToHtmlForAmendApi.java:32)
	at jp.go.jpo.sa1s99.common.format.integration.ExecuteXmlToHtmlForAmendApiByDirection.executeApi(ExecuteXmlToHtmlForAmendApiByDirection.java:26)
	at jp.go.jpo.sa1s99.common.format.integration.ExecuteXmlToHtmlForAmendApiByDirection.executeApi(ExecuteXmlToHtmlForAmendApiByDirection.java:13)
	at jp.go.jpo.sa1s99.common.format.integration.ExecuteApiByDirection.execute(ExecuteApiByDirection.java:28)
	at jp.go.jpo.sa1s99.common.format.integration.HtmlToXmlForAmendApiIntegrationTest.ファイル出力を比較する: #direction #parsedResult(HtmlToXmlForAmendApiIntegrationTest.groovy:29)
</failure>
  </testcase>
  <testcase name="ファイル出力を比較する: Direction{ s_InputDir: data/input/20101207-5.0-S-H22-0021/character-test/application-body/code-test-18, s_OutputDir: data/output/html_amend/20101207-5.0-S-H22-0021/character-test/application-body/code-test-18} null" classname="jp.go.jpo.sa1s99.common.format.integration.HtmlToXmlForAmendApiIntegrationTest" time="0.015">
    <failure message="java.lang.IllegalArgumentException: Not implemented yet" type="java.lang.IllegalArgumentException">java.lang.IllegalArgumentException: Not implemented yet
	at jp.go.jpo.sa1s99.common.format.api.XmlToHtmlForAmendApi.execute(XmlToHtmlForAmendApi.java:32)
	at jp.go.jpo.sa1s99.common.format.integration.ExecuteXmlToHtmlForAmendApiByDirection.executeApi(ExecuteXmlToHtmlForAmendApiByDirection.java:26)
	at jp.go.jpo.sa1s99.common.format.integration.ExecuteXmlToHtmlForAmendApiByDirection.executeApi(ExecuteXmlToHtmlForAmendApiByDirection.java:13)
	at jp.go.jpo.sa1s99.common.format.integration.ExecuteApiByDirection.execute(ExecuteApiByDirection.java:28)
	at jp.go.jpo.sa1s99.common.format.integration.HtmlToXmlForAmendApiIntegrationTest.ファイル出力を比較する: #direction #parsedResult(HtmlToXmlForAmendApiIntegrationTest.groovy:29)
</failure>
  </testcase>
  <testcase name="ファイル出力を比較する: Direction{ s_InputDir: data/input/20101207-5.0-S-H22-0021/character-test/application-body/code-test-19, s_OutputDir: data/output/html_amend/20101207-5.0-S-H22-0021/character-test/application-body/code-test-19} null" classname="jp.go.jpo.sa1s99.common.format.integration.HtmlToXmlForAmendApiIntegrationTest" time="0.0">
    <failure message="java.lang.IllegalArgumentException: Not implemented yet" type="java.lang.IllegalArgumentException">java.lang.IllegalArgumentException: Not implemented yet
	at jp.go.jpo.sa1s99.common.format.api.XmlToHtmlForAmendApi.execute(XmlToHtmlForAmendApi.java:32)
	at jp.go.jpo.sa1s99.common.format.integration.ExecuteXmlToHtmlForAmendApiByDirection.executeApi(ExecuteXmlToHtmlForAmendApiByDirection.java:26)
	at jp.go.jpo.sa1s99.common.format.integration.ExecuteXmlToHtmlForAmendApiByDirection.executeApi(ExecuteXmlToHtmlForAmendApiByDirection.java:13)
	at jp.go.jpo.sa1s99.common.format.integration.ExecuteApiByDirection.execute(ExecuteApiByDirection.java:28)
	at jp.go.jpo.sa1s99.common.format.integration.HtmlToXmlForAmendApiIntegrationTest.ファイル出力を比較する: #direction #parsedResult(HtmlToXmlForAmendApiIntegrationTest.groovy:29)
</failure>
  </testcase>
  <testcase name="ファイル出力を比較する: Direction{ s_InputDir: data/input/20101207-5.0-S-H22-0021/character-test/application-body/code-test-1A, s_OutputDir: data/output/html_amend/20101207-5.0-S-H22-0021/character-test/application-body/code-test-1A} null" classname="jp.go.jpo.sa1s99.common.format.integration.HtmlToXmlForAmendApiIntegrationTest" time="0.0">
    <failure message="java.lang.IllegalArgumentException: Not implemented yet" type="java.lang.IllegalArgumentException">java.lang.IllegalArgumentException: Not implemented yet
	at jp.go.jpo.sa1s99.common.format.api.XmlToHtmlForAmendApi.execute(XmlToHtmlForAmendApi.java:32)
	at jp.go.jpo.sa1s99.common.format.integration.ExecuteXmlToHtmlForAmendApiByDirection.executeApi(ExecuteXmlToHtmlForAmendApiByDirection.java:26)
	at jp.go.jpo.sa1s99.common.format.integration.ExecuteXmlToHtmlForAmendApiByDirection.executeApi(ExecuteXmlToHtmlForAmendApiByDirection.java:13)
	at jp.go.jpo.sa1s99.common.format.integration.ExecuteApiByDirection.execute(ExecuteApiByDirection.java:28)
	at jp.go.jpo.sa1s99.common.format.integration.HtmlToXmlForAmendApiIntegrationTest.ファイル出力を比較する: #direction #parsedResult(HtmlToXmlForAmendApiIntegrationTest.groovy:29)
</failure>
  </testcase>
  <testcase name="ファイル出力を比較する: Direction{ s_InputDir: data/input/20101207-5.0-S-H22-0021/character-test/application-body/code-test-1B, s_OutputDir: data/output/html_amend/20101207-5.0-S-H22-0021/character-test/application-body/code-test-1B} null" classname="jp.go.jpo.sa1s99.common.format.integration.HtmlToXmlForAmendApiIntegrationTest" time="0.021">
    <failure message="java.lang.IllegalArgumentException: Not implemented yet" type="java.lang.IllegalArgumentException">java.lang.IllegalArgumentException: Not implemented yet
	at jp.go.jpo.sa1s99.common.format.api.XmlToHtmlForAmendApi.execute(XmlToHtmlForAmendApi.java:32)
	at jp.go.jpo.sa1s99.common.format.integration.ExecuteXmlToHtmlForAmendApiByDirection.executeApi(ExecuteXmlToHtmlForAmendApiByDirection.java:26)
	at jp.go.jpo.sa1s99.common.format.integration.ExecuteXmlToHtmlForAmendApiByDirection.executeApi(ExecuteXmlToHtmlForAmendApiByDirection.java:13)
	at jp.go.jpo.sa1s99.common.format.integration.ExecuteApiByDirection.execute(ExecuteApiByDirection.java:28)
	at jp.go.jpo.sa1s99.common.format.integration.HtmlToXmlForAmendApiIntegrationTest.ファイル出力を比較する: #direction #parsedResult(HtmlToXmlForAmendApiIntegrationTest.groovy:29)
</failure>
  </testcase>
  <testcase name="ファイル出力を比較する: Direction{ s_InputDir: data/input/20101207-5.0-S-H22-0021/character-test/application-body/code-test-1C, s_OutputDir: data/output/html_amend/20101207-5.0-S-H22-0021/character-test/application-body/code-test-1C} null" classname="jp.go.jpo.sa1s99.common.format.integration.HtmlToXmlForAmendApiIntegrationTest" time="0.0">
    <failure message="java.lang.IllegalArgumentException: Not implemented yet" type="java.lang.IllegalArgumentException">java.lang.IllegalArgumentException: Not implemented yet
	at jp.go.jpo.sa1s99.common.format.api.XmlToHtmlForAmendApi.execute(XmlToHtmlForAmendApi.java:32)
	at jp.go.jpo.sa1s99.common.format.integration.ExecuteXmlToHtmlForAmendApiByDirection.executeApi(ExecuteXmlToHtmlForAmendApiByDirection.java:26)
	at jp.go.jpo.sa1s99.common.format.integration.ExecuteXmlToHtmlForAmendApiByDirection.executeApi(ExecuteXmlToHtmlForAmendApiByDirection.java:13)
	at jp.go.jpo.sa1s99.common.format.integration.ExecuteApiByDirection.execute(ExecuteApiByDirection.java:28)
	at jp.go.jpo.sa1s99.common.format.integration.HtmlToXmlForAmendApiIntegrationTest.ファイル出力を比較する: #direction #parsedResult(HtmlToXmlForAmendApiIntegrationTest.groovy:29)
</failure>
  </testcase>
  <testcase name="ファイル出力を比較する: Direction{ s_InputDir: data/input/20101207-5.0-S-H22-0021/character-test/application-body/code-test-1D, s_OutputDir: data/output/html_amend/20101207-5.0-S-H22-0021/character-test/application-body/code-test-1D} null" classname="jp.go.jpo.sa1s99.common.format.integration.HtmlToXmlForAmendApiIntegrationTest" time="0.015">
    <failure message="java.lang.IllegalArgumentException: Not implemented yet" type="java.lang.IllegalArgumentException">java.lang.IllegalArgumentException: Not implemented yet
	at jp.go.jpo.sa1s99.common.format.api.XmlToHtmlForAmendApi.execute(XmlToHtmlForAmendApi.java:32)
	at jp.go.jpo.sa1s99.common.format.integration.ExecuteXmlToHtmlForAmendApiByDirection.executeApi(ExecuteXmlToHtmlForAmendApiByDirection.java:26)
	at jp.go.jpo.sa1s99.common.format.integration.ExecuteXmlToHtmlForAmendApiByDirection.executeApi(ExecuteXmlToHtmlForAmendApiByDirection.java:13)
	at jp.go.jpo.sa1s99.common.format.integration.ExecuteApiByDirection.execute(ExecuteApiByDirection.java:28)
	at jp.go.jpo.sa1s99.common.format.integration.HtmlToXmlForAmendApiIntegrationTest.ファイル出力を比較する: #direction #parsedResult(HtmlToXmlForAmendApiIntegrationTest.groovy:29)
</failure>
  </testcase>
  <testcase name="ファイル出力を比較する: Direction{ s_InputDir: data/input/20101207-5.0-S-H22-0021/character-test/application-body/code-test-1E, s_OutputDir: data/output/html_amend/20101207-5.0-S-H22-0021/character-test/application-body/code-test-1E} null" classname="jp.go.jpo.sa1s99.common.format.integration.HtmlToXmlForAmendApiIntegrationTest" time="0.0">
    <failure message="java.lang.IllegalArgumentException: Not implemented yet" type="java.lang.IllegalArgumentException">java.lang.IllegalArgumentException: Not implemented yet
	at jp.go.jpo.sa1s99.common.format.api.XmlToHtmlForAmendApi.execute(XmlToHtmlForAmendApi.java:32)
	at jp.go.jpo.sa1s99.common.format.integration.ExecuteXmlToHtmlForAmendApiByDirection.executeApi(ExecuteXmlToHtmlForAmendApiByDirection.java:26)
	at jp.go.jpo.sa1s99.common.format.integration.ExecuteXmlToHtmlForAmendApiByDirection.executeApi(ExecuteXmlToHtmlForAmendApiByDirection.java:13)
	at jp.go.jpo.sa1s99.common.format.integration.ExecuteApiByDirection.execute(ExecuteApiByDirection.java:28)
	at jp.go.jpo.sa1s99.common.format.integration.HtmlToXmlForAmendApiIntegrationTest.ファイル出力を比較する: #direction #parsedResult(HtmlToXmlForAmendApiIntegrationTest.groovy:29)
</failure>
  </testcase>
  <testcase name="ファイル出力を比較する: Direction{ s_InputDir: data/input/20101207-5.0-S-H22-0021/character-test/application-body/code-test-1F, s_OutputDir: data/output/html_amend/20101207-5.0-S-H22-0021/character-test/application-body/code-test-1F} null" classname="jp.go.jpo.sa1s99.common.format.integration.HtmlToXmlForAmendApiIntegrationTest" time="0.016">
    <failure message="java.lang.IllegalArgumentException: Not implemented yet" type="java.lang.IllegalArgumentException">java.lang.IllegalArgumentException: Not implemented yet
	at jp.go.jpo.sa1s99.common.format.api.XmlToHtmlForAmendApi.execute(XmlToHtmlForAmendApi.java:32)
	at jp.go.jpo.sa1s99.common.format.integration.ExecuteXmlToHtmlForAmendApiByDirection.executeApi(ExecuteXmlToHtmlForAmendApiByDirection.java:26)
	at jp.go.jpo.sa1s99.common.format.integration.ExecuteXmlToHtmlForAmendApiByDirection.executeApi(ExecuteXmlToHtmlForAmendApiByDirection.java:13)
	at jp.go.jpo.sa1s99.common.format.integration.ExecuteApiByDirection.execute(ExecuteApiByDirection.java:28)
	at jp.go.jpo.sa1s99.common.format.integration.HtmlToXmlForAmendApiIntegrationTest.ファイル出力を比較する: #direction #parsedResult(HtmlToXmlForAmendApiIntegrationTest.groovy:29)
</failure>
  </testcase>
  <testcase name="ファイル出力を比較する: Direction{ s_InputDir: data/input/20101207-5.0-S-H22-0021/character-test/application-body/code-test-26, s_OutputDir: data/output/html_amend/20101207-5.0-S-H22-0021/character-test/application-body/code-test-26} null" classname="jp.go.jpo.sa1s99.common.format.integration.HtmlToXmlForAmendApiIntegrationTest" time="0.0">
    <failure message="java.lang.IllegalArgumentException: Not implemented yet" type="java.lang.IllegalArgumentException">java.lang.IllegalArgumentException: Not implemented yet
	at jp.go.jpo.sa1s99.common.format.api.XmlToHtmlForAmendApi.execute(XmlToHtmlForAmendApi.java:32)
	at jp.go.jpo.sa1s99.common.format.integration.ExecuteXmlToHtmlForAmendApiByDirection.executeApi(ExecuteXmlToHtmlForAmendApiByDirection.java:26)
	at jp.go.jpo.sa1s99.common.format.integration.ExecuteXmlToHtmlForAmendApiByDirection.executeApi(ExecuteXmlToHtmlForAmendApiByDirection.java:13)
	at jp.go.jpo.sa1s99.common.format.integration.ExecuteApiByDirection.execute(ExecuteApiByDirection.java:28)
	at jp.go.jpo.sa1s99.common.format.integration.HtmlToXmlForAmendApiIntegrationTest.ファイル出力を比較する: #direction #parsedResult(HtmlToXmlForAmendApiIntegrationTest.groovy:29)
</failure>
  </testcase>
  <testcase name="ファイル出力を比較する: Direction{ s_InputDir: data/input/20101207-5.0-S-H22-0021/character-test/application-body/code-test-3C, s_OutputDir: data/output/html_amend/20101207-5.0-S-H22-0021/character-test/application-body/code-test-3C} null" classname="jp.go.jpo.sa1s99.common.format.integration.HtmlToXmlForAmendApiIntegrationTest" time="0.0">
    <failure message="java.lang.IllegalArgumentException: Not implemented yet" type="java.lang.IllegalArgumentException">java.lang.IllegalArgumentException: Not implemented yet
	at jp.go.jpo.sa1s99.common.format.api.XmlToHtmlForAmendApi.execute(XmlToHtmlForAmendApi.java:32)
	at jp.go.jpo.sa1s99.common.format.integration.ExecuteXmlToHtmlForAmendApiByDirection.executeApi(ExecuteXmlToHtmlForAmendApiByDirection.java:26)
	at jp.go.jpo.sa1s99.common.format.integration.ExecuteXmlToHtmlForAmendApiByDirection.executeApi(ExecuteXmlToHtmlForAmendApiByDirection.java:13)
	at jp.go.jpo.sa1s99.common.format.integration.ExecuteApiByDirection.execute(ExecuteApiByDirection.java:28)
	at jp.go.jpo.sa1s99.common.format.integration.HtmlToXmlForAmendApiIntegrationTest.ファイル出力を比較する: #direction #parsedResult(HtmlToXmlForAmendApiIntegrationTest.groovy:29)
</failure>
  </testcase>
  <testcase name="ファイル出力を比較する: Direction{ s_InputDir: data/input/20101207-5.0-S-H22-0021/character-test/application-body/code-test-7F, s_OutputDir: data/output/html_amend/20101207-5.0-S-H22-0021/character-test/application-body/code-test-7F} null" classname="jp.go.jpo.sa1s99.common.format.integration.HtmlToXmlForAmendApiIntegrationTest" time="0.016">
    <failure message="java.lang.IllegalArgumentException: Not implemented yet" type="java.lang.IllegalArgumentException">java.lang.IllegalArgumentException: Not implemented yet
	at jp.go.jpo.sa1s99.common.format.api.XmlToHtmlForAmendApi.execute(XmlToHtmlForAmendApi.java:32)
	at jp.go.jpo.sa1s99.common.format.integration.ExecuteXmlToHtmlForAmendApiByDirection.executeApi(ExecuteXmlToHtmlForAmendApiByDirection.java:26)
	at jp.go.jpo.sa1s99.common.format.integration.ExecuteXmlToHtmlForAmendApiByDirection.executeApi(ExecuteXmlToHtmlForAmendApiByDirection.java:13)
	at jp.go.jpo.sa1s99.common.format.integration.ExecuteApiByDirection.execute(ExecuteApiByDirection.java:28)
	at jp.go.jpo.sa1s99.common.format.integration.HtmlToXmlForAmendApiIntegrationTest.ファイル出力を比較する: #direction #parsedResult(HtmlToXmlForAmendApiIntegrationTest.groovy:29)
</failure>
  </testcase>
  <testcase name="ファイル出力を比較する: Direction{ s_InputDir: data/input/20101207-5.0-S-H22-0021/character-test/application-body/code-test-80, s_OutputDir: data/output/html_amend/20101207-5.0-S-H22-0021/character-test/application-body/code-test-80} null" classname="jp.go.jpo.sa1s99.common.format.integration.HtmlToXmlForAmendApiIntegrationTest" time="0.0">
    <failure message="java.lang.IllegalArgumentException: Not implemented yet" type="java.lang.IllegalArgumentException">java.lang.IllegalArgumentException: Not implemented yet
	at jp.go.jpo.sa1s99.common.format.api.XmlToHtmlForAmendApi.execute(XmlToHtmlForAmendApi.java:32)
	at jp.go.jpo.sa1s99.common.format.integration.ExecuteXmlToHtmlForAmendApiByDirection.executeApi(ExecuteXmlToHtmlForAmendApiByDirection.java:26)
	at jp.go.jpo.sa1s99.common.format.integration.ExecuteXmlToHtmlForAmendApiByDirection.executeApi(ExecuteXmlToHtmlForAmendApiByDirection.java:13)
	at jp.go.jpo.sa1s99.common.format.integration.ExecuteApiByDirection.execute(ExecuteApiByDirection.java:28)
	at jp.go.jpo.sa1s99.common.format.integration.HtmlToXmlForAmendApiIntegrationTest.ファイル出力を比較する: #direction #parsedResult(HtmlToXmlForAmendApiIntegrationTest.groovy:29)
</failure>
  </testcase>
  <testcase name="ファイル出力を比較する: Direction{ s_InputDir: data/input/20101207-5.0-S-H22-0021/character-test/application-body/code-test-81, s_OutputDir: data/output/html_amend/20101207-5.0-S-H22-0021/character-test/application-body/code-test-81} null" classname="jp.go.jpo.sa1s99.common.format.integration.HtmlToXmlForAmendApiIntegrationTest" time="0.0">
    <failure message="java.lang.IllegalArgumentException: Not implemented yet" type="java.lang.IllegalArgumentException">java.lang.IllegalArgumentException: Not implemented yet
	at jp.go.jpo.sa1s99.common.format.api.XmlToHtmlForAmendApi.execute(XmlToHtmlForAmendApi.java:32)
	at jp.go.jpo.sa1s99.common.format.integration.ExecuteXmlToHtmlForAmendApiByDirection.executeApi(ExecuteXmlToHtmlForAmendApiByDirection.java:26)
	at jp.go.jpo.sa1s99.common.format.integration.ExecuteXmlToHtmlForAmendApiByDirection.executeApi(ExecuteXmlToHtmlForAmendApiByDirection.java:13)
	at jp.go.jpo.sa1s99.common.format.integration.ExecuteApiByDirection.execute(ExecuteApiByDirection.java:28)
	at jp.go.jpo.sa1s99.common.format.integration.HtmlToXmlForAmendApiIntegrationTest.ファイル出力を比較する: #direction #parsedResult(HtmlToXmlForAmendApiIntegrationTest.groovy:29)
</failure>
  </testcase>
  <testcase name="ファイル出力を比較する: Direction{ s_InputDir: data/input/20101207-5.0-S-H22-0021/character-test/application-body/code-test-82, s_OutputDir: data/output/html_amend/20101207-5.0-S-H22-0021/character-test/application-body/code-test-82} null" classname="jp.go.jpo.sa1s99.common.format.integration.HtmlToXmlForAmendApiIntegrationTest" time="0.015">
    <failure message="java.lang.IllegalArgumentException: Not implemented yet" type="java.lang.IllegalArgumentException">java.lang.IllegalArgumentException: Not implemented yet
	at jp.go.jpo.sa1s99.common.format.api.XmlToHtmlForAmendApi.execute(XmlToHtmlForAmendApi.java:32)
	at jp.go.jpo.sa1s99.common.format.integration.ExecuteXmlToHtmlForAmendApiByDirection.executeApi(ExecuteXmlToHtmlForAmendApiByDirection.java:26)
	at jp.go.jpo.sa1s99.common.format.integration.ExecuteXmlToHtmlForAmendApiByDirection.executeApi(ExecuteXmlToHtmlForAmendApiByDirection.java:13)
	at jp.go.jpo.sa1s99.common.format.integration.ExecuteApiByDirection.execute(ExecuteApiByDirection.java:28)
	at jp.go.jpo.sa1s99.common.format.integration.HtmlToXmlForAmendApiIntegrationTest.ファイル出力を比較する: #direction #parsedResult(HtmlToXmlForAmendApiIntegrationTest.groovy:29)
</failure>
  </testcase>
  <testcase name="ファイル出力を比較する: Direction{ s_InputDir: data/input/20101207-5.0-S-H22-0021/character-test/application-body/code-test-83, s_OutputDir: data/output/html_amend/20101207-5.0-S-H22-0021/character-test/application-body/code-test-83} null" classname="jp.go.jpo.sa1s99.common.format.integration.HtmlToXmlForAmendApiIntegrationTest" time="0.0">
    <failure message="java.lang.IllegalArgumentException: Not implemented yet" type="java.lang.IllegalArgumentException">java.lang.IllegalArgumentException: Not implemented yet
	at jp.go.jpo.sa1s99.common.format.api.XmlToHtmlForAmendApi.execute(XmlToHtmlForAmendApi.java:32)
	at jp.go.jpo.sa1s99.common.format.integration.ExecuteXmlToHtmlForAmendApiByDirection.executeApi(ExecuteXmlToHtmlForAmendApiByDirection.java:26)
	at jp.go.jpo.sa1s99.common.format.integration.ExecuteXmlToHtmlForAmendApiByDirection.executeApi(ExecuteXmlToHtmlForAmendApiByDirection.java:13)
	at jp.go.jpo.sa1s99.common.format.integration.ExecuteApiByDirection.execute(ExecuteApiByDirection.java:28)
	at jp.go.jpo.sa1s99.common.format.integration.HtmlToXmlForAmendApiIntegrationTest.ファイル出力を比較する: #direction #parsedResult(HtmlToXmlForAmendApiIntegrationTest.groovy:29)
</failure>
  </testcase>
  <testcase name="ファイル出力を比較する: Direction{ s_InputDir: data/input/20101207-5.0-S-H22-0021/character-test/application-body/code-test-84, s_OutputDir: data/output/html_amend/20101207-5.0-S-H22-0021/character-test/application-body/code-test-84} null" classname="jp.go.jpo.sa1s99.common.format.integration.HtmlToXmlForAmendApiIntegrationTest" time="0.016">
    <failure message="java.lang.IllegalArgumentException: Not implemented yet" type="java.lang.IllegalArgumentException">java.lang.IllegalArgumentException: Not implemented yet
	at jp.go.jpo.sa1s99.common.format.api.XmlToHtmlForAmendApi.execute(XmlToHtmlForAmendApi.java:32)
	at jp.go.jpo.sa1s99.common.format.integration.ExecuteXmlToHtmlForAmendApiByDirection.executeApi(ExecuteXmlToHtmlForAmendApiByDirection.java:26)
	at jp.go.jpo.sa1s99.common.format.integration.ExecuteXmlToHtmlForAmendApiByDirection.executeApi(ExecuteXmlToHtmlForAmendApiByDirection.java:13)
	at jp.go.jpo.sa1s99.common.format.integration.ExecuteApiByDirection.execute(ExecuteApiByDirection.java:28)
	at jp.go.jpo.sa1s99.common.format.integration.HtmlToXmlForAmendApiIntegrationTest.ファイル出力を比較する: #direction #parsedResult(HtmlToXmlForAmendApiIntegrationTest.groovy:29)
</failure>
  </testcase>
  <testcase name="ファイル出力を比較する: Direction{ s_InputDir: data/input/20101207-5.0-S-H22-0021/character-test/application-body/code-test-85, s_OutputDir: data/output/html_amend/20101207-5.0-S-H22-0021/character-test/application-body/code-test-85} null" classname="jp.go.jpo.sa1s99.common.format.integration.HtmlToXmlForAmendApiIntegrationTest" time="0.0">
    <failure message="java.lang.IllegalArgumentException: Not implemented yet" type="java.lang.IllegalArgumentException">java.lang.IllegalArgumentException: Not implemented yet
	at jp.go.jpo.sa1s99.common.format.api.XmlToHtmlForAmendApi.execute(XmlToHtmlForAmendApi.java:32)
	at jp.go.jpo.sa1s99.common.format.integration.ExecuteXmlToHtmlForAmendApiByDirection.executeApi(ExecuteXmlToHtmlForAmendApiByDirection.java:26)
	at jp.go.jpo.sa1s99.common.format.integration.ExecuteXmlToHtmlForAmendApiByDirection.executeApi(ExecuteXmlToHtmlForAmendApiByDirection.java:13)
	at jp.go.jpo.sa1s99.common.format.integration.ExecuteApiByDirection.execute(ExecuteApiByDirection.java:28)
	at jp.go.jpo.sa1s99.common.format.integration.HtmlToXmlForAmendApiIntegrationTest.ファイル出力を比較する: #direction #parsedResult(HtmlToXmlForAmendApiIntegrationTest.groovy:29)
</failure>
  </testcase>
  <testcase name="ファイル出力を比較する: Direction{ s_InputDir: data/input/20101207-5.0-S-H22-0021/character-test/application-body/code-test-86, s_OutputDir: data/output/html_amend/20101207-5.0-S-H22-0021/character-test/application-body/code-test-86} null" classname="jp.go.jpo.sa1s99.common.format.integration.HtmlToXmlForAmendApiIntegrationTest" time="0.0">
    <failure message="java.lang.IllegalArgumentException: Not implemented yet" type="java.lang.IllegalArgumentException">java.lang.IllegalArgumentException: Not implemented yet
	at jp.go.jpo.sa1s99.common.format.api.XmlToHtmlForAmendApi.execute(XmlToHtmlForAmendApi.java:32)
	at jp.go.jpo.sa1s99.common.format.integration.ExecuteXmlToHtmlForAmendApiByDirection.executeApi(ExecuteXmlToHtmlForAmendApiByDirection.java:26)
	at jp.go.jpo.sa1s99.common.format.integration.ExecuteXmlToHtmlForAmendApiByDirection.executeApi(ExecuteXmlToHtmlForAmendApiByDirection.java:13)
	at jp.go.jpo.sa1s99.common.format.integration.ExecuteApiByDirection.execute(ExecuteApiByDirection.java:28)
	at jp.go.jpo.sa1s99.common.format.integration.HtmlToXmlForAmendApiIntegrationTest.ファイル出力を比較する: #direction #parsedResult(HtmlToXmlForAmendApiIntegrationTest.groovy:29)
</failure>
  </testcase>
  <testcase name="ファイル出力を比較する: Direction{ s_InputDir: data/input/20101207-5.0-S-H22-0021/character-test/application-body/code-test-87, s_OutputDir: data/output/html_amend/20101207-5.0-S-H22-0021/character-test/application-body/code-test-87} null" classname="jp.go.jpo.sa1s99.common.format.integration.HtmlToXmlForAmendApiIntegrationTest" time="0.016">
    <failure message="java.lang.IllegalArgumentException: Not implemented yet" type="java.lang.IllegalArgumentException">java.lang.IllegalArgumentException: Not implemented yet
	at jp.go.jpo.sa1s99.common.format.api.XmlToHtmlForAmendApi.execute(XmlToHtmlForAmendApi.java:32)
	at jp.go.jpo.sa1s99.common.format.integration.ExecuteXmlToHtmlForAmendApiByDirection.executeApi(ExecuteXmlToHtmlForAmendApiByDirection.java:26)
	at jp.go.jpo.sa1s99.common.format.integration.ExecuteXmlToHtmlForAmendApiByDirection.executeApi(ExecuteXmlToHtmlForAmendApiByDirection.java:13)
	at jp.go.jpo.sa1s99.common.format.integration.ExecuteApiByDirection.execute(ExecuteApiByDirection.java:28)
	at jp.go.jpo.sa1s99.common.format.integration.HtmlToXmlForAmendApiIntegrationTest.ファイル出力を比較する: #direction #parsedResult(HtmlToXmlForAmendApiIntegrationTest.groovy:29)
</failure>
  </testcase>
  <testcase name="ファイル出力を比較する: Direction{ s_InputDir: data/input/20101207-5.0-S-H22-0021/character-test/application-body/code-test-88, s_OutputDir: data/output/html_amend/20101207-5.0-S-H22-0021/character-test/application-body/code-test-88} null" classname="jp.go.jpo.sa1s99.common.format.integration.HtmlToXmlForAmendApiIntegrationTest" time="0.004">
    <failure message="java.lang.IllegalArgumentException: Not implemented yet" type="java.lang.IllegalArgumentException">java.lang.IllegalArgumentException: Not implemented yet
	at jp.go.jpo.sa1s99.common.format.api.XmlToHtmlForAmendApi.execute(XmlToHtmlForAmendApi.java:32)
	at jp.go.jpo.sa1s99.common.format.integration.ExecuteXmlToHtmlForAmendApiByDirection.executeApi(ExecuteXmlToHtmlForAmendApiByDirection.java:26)
	at jp.go.jpo.sa1s99.common.format.integration.ExecuteXmlToHtmlForAmendApiByDirection.executeApi(ExecuteXmlToHtmlForAmendApiByDirection.java:13)
	at jp.go.jpo.sa1s99.common.format.integration.ExecuteApiByDirection.execute(ExecuteApiByDirection.java:28)
	at jp.go.jpo.sa1s99.common.format.integration.HtmlToXmlForAmendApiIntegrationTest.ファイル出力を比較する: #direction #parsedResult(HtmlToXmlForAmendApiIntegrationTest.groovy:29)
</failure>
  </testcase>
  <testcase name="ファイル出力を比較する: Direction{ s_InputDir: data/input/20101207-5.0-S-H22-0021/character-test/application-body/code-test-89, s_OutputDir: data/output/html_amend/20101207-5.0-S-H22-0021/character-test/application-body/code-test-89} null" classname="jp.go.jpo.sa1s99.common.format.integration.HtmlToXmlForAmendApiIntegrationTest" time="0.001">
    <failure message="java.lang.IllegalArgumentException: Not implemented yet" type="java.lang.IllegalArgumentException">java.lang.IllegalArgumentException: Not implemented yet
	at jp.go.jpo.sa1s99.common.format.api.XmlToHtmlForAmendApi.execute(XmlToHtmlForAmendApi.java:32)
	at jp.go.jpo.sa1s99.common.format.integration.ExecuteXmlToHtmlForAmendApiByDirection.executeApi(ExecuteXmlToHtmlForAmendApiByDirection.java:26)
	at jp.go.jpo.sa1s99.common.format.integration.ExecuteXmlToHtmlForAmendApiByDirection.executeApi(ExecuteXmlToHtmlForAmendApiByDirection.java:13)
	at jp.go.jpo.sa1s99.common.format.integration.ExecuteApiByDirection.execute(ExecuteApiByDirection.java:28)
	at jp.go.jpo.sa1s99.common.format.integration.HtmlToXmlForAmendApiIntegrationTest.ファイル出力を比較する: #direction #parsedResult(HtmlToXmlForAmendApiIntegrationTest.groovy:29)
</failure>
  </testcase>
  <testcase name="ファイル出力を比較する: Direction{ s_InputDir: data/input/20101207-5.0-S-H22-0021/character-test/application-body/code-test-8A, s_OutputDir: data/output/html_amend/20101207-5.0-S-H22-0021/character-test/application-body/code-test-8A} null" classname="jp.go.jpo.sa1s99.common.format.integration.HtmlToXmlForAmendApiIntegrationTest" time="0.0">
    <failure message="java.lang.IllegalArgumentException: Not implemented yet" type="java.lang.IllegalArgumentException">java.lang.IllegalArgumentException: Not implemented yet
	at jp.go.jpo.sa1s99.common.format.api.XmlToHtmlForAmendApi.execute(XmlToHtmlForAmendApi.java:32)
	at jp.go.jpo.sa1s99.common.format.integration.ExecuteXmlToHtmlForAmendApiByDirection.executeApi(ExecuteXmlToHtmlForAmendApiByDirection.java:26)
	at jp.go.jpo.sa1s99.common.format.integration.ExecuteXmlToHtmlForAmendApiByDirection.executeApi(ExecuteXmlToHtmlForAmendApiByDirection.java:13)
	at jp.go.jpo.sa1s99.common.format.integration.ExecuteApiByDirection.execute(ExecuteApiByDirection.java:28)
	at jp.go.jpo.sa1s99.common.format.integration.HtmlToXmlForAmendApiIntegrationTest.ファイル出力を比較する: #direction #parsedResult(HtmlToXmlForAmendApiIntegrationTest.groovy:29)
</failure>
  </testcase>
  <testcase name="ファイル出力を比較する: Direction{ s_InputDir: data/input/20101207-5.0-S-H22-0021/character-test/application-body/code-test-8B, s_OutputDir: data/output/html_amend/20101207-5.0-S-H22-0021/character-test/application-body/code-test-8B} null" classname="jp.go.jpo.sa1s99.common.format.integration.HtmlToXmlForAmendApiIntegrationTest" time="0.0">
    <failure message="java.lang.IllegalArgumentException: Not implemented yet" type="java.lang.IllegalArgumentException">java.lang.IllegalArgumentException: Not implemented yet
	at jp.go.jpo.sa1s99.common.format.api.XmlToHtmlForAmendApi.execute(XmlToHtmlForAmendApi.java:32)
	at jp.go.jpo.sa1s99.common.format.integration.ExecuteXmlToHtmlForAmendApiByDirection.executeApi(ExecuteXmlToHtmlForAmendApiByDirection.java:26)
	at jp.go.jpo.sa1s99.common.format.integration.ExecuteXmlToHtmlForAmendApiByDirection.executeApi(ExecuteXmlToHtmlForAmendApiByDirection.java:13)
	at jp.go.jpo.sa1s99.common.format.integration.ExecuteApiByDirection.execute(ExecuteApiByDirection.java:28)
	at jp.go.jpo.sa1s99.common.format.integration.HtmlToXmlForAmendApiIntegrationTest.ファイル出力を比較する: #direction #parsedResult(HtmlToXmlForAmendApiIntegrationTest.groovy:29)
</failure>
  </testcase>
  <testcase name="ファイル出力を比較する: Direction{ s_InputDir: data/input/20101207-5.0-S-H22-0021/character-test/application-body/code-test-8C, s_OutputDir: data/output/html_amend/20101207-5.0-S-H22-0021/character-test/application-body/code-test-8C} null" classname="jp.go.jpo.sa1s99.common.format.integration.HtmlToXmlForAmendApiIntegrationTest" time="0.0">
    <failure message="java.lang.IllegalArgumentException: Not implemented yet" type="java.lang.IllegalArgumentException">java.lang.IllegalArgumentException: Not implemented yet
	at jp.go.jpo.sa1s99.common.format.api.XmlToHtmlForAmendApi.execute(XmlToHtmlForAmendApi.java:32)
	at jp.go.jpo.sa1s99.common.format.integration.ExecuteXmlToHtmlForAmendApiByDirection.executeApi(ExecuteXmlToHtmlForAmendApiByDirection.java:26)
	at jp.go.jpo.sa1s99.common.format.integration.ExecuteXmlToHtmlForAmendApiByDirection.executeApi(ExecuteXmlToHtmlForAmendApiByDirection.java:13)
	at jp.go.jpo.sa1s99.common.format.integration.ExecuteApiByDirection.execute(ExecuteApiByDirection.java:28)
	at jp.go.jpo.sa1s99.common.format.integration.HtmlToXmlForAmendApiIntegrationTest.ファイル出力を比較する: #direction #parsedResult(HtmlToXmlForAmendApiIntegrationTest.groovy:29)
</failure>
  </testcase>
  <testcase name="ファイル出力を比較する: Direction{ s_InputDir: data/input/20101207-5.0-S-H22-0021/character-test/application-body/code-test-8D, s_OutputDir: data/output/html_amend/20101207-5.0-S-H22-0021/character-test/application-body/code-test-8D} null" classname="jp.go.jpo.sa1s99.common.format.integration.HtmlToXmlForAmendApiIntegrationTest" time="0.016">
    <failure message="java.lang.IllegalArgumentException: Not implemented yet" type="java.lang.IllegalArgumentException">java.lang.IllegalArgumentException: Not implemented yet
	at jp.go.jpo.sa1s99.common.format.api.XmlToHtmlForAmendApi.execute(XmlToHtmlForAmendApi.java:32)
	at jp.go.jpo.sa1s99.common.format.integration.ExecuteXmlToHtmlForAmendApiByDirection.executeApi(ExecuteXmlToHtmlForAmendApiByDirection.java:26)
	at jp.go.jpo.sa1s99.common.format.integration.ExecuteXmlToHtmlForAmendApiByDirection.executeApi(ExecuteXmlToHtmlForAmendApiByDirection.java:13)
	at jp.go.jpo.sa1s99.common.format.integration.ExecuteApiByDirection.execute(ExecuteApiByDirection.java:28)
	at jp.go.jpo.sa1s99.common.format.integration.HtmlToXmlForAmendApiIntegrationTest.ファイル出力を比較する: #direction #parsedResult(HtmlToXmlForAmendApiIntegrationTest.groovy:29)
</failure>
  </testcase>
  <testcase name="ファイル出力を比較する: Direction{ s_InputDir: data/input/20101207-5.0-S-H22-0021/character-test/application-body/code-test-8E, s_OutputDir: data/output/html_amend/20101207-5.0-S-H22-0021/character-test/application-body/code-test-8E} null" classname="jp.go.jpo.sa1s99.common.format.integration.HtmlToXmlForAmendApiIntegrationTest" time="0.0">
    <failure message="java.lang.IllegalArgumentException: Not implemented yet" type="java.lang.IllegalArgumentException">java.lang.IllegalArgumentException: Not implemented yet
	at jp.go.jpo.sa1s99.common.format.api.XmlToHtmlForAmendApi.execute(XmlToHtmlForAmendApi.java:32)
	at jp.go.jpo.sa1s99.common.format.integration.ExecuteXmlToHtmlForAmendApiByDirection.executeApi(ExecuteXmlToHtmlForAmendApiByDirection.java:26)
	at jp.go.jpo.sa1s99.common.format.integration.ExecuteXmlToHtmlForAmendApiByDirection.executeApi(ExecuteXmlToHtmlForAmendApiByDirection.java:13)
	at jp.go.jpo.sa1s99.common.format.integration.ExecuteApiByDirection.execute(ExecuteApiByDirection.java:28)
	at jp.go.jpo.sa1s99.common.format.integration.HtmlToXmlForAmendApiIntegrationTest.ファイル出力を比較する: #direction #parsedResult(HtmlToXmlForAmendApiIntegrationTest.groovy:29)
</failure>
  </testcase>
  <testcase name="ファイル出力を比較する: Direction{ s_InputDir: data/input/20101207-5.0-S-H22-0021/character-test/application-body/code-test-8F, s_OutputDir: data/output/html_amend/20101207-5.0-S-H22-0021/character-test/application-body/code-test-8F} null" classname="jp.go.jpo.sa1s99.common.format.integration.HtmlToXmlForAmendApiIntegrationTest" time="0.0">
    <failure message="java.lang.IllegalArgumentException: Not implemented yet" type="java.lang.IllegalArgumentException">java.lang.IllegalArgumentException: Not implemented yet
	at jp.go.jpo.sa1s99.common.format.api.XmlToHtmlForAmendApi.execute(XmlToHtmlForAmendApi.java:32)
	at jp.go.jpo.sa1s99.common.format.integration.ExecuteXmlToHtmlForAmendApiByDirection.executeApi(ExecuteXmlToHtmlForAmendApiByDirection.java:26)
	at jp.go.jpo.sa1s99.common.format.integration.ExecuteXmlToHtmlForAmendApiByDirection.executeApi(ExecuteXmlToHtmlForAmendApiByDirection.java:13)
	at jp.go.jpo.sa1s99.common.format.integration.ExecuteApiByDirection.execute(ExecuteApiByDirection.java:28)
	at jp.go.jpo.sa1s99.common.format.integration.HtmlToXmlForAmendApiIntegrationTest.ファイル出力を比較する: #direction #parsedResult(HtmlToXmlForAmendApiIntegrationTest.groovy:29)
</failure>
  </testcase>
  <testcase name="ファイル出力を比較する: Direction{ s_InputDir: data/input/20101207-5.0-S-H22-0021/character-test/application-body/code-test-90, s_OutputDir: data/output/html_amend/20101207-5.0-S-H22-0021/character-test/application-body/code-test-90} null" classname="jp.go.jpo.sa1s99.common.format.integration.HtmlToXmlForAmendApiIntegrationTest" time="0.015">
    <failure message="java.lang.IllegalArgumentException: Not implemented yet" type="java.lang.IllegalArgumentException">java.lang.IllegalArgumentException: Not implemented yet
	at jp.go.jpo.sa1s99.common.format.api.XmlToHtmlForAmendApi.execute(XmlToHtmlForAmendApi.java:32)
	at jp.go.jpo.sa1s99.common.format.integration.ExecuteXmlToHtmlForAmendApiByDirection.executeApi(ExecuteXmlToHtmlForAmendApiByDirection.java:26)
	at jp.go.jpo.sa1s99.common.format.integration.ExecuteXmlToHtmlForAmendApiByDirection.executeApi(ExecuteXmlToHtmlForAmendApiByDirection.java:13)
	at jp.go.jpo.sa1s99.common.format.integration.ExecuteApiByDirection.execute(ExecuteApiByDirection.java:28)
	at jp.go.jpo.sa1s99.common.format.integration.HtmlToXmlForAmendApiIntegrationTest.ファイル出力を比較する: #direction #parsedResult(HtmlToXmlForAmendApiIntegrationTest.groovy:29)
</failure>
  </testcase>
  <testcase name="ファイル出力を比較する: Direction{ s_InputDir: data/input/20101207-5.0-S-H22-0021/character-test/application-body/code-test-91, s_OutputDir: data/output/html_amend/20101207-5.0-S-H22-0021/character-test/application-body/code-test-91} null" classname="jp.go.jpo.sa1s99.common.format.integration.HtmlToXmlForAmendApiIntegrationTest" time="0.0">
    <failure message="java.lang.IllegalArgumentException: Not implemented yet" type="java.lang.IllegalArgumentException">java.lang.IllegalArgumentException: Not implemented yet
	at jp.go.jpo.sa1s99.common.format.api.XmlToHtmlForAmendApi.execute(XmlToHtmlForAmendApi.java:32)
	at jp.go.jpo.sa1s99.common.format.integration.ExecuteXmlToHtmlForAmendApiByDirection.executeApi(ExecuteXmlToHtmlForAmendApiByDirection.java:26)
	at jp.go.jpo.sa1s99.common.format.integration.ExecuteXmlToHtmlForAmendApiByDirection.executeApi(ExecuteXmlToHtmlForAmendApiByDirection.java:13)
	at jp.go.jpo.sa1s99.common.format.integration.ExecuteApiByDirection.execute(ExecuteApiByDirection.java:28)
	at jp.go.jpo.sa1s99.common.format.integration.HtmlToXmlForAmendApiIntegrationTest.ファイル出力を比較する: #direction #parsedResult(HtmlToXmlForAmendApiIntegrationTest.groovy:29)
</failure>
  </testcase>
  <testcase name="ファイル出力を比較する: Direction{ s_InputDir: data/input/20101207-5.0-S-H22-0021/character-test/application-body/code-test-92, s_OutputDir: data/output/html_amend/20101207-5.0-S-H22-0021/character-test/application-body/code-test-92} null" classname="jp.go.jpo.sa1s99.common.format.integration.HtmlToXmlForAmendApiIntegrationTest" time="0.0">
    <failure message="java.lang.IllegalArgumentException: Not implemented yet" type="java.lang.IllegalArgumentException">java.lang.IllegalArgumentException: Not implemented yet
	at jp.go.jpo.sa1s99.common.format.api.XmlToHtmlForAmendApi.execute(XmlToHtmlForAmendApi.java:32)
	at jp.go.jpo.sa1s99.common.format.integration.ExecuteXmlToHtmlForAmendApiByDirection.executeApi(ExecuteXmlToHtmlForAmendApiByDirection.java:26)
	at jp.go.jpo.sa1s99.common.format.integration.ExecuteXmlToHtmlForAmendApiByDirection.executeApi(ExecuteXmlToHtmlForAmendApiByDirection.java:13)
	at jp.go.jpo.sa1s99.common.format.integration.ExecuteApiByDirection.execute(ExecuteApiByDirection.java:28)
	at jp.go.jpo.sa1s99.common.format.integration.HtmlToXmlForAmendApiIntegrationTest.ファイル出力を比較する: #direction #parsedResult(HtmlToXmlForAmendApiIntegrationTest.groovy:29)
</failure>
  </testcase>
  <testcase name="ファイル出力を比較する: Direction{ s_InputDir: data/input/20101207-5.0-S-H22-0021/character-test/application-body/code-test-93, s_OutputDir: data/output/html_amend/20101207-5.0-S-H22-0021/character-test/application-body/code-test-93} null" classname="jp.go.jpo.sa1s99.common.format.integration.HtmlToXmlForAmendApiIntegrationTest" time="0.016">
    <failure message="java.lang.IllegalArgumentException: Not implemented yet" type="java.lang.IllegalArgumentException">java.lang.IllegalArgumentException: Not implemented yet
	at jp.go.jpo.sa1s99.common.format.api.XmlToHtmlForAmendApi.execute(XmlToHtmlForAmendApi.java:32)
	at jp.go.jpo.sa1s99.common.format.integration.ExecuteXmlToHtmlForAmendApiByDirection.executeApi(ExecuteXmlToHtmlForAmendApiByDirection.java:26)
	at jp.go.jpo.sa1s99.common.format.integration.ExecuteXmlToHtmlForAmendApiByDirection.executeApi(ExecuteXmlToHtmlForAmendApiByDirection.java:13)
	at jp.go.jpo.sa1s99.common.format.integration.ExecuteApiByDirection.execute(ExecuteApiByDirection.java:28)
	at jp.go.jpo.sa1s99.common.format.integration.HtmlToXmlForAmendApiIntegrationTest.ファイル出力を比較する: #direction #parsedResult(HtmlToXmlForAmendApiIntegrationTest.groovy:29)
</failure>
  </testcase>
  <testcase name="ファイル出力を比較する: Direction{ s_InputDir: data/input/20101207-5.0-S-H22-0021/character-test/application-body/code-test-94, s_OutputDir: data/output/html_amend/20101207-5.0-S-H22-0021/character-test/application-body/code-test-94} null" classname="jp.go.jpo.sa1s99.common.format.integration.HtmlToXmlForAmendApiIntegrationTest" time="0.0">
    <failure message="java.lang.IllegalArgumentException: Not implemented yet" type="java.lang.IllegalArgumentException">java.lang.IllegalArgumentException: Not implemented yet
	at jp.go.jpo.sa1s99.common.format.api.XmlToHtmlForAmendApi.execute(XmlToHtmlForAmendApi.java:32)
	at jp.go.jpo.sa1s99.common.format.integration.ExecuteXmlToHtmlForAmendApiByDirection.executeApi(ExecuteXmlToHtmlForAmendApiByDirection.java:26)
	at jp.go.jpo.sa1s99.common.format.integration.ExecuteXmlToHtmlForAmendApiByDirection.executeApi(ExecuteXmlToHtmlForAmendApiByDirection.java:13)
	at jp.go.jpo.sa1s99.common.format.integration.ExecuteApiByDirection.execute(ExecuteApiByDirection.java:28)
	at jp.go.jpo.sa1s99.common.format.integration.HtmlToXmlForAmendApiIntegrationTest.ファイル出力を比較する: #direction #parsedResult(HtmlToXmlForAmendApiIntegrationTest.groovy:29)
</failure>
  </testcase>
  <testcase name="ファイル出力を比較する: Direction{ s_InputDir: data/input/20101207-5.0-S-H22-0021/character-test/application-body/code-test-95, s_OutputDir: data/output/html_amend/20101207-5.0-S-H22-0021/character-test/application-body/code-test-95} null" classname="jp.go.jpo.sa1s99.common.format.integration.HtmlToXmlForAmendApiIntegrationTest" time="0.0">
    <failure message="java.lang.IllegalArgumentException: Not implemented yet" type="java.lang.IllegalArgumentException">java.lang.IllegalArgumentException: Not implemented yet
	at jp.go.jpo.sa1s99.common.format.api.XmlToHtmlForAmendApi.execute(XmlToHtmlForAmendApi.java:32)
	at jp.go.jpo.sa1s99.common.format.integration.ExecuteXmlToHtmlForAmendApiByDirection.executeApi(ExecuteXmlToHtmlForAmendApiByDirection.java:26)
	at jp.go.jpo.sa1s99.common.format.integration.ExecuteXmlToHtmlForAmendApiByDirection.executeApi(ExecuteXmlToHtmlForAmendApiByDirection.java:13)
	at jp.go.jpo.sa1s99.common.format.integration.ExecuteApiByDirection.execute(ExecuteApiByDirection.java:28)
	at jp.go.jpo.sa1s99.common.format.integration.HtmlToXmlForAmendApiIntegrationTest.ファイル出力を比較する: #direction #parsedResult(HtmlToXmlForAmendApiIntegrationTest.groovy:29)
</failure>
  </testcase>
  <testcase name="ファイル出力を比較する: Direction{ s_InputDir: data/input/20101207-5.0-S-H22-0021/character-test/application-body/code-test-96, s_OutputDir: data/output/html_amend/20101207-5.0-S-H22-0021/character-test/application-body/code-test-96} null" classname="jp.go.jpo.sa1s99.common.format.integration.HtmlToXmlForAmendApiIntegrationTest" time="0.0">
    <failure message="java.lang.IllegalArgumentException: Not implemented yet" type="java.lang.IllegalArgumentException">java.lang.IllegalArgumentException: Not implemented yet
	at jp.go.jpo.sa1s99.common.format.api.XmlToHtmlForAmendApi.execute(XmlToHtmlForAmendApi.java:32)
	at jp.go.jpo.sa1s99.common.format.integration.ExecuteXmlToHtmlForAmendApiByDirection.executeApi(ExecuteXmlToHtmlForAmendApiByDirection.java:26)
	at jp.go.jpo.sa1s99.common.format.integration.ExecuteXmlToHtmlForAmendApiByDirection.executeApi(ExecuteXmlToHtmlForAmendApiByDirection.java:13)
	at jp.go.jpo.sa1s99.common.format.integration.ExecuteApiByDirection.execute(ExecuteApiByDirection.java:28)
	at jp.go.jpo.sa1s99.common.format.integration.HtmlToXmlForAmendApiIntegrationTest.ファイル出力を比較する: #direction #parsedResult(HtmlToXmlForAmendApiIntegrationTest.groovy:29)
</failure>
  </testcase>
  <testcase name="ファイル出力を比較する: Direction{ s_InputDir: data/input/20101207-5.0-S-H22-0021/character-test/application-body/code-test-97, s_OutputDir: data/output/html_amend/20101207-5.0-S-H22-0021/character-test/application-body/code-test-97} null" classname="jp.go.jpo.sa1s99.common.format.integration.HtmlToXmlForAmendApiIntegrationTest" time="0.015">
    <failure message="java.lang.IllegalArgumentException: Not implemented yet" type="java.lang.IllegalArgumentException">java.lang.IllegalArgumentException: Not implemented yet
	at jp.go.jpo.sa1s99.common.format.api.XmlToHtmlForAmendApi.execute(XmlToHtmlForAmendApi.java:32)
	at jp.go.jpo.sa1s99.common.format.integration.ExecuteXmlToHtmlForAmendApiByDirection.executeApi(ExecuteXmlToHtmlForAmendApiByDirection.java:26)
	at jp.go.jpo.sa1s99.common.format.integration.ExecuteXmlToHtmlForAmendApiByDirection.executeApi(ExecuteXmlToHtmlForAmendApiByDirection.java:13)
	at jp.go.jpo.sa1s99.common.format.integration.ExecuteApiByDirection.execute(ExecuteApiByDirection.java:28)
	at jp.go.jpo.sa1s99.common.format.integration.HtmlToXmlForAmendApiIntegrationTest.ファイル出力を比較する: #direction #parsedResult(HtmlToXmlForAmendApiIntegrationTest.groovy:29)
</failure>
  </testcase>
  <testcase name="ファイル出力を比較する: Direction{ s_InputDir: data/input/20101207-5.0-S-H22-0021/character-test/application-body/code-test-98, s_OutputDir: data/output/html_amend/20101207-5.0-S-H22-0021/character-test/application-body/code-test-98} null" classname="jp.go.jpo.sa1s99.common.format.integration.HtmlToXmlForAmendApiIntegrationTest" time="0.0">
    <failure message="java.lang.IllegalArgumentException: Not implemented yet" type="java.lang.IllegalArgumentException">java.lang.IllegalArgumentException: Not implemented yet
	at jp.go.jpo.sa1s99.common.format.api.XmlToHtmlForAmendApi.execute(XmlToHtmlForAmendApi.java:32)
	at jp.go.jpo.sa1s99.common.format.integration.ExecuteXmlToHtmlForAmendApiByDirection.executeApi(ExecuteXmlToHtmlForAmendApiByDirection.java:26)
	at jp.go.jpo.sa1s99.common.format.integration.ExecuteXmlToHtmlForAmendApiByDirection.executeApi(ExecuteXmlToHtmlForAmendApiByDirection.java:13)
	at jp.go.jpo.sa1s99.common.format.integration.ExecuteApiByDirection.execute(ExecuteApiByDirection.java:28)
	at jp.go.jpo.sa1s99.common.format.integration.HtmlToXmlForAmendApiIntegrationTest.ファイル出力を比較する: #direction #parsedResult(HtmlToXmlForAmendApiIntegrationTest.groovy:29)
</failure>
  </testcase>
  <testcase name="ファイル出力を比較する: Direction{ s_InputDir: data/input/20101207-5.0-S-H22-0021/character-test/application-body/code-test-99, s_OutputDir: data/output/html_amend/20101207-5.0-S-H22-0021/character-test/application-body/code-test-99} null" classname="jp.go.jpo.sa1s99.common.format.integration.HtmlToXmlForAmendApiIntegrationTest" time="0.0">
    <failure message="java.lang.IllegalArgumentException: Not implemented yet" type="java.lang.IllegalArgumentException">java.lang.IllegalArgumentException: Not implemented yet
	at jp.go.jpo.sa1s99.common.format.api.XmlToHtmlForAmendApi.execute(XmlToHtmlForAmendApi.java:32)
	at jp.go.jpo.sa1s99.common.format.integration.ExecuteXmlToHtmlForAmendApiByDirection.executeApi(ExecuteXmlToHtmlForAmendApiByDirection.java:26)
	at jp.go.jpo.sa1s99.common.format.integration.ExecuteXmlToHtmlForAmendApiByDirection.executeApi(ExecuteXmlToHtmlForAmendApiByDirection.java:13)
	at jp.go.jpo.sa1s99.common.format.integration.ExecuteApiByDirection.execute(ExecuteApiByDirection.java:28)
	at jp.go.jpo.sa1s99.common.format.integration.HtmlToXmlForAmendApiIntegrationTest.ファイル出力を比較する: #direction #parsedResult(HtmlToXmlForAmendApiIntegrationTest.groovy:29)
</failure>
  </testcase>
  <testcase name="ファイル出力を比較する: Direction{ s_InputDir: data/input/20101207-5.0-S-H22-0021/character-test/application-body/code-test-9A, s_OutputDir: data/output/html_amend/20101207-5.0-S-H22-0021/character-test/application-body/code-test-9A} null" classname="jp.go.jpo.sa1s99.common.format.integration.HtmlToXmlForAmendApiIntegrationTest" time="0.016">
    <failure message="java.lang.IllegalArgumentException: Not implemented yet" type="java.lang.IllegalArgumentException">java.lang.IllegalArgumentException: Not implemented yet
	at jp.go.jpo.sa1s99.common.format.api.XmlToHtmlForAmendApi.execute(XmlToHtmlForAmendApi.java:32)
	at jp.go.jpo.sa1s99.common.format.integration.ExecuteXmlToHtmlForAmendApiByDirection.executeApi(ExecuteXmlToHtmlForAmendApiByDirection.java:26)
	at jp.go.jpo.sa1s99.common.format.integration.ExecuteXmlToHtmlForAmendApiByDirection.executeApi(ExecuteXmlToHtmlForAmendApiByDirection.java:13)
	at jp.go.jpo.sa1s99.common.format.integration.ExecuteApiByDirection.execute(ExecuteApiByDirection.java:28)
	at jp.go.jpo.sa1s99.common.format.integration.HtmlToXmlForAmendApiIntegrationTest.ファイル出力を比較する: #direction #parsedResult(HtmlToXmlForAmendApiIntegrationTest.groovy:29)
</failure>
  </testcase>
  <testcase name="ファイル出力を比較する: Direction{ s_InputDir: data/input/20101207-5.0-S-H22-0021/character-test/application-body/code-test-9B, s_OutputDir: data/output/html_amend/20101207-5.0-S-H22-0021/character-test/application-body/code-test-9B} null" classname="jp.go.jpo.sa1s99.common.format.integration.HtmlToXmlForAmendApiIntegrationTest" time="0.0">
    <failure message="java.lang.IllegalArgumentException: Not implemented yet" type="java.lang.IllegalArgumentException">java.lang.IllegalArgumentException: Not implemented yet
	at jp.go.jpo.sa1s99.common.format.api.XmlToHtmlForAmendApi.execute(XmlToHtmlForAmendApi.java:32)
	at jp.go.jpo.sa1s99.common.format.integration.ExecuteXmlToHtmlForAmendApiByDirection.executeApi(ExecuteXmlToHtmlForAmendApiByDirection.java:26)
	at jp.go.jpo.sa1s99.common.format.integration.ExecuteXmlToHtmlForAmendApiByDirection.executeApi(ExecuteXmlToHtmlForAmendApiByDirection.java:13)
	at jp.go.jpo.sa1s99.common.format.integration.ExecuteApiByDirection.execute(ExecuteApiByDirection.java:28)
	at jp.go.jpo.sa1s99.common.format.integration.HtmlToXmlForAmendApiIntegrationTest.ファイル出力を比較する: #direction #parsedResult(HtmlToXmlForAmendApiIntegrationTest.groovy:29)
</failure>
  </testcase>
  <testcase name="ファイル出力を比較する: Direction{ s_InputDir: data/input/20101207-5.0-S-H22-0021/character-test/application-body/code-test-9C, s_OutputDir: data/output/html_amend/20101207-5.0-S-H22-0021/character-test/application-body/code-test-9C} null" classname="jp.go.jpo.sa1s99.common.format.integration.HtmlToXmlForAmendApiIntegrationTest" time="0.02">
    <failure message="java.lang.IllegalArgumentException: Not implemented yet" type="java.lang.IllegalArgumentException">java.lang.IllegalArgumentException: Not implemented yet
	at jp.go.jpo.sa1s99.common.format.api.XmlToHtmlForAmendApi.execute(XmlToHtmlForAmendApi.java:32)
	at jp.go.jpo.sa1s99.common.format.integration.ExecuteXmlToHtmlForAmendApiByDirection.executeApi(ExecuteXmlToHtmlForAmendApiByDirection.java:26)
	at jp.go.jpo.sa1s99.common.format.integration.ExecuteXmlToHtmlForAmendApiByDirection.executeApi(ExecuteXmlToHtmlForAmendApiByDirection.java:13)
	at jp.go.jpo.sa1s99.common.format.integration.ExecuteApiByDirection.execute(ExecuteApiByDirection.java:28)
	at jp.go.jpo.sa1s99.common.format.integration.HtmlToXmlForAmendApiIntegrationTest.ファイル出力を比較する: #direction #parsedResult(HtmlToXmlForAmendApiIntegrationTest.groovy:29)
</failure>
  </testcase>
  <testcase name="ファイル出力を比較する: Direction{ s_InputDir: data/input/20101207-5.0-S-H22-0021/character-test/application-body/code-test-9D, s_OutputDir: data/output/html_amend/20101207-5.0-S-H22-0021/character-test/application-body/code-test-9D} null" classname="jp.go.jpo.sa1s99.common.format.integration.HtmlToXmlForAmendApiIntegrationTest" time="0.002">
    <failure message="java.lang.IllegalArgumentException: Not implemented yet" type="java.lang.IllegalArgumentException">java.lang.IllegalArgumentException: Not implemented yet
	at jp.go.jpo.sa1s99.common.format.api.XmlToHtmlForAmendApi.execute(XmlToHtmlForAmendApi.java:32)
	at jp.go.jpo.sa1s99.common.format.integration.ExecuteXmlToHtmlForAmendApiByDirection.executeApi(ExecuteXmlToHtmlForAmendApiByDirection.java:26)
	at jp.go.jpo.sa1s99.common.format.integration.ExecuteXmlToHtmlForAmendApiByDirection.executeApi(ExecuteXmlToHtmlForAmendApiByDirection.java:13)
	at jp.go.jpo.sa1s99.common.format.integration.ExecuteApiByDirection.execute(ExecuteApiByDirection.java:28)
	at jp.go.jpo.sa1s99.common.format.integration.HtmlToXmlForAmendApiIntegrationTest.ファイル出力を比較する: #direction #parsedResult(HtmlToXmlForAmendApiIntegrationTest.groovy:29)
</failure>
  </testcase>
  <testcase name="ファイル出力を比較する: Direction{ s_InputDir: data/input/20101207-5.0-S-H22-0021/character-test/application-body/code-test-9E, s_OutputDir: data/output/html_amend/20101207-5.0-S-H22-0021/character-test/application-body/code-test-9E} null" classname="jp.go.jpo.sa1s99.common.format.integration.HtmlToXmlForAmendApiIntegrationTest" time="0.0">
    <failure message="java.lang.IllegalArgumentException: Not implemented yet" type="java.lang.IllegalArgumentException">java.lang.IllegalArgumentException: Not implemented yet
	at jp.go.jpo.sa1s99.common.format.api.XmlToHtmlForAmendApi.execute(XmlToHtmlForAmendApi.java:32)
	at jp.go.jpo.sa1s99.common.format.integration.ExecuteXmlToHtmlForAmendApiByDirection.executeApi(ExecuteXmlToHtmlForAmendApiByDirection.java:26)
	at jp.go.jpo.sa1s99.common.format.integration.ExecuteXmlToHtmlForAmendApiByDirection.executeApi(ExecuteXmlToHtmlForAmendApiByDirection.java:13)
	at jp.go.jpo.sa1s99.common.format.integration.ExecuteApiByDirection.execute(ExecuteApiByDirection.java:28)
	at jp.go.jpo.sa1s99.common.format.integration.HtmlToXmlForAmendApiIntegrationTest.ファイル出力を比較する: #direction #parsedResult(HtmlToXmlForAmendApiIntegrationTest.groovy:29)
</failure>
  </testcase>
  <testcase name="ファイル出力を比較する: Direction{ s_InputDir: data/input/20101207-5.0-S-H22-0021/character-test/application-body/code-test-9F, s_OutputDir: data/output/html_amend/20101207-5.0-S-H22-0021/character-test/application-body/code-test-9F} null" classname="jp.go.jpo.sa1s99.common.format.integration.HtmlToXmlForAmendApiIntegrationTest" time="0.0">
    <failure message="java.lang.IllegalArgumentException: Not implemented yet" type="java.lang.IllegalArgumentException">java.lang.IllegalArgumentException: Not implemented yet
	at jp.go.jpo.sa1s99.common.format.api.XmlToHtmlForAmendApi.execute(XmlToHtmlForAmendApi.java:32)
	at jp.go.jpo.sa1s99.common.format.integration.ExecuteXmlToHtmlForAmendApiByDirection.executeApi(ExecuteXmlToHtmlForAmendApiByDirection.java:26)
	at jp.go.jpo.sa1s99.common.format.integration.ExecuteXmlToHtmlForAmendApiByDirection.executeApi(ExecuteXmlToHtmlForAmendApiByDirection.java:13)
	at jp.go.jpo.sa1s99.common.format.integration.ExecuteApiByDirection.execute(ExecuteApiByDirection.java:28)
	at jp.go.jpo.sa1s99.common.format.integration.HtmlToXmlForAmendApiIntegrationTest.ファイル出力を比較する: #direction #parsedResult(HtmlToXmlForAmendApiIntegrationTest.groovy:29)
</failure>
  </testcase>
  <testcase name="ファイル出力を比較する: Direction{ s_InputDir: data/input/20101207-5.0-S-H22-0021/character-test/application-body/code-test-A0, s_OutputDir: data/output/html_amend/20101207-5.0-S-H22-0021/character-test/application-body/code-test-A0} null" classname="jp.go.jpo.sa1s99.common.format.integration.HtmlToXmlForAmendApiIntegrationTest" time="0.0">
    <failure message="java.lang.IllegalArgumentException: Not implemented yet" type="java.lang.IllegalArgumentException">java.lang.IllegalArgumentException: Not implemented yet
	at jp.go.jpo.sa1s99.common.format.api.XmlToHtmlForAmendApi.execute(XmlToHtmlForAmendApi.java:32)
	at jp.go.jpo.sa1s99.common.format.integration.ExecuteXmlToHtmlForAmendApiByDirection.executeApi(ExecuteXmlToHtmlForAmendApiByDirection.java:26)
	at jp.go.jpo.sa1s99.common.format.integration.ExecuteXmlToHtmlForAmendApiByDirection.executeApi(ExecuteXmlToHtmlForAmendApiByDirection.java:13)
	at jp.go.jpo.sa1s99.common.format.integration.ExecuteApiByDirection.execute(ExecuteApiByDirection.java:28)
	at jp.go.jpo.sa1s99.common.format.integration.HtmlToXmlForAmendApiIntegrationTest.ファイル出力を比較する: #direction #parsedResult(HtmlToXmlForAmendApiIntegrationTest.groovy:29)
</failure>
  </testcase>
  <testcase name="ファイル出力を比較する: Direction{ s_InputDir: data/input/20101207-5.0-S-H22-0021/character-test/application-body/code-test-E0, s_OutputDir: data/output/html_amend/20101207-5.0-S-H22-0021/character-test/application-body/code-test-E0} null" classname="jp.go.jpo.sa1s99.common.format.integration.HtmlToXmlForAmendApiIntegrationTest" time="0.016">
    <failure message="java.lang.IllegalArgumentException: Not implemented yet" type="java.lang.IllegalArgumentException">java.lang.IllegalArgumentException: Not implemented yet
	at jp.go.jpo.sa1s99.common.format.api.XmlToHtmlForAmendApi.execute(XmlToHtmlForAmendApi.java:32)
	at jp.go.jpo.sa1s99.common.format.integration.ExecuteXmlToHtmlForAmendApiByDirection.executeApi(ExecuteXmlToHtmlForAmendApiByDirection.java:26)
	at jp.go.jpo.sa1s99.common.format.integration.ExecuteXmlToHtmlForAmendApiByDirection.executeApi(ExecuteXmlToHtmlForAmendApiByDirection.java:13)
	at jp.go.jpo.sa1s99.common.format.integration.ExecuteApiByDirection.execute(ExecuteApiByDirection.java:28)
	at jp.go.jpo.sa1s99.common.format.integration.HtmlToXmlForAmendApiIntegrationTest.ファイル出力を比較する: #direction #parsedResult(HtmlToXmlForAmendApiIntegrationTest.groovy:29)
</failure>
  </testcase>
  <testcase name="ファイル出力を比較する: Direction{ s_InputDir: data/input/20101207-5.0-S-H22-0021/character-test/application-body/code-test-E1, s_OutputDir: data/output/html_amend/20101207-5.0-S-H22-0021/character-test/application-body/code-test-E1} null" classname="jp.go.jpo.sa1s99.common.format.integration.HtmlToXmlForAmendApiIntegrationTest" time="0.0">
    <failure message="java.lang.IllegalArgumentException: Not implemented yet" type="java.lang.IllegalArgumentException">java.lang.IllegalArgumentException: Not implemented yet
	at jp.go.jpo.sa1s99.common.format.api.XmlToHtmlForAmendApi.execute(XmlToHtmlForAmendApi.java:32)
	at jp.go.jpo.sa1s99.common.format.integration.ExecuteXmlToHtmlForAmendApiByDirection.executeApi(ExecuteXmlToHtmlForAmendApiByDirection.java:26)
	at jp.go.jpo.sa1s99.common.format.integration.ExecuteXmlToHtmlForAmendApiByDirection.executeApi(ExecuteXmlToHtmlForAmendApiByDirection.java:13)
	at jp.go.jpo.sa1s99.common.format.integration.ExecuteApiByDirection.execute(ExecuteApiByDirection.java:28)
	at jp.go.jpo.sa1s99.common.format.integration.HtmlToXmlForAmendApiIntegrationTest.ファイル出力を比較する: #direction #parsedResult(HtmlToXmlForAmendApiIntegrationTest.groovy:29)
</failure>
  </testcase>
  <testcase name="ファイル出力を比較する: Direction{ s_InputDir: data/input/20101207-5.0-S-H22-0021/character-test/application-body/code-test-E2, s_OutputDir: data/output/html_amend/20101207-5.0-S-H22-0021/character-test/application-body/code-test-E2} null" classname="jp.go.jpo.sa1s99.common.format.integration.HtmlToXmlForAmendApiIntegrationTest" time="0.0">
    <failure message="java.lang.IllegalArgumentException: Not implemented yet" type="java.lang.IllegalArgumentException">java.lang.IllegalArgumentException: Not implemented yet
	at jp.go.jpo.sa1s99.common.format.api.XmlToHtmlForAmendApi.execute(XmlToHtmlForAmendApi.java:32)
	at jp.go.jpo.sa1s99.common.format.integration.ExecuteXmlToHtmlForAmendApiByDirection.executeApi(ExecuteXmlToHtmlForAmendApiByDirection.java:26)
	at jp.go.jpo.sa1s99.common.format.integration.ExecuteXmlToHtmlForAmendApiByDirection.executeApi(ExecuteXmlToHtmlForAmendApiByDirection.java:13)
	at jp.go.jpo.sa1s99.common.format.integration.ExecuteApiByDirection.execute(ExecuteApiByDirection.java:28)
	at jp.go.jpo.sa1s99.common.format.integration.HtmlToXmlForAmendApiIntegrationTest.ファイル出力を比較する: #direction #parsedResult(HtmlToXmlForAmendApiIntegrationTest.groovy:29)
</failure>
  </testcase>
  <testcase name="ファイル出力を比較する: Direction{ s_InputDir: data/input/20101207-5.0-S-H22-0021/character-test/application-body/code-test-E3, s_OutputDir: data/output/html_amend/20101207-5.0-S-H22-0021/character-test/application-body/code-test-E3} null" classname="jp.go.jpo.sa1s99.common.format.integration.HtmlToXmlForAmendApiIntegrationTest" time="0.015">
    <failure message="java.lang.IllegalArgumentException: Not implemented yet" type="java.lang.IllegalArgumentException">java.lang.IllegalArgumentException: Not implemented yet
	at jp.go.jpo.sa1s99.common.format.api.XmlToHtmlForAmendApi.execute(XmlToHtmlForAmendApi.java:32)
	at jp.go.jpo.sa1s99.common.format.integration.ExecuteXmlToHtmlForAmendApiByDirection.executeApi(ExecuteXmlToHtmlForAmendApiByDirection.java:26)
	at jp.go.jpo.sa1s99.common.format.integration.ExecuteXmlToHtmlForAmendApiByDirection.executeApi(ExecuteXmlToHtmlForAmendApiByDirection.java:13)
	at jp.go.jpo.sa1s99.common.format.integration.ExecuteApiByDirection.execute(ExecuteApiByDirection.java:28)
	at jp.go.jpo.sa1s99.common.format.integration.HtmlToXmlForAmendApiIntegrationTest.ファイル出力を比較する: #direction #parsedResult(HtmlToXmlForAmendApiIntegrationTest.groovy:29)
</failure>
  </testcase>
  <testcase name="ファイル出力を比較する: Direction{ s_InputDir: data/input/20101207-5.0-S-H22-0021/character-test/application-body/code-test-E4, s_OutputDir: data/output/html_amend/20101207-5.0-S-H22-0021/character-test/application-body/code-test-E4} null" classname="jp.go.jpo.sa1s99.common.format.integration.HtmlToXmlForAmendApiIntegrationTest" time="0.0">
    <failure message="java.lang.IllegalArgumentException: Not implemented yet" type="java.lang.IllegalArgumentException">java.lang.IllegalArgumentException: Not implemented yet
	at jp.go.jpo.sa1s99.common.format.api.XmlToHtmlForAmendApi.execute(XmlToHtmlForAmendApi.java:32)
	at jp.go.jpo.sa1s99.common.format.integration.ExecuteXmlToHtmlForAmendApiByDirection.executeApi(ExecuteXmlToHtmlForAmendApiByDirection.java:26)
	at jp.go.jpo.sa1s99.common.format.integration.ExecuteXmlToHtmlForAmendApiByDirection.executeApi(ExecuteXmlToHtmlForAmendApiByDirection.java:13)
	at jp.go.jpo.sa1s99.common.format.integration.ExecuteApiByDirection.execute(ExecuteApiByDirection.java:28)
	at jp.go.jpo.sa1s99.common.format.integration.HtmlToXmlForAmendApiIntegrationTest.ファイル出力を比較する: #direction #parsedResult(HtmlToXmlForAmendApiIntegrationTest.groovy:29)
</failure>
  </testcase>
  <testcase name="ファイル出力を比較する: Direction{ s_InputDir: data/input/20101207-5.0-S-H22-0021/character-test/application-body/code-test-E5, s_OutputDir: data/output/html_amend/20101207-5.0-S-H22-0021/character-test/application-body/code-test-E5} null" classname="jp.go.jpo.sa1s99.common.format.integration.HtmlToXmlForAmendApiIntegrationTest" time="0.0">
    <failure message="java.lang.IllegalArgumentException: Not implemented yet" type="java.lang.IllegalArgumentException">java.lang.IllegalArgumentException: Not implemented yet
	at jp.go.jpo.sa1s99.common.format.api.XmlToHtmlForAmendApi.execute(XmlToHtmlForAmendApi.java:32)
	at jp.go.jpo.sa1s99.common.format.integration.ExecuteXmlToHtmlForAmendApiByDirection.executeApi(ExecuteXmlToHtmlForAmendApiByDirection.java:26)
	at jp.go.jpo.sa1s99.common.format.integration.ExecuteXmlToHtmlForAmendApiByDirection.executeApi(ExecuteXmlToHtmlForAmendApiByDirection.java:13)
	at jp.go.jpo.sa1s99.common.format.integration.ExecuteApiByDirection.execute(ExecuteApiByDirection.java:28)
	at jp.go.jpo.sa1s99.common.format.integration.HtmlToXmlForAmendApiIntegrationTest.ファイル出力を比較する: #direction #parsedResult(HtmlToXmlForAmendApiIntegrationTest.groovy:29)
</failure>
  </testcase>
  <testcase name="ファイル出力を比較する: Direction{ s_InputDir: data/input/20101207-5.0-S-H22-0021/character-test/application-body/code-test-E6, s_OutputDir: data/output/html_amend/20101207-5.0-S-H22-0021/character-test/application-body/code-test-E6} null" classname="jp.go.jpo.sa1s99.common.format.integration.HtmlToXmlForAmendApiIntegrationTest" time="0.0">
    <failure message="java.lang.IllegalArgumentException: Not implemented yet" type="java.lang.IllegalArgumentException">java.lang.IllegalArgumentException: Not implemented yet
	at jp.go.jpo.sa1s99.common.format.api.XmlToHtmlForAmendApi.execute(XmlToHtmlForAmendApi.java:32)
	at jp.go.jpo.sa1s99.common.format.integration.ExecuteXmlToHtmlForAmendApiByDirection.executeApi(ExecuteXmlToHtmlForAmendApiByDirection.java:26)
	at jp.go.jpo.sa1s99.common.format.integration.ExecuteXmlToHtmlForAmendApiByDirection.executeApi(ExecuteXmlToHtmlForAmendApiByDirection.java:13)
	at jp.go.jpo.sa1s99.common.format.integration.ExecuteApiByDirection.execute(ExecuteApiByDirection.java:28)
	at jp.go.jpo.sa1s99.common.format.integration.HtmlToXmlForAmendApiIntegrationTest.ファイル出力を比較する: #direction #parsedResult(HtmlToXmlForAmendApiIntegrationTest.groovy:29)
</failure>
  </testcase>
  <testcase name="ファイル出力を比較する: Direction{ s_InputDir: data/input/20101207-5.0-S-H22-0021/character-test/application-body/code-test-E7, s_OutputDir: data/output/html_amend/20101207-5.0-S-H22-0021/character-test/application-body/code-test-E7} null" classname="jp.go.jpo.sa1s99.common.format.integration.HtmlToXmlForAmendApiIntegrationTest" time="0.016">
    <failure message="java.lang.IllegalArgumentException: Not implemented yet" type="java.lang.IllegalArgumentException">java.lang.IllegalArgumentException: Not implemented yet
	at jp.go.jpo.sa1s99.common.format.api.XmlToHtmlForAmendApi.execute(XmlToHtmlForAmendApi.java:32)
	at jp.go.jpo.sa1s99.common.format.integration.ExecuteXmlToHtmlForAmendApiByDirection.executeApi(ExecuteXmlToHtmlForAmendApiByDirection.java:26)
	at jp.go.jpo.sa1s99.common.format.integration.ExecuteXmlToHtmlForAmendApiByDirection.executeApi(ExecuteXmlToHtmlForAmendApiByDirection.java:13)
	at jp.go.jpo.sa1s99.common.format.integration.ExecuteApiByDirection.execute(ExecuteApiByDirection.java:28)
	at jp.go.jpo.sa1s99.common.format.integration.HtmlToXmlForAmendApiIntegrationTest.ファイル出力を比較する: #direction #parsedResult(HtmlToXmlForAmendApiIntegrationTest.groovy:29)
</failure>
  </testcase>
  <testcase name="ファイル出力を比較する: Direction{ s_InputDir: data/input/20101207-5.0-S-H22-0021/character-test/application-body/code-test-E8, s_OutputDir: data/output/html_amend/20101207-5.0-S-H22-0021/character-test/application-body/code-test-E8} null" classname="jp.go.jpo.sa1s99.common.format.integration.HtmlToXmlForAmendApiIntegrationTest" time="0.0">
    <failure message="java.lang.IllegalArgumentException: Not implemented yet" type="java.lang.IllegalArgumentException">java.lang.IllegalArgumentException: Not implemented yet
	at jp.go.jpo.sa1s99.common.format.api.XmlToHtmlForAmendApi.execute(XmlToHtmlForAmendApi.java:32)
	at jp.go.jpo.sa1s99.common.format.integration.ExecuteXmlToHtmlForAmendApiByDirection.executeApi(ExecuteXmlToHtmlForAmendApiByDirection.java:26)
	at jp.go.jpo.sa1s99.common.format.integration.ExecuteXmlToHtmlForAmendApiByDirection.executeApi(ExecuteXmlToHtmlForAmendApiByDirection.java:13)
	at jp.go.jpo.sa1s99.common.format.integration.ExecuteApiByDirection.execute(ExecuteApiByDirection.java:28)
	at jp.go.jpo.sa1s99.common.format.integration.HtmlToXmlForAmendApiIntegrationTest.ファイル出力を比較する: #direction #parsedResult(HtmlToXmlForAmendApiIntegrationTest.groovy:29)
</failure>
  </testcase>
  <testcase name="ファイル出力を比較する: Direction{ s_InputDir: data/input/20101207-5.0-S-H22-0021/character-test/application-body/code-test-E9, s_OutputDir: data/output/html_amend/20101207-5.0-S-H22-0021/character-test/application-body/code-test-E9} null" classname="jp.go.jpo.sa1s99.common.format.integration.HtmlToXmlForAmendApiIntegrationTest" time="0.0">
    <failure message="java.lang.IllegalArgumentException: Not implemented yet" type="java.lang.IllegalArgumentException">java.lang.IllegalArgumentException: Not implemented yet
	at jp.go.jpo.sa1s99.common.format.api.XmlToHtmlForAmendApi.execute(XmlToHtmlForAmendApi.java:32)
	at jp.go.jpo.sa1s99.common.format.integration.ExecuteXmlToHtmlForAmendApiByDirection.executeApi(ExecuteXmlToHtmlForAmendApiByDirection.java:26)
	at jp.go.jpo.sa1s99.common.format.integration.ExecuteXmlToHtmlForAmendApiByDirection.executeApi(ExecuteXmlToHtmlForAmendApiByDirection.java:13)
	at jp.go.jpo.sa1s99.common.format.integration.ExecuteApiByDirection.execute(ExecuteApiByDirection.java:28)
	at jp.go.jpo.sa1s99.common.format.integration.HtmlToXmlForAmendApiIntegrationTest.ファイル出力を比較する: #direction #parsedResult(HtmlToXmlForAmendApiIntegrationTest.groovy:29)
</failure>
  </testcase>
  <testcase name="ファイル出力を比較する: Direction{ s_InputDir: data/input/20101207-5.0-S-H22-0021/character-test/application-body/code-test-EA, s_OutputDir: data/output/html_amend/20101207-5.0-S-H22-0021/character-test/application-body/code-test-EA} null" classname="jp.go.jpo.sa1s99.common.format.integration.HtmlToXmlForAmendApiIntegrationTest" time="0.0">
    <failure message="java.lang.IllegalArgumentException: Not implemented yet" type="java.lang.IllegalArgumentException">java.lang.IllegalArgumentException: Not implemented yet
	at jp.go.jpo.sa1s99.common.format.api.XmlToHtmlForAmendApi.execute(XmlToHtmlForAmendApi.java:32)
	at jp.go.jpo.sa1s99.common.format.integration.ExecuteXmlToHtmlForAmendApiByDirection.executeApi(ExecuteXmlToHtmlForAmendApiByDirection.java:26)
	at jp.go.jpo.sa1s99.common.format.integration.ExecuteXmlToHtmlForAmendApiByDirection.executeApi(ExecuteXmlToHtmlForAmendApiByDirection.java:13)
	at jp.go.jpo.sa1s99.common.format.integration.ExecuteApiByDirection.execute(ExecuteApiByDirection.java:28)
	at jp.go.jpo.sa1s99.common.format.integration.HtmlToXmlForAmendApiIntegrationTest.ファイル出力を比較する: #direction #parsedResult(HtmlToXmlForAmendApiIntegrationTest.groovy:29)
</failure>
  </testcase>
  <testcase name="ファイル出力を比較する: Direction{ s_InputDir: data/input/20101207-5.0-S-H22-0021/character-test/application-body/code-test-EB, s_OutputDir: data/output/html_amend/20101207-5.0-S-H22-0021/character-test/application-body/code-test-EB} null" classname="jp.go.jpo.sa1s99.common.format.integration.HtmlToXmlForAmendApiIntegrationTest" time="0.016">
    <failure message="java.lang.IllegalArgumentException: Not implemented yet" type="java.lang.IllegalArgumentException">java.lang.IllegalArgumentException: Not implemented yet
	at jp.go.jpo.sa1s99.common.format.api.XmlToHtmlForAmendApi.execute(XmlToHtmlForAmendApi.java:32)
	at jp.go.jpo.sa1s99.common.format.integration.ExecuteXmlToHtmlForAmendApiByDirection.executeApi(ExecuteXmlToHtmlForAmendApiByDirection.java:26)
	at jp.go.jpo.sa1s99.common.format.integration.ExecuteXmlToHtmlForAmendApiByDirection.executeApi(ExecuteXmlToHtmlForAmendApiByDirection.java:13)
	at jp.go.jpo.sa1s99.common.format.integration.ExecuteApiByDirection.execute(ExecuteApiByDirection.java:28)
	at jp.go.jpo.sa1s99.common.format.integration.HtmlToXmlForAmendApiIntegrationTest.ファイル出力を比較する: #direction #parsedResult(HtmlToXmlForAmendApiIntegrationTest.groovy:29)
</failure>
  </testcase>
  <testcase name="ファイル出力を比較する: Direction{ s_InputDir: data/input/20101207-5.0-S-H22-0021/character-test/application-body/code-test-EC, s_OutputDir: data/output/html_amend/20101207-5.0-S-H22-0021/character-test/application-body/code-test-EC} null" classname="jp.go.jpo.sa1s99.common.format.integration.HtmlToXmlForAmendApiIntegrationTest" time="0.0">
    <failure message="java.lang.IllegalArgumentException: Not implemented yet" type="java.lang.IllegalArgumentException">java.lang.IllegalArgumentException: Not implemented yet
	at jp.go.jpo.sa1s99.common.format.api.XmlToHtmlForAmendApi.execute(XmlToHtmlForAmendApi.java:32)
	at jp.go.jpo.sa1s99.common.format.integration.ExecuteXmlToHtmlForAmendApiByDirection.executeApi(ExecuteXmlToHtmlForAmendApiByDirection.java:26)
	at jp.go.jpo.sa1s99.common.format.integration.ExecuteXmlToHtmlForAmendApiByDirection.executeApi(ExecuteXmlToHtmlForAmendApiByDirection.java:13)
	at jp.go.jpo.sa1s99.common.format.integration.ExecuteApiByDirection.execute(ExecuteApiByDirection.java:28)
	at jp.go.jpo.sa1s99.common.format.integration.HtmlToXmlForAmendApiIntegrationTest.ファイル出力を比較する: #direction #parsedResult(HtmlToXmlForAmendApiIntegrationTest.groovy:29)
</failure>
  </testcase>
  <testcase name="ファイル出力を比較する: Direction{ s_InputDir: data/input/20101207-5.0-S-H22-0021/character-test/application-body/code-test-ED, s_OutputDir: data/output/html_amend/20101207-5.0-S-H22-0021/character-test/application-body/code-test-ED} null" classname="jp.go.jpo.sa1s99.common.format.integration.HtmlToXmlForAmendApiIntegrationTest" time="0.0">
    <failure message="java.lang.IllegalArgumentException: Not implemented yet" type="java.lang.IllegalArgumentException">java.lang.IllegalArgumentException: Not implemented yet
	at jp.go.jpo.sa1s99.common.format.api.XmlToHtmlForAmendApi.execute(XmlToHtmlForAmendApi.java:32)
	at jp.go.jpo.sa1s99.common.format.integration.ExecuteXmlToHtmlForAmendApiByDirection.executeApi(ExecuteXmlToHtmlForAmendApiByDirection.java:26)
	at jp.go.jpo.sa1s99.common.format.integration.ExecuteXmlToHtmlForAmendApiByDirection.executeApi(ExecuteXmlToHtmlForAmendApiByDirection.java:13)
	at jp.go.jpo.sa1s99.common.format.integration.ExecuteApiByDirection.execute(ExecuteApiByDirection.java:28)
	at jp.go.jpo.sa1s99.common.format.integration.HtmlToXmlForAmendApiIntegrationTest.ファイル出力を比較する: #direction #parsedResult(HtmlToXmlForAmendApiIntegrationTest.groovy:29)
</failure>
  </testcase>
  <testcase name="ファイル出力を比較する: Direction{ s_InputDir: data/input/20101207-5.0-S-H22-0021/character-test/application-body/code-test-EE, s_OutputDir: data/output/html_amend/20101207-5.0-S-H22-0021/character-test/application-body/code-test-EE} null" classname="jp.go.jpo.sa1s99.common.format.integration.HtmlToXmlForAmendApiIntegrationTest" time="0.015">
    <failure message="java.lang.IllegalArgumentException: Not implemented yet" type="java.lang.IllegalArgumentException">java.lang.IllegalArgumentException: Not implemented yet
	at jp.go.jpo.sa1s99.common.format.api.XmlToHtmlForAmendApi.execute(XmlToHtmlForAmendApi.java:32)
	at jp.go.jpo.sa1s99.common.format.integration.ExecuteXmlToHtmlForAmendApiByDirection.executeApi(ExecuteXmlToHtmlForAmendApiByDirection.java:26)
	at jp.go.jpo.sa1s99.common.format.integration.ExecuteXmlToHtmlForAmendApiByDirection.executeApi(ExecuteXmlToHtmlForAmendApiByDirection.java:13)
	at jp.go.jpo.sa1s99.common.format.integration.ExecuteApiByDirection.execute(ExecuteApiByDirection.java:28)
	at jp.go.jpo.sa1s99.common.format.integration.HtmlToXmlForAmendApiIntegrationTest.ファイル出力を比較する: #direction #parsedResult(HtmlToXmlForAmendApiIntegrationTest.groovy:29)
</failure>
  </testcase>
  <testcase name="ファイル出力を比較する: Direction{ s_InputDir: data/input/20101207-5.0-S-H22-0021/character-test/application-body/code-test-EF, s_OutputDir: data/output/html_amend/20101207-5.0-S-H22-0021/character-test/application-body/code-test-EF} null" classname="jp.go.jpo.sa1s99.common.format.integration.HtmlToXmlForAmendApiIntegrationTest" time="0.0">
    <failure message="java.lang.IllegalArgumentException: Not implemented yet" type="java.lang.IllegalArgumentException">java.lang.IllegalArgumentException: Not implemented yet
	at jp.go.jpo.sa1s99.common.format.api.XmlToHtmlForAmendApi.execute(XmlToHtmlForAmendApi.java:32)
	at jp.go.jpo.sa1s99.common.format.integration.ExecuteXmlToHtmlForAmendApiByDirection.executeApi(ExecuteXmlToHtmlForAmendApiByDirection.java:26)
	at jp.go.jpo.sa1s99.common.format.integration.ExecuteXmlToHtmlForAmendApiByDirection.executeApi(ExecuteXmlToHtmlForAmendApiByDirection.java:13)
	at jp.go.jpo.sa1s99.common.format.integration.ExecuteApiByDirection.execute(ExecuteApiByDirection.java:28)
	at jp.go.jpo.sa1s99.common.format.integration.HtmlToXmlForAmendApiIntegrationTest.ファイル出力を比較する: #direction #parsedResult(HtmlToXmlForAmendApiIntegrationTest.groovy:29)
</failure>
  </testcase>
  <testcase name="ファイル出力を比較する: Direction{ s_InputDir: data/input/20101207-5.0-S-H22-0021/character-test/application-body/code-test-F0, s_OutputDir: data/output/html_amend/20101207-5.0-S-H22-0021/character-test/application-body/code-test-F0} null" classname="jp.go.jpo.sa1s99.common.format.integration.HtmlToXmlForAmendApiIntegrationTest" time="0.0">
    <failure message="java.lang.IllegalArgumentException: Not implemented yet" type="java.lang.IllegalArgumentException">java.lang.IllegalArgumentException: Not implemented yet
	at jp.go.jpo.sa1s99.common.format.api.XmlToHtmlForAmendApi.execute(XmlToHtmlForAmendApi.java:32)
	at jp.go.jpo.sa1s99.common.format.integration.ExecuteXmlToHtmlForAmendApiByDirection.executeApi(ExecuteXmlToHtmlForAmendApiByDirection.java:26)
	at jp.go.jpo.sa1s99.common.format.integration.ExecuteXmlToHtmlForAmendApiByDirection.executeApi(ExecuteXmlToHtmlForAmendApiByDirection.java:13)
	at jp.go.jpo.sa1s99.common.format.integration.ExecuteApiByDirection.execute(ExecuteApiByDirection.java:28)
	at jp.go.jpo.sa1s99.common.format.integration.HtmlToXmlForAmendApiIntegrationTest.ファイル出力を比較する: #direction #parsedResult(HtmlToXmlForAmendApiIntegrationTest.groovy:29)
</failure>
  </testcase>
  <testcase name="ファイル出力を比較する: Direction{ s_InputDir: data/input/20101207-5.0-S-H22-0021/character-test/application-body/code-test-F1, s_OutputDir: data/output/html_amend/20101207-5.0-S-H22-0021/character-test/application-body/code-test-F1} null" classname="jp.go.jpo.sa1s99.common.format.integration.HtmlToXmlForAmendApiIntegrationTest" time="0.0">
    <failure message="java.lang.IllegalArgumentException: Not implemented yet" type="java.lang.IllegalArgumentException">java.lang.IllegalArgumentException: Not implemented yet
	at jp.go.jpo.sa1s99.common.format.api.XmlToHtmlForAmendApi.execute(XmlToHtmlForAmendApi.java:32)
	at jp.go.jpo.sa1s99.common.format.integration.ExecuteXmlToHtmlForAmendApiByDirection.executeApi(ExecuteXmlToHtmlForAmendApiByDirection.java:26)
	at jp.go.jpo.sa1s99.common.format.integration.ExecuteXmlToHtmlForAmendApiByDirection.executeApi(ExecuteXmlToHtmlForAmendApiByDirection.java:13)
	at jp.go.jpo.sa1s99.common.format.integration.ExecuteApiByDirection.execute(ExecuteApiByDirection.java:28)
	at jp.go.jpo.sa1s99.common.format.integration.HtmlToXmlForAmendApiIntegrationTest.ファイル出力を比較する: #direction #parsedResult(HtmlToXmlForAmendApiIntegrationTest.groovy:29)
</failure>
  </testcase>
  <testcase name="ファイル出力を比較する: Direction{ s_InputDir: data/input/20101207-5.0-S-H22-0021/character-test/application-body/code-test-F2, s_OutputDir: data/output/html_amend/20101207-5.0-S-H22-0021/character-test/application-body/code-test-F2} null" classname="jp.go.jpo.sa1s99.common.format.integration.HtmlToXmlForAmendApiIntegrationTest" time="0.018">
    <failure message="java.lang.IllegalArgumentException: Not implemented yet" type="java.lang.IllegalArgumentException">java.lang.IllegalArgumentException: Not implemented yet
	at jp.go.jpo.sa1s99.common.format.api.XmlToHtmlForAmendApi.execute(XmlToHtmlForAmendApi.java:32)
	at jp.go.jpo.sa1s99.common.format.integration.ExecuteXmlToHtmlForAmendApiByDirection.executeApi(ExecuteXmlToHtmlForAmendApiByDirection.java:26)
	at jp.go.jpo.sa1s99.common.format.integration.ExecuteXmlToHtmlForAmendApiByDirection.executeApi(ExecuteXmlToHtmlForAmendApiByDirection.java:13)
	at jp.go.jpo.sa1s99.common.format.integration.ExecuteApiByDirection.execute(ExecuteApiByDirection.java:28)
	at jp.go.jpo.sa1s99.common.format.integration.HtmlToXmlForAmendApiIntegrationTest.ファイル出力を比較する: #direction #parsedResult(HtmlToXmlForAmendApiIntegrationTest.groovy:29)
</failure>
  </testcase>
  <testcase name="ファイル出力を比較する: Direction{ s_InputDir: data/input/20101207-5.0-S-H22-0021/character-test/application-body/code-test-F3, s_OutputDir: data/output/html_amend/20101207-5.0-S-H22-0021/character-test/application-body/code-test-F3} null" classname="jp.go.jpo.sa1s99.common.format.integration.HtmlToXmlForAmendApiIntegrationTest" time="0.004">
    <failure message="java.lang.IllegalArgumentException: Not implemented yet" type="java.lang.IllegalArgumentException">java.lang.IllegalArgumentException: Not implemented yet
	at jp.go.jpo.sa1s99.common.format.api.XmlToHtmlForAmendApi.execute(XmlToHtmlForAmendApi.java:32)
	at jp.go.jpo.sa1s99.common.format.integration.ExecuteXmlToHtmlForAmendApiByDirection.executeApi(ExecuteXmlToHtmlForAmendApiByDirection.java:26)
	at jp.go.jpo.sa1s99.common.format.integration.ExecuteXmlToHtmlForAmendApiByDirection.executeApi(ExecuteXmlToHtmlForAmendApiByDirection.java:13)
	at jp.go.jpo.sa1s99.common.format.integration.ExecuteApiByDirection.execute(ExecuteApiByDirection.java:28)
	at jp.go.jpo.sa1s99.common.format.integration.HtmlToXmlForAmendApiIntegrationTest.ファイル出力を比較する: #direction #parsedResult(HtmlToXmlForAmendApiIntegrationTest.groovy:29)
</failure>
  </testcase>
  <testcase name="ファイル出力を比較する: Direction{ s_InputDir: data/input/20101207-5.0-S-H22-0021/character-test/application-body/code-test-F4, s_OutputDir: data/output/html_amend/20101207-5.0-S-H22-0021/character-test/application-body/code-test-F4} null" classname="jp.go.jpo.sa1s99.common.format.integration.HtmlToXmlForAmendApiIntegrationTest" time="0.0">
    <failure message="java.lang.IllegalArgumentException: Not implemented yet" type="java.lang.IllegalArgumentException">java.lang.IllegalArgumentException: Not implemented yet
	at jp.go.jpo.sa1s99.common.format.api.XmlToHtmlForAmendApi.execute(XmlToHtmlForAmendApi.java:32)
	at jp.go.jpo.sa1s99.common.format.integration.ExecuteXmlToHtmlForAmendApiByDirection.executeApi(ExecuteXmlToHtmlForAmendApiByDirection.java:26)
	at jp.go.jpo.sa1s99.common.format.integration.ExecuteXmlToHtmlForAmendApiByDirection.executeApi(ExecuteXmlToHtmlForAmendApiByDirection.java:13)
	at jp.go.jpo.sa1s99.common.format.integration.ExecuteApiByDirection.execute(ExecuteApiByDirection.java:28)
	at jp.go.jpo.sa1s99.common.format.integration.HtmlToXmlForAmendApiIntegrationTest.ファイル出力を比較する: #direction #parsedResult(HtmlToXmlForAmendApiIntegrationTest.groovy:29)
</failure>
  </testcase>
  <testcase name="ファイル出力を比較する: Direction{ s_InputDir: data/input/20101207-5.0-S-H22-0021/character-test/application-body/code-test-F5, s_OutputDir: data/output/html_amend/20101207-5.0-S-H22-0021/character-test/application-body/code-test-F5} null" classname="jp.go.jpo.sa1s99.common.format.integration.HtmlToXmlForAmendApiIntegrationTest" time="0.0">
    <failure message="java.lang.IllegalArgumentException: Not implemented yet" type="java.lang.IllegalArgumentException">java.lang.IllegalArgumentException: Not implemented yet
	at jp.go.jpo.sa1s99.common.format.api.XmlToHtmlForAmendApi.execute(XmlToHtmlForAmendApi.java:32)
	at jp.go.jpo.sa1s99.common.format.integration.ExecuteXmlToHtmlForAmendApiByDirection.executeApi(ExecuteXmlToHtmlForAmendApiByDirection.java:26)
	at jp.go.jpo.sa1s99.common.format.integration.ExecuteXmlToHtmlForAmendApiByDirection.executeApi(ExecuteXmlToHtmlForAmendApiByDirection.java:13)
	at jp.go.jpo.sa1s99.common.format.integration.ExecuteApiByDirection.execute(ExecuteApiByDirection.java:28)
	at jp.go.jpo.sa1s99.common.format.integration.HtmlToXmlForAmendApiIntegrationTest.ファイル出力を比較する: #direction #parsedResult(HtmlToXmlForAmendApiIntegrationTest.groovy:29)
</failure>
  </testcase>
  <testcase name="ファイル出力を比較する: Direction{ s_InputDir: data/input/20101207-5.0-S-H22-0021/character-test/application-body/code-test-F6, s_OutputDir: data/output/html_amend/20101207-5.0-S-H22-0021/character-test/application-body/code-test-F6} null" classname="jp.go.jpo.sa1s99.common.format.integration.HtmlToXmlForAmendApiIntegrationTest" time="0.0">
    <failure message="java.lang.IllegalArgumentException: Not implemented yet" type="java.lang.IllegalArgumentException">java.lang.IllegalArgumentException: Not implemented yet
	at jp.go.jpo.sa1s99.common.format.api.XmlToHtmlForAmendApi.execute(XmlToHtmlForAmendApi.java:32)
	at jp.go.jpo.sa1s99.common.format.integration.ExecuteXmlToHtmlForAmendApiByDirection.executeApi(ExecuteXmlToHtmlForAmendApiByDirection.java:26)
	at jp.go.jpo.sa1s99.common.format.integration.ExecuteXmlToHtmlForAmendApiByDirection.executeApi(ExecuteXmlToHtmlForAmendApiByDirection.java:13)
	at jp.go.jpo.sa1s99.common.format.integration.ExecuteApiByDirection.execute(ExecuteApiByDirection.java:28)
	at jp.go.jpo.sa1s99.common.format.integration.HtmlToXmlForAmendApiIntegrationTest.ファイル出力を比較する: #direction #parsedResult(HtmlToXmlForAmendApiIntegrationTest.groovy:29)
</failure>
  </testcase>
  <testcase name="ファイル出力を比較する: Direction{ s_InputDir: data/input/20101207-5.0-S-H22-0021/character-test/application-body/code-test-F7, s_OutputDir: data/output/html_amend/20101207-5.0-S-H22-0021/character-test/application-body/code-test-F7} null" classname="jp.go.jpo.sa1s99.common.format.integration.HtmlToXmlForAmendApiIntegrationTest" time="0.016">
    <failure message="java.lang.IllegalArgumentException: Not implemented yet" type="java.lang.IllegalArgumentException">java.lang.IllegalArgumentException: Not implemented yet
	at jp.go.jpo.sa1s99.common.format.api.XmlToHtmlForAmendApi.execute(XmlToHtmlForAmendApi.java:32)
	at jp.go.jpo.sa1s99.common.format.integration.ExecuteXmlToHtmlForAmendApiByDirection.executeApi(ExecuteXmlToHtmlForAmendApiByDirection.java:26)
	at jp.go.jpo.sa1s99.common.format.integration.ExecuteXmlToHtmlForAmendApiByDirection.executeApi(ExecuteXmlToHtmlForAmendApiByDirection.java:13)
	at jp.go.jpo.sa1s99.common.format.integration.ExecuteApiByDirection.execute(ExecuteApiByDirection.java:28)
	at jp.go.jpo.sa1s99.common.format.integration.HtmlToXmlForAmendApiIntegrationTest.ファイル出力を比較する: #direction #parsedResult(HtmlToXmlForAmendApiIntegrationTest.groovy:29)
</failure>
  </testcase>
  <testcase name="ファイル出力を比較する: Direction{ s_InputDir: data/input/20101207-5.0-S-H22-0021/character-test/application-body/code-test-F8, s_OutputDir: data/output/html_amend/20101207-5.0-S-H22-0021/character-test/application-body/code-test-F8} null" classname="jp.go.jpo.sa1s99.common.format.integration.HtmlToXmlForAmendApiIntegrationTest" time="0.0">
    <failure message="java.lang.IllegalArgumentException: Not implemented yet" type="java.lang.IllegalArgumentException">java.lang.IllegalArgumentException: Not implemented yet
	at jp.go.jpo.sa1s99.common.format.api.XmlToHtmlForAmendApi.execute(XmlToHtmlForAmendApi.java:32)
	at jp.go.jpo.sa1s99.common.format.integration.ExecuteXmlToHtmlForAmendApiByDirection.executeApi(ExecuteXmlToHtmlForAmendApiByDirection.java:26)
	at jp.go.jpo.sa1s99.common.format.integration.ExecuteXmlToHtmlForAmendApiByDirection.executeApi(ExecuteXmlToHtmlForAmendApiByDirection.java:13)
	at jp.go.jpo.sa1s99.common.format.integration.ExecuteApiByDirection.execute(ExecuteApiByDirection.java:28)
	at jp.go.jpo.sa1s99.common.format.integration.HtmlToXmlForAmendApiIntegrationTest.ファイル出力を比較する: #direction #parsedResult(HtmlToXmlForAmendApiIntegrationTest.groovy:29)
</failure>
  </testcase>
  <testcase name="ファイル出力を比較する: Direction{ s_InputDir: data/input/20101207-5.0-S-H22-0021/character-test/application-body/code-test-F9, s_OutputDir: data/output/html_amend/20101207-5.0-S-H22-0021/character-test/application-body/code-test-F9} null" classname="jp.go.jpo.sa1s99.common.format.integration.HtmlToXmlForAmendApiIntegrationTest" time="0.0">
    <failure message="java.lang.IllegalArgumentException: Not implemented yet" type="java.lang.IllegalArgumentException">java.lang.IllegalArgumentException: Not implemented yet
	at jp.go.jpo.sa1s99.common.format.api.XmlToHtmlForAmendApi.execute(XmlToHtmlForAmendApi.java:32)
	at jp.go.jpo.sa1s99.common.format.integration.ExecuteXmlToHtmlForAmendApiByDirection.executeApi(ExecuteXmlToHtmlForAmendApiByDirection.java:26)
	at jp.go.jpo.sa1s99.common.format.integration.ExecuteXmlToHtmlForAmendApiByDirection.executeApi(ExecuteXmlToHtmlForAmendApiByDirection.java:13)
	at jp.go.jpo.sa1s99.common.format.integration.ExecuteApiByDirection.execute(ExecuteApiByDirection.java:28)
	at jp.go.jpo.sa1s99.common.format.integration.HtmlToXmlForAmendApiIntegrationTest.ファイル出力を比較する: #direction #parsedResult(HtmlToXmlForAmendApiIntegrationTest.groovy:29)
</failure>
  </testcase>
  <testcase name="ファイル出力を比較する: Direction{ s_InputDir: data/input/20101207-5.0-S-H22-0021/character-test/application-body/code-test-FA, s_OutputDir: data/output/html_amend/20101207-5.0-S-H22-0021/character-test/application-body/code-test-FA} null" classname="jp.go.jpo.sa1s99.common.format.integration.HtmlToXmlForAmendApiIntegrationTest" time="0.0">
    <failure message="java.lang.IllegalArgumentException: Not implemented yet" type="java.lang.IllegalArgumentException">java.lang.IllegalArgumentException: Not implemented yet
	at jp.go.jpo.sa1s99.common.format.api.XmlToHtmlForAmendApi.execute(XmlToHtmlForAmendApi.java:32)
	at jp.go.jpo.sa1s99.common.format.integration.ExecuteXmlToHtmlForAmendApiByDirection.executeApi(ExecuteXmlToHtmlForAmendApiByDirection.java:26)
	at jp.go.jpo.sa1s99.common.format.integration.ExecuteXmlToHtmlForAmendApiByDirection.executeApi(ExecuteXmlToHtmlForAmendApiByDirection.java:13)
	at jp.go.jpo.sa1s99.common.format.integration.ExecuteApiByDirection.execute(ExecuteApiByDirection.java:28)
	at jp.go.jpo.sa1s99.common.format.integration.HtmlToXmlForAmendApiIntegrationTest.ファイル出力を比較する: #direction #parsedResult(HtmlToXmlForAmendApiIntegrationTest.groovy:29)
</failure>
  </testcase>
  <testcase name="ファイル出力を比較する: Direction{ s_InputDir: data/input/20101207-5.0-S-H22-0021/character-test/application-body/code-test-FB, s_OutputDir: data/output/html_amend/20101207-5.0-S-H22-0021/character-test/application-body/code-test-FB} null" classname="jp.go.jpo.sa1s99.common.format.integration.HtmlToXmlForAmendApiIntegrationTest" time="0.016">
    <failure message="java.lang.IllegalArgumentException: Not implemented yet" type="java.lang.IllegalArgumentException">java.lang.IllegalArgumentException: Not implemented yet
	at jp.go.jpo.sa1s99.common.format.api.XmlToHtmlForAmendApi.execute(XmlToHtmlForAmendApi.java:32)
	at jp.go.jpo.sa1s99.common.format.integration.ExecuteXmlToHtmlForAmendApiByDirection.executeApi(ExecuteXmlToHtmlForAmendApiByDirection.java:26)
	at jp.go.jpo.sa1s99.common.format.integration.ExecuteXmlToHtmlForAmendApiByDirection.executeApi(ExecuteXmlToHtmlForAmendApiByDirection.java:13)
	at jp.go.jpo.sa1s99.common.format.integration.ExecuteApiByDirection.execute(ExecuteApiByDirection.java:28)
	at jp.go.jpo.sa1s99.common.format.integration.HtmlToXmlForAmendApiIntegrationTest.ファイル出力を比較する: #direction #parsedResult(HtmlToXmlForAmendApiIntegrationTest.groovy:29)
</failure>
  </testcase>
  <testcase name="ファイル出力を比較する: Direction{ s_InputDir: data/input/20101207-5.0-S-H22-0021/character-test/application-body/code-test-FC, s_OutputDir: data/output/html_amend/20101207-5.0-S-H22-0021/character-test/application-body/code-test-FC} null" classname="jp.go.jpo.sa1s99.common.format.integration.HtmlToXmlForAmendApiIntegrationTest" time="0.0">
    <failure message="java.lang.IllegalArgumentException: Not implemented yet" type="java.lang.IllegalArgumentException">java.lang.IllegalArgumentException: Not implemented yet
	at jp.go.jpo.sa1s99.common.format.api.XmlToHtmlForAmendApi.execute(XmlToHtmlForAmendApi.java:32)
	at jp.go.jpo.sa1s99.common.format.integration.ExecuteXmlToHtmlForAmendApiByDirection.executeApi(ExecuteXmlToHtmlForAmendApiByDirection.java:26)
	at jp.go.jpo.sa1s99.common.format.integration.ExecuteXmlToHtmlForAmendApiByDirection.executeApi(ExecuteXmlToHtmlForAmendApiByDirection.java:13)
	at jp.go.jpo.sa1s99.common.format.integration.ExecuteApiByDirection.execute(ExecuteApiByDirection.java:28)
	at jp.go.jpo.sa1s99.common.format.integration.HtmlToXmlForAmendApiIntegrationTest.ファイル出力を比較する: #direction #parsedResult(HtmlToXmlForAmendApiIntegrationTest.groovy:29)
</failure>
  </testcase>
  <testcase name="ファイル出力を比較する: Direction{ s_InputDir: data/input/20101207-5.0-S-H22-0021/character-test/application-body/code-test-FD, s_OutputDir: data/output/html_amend/20101207-5.0-S-H22-0021/character-test/application-body/code-test-FD} null" classname="jp.go.jpo.sa1s99.common.format.integration.HtmlToXmlForAmendApiIntegrationTest" time="0.0">
    <failure message="java.lang.IllegalArgumentException: Not implemented yet" type="java.lang.IllegalArgumentException">java.lang.IllegalArgumentException: Not implemented yet
	at jp.go.jpo.sa1s99.common.format.api.XmlToHtmlForAmendApi.execute(XmlToHtmlForAmendApi.java:32)
	at jp.go.jpo.sa1s99.common.format.integration.ExecuteXmlToHtmlForAmendApiByDirection.executeApi(ExecuteXmlToHtmlForAmendApiByDirection.java:26)
	at jp.go.jpo.sa1s99.common.format.integration.ExecuteXmlToHtmlForAmendApiByDirection.executeApi(ExecuteXmlToHtmlForAmendApiByDirection.java:13)
	at jp.go.jpo.sa1s99.common.format.integration.ExecuteApiByDirection.execute(ExecuteApiByDirection.java:28)
	at jp.go.jpo.sa1s99.common.format.integration.HtmlToXmlForAmendApiIntegrationTest.ファイル出力を比較する: #direction #parsedResult(HtmlToXmlForAmendApiIntegrationTest.groovy:29)
</failure>
  </testcase>
  <testcase name="ファイル出力を比較する: Direction{ s_InputDir: data/input/20101207-5.0-S-H22-0021/character-test/application-body/code-test-FE, s_OutputDir: data/output/html_amend/20101207-5.0-S-H22-0021/character-test/application-body/code-test-FE} null" classname="jp.go.jpo.sa1s99.common.format.integration.HtmlToXmlForAmendApiIntegrationTest" time="0.0">
    <failure message="java.lang.IllegalArgumentException: Not implemented yet" type="java.lang.IllegalArgumentException">java.lang.IllegalArgumentException: Not implemented yet
	at jp.go.jpo.sa1s99.common.format.api.XmlToHtmlForAmendApi.execute(XmlToHtmlForAmendApi.java:32)
	at jp.go.jpo.sa1s99.common.format.integration.ExecuteXmlToHtmlForAmendApiByDirection.executeApi(ExecuteXmlToHtmlForAmendApiByDirection.java:26)
	at jp.go.jpo.sa1s99.common.format.integration.ExecuteXmlToHtmlForAmendApiByDirection.executeApi(ExecuteXmlToHtmlForAmendApiByDirection.java:13)
	at jp.go.jpo.sa1s99.common.format.integration.ExecuteApiByDirection.execute(ExecuteApiByDirection.java:28)
	at jp.go.jpo.sa1s99.common.format.integration.HtmlToXmlForAmendApiIntegrationTest.ファイル出力を比較する: #direction #parsedResult(HtmlToXmlForAmendApiIntegrationTest.groovy:29)
</failure>
  </testcase>
  <testcase name="ファイル出力を比較する: Direction{ s_InputDir: data/input/20101207-5.0-S-H22-0021/character-test/application-body/code-test-FF, s_OutputDir: data/output/html_amend/20101207-5.0-S-H22-0021/character-test/application-body/code-test-FF} null" classname="jp.go.jpo.sa1s99.common.format.integration.HtmlToXmlForAmendApiIntegrationTest" time="0.015">
    <failure message="java.lang.IllegalArgumentException: Not implemented yet" type="java.lang.IllegalArgumentException">java.lang.IllegalArgumentException: Not implemented yet
	at jp.go.jpo.sa1s99.common.format.api.XmlToHtmlForAmendApi.execute(XmlToHtmlForAmendApi.java:32)
	at jp.go.jpo.sa1s99.common.format.integration.ExecuteXmlToHtmlForAmendApiByDirection.executeApi(ExecuteXmlToHtmlForAmendApiByDirection.java:26)
	at jp.go.jpo.sa1s99.common.format.integration.ExecuteXmlToHtmlForAmendApiByDirection.executeApi(ExecuteXmlToHtmlForAmendApiByDirection.java:13)
	at jp.go.jpo.sa1s99.common.format.integration.ExecuteApiByDirection.execute(ExecuteApiByDirection.java:28)
	at jp.go.jpo.sa1s99.common.format.integration.HtmlToXmlForAmendApiIntegrationTest.ファイル出力を比較する: #direction #parsedResult(HtmlToXmlForAmendApiIntegrationTest.groovy:29)
</failure>
  </testcase>
  <testcase name="ファイル出力を比較する: Direction{ s_InputDir: data/input/20101207-5.0-S-H22-0021/character-test/application-body/entity-reference-test-00, s_OutputDir: data/output/html_amend/20101207-5.0-S-H22-0021/character-test/application-body/entity-reference-test-00} null" classname="jp.go.jpo.sa1s99.common.format.integration.HtmlToXmlForAmendApiIntegrationTest" time="0.0">
    <failure message="java.lang.IllegalArgumentException: Not implemented yet" type="java.lang.IllegalArgumentException">java.lang.IllegalArgumentException: Not implemented yet
	at jp.go.jpo.sa1s99.common.format.api.XmlToHtmlForAmendApi.execute(XmlToHtmlForAmendApi.java:32)
	at jp.go.jpo.sa1s99.common.format.integration.ExecuteXmlToHtmlForAmendApiByDirection.executeApi(ExecuteXmlToHtmlForAmendApiByDirection.java:26)
	at jp.go.jpo.sa1s99.common.format.integration.ExecuteXmlToHtmlForAmendApiByDirection.executeApi(ExecuteXmlToHtmlForAmendApiByDirection.java:13)
	at jp.go.jpo.sa1s99.common.format.integration.ExecuteApiByDirection.execute(ExecuteApiByDirection.java:28)
	at jp.go.jpo.sa1s99.common.format.integration.HtmlToXmlForAmendApiIntegrationTest.ファイル出力を比較する: #direction #parsedResult(HtmlToXmlForAmendApiIntegrationTest.groovy:29)
</failure>
  </testcase>
  <testcase name="ファイル出力を比較する: Direction{ s_InputDir: data/input/20101207-5.0-S-H22-0021/character-test/application-body/entity-reference-test-01, s_OutputDir: data/output/html_amend/20101207-5.0-S-H22-0021/character-test/application-body/entity-reference-test-01} null" classname="jp.go.jpo.sa1s99.common.format.integration.HtmlToXmlForAmendApiIntegrationTest" time="0.0">
    <failure message="java.lang.IllegalArgumentException: Not implemented yet" type="java.lang.IllegalArgumentException">java.lang.IllegalArgumentException: Not implemented yet
	at jp.go.jpo.sa1s99.common.format.api.XmlToHtmlForAmendApi.execute(XmlToHtmlForAmendApi.java:32)
	at jp.go.jpo.sa1s99.common.format.integration.ExecuteXmlToHtmlForAmendApiByDirection.executeApi(ExecuteXmlToHtmlForAmendApiByDirection.java:26)
	at jp.go.jpo.sa1s99.common.format.integration.ExecuteXmlToHtmlForAmendApiByDirection.executeApi(ExecuteXmlToHtmlForAmendApiByDirection.java:13)
	at jp.go.jpo.sa1s99.common.format.integration.ExecuteApiByDirection.execute(ExecuteApiByDirection.java:28)
	at jp.go.jpo.sa1s99.common.format.integration.HtmlToXmlForAmendApiIntegrationTest.ファイル出力を比較する: #direction #parsedResult(HtmlToXmlForAmendApiIntegrationTest.groovy:29)
</failure>
  </testcase>
  <testcase name="ファイル出力を比較する: Direction{ s_InputDir: data/input/20101207-5.0-S-H22-0021/character-test/application-body/entity-reference-test-02, s_OutputDir: data/output/html_amend/20101207-5.0-S-H22-0021/character-test/application-body/entity-reference-test-02} null" classname="jp.go.jpo.sa1s99.common.format.integration.HtmlToXmlForAmendApiIntegrationTest" time="0.016">
    <failure message="java.lang.IllegalArgumentException: Not implemented yet" type="java.lang.IllegalArgumentException">java.lang.IllegalArgumentException: Not implemented yet
	at jp.go.jpo.sa1s99.common.format.api.XmlToHtmlForAmendApi.execute(XmlToHtmlForAmendApi.java:32)
	at jp.go.jpo.sa1s99.common.format.integration.ExecuteXmlToHtmlForAmendApiByDirection.executeApi(ExecuteXmlToHtmlForAmendApiByDirection.java:26)
	at jp.go.jpo.sa1s99.common.format.integration.ExecuteXmlToHtmlForAmendApiByDirection.executeApi(ExecuteXmlToHtmlForAmendApiByDirection.java:13)
	at jp.go.jpo.sa1s99.common.format.integration.ExecuteApiByDirection.execute(ExecuteApiByDirection.java:28)
	at jp.go.jpo.sa1s99.common.format.integration.HtmlToXmlForAmendApiIntegrationTest.ファイル出力を比較する: #direction #parsedResult(HtmlToXmlForAmendApiIntegrationTest.groovy:29)
</failure>
  </testcase>
  <testcase name="ファイル出力を比較する: Direction{ s_InputDir: data/input/20101207-5.0-S-H22-0021/character-test/application-body/entity-reference-test-03, s_OutputDir: data/output/html_amend/20101207-5.0-S-H22-0021/character-test/application-body/entity-reference-test-03} null" classname="jp.go.jpo.sa1s99.common.format.integration.HtmlToXmlForAmendApiIntegrationTest" time="0.0">
    <failure message="java.lang.IllegalArgumentException: Not implemented yet" type="java.lang.IllegalArgumentException">java.lang.IllegalArgumentException: Not implemented yet
	at jp.go.jpo.sa1s99.common.format.api.XmlToHtmlForAmendApi.execute(XmlToHtmlForAmendApi.java:32)
	at jp.go.jpo.sa1s99.common.format.integration.ExecuteXmlToHtmlForAmendApiByDirection.executeApi(ExecuteXmlToHtmlForAmendApiByDirection.java:26)
	at jp.go.jpo.sa1s99.common.format.integration.ExecuteXmlToHtmlForAmendApiByDirection.executeApi(ExecuteXmlToHtmlForAmendApiByDirection.java:13)
	at jp.go.jpo.sa1s99.common.format.integration.ExecuteApiByDirection.execute(ExecuteApiByDirection.java:28)
	at jp.go.jpo.sa1s99.common.format.integration.HtmlToXmlForAmendApiIntegrationTest.ファイル出力を比較する: #direction #parsedResult(HtmlToXmlForAmendApiIntegrationTest.groovy:29)
</failure>
  </testcase>
  <testcase name="ファイル出力を比較する: Direction{ s_InputDir: data/input/20101207-5.0-S-H22-0021/character-test/application-body/entity-reference-test-04, s_OutputDir: data/output/html_amend/20101207-5.0-S-H22-0021/character-test/application-body/entity-reference-test-04} null" classname="jp.go.jpo.sa1s99.common.format.integration.HtmlToXmlForAmendApiIntegrationTest" time="0.0">
    <failure message="java.lang.IllegalArgumentException: Not implemented yet" type="java.lang.IllegalArgumentException">java.lang.IllegalArgumentException: Not implemented yet
	at jp.go.jpo.sa1s99.common.format.api.XmlToHtmlForAmendApi.execute(XmlToHtmlForAmendApi.java:32)
	at jp.go.jpo.sa1s99.common.format.integration.ExecuteXmlToHtmlForAmendApiByDirection.executeApi(ExecuteXmlToHtmlForAmendApiByDirection.java:26)
	at jp.go.jpo.sa1s99.common.format.integration.ExecuteXmlToHtmlForAmendApiByDirection.executeApi(ExecuteXmlToHtmlForAmendApiByDirection.java:13)
	at jp.go.jpo.sa1s99.common.format.integration.ExecuteApiByDirection.execute(ExecuteApiByDirection.java:28)
	at jp.go.jpo.sa1s99.common.format.integration.HtmlToXmlForAmendApiIntegrationTest.ファイル出力を比較する: #direction #parsedResult(HtmlToXmlForAmendApiIntegrationTest.groovy:29)
</failure>
  </testcase>
  <testcase name="ファイル出力を比較する: Direction{ s_InputDir: data/input/20101207-5.0-S-H22-0021/character-test/application-body/entity-reference-test-05, s_OutputDir: data/output/html_amend/20101207-5.0-S-H22-0021/character-test/application-body/entity-reference-test-05} null" classname="jp.go.jpo.sa1s99.common.format.integration.HtmlToXmlForAmendApiIntegrationTest" time="0.0">
    <failure message="java.lang.IllegalArgumentException: Not implemented yet" type="java.lang.IllegalArgumentException">java.lang.IllegalArgumentException: Not implemented yet
	at jp.go.jpo.sa1s99.common.format.api.XmlToHtmlForAmendApi.execute(XmlToHtmlForAmendApi.java:32)
	at jp.go.jpo.sa1s99.common.format.integration.ExecuteXmlToHtmlForAmendApiByDirection.executeApi(ExecuteXmlToHtmlForAmendApiByDirection.java:26)
	at jp.go.jpo.sa1s99.common.format.integration.ExecuteXmlToHtmlForAmendApiByDirection.executeApi(ExecuteXmlToHtmlForAmendApiByDirection.java:13)
	at jp.go.jpo.sa1s99.common.format.integration.ExecuteApiByDirection.execute(ExecuteApiByDirection.java:28)
	at jp.go.jpo.sa1s99.common.format.integration.HtmlToXmlForAmendApiIntegrationTest.ファイル出力を比較する: #direction #parsedResult(HtmlToXmlForAmendApiIntegrationTest.groovy:29)
</failure>
  </testcase>
  <testcase name="ファイル出力を比較する: Direction{ s_InputDir: data/input/20101207-5.0-S-H22-0021/character-test/application-body/entity-reference-test-06, s_OutputDir: data/output/html_amend/20101207-5.0-S-H22-0021/character-test/application-body/entity-reference-test-06} null" classname="jp.go.jpo.sa1s99.common.format.integration.HtmlToXmlForAmendApiIntegrationTest" time="0.015">
    <failure message="java.lang.IllegalArgumentException: Not implemented yet" type="java.lang.IllegalArgumentException">java.lang.IllegalArgumentException: Not implemented yet
	at jp.go.jpo.sa1s99.common.format.api.XmlToHtmlForAmendApi.execute(XmlToHtmlForAmendApi.java:32)
	at jp.go.jpo.sa1s99.common.format.integration.ExecuteXmlToHtmlForAmendApiByDirection.executeApi(ExecuteXmlToHtmlForAmendApiByDirection.java:26)
	at jp.go.jpo.sa1s99.common.format.integration.ExecuteXmlToHtmlForAmendApiByDirection.executeApi(ExecuteXmlToHtmlForAmendApiByDirection.java:13)
	at jp.go.jpo.sa1s99.common.format.integration.ExecuteApiByDirection.execute(ExecuteApiByDirection.java:28)
	at jp.go.jpo.sa1s99.common.format.integration.HtmlToXmlForAmendApiIntegrationTest.ファイル出力を比較する: #direction #parsedResult(HtmlToXmlForAmendApiIntegrationTest.groovy:29)
</failure>
  </testcase>
  <testcase name="ファイル出力を比較する: Direction{ s_InputDir: data/input/20101207-5.0-S-H22-0021/character-test/application-body/entity-reference-test-07, s_OutputDir: data/output/html_amend/20101207-5.0-S-H22-0021/character-test/application-body/entity-reference-test-07} null" classname="jp.go.jpo.sa1s99.common.format.integration.HtmlToXmlForAmendApiIntegrationTest" time="0.0">
    <failure message="java.lang.IllegalArgumentException: Not implemented yet" type="java.lang.IllegalArgumentException">java.lang.IllegalArgumentException: Not implemented yet
	at jp.go.jpo.sa1s99.common.format.api.XmlToHtmlForAmendApi.execute(XmlToHtmlForAmendApi.java:32)
	at jp.go.jpo.sa1s99.common.format.integration.ExecuteXmlToHtmlForAmendApiByDirection.executeApi(ExecuteXmlToHtmlForAmendApiByDirection.java:26)
	at jp.go.jpo.sa1s99.common.format.integration.ExecuteXmlToHtmlForAmendApiByDirection.executeApi(ExecuteXmlToHtmlForAmendApiByDirection.java:13)
	at jp.go.jpo.sa1s99.common.format.integration.ExecuteApiByDirection.execute(ExecuteApiByDirection.java:28)
	at jp.go.jpo.sa1s99.common.format.integration.HtmlToXmlForAmendApiIntegrationTest.ファイル出力を比較する: #direction #parsedResult(HtmlToXmlForAmendApiIntegrationTest.groovy:29)
</failure>
  </testcase>
  <testcase name="ファイル出力を比較する: Direction{ s_InputDir: data/input/20101207-5.0-S-H22-0021/character-test/application-body/entity-reference-test-08, s_OutputDir: data/output/html_amend/20101207-5.0-S-H22-0021/character-test/application-body/entity-reference-test-08} null" classname="jp.go.jpo.sa1s99.common.format.integration.HtmlToXmlForAmendApiIntegrationTest" time="0.0">
    <failure message="java.lang.IllegalArgumentException: Not implemented yet" type="java.lang.IllegalArgumentException">java.lang.IllegalArgumentException: Not implemented yet
	at jp.go.jpo.sa1s99.common.format.api.XmlToHtmlForAmendApi.execute(XmlToHtmlForAmendApi.java:32)
	at jp.go.jpo.sa1s99.common.format.integration.ExecuteXmlToHtmlForAmendApiByDirection.executeApi(ExecuteXmlToHtmlForAmendApiByDirection.java:26)
	at jp.go.jpo.sa1s99.common.format.integration.ExecuteXmlToHtmlForAmendApiByDirection.executeApi(ExecuteXmlToHtmlForAmendApiByDirection.java:13)
	at jp.go.jpo.sa1s99.common.format.integration.ExecuteApiByDirection.execute(ExecuteApiByDirection.java:28)
	at jp.go.jpo.sa1s99.common.format.integration.HtmlToXmlForAmendApiIntegrationTest.ファイル出力を比較する: #direction #parsedResult(HtmlToXmlForAmendApiIntegrationTest.groovy:29)
</failure>
  </testcase>
  <testcase name="ファイル出力を比較する: Direction{ s_InputDir: data/input/20101207-5.0-S-H22-0021/character-test/application-body/entity-reference-test-09, s_OutputDir: data/output/html_amend/20101207-5.0-S-H22-0021/character-test/application-body/entity-reference-test-09} null" classname="jp.go.jpo.sa1s99.common.format.integration.HtmlToXmlForAmendApiIntegrationTest" time="0.0">
    <failure message="java.lang.IllegalArgumentException: Not implemented yet" type="java.lang.IllegalArgumentException">java.lang.IllegalArgumentException: Not implemented yet
	at jp.go.jpo.sa1s99.common.format.api.XmlToHtmlForAmendApi.execute(XmlToHtmlForAmendApi.java:32)
	at jp.go.jpo.sa1s99.common.format.integration.ExecuteXmlToHtmlForAmendApiByDirection.executeApi(ExecuteXmlToHtmlForAmendApiByDirection.java:26)
	at jp.go.jpo.sa1s99.common.format.integration.ExecuteXmlToHtmlForAmendApiByDirection.executeApi(ExecuteXmlToHtmlForAmendApiByDirection.java:13)
	at jp.go.jpo.sa1s99.common.format.integration.ExecuteApiByDirection.execute(ExecuteApiByDirection.java:28)
	at jp.go.jpo.sa1s99.common.format.integration.HtmlToXmlForAmendApiIntegrationTest.ファイル出力を比較する: #direction #parsedResult(HtmlToXmlForAmendApiIntegrationTest.groovy:29)
</failure>
  </testcase>
  <testcase name="ファイル出力を比較する: Direction{ s_InputDir: data/input/20101207-5.0-S-H22-0021/character-test/application-body/entity-reference-test-0A, s_OutputDir: data/output/html_amend/20101207-5.0-S-H22-0021/character-test/application-body/entity-reference-test-0A} null" classname="jp.go.jpo.sa1s99.common.format.integration.HtmlToXmlForAmendApiIntegrationTest" time="0.019">
    <failure message="java.lang.IllegalArgumentException: Not implemented yet" type="java.lang.IllegalArgumentException">java.lang.IllegalArgumentException: Not implemented yet
	at jp.go.jpo.sa1s99.common.format.api.XmlToHtmlForAmendApi.execute(XmlToHtmlForAmendApi.java:32)
	at jp.go.jpo.sa1s99.common.format.integration.ExecuteXmlToHtmlForAmendApiByDirection.executeApi(ExecuteXmlToHtmlForAmendApiByDirection.java:26)
	at jp.go.jpo.sa1s99.common.format.integration.ExecuteXmlToHtmlForAmendApiByDirection.executeApi(ExecuteXmlToHtmlForAmendApiByDirection.java:13)
	at jp.go.jpo.sa1s99.common.format.integration.ExecuteApiByDirection.execute(ExecuteApiByDirection.java:28)
	at jp.go.jpo.sa1s99.common.format.integration.HtmlToXmlForAmendApiIntegrationTest.ファイル出力を比較する: #direction #parsedResult(HtmlToXmlForAmendApiIntegrationTest.groovy:29)
</failure>
  </testcase>
  <testcase name="ファイル出力を比較する: Direction{ s_InputDir: data/input/20101207-5.0-S-H22-0021/character-test/application-body/entity-reference-test-0B, s_OutputDir: data/output/html_amend/20101207-5.0-S-H22-0021/character-test/application-body/entity-reference-test-0B} null" classname="jp.go.jpo.sa1s99.common.format.integration.HtmlToXmlForAmendApiIntegrationTest" time="0.003">
    <failure message="java.lang.IllegalArgumentException: Not implemented yet" type="java.lang.IllegalArgumentException">java.lang.IllegalArgumentException: Not implemented yet
	at jp.go.jpo.sa1s99.common.format.api.XmlToHtmlForAmendApi.execute(XmlToHtmlForAmendApi.java:32)
	at jp.go.jpo.sa1s99.common.format.integration.ExecuteXmlToHtmlForAmendApiByDirection.executeApi(ExecuteXmlToHtmlForAmendApiByDirection.java:26)
	at jp.go.jpo.sa1s99.common.format.integration.ExecuteXmlToHtmlForAmendApiByDirection.executeApi(ExecuteXmlToHtmlForAmendApiByDirection.java:13)
	at jp.go.jpo.sa1s99.common.format.integration.ExecuteApiByDirection.execute(ExecuteApiByDirection.java:28)
	at jp.go.jpo.sa1s99.common.format.integration.HtmlToXmlForAmendApiIntegrationTest.ファイル出力を比較する: #direction #parsedResult(HtmlToXmlForAmendApiIntegrationTest.groovy:29)
</failure>
  </testcase>
  <testcase name="ファイル出力を比較する: Direction{ s_InputDir: data/input/20101207-5.0-S-H22-0021/character-test/application-body/entity-reference-test-0C, s_OutputDir: data/output/html_amend/20101207-5.0-S-H22-0021/character-test/application-body/entity-reference-test-0C} null" classname="jp.go.jpo.sa1s99.common.format.integration.HtmlToXmlForAmendApiIntegrationTest" time="0.0">
    <failure message="java.lang.IllegalArgumentException: Not implemented yet" type="java.lang.IllegalArgumentException">java.lang.IllegalArgumentException: Not implemented yet
	at jp.go.jpo.sa1s99.common.format.api.XmlToHtmlForAmendApi.execute(XmlToHtmlForAmendApi.java:32)
	at jp.go.jpo.sa1s99.common.format.integration.ExecuteXmlToHtmlForAmendApiByDirection.executeApi(ExecuteXmlToHtmlForAmendApiByDirection.java:26)
	at jp.go.jpo.sa1s99.common.format.integration.ExecuteXmlToHtmlForAmendApiByDirection.executeApi(ExecuteXmlToHtmlForAmendApiByDirection.java:13)
	at jp.go.jpo.sa1s99.common.format.integration.ExecuteApiByDirection.execute(ExecuteApiByDirection.java:28)
	at jp.go.jpo.sa1s99.common.format.integration.HtmlToXmlForAmendApiIntegrationTest.ファイル出力を比較する: #direction #parsedResult(HtmlToXmlForAmendApiIntegrationTest.groovy:29)
</failure>
  </testcase>
  <testcase name="ファイル出力を比較する: Direction{ s_InputDir: data/input/20101207-5.0-S-H22-0021/character-test/application-body/entity-reference-test-0D, s_OutputDir: data/output/html_amend/20101207-5.0-S-H22-0021/character-test/application-body/entity-reference-test-0D} null" classname="jp.go.jpo.sa1s99.common.format.integration.HtmlToXmlForAmendApiIntegrationTest" time="0.015">
    <failure message="java.lang.IllegalArgumentException: Not implemented yet" type="java.lang.IllegalArgumentException">java.lang.IllegalArgumentException: Not implemented yet
	at jp.go.jpo.sa1s99.common.format.api.XmlToHtmlForAmendApi.execute(XmlToHtmlForAmendApi.java:32)
	at jp.go.jpo.sa1s99.common.format.integration.ExecuteXmlToHtmlForAmendApiByDirection.executeApi(ExecuteXmlToHtmlForAmendApiByDirection.java:26)
	at jp.go.jpo.sa1s99.common.format.integration.ExecuteXmlToHtmlForAmendApiByDirection.executeApi(ExecuteXmlToHtmlForAmendApiByDirection.java:13)
	at jp.go.jpo.sa1s99.common.format.integration.ExecuteApiByDirection.execute(ExecuteApiByDirection.java:28)
	at jp.go.jpo.sa1s99.common.format.integration.HtmlToXmlForAmendApiIntegrationTest.ファイル出力を比較する: #direction #parsedResult(HtmlToXmlForAmendApiIntegrationTest.groovy:29)
</failure>
  </testcase>
  <testcase name="ファイル出力を比較する: Direction{ s_InputDir: data/input/20101207-5.0-S-H22-0021/character-test/application-body/entity-reference-test-0E, s_OutputDir: data/output/html_amend/20101207-5.0-S-H22-0021/character-test/application-body/entity-reference-test-0E} null" classname="jp.go.jpo.sa1s99.common.format.integration.HtmlToXmlForAmendApiIntegrationTest" time="0.0">
    <failure message="java.lang.IllegalArgumentException: Not implemented yet" type="java.lang.IllegalArgumentException">java.lang.IllegalArgumentException: Not implemented yet
	at jp.go.jpo.sa1s99.common.format.api.XmlToHtmlForAmendApi.execute(XmlToHtmlForAmendApi.java:32)
	at jp.go.jpo.sa1s99.common.format.integration.ExecuteXmlToHtmlForAmendApiByDirection.executeApi(ExecuteXmlToHtmlForAmendApiByDirection.java:26)
	at jp.go.jpo.sa1s99.common.format.integration.ExecuteXmlToHtmlForAmendApiByDirection.executeApi(ExecuteXmlToHtmlForAmendApiByDirection.java:13)
	at jp.go.jpo.sa1s99.common.format.integration.ExecuteApiByDirection.execute(ExecuteApiByDirection.java:28)
	at jp.go.jpo.sa1s99.common.format.integration.HtmlToXmlForAmendApiIntegrationTest.ファイル出力を比較する: #direction #parsedResult(HtmlToXmlForAmendApiIntegrationTest.groovy:29)
</failure>
  </testcase>
  <testcase name="ファイル出力を比較する: Direction{ s_InputDir: data/input/20101207-5.0-S-H22-0021/character-test/application-body/entity-reference-test-0F, s_OutputDir: data/output/html_amend/20101207-5.0-S-H22-0021/character-test/application-body/entity-reference-test-0F} null" classname="jp.go.jpo.sa1s99.common.format.integration.HtmlToXmlForAmendApiIntegrationTest" time="0.0">
    <failure message="java.lang.IllegalArgumentException: Not implemented yet" type="java.lang.IllegalArgumentException">java.lang.IllegalArgumentException: Not implemented yet
	at jp.go.jpo.sa1s99.common.format.api.XmlToHtmlForAmendApi.execute(XmlToHtmlForAmendApi.java:32)
	at jp.go.jpo.sa1s99.common.format.integration.ExecuteXmlToHtmlForAmendApiByDirection.executeApi(ExecuteXmlToHtmlForAmendApiByDirection.java:26)
	at jp.go.jpo.sa1s99.common.format.integration.ExecuteXmlToHtmlForAmendApiByDirection.executeApi(ExecuteXmlToHtmlForAmendApiByDirection.java:13)
	at jp.go.jpo.sa1s99.common.format.integration.ExecuteApiByDirection.execute(ExecuteApiByDirection.java:28)
	at jp.go.jpo.sa1s99.common.format.integration.HtmlToXmlForAmendApiIntegrationTest.ファイル出力を比較する: #direction #parsedResult(HtmlToXmlForAmendApiIntegrationTest.groovy:29)
</failure>
  </testcase>
  <testcase name="ファイル出力を比較する: Direction{ s_InputDir: data/input/20101207-5.0-S-H22-0021/character-test/application-body/entity-reference-test-10, s_OutputDir: data/output/html_amend/20101207-5.0-S-H22-0021/character-test/application-body/entity-reference-test-10} null" classname="jp.go.jpo.sa1s99.common.format.integration.HtmlToXmlForAmendApiIntegrationTest" time="0.0">
    <failure message="java.lang.IllegalArgumentException: Not implemented yet" type="java.lang.IllegalArgumentException">java.lang.IllegalArgumentException: Not implemented yet
	at jp.go.jpo.sa1s99.common.format.api.XmlToHtmlForAmendApi.execute(XmlToHtmlForAmendApi.java:32)
	at jp.go.jpo.sa1s99.common.format.integration.ExecuteXmlToHtmlForAmendApiByDirection.executeApi(ExecuteXmlToHtmlForAmendApiByDirection.java:26)
	at jp.go.jpo.sa1s99.common.format.integration.ExecuteXmlToHtmlForAmendApiByDirection.executeApi(ExecuteXmlToHtmlForAmendApiByDirection.java:13)
	at jp.go.jpo.sa1s99.common.format.integration.ExecuteApiByDirection.execute(ExecuteApiByDirection.java:28)
	at jp.go.jpo.sa1s99.common.format.integration.HtmlToXmlForAmendApiIntegrationTest.ファイル出力を比較する: #direction #parsedResult(HtmlToXmlForAmendApiIntegrationTest.groovy:29)
</failure>
  </testcase>
  <testcase name="ファイル出力を比較する: Direction{ s_InputDir: data/input/20101207-5.0-S-H22-0021/character-test/application-body/entity-reference-test-11, s_OutputDir: data/output/html_amend/20101207-5.0-S-H22-0021/character-test/application-body/entity-reference-test-11} null" classname="jp.go.jpo.sa1s99.common.format.integration.HtmlToXmlForAmendApiIntegrationTest" time="0.016">
    <failure message="java.lang.IllegalArgumentException: Not implemented yet" type="java.lang.IllegalArgumentException">java.lang.IllegalArgumentException: Not implemented yet
	at jp.go.jpo.sa1s99.common.format.api.XmlToHtmlForAmendApi.execute(XmlToHtmlForAmendApi.java:32)
	at jp.go.jpo.sa1s99.common.format.integration.ExecuteXmlToHtmlForAmendApiByDirection.executeApi(ExecuteXmlToHtmlForAmendApiByDirection.java:26)
	at jp.go.jpo.sa1s99.common.format.integration.ExecuteXmlToHtmlForAmendApiByDirection.executeApi(ExecuteXmlToHtmlForAmendApiByDirection.java:13)
	at jp.go.jpo.sa1s99.common.format.integration.ExecuteApiByDirection.execute(ExecuteApiByDirection.java:28)
	at jp.go.jpo.sa1s99.common.format.integration.HtmlToXmlForAmendApiIntegrationTest.ファイル出力を比較する: #direction #parsedResult(HtmlToXmlForAmendApiIntegrationTest.groovy:29)
</failure>
  </testcase>
  <testcase name="ファイル出力を比較する: Direction{ s_InputDir: data/input/20101207-5.0-S-H22-0021/character-test/application-body/entity-reference-test-12, s_OutputDir: data/output/html_amend/20101207-5.0-S-H22-0021/character-test/application-body/entity-reference-test-12} null" classname="jp.go.jpo.sa1s99.common.format.integration.HtmlToXmlForAmendApiIntegrationTest" time="0.0">
    <failure message="java.lang.IllegalArgumentException: Not implemented yet" type="java.lang.IllegalArgumentException">java.lang.IllegalArgumentException: Not implemented yet
	at jp.go.jpo.sa1s99.common.format.api.XmlToHtmlForAmendApi.execute(XmlToHtmlForAmendApi.java:32)
	at jp.go.jpo.sa1s99.common.format.integration.ExecuteXmlToHtmlForAmendApiByDirection.executeApi(ExecuteXmlToHtmlForAmendApiByDirection.java:26)
	at jp.go.jpo.sa1s99.common.format.integration.ExecuteXmlToHtmlForAmendApiByDirection.executeApi(ExecuteXmlToHtmlForAmendApiByDirection.java:13)
	at jp.go.jpo.sa1s99.common.format.integration.ExecuteApiByDirection.execute(ExecuteApiByDirection.java:28)
	at jp.go.jpo.sa1s99.common.format.integration.HtmlToXmlForAmendApiIntegrationTest.ファイル出力を比較する: #direction #parsedResult(HtmlToXmlForAmendApiIntegrationTest.groovy:29)
</failure>
  </testcase>
  <testcase name="ファイル出力を比較する: Direction{ s_InputDir: data/input/20101207-5.0-S-H22-0021/character-test/application-body/entity-reference-test-13, s_OutputDir: data/output/html_amend/20101207-5.0-S-H22-0021/character-test/application-body/entity-reference-test-13} null" classname="jp.go.jpo.sa1s99.common.format.integration.HtmlToXmlForAmendApiIntegrationTest" time="0.015">
    <failure message="java.lang.IllegalArgumentException: Not implemented yet" type="java.lang.IllegalArgumentException">java.lang.IllegalArgumentException: Not implemented yet
	at jp.go.jpo.sa1s99.common.format.api.XmlToHtmlForAmendApi.execute(XmlToHtmlForAmendApi.java:32)
	at jp.go.jpo.sa1s99.common.format.integration.ExecuteXmlToHtmlForAmendApiByDirection.executeApi(ExecuteXmlToHtmlForAmendApiByDirection.java:26)
	at jp.go.jpo.sa1s99.common.format.integration.ExecuteXmlToHtmlForAmendApiByDirection.executeApi(ExecuteXmlToHtmlForAmendApiByDirection.java:13)
	at jp.go.jpo.sa1s99.common.format.integration.ExecuteApiByDirection.execute(ExecuteApiByDirection.java:28)
	at jp.go.jpo.sa1s99.common.format.integration.HtmlToXmlForAmendApiIntegrationTest.ファイル出力を比較する: #direction #parsedResult(HtmlToXmlForAmendApiIntegrationTest.groovy:29)
</failure>
  </testcase>
  <testcase name="ファイル出力を比較する: Direction{ s_InputDir: data/input/20101207-5.0-S-H22-0021/character-test/application-body/entity-reference-test-14, s_OutputDir: data/output/html_amend/20101207-5.0-S-H22-0021/character-test/application-body/entity-reference-test-14} null" classname="jp.go.jpo.sa1s99.common.format.integration.HtmlToXmlForAmendApiIntegrationTest" time="0.0">
    <failure message="java.lang.IllegalArgumentException: Not implemented yet" type="java.lang.IllegalArgumentException">java.lang.IllegalArgumentException: Not implemented yet
	at jp.go.jpo.sa1s99.common.format.api.XmlToHtmlForAmendApi.execute(XmlToHtmlForAmendApi.java:32)
	at jp.go.jpo.sa1s99.common.format.integration.ExecuteXmlToHtmlForAmendApiByDirection.executeApi(ExecuteXmlToHtmlForAmendApiByDirection.java:26)
	at jp.go.jpo.sa1s99.common.format.integration.ExecuteXmlToHtmlForAmendApiByDirection.executeApi(ExecuteXmlToHtmlForAmendApiByDirection.java:13)
	at jp.go.jpo.sa1s99.common.format.integration.ExecuteApiByDirection.execute(ExecuteApiByDirection.java:28)
	at jp.go.jpo.sa1s99.common.format.integration.HtmlToXmlForAmendApiIntegrationTest.ファイル出力を比較する: #direction #parsedResult(HtmlToXmlForAmendApiIntegrationTest.groovy:29)
</failure>
  </testcase>
  <testcase name="ファイル出力を比較する: Direction{ s_InputDir: data/input/20101207-5.0-S-H22-0021/character-test/application-body/entity-reference-test-15, s_OutputDir: data/output/html_amend/20101207-5.0-S-H22-0021/character-test/application-body/entity-reference-test-15} null" classname="jp.go.jpo.sa1s99.common.format.integration.HtmlToXmlForAmendApiIntegrationTest" time="0.0">
    <failure message="java.lang.IllegalArgumentException: Not implemented yet" type="java.lang.IllegalArgumentException">java.lang.IllegalArgumentException: Not implemented yet
	at jp.go.jpo.sa1s99.common.format.api.XmlToHtmlForAmendApi.execute(XmlToHtmlForAmendApi.java:32)
	at jp.go.jpo.sa1s99.common.format.integration.ExecuteXmlToHtmlForAmendApiByDirection.executeApi(ExecuteXmlToHtmlForAmendApiByDirection.java:26)
	at jp.go.jpo.sa1s99.common.format.integration.ExecuteXmlToHtmlForAmendApiByDirection.executeApi(ExecuteXmlToHtmlForAmendApiByDirection.java:13)
	at jp.go.jpo.sa1s99.common.format.integration.ExecuteApiByDirection.execute(ExecuteApiByDirection.java:28)
	at jp.go.jpo.sa1s99.common.format.integration.HtmlToXmlForAmendApiIntegrationTest.ファイル出力を比較する: #direction #parsedResult(HtmlToXmlForAmendApiIntegrationTest.groovy:29)
</failure>
  </testcase>
  <testcase name="ファイル出力を比較する: Direction{ s_InputDir: data/input/20101207-5.0-S-H22-0021/character-test/application-body/entity-reference-test-16, s_OutputDir: data/output/html_amend/20101207-5.0-S-H22-0021/character-test/application-body/entity-reference-test-16} null" classname="jp.go.jpo.sa1s99.common.format.integration.HtmlToXmlForAmendApiIntegrationTest" time="0.0">
    <failure message="java.lang.IllegalArgumentException: Not implemented yet" type="java.lang.IllegalArgumentException">java.lang.IllegalArgumentException: Not implemented yet
	at jp.go.jpo.sa1s99.common.format.api.XmlToHtmlForAmendApi.execute(XmlToHtmlForAmendApi.java:32)
	at jp.go.jpo.sa1s99.common.format.integration.ExecuteXmlToHtmlForAmendApiByDirection.executeApi(ExecuteXmlToHtmlForAmendApiByDirection.java:26)
	at jp.go.jpo.sa1s99.common.format.integration.ExecuteXmlToHtmlForAmendApiByDirection.executeApi(ExecuteXmlToHtmlForAmendApiByDirection.java:13)
	at jp.go.jpo.sa1s99.common.format.integration.ExecuteApiByDirection.execute(ExecuteApiByDirection.java:28)
	at jp.go.jpo.sa1s99.common.format.integration.HtmlToXmlForAmendApiIntegrationTest.ファイル出力を比較する: #direction #parsedResult(HtmlToXmlForAmendApiIntegrationTest.groovy:29)
</failure>
  </testcase>
  <testcase name="ファイル出力を比較する: Direction{ s_InputDir: data/input/20101207-5.0-S-H22-0021/character-test/application-body/entity-reference-test-17, s_OutputDir: data/output/html_amend/20101207-5.0-S-H22-0021/character-test/application-body/entity-reference-test-17} null" classname="jp.go.jpo.sa1s99.common.format.integration.HtmlToXmlForAmendApiIntegrationTest" time="0.016">
    <failure message="java.lang.IllegalArgumentException: Not implemented yet" type="java.lang.IllegalArgumentException">java.lang.IllegalArgumentException: Not implemented yet
	at jp.go.jpo.sa1s99.common.format.api.XmlToHtmlForAmendApi.execute(XmlToHtmlForAmendApi.java:32)
	at jp.go.jpo.sa1s99.common.format.integration.ExecuteXmlToHtmlForAmendApiByDirection.executeApi(ExecuteXmlToHtmlForAmendApiByDirection.java:26)
	at jp.go.jpo.sa1s99.common.format.integration.ExecuteXmlToHtmlForAmendApiByDirection.executeApi(ExecuteXmlToHtmlForAmendApiByDirection.java:13)
	at jp.go.jpo.sa1s99.common.format.integration.ExecuteApiByDirection.execute(ExecuteApiByDirection.java:28)
	at jp.go.jpo.sa1s99.common.format.integration.HtmlToXmlForAmendApiIntegrationTest.ファイル出力を比較する: #direction #parsedResult(HtmlToXmlForAmendApiIntegrationTest.groovy:29)
</failure>
  </testcase>
  <testcase name="ファイル出力を比較する: Direction{ s_InputDir: data/input/20101207-5.0-S-H22-0021/character-test/application-body/entity-reference-test-18, s_OutputDir: data/output/html_amend/20101207-5.0-S-H22-0021/character-test/application-body/entity-reference-test-18} null" classname="jp.go.jpo.sa1s99.common.format.integration.HtmlToXmlForAmendApiIntegrationTest" time="0.0">
    <failure message="java.lang.IllegalArgumentException: Not implemented yet" type="java.lang.IllegalArgumentException">java.lang.IllegalArgumentException: Not implemented yet
	at jp.go.jpo.sa1s99.common.format.api.XmlToHtmlForAmendApi.execute(XmlToHtmlForAmendApi.java:32)
	at jp.go.jpo.sa1s99.common.format.integration.ExecuteXmlToHtmlForAmendApiByDirection.executeApi(ExecuteXmlToHtmlForAmendApiByDirection.java:26)
	at jp.go.jpo.sa1s99.common.format.integration.ExecuteXmlToHtmlForAmendApiByDirection.executeApi(ExecuteXmlToHtmlForAmendApiByDirection.java:13)
	at jp.go.jpo.sa1s99.common.format.integration.ExecuteApiByDirection.execute(ExecuteApiByDirection.java:28)
	at jp.go.jpo.sa1s99.common.format.integration.HtmlToXmlForAmendApiIntegrationTest.ファイル出力を比較する: #direction #parsedResult(HtmlToXmlForAmendApiIntegrationTest.groovy:29)
</failure>
  </testcase>
  <testcase name="ファイル出力を比較する: Direction{ s_InputDir: data/input/20101207-5.0-S-H22-0021/character-test/application-body/entity-reference-test-19, s_OutputDir: data/output/html_amend/20101207-5.0-S-H22-0021/character-test/application-body/entity-reference-test-19} null" classname="jp.go.jpo.sa1s99.common.format.integration.HtmlToXmlForAmendApiIntegrationTest" time="0.0">
    <failure message="java.lang.IllegalArgumentException: Not implemented yet" type="java.lang.IllegalArgumentException">java.lang.IllegalArgumentException: Not implemented yet
	at jp.go.jpo.sa1s99.common.format.api.XmlToHtmlForAmendApi.execute(XmlToHtmlForAmendApi.java:32)
	at jp.go.jpo.sa1s99.common.format.integration.ExecuteXmlToHtmlForAmendApiByDirection.executeApi(ExecuteXmlToHtmlForAmendApiByDirection.java:26)
	at jp.go.jpo.sa1s99.common.format.integration.ExecuteXmlToHtmlForAmendApiByDirection.executeApi(ExecuteXmlToHtmlForAmendApiByDirection.java:13)
	at jp.go.jpo.sa1s99.common.format.integration.ExecuteApiByDirection.execute(ExecuteApiByDirection.java:28)
	at jp.go.jpo.sa1s99.common.format.integration.HtmlToXmlForAmendApiIntegrationTest.ファイル出力を比較する: #direction #parsedResult(HtmlToXmlForAmendApiIntegrationTest.groovy:29)
</failure>
  </testcase>
  <testcase name="ファイル出力を比較する: Direction{ s_InputDir: data/input/20101207-5.0-S-H22-0021/character-test/application-body/entity-reference-test-1A, s_OutputDir: data/output/html_amend/20101207-5.0-S-H22-0021/character-test/application-body/entity-reference-test-1A} null" classname="jp.go.jpo.sa1s99.common.format.integration.HtmlToXmlForAmendApiIntegrationTest" time="0.016">
    <failure message="java.lang.IllegalArgumentException: Not implemented yet" type="java.lang.IllegalArgumentException">java.lang.IllegalArgumentException: Not implemented yet
	at jp.go.jpo.sa1s99.common.format.api.XmlToHtmlForAmendApi.execute(XmlToHtmlForAmendApi.java:32)
	at jp.go.jpo.sa1s99.common.format.integration.ExecuteXmlToHtmlForAmendApiByDirection.executeApi(ExecuteXmlToHtmlForAmendApiByDirection.java:26)
	at jp.go.jpo.sa1s99.common.format.integration.ExecuteXmlToHtmlForAmendApiByDirection.executeApi(ExecuteXmlToHtmlForAmendApiByDirection.java:13)
	at jp.go.jpo.sa1s99.common.format.integration.ExecuteApiByDirection.execute(ExecuteApiByDirection.java:28)
	at jp.go.jpo.sa1s99.common.format.integration.HtmlToXmlForAmendApiIntegrationTest.ファイル出力を比較する: #direction #parsedResult(HtmlToXmlForAmendApiIntegrationTest.groovy:29)
</failure>
  </testcase>
  <testcase name="ファイル出力を比較する: Direction{ s_InputDir: data/input/20101207-5.0-S-H22-0021/character-test/application-body/entity-reference-test-1B, s_OutputDir: data/output/html_amend/20101207-5.0-S-H22-0021/character-test/application-body/entity-reference-test-1B} null" classname="jp.go.jpo.sa1s99.common.format.integration.HtmlToXmlForAmendApiIntegrationTest" time="0.0">
    <failure message="java.lang.IllegalArgumentException: Not implemented yet" type="java.lang.IllegalArgumentException">java.lang.IllegalArgumentException: Not implemented yet
	at jp.go.jpo.sa1s99.common.format.api.XmlToHtmlForAmendApi.execute(XmlToHtmlForAmendApi.java:32)
	at jp.go.jpo.sa1s99.common.format.integration.ExecuteXmlToHtmlForAmendApiByDirection.executeApi(ExecuteXmlToHtmlForAmendApiByDirection.java:26)
	at jp.go.jpo.sa1s99.common.format.integration.ExecuteXmlToHtmlForAmendApiByDirection.executeApi(ExecuteXmlToHtmlForAmendApiByDirection.java:13)
	at jp.go.jpo.sa1s99.common.format.integration.ExecuteApiByDirection.execute(ExecuteApiByDirection.java:28)
	at jp.go.jpo.sa1s99.common.format.integration.HtmlToXmlForAmendApiIntegrationTest.ファイル出力を比較する: #direction #parsedResult(HtmlToXmlForAmendApiIntegrationTest.groovy:29)
</failure>
  </testcase>
  <testcase name="ファイル出力を比較する: Direction{ s_InputDir: data/input/20101207-5.0-S-H22-0021/character-test/application-body/entity-reference-test-1C, s_OutputDir: data/output/html_amend/20101207-5.0-S-H22-0021/character-test/application-body/entity-reference-test-1C} null" classname="jp.go.jpo.sa1s99.common.format.integration.HtmlToXmlForAmendApiIntegrationTest" time="0.0">
    <failure message="java.lang.IllegalArgumentException: Not implemented yet" type="java.lang.IllegalArgumentException">java.lang.IllegalArgumentException: Not implemented yet
	at jp.go.jpo.sa1s99.common.format.api.XmlToHtmlForAmendApi.execute(XmlToHtmlForAmendApi.java:32)
	at jp.go.jpo.sa1s99.common.format.integration.ExecuteXmlToHtmlForAmendApiByDirection.executeApi(ExecuteXmlToHtmlForAmendApiByDirection.java:26)
	at jp.go.jpo.sa1s99.common.format.integration.ExecuteXmlToHtmlForAmendApiByDirection.executeApi(ExecuteXmlToHtmlForAmendApiByDirection.java:13)
	at jp.go.jpo.sa1s99.common.format.integration.ExecuteApiByDirection.execute(ExecuteApiByDirection.java:28)
	at jp.go.jpo.sa1s99.common.format.integration.HtmlToXmlForAmendApiIntegrationTest.ファイル出力を比較する: #direction #parsedResult(HtmlToXmlForAmendApiIntegrationTest.groovy:29)
</failure>
  </testcase>
  <testcase name="ファイル出力を比較する: Direction{ s_InputDir: data/input/20101207-5.0-S-H22-0021/character-test/application-body/entity-reference-test-1D, s_OutputDir: data/output/html_amend/20101207-5.0-S-H22-0021/character-test/application-body/entity-reference-test-1D} null" classname="jp.go.jpo.sa1s99.common.format.integration.HtmlToXmlForAmendApiIntegrationTest" time="0.016">
    <failure message="java.lang.IllegalArgumentException: Not implemented yet" type="java.lang.IllegalArgumentException">java.lang.IllegalArgumentException: Not implemented yet
	at jp.go.jpo.sa1s99.common.format.api.XmlToHtmlForAmendApi.execute(XmlToHtmlForAmendApi.java:32)
	at jp.go.jpo.sa1s99.common.format.integration.ExecuteXmlToHtmlForAmendApiByDirection.executeApi(ExecuteXmlToHtmlForAmendApiByDirection.java:26)
	at jp.go.jpo.sa1s99.common.format.integration.ExecuteXmlToHtmlForAmendApiByDirection.executeApi(ExecuteXmlToHtmlForAmendApiByDirection.java:13)
	at jp.go.jpo.sa1s99.common.format.integration.ExecuteApiByDirection.execute(ExecuteApiByDirection.java:28)
	at jp.go.jpo.sa1s99.common.format.integration.HtmlToXmlForAmendApiIntegrationTest.ファイル出力を比較する: #direction #parsedResult(HtmlToXmlForAmendApiIntegrationTest.groovy:29)
</failure>
  </testcase>
  <testcase name="ファイル出力を比較する: Direction{ s_InputDir: data/input/20101207-5.0-S-H22-0021/character-test/application-body/entity-reference-test-1E, s_OutputDir: data/output/html_amend/20101207-5.0-S-H22-0021/character-test/application-body/entity-reference-test-1E} null" classname="jp.go.jpo.sa1s99.common.format.integration.HtmlToXmlForAmendApiIntegrationTest" time="0.005">
    <failure message="java.lang.IllegalArgumentException: Not implemented yet" type="java.lang.IllegalArgumentException">java.lang.IllegalArgumentException: Not implemented yet
	at jp.go.jpo.sa1s99.common.format.api.XmlToHtmlForAmendApi.execute(XmlToHtmlForAmendApi.java:32)
	at jp.go.jpo.sa1s99.common.format.integration.ExecuteXmlToHtmlForAmendApiByDirection.executeApi(ExecuteXmlToHtmlForAmendApiByDirection.java:26)
	at jp.go.jpo.sa1s99.common.format.integration.ExecuteXmlToHtmlForAmendApiByDirection.executeApi(ExecuteXmlToHtmlForAmendApiByDirection.java:13)
	at jp.go.jpo.sa1s99.common.format.integration.ExecuteApiByDirection.execute(ExecuteApiByDirection.java:28)
	at jp.go.jpo.sa1s99.common.format.integration.HtmlToXmlForAmendApiIntegrationTest.ファイル出力を比較する: #direction #parsedResult(HtmlToXmlForAmendApiIntegrationTest.groovy:29)
</failure>
  </testcase>
  <testcase name="ファイル出力を比較する: Direction{ s_InputDir: data/input/20101207-5.0-S-H22-0021/character-test/application-body/entity-reference-test-1F, s_OutputDir: data/output/html_amend/20101207-5.0-S-H22-0021/character-test/application-body/entity-reference-test-1F} null" classname="jp.go.jpo.sa1s99.common.format.integration.HtmlToXmlForAmendApiIntegrationTest" time="0.001">
    <failure message="java.lang.IllegalArgumentException: Not implemented yet" type="java.lang.IllegalArgumentException">java.lang.IllegalArgumentException: Not implemented yet
	at jp.go.jpo.sa1s99.common.format.api.XmlToHtmlForAmendApi.execute(XmlToHtmlForAmendApi.java:32)
	at jp.go.jpo.sa1s99.common.format.integration.ExecuteXmlToHtmlForAmendApiByDirection.executeApi(ExecuteXmlToHtmlForAmendApiByDirection.java:26)
	at jp.go.jpo.sa1s99.common.format.integration.ExecuteXmlToHtmlForAmendApiByDirection.executeApi(ExecuteXmlToHtmlForAmendApiByDirection.java:13)
	at jp.go.jpo.sa1s99.common.format.integration.ExecuteApiByDirection.execute(ExecuteApiByDirection.java:28)
	at jp.go.jpo.sa1s99.common.format.integration.HtmlToXmlForAmendApiIntegrationTest.ファイル出力を比較する: #direction #parsedResult(HtmlToXmlForAmendApiIntegrationTest.groovy:29)
</failure>
  </testcase>
  <testcase name="ファイル出力を比較する: Direction{ s_InputDir: data/input/20101207-5.0-S-H22-0021/character-test/application-body/entity-reference-test-26, s_OutputDir: data/output/html_amend/20101207-5.0-S-H22-0021/character-test/application-body/entity-reference-test-26} null" classname="jp.go.jpo.sa1s99.common.format.integration.HtmlToXmlForAmendApiIntegrationTest" time="0.0">
    <failure message="java.lang.IllegalArgumentException: Not implemented yet" type="java.lang.IllegalArgumentException">java.lang.IllegalArgumentException: Not implemented yet
	at jp.go.jpo.sa1s99.common.format.api.XmlToHtmlForAmendApi.execute(XmlToHtmlForAmendApi.java:32)
	at jp.go.jpo.sa1s99.common.format.integration.ExecuteXmlToHtmlForAmendApiByDirection.executeApi(ExecuteXmlToHtmlForAmendApiByDirection.java:26)
	at jp.go.jpo.sa1s99.common.format.integration.ExecuteXmlToHtmlForAmendApiByDirection.executeApi(ExecuteXmlToHtmlForAmendApiByDirection.java:13)
	at jp.go.jpo.sa1s99.common.format.integration.ExecuteApiByDirection.execute(ExecuteApiByDirection.java:28)
	at jp.go.jpo.sa1s99.common.format.integration.HtmlToXmlForAmendApiIntegrationTest.ファイル出力を比較する: #direction #parsedResult(HtmlToXmlForAmendApiIntegrationTest.groovy:29)
</failure>
  </testcase>
  <testcase name="ファイル出力を比較する: Direction{ s_InputDir: data/input/20101207-5.0-S-H22-0021/character-test/application-body/entity-reference-test-3C, s_OutputDir: data/output/html_amend/20101207-5.0-S-H22-0021/character-test/application-body/entity-reference-test-3C} null" classname="jp.go.jpo.sa1s99.common.format.integration.HtmlToXmlForAmendApiIntegrationTest" time="0.0">
    <failure message="java.lang.IllegalArgumentException: Not implemented yet" type="java.lang.IllegalArgumentException">java.lang.IllegalArgumentException: Not implemented yet
	at jp.go.jpo.sa1s99.common.format.api.XmlToHtmlForAmendApi.execute(XmlToHtmlForAmendApi.java:32)
	at jp.go.jpo.sa1s99.common.format.integration.ExecuteXmlToHtmlForAmendApiByDirection.executeApi(ExecuteXmlToHtmlForAmendApiByDirection.java:26)
	at jp.go.jpo.sa1s99.common.format.integration.ExecuteXmlToHtmlForAmendApiByDirection.executeApi(ExecuteXmlToHtmlForAmendApiByDirection.java:13)
	at jp.go.jpo.sa1s99.common.format.integration.ExecuteApiByDirection.execute(ExecuteApiByDirection.java:28)
	at jp.go.jpo.sa1s99.common.format.integration.HtmlToXmlForAmendApiIntegrationTest.ファイル出力を比較する: #direction #parsedResult(HtmlToXmlForAmendApiIntegrationTest.groovy:29)
</failure>
  </testcase>
  <testcase name="ファイル出力を比較する: Direction{ s_InputDir: data/input/20101207-5.0-S-H22-0021/character-test/application-body/entity-reference-test-7F, s_OutputDir: data/output/html_amend/20101207-5.0-S-H22-0021/character-test/application-body/entity-reference-test-7F} null" classname="jp.go.jpo.sa1s99.common.format.integration.HtmlToXmlForAmendApiIntegrationTest" time="0.015">
    <failure message="java.lang.IllegalArgumentException: Not implemented yet" type="java.lang.IllegalArgumentException">java.lang.IllegalArgumentException: Not implemented yet
	at jp.go.jpo.sa1s99.common.format.api.XmlToHtmlForAmendApi.execute(XmlToHtmlForAmendApi.java:32)
	at jp.go.jpo.sa1s99.common.format.integration.ExecuteXmlToHtmlForAmendApiByDirection.executeApi(ExecuteXmlToHtmlForAmendApiByDirection.java:26)
	at jp.go.jpo.sa1s99.common.format.integration.ExecuteXmlToHtmlForAmendApiByDirection.executeApi(ExecuteXmlToHtmlForAmendApiByDirection.java:13)
	at jp.go.jpo.sa1s99.common.format.integration.ExecuteApiByDirection.execute(ExecuteApiByDirection.java:28)
	at jp.go.jpo.sa1s99.common.format.integration.HtmlToXmlForAmendApiIntegrationTest.ファイル出力を比較する: #direction #parsedResult(HtmlToXmlForAmendApiIntegrationTest.groovy:29)
</failure>
  </testcase>
  <testcase name="ファイル出力を比較する: Direction{ s_InputDir: data/input/20101207-5.0-S-H22-0021/character-test/application-body/entity-reference-test-80, s_OutputDir: data/output/html_amend/20101207-5.0-S-H22-0021/character-test/application-body/entity-reference-test-80} null" classname="jp.go.jpo.sa1s99.common.format.integration.HtmlToXmlForAmendApiIntegrationTest" time="0.0">
    <failure message="java.lang.IllegalArgumentException: Not implemented yet" type="java.lang.IllegalArgumentException">java.lang.IllegalArgumentException: Not implemented yet
	at jp.go.jpo.sa1s99.common.format.api.XmlToHtmlForAmendApi.execute(XmlToHtmlForAmendApi.java:32)
	at jp.go.jpo.sa1s99.common.format.integration.ExecuteXmlToHtmlForAmendApiByDirection.executeApi(ExecuteXmlToHtmlForAmendApiByDirection.java:26)
	at jp.go.jpo.sa1s99.common.format.integration.ExecuteXmlToHtmlForAmendApiByDirection.executeApi(ExecuteXmlToHtmlForAmendApiByDirection.java:13)
	at jp.go.jpo.sa1s99.common.format.integration.ExecuteApiByDirection.execute(ExecuteApiByDirection.java:28)
	at jp.go.jpo.sa1s99.common.format.integration.HtmlToXmlForAmendApiIntegrationTest.ファイル出力を比較する: #direction #parsedResult(HtmlToXmlForAmendApiIntegrationTest.groovy:29)
</failure>
  </testcase>
  <testcase name="ファイル出力を比較する: Direction{ s_InputDir: data/input/20101207-5.0-S-H22-0021/character-test/application-body/entity-reference-test-81, s_OutputDir: data/output/html_amend/20101207-5.0-S-H22-0021/character-test/application-body/entity-reference-test-81} null" classname="jp.go.jpo.sa1s99.common.format.integration.HtmlToXmlForAmendApiIntegrationTest" time="0.0">
    <failure message="java.lang.IllegalArgumentException: Not implemented yet" type="java.lang.IllegalArgumentException">java.lang.IllegalArgumentException: Not implemented yet
	at jp.go.jpo.sa1s99.common.format.api.XmlToHtmlForAmendApi.execute(XmlToHtmlForAmendApi.java:32)
	at jp.go.jpo.sa1s99.common.format.integration.ExecuteXmlToHtmlForAmendApiByDirection.executeApi(ExecuteXmlToHtmlForAmendApiByDirection.java:26)
	at jp.go.jpo.sa1s99.common.format.integration.ExecuteXmlToHtmlForAmendApiByDirection.executeApi(ExecuteXmlToHtmlForAmendApiByDirection.java:13)
	at jp.go.jpo.sa1s99.common.format.integration.ExecuteApiByDirection.execute(ExecuteApiByDirection.java:28)
	at jp.go.jpo.sa1s99.common.format.integration.HtmlToXmlForAmendApiIntegrationTest.ファイル出力を比較する: #direction #parsedResult(HtmlToXmlForAmendApiIntegrationTest.groovy:29)
</failure>
  </testcase>
  <testcase name="ファイル出力を比較する: Direction{ s_InputDir: data/input/20101207-5.0-S-H22-0021/character-test/application-body/entity-reference-test-82, s_OutputDir: data/output/html_amend/20101207-5.0-S-H22-0021/character-test/application-body/entity-reference-test-82} null" classname="jp.go.jpo.sa1s99.common.format.integration.HtmlToXmlForAmendApiIntegrationTest" time="0.016">
    <failure message="java.lang.IllegalArgumentException: Not implemented yet" type="java.lang.IllegalArgumentException">java.lang.IllegalArgumentException: Not implemented yet
	at jp.go.jpo.sa1s99.common.format.api.XmlToHtmlForAmendApi.execute(XmlToHtmlForAmendApi.java:32)
	at jp.go.jpo.sa1s99.common.format.integration.ExecuteXmlToHtmlForAmendApiByDirection.executeApi(ExecuteXmlToHtmlForAmendApiByDirection.java:26)
	at jp.go.jpo.sa1s99.common.format.integration.ExecuteXmlToHtmlForAmendApiByDirection.executeApi(ExecuteXmlToHtmlForAmendApiByDirection.java:13)
	at jp.go.jpo.sa1s99.common.format.integration.ExecuteApiByDirection.execute(ExecuteApiByDirection.java:28)
	at jp.go.jpo.sa1s99.common.format.integration.HtmlToXmlForAmendApiIntegrationTest.ファイル出力を比較する: #direction #parsedResult(HtmlToXmlForAmendApiIntegrationTest.groovy:29)
</failure>
  </testcase>
  <testcase name="ファイル出力を比較する: Direction{ s_InputDir: data/input/20101207-5.0-S-H22-0021/character-test/application-body/entity-reference-test-83, s_OutputDir: data/output/html_amend/20101207-5.0-S-H22-0021/character-test/application-body/entity-reference-test-83} null" classname="jp.go.jpo.sa1s99.common.format.integration.HtmlToXmlForAmendApiIntegrationTest" time="0.0">
    <failure message="java.lang.IllegalArgumentException: Not implemented yet" type="java.lang.IllegalArgumentException">java.lang.IllegalArgumentException: Not implemented yet
	at jp.go.jpo.sa1s99.common.format.api.XmlToHtmlForAmendApi.execute(XmlToHtmlForAmendApi.java:32)
	at jp.go.jpo.sa1s99.common.format.integration.ExecuteXmlToHtmlForAmendApiByDirection.executeApi(ExecuteXmlToHtmlForAmendApiByDirection.java:26)
	at jp.go.jpo.sa1s99.common.format.integration.ExecuteXmlToHtmlForAmendApiByDirection.executeApi(ExecuteXmlToHtmlForAmendApiByDirection.java:13)
	at jp.go.jpo.sa1s99.common.format.integration.ExecuteApiByDirection.execute(ExecuteApiByDirection.java:28)
	at jp.go.jpo.sa1s99.common.format.integration.HtmlToXmlForAmendApiIntegrationTest.ファイル出力を比較する: #direction #parsedResult(HtmlToXmlForAmendApiIntegrationTest.groovy:29)
</failure>
  </testcase>
  <testcase name="ファイル出力を比較する: Direction{ s_InputDir: data/input/20101207-5.0-S-H22-0021/character-test/application-body/entity-reference-test-84, s_OutputDir: data/output/html_amend/20101207-5.0-S-H22-0021/character-test/application-body/entity-reference-test-84} null" classname="jp.go.jpo.sa1s99.common.format.integration.HtmlToXmlForAmendApiIntegrationTest" time="0.0">
    <failure message="java.lang.IllegalArgumentException: Not implemented yet" type="java.lang.IllegalArgumentException">java.lang.IllegalArgumentException: Not implemented yet
	at jp.go.jpo.sa1s99.common.format.api.XmlToHtmlForAmendApi.execute(XmlToHtmlForAmendApi.java:32)
	at jp.go.jpo.sa1s99.common.format.integration.ExecuteXmlToHtmlForAmendApiByDirection.executeApi(ExecuteXmlToHtmlForAmendApiByDirection.java:26)
	at jp.go.jpo.sa1s99.common.format.integration.ExecuteXmlToHtmlForAmendApiByDirection.executeApi(ExecuteXmlToHtmlForAmendApiByDirection.java:13)
	at jp.go.jpo.sa1s99.common.format.integration.ExecuteApiByDirection.execute(ExecuteApiByDirection.java:28)
	at jp.go.jpo.sa1s99.common.format.integration.HtmlToXmlForAmendApiIntegrationTest.ファイル出力を比較する: #direction #parsedResult(HtmlToXmlForAmendApiIntegrationTest.groovy:29)
</failure>
  </testcase>
  <testcase name="ファイル出力を比較する: Direction{ s_InputDir: data/input/20101207-5.0-S-H22-0021/character-test/application-body/entity-reference-test-85, s_OutputDir: data/output/html_amend/20101207-5.0-S-H22-0021/character-test/application-body/entity-reference-test-85} null" classname="jp.go.jpo.sa1s99.common.format.integration.HtmlToXmlForAmendApiIntegrationTest" time="0.0">
    <failure message="java.lang.IllegalArgumentException: Not implemented yet" type="java.lang.IllegalArgumentException">java.lang.IllegalArgumentException: Not implemented yet
	at jp.go.jpo.sa1s99.common.format.api.XmlToHtmlForAmendApi.execute(XmlToHtmlForAmendApi.java:32)
	at jp.go.jpo.sa1s99.common.format.integration.ExecuteXmlToHtmlForAmendApiByDirection.executeApi(ExecuteXmlToHtmlForAmendApiByDirection.java:26)
	at jp.go.jpo.sa1s99.common.format.integration.ExecuteXmlToHtmlForAmendApiByDirection.executeApi(ExecuteXmlToHtmlForAmendApiByDirection.java:13)
	at jp.go.jpo.sa1s99.common.format.integration.ExecuteApiByDirection.execute(ExecuteApiByDirection.java:28)
	at jp.go.jpo.sa1s99.common.format.integration.HtmlToXmlForAmendApiIntegrationTest.ファイル出力を比較する: #direction #parsedResult(HtmlToXmlForAmendApiIntegrationTest.groovy:29)
</failure>
  </testcase>
  <testcase name="ファイル出力を比較する: Direction{ s_InputDir: data/input/20101207-5.0-S-H22-0021/character-test/application-body/entity-reference-test-86, s_OutputDir: data/output/html_amend/20101207-5.0-S-H22-0021/character-test/application-body/entity-reference-test-86} null" classname="jp.go.jpo.sa1s99.common.format.integration.HtmlToXmlForAmendApiIntegrationTest" time="0.016">
    <failure message="java.lang.IllegalArgumentException: Not implemented yet" type="java.lang.IllegalArgumentException">java.lang.IllegalArgumentException: Not implemented yet
	at jp.go.jpo.sa1s99.common.format.api.XmlToHtmlForAmendApi.execute(XmlToHtmlForAmendApi.java:32)
	at jp.go.jpo.sa1s99.common.format.integration.ExecuteXmlToHtmlForAmendApiByDirection.executeApi(ExecuteXmlToHtmlForAmendApiByDirection.java:26)
	at jp.go.jpo.sa1s99.common.format.integration.ExecuteXmlToHtmlForAmendApiByDirection.executeApi(ExecuteXmlToHtmlForAmendApiByDirection.java:13)
	at jp.go.jpo.sa1s99.common.format.integration.ExecuteApiByDirection.execute(ExecuteApiByDirection.java:28)
	at jp.go.jpo.sa1s99.common.format.integration.HtmlToXmlForAmendApiIntegrationTest.ファイル出力を比較する: #direction #parsedResult(HtmlToXmlForAmendApiIntegrationTest.groovy:29)
</failure>
  </testcase>
  <testcase name="ファイル出力を比較する: Direction{ s_InputDir: data/input/20101207-5.0-S-H22-0021/character-test/application-body/entity-reference-test-87, s_OutputDir: data/output/html_amend/20101207-5.0-S-H22-0021/character-test/application-body/entity-reference-test-87} null" classname="jp.go.jpo.sa1s99.common.format.integration.HtmlToXmlForAmendApiIntegrationTest" time="0.0">
    <failure message="java.lang.IllegalArgumentException: Not implemented yet" type="java.lang.IllegalArgumentException">java.lang.IllegalArgumentException: Not implemented yet
	at jp.go.jpo.sa1s99.common.format.api.XmlToHtmlForAmendApi.execute(XmlToHtmlForAmendApi.java:32)
	at jp.go.jpo.sa1s99.common.format.integration.ExecuteXmlToHtmlForAmendApiByDirection.executeApi(ExecuteXmlToHtmlForAmendApiByDirection.java:26)
	at jp.go.jpo.sa1s99.common.format.integration.ExecuteXmlToHtmlForAmendApiByDirection.executeApi(ExecuteXmlToHtmlForAmendApiByDirection.java:13)
	at jp.go.jpo.sa1s99.common.format.integration.ExecuteApiByDirection.execute(ExecuteApiByDirection.java:28)
	at jp.go.jpo.sa1s99.common.format.integration.HtmlToXmlForAmendApiIntegrationTest.ファイル出力を比較する: #direction #parsedResult(HtmlToXmlForAmendApiIntegrationTest.groovy:29)
</failure>
  </testcase>
  <testcase name="ファイル出力を比較する: Direction{ s_InputDir: data/input/20101207-5.0-S-H22-0021/character-test/application-body/entity-reference-test-88, s_OutputDir: data/output/html_amend/20101207-5.0-S-H22-0021/character-test/application-body/entity-reference-test-88} null" classname="jp.go.jpo.sa1s99.common.format.integration.HtmlToXmlForAmendApiIntegrationTest" time="0.0">
    <failure message="java.lang.IllegalArgumentException: Not implemented yet" type="java.lang.IllegalArgumentException">java.lang.IllegalArgumentException: Not implemented yet
	at jp.go.jpo.sa1s99.common.format.api.XmlToHtmlForAmendApi.execute(XmlToHtmlForAmendApi.java:32)
	at jp.go.jpo.sa1s99.common.format.integration.ExecuteXmlToHtmlForAmendApiByDirection.executeApi(ExecuteXmlToHtmlForAmendApiByDirection.java:26)
	at jp.go.jpo.sa1s99.common.format.integration.ExecuteXmlToHtmlForAmendApiByDirection.executeApi(ExecuteXmlToHtmlForAmendApiByDirection.java:13)
	at jp.go.jpo.sa1s99.common.format.integration.ExecuteApiByDirection.execute(ExecuteApiByDirection.java:28)
	at jp.go.jpo.sa1s99.common.format.integration.HtmlToXmlForAmendApiIntegrationTest.ファイル出力を比較する: #direction #parsedResult(HtmlToXmlForAmendApiIntegrationTest.groovy:29)
</failure>
  </testcase>
  <testcase name="ファイル出力を比較する: Direction{ s_InputDir: data/input/20101207-5.0-S-H22-0021/character-test/application-body/entity-reference-test-89, s_OutputDir: data/output/html_amend/20101207-5.0-S-H22-0021/character-test/application-body/entity-reference-test-89} null" classname="jp.go.jpo.sa1s99.common.format.integration.HtmlToXmlForAmendApiIntegrationTest" time="0.015">
    <failure message="java.lang.IllegalArgumentException: Not implemented yet" type="java.lang.IllegalArgumentException">java.lang.IllegalArgumentException: Not implemented yet
	at jp.go.jpo.sa1s99.common.format.api.XmlToHtmlForAmendApi.execute(XmlToHtmlForAmendApi.java:32)
	at jp.go.jpo.sa1s99.common.format.integration.ExecuteXmlToHtmlForAmendApiByDirection.executeApi(ExecuteXmlToHtmlForAmendApiByDirection.java:26)
	at jp.go.jpo.sa1s99.common.format.integration.ExecuteXmlToHtmlForAmendApiByDirection.executeApi(ExecuteXmlToHtmlForAmendApiByDirection.java:13)
	at jp.go.jpo.sa1s99.common.format.integration.ExecuteApiByDirection.execute(ExecuteApiByDirection.java:28)
	at jp.go.jpo.sa1s99.common.format.integration.HtmlToXmlForAmendApiIntegrationTest.ファイル出力を比較する: #direction #parsedResult(HtmlToXmlForAmendApiIntegrationTest.groovy:29)
</failure>
  </testcase>
  <testcase name="ファイル出力を比較する: Direction{ s_InputDir: data/input/20101207-5.0-S-H22-0021/character-test/application-body/entity-reference-test-8A, s_OutputDir: data/output/html_amend/20101207-5.0-S-H22-0021/character-test/application-body/entity-reference-test-8A} null" classname="jp.go.jpo.sa1s99.common.format.integration.HtmlToXmlForAmendApiIntegrationTest" time="0.016">
    <failure message="java.lang.IllegalArgumentException: Not implemented yet" type="java.lang.IllegalArgumentException">java.lang.IllegalArgumentException: Not implemented yet
	at jp.go.jpo.sa1s99.common.format.api.XmlToHtmlForAmendApi.execute(XmlToHtmlForAmendApi.java:32)
	at jp.go.jpo.sa1s99.common.format.integration.ExecuteXmlToHtmlForAmendApiByDirection.executeApi(ExecuteXmlToHtmlForAmendApiByDirection.java:26)
	at jp.go.jpo.sa1s99.common.format.integration.ExecuteXmlToHtmlForAmendApiByDirection.executeApi(ExecuteXmlToHtmlForAmendApiByDirection.java:13)
	at jp.go.jpo.sa1s99.common.format.integration.ExecuteApiByDirection.execute(ExecuteApiByDirection.java:28)
	at jp.go.jpo.sa1s99.common.format.integration.HtmlToXmlForAmendApiIntegrationTest.ファイル出力を比較する: #direction #parsedResult(HtmlToXmlForAmendApiIntegrationTest.groovy:29)
</failure>
  </testcase>
  <testcase name="ファイル出力を比較する: Direction{ s_InputDir: data/input/20101207-5.0-S-H22-0021/character-test/application-body/entity-reference-test-8B, s_OutputDir: data/output/html_amend/20101207-5.0-S-H22-0021/character-test/application-body/entity-reference-test-8B} null" classname="jp.go.jpo.sa1s99.common.format.integration.HtmlToXmlForAmendApiIntegrationTest" time="0.0">
    <failure message="java.lang.IllegalArgumentException: Not implemented yet" type="java.lang.IllegalArgumentException">java.lang.IllegalArgumentException: Not implemented yet
	at jp.go.jpo.sa1s99.common.format.api.XmlToHtmlForAmendApi.execute(XmlToHtmlForAmendApi.java:32)
	at jp.go.jpo.sa1s99.common.format.integration.ExecuteXmlToHtmlForAmendApiByDirection.executeApi(ExecuteXmlToHtmlForAmendApiByDirection.java:26)
	at jp.go.jpo.sa1s99.common.format.integration.ExecuteXmlToHtmlForAmendApiByDirection.executeApi(ExecuteXmlToHtmlForAmendApiByDirection.java:13)
	at jp.go.jpo.sa1s99.common.format.integration.ExecuteApiByDirection.execute(ExecuteApiByDirection.java:28)
	at jp.go.jpo.sa1s99.common.format.integration.HtmlToXmlForAmendApiIntegrationTest.ファイル出力を比較する: #direction #parsedResult(HtmlToXmlForAmendApiIntegrationTest.groovy:29)
</failure>
  </testcase>
  <testcase name="ファイル出力を比較する: Direction{ s_InputDir: data/input/20101207-5.0-S-H22-0021/character-test/application-body/entity-reference-test-8C, s_OutputDir: data/output/html_amend/20101207-5.0-S-H22-0021/character-test/application-body/entity-reference-test-8C} null" classname="jp.go.jpo.sa1s99.common.format.integration.HtmlToXmlForAmendApiIntegrationTest" time="0.0">
    <failure message="java.lang.IllegalArgumentException: Not implemented yet" type="java.lang.IllegalArgumentException">java.lang.IllegalArgumentException: Not implemented yet
	at jp.go.jpo.sa1s99.common.format.api.XmlToHtmlForAmendApi.execute(XmlToHtmlForAmendApi.java:32)
	at jp.go.jpo.sa1s99.common.format.integration.ExecuteXmlToHtmlForAmendApiByDirection.executeApi(ExecuteXmlToHtmlForAmendApiByDirection.java:26)
	at jp.go.jpo.sa1s99.common.format.integration.ExecuteXmlToHtmlForAmendApiByDirection.executeApi(ExecuteXmlToHtmlForAmendApiByDirection.java:13)
	at jp.go.jpo.sa1s99.common.format.integration.ExecuteApiByDirection.execute(ExecuteApiByDirection.java:28)
	at jp.go.jpo.sa1s99.common.format.integration.HtmlToXmlForAmendApiIntegrationTest.ファイル出力を比較する: #direction #parsedResult(HtmlToXmlForAmendApiIntegrationTest.groovy:29)
</failure>
  </testcase>
  <testcase name="ファイル出力を比較する: Direction{ s_InputDir: data/input/20101207-5.0-S-H22-0021/character-test/application-body/entity-reference-test-8D, s_OutputDir: data/output/html_amend/20101207-5.0-S-H22-0021/character-test/application-body/entity-reference-test-8D} null" classname="jp.go.jpo.sa1s99.common.format.integration.HtmlToXmlForAmendApiIntegrationTest" time="0.0">
    <failure message="java.lang.IllegalArgumentException: Not implemented yet" type="java.lang.IllegalArgumentException">java.lang.IllegalArgumentException: Not implemented yet
	at jp.go.jpo.sa1s99.common.format.api.XmlToHtmlForAmendApi.execute(XmlToHtmlForAmendApi.java:32)
	at jp.go.jpo.sa1s99.common.format.integration.ExecuteXmlToHtmlForAmendApiByDirection.executeApi(ExecuteXmlToHtmlForAmendApiByDirection.java:26)
	at jp.go.jpo.sa1s99.common.format.integration.ExecuteXmlToHtmlForAmendApiByDirection.executeApi(ExecuteXmlToHtmlForAmendApiByDirection.java:13)
	at jp.go.jpo.sa1s99.common.format.integration.ExecuteApiByDirection.execute(ExecuteApiByDirection.java:28)
	at jp.go.jpo.sa1s99.common.format.integration.HtmlToXmlForAmendApiIntegrationTest.ファイル出力を比較する: #direction #parsedResult(HtmlToXmlForAmendApiIntegrationTest.groovy:29)
</failure>
  </testcase>
  <testcase name="ファイル出力を比較する: Direction{ s_InputDir: data/input/20101207-5.0-S-H22-0021/character-test/application-body/entity-reference-test-8E, s_OutputDir: data/output/html_amend/20101207-5.0-S-H22-0021/character-test/application-body/entity-reference-test-8E} null" classname="jp.go.jpo.sa1s99.common.format.integration.HtmlToXmlForAmendApiIntegrationTest" time="0.019">
    <failure message="java.lang.IllegalArgumentException: Not implemented yet" type="java.lang.IllegalArgumentException">java.lang.IllegalArgumentException: Not implemented yet
	at jp.go.jpo.sa1s99.common.format.api.XmlToHtmlForAmendApi.execute(XmlToHtmlForAmendApi.java:32)
	at jp.go.jpo.sa1s99.common.format.integration.ExecuteXmlToHtmlForAmendApiByDirection.executeApi(ExecuteXmlToHtmlForAmendApiByDirection.java:26)
	at jp.go.jpo.sa1s99.common.format.integration.ExecuteXmlToHtmlForAmendApiByDirection.executeApi(ExecuteXmlToHtmlForAmendApiByDirection.java:13)
	at jp.go.jpo.sa1s99.common.format.integration.ExecuteApiByDirection.execute(ExecuteApiByDirection.java:28)
	at jp.go.jpo.sa1s99.common.format.integration.HtmlToXmlForAmendApiIntegrationTest.ファイル出力を比較する: #direction #parsedResult(HtmlToXmlForAmendApiIntegrationTest.groovy:29)
</failure>
  </testcase>
  <testcase name="ファイル出力を比較する: Direction{ s_InputDir: data/input/20101207-5.0-S-H22-0021/character-test/application-body/entity-reference-test-8F, s_OutputDir: data/output/html_amend/20101207-5.0-S-H22-0021/character-test/application-body/entity-reference-test-8F} null" classname="jp.go.jpo.sa1s99.common.format.integration.HtmlToXmlForAmendApiIntegrationTest" time="0.003">
    <failure message="java.lang.IllegalArgumentException: Not implemented yet" type="java.lang.IllegalArgumentException">java.lang.IllegalArgumentException: Not implemented yet
	at jp.go.jpo.sa1s99.common.format.api.XmlToHtmlForAmendApi.execute(XmlToHtmlForAmendApi.java:32)
	at jp.go.jpo.sa1s99.common.format.integration.ExecuteXmlToHtmlForAmendApiByDirection.executeApi(ExecuteXmlToHtmlForAmendApiByDirection.java:26)
	at jp.go.jpo.sa1s99.common.format.integration.ExecuteXmlToHtmlForAmendApiByDirection.executeApi(ExecuteXmlToHtmlForAmendApiByDirection.java:13)
	at jp.go.jpo.sa1s99.common.format.integration.ExecuteApiByDirection.execute(ExecuteApiByDirection.java:28)
	at jp.go.jpo.sa1s99.common.format.integration.HtmlToXmlForAmendApiIntegrationTest.ファイル出力を比較する: #direction #parsedResult(HtmlToXmlForAmendApiIntegrationTest.groovy:29)
</failure>
  </testcase>
  <testcase name="ファイル出力を比較する: Direction{ s_InputDir: data/input/20101207-5.0-S-H22-0021/character-test/application-body/entity-reference-test-90, s_OutputDir: data/output/html_amend/20101207-5.0-S-H22-0021/character-test/application-body/entity-reference-test-90} null" classname="jp.go.jpo.sa1s99.common.format.integration.HtmlToXmlForAmendApiIntegrationTest" time="0.0">
    <failure message="java.lang.IllegalArgumentException: Not implemented yet" type="java.lang.IllegalArgumentException">java.lang.IllegalArgumentException: Not implemented yet
	at jp.go.jpo.sa1s99.common.format.api.XmlToHtmlForAmendApi.execute(XmlToHtmlForAmendApi.java:32)
	at jp.go.jpo.sa1s99.common.format.integration.ExecuteXmlToHtmlForAmendApiByDirection.executeApi(ExecuteXmlToHtmlForAmendApiByDirection.java:26)
	at jp.go.jpo.sa1s99.common.format.integration.ExecuteXmlToHtmlForAmendApiByDirection.executeApi(ExecuteXmlToHtmlForAmendApiByDirection.java:13)
	at jp.go.jpo.sa1s99.common.format.integration.ExecuteApiByDirection.execute(ExecuteApiByDirection.java:28)
	at jp.go.jpo.sa1s99.common.format.integration.HtmlToXmlForAmendApiIntegrationTest.ファイル出力を比較する: #direction #parsedResult(HtmlToXmlForAmendApiIntegrationTest.groovy:29)
</failure>
  </testcase>
  <testcase name="ファイル出力を比較する: Direction{ s_InputDir: data/input/20101207-5.0-S-H22-0021/character-test/application-body/entity-reference-test-91, s_OutputDir: data/output/html_amend/20101207-5.0-S-H22-0021/character-test/application-body/entity-reference-test-91} null" classname="jp.go.jpo.sa1s99.common.format.integration.HtmlToXmlForAmendApiIntegrationTest" time="0.016">
    <failure message="java.lang.IllegalArgumentException: Not implemented yet" type="java.lang.IllegalArgumentException">java.lang.IllegalArgumentException: Not implemented yet
	at jp.go.jpo.sa1s99.common.format.api.XmlToHtmlForAmendApi.execute(XmlToHtmlForAmendApi.java:32)
	at jp.go.jpo.sa1s99.common.format.integration.ExecuteXmlToHtmlForAmendApiByDirection.executeApi(ExecuteXmlToHtmlForAmendApiByDirection.java:26)
	at jp.go.jpo.sa1s99.common.format.integration.ExecuteXmlToHtmlForAmendApiByDirection.executeApi(ExecuteXmlToHtmlForAmendApiByDirection.java:13)
	at jp.go.jpo.sa1s99.common.format.integration.ExecuteApiByDirection.execute(ExecuteApiByDirection.java:28)
	at jp.go.jpo.sa1s99.common.format.integration.HtmlToXmlForAmendApiIntegrationTest.ファイル出力を比較する: #direction #parsedResult(HtmlToXmlForAmendApiIntegrationTest.groovy:29)
</failure>
  </testcase>
  <testcase name="ファイル出力を比較する: Direction{ s_InputDir: data/input/20101207-5.0-S-H22-0021/character-test/application-body/entity-reference-test-92, s_OutputDir: data/output/html_amend/20101207-5.0-S-H22-0021/character-test/application-body/entity-reference-test-92} null" classname="jp.go.jpo.sa1s99.common.format.integration.HtmlToXmlForAmendApiIntegrationTest" time="0.0">
    <failure message="java.lang.IllegalArgumentException: Not implemented yet" type="java.lang.IllegalArgumentException">java.lang.IllegalArgumentException: Not implemented yet
	at jp.go.jpo.sa1s99.common.format.api.XmlToHtmlForAmendApi.execute(XmlToHtmlForAmendApi.java:32)
	at jp.go.jpo.sa1s99.common.format.integration.ExecuteXmlToHtmlForAmendApiByDirection.executeApi(ExecuteXmlToHtmlForAmendApiByDirection.java:26)
	at jp.go.jpo.sa1s99.common.format.integration.ExecuteXmlToHtmlForAmendApiByDirection.executeApi(ExecuteXmlToHtmlForAmendApiByDirection.java:13)
	at jp.go.jpo.sa1s99.common.format.integration.ExecuteApiByDirection.execute(ExecuteApiByDirection.java:28)
	at jp.go.jpo.sa1s99.common.format.integration.HtmlToXmlForAmendApiIntegrationTest.ファイル出力を比較する: #direction #parsedResult(HtmlToXmlForAmendApiIntegrationTest.groovy:29)
</failure>
  </testcase>
  <testcase name="ファイル出力を比較する: Direction{ s_InputDir: data/input/20101207-5.0-S-H22-0021/character-test/application-body/entity-reference-test-93, s_OutputDir: data/output/html_amend/20101207-5.0-S-H22-0021/character-test/application-body/entity-reference-test-93} null" classname="jp.go.jpo.sa1s99.common.format.integration.HtmlToXmlForAmendApiIntegrationTest" time="0.015">
    <failure message="java.lang.IllegalArgumentException: Not implemented yet" type="java.lang.IllegalArgumentException">java.lang.IllegalArgumentException: Not implemented yet
	at jp.go.jpo.sa1s99.common.format.api.XmlToHtmlForAmendApi.execute(XmlToHtmlForAmendApi.java:32)
	at jp.go.jpo.sa1s99.common.format.integration.ExecuteXmlToHtmlForAmendApiByDirection.executeApi(ExecuteXmlToHtmlForAmendApiByDirection.java:26)
	at jp.go.jpo.sa1s99.common.format.integration.ExecuteXmlToHtmlForAmendApiByDirection.executeApi(ExecuteXmlToHtmlForAmendApiByDirection.java:13)
	at jp.go.jpo.sa1s99.common.format.integration.ExecuteApiByDirection.execute(ExecuteApiByDirection.java:28)
	at jp.go.jpo.sa1s99.common.format.integration.HtmlToXmlForAmendApiIntegrationTest.ファイル出力を比較する: #direction #parsedResult(HtmlToXmlForAmendApiIntegrationTest.groovy:29)
</failure>
  </testcase>
  <testcase name="ファイル出力を比較する: Direction{ s_InputDir: data/input/20101207-5.0-S-H22-0021/character-test/application-body/entity-reference-test-94, s_OutputDir: data/output/html_amend/20101207-5.0-S-H22-0021/character-test/application-body/entity-reference-test-94} null" classname="jp.go.jpo.sa1s99.common.format.integration.HtmlToXmlForAmendApiIntegrationTest" time="0.0">
    <failure message="java.lang.IllegalArgumentException: Not implemented yet" type="java.lang.IllegalArgumentException">java.lang.IllegalArgumentException: Not implemented yet
	at jp.go.jpo.sa1s99.common.format.api.XmlToHtmlForAmendApi.execute(XmlToHtmlForAmendApi.java:32)
	at jp.go.jpo.sa1s99.common.format.integration.ExecuteXmlToHtmlForAmendApiByDirection.executeApi(ExecuteXmlToHtmlForAmendApiByDirection.java:26)
	at jp.go.jpo.sa1s99.common.format.integration.ExecuteXmlToHtmlForAmendApiByDirection.executeApi(ExecuteXmlToHtmlForAmendApiByDirection.java:13)
	at jp.go.jpo.sa1s99.common.format.integration.ExecuteApiByDirection.execute(ExecuteApiByDirection.java:28)
	at jp.go.jpo.sa1s99.common.format.integration.HtmlToXmlForAmendApiIntegrationTest.ファイル出力を比較する: #direction #parsedResult(HtmlToXmlForAmendApiIntegrationTest.groovy:29)
</failure>
  </testcase>
  <testcase name="ファイル出力を比較する: Direction{ s_InputDir: data/input/20101207-5.0-S-H22-0021/character-test/application-body/entity-reference-test-95, s_OutputDir: data/output/html_amend/20101207-5.0-S-H22-0021/character-test/application-body/entity-reference-test-95} null" classname="jp.go.jpo.sa1s99.common.format.integration.HtmlToXmlForAmendApiIntegrationTest" time="0.0">
    <failure message="java.lang.IllegalArgumentException: Not implemented yet" type="java.lang.IllegalArgumentException">java.lang.IllegalArgumentException: Not implemented yet
	at jp.go.jpo.sa1s99.common.format.api.XmlToHtmlForAmendApi.execute(XmlToHtmlForAmendApi.java:32)
	at jp.go.jpo.sa1s99.common.format.integration.ExecuteXmlToHtmlForAmendApiByDirection.executeApi(ExecuteXmlToHtmlForAmendApiByDirection.java:26)
	at jp.go.jpo.sa1s99.common.format.integration.ExecuteXmlToHtmlForAmendApiByDirection.executeApi(ExecuteXmlToHtmlForAmendApiByDirection.java:13)
	at jp.go.jpo.sa1s99.common.format.integration.ExecuteApiByDirection.execute(ExecuteApiByDirection.java:28)
	at jp.go.jpo.sa1s99.common.format.integration.HtmlToXmlForAmendApiIntegrationTest.ファイル出力を比較する: #direction #parsedResult(HtmlToXmlForAmendApiIntegrationTest.groovy:29)
</failure>
  </testcase>
  <testcase name="ファイル出力を比較する: Direction{ s_InputDir: data/input/20101207-5.0-S-H22-0021/character-test/application-body/entity-reference-test-96, s_OutputDir: data/output/html_amend/20101207-5.0-S-H22-0021/character-test/application-body/entity-reference-test-96} null" classname="jp.go.jpo.sa1s99.common.format.integration.HtmlToXmlForAmendApiIntegrationTest" time="0.0">
    <failure message="java.lang.IllegalArgumentException: Not implemented yet" type="java.lang.IllegalArgumentException">java.lang.IllegalArgumentException: Not implemented yet
	at jp.go.jpo.sa1s99.common.format.api.XmlToHtmlForAmendApi.execute(XmlToHtmlForAmendApi.java:32)
	at jp.go.jpo.sa1s99.common.format.integration.ExecuteXmlToHtmlForAmendApiByDirection.executeApi(ExecuteXmlToHtmlForAmendApiByDirection.java:26)
	at jp.go.jpo.sa1s99.common.format.integration.ExecuteXmlToHtmlForAmendApiByDirection.executeApi(ExecuteXmlToHtmlForAmendApiByDirection.java:13)
	at jp.go.jpo.sa1s99.common.format.integration.ExecuteApiByDirection.execute(ExecuteApiByDirection.java:28)
	at jp.go.jpo.sa1s99.common.format.integration.HtmlToXmlForAmendApiIntegrationTest.ファイル出力を比較する: #direction #parsedResult(HtmlToXmlForAmendApiIntegrationTest.groovy:29)
</failure>
  </testcase>
  <testcase name="ファイル出力を比較する: Direction{ s_InputDir: data/input/20101207-5.0-S-H22-0021/character-test/application-body/entity-reference-test-97, s_OutputDir: data/output/html_amend/20101207-5.0-S-H22-0021/character-test/application-body/entity-reference-test-97} null" classname="jp.go.jpo.sa1s99.common.format.integration.HtmlToXmlForAmendApiIntegrationTest" time="0.016">
    <failure message="java.lang.IllegalArgumentException: Not implemented yet" type="java.lang.IllegalArgumentException">java.lang.IllegalArgumentException: Not implemented yet
	at jp.go.jpo.sa1s99.common.format.api.XmlToHtmlForAmendApi.execute(XmlToHtmlForAmendApi.java:32)
	at jp.go.jpo.sa1s99.common.format.integration.ExecuteXmlToHtmlForAmendApiByDirection.executeApi(ExecuteXmlToHtmlForAmendApiByDirection.java:26)
	at jp.go.jpo.sa1s99.common.format.integration.ExecuteXmlToHtmlForAmendApiByDirection.executeApi(ExecuteXmlToHtmlForAmendApiByDirection.java:13)
	at jp.go.jpo.sa1s99.common.format.integration.ExecuteApiByDirection.execute(ExecuteApiByDirection.java:28)
	at jp.go.jpo.sa1s99.common.format.integration.HtmlToXmlForAmendApiIntegrationTest.ファイル出力を比較する: #direction #parsedResult(HtmlToXmlForAmendApiIntegrationTest.groovy:29)
</failure>
  </testcase>
  <testcase name="ファイル出力を比較する: Direction{ s_InputDir: data/input/20101207-5.0-S-H22-0021/character-test/application-body/entity-reference-test-98, s_OutputDir: data/output/html_amend/20101207-5.0-S-H22-0021/character-test/application-body/entity-reference-test-98} null" classname="jp.go.jpo.sa1s99.common.format.integration.HtmlToXmlForAmendApiIntegrationTest" time="0.0">
    <failure message="java.lang.IllegalArgumentException: Not implemented yet" type="java.lang.IllegalArgumentException">java.lang.IllegalArgumentException: Not implemented yet
	at jp.go.jpo.sa1s99.common.format.api.XmlToHtmlForAmendApi.execute(XmlToHtmlForAmendApi.java:32)
	at jp.go.jpo.sa1s99.common.format.integration.ExecuteXmlToHtmlForAmendApiByDirection.executeApi(ExecuteXmlToHtmlForAmendApiByDirection.java:26)
	at jp.go.jpo.sa1s99.common.format.integration.ExecuteXmlToHtmlForAmendApiByDirection.executeApi(ExecuteXmlToHtmlForAmendApiByDirection.java:13)
	at jp.go.jpo.sa1s99.common.format.integration.ExecuteApiByDirection.execute(ExecuteApiByDirection.java:28)
	at jp.go.jpo.sa1s99.common.format.integration.HtmlToXmlForAmendApiIntegrationTest.ファイル出力を比較する: #direction #parsedResult(HtmlToXmlForAmendApiIntegrationTest.groovy:29)
</failure>
  </testcase>
  <testcase name="ファイル出力を比較する: Direction{ s_InputDir: data/input/20101207-5.0-S-H22-0021/character-test/application-body/entity-reference-test-99, s_OutputDir: data/output/html_amend/20101207-5.0-S-H22-0021/character-test/application-body/entity-reference-test-99} null" classname="jp.go.jpo.sa1s99.common.format.integration.HtmlToXmlForAmendApiIntegrationTest" time="0.0">
    <failure message="java.lang.IllegalArgumentException: Not implemented yet" type="java.lang.IllegalArgumentException">java.lang.IllegalArgumentException: Not implemented yet
	at jp.go.jpo.sa1s99.common.format.api.XmlToHtmlForAmendApi.execute(XmlToHtmlForAmendApi.java:32)
	at jp.go.jpo.sa1s99.common.format.integration.ExecuteXmlToHtmlForAmendApiByDirection.executeApi(ExecuteXmlToHtmlForAmendApiByDirection.java:26)
	at jp.go.jpo.sa1s99.common.format.integration.ExecuteXmlToHtmlForAmendApiByDirection.executeApi(ExecuteXmlToHtmlForAmendApiByDirection.java:13)
	at jp.go.jpo.sa1s99.common.format.integration.ExecuteApiByDirection.execute(ExecuteApiByDirection.java:28)
	at jp.go.jpo.sa1s99.common.format.integration.HtmlToXmlForAmendApiIntegrationTest.ファイル出力を比較する: #direction #parsedResult(HtmlToXmlForAmendApiIntegrationTest.groovy:29)
</failure>
  </testcase>
  <testcase name="ファイル出力を比較する: Direction{ s_InputDir: data/input/20101207-5.0-S-H22-0021/character-test/application-body/entity-reference-test-9A, s_OutputDir: data/output/html_amend/20101207-5.0-S-H22-0021/character-test/application-body/entity-reference-test-9A} null" classname="jp.go.jpo.sa1s99.common.format.integration.HtmlToXmlForAmendApiIntegrationTest" time="0.016">
    <failure message="java.lang.IllegalArgumentException: Not implemented yet" type="java.lang.IllegalArgumentException">java.lang.IllegalArgumentException: Not implemented yet
	at jp.go.jpo.sa1s99.common.format.api.XmlToHtmlForAmendApi.execute(XmlToHtmlForAmendApi.java:32)
	at jp.go.jpo.sa1s99.common.format.integration.ExecuteXmlToHtmlForAmendApiByDirection.executeApi(ExecuteXmlToHtmlForAmendApiByDirection.java:26)
	at jp.go.jpo.sa1s99.common.format.integration.ExecuteXmlToHtmlForAmendApiByDirection.executeApi(ExecuteXmlToHtmlForAmendApiByDirection.java:13)
	at jp.go.jpo.sa1s99.common.format.integration.ExecuteApiByDirection.execute(ExecuteApiByDirection.java:28)
	at jp.go.jpo.sa1s99.common.format.integration.HtmlToXmlForAmendApiIntegrationTest.ファイル出力を比較する: #direction #parsedResult(HtmlToXmlForAmendApiIntegrationTest.groovy:29)
</failure>
  </testcase>
  <testcase name="ファイル出力を比較する: Direction{ s_InputDir: data/input/20101207-5.0-S-H22-0021/character-test/application-body/entity-reference-test-9B, s_OutputDir: data/output/html_amend/20101207-5.0-S-H22-0021/character-test/application-body/entity-reference-test-9B} null" classname="jp.go.jpo.sa1s99.common.format.integration.HtmlToXmlForAmendApiIntegrationTest" time="0.0">
    <failure message="java.lang.IllegalArgumentException: Not implemented yet" type="java.lang.IllegalArgumentException">java.lang.IllegalArgumentException: Not implemented yet
	at jp.go.jpo.sa1s99.common.format.api.XmlToHtmlForAmendApi.execute(XmlToHtmlForAmendApi.java:32)
	at jp.go.jpo.sa1s99.common.format.integration.ExecuteXmlToHtmlForAmendApiByDirection.executeApi(ExecuteXmlToHtmlForAmendApiByDirection.java:26)
	at jp.go.jpo.sa1s99.common.format.integration.ExecuteXmlToHtmlForAmendApiByDirection.executeApi(ExecuteXmlToHtmlForAmendApiByDirection.java:13)
	at jp.go.jpo.sa1s99.common.format.integration.ExecuteApiByDirection.execute(ExecuteApiByDirection.java:28)
	at jp.go.jpo.sa1s99.common.format.integration.HtmlToXmlForAmendApiIntegrationTest.ファイル出力を比較する: #direction #parsedResult(HtmlToXmlForAmendApiIntegrationTest.groovy:29)
</failure>
  </testcase>
  <testcase name="ファイル出力を比較する: Direction{ s_InputDir: data/input/20101207-5.0-S-H22-0021/character-test/application-body/entity-reference-test-9C, s_OutputDir: data/output/html_amend/20101207-5.0-S-H22-0021/character-test/application-body/entity-reference-test-9C} null" classname="jp.go.jpo.sa1s99.common.format.integration.HtmlToXmlForAmendApiIntegrationTest" time="0.0">
    <failure message="java.lang.IllegalArgumentException: Not implemented yet" type="java.lang.IllegalArgumentException">java.lang.IllegalArgumentException: Not implemented yet
	at jp.go.jpo.sa1s99.common.format.api.XmlToHtmlForAmendApi.execute(XmlToHtmlForAmendApi.java:32)
	at jp.go.jpo.sa1s99.common.format.integration.ExecuteXmlToHtmlForAmendApiByDirection.executeApi(ExecuteXmlToHtmlForAmendApiByDirection.java:26)
	at jp.go.jpo.sa1s99.common.format.integration.ExecuteXmlToHtmlForAmendApiByDirection.executeApi(ExecuteXmlToHtmlForAmendApiByDirection.java:13)
	at jp.go.jpo.sa1s99.common.format.integration.ExecuteApiByDirection.execute(ExecuteApiByDirection.java:28)
	at jp.go.jpo.sa1s99.common.format.integration.HtmlToXmlForAmendApiIntegrationTest.ファイル出力を比較する: #direction #parsedResult(HtmlToXmlForAmendApiIntegrationTest.groovy:29)
</failure>
  </testcase>
  <testcase name="ファイル出力を比較する: Direction{ s_InputDir: data/input/20101207-5.0-S-H22-0021/character-test/application-body/entity-reference-test-9D, s_OutputDir: data/output/html_amend/20101207-5.0-S-H22-0021/character-test/application-body/entity-reference-test-9D} null" classname="jp.go.jpo.sa1s99.common.format.integration.HtmlToXmlForAmendApiIntegrationTest" time="0.0">
    <failure message="java.lang.IllegalArgumentException: Not implemented yet" type="java.lang.IllegalArgumentException">java.lang.IllegalArgumentException: Not implemented yet
	at jp.go.jpo.sa1s99.common.format.api.XmlToHtmlForAmendApi.execute(XmlToHtmlForAmendApi.java:32)
	at jp.go.jpo.sa1s99.common.format.integration.ExecuteXmlToHtmlForAmendApiByDirection.executeApi(ExecuteXmlToHtmlForAmendApiByDirection.java:26)
	at jp.go.jpo.sa1s99.common.format.integration.ExecuteXmlToHtmlForAmendApiByDirection.executeApi(ExecuteXmlToHtmlForAmendApiByDirection.java:13)
	at jp.go.jpo.sa1s99.common.format.integration.ExecuteApiByDirection.execute(ExecuteApiByDirection.java:28)
	at jp.go.jpo.sa1s99.common.format.integration.HtmlToXmlForAmendApiIntegrationTest.ファイル出力を比較する: #direction #parsedResult(HtmlToXmlForAmendApiIntegrationTest.groovy:29)
</failure>
  </testcase>
  <testcase name="ファイル出力を比較する: Direction{ s_InputDir: data/input/20101207-5.0-S-H22-0021/character-test/application-body/entity-reference-test-9E, s_OutputDir: data/output/html_amend/20101207-5.0-S-H22-0021/character-test/application-body/entity-reference-test-9E} null" classname="jp.go.jpo.sa1s99.common.format.integration.HtmlToXmlForAmendApiIntegrationTest" time="0.015">
    <failure message="java.lang.IllegalArgumentException: Not implemented yet" type="java.lang.IllegalArgumentException">java.lang.IllegalArgumentException: Not implemented yet
	at jp.go.jpo.sa1s99.common.format.api.XmlToHtmlForAmendApi.execute(XmlToHtmlForAmendApi.java:32)
	at jp.go.jpo.sa1s99.common.format.integration.ExecuteXmlToHtmlForAmendApiByDirection.executeApi(ExecuteXmlToHtmlForAmendApiByDirection.java:26)
	at jp.go.jpo.sa1s99.common.format.integration.ExecuteXmlToHtmlForAmendApiByDirection.executeApi(ExecuteXmlToHtmlForAmendApiByDirection.java:13)
	at jp.go.jpo.sa1s99.common.format.integration.ExecuteApiByDirection.execute(ExecuteApiByDirection.java:28)
	at jp.go.jpo.sa1s99.common.format.integration.HtmlToXmlForAmendApiIntegrationTest.ファイル出力を比較する: #direction #parsedResult(HtmlToXmlForAmendApiIntegrationTest.groovy:29)
</failure>
  </testcase>
  <testcase name="ファイル出力を比較する: Direction{ s_InputDir: data/input/20101207-5.0-S-H22-0021/character-test/application-body/entity-reference-test-9F, s_OutputDir: data/output/html_amend/20101207-5.0-S-H22-0021/character-test/application-body/entity-reference-test-9F} null" classname="jp.go.jpo.sa1s99.common.format.integration.HtmlToXmlForAmendApiIntegrationTest" time="0.0">
    <failure message="java.lang.IllegalArgumentException: Not implemented yet" type="java.lang.IllegalArgumentException">java.lang.IllegalArgumentException: Not implemented yet
	at jp.go.jpo.sa1s99.common.format.api.XmlToHtmlForAmendApi.execute(XmlToHtmlForAmendApi.java:32)
	at jp.go.jpo.sa1s99.common.format.integration.ExecuteXmlToHtmlForAmendApiByDirection.executeApi(ExecuteXmlToHtmlForAmendApiByDirection.java:26)
	at jp.go.jpo.sa1s99.common.format.integration.ExecuteXmlToHtmlForAmendApiByDirection.executeApi(ExecuteXmlToHtmlForAmendApiByDirection.java:13)
	at jp.go.jpo.sa1s99.common.format.integration.ExecuteApiByDirection.execute(ExecuteApiByDirection.java:28)
	at jp.go.jpo.sa1s99.common.format.integration.HtmlToXmlForAmendApiIntegrationTest.ファイル出力を比較する: #direction #parsedResult(HtmlToXmlForAmendApiIntegrationTest.groovy:29)
</failure>
  </testcase>
  <testcase name="ファイル出力を比較する: Direction{ s_InputDir: data/input/20101207-5.0-S-H22-0021/character-test/application-body/entity-reference-test-A0, s_OutputDir: data/output/html_amend/20101207-5.0-S-H22-0021/character-test/application-body/entity-reference-test-A0} null" classname="jp.go.jpo.sa1s99.common.format.integration.HtmlToXmlForAmendApiIntegrationTest" time="0.0">
    <failure message="java.lang.IllegalArgumentException: Not implemented yet" type="java.lang.IllegalArgumentException">java.lang.IllegalArgumentException: Not implemented yet
	at jp.go.jpo.sa1s99.common.format.api.XmlToHtmlForAmendApi.execute(XmlToHtmlForAmendApi.java:32)
	at jp.go.jpo.sa1s99.common.format.integration.ExecuteXmlToHtmlForAmendApiByDirection.executeApi(ExecuteXmlToHtmlForAmendApiByDirection.java:26)
	at jp.go.jpo.sa1s99.common.format.integration.ExecuteXmlToHtmlForAmendApiByDirection.executeApi(ExecuteXmlToHtmlForAmendApiByDirection.java:13)
	at jp.go.jpo.sa1s99.common.format.integration.ExecuteApiByDirection.execute(ExecuteApiByDirection.java:28)
	at jp.go.jpo.sa1s99.common.format.integration.HtmlToXmlForAmendApiIntegrationTest.ファイル出力を比較する: #direction #parsedResult(HtmlToXmlForAmendApiIntegrationTest.groovy:29)
</failure>
  </testcase>
  <testcase name="ファイル出力を比較する: Direction{ s_InputDir: data/input/20101207-5.0-S-H22-0021/character-test/application-body/entity-reference-test-A1, s_OutputDir: data/output/html_amend/20101207-5.0-S-H22-0021/character-test/application-body/entity-reference-test-A1} null" classname="jp.go.jpo.sa1s99.common.format.integration.HtmlToXmlForAmendApiIntegrationTest" time="0.017">
    <failure message="java.lang.IllegalArgumentException: Not implemented yet" type="java.lang.IllegalArgumentException">java.lang.IllegalArgumentException: Not implemented yet
	at jp.go.jpo.sa1s99.common.format.api.XmlToHtmlForAmendApi.execute(XmlToHtmlForAmendApi.java:32)
	at jp.go.jpo.sa1s99.common.format.integration.ExecuteXmlToHtmlForAmendApiByDirection.executeApi(ExecuteXmlToHtmlForAmendApiByDirection.java:26)
	at jp.go.jpo.sa1s99.common.format.integration.ExecuteXmlToHtmlForAmendApiByDirection.executeApi(ExecuteXmlToHtmlForAmendApiByDirection.java:13)
	at jp.go.jpo.sa1s99.common.format.integration.ExecuteApiByDirection.execute(ExecuteApiByDirection.java:28)
	at jp.go.jpo.sa1s99.common.format.integration.HtmlToXmlForAmendApiIntegrationTest.ファイル出力を比較する: #direction #parsedResult(HtmlToXmlForAmendApiIntegrationTest.groovy:29)
</failure>
  </testcase>
  <testcase name="ファイル出力を比較する: Direction{ s_InputDir: data/input/20101207-5.0-S-H22-0021/character-test/application-body/entity-reference-test-A2, s_OutputDir: data/output/html_amend/20101207-5.0-S-H22-0021/character-test/application-body/entity-reference-test-A2} null" classname="jp.go.jpo.sa1s99.common.format.integration.HtmlToXmlForAmendApiIntegrationTest" time="0.004">
    <failure message="java.lang.IllegalArgumentException: Not implemented yet" type="java.lang.IllegalArgumentException">java.lang.IllegalArgumentException: Not implemented yet
	at jp.go.jpo.sa1s99.common.format.api.XmlToHtmlForAmendApi.execute(XmlToHtmlForAmendApi.java:32)
	at jp.go.jpo.sa1s99.common.format.integration.ExecuteXmlToHtmlForAmendApiByDirection.executeApi(ExecuteXmlToHtmlForAmendApiByDirection.java:26)
	at jp.go.jpo.sa1s99.common.format.integration.ExecuteXmlToHtmlForAmendApiByDirection.executeApi(ExecuteXmlToHtmlForAmendApiByDirection.java:13)
	at jp.go.jpo.sa1s99.common.format.integration.ExecuteApiByDirection.execute(ExecuteApiByDirection.java:28)
	at jp.go.jpo.sa1s99.common.format.integration.HtmlToXmlForAmendApiIntegrationTest.ファイル出力を比較する: #direction #parsedResult(HtmlToXmlForAmendApiIntegrationTest.groovy:29)
</failure>
  </testcase>
  <testcase name="ファイル出力を比較する: Direction{ s_InputDir: data/input/20101207-5.0-S-H22-0021/character-test/application-body/entity-reference-test-A3, s_OutputDir: data/output/html_amend/20101207-5.0-S-H22-0021/character-test/application-body/entity-reference-test-A3} null" classname="jp.go.jpo.sa1s99.common.format.integration.HtmlToXmlForAmendApiIntegrationTest" time="0.001">
    <failure message="java.lang.IllegalArgumentException: Not implemented yet" type="java.lang.IllegalArgumentException">java.lang.IllegalArgumentException: Not implemented yet
	at jp.go.jpo.sa1s99.common.format.api.XmlToHtmlForAmendApi.execute(XmlToHtmlForAmendApi.java:32)
	at jp.go.jpo.sa1s99.common.format.integration.ExecuteXmlToHtmlForAmendApiByDirection.executeApi(ExecuteXmlToHtmlForAmendApiByDirection.java:26)
	at jp.go.jpo.sa1s99.common.format.integration.ExecuteXmlToHtmlForAmendApiByDirection.executeApi(ExecuteXmlToHtmlForAmendApiByDirection.java:13)
	at jp.go.jpo.sa1s99.common.format.integration.ExecuteApiByDirection.execute(ExecuteApiByDirection.java:28)
	at jp.go.jpo.sa1s99.common.format.integration.HtmlToXmlForAmendApiIntegrationTest.ファイル出力を比較する: #direction #parsedResult(HtmlToXmlForAmendApiIntegrationTest.groovy:29)
</failure>
  </testcase>
  <testcase name="ファイル出力を比較する: Direction{ s_InputDir: data/input/20101207-5.0-S-H22-0021/character-test/application-body/entity-reference-test-A4, s_OutputDir: data/output/html_amend/20101207-5.0-S-H22-0021/character-test/application-body/entity-reference-test-A4} null" classname="jp.go.jpo.sa1s99.common.format.integration.HtmlToXmlForAmendApiIntegrationTest" time="0.0">
    <failure message="java.lang.IllegalArgumentException: Not implemented yet" type="java.lang.IllegalArgumentException">java.lang.IllegalArgumentException: Not implemented yet
	at jp.go.jpo.sa1s99.common.format.api.XmlToHtmlForAmendApi.execute(XmlToHtmlForAmendApi.java:32)
	at jp.go.jpo.sa1s99.common.format.integration.ExecuteXmlToHtmlForAmendApiByDirection.executeApi(ExecuteXmlToHtmlForAmendApiByDirection.java:26)
	at jp.go.jpo.sa1s99.common.format.integration.ExecuteXmlToHtmlForAmendApiByDirection.executeApi(ExecuteXmlToHtmlForAmendApiByDirection.java:13)
	at jp.go.jpo.sa1s99.common.format.integration.ExecuteApiByDirection.execute(ExecuteApiByDirection.java:28)
	at jp.go.jpo.sa1s99.common.format.integration.HtmlToXmlForAmendApiIntegrationTest.ファイル出力を比較する: #direction #parsedResult(HtmlToXmlForAmendApiIntegrationTest.groovy:29)
</failure>
  </testcase>
  <testcase name="ファイル出力を比較する: Direction{ s_InputDir: data/input/20101207-5.0-S-H22-0021/character-test/application-body/entity-reference-test-A5, s_OutputDir: data/output/html_amend/20101207-5.0-S-H22-0021/character-test/application-body/entity-reference-test-A5} null" classname="jp.go.jpo.sa1s99.common.format.integration.HtmlToXmlForAmendApiIntegrationTest" time="0.0">
    <failure message="java.lang.IllegalArgumentException: Not implemented yet" type="java.lang.IllegalArgumentException">java.lang.IllegalArgumentException: Not implemented yet
	at jp.go.jpo.sa1s99.common.format.api.XmlToHtmlForAmendApi.execute(XmlToHtmlForAmendApi.java:32)
	at jp.go.jpo.sa1s99.common.format.integration.ExecuteXmlToHtmlForAmendApiByDirection.executeApi(ExecuteXmlToHtmlForAmendApiByDirection.java:26)
	at jp.go.jpo.sa1s99.common.format.integration.ExecuteXmlToHtmlForAmendApiByDirection.executeApi(ExecuteXmlToHtmlForAmendApiByDirection.java:13)
	at jp.go.jpo.sa1s99.common.format.integration.ExecuteApiByDirection.execute(ExecuteApiByDirection.java:28)
	at jp.go.jpo.sa1s99.common.format.integration.HtmlToXmlForAmendApiIntegrationTest.ファイル出力を比較する: #direction #parsedResult(HtmlToXmlForAmendApiIntegrationTest.groovy:29)
</failure>
  </testcase>
  <testcase name="ファイル出力を比較する: Direction{ s_InputDir: data/input/20101207-5.0-S-H22-0021/character-test/application-body/entity-reference-test-A6, s_OutputDir: data/output/html_amend/20101207-5.0-S-H22-0021/character-test/application-body/entity-reference-test-A6} null" classname="jp.go.jpo.sa1s99.common.format.integration.HtmlToXmlForAmendApiIntegrationTest" time="0.016">
    <failure message="java.lang.IllegalArgumentException: Not implemented yet" type="java.lang.IllegalArgumentException">java.lang.IllegalArgumentException: Not implemented yet
	at jp.go.jpo.sa1s99.common.format.api.XmlToHtmlForAmendApi.execute(XmlToHtmlForAmendApi.java:32)
	at jp.go.jpo.sa1s99.common.format.integration.ExecuteXmlToHtmlForAmendApiByDirection.executeApi(ExecuteXmlToHtmlForAmendApiByDirection.java:26)
	at jp.go.jpo.sa1s99.common.format.integration.ExecuteXmlToHtmlForAmendApiByDirection.executeApi(ExecuteXmlToHtmlForAmendApiByDirection.java:13)
	at jp.go.jpo.sa1s99.common.format.integration.ExecuteApiByDirection.execute(ExecuteApiByDirection.java:28)
	at jp.go.jpo.sa1s99.common.format.integration.HtmlToXmlForAmendApiIntegrationTest.ファイル出力を比較する: #direction #parsedResult(HtmlToXmlForAmendApiIntegrationTest.groovy:29)
</failure>
  </testcase>
  <testcase name="ファイル出力を比較する: Direction{ s_InputDir: data/input/20101207-5.0-S-H22-0021/character-test/application-body/entity-reference-test-A7, s_OutputDir: data/output/html_amend/20101207-5.0-S-H22-0021/character-test/application-body/entity-reference-test-A7} null" classname="jp.go.jpo.sa1s99.common.format.integration.HtmlToXmlForAmendApiIntegrationTest" time="0.0">
    <failure message="java.lang.IllegalArgumentException: Not implemented yet" type="java.lang.IllegalArgumentException">java.lang.IllegalArgumentException: Not implemented yet
	at jp.go.jpo.sa1s99.common.format.api.XmlToHtmlForAmendApi.execute(XmlToHtmlForAmendApi.java:32)
	at jp.go.jpo.sa1s99.common.format.integration.ExecuteXmlToHtmlForAmendApiByDirection.executeApi(ExecuteXmlToHtmlForAmendApiByDirection.java:26)
	at jp.go.jpo.sa1s99.common.format.integration.ExecuteXmlToHtmlForAmendApiByDirection.executeApi(ExecuteXmlToHtmlForAmendApiByDirection.java:13)
	at jp.go.jpo.sa1s99.common.format.integration.ExecuteApiByDirection.execute(ExecuteApiByDirection.java:28)
	at jp.go.jpo.sa1s99.common.format.integration.HtmlToXmlForAmendApiIntegrationTest.ファイル出力を比較する: #direction #parsedResult(HtmlToXmlForAmendApiIntegrationTest.groovy:29)
</failure>
  </testcase>
  <testcase name="ファイル出力を比較する: Direction{ s_InputDir: data/input/20101207-5.0-S-H22-0021/character-test/application-body/entity-reference-test-A8, s_OutputDir: data/output/html_amend/20101207-5.0-S-H22-0021/character-test/application-body/entity-reference-test-A8} null" classname="jp.go.jpo.sa1s99.common.format.integration.HtmlToXmlForAmendApiIntegrationTest" time="0.0">
    <failure message="java.lang.IllegalArgumentException: Not implemented yet" type="java.lang.IllegalArgumentException">java.lang.IllegalArgumentException: Not implemented yet
	at jp.go.jpo.sa1s99.common.format.api.XmlToHtmlForAmendApi.execute(XmlToHtmlForAmendApi.java:32)
	at jp.go.jpo.sa1s99.common.format.integration.ExecuteXmlToHtmlForAmendApiByDirection.executeApi(ExecuteXmlToHtmlForAmendApiByDirection.java:26)
	at jp.go.jpo.sa1s99.common.format.integration.ExecuteXmlToHtmlForAmendApiByDirection.executeApi(ExecuteXmlToHtmlForAmendApiByDirection.java:13)
	at jp.go.jpo.sa1s99.common.format.integration.ExecuteApiByDirection.execute(ExecuteApiByDirection.java:28)
	at jp.go.jpo.sa1s99.common.format.integration.HtmlToXmlForAmendApiIntegrationTest.ファイル出力を比較する: #direction #parsedResult(HtmlToXmlForAmendApiIntegrationTest.groovy:29)
</failure>
  </testcase>
  <testcase name="ファイル出力を比較する: Direction{ s_InputDir: data/input/20101207-5.0-S-H22-0021/character-test/application-body/entity-reference-test-A9, s_OutputDir: data/output/html_amend/20101207-5.0-S-H22-0021/character-test/application-body/entity-reference-test-A9} null" classname="jp.go.jpo.sa1s99.common.format.integration.HtmlToXmlForAmendApiIntegrationTest" time="0.0">
    <failure message="java.lang.IllegalArgumentException: Not implemented yet" type="java.lang.IllegalArgumentException">java.lang.IllegalArgumentException: Not implemented yet
	at jp.go.jpo.sa1s99.common.format.api.XmlToHtmlForAmendApi.execute(XmlToHtmlForAmendApi.java:32)
	at jp.go.jpo.sa1s99.common.format.integration.ExecuteXmlToHtmlForAmendApiByDirection.executeApi(ExecuteXmlToHtmlForAmendApiByDirection.java:26)
	at jp.go.jpo.sa1s99.common.format.integration.ExecuteXmlToHtmlForAmendApiByDirection.executeApi(ExecuteXmlToHtmlForAmendApiByDirection.java:13)
	at jp.go.jpo.sa1s99.common.format.integration.ExecuteApiByDirection.execute(ExecuteApiByDirection.java:28)
	at jp.go.jpo.sa1s99.common.format.integration.HtmlToXmlForAmendApiIntegrationTest.ファイル出力を比較する: #direction #parsedResult(HtmlToXmlForAmendApiIntegrationTest.groovy:29)
</failure>
  </testcase>
  <testcase name="ファイル出力を比較する: Direction{ s_InputDir: data/input/20101207-5.0-S-H22-0021/character-test/application-body/entity-reference-test-AA, s_OutputDir: data/output/html_amend/20101207-5.0-S-H22-0021/character-test/application-body/entity-reference-test-AA} null" classname="jp.go.jpo.sa1s99.common.format.integration.HtmlToXmlForAmendApiIntegrationTest" time="0.016">
    <failure message="java.lang.IllegalArgumentException: Not implemented yet" type="java.lang.IllegalArgumentException">java.lang.IllegalArgumentException: Not implemented yet
	at jp.go.jpo.sa1s99.common.format.api.XmlToHtmlForAmendApi.execute(XmlToHtmlForAmendApi.java:32)
	at jp.go.jpo.sa1s99.common.format.integration.ExecuteXmlToHtmlForAmendApiByDirection.executeApi(ExecuteXmlToHtmlForAmendApiByDirection.java:26)
	at jp.go.jpo.sa1s99.common.format.integration.ExecuteXmlToHtmlForAmendApiByDirection.executeApi(ExecuteXmlToHtmlForAmendApiByDirection.java:13)
	at jp.go.jpo.sa1s99.common.format.integration.ExecuteApiByDirection.execute(ExecuteApiByDirection.java:28)
	at jp.go.jpo.sa1s99.common.format.integration.HtmlToXmlForAmendApiIntegrationTest.ファイル出力を比較する: #direction #parsedResult(HtmlToXmlForAmendApiIntegrationTest.groovy:29)
</failure>
  </testcase>
  <testcase name="ファイル出力を比較する: Direction{ s_InputDir: data/input/20101207-5.0-S-H22-0021/character-test/application-body/entity-reference-test-AB, s_OutputDir: data/output/html_amend/20101207-5.0-S-H22-0021/character-test/application-body/entity-reference-test-AB} null" classname="jp.go.jpo.sa1s99.common.format.integration.HtmlToXmlForAmendApiIntegrationTest" time="0.0">
    <failure message="java.lang.IllegalArgumentException: Not implemented yet" type="java.lang.IllegalArgumentException">java.lang.IllegalArgumentException: Not implemented yet
	at jp.go.jpo.sa1s99.common.format.api.XmlToHtmlForAmendApi.execute(XmlToHtmlForAmendApi.java:32)
	at jp.go.jpo.sa1s99.common.format.integration.ExecuteXmlToHtmlForAmendApiByDirection.executeApi(ExecuteXmlToHtmlForAmendApiByDirection.java:26)
	at jp.go.jpo.sa1s99.common.format.integration.ExecuteXmlToHtmlForAmendApiByDirection.executeApi(ExecuteXmlToHtmlForAmendApiByDirection.java:13)
	at jp.go.jpo.sa1s99.common.format.integration.ExecuteApiByDirection.execute(ExecuteApiByDirection.java:28)
	at jp.go.jpo.sa1s99.common.format.integration.HtmlToXmlForAmendApiIntegrationTest.ファイル出力を比較する: #direction #parsedResult(HtmlToXmlForAmendApiIntegrationTest.groovy:29)
</failure>
  </testcase>
  <testcase name="ファイル出力を比較する: Direction{ s_InputDir: data/input/20101207-5.0-S-H22-0021/character-test/application-body/entity-reference-test-AC, s_OutputDir: data/output/html_amend/20101207-5.0-S-H22-0021/character-test/application-body/entity-reference-test-AC} null" classname="jp.go.jpo.sa1s99.common.format.integration.HtmlToXmlForAmendApiIntegrationTest" time="0.0">
    <failure message="java.lang.IllegalArgumentException: Not implemented yet" type="java.lang.IllegalArgumentException">java.lang.IllegalArgumentException: Not implemented yet
	at jp.go.jpo.sa1s99.common.format.api.XmlToHtmlForAmendApi.execute(XmlToHtmlForAmendApi.java:32)
	at jp.go.jpo.sa1s99.common.format.integration.ExecuteXmlToHtmlForAmendApiByDirection.executeApi(ExecuteXmlToHtmlForAmendApiByDirection.java:26)
	at jp.go.jpo.sa1s99.common.format.integration.ExecuteXmlToHtmlForAmendApiByDirection.executeApi(ExecuteXmlToHtmlForAmendApiByDirection.java:13)
	at jp.go.jpo.sa1s99.common.format.integration.ExecuteApiByDirection.execute(ExecuteApiByDirection.java:28)
	at jp.go.jpo.sa1s99.common.format.integration.HtmlToXmlForAmendApiIntegrationTest.ファイル出力を比較する: #direction #parsedResult(HtmlToXmlForAmendApiIntegrationTest.groovy:29)
</failure>
  </testcase>
  <testcase name="ファイル出力を比較する: Direction{ s_InputDir: data/input/20101207-5.0-S-H22-0021/character-test/application-body/entity-reference-test-AD, s_OutputDir: data/output/html_amend/20101207-5.0-S-H22-0021/character-test/application-body/entity-reference-test-AD} null" classname="jp.go.jpo.sa1s99.common.format.integration.HtmlToXmlForAmendApiIntegrationTest" time="0.0">
    <failure message="java.lang.IllegalArgumentException: Not implemented yet" type="java.lang.IllegalArgumentException">java.lang.IllegalArgumentException: Not implemented yet
	at jp.go.jpo.sa1s99.common.format.api.XmlToHtmlForAmendApi.execute(XmlToHtmlForAmendApi.java:32)
	at jp.go.jpo.sa1s99.common.format.integration.ExecuteXmlToHtmlForAmendApiByDirection.executeApi(ExecuteXmlToHtmlForAmendApiByDirection.java:26)
	at jp.go.jpo.sa1s99.common.format.integration.ExecuteXmlToHtmlForAmendApiByDirection.executeApi(ExecuteXmlToHtmlForAmendApiByDirection.java:13)
	at jp.go.jpo.sa1s99.common.format.integration.ExecuteApiByDirection.execute(ExecuteApiByDirection.java:28)
	at jp.go.jpo.sa1s99.common.format.integration.HtmlToXmlForAmendApiIntegrationTest.ファイル出力を比較する: #direction #parsedResult(HtmlToXmlForAmendApiIntegrationTest.groovy:29)
</failure>
  </testcase>
  <testcase name="ファイル出力を比較する: Direction{ s_InputDir: data/input/20101207-5.0-S-H22-0021/character-test/application-body/entity-reference-test-AE, s_OutputDir: data/output/html_amend/20101207-5.0-S-H22-0021/character-test/application-body/entity-reference-test-AE} null" classname="jp.go.jpo.sa1s99.common.format.integration.HtmlToXmlForAmendApiIntegrationTest" time="0.015">
    <failure message="java.lang.IllegalArgumentException: Not implemented yet" type="java.lang.IllegalArgumentException">java.lang.IllegalArgumentException: Not implemented yet
	at jp.go.jpo.sa1s99.common.format.api.XmlToHtmlForAmendApi.execute(XmlToHtmlForAmendApi.java:32)
	at jp.go.jpo.sa1s99.common.format.integration.ExecuteXmlToHtmlForAmendApiByDirection.executeApi(ExecuteXmlToHtmlForAmendApiByDirection.java:26)
	at jp.go.jpo.sa1s99.common.format.integration.ExecuteXmlToHtmlForAmendApiByDirection.executeApi(ExecuteXmlToHtmlForAmendApiByDirection.java:13)
	at jp.go.jpo.sa1s99.common.format.integration.ExecuteApiByDirection.execute(ExecuteApiByDirection.java:28)
	at jp.go.jpo.sa1s99.common.format.integration.HtmlToXmlForAmendApiIntegrationTest.ファイル出力を比較する: #direction #parsedResult(HtmlToXmlForAmendApiIntegrationTest.groovy:29)
</failure>
  </testcase>
  <testcase name="ファイル出力を比較する: Direction{ s_InputDir: data/input/20101207-5.0-S-H22-0021/character-test/application-body/entity-reference-test-AF, s_OutputDir: data/output/html_amend/20101207-5.0-S-H22-0021/character-test/application-body/entity-reference-test-AF} null" classname="jp.go.jpo.sa1s99.common.format.integration.HtmlToXmlForAmendApiIntegrationTest" time="0.0">
    <failure message="java.lang.IllegalArgumentException: Not implemented yet" type="java.lang.IllegalArgumentException">java.lang.IllegalArgumentException: Not implemented yet
	at jp.go.jpo.sa1s99.common.format.api.XmlToHtmlForAmendApi.execute(XmlToHtmlForAmendApi.java:32)
	at jp.go.jpo.sa1s99.common.format.integration.ExecuteXmlToHtmlForAmendApiByDirection.executeApi(ExecuteXmlToHtmlForAmendApiByDirection.java:26)
	at jp.go.jpo.sa1s99.common.format.integration.ExecuteXmlToHtmlForAmendApiByDirection.executeApi(ExecuteXmlToHtmlForAmendApiByDirection.java:13)
	at jp.go.jpo.sa1s99.common.format.integration.ExecuteApiByDirection.execute(ExecuteApiByDirection.java:28)
	at jp.go.jpo.sa1s99.common.format.integration.HtmlToXmlForAmendApiIntegrationTest.ファイル出力を比較する: #direction #parsedResult(HtmlToXmlForAmendApiIntegrationTest.groovy:29)
</failure>
  </testcase>
  <testcase name="ファイル出力を比較する: Direction{ s_InputDir: data/input/20101207-5.0-S-H22-0021/character-test/application-body/entity-reference-test-B0, s_OutputDir: data/output/html_amend/20101207-5.0-S-H22-0021/character-test/application-body/entity-reference-test-B0} null" classname="jp.go.jpo.sa1s99.common.format.integration.HtmlToXmlForAmendApiIntegrationTest" time="0.0">
    <failure message="java.lang.IllegalArgumentException: Not implemented yet" type="java.lang.IllegalArgumentException">java.lang.IllegalArgumentException: Not implemented yet
	at jp.go.jpo.sa1s99.common.format.api.XmlToHtmlForAmendApi.execute(XmlToHtmlForAmendApi.java:32)
	at jp.go.jpo.sa1s99.common.format.integration.ExecuteXmlToHtmlForAmendApiByDirection.executeApi(ExecuteXmlToHtmlForAmendApiByDirection.java:26)
	at jp.go.jpo.sa1s99.common.format.integration.ExecuteXmlToHtmlForAmendApiByDirection.executeApi(ExecuteXmlToHtmlForAmendApiByDirection.java:13)
	at jp.go.jpo.sa1s99.common.format.integration.ExecuteApiByDirection.execute(ExecuteApiByDirection.java:28)
	at jp.go.jpo.sa1s99.common.format.integration.HtmlToXmlForAmendApiIntegrationTest.ファイル出力を比較する: #direction #parsedResult(HtmlToXmlForAmendApiIntegrationTest.groovy:29)
</failure>
  </testcase>
  <testcase name="ファイル出力を比較する: Direction{ s_InputDir: data/input/20101207-5.0-S-H22-0021/character-test/application-body/entity-reference-test-B1, s_OutputDir: data/output/html_amend/20101207-5.0-S-H22-0021/character-test/application-body/entity-reference-test-B1} null" classname="jp.go.jpo.sa1s99.common.format.integration.HtmlToXmlForAmendApiIntegrationTest" time="0.016">
    <failure message="java.lang.IllegalArgumentException: Not implemented yet" type="java.lang.IllegalArgumentException">java.lang.IllegalArgumentException: Not implemented yet
	at jp.go.jpo.sa1s99.common.format.api.XmlToHtmlForAmendApi.execute(XmlToHtmlForAmendApi.java:32)
	at jp.go.jpo.sa1s99.common.format.integration.ExecuteXmlToHtmlForAmendApiByDirection.executeApi(ExecuteXmlToHtmlForAmendApiByDirection.java:26)
	at jp.go.jpo.sa1s99.common.format.integration.ExecuteXmlToHtmlForAmendApiByDirection.executeApi(ExecuteXmlToHtmlForAmendApiByDirection.java:13)
	at jp.go.jpo.sa1s99.common.format.integration.ExecuteApiByDirection.execute(ExecuteApiByDirection.java:28)
	at jp.go.jpo.sa1s99.common.format.integration.HtmlToXmlForAmendApiIntegrationTest.ファイル出力を比較する: #direction #parsedResult(HtmlToXmlForAmendApiIntegrationTest.groovy:29)
</failure>
  </testcase>
  <testcase name="ファイル出力を比較する: Direction{ s_InputDir: data/input/20101207-5.0-S-H22-0021/character-test/application-body/entity-reference-test-B2, s_OutputDir: data/output/html_amend/20101207-5.0-S-H22-0021/character-test/application-body/entity-reference-test-B2} null" classname="jp.go.jpo.sa1s99.common.format.integration.HtmlToXmlForAmendApiIntegrationTest" time="0.0">
    <failure message="java.lang.IllegalArgumentException: Not implemented yet" type="java.lang.IllegalArgumentException">java.lang.IllegalArgumentException: Not implemented yet
	at jp.go.jpo.sa1s99.common.format.api.XmlToHtmlForAmendApi.execute(XmlToHtmlForAmendApi.java:32)
	at jp.go.jpo.sa1s99.common.format.integration.ExecuteXmlToHtmlForAmendApiByDirection.executeApi(ExecuteXmlToHtmlForAmendApiByDirection.java:26)
	at jp.go.jpo.sa1s99.common.format.integration.ExecuteXmlToHtmlForAmendApiByDirection.executeApi(ExecuteXmlToHtmlForAmendApiByDirection.java:13)
	at jp.go.jpo.sa1s99.common.format.integration.ExecuteApiByDirection.execute(ExecuteApiByDirection.java:28)
	at jp.go.jpo.sa1s99.common.format.integration.HtmlToXmlForAmendApiIntegrationTest.ファイル出力を比較する: #direction #parsedResult(HtmlToXmlForAmendApiIntegrationTest.groovy:29)
</failure>
  </testcase>
  <testcase name="ファイル出力を比較する: Direction{ s_InputDir: data/input/20101207-5.0-S-H22-0021/character-test/application-body/entity-reference-test-B3, s_OutputDir: data/output/html_amend/20101207-5.0-S-H22-0021/character-test/application-body/entity-reference-test-B3} null" classname="jp.go.jpo.sa1s99.common.format.integration.HtmlToXmlForAmendApiIntegrationTest" time="0.015">
    <failure message="java.lang.IllegalArgumentException: Not implemented yet" type="java.lang.IllegalArgumentException">java.lang.IllegalArgumentException: Not implemented yet
	at jp.go.jpo.sa1s99.common.format.api.XmlToHtmlForAmendApi.execute(XmlToHtmlForAmendApi.java:32)
	at jp.go.jpo.sa1s99.common.format.integration.ExecuteXmlToHtmlForAmendApiByDirection.executeApi(ExecuteXmlToHtmlForAmendApiByDirection.java:26)
	at jp.go.jpo.sa1s99.common.format.integration.ExecuteXmlToHtmlForAmendApiByDirection.executeApi(ExecuteXmlToHtmlForAmendApiByDirection.java:13)
	at jp.go.jpo.sa1s99.common.format.integration.ExecuteApiByDirection.execute(ExecuteApiByDirection.java:28)
	at jp.go.jpo.sa1s99.common.format.integration.HtmlToXmlForAmendApiIntegrationTest.ファイル出力を比較する: #direction #parsedResult(HtmlToXmlForAmendApiIntegrationTest.groovy:29)
</failure>
  </testcase>
  <testcase name="ファイル出力を比較する: Direction{ s_InputDir: data/input/20101207-5.0-S-H22-0021/character-test/application-body/entity-reference-test-B4, s_OutputDir: data/output/html_amend/20101207-5.0-S-H22-0021/character-test/application-body/entity-reference-test-B4} null" classname="jp.go.jpo.sa1s99.common.format.integration.HtmlToXmlForAmendApiIntegrationTest" time="0.0">
    <failure message="java.lang.IllegalArgumentException: Not implemented yet" type="java.lang.IllegalArgumentException">java.lang.IllegalArgumentException: Not implemented yet
	at jp.go.jpo.sa1s99.common.format.api.XmlToHtmlForAmendApi.execute(XmlToHtmlForAmendApi.java:32)
	at jp.go.jpo.sa1s99.common.format.integration.ExecuteXmlToHtmlForAmendApiByDirection.executeApi(ExecuteXmlToHtmlForAmendApiByDirection.java:26)
	at jp.go.jpo.sa1s99.common.format.integration.ExecuteXmlToHtmlForAmendApiByDirection.executeApi(ExecuteXmlToHtmlForAmendApiByDirection.java:13)
	at jp.go.jpo.sa1s99.common.format.integration.ExecuteApiByDirection.execute(ExecuteApiByDirection.java:28)
	at jp.go.jpo.sa1s99.common.format.integration.HtmlToXmlForAmendApiIntegrationTest.ファイル出力を比較する: #direction #parsedResult(HtmlToXmlForAmendApiIntegrationTest.groovy:29)
</failure>
  </testcase>
  <testcase name="ファイル出力を比較する: Direction{ s_InputDir: data/input/20101207-5.0-S-H22-0021/character-test/application-body/entity-reference-test-B5, s_OutputDir: data/output/html_amend/20101207-5.0-S-H22-0021/character-test/application-body/entity-reference-test-B5} null" classname="jp.go.jpo.sa1s99.common.format.integration.HtmlToXmlForAmendApiIntegrationTest" time="0.0">
    <failure message="java.lang.IllegalArgumentException: Not implemented yet" type="java.lang.IllegalArgumentException">java.lang.IllegalArgumentException: Not implemented yet
	at jp.go.jpo.sa1s99.common.format.api.XmlToHtmlForAmendApi.execute(XmlToHtmlForAmendApi.java:32)
	at jp.go.jpo.sa1s99.common.format.integration.ExecuteXmlToHtmlForAmendApiByDirection.executeApi(ExecuteXmlToHtmlForAmendApiByDirection.java:26)
	at jp.go.jpo.sa1s99.common.format.integration.ExecuteXmlToHtmlForAmendApiByDirection.executeApi(ExecuteXmlToHtmlForAmendApiByDirection.java:13)
	at jp.go.jpo.sa1s99.common.format.integration.ExecuteApiByDirection.execute(ExecuteApiByDirection.java:28)
	at jp.go.jpo.sa1s99.common.format.integration.HtmlToXmlForAmendApiIntegrationTest.ファイル出力を比較する: #direction #parsedResult(HtmlToXmlForAmendApiIntegrationTest.groovy:29)
</failure>
  </testcase>
  <testcase name="ファイル出力を比較する: Direction{ s_InputDir: data/input/20101207-5.0-S-H22-0021/character-test/application-body/entity-reference-test-B6, s_OutputDir: data/output/html_amend/20101207-5.0-S-H22-0021/character-test/application-body/entity-reference-test-B6} null" classname="jp.go.jpo.sa1s99.common.format.integration.HtmlToXmlForAmendApiIntegrationTest" time="0.021">
    <failure message="java.lang.IllegalArgumentException: Not implemented yet" type="java.lang.IllegalArgumentException">java.lang.IllegalArgumentException: Not implemented yet
	at jp.go.jpo.sa1s99.common.format.api.XmlToHtmlForAmendApi.execute(XmlToHtmlForAmendApi.java:32)
	at jp.go.jpo.sa1s99.common.format.integration.ExecuteXmlToHtmlForAmendApiByDirection.executeApi(ExecuteXmlToHtmlForAmendApiByDirection.java:26)
	at jp.go.jpo.sa1s99.common.format.integration.ExecuteXmlToHtmlForAmendApiByDirection.executeApi(ExecuteXmlToHtmlForAmendApiByDirection.java:13)
	at jp.go.jpo.sa1s99.common.format.integration.ExecuteApiByDirection.execute(ExecuteApiByDirection.java:28)
	at jp.go.jpo.sa1s99.common.format.integration.HtmlToXmlForAmendApiIntegrationTest.ファイル出力を比較する: #direction #parsedResult(HtmlToXmlForAmendApiIntegrationTest.groovy:29)
</failure>
  </testcase>
  <testcase name="ファイル出力を比較する: Direction{ s_InputDir: data/input/20101207-5.0-S-H22-0021/character-test/application-body/entity-reference-test-B7, s_OutputDir: data/output/html_amend/20101207-5.0-S-H22-0021/character-test/application-body/entity-reference-test-B7} null" classname="jp.go.jpo.sa1s99.common.format.integration.HtmlToXmlForAmendApiIntegrationTest" time="0.001">
    <failure message="java.lang.IllegalArgumentException: Not implemented yet" type="java.lang.IllegalArgumentException">java.lang.IllegalArgumentException: Not implemented yet
	at jp.go.jpo.sa1s99.common.format.api.XmlToHtmlForAmendApi.execute(XmlToHtmlForAmendApi.java:32)
	at jp.go.jpo.sa1s99.common.format.integration.ExecuteXmlToHtmlForAmendApiByDirection.executeApi(ExecuteXmlToHtmlForAmendApiByDirection.java:26)
	at jp.go.jpo.sa1s99.common.format.integration.ExecuteXmlToHtmlForAmendApiByDirection.executeApi(ExecuteXmlToHtmlForAmendApiByDirection.java:13)
	at jp.go.jpo.sa1s99.common.format.integration.ExecuteApiByDirection.execute(ExecuteApiByDirection.java:28)
	at jp.go.jpo.sa1s99.common.format.integration.HtmlToXmlForAmendApiIntegrationTest.ファイル出力を比較する: #direction #parsedResult(HtmlToXmlForAmendApiIntegrationTest.groovy:29)
</failure>
  </testcase>
  <testcase name="ファイル出力を比較する: Direction{ s_InputDir: data/input/20101207-5.0-S-H22-0021/character-test/application-body/entity-reference-test-B8, s_OutputDir: data/output/html_amend/20101207-5.0-S-H22-0021/character-test/application-body/entity-reference-test-B8} null" classname="jp.go.jpo.sa1s99.common.format.integration.HtmlToXmlForAmendApiIntegrationTest" time="0.0">
    <failure message="java.lang.IllegalArgumentException: Not implemented yet" type="java.lang.IllegalArgumentException">java.lang.IllegalArgumentException: Not implemented yet
	at jp.go.jpo.sa1s99.common.format.api.XmlToHtmlForAmendApi.execute(XmlToHtmlForAmendApi.java:32)
	at jp.go.jpo.sa1s99.common.format.integration.ExecuteXmlToHtmlForAmendApiByDirection.executeApi(ExecuteXmlToHtmlForAmendApiByDirection.java:26)
	at jp.go.jpo.sa1s99.common.format.integration.ExecuteXmlToHtmlForAmendApiByDirection.executeApi(ExecuteXmlToHtmlForAmendApiByDirection.java:13)
	at jp.go.jpo.sa1s99.common.format.integration.ExecuteApiByDirection.execute(ExecuteApiByDirection.java:28)
	at jp.go.jpo.sa1s99.common.format.integration.HtmlToXmlForAmendApiIntegrationTest.ファイル出力を比較する: #direction #parsedResult(HtmlToXmlForAmendApiIntegrationTest.groovy:29)
</failure>
  </testcase>
  <testcase name="ファイル出力を比較する: Direction{ s_InputDir: data/input/20101207-5.0-S-H22-0021/character-test/application-body/entity-reference-test-B9, s_OutputDir: data/output/html_amend/20101207-5.0-S-H22-0021/character-test/application-body/entity-reference-test-B9} null" classname="jp.go.jpo.sa1s99.common.format.integration.HtmlToXmlForAmendApiIntegrationTest" time="0.0">
    <failure message="java.lang.IllegalArgumentException: Not implemented yet" type="java.lang.IllegalArgumentException">java.lang.IllegalArgumentException: Not implemented yet
	at jp.go.jpo.sa1s99.common.format.api.XmlToHtmlForAmendApi.execute(XmlToHtmlForAmendApi.java:32)
	at jp.go.jpo.sa1s99.common.format.integration.ExecuteXmlToHtmlForAmendApiByDirection.executeApi(ExecuteXmlToHtmlForAmendApiByDirection.java:26)
	at jp.go.jpo.sa1s99.common.format.integration.ExecuteXmlToHtmlForAmendApiByDirection.executeApi(ExecuteXmlToHtmlForAmendApiByDirection.java:13)
	at jp.go.jpo.sa1s99.common.format.integration.ExecuteApiByDirection.execute(ExecuteApiByDirection.java:28)
	at jp.go.jpo.sa1s99.common.format.integration.HtmlToXmlForAmendApiIntegrationTest.ファイル出力を比較する: #direction #parsedResult(HtmlToXmlForAmendApiIntegrationTest.groovy:29)
</failure>
  </testcase>
  <testcase name="ファイル出力を比較する: Direction{ s_InputDir: data/input/20101207-5.0-S-H22-0021/character-test/application-body/entity-reference-test-BA, s_OutputDir: data/output/html_amend/20101207-5.0-S-H22-0021/character-test/application-body/entity-reference-test-BA} null" classname="jp.go.jpo.sa1s99.common.format.integration.HtmlToXmlForAmendApiIntegrationTest" time="0.016">
    <failure message="java.lang.IllegalArgumentException: Not implemented yet" type="java.lang.IllegalArgumentException">java.lang.IllegalArgumentException: Not implemented yet
	at jp.go.jpo.sa1s99.common.format.api.XmlToHtmlForAmendApi.execute(XmlToHtmlForAmendApi.java:32)
	at jp.go.jpo.sa1s99.common.format.integration.ExecuteXmlToHtmlForAmendApiByDirection.executeApi(ExecuteXmlToHtmlForAmendApiByDirection.java:26)
	at jp.go.jpo.sa1s99.common.format.integration.ExecuteXmlToHtmlForAmendApiByDirection.executeApi(ExecuteXmlToHtmlForAmendApiByDirection.java:13)
	at jp.go.jpo.sa1s99.common.format.integration.ExecuteApiByDirection.execute(ExecuteApiByDirection.java:28)
	at jp.go.jpo.sa1s99.common.format.integration.HtmlToXmlForAmendApiIntegrationTest.ファイル出力を比較する: #direction #parsedResult(HtmlToXmlForAmendApiIntegrationTest.groovy:29)
</failure>
  </testcase>
  <testcase name="ファイル出力を比較する: Direction{ s_InputDir: data/input/20101207-5.0-S-H22-0021/character-test/application-body/entity-reference-test-BB, s_OutputDir: data/output/html_amend/20101207-5.0-S-H22-0021/character-test/application-body/entity-reference-test-BB} null" classname="jp.go.jpo.sa1s99.common.format.integration.HtmlToXmlForAmendApiIntegrationTest" time="0.0">
    <failure message="java.lang.IllegalArgumentException: Not implemented yet" type="java.lang.IllegalArgumentException">java.lang.IllegalArgumentException: Not implemented yet
	at jp.go.jpo.sa1s99.common.format.api.XmlToHtmlForAmendApi.execute(XmlToHtmlForAmendApi.java:32)
	at jp.go.jpo.sa1s99.common.format.integration.ExecuteXmlToHtmlForAmendApiByDirection.executeApi(ExecuteXmlToHtmlForAmendApiByDirection.java:26)
	at jp.go.jpo.sa1s99.common.format.integration.ExecuteXmlToHtmlForAmendApiByDirection.executeApi(ExecuteXmlToHtmlForAmendApiByDirection.java:13)
	at jp.go.jpo.sa1s99.common.format.integration.ExecuteApiByDirection.execute(ExecuteApiByDirection.java:28)
	at jp.go.jpo.sa1s99.common.format.integration.HtmlToXmlForAmendApiIntegrationTest.ファイル出力を比較する: #direction #parsedResult(HtmlToXmlForAmendApiIntegrationTest.groovy:29)
</failure>
  </testcase>
  <testcase name="ファイル出力を比較する: Direction{ s_InputDir: data/input/20101207-5.0-S-H22-0021/character-test/application-body/entity-reference-test-BC, s_OutputDir: data/output/html_amend/20101207-5.0-S-H22-0021/character-test/application-body/entity-reference-test-BC} null" classname="jp.go.jpo.sa1s99.common.format.integration.HtmlToXmlForAmendApiIntegrationTest" time="0.0">
    <failure message="java.lang.IllegalArgumentException: Not implemented yet" type="java.lang.IllegalArgumentException">java.lang.IllegalArgumentException: Not implemented yet
	at jp.go.jpo.sa1s99.common.format.api.XmlToHtmlForAmendApi.execute(XmlToHtmlForAmendApi.java:32)
	at jp.go.jpo.sa1s99.common.format.integration.ExecuteXmlToHtmlForAmendApiByDirection.executeApi(ExecuteXmlToHtmlForAmendApiByDirection.java:26)
	at jp.go.jpo.sa1s99.common.format.integration.ExecuteXmlToHtmlForAmendApiByDirection.executeApi(ExecuteXmlToHtmlForAmendApiByDirection.java:13)
	at jp.go.jpo.sa1s99.common.format.integration.ExecuteApiByDirection.execute(ExecuteApiByDirection.java:28)
	at jp.go.jpo.sa1s99.common.format.integration.HtmlToXmlForAmendApiIntegrationTest.ファイル出力を比較する: #direction #parsedResult(HtmlToXmlForAmendApiIntegrationTest.groovy:29)
</failure>
  </testcase>
  <testcase name="ファイル出力を比較する: Direction{ s_InputDir: data/input/20101207-5.0-S-H22-0021/character-test/application-body/entity-reference-test-BD, s_OutputDir: data/output/html_amend/20101207-5.0-S-H22-0021/character-test/application-body/entity-reference-test-BD} null" classname="jp.go.jpo.sa1s99.common.format.integration.HtmlToXmlForAmendApiIntegrationTest" time="0.0">
    <failure message="java.lang.IllegalArgumentException: Not implemented yet" type="java.lang.IllegalArgumentException">java.lang.IllegalArgumentException: Not implemented yet
	at jp.go.jpo.sa1s99.common.format.api.XmlToHtmlForAmendApi.execute(XmlToHtmlForAmendApi.java:32)
	at jp.go.jpo.sa1s99.common.format.integration.ExecuteXmlToHtmlForAmendApiByDirection.executeApi(ExecuteXmlToHtmlForAmendApiByDirection.java:26)
	at jp.go.jpo.sa1s99.common.format.integration.ExecuteXmlToHtmlForAmendApiByDirection.executeApi(ExecuteXmlToHtmlForAmendApiByDirection.java:13)
	at jp.go.jpo.sa1s99.common.format.integration.ExecuteApiByDirection.execute(ExecuteApiByDirection.java:28)
	at jp.go.jpo.sa1s99.common.format.integration.HtmlToXmlForAmendApiIntegrationTest.ファイル出力を比較する: #direction #parsedResult(HtmlToXmlForAmendApiIntegrationTest.groovy:29)
</failure>
  </testcase>
  <testcase name="ファイル出力を比較する: Direction{ s_InputDir: data/input/20101207-5.0-S-H22-0021/character-test/application-body/entity-reference-test-BE, s_OutputDir: data/output/html_amend/20101207-5.0-S-H22-0021/character-test/application-body/entity-reference-test-BE} null" classname="jp.go.jpo.sa1s99.common.format.integration.HtmlToXmlForAmendApiIntegrationTest" time="0.016">
    <failure message="java.lang.IllegalArgumentException: Not implemented yet" type="java.lang.IllegalArgumentException">java.lang.IllegalArgumentException: Not implemented yet
	at jp.go.jpo.sa1s99.common.format.api.XmlToHtmlForAmendApi.execute(XmlToHtmlForAmendApi.java:32)
	at jp.go.jpo.sa1s99.common.format.integration.ExecuteXmlToHtmlForAmendApiByDirection.executeApi(ExecuteXmlToHtmlForAmendApiByDirection.java:26)
	at jp.go.jpo.sa1s99.common.format.integration.ExecuteXmlToHtmlForAmendApiByDirection.executeApi(ExecuteXmlToHtmlForAmendApiByDirection.java:13)
	at jp.go.jpo.sa1s99.common.format.integration.ExecuteApiByDirection.execute(ExecuteApiByDirection.java:28)
	at jp.go.jpo.sa1s99.common.format.integration.HtmlToXmlForAmendApiIntegrationTest.ファイル出力を比較する: #direction #parsedResult(HtmlToXmlForAmendApiIntegrationTest.groovy:29)
</failure>
  </testcase>
  <testcase name="ファイル出力を比較する: Direction{ s_InputDir: data/input/20101207-5.0-S-H22-0021/character-test/application-body/entity-reference-test-BF, s_OutputDir: data/output/html_amend/20101207-5.0-S-H22-0021/character-test/application-body/entity-reference-test-BF} null" classname="jp.go.jpo.sa1s99.common.format.integration.HtmlToXmlForAmendApiIntegrationTest" time="0.0">
    <failure message="java.lang.IllegalArgumentException: Not implemented yet" type="java.lang.IllegalArgumentException">java.lang.IllegalArgumentException: Not implemented yet
	at jp.go.jpo.sa1s99.common.format.api.XmlToHtmlForAmendApi.execute(XmlToHtmlForAmendApi.java:32)
	at jp.go.jpo.sa1s99.common.format.integration.ExecuteXmlToHtmlForAmendApiByDirection.executeApi(ExecuteXmlToHtmlForAmendApiByDirection.java:26)
	at jp.go.jpo.sa1s99.common.format.integration.ExecuteXmlToHtmlForAmendApiByDirection.executeApi(ExecuteXmlToHtmlForAmendApiByDirection.java:13)
	at jp.go.jpo.sa1s99.common.format.integration.ExecuteApiByDirection.execute(ExecuteApiByDirection.java:28)
	at jp.go.jpo.sa1s99.common.format.integration.HtmlToXmlForAmendApiIntegrationTest.ファイル出力を比較する: #direction #parsedResult(HtmlToXmlForAmendApiIntegrationTest.groovy:29)
</failure>
  </testcase>
  <testcase name="ファイル出力を比較する: Direction{ s_InputDir: data/input/20101207-5.0-S-H22-0021/character-test/application-body/entity-reference-test-C0, s_OutputDir: data/output/html_amend/20101207-5.0-S-H22-0021/character-test/application-body/entity-reference-test-C0} null" classname="jp.go.jpo.sa1s99.common.format.integration.HtmlToXmlForAmendApiIntegrationTest" time="0.0">
    <failure message="java.lang.IllegalArgumentException: Not implemented yet" type="java.lang.IllegalArgumentException">java.lang.IllegalArgumentException: Not implemented yet
	at jp.go.jpo.sa1s99.common.format.api.XmlToHtmlForAmendApi.execute(XmlToHtmlForAmendApi.java:32)
	at jp.go.jpo.sa1s99.common.format.integration.ExecuteXmlToHtmlForAmendApiByDirection.executeApi(ExecuteXmlToHtmlForAmendApiByDirection.java:26)
	at jp.go.jpo.sa1s99.common.format.integration.ExecuteXmlToHtmlForAmendApiByDirection.executeApi(ExecuteXmlToHtmlForAmendApiByDirection.java:13)
	at jp.go.jpo.sa1s99.common.format.integration.ExecuteApiByDirection.execute(ExecuteApiByDirection.java:28)
	at jp.go.jpo.sa1s99.common.format.integration.HtmlToXmlForAmendApiIntegrationTest.ファイル出力を比較する: #direction #parsedResult(HtmlToXmlForAmendApiIntegrationTest.groovy:29)
</failure>
  </testcase>
  <testcase name="ファイル出力を比較する: Direction{ s_InputDir: data/input/20101207-5.0-S-H22-0021/character-test/application-body/entity-reference-test-C1, s_OutputDir: data/output/html_amend/20101207-5.0-S-H22-0021/character-test/application-body/entity-reference-test-C1} null" classname="jp.go.jpo.sa1s99.common.format.integration.HtmlToXmlForAmendApiIntegrationTest" time="0.015">
    <failure message="java.lang.IllegalArgumentException: Not implemented yet" type="java.lang.IllegalArgumentException">java.lang.IllegalArgumentException: Not implemented yet
	at jp.go.jpo.sa1s99.common.format.api.XmlToHtmlForAmendApi.execute(XmlToHtmlForAmendApi.java:32)
	at jp.go.jpo.sa1s99.common.format.integration.ExecuteXmlToHtmlForAmendApiByDirection.executeApi(ExecuteXmlToHtmlForAmendApiByDirection.java:26)
	at jp.go.jpo.sa1s99.common.format.integration.ExecuteXmlToHtmlForAmendApiByDirection.executeApi(ExecuteXmlToHtmlForAmendApiByDirection.java:13)
	at jp.go.jpo.sa1s99.common.format.integration.ExecuteApiByDirection.execute(ExecuteApiByDirection.java:28)
	at jp.go.jpo.sa1s99.common.format.integration.HtmlToXmlForAmendApiIntegrationTest.ファイル出力を比較する: #direction #parsedResult(HtmlToXmlForAmendApiIntegrationTest.groovy:29)
</failure>
  </testcase>
  <testcase name="ファイル出力を比較する: Direction{ s_InputDir: data/input/20101207-5.0-S-H22-0021/character-test/application-body/entity-reference-test-C2, s_OutputDir: data/output/html_amend/20101207-5.0-S-H22-0021/character-test/application-body/entity-reference-test-C2} null" classname="jp.go.jpo.sa1s99.common.format.integration.HtmlToXmlForAmendApiIntegrationTest" time="0.0">
    <failure message="java.lang.IllegalArgumentException: Not implemented yet" type="java.lang.IllegalArgumentException">java.lang.IllegalArgumentException: Not implemented yet
	at jp.go.jpo.sa1s99.common.format.api.XmlToHtmlForAmendApi.execute(XmlToHtmlForAmendApi.java:32)
	at jp.go.jpo.sa1s99.common.format.integration.ExecuteXmlToHtmlForAmendApiByDirection.executeApi(ExecuteXmlToHtmlForAmendApiByDirection.java:26)
	at jp.go.jpo.sa1s99.common.format.integration.ExecuteXmlToHtmlForAmendApiByDirection.executeApi(ExecuteXmlToHtmlForAmendApiByDirection.java:13)
	at jp.go.jpo.sa1s99.common.format.integration.ExecuteApiByDirection.execute(ExecuteApiByDirection.java:28)
	at jp.go.jpo.sa1s99.common.format.integration.HtmlToXmlForAmendApiIntegrationTest.ファイル出力を比較する: #direction #parsedResult(HtmlToXmlForAmendApiIntegrationTest.groovy:29)
</failure>
  </testcase>
  <testcase name="ファイル出力を比較する: Direction{ s_InputDir: data/input/20101207-5.0-S-H22-0021/character-test/application-body/entity-reference-test-C3, s_OutputDir: data/output/html_amend/20101207-5.0-S-H22-0021/character-test/application-body/entity-reference-test-C3} null" classname="jp.go.jpo.sa1s99.common.format.integration.HtmlToXmlForAmendApiIntegrationTest" time="0.0">
    <failure message="java.lang.IllegalArgumentException: Not implemented yet" type="java.lang.IllegalArgumentException">java.lang.IllegalArgumentException: Not implemented yet
	at jp.go.jpo.sa1s99.common.format.api.XmlToHtmlForAmendApi.execute(XmlToHtmlForAmendApi.java:32)
	at jp.go.jpo.sa1s99.common.format.integration.ExecuteXmlToHtmlForAmendApiByDirection.executeApi(ExecuteXmlToHtmlForAmendApiByDirection.java:26)
	at jp.go.jpo.sa1s99.common.format.integration.ExecuteXmlToHtmlForAmendApiByDirection.executeApi(ExecuteXmlToHtmlForAmendApiByDirection.java:13)
	at jp.go.jpo.sa1s99.common.format.integration.ExecuteApiByDirection.execute(ExecuteApiByDirection.java:28)
	at jp.go.jpo.sa1s99.common.format.integration.HtmlToXmlForAmendApiIntegrationTest.ファイル出力を比較する: #direction #parsedResult(HtmlToXmlForAmendApiIntegrationTest.groovy:29)
</failure>
  </testcase>
  <testcase name="ファイル出力を比較する: Direction{ s_InputDir: data/input/20101207-5.0-S-H22-0021/character-test/application-body/entity-reference-test-C4, s_OutputDir: data/output/html_amend/20101207-5.0-S-H22-0021/character-test/application-body/entity-reference-test-C4} null" classname="jp.go.jpo.sa1s99.common.format.integration.HtmlToXmlForAmendApiIntegrationTest" time="0.0">
    <failure message="java.lang.IllegalArgumentException: Not implemented yet" type="java.lang.IllegalArgumentException">java.lang.IllegalArgumentException: Not implemented yet
	at jp.go.jpo.sa1s99.common.format.api.XmlToHtmlForAmendApi.execute(XmlToHtmlForAmendApi.java:32)
	at jp.go.jpo.sa1s99.common.format.integration.ExecuteXmlToHtmlForAmendApiByDirection.executeApi(ExecuteXmlToHtmlForAmendApiByDirection.java:26)
	at jp.go.jpo.sa1s99.common.format.integration.ExecuteXmlToHtmlForAmendApiByDirection.executeApi(ExecuteXmlToHtmlForAmendApiByDirection.java:13)
	at jp.go.jpo.sa1s99.common.format.integration.ExecuteApiByDirection.execute(ExecuteApiByDirection.java:28)
	at jp.go.jpo.sa1s99.common.format.integration.HtmlToXmlForAmendApiIntegrationTest.ファイル出力を比較する: #direction #parsedResult(HtmlToXmlForAmendApiIntegrationTest.groovy:29)
</failure>
  </testcase>
  <testcase name="ファイル出力を比較する: Direction{ s_InputDir: data/input/20101207-5.0-S-H22-0021/character-test/application-body/entity-reference-test-C5, s_OutputDir: data/output/html_amend/20101207-5.0-S-H22-0021/character-test/application-body/entity-reference-test-C5} null" classname="jp.go.jpo.sa1s99.common.format.integration.HtmlToXmlForAmendApiIntegrationTest" time="0.016">
    <failure message="java.lang.IllegalArgumentException: Not implemented yet" type="java.lang.IllegalArgumentException">java.lang.IllegalArgumentException: Not implemented yet
	at jp.go.jpo.sa1s99.common.format.api.XmlToHtmlForAmendApi.execute(XmlToHtmlForAmendApi.java:32)
	at jp.go.jpo.sa1s99.common.format.integration.ExecuteXmlToHtmlForAmendApiByDirection.executeApi(ExecuteXmlToHtmlForAmendApiByDirection.java:26)
	at jp.go.jpo.sa1s99.common.format.integration.ExecuteXmlToHtmlForAmendApiByDirection.executeApi(ExecuteXmlToHtmlForAmendApiByDirection.java:13)
	at jp.go.jpo.sa1s99.common.format.integration.ExecuteApiByDirection.execute(ExecuteApiByDirection.java:28)
	at jp.go.jpo.sa1s99.common.format.integration.HtmlToXmlForAmendApiIntegrationTest.ファイル出力を比較する: #direction #parsedResult(HtmlToXmlForAmendApiIntegrationTest.groovy:29)
</failure>
  </testcase>
  <testcase name="ファイル出力を比較する: Direction{ s_InputDir: data/input/20101207-5.0-S-H22-0021/character-test/application-body/entity-reference-test-C6, s_OutputDir: data/output/html_amend/20101207-5.0-S-H22-0021/character-test/application-body/entity-reference-test-C6} null" classname="jp.go.jpo.sa1s99.common.format.integration.HtmlToXmlForAmendApiIntegrationTest" time="0.0">
    <failure message="java.lang.IllegalArgumentException: Not implemented yet" type="java.lang.IllegalArgumentException">java.lang.IllegalArgumentException: Not implemented yet
	at jp.go.jpo.sa1s99.common.format.api.XmlToHtmlForAmendApi.execute(XmlToHtmlForAmendApi.java:32)
	at jp.go.jpo.sa1s99.common.format.integration.ExecuteXmlToHtmlForAmendApiByDirection.executeApi(ExecuteXmlToHtmlForAmendApiByDirection.java:26)
	at jp.go.jpo.sa1s99.common.format.integration.ExecuteXmlToHtmlForAmendApiByDirection.executeApi(ExecuteXmlToHtmlForAmendApiByDirection.java:13)
	at jp.go.jpo.sa1s99.common.format.integration.ExecuteApiByDirection.execute(ExecuteApiByDirection.java:28)
	at jp.go.jpo.sa1s99.common.format.integration.HtmlToXmlForAmendApiIntegrationTest.ファイル出力を比較する: #direction #parsedResult(HtmlToXmlForAmendApiIntegrationTest.groovy:29)
</failure>
  </testcase>
  <testcase name="ファイル出力を比較する: Direction{ s_InputDir: data/input/20101207-5.0-S-H22-0021/character-test/application-body/entity-reference-test-C7, s_OutputDir: data/output/html_amend/20101207-5.0-S-H22-0021/character-test/application-body/entity-reference-test-C7} null" classname="jp.go.jpo.sa1s99.common.format.integration.HtmlToXmlForAmendApiIntegrationTest" time="0.0">
    <failure message="java.lang.IllegalArgumentException: Not implemented yet" type="java.lang.IllegalArgumentException">java.lang.IllegalArgumentException: Not implemented yet
	at jp.go.jpo.sa1s99.common.format.api.XmlToHtmlForAmendApi.execute(XmlToHtmlForAmendApi.java:32)
	at jp.go.jpo.sa1s99.common.format.integration.ExecuteXmlToHtmlForAmendApiByDirection.executeApi(ExecuteXmlToHtmlForAmendApiByDirection.java:26)
	at jp.go.jpo.sa1s99.common.format.integration.ExecuteXmlToHtmlForAmendApiByDirection.executeApi(ExecuteXmlToHtmlForAmendApiByDirection.java:13)
	at jp.go.jpo.sa1s99.common.format.integration.ExecuteApiByDirection.execute(ExecuteApiByDirection.java:28)
	at jp.go.jpo.sa1s99.common.format.integration.HtmlToXmlForAmendApiIntegrationTest.ファイル出力を比較する: #direction #parsedResult(HtmlToXmlForAmendApiIntegrationTest.groovy:29)
</failure>
  </testcase>
  <testcase name="ファイル出力を比較する: Direction{ s_InputDir: data/input/20101207-5.0-S-H22-0021/character-test/application-body/entity-reference-test-C8, s_OutputDir: data/output/html_amend/20101207-5.0-S-H22-0021/character-test/application-body/entity-reference-test-C8} null" classname="jp.go.jpo.sa1s99.common.format.integration.HtmlToXmlForAmendApiIntegrationTest" time="0.015">
    <failure message="java.lang.IllegalArgumentException: Not implemented yet" type="java.lang.IllegalArgumentException">java.lang.IllegalArgumentException: Not implemented yet
	at jp.go.jpo.sa1s99.common.format.api.XmlToHtmlForAmendApi.execute(XmlToHtmlForAmendApi.java:32)
	at jp.go.jpo.sa1s99.common.format.integration.ExecuteXmlToHtmlForAmendApiByDirection.executeApi(ExecuteXmlToHtmlForAmendApiByDirection.java:26)
	at jp.go.jpo.sa1s99.common.format.integration.ExecuteXmlToHtmlForAmendApiByDirection.executeApi(ExecuteXmlToHtmlForAmendApiByDirection.java:13)
	at jp.go.jpo.sa1s99.common.format.integration.ExecuteApiByDirection.execute(ExecuteApiByDirection.java:28)
	at jp.go.jpo.sa1s99.common.format.integration.HtmlToXmlForAmendApiIntegrationTest.ファイル出力を比較する: #direction #parsedResult(HtmlToXmlForAmendApiIntegrationTest.groovy:29)
</failure>
  </testcase>
  <testcase name="ファイル出力を比較する: Direction{ s_InputDir: data/input/20101207-5.0-S-H22-0021/character-test/application-body/entity-reference-test-C9, s_OutputDir: data/output/html_amend/20101207-5.0-S-H22-0021/character-test/application-body/entity-reference-test-C9} null" classname="jp.go.jpo.sa1s99.common.format.integration.HtmlToXmlForAmendApiIntegrationTest" time="0.0">
    <failure message="java.lang.IllegalArgumentException: Not implemented yet" type="java.lang.IllegalArgumentException">java.lang.IllegalArgumentException: Not implemented yet
	at jp.go.jpo.sa1s99.common.format.api.XmlToHtmlForAmendApi.execute(XmlToHtmlForAmendApi.java:32)
	at jp.go.jpo.sa1s99.common.format.integration.ExecuteXmlToHtmlForAmendApiByDirection.executeApi(ExecuteXmlToHtmlForAmendApiByDirection.java:26)
	at jp.go.jpo.sa1s99.common.format.integration.ExecuteXmlToHtmlForAmendApiByDirection.executeApi(ExecuteXmlToHtmlForAmendApiByDirection.java:13)
	at jp.go.jpo.sa1s99.common.format.integration.ExecuteApiByDirection.execute(ExecuteApiByDirection.java:28)
	at jp.go.jpo.sa1s99.common.format.integration.HtmlToXmlForAmendApiIntegrationTest.ファイル出力を比較する: #direction #parsedResult(HtmlToXmlForAmendApiIntegrationTest.groovy:29)
</failure>
  </testcase>
  <testcase name="ファイル出力を比較する: Direction{ s_InputDir: data/input/20101207-5.0-S-H22-0021/character-test/application-body/entity-reference-test-CA, s_OutputDir: data/output/html_amend/20101207-5.0-S-H22-0021/character-test/application-body/entity-reference-test-CA} null" classname="jp.go.jpo.sa1s99.common.format.integration.HtmlToXmlForAmendApiIntegrationTest" time="0.0">
    <failure message="java.lang.IllegalArgumentException: Not implemented yet" type="java.lang.IllegalArgumentException">java.lang.IllegalArgumentException: Not implemented yet
	at jp.go.jpo.sa1s99.common.format.api.XmlToHtmlForAmendApi.execute(XmlToHtmlForAmendApi.java:32)
	at jp.go.jpo.sa1s99.common.format.integration.ExecuteXmlToHtmlForAmendApiByDirection.executeApi(ExecuteXmlToHtmlForAmendApiByDirection.java:26)
	at jp.go.jpo.sa1s99.common.format.integration.ExecuteXmlToHtmlForAmendApiByDirection.executeApi(ExecuteXmlToHtmlForAmendApiByDirection.java:13)
	at jp.go.jpo.sa1s99.common.format.integration.ExecuteApiByDirection.execute(ExecuteApiByDirection.java:28)
	at jp.go.jpo.sa1s99.common.format.integration.HtmlToXmlForAmendApiIntegrationTest.ファイル出力を比較する: #direction #parsedResult(HtmlToXmlForAmendApiIntegrationTest.groovy:29)
</failure>
  </testcase>
  <testcase name="ファイル出力を比較する: Direction{ s_InputDir: data/input/20101207-5.0-S-H22-0021/character-test/application-body/entity-reference-test-CB, s_OutputDir: data/output/html_amend/20101207-5.0-S-H22-0021/character-test/application-body/entity-reference-test-CB} null" classname="jp.go.jpo.sa1s99.common.format.integration.HtmlToXmlForAmendApiIntegrationTest" time="0.0">
    <failure message="java.lang.IllegalArgumentException: Not implemented yet" type="java.lang.IllegalArgumentException">java.lang.IllegalArgumentException: Not implemented yet
	at jp.go.jpo.sa1s99.common.format.api.XmlToHtmlForAmendApi.execute(XmlToHtmlForAmendApi.java:32)
	at jp.go.jpo.sa1s99.common.format.integration.ExecuteXmlToHtmlForAmendApiByDirection.executeApi(ExecuteXmlToHtmlForAmendApiByDirection.java:26)
	at jp.go.jpo.sa1s99.common.format.integration.ExecuteXmlToHtmlForAmendApiByDirection.executeApi(ExecuteXmlToHtmlForAmendApiByDirection.java:13)
	at jp.go.jpo.sa1s99.common.format.integration.ExecuteApiByDirection.execute(ExecuteApiByDirection.java:28)
	at jp.go.jpo.sa1s99.common.format.integration.HtmlToXmlForAmendApiIntegrationTest.ファイル出力を比較する: #direction #parsedResult(HtmlToXmlForAmendApiIntegrationTest.groovy:29)
</failure>
  </testcase>
  <testcase name="ファイル出力を比較する: Direction{ s_InputDir: data/input/20101207-5.0-S-H22-0021/character-test/application-body/entity-reference-test-CC, s_OutputDir: data/output/html_amend/20101207-5.0-S-H22-0021/character-test/application-body/entity-reference-test-CC} null" classname="jp.go.jpo.sa1s99.common.format.integration.HtmlToXmlForAmendApiIntegrationTest" time="0.021">
    <failure message="java.lang.IllegalArgumentException: Not implemented yet" type="java.lang.IllegalArgumentException">java.lang.IllegalArgumentException: Not implemented yet
	at jp.go.jpo.sa1s99.common.format.api.XmlToHtmlForAmendApi.execute(XmlToHtmlForAmendApi.java:32)
	at jp.go.jpo.sa1s99.common.format.integration.ExecuteXmlToHtmlForAmendApiByDirection.executeApi(ExecuteXmlToHtmlForAmendApiByDirection.java:26)
	at jp.go.jpo.sa1s99.common.format.integration.ExecuteXmlToHtmlForAmendApiByDirection.executeApi(ExecuteXmlToHtmlForAmendApiByDirection.java:13)
	at jp.go.jpo.sa1s99.common.format.integration.ExecuteApiByDirection.execute(ExecuteApiByDirection.java:28)
	at jp.go.jpo.sa1s99.common.format.integration.HtmlToXmlForAmendApiIntegrationTest.ファイル出力を比較する: #direction #parsedResult(HtmlToXmlForAmendApiIntegrationTest.groovy:29)
</failure>
  </testcase>
  <testcase name="ファイル出力を比較する: Direction{ s_InputDir: data/input/20101207-5.0-S-H22-0021/character-test/application-body/entity-reference-test-CD, s_OutputDir: data/output/html_amend/20101207-5.0-S-H22-0021/character-test/application-body/entity-reference-test-CD} null" classname="jp.go.jpo.sa1s99.common.format.integration.HtmlToXmlForAmendApiIntegrationTest" time="0.002">
    <failure message="java.lang.IllegalArgumentException: Not implemented yet" type="java.lang.IllegalArgumentException">java.lang.IllegalArgumentException: Not implemented yet
	at jp.go.jpo.sa1s99.common.format.api.XmlToHtmlForAmendApi.execute(XmlToHtmlForAmendApi.java:32)
	at jp.go.jpo.sa1s99.common.format.integration.ExecuteXmlToHtmlForAmendApiByDirection.executeApi(ExecuteXmlToHtmlForAmendApiByDirection.java:26)
	at jp.go.jpo.sa1s99.common.format.integration.ExecuteXmlToHtmlForAmendApiByDirection.executeApi(ExecuteXmlToHtmlForAmendApiByDirection.java:13)
	at jp.go.jpo.sa1s99.common.format.integration.ExecuteApiByDirection.execute(ExecuteApiByDirection.java:28)
	at jp.go.jpo.sa1s99.common.format.integration.HtmlToXmlForAmendApiIntegrationTest.ファイル出力を比較する: #direction #parsedResult(HtmlToXmlForAmendApiIntegrationTest.groovy:29)
</failure>
  </testcase>
  <testcase name="ファイル出力を比較する: Direction{ s_InputDir: data/input/20101207-5.0-S-H22-0021/character-test/application-body/entity-reference-test-CE, s_OutputDir: data/output/html_amend/20101207-5.0-S-H22-0021/character-test/application-body/entity-reference-test-CE} null" classname="jp.go.jpo.sa1s99.common.format.integration.HtmlToXmlForAmendApiIntegrationTest" time="0.0">
    <failure message="java.lang.IllegalArgumentException: Not implemented yet" type="java.lang.IllegalArgumentException">java.lang.IllegalArgumentException: Not implemented yet
	at jp.go.jpo.sa1s99.common.format.api.XmlToHtmlForAmendApi.execute(XmlToHtmlForAmendApi.java:32)
	at jp.go.jpo.sa1s99.common.format.integration.ExecuteXmlToHtmlForAmendApiByDirection.executeApi(ExecuteXmlToHtmlForAmendApiByDirection.java:26)
	at jp.go.jpo.sa1s99.common.format.integration.ExecuteXmlToHtmlForAmendApiByDirection.executeApi(ExecuteXmlToHtmlForAmendApiByDirection.java:13)
	at jp.go.jpo.sa1s99.common.format.integration.ExecuteApiByDirection.execute(ExecuteApiByDirection.java:28)
	at jp.go.jpo.sa1s99.common.format.integration.HtmlToXmlForAmendApiIntegrationTest.ファイル出力を比較する: #direction #parsedResult(HtmlToXmlForAmendApiIntegrationTest.groovy:29)
</failure>
  </testcase>
  <testcase name="ファイル出力を比較する: Direction{ s_InputDir: data/input/20101207-5.0-S-H22-0021/character-test/application-body/entity-reference-test-CF, s_OutputDir: data/output/html_amend/20101207-5.0-S-H22-0021/character-test/application-body/entity-reference-test-CF} null" classname="jp.go.jpo.sa1s99.common.format.integration.HtmlToXmlForAmendApiIntegrationTest" time="0.0">
    <failure message="java.lang.IllegalArgumentException: Not implemented yet" type="java.lang.IllegalArgumentException">java.lang.IllegalArgumentException: Not implemented yet
	at jp.go.jpo.sa1s99.common.format.api.XmlToHtmlForAmendApi.execute(XmlToHtmlForAmendApi.java:32)
	at jp.go.jpo.sa1s99.common.format.integration.ExecuteXmlToHtmlForAmendApiByDirection.executeApi(ExecuteXmlToHtmlForAmendApiByDirection.java:26)
	at jp.go.jpo.sa1s99.common.format.integration.ExecuteXmlToHtmlForAmendApiByDirection.executeApi(ExecuteXmlToHtmlForAmendApiByDirection.java:13)
	at jp.go.jpo.sa1s99.common.format.integration.ExecuteApiByDirection.execute(ExecuteApiByDirection.java:28)
	at jp.go.jpo.sa1s99.common.format.integration.HtmlToXmlForAmendApiIntegrationTest.ファイル出力を比較する: #direction #parsedResult(HtmlToXmlForAmendApiIntegrationTest.groovy:29)
</failure>
  </testcase>
  <testcase name="ファイル出力を比較する: Direction{ s_InputDir: data/input/20101207-5.0-S-H22-0021/character-test/application-body/entity-reference-test-D0, s_OutputDir: data/output/html_amend/20101207-5.0-S-H22-0021/character-test/application-body/entity-reference-test-D0} null" classname="jp.go.jpo.sa1s99.common.format.integration.HtmlToXmlForAmendApiIntegrationTest" time="0.015">
    <failure message="java.lang.IllegalArgumentException: Not implemented yet" type="java.lang.IllegalArgumentException">java.lang.IllegalArgumentException: Not implemented yet
	at jp.go.jpo.sa1s99.common.format.api.XmlToHtmlForAmendApi.execute(XmlToHtmlForAmendApi.java:32)
	at jp.go.jpo.sa1s99.common.format.integration.ExecuteXmlToHtmlForAmendApiByDirection.executeApi(ExecuteXmlToHtmlForAmendApiByDirection.java:26)
	at jp.go.jpo.sa1s99.common.format.integration.ExecuteXmlToHtmlForAmendApiByDirection.executeApi(ExecuteXmlToHtmlForAmendApiByDirection.java:13)
	at jp.go.jpo.sa1s99.common.format.integration.ExecuteApiByDirection.execute(ExecuteApiByDirection.java:28)
	at jp.go.jpo.sa1s99.common.format.integration.HtmlToXmlForAmendApiIntegrationTest.ファイル出力を比較する: #direction #parsedResult(HtmlToXmlForAmendApiIntegrationTest.groovy:29)
</failure>
  </testcase>
  <testcase name="ファイル出力を比較する: Direction{ s_InputDir: data/input/20101207-5.0-S-H22-0021/character-test/application-body/entity-reference-test-D1, s_OutputDir: data/output/html_amend/20101207-5.0-S-H22-0021/character-test/application-body/entity-reference-test-D1} null" classname="jp.go.jpo.sa1s99.common.format.integration.HtmlToXmlForAmendApiIntegrationTest" time="0.0">
    <failure message="java.lang.IllegalArgumentException: Not implemented yet" type="java.lang.IllegalArgumentException">java.lang.IllegalArgumentException: Not implemented yet
	at jp.go.jpo.sa1s99.common.format.api.XmlToHtmlForAmendApi.execute(XmlToHtmlForAmendApi.java:32)
	at jp.go.jpo.sa1s99.common.format.integration.ExecuteXmlToHtmlForAmendApiByDirection.executeApi(ExecuteXmlToHtmlForAmendApiByDirection.java:26)
	at jp.go.jpo.sa1s99.common.format.integration.ExecuteXmlToHtmlForAmendApiByDirection.executeApi(ExecuteXmlToHtmlForAmendApiByDirection.java:13)
	at jp.go.jpo.sa1s99.common.format.integration.ExecuteApiByDirection.execute(ExecuteApiByDirection.java:28)
	at jp.go.jpo.sa1s99.common.format.integration.HtmlToXmlForAmendApiIntegrationTest.ファイル出力を比較する: #direction #parsedResult(HtmlToXmlForAmendApiIntegrationTest.groovy:29)
</failure>
  </testcase>
  <testcase name="ファイル出力を比較する: Direction{ s_InputDir: data/input/20101207-5.0-S-H22-0021/character-test/application-body/entity-reference-test-D2, s_OutputDir: data/output/html_amend/20101207-5.0-S-H22-0021/character-test/application-body/entity-reference-test-D2} null" classname="jp.go.jpo.sa1s99.common.format.integration.HtmlToXmlForAmendApiIntegrationTest" time="0.0">
    <failure message="java.lang.IllegalArgumentException: Not implemented yet" type="java.lang.IllegalArgumentException">java.lang.IllegalArgumentException: Not implemented yet
	at jp.go.jpo.sa1s99.common.format.api.XmlToHtmlForAmendApi.execute(XmlToHtmlForAmendApi.java:32)
	at jp.go.jpo.sa1s99.common.format.integration.ExecuteXmlToHtmlForAmendApiByDirection.executeApi(ExecuteXmlToHtmlForAmendApiByDirection.java:26)
	at jp.go.jpo.sa1s99.common.format.integration.ExecuteXmlToHtmlForAmendApiByDirection.executeApi(ExecuteXmlToHtmlForAmendApiByDirection.java:13)
	at jp.go.jpo.sa1s99.common.format.integration.ExecuteApiByDirection.execute(ExecuteApiByDirection.java:28)
	at jp.go.jpo.sa1s99.common.format.integration.HtmlToXmlForAmendApiIntegrationTest.ファイル出力を比較する: #direction #parsedResult(HtmlToXmlForAmendApiIntegrationTest.groovy:29)
</failure>
  </testcase>
  <testcase name="ファイル出力を比較する: Direction{ s_InputDir: data/input/20101207-5.0-S-H22-0021/character-test/application-body/entity-reference-test-D3, s_OutputDir: data/output/html_amend/20101207-5.0-S-H22-0021/character-test/application-body/entity-reference-test-D3} null" classname="jp.go.jpo.sa1s99.common.format.integration.HtmlToXmlForAmendApiIntegrationTest" time="0.016">
    <failure message="java.lang.IllegalArgumentException: Not implemented yet" type="java.lang.IllegalArgumentException">java.lang.IllegalArgumentException: Not implemented yet
	at jp.go.jpo.sa1s99.common.format.api.XmlToHtmlForAmendApi.execute(XmlToHtmlForAmendApi.java:32)
	at jp.go.jpo.sa1s99.common.format.integration.ExecuteXmlToHtmlForAmendApiByDirection.executeApi(ExecuteXmlToHtmlForAmendApiByDirection.java:26)
	at jp.go.jpo.sa1s99.common.format.integration.ExecuteXmlToHtmlForAmendApiByDirection.executeApi(ExecuteXmlToHtmlForAmendApiByDirection.java:13)
	at jp.go.jpo.sa1s99.common.format.integration.ExecuteApiByDirection.execute(ExecuteApiByDirection.java:28)
	at jp.go.jpo.sa1s99.common.format.integration.HtmlToXmlForAmendApiIntegrationTest.ファイル出力を比較する: #direction #parsedResult(HtmlToXmlForAmendApiIntegrationTest.groovy:29)
</failure>
  </testcase>
  <testcase name="ファイル出力を比較する: Direction{ s_InputDir: data/input/20101207-5.0-S-H22-0021/character-test/application-body/entity-reference-test-D4, s_OutputDir: data/output/html_amend/20101207-5.0-S-H22-0021/character-test/application-body/entity-reference-test-D4} null" classname="jp.go.jpo.sa1s99.common.format.integration.HtmlToXmlForAmendApiIntegrationTest" time="0.0">
    <failure message="java.lang.IllegalArgumentException: Not implemented yet" type="java.lang.IllegalArgumentException">java.lang.IllegalArgumentException: Not implemented yet
	at jp.go.jpo.sa1s99.common.format.api.XmlToHtmlForAmendApi.execute(XmlToHtmlForAmendApi.java:32)
	at jp.go.jpo.sa1s99.common.format.integration.ExecuteXmlToHtmlForAmendApiByDirection.executeApi(ExecuteXmlToHtmlForAmendApiByDirection.java:26)
	at jp.go.jpo.sa1s99.common.format.integration.ExecuteXmlToHtmlForAmendApiByDirection.executeApi(ExecuteXmlToHtmlForAmendApiByDirection.java:13)
	at jp.go.jpo.sa1s99.common.format.integration.ExecuteApiByDirection.execute(ExecuteApiByDirection.java:28)
	at jp.go.jpo.sa1s99.common.format.integration.HtmlToXmlForAmendApiIntegrationTest.ファイル出力を比較する: #direction #parsedResult(HtmlToXmlForAmendApiIntegrationTest.groovy:29)
</failure>
  </testcase>
  <testcase name="ファイル出力を比較する: Direction{ s_InputDir: data/input/20101207-5.0-S-H22-0021/character-test/application-body/entity-reference-test-D5, s_OutputDir: data/output/html_amend/20101207-5.0-S-H22-0021/character-test/application-body/entity-reference-test-D5} null" classname="jp.go.jpo.sa1s99.common.format.integration.HtmlToXmlForAmendApiIntegrationTest" time="0.0">
    <failure message="java.lang.IllegalArgumentException: Not implemented yet" type="java.lang.IllegalArgumentException">java.lang.IllegalArgumentException: Not implemented yet
	at jp.go.jpo.sa1s99.common.format.api.XmlToHtmlForAmendApi.execute(XmlToHtmlForAmendApi.java:32)
	at jp.go.jpo.sa1s99.common.format.integration.ExecuteXmlToHtmlForAmendApiByDirection.executeApi(ExecuteXmlToHtmlForAmendApiByDirection.java:26)
	at jp.go.jpo.sa1s99.common.format.integration.ExecuteXmlToHtmlForAmendApiByDirection.executeApi(ExecuteXmlToHtmlForAmendApiByDirection.java:13)
	at jp.go.jpo.sa1s99.common.format.integration.ExecuteApiByDirection.execute(ExecuteApiByDirection.java:28)
	at jp.go.jpo.sa1s99.common.format.integration.HtmlToXmlForAmendApiIntegrationTest.ファイル出力を比較する: #direction #parsedResult(HtmlToXmlForAmendApiIntegrationTest.groovy:29)
</failure>
  </testcase>
  <testcase name="ファイル出力を比較する: Direction{ s_InputDir: data/input/20101207-5.0-S-H22-0021/character-test/application-body/entity-reference-test-D6, s_OutputDir: data/output/html_amend/20101207-5.0-S-H22-0021/character-test/application-body/entity-reference-test-D6} null" classname="jp.go.jpo.sa1s99.common.format.integration.HtmlToXmlForAmendApiIntegrationTest" time="0.015">
    <failure message="java.lang.IllegalArgumentException: Not implemented yet" type="java.lang.IllegalArgumentException">java.lang.IllegalArgumentException: Not implemented yet
	at jp.go.jpo.sa1s99.common.format.api.XmlToHtmlForAmendApi.execute(XmlToHtmlForAmendApi.java:32)
	at jp.go.jpo.sa1s99.common.format.integration.ExecuteXmlToHtmlForAmendApiByDirection.executeApi(ExecuteXmlToHtmlForAmendApiByDirection.java:26)
	at jp.go.jpo.sa1s99.common.format.integration.ExecuteXmlToHtmlForAmendApiByDirection.executeApi(ExecuteXmlToHtmlForAmendApiByDirection.java:13)
	at jp.go.jpo.sa1s99.common.format.integration.ExecuteApiByDirection.execute(ExecuteApiByDirection.java:28)
	at jp.go.jpo.sa1s99.common.format.integration.HtmlToXmlForAmendApiIntegrationTest.ファイル出力を比較する: #direction #parsedResult(HtmlToXmlForAmendApiIntegrationTest.groovy:29)
</failure>
  </testcase>
  <testcase name="ファイル出力を比較する: Direction{ s_InputDir: data/input/20101207-5.0-S-H22-0021/character-test/application-body/entity-reference-test-D7, s_OutputDir: data/output/html_amend/20101207-5.0-S-H22-0021/character-test/application-body/entity-reference-test-D7} null" classname="jp.go.jpo.sa1s99.common.format.integration.HtmlToXmlForAmendApiIntegrationTest" time="0.0">
    <failure message="java.lang.IllegalArgumentException: Not implemented yet" type="java.lang.IllegalArgumentException">java.lang.IllegalArgumentException: Not implemented yet
	at jp.go.jpo.sa1s99.common.format.api.XmlToHtmlForAmendApi.execute(XmlToHtmlForAmendApi.java:32)
	at jp.go.jpo.sa1s99.common.format.integration.ExecuteXmlToHtmlForAmendApiByDirection.executeApi(ExecuteXmlToHtmlForAmendApiByDirection.java:26)
	at jp.go.jpo.sa1s99.common.format.integration.ExecuteXmlToHtmlForAmendApiByDirection.executeApi(ExecuteXmlToHtmlForAmendApiByDirection.java:13)
	at jp.go.jpo.sa1s99.common.format.integration.ExecuteApiByDirection.execute(ExecuteApiByDirection.java:28)
	at jp.go.jpo.sa1s99.common.format.integration.HtmlToXmlForAmendApiIntegrationTest.ファイル出力を比較する: #direction #parsedResult(HtmlToXmlForAmendApiIntegrationTest.groovy:29)
</failure>
  </testcase>
  <testcase name="ファイル出力を比較する: Direction{ s_InputDir: data/input/20101207-5.0-S-H22-0021/character-test/application-body/entity-reference-test-D8, s_OutputDir: data/output/html_amend/20101207-5.0-S-H22-0021/character-test/application-body/entity-reference-test-D8} null" classname="jp.go.jpo.sa1s99.common.format.integration.HtmlToXmlForAmendApiIntegrationTest" time="0.0">
    <failure message="java.lang.IllegalArgumentException: Not implemented yet" type="java.lang.IllegalArgumentException">java.lang.IllegalArgumentException: Not implemented yet
	at jp.go.jpo.sa1s99.common.format.api.XmlToHtmlForAmendApi.execute(XmlToHtmlForAmendApi.java:32)
	at jp.go.jpo.sa1s99.common.format.integration.ExecuteXmlToHtmlForAmendApiByDirection.executeApi(ExecuteXmlToHtmlForAmendApiByDirection.java:26)
	at jp.go.jpo.sa1s99.common.format.integration.ExecuteXmlToHtmlForAmendApiByDirection.executeApi(ExecuteXmlToHtmlForAmendApiByDirection.java:13)
	at jp.go.jpo.sa1s99.common.format.integration.ExecuteApiByDirection.execute(ExecuteApiByDirection.java:28)
	at jp.go.jpo.sa1s99.common.format.integration.HtmlToXmlForAmendApiIntegrationTest.ファイル出力を比較する: #direction #parsedResult(HtmlToXmlForAmendApiIntegrationTest.groovy:29)
</failure>
  </testcase>
  <testcase name="ファイル出力を比較する: Direction{ s_InputDir: data/input/20101207-5.0-S-H22-0021/character-test/application-body/entity-reference-test-D9, s_OutputDir: data/output/html_amend/20101207-5.0-S-H22-0021/character-test/application-body/entity-reference-test-D9} null" classname="jp.go.jpo.sa1s99.common.format.integration.HtmlToXmlForAmendApiIntegrationTest" time="0.0">
    <failure message="java.lang.IllegalArgumentException: Not implemented yet" type="java.lang.IllegalArgumentException">java.lang.IllegalArgumentException: Not implemented yet
	at jp.go.jpo.sa1s99.common.format.api.XmlToHtmlForAmendApi.execute(XmlToHtmlForAmendApi.java:32)
	at jp.go.jpo.sa1s99.common.format.integration.ExecuteXmlToHtmlForAmendApiByDirection.executeApi(ExecuteXmlToHtmlForAmendApiByDirection.java:26)
	at jp.go.jpo.sa1s99.common.format.integration.ExecuteXmlToHtmlForAmendApiByDirection.executeApi(ExecuteXmlToHtmlForAmendApiByDirection.java:13)
	at jp.go.jpo.sa1s99.common.format.integration.ExecuteApiByDirection.execute(ExecuteApiByDirection.java:28)
	at jp.go.jpo.sa1s99.common.format.integration.HtmlToXmlForAmendApiIntegrationTest.ファイル出力を比較する: #direction #parsedResult(HtmlToXmlForAmendApiIntegrationTest.groovy:29)
</failure>
  </testcase>
  <testcase name="ファイル出力を比較する: Direction{ s_InputDir: data/input/20101207-5.0-S-H22-0021/character-test/application-body/entity-reference-test-DA, s_OutputDir: data/output/html_amend/20101207-5.0-S-H22-0021/character-test/application-body/entity-reference-test-DA} null" classname="jp.go.jpo.sa1s99.common.format.integration.HtmlToXmlForAmendApiIntegrationTest" time="0.016">
    <failure message="java.lang.IllegalArgumentException: Not implemented yet" type="java.lang.IllegalArgumentException">java.lang.IllegalArgumentException: Not implemented yet
	at jp.go.jpo.sa1s99.common.format.api.XmlToHtmlForAmendApi.execute(XmlToHtmlForAmendApi.java:32)
	at jp.go.jpo.sa1s99.common.format.integration.ExecuteXmlToHtmlForAmendApiByDirection.executeApi(ExecuteXmlToHtmlForAmendApiByDirection.java:26)
	at jp.go.jpo.sa1s99.common.format.integration.ExecuteXmlToHtmlForAmendApiByDirection.executeApi(ExecuteXmlToHtmlForAmendApiByDirection.java:13)
	at jp.go.jpo.sa1s99.common.format.integration.ExecuteApiByDirection.execute(ExecuteApiByDirection.java:28)
	at jp.go.jpo.sa1s99.common.format.integration.HtmlToXmlForAmendApiIntegrationTest.ファイル出力を比較する: #direction #parsedResult(HtmlToXmlForAmendApiIntegrationTest.groovy:29)
</failure>
  </testcase>
  <testcase name="ファイル出力を比較する: Direction{ s_InputDir: data/input/20101207-5.0-S-H22-0021/character-test/application-body/entity-reference-test-DB, s_OutputDir: data/output/html_amend/20101207-5.0-S-H22-0021/character-test/application-body/entity-reference-test-DB} null" classname="jp.go.jpo.sa1s99.common.format.integration.HtmlToXmlForAmendApiIntegrationTest" time="0.016">
    <failure message="java.lang.IllegalArgumentException: Not implemented yet" type="java.lang.IllegalArgumentException">java.lang.IllegalArgumentException: Not implemented yet
	at jp.go.jpo.sa1s99.common.format.api.XmlToHtmlForAmendApi.execute(XmlToHtmlForAmendApi.java:32)
	at jp.go.jpo.sa1s99.common.format.integration.ExecuteXmlToHtmlForAmendApiByDirection.executeApi(ExecuteXmlToHtmlForAmendApiByDirection.java:26)
	at jp.go.jpo.sa1s99.common.format.integration.ExecuteXmlToHtmlForAmendApiByDirection.executeApi(ExecuteXmlToHtmlForAmendApiByDirection.java:13)
	at jp.go.jpo.sa1s99.common.format.integration.ExecuteApiByDirection.execute(ExecuteApiByDirection.java:28)
	at jp.go.jpo.sa1s99.common.format.integration.HtmlToXmlForAmendApiIntegrationTest.ファイル出力を比較する: #direction #parsedResult(HtmlToXmlForAmendApiIntegrationTest.groovy:29)
</failure>
  </testcase>
  <testcase name="ファイル出力を比較する: Direction{ s_InputDir: data/input/20101207-5.0-S-H22-0021/character-test/application-body/entity-reference-test-DC, s_OutputDir: data/output/html_amend/20101207-5.0-S-H22-0021/character-test/application-body/entity-reference-test-DC} null" classname="jp.go.jpo.sa1s99.common.format.integration.HtmlToXmlForAmendApiIntegrationTest" time="0.0">
    <failure message="java.lang.IllegalArgumentException: Not implemented yet" type="java.lang.IllegalArgumentException">java.lang.IllegalArgumentException: Not implemented yet
	at jp.go.jpo.sa1s99.common.format.api.XmlToHtmlForAmendApi.execute(XmlToHtmlForAmendApi.java:32)
	at jp.go.jpo.sa1s99.common.format.integration.ExecuteXmlToHtmlForAmendApiByDirection.executeApi(ExecuteXmlToHtmlForAmendApiByDirection.java:26)
	at jp.go.jpo.sa1s99.common.format.integration.ExecuteXmlToHtmlForAmendApiByDirection.executeApi(ExecuteXmlToHtmlForAmendApiByDirection.java:13)
	at jp.go.jpo.sa1s99.common.format.integration.ExecuteApiByDirection.execute(ExecuteApiByDirection.java:28)
	at jp.go.jpo.sa1s99.common.format.integration.HtmlToXmlForAmendApiIntegrationTest.ファイル出力を比較する: #direction #parsedResult(HtmlToXmlForAmendApiIntegrationTest.groovy:29)
</failure>
  </testcase>
  <testcase name="ファイル出力を比較する: Direction{ s_InputDir: data/input/20101207-5.0-S-H22-0021/character-test/application-body/entity-reference-test-DD, s_OutputDir: data/output/html_amend/20101207-5.0-S-H22-0021/character-test/application-body/entity-reference-test-DD} null" classname="jp.go.jpo.sa1s99.common.format.integration.HtmlToXmlForAmendApiIntegrationTest" time="0.0">
    <failure message="java.lang.IllegalArgumentException: Not implemented yet" type="java.lang.IllegalArgumentException">java.lang.IllegalArgumentException: Not implemented yet
	at jp.go.jpo.sa1s99.common.format.api.XmlToHtmlForAmendApi.execute(XmlToHtmlForAmendApi.java:32)
	at jp.go.jpo.sa1s99.common.format.integration.ExecuteXmlToHtmlForAmendApiByDirection.executeApi(ExecuteXmlToHtmlForAmendApiByDirection.java:26)
	at jp.go.jpo.sa1s99.common.format.integration.ExecuteXmlToHtmlForAmendApiByDirection.executeApi(ExecuteXmlToHtmlForAmendApiByDirection.java:13)
	at jp.go.jpo.sa1s99.common.format.integration.ExecuteApiByDirection.execute(ExecuteApiByDirection.java:28)
	at jp.go.jpo.sa1s99.common.format.integration.HtmlToXmlForAmendApiIntegrationTest.ファイル出力を比較する: #direction #parsedResult(HtmlToXmlForAmendApiIntegrationTest.groovy:29)
</failure>
  </testcase>
  <testcase name="ファイル出力を比較する: Direction{ s_InputDir: data/input/20101207-5.0-S-H22-0021/character-test/application-body/entity-reference-test-DE, s_OutputDir: data/output/html_amend/20101207-5.0-S-H22-0021/character-test/application-body/entity-reference-test-DE} null" classname="jp.go.jpo.sa1s99.common.format.integration.HtmlToXmlForAmendApiIntegrationTest" time="0.016">
    <failure message="java.lang.IllegalArgumentException: Not implemented yet" type="java.lang.IllegalArgumentException">java.lang.IllegalArgumentException: Not implemented yet
	at jp.go.jpo.sa1s99.common.format.api.XmlToHtmlForAmendApi.execute(XmlToHtmlForAmendApi.java:32)
	at jp.go.jpo.sa1s99.common.format.integration.ExecuteXmlToHtmlForAmendApiByDirection.executeApi(ExecuteXmlToHtmlForAmendApiByDirection.java:26)
	at jp.go.jpo.sa1s99.common.format.integration.ExecuteXmlToHtmlForAmendApiByDirection.executeApi(ExecuteXmlToHtmlForAmendApiByDirection.java:13)
	at jp.go.jpo.sa1s99.common.format.integration.ExecuteApiByDirection.execute(ExecuteApiByDirection.java:28)
	at jp.go.jpo.sa1s99.common.format.integration.HtmlToXmlForAmendApiIntegrationTest.ファイル出力を比較する: #direction #parsedResult(HtmlToXmlForAmendApiIntegrationTest.groovy:29)
</failure>
  </testcase>
  <testcase name="ファイル出力を比較する: Direction{ s_InputDir: data/input/20101207-5.0-S-H22-0021/character-test/application-body/entity-reference-test-DF, s_OutputDir: data/output/html_amend/20101207-5.0-S-H22-0021/character-test/application-body/entity-reference-test-DF} null" classname="jp.go.jpo.sa1s99.common.format.integration.HtmlToXmlForAmendApiIntegrationTest" time="0.004">
    <failure message="java.lang.IllegalArgumentException: Not implemented yet" type="java.lang.IllegalArgumentException">java.lang.IllegalArgumentException: Not implemented yet
	at jp.go.jpo.sa1s99.common.format.api.XmlToHtmlForAmendApi.execute(XmlToHtmlForAmendApi.java:32)
	at jp.go.jpo.sa1s99.common.format.integration.ExecuteXmlToHtmlForAmendApiByDirection.executeApi(ExecuteXmlToHtmlForAmendApiByDirection.java:26)
	at jp.go.jpo.sa1s99.common.format.integration.ExecuteXmlToHtmlForAmendApiByDirection.executeApi(ExecuteXmlToHtmlForAmendApiByDirection.java:13)
	at jp.go.jpo.sa1s99.common.format.integration.ExecuteApiByDirection.execute(ExecuteApiByDirection.java:28)
	at jp.go.jpo.sa1s99.common.format.integration.HtmlToXmlForAmendApiIntegrationTest.ファイル出力を比較する: #direction #parsedResult(HtmlToXmlForAmendApiIntegrationTest.groovy:29)
</failure>
  </testcase>
  <testcase name="ファイル出力を比較する: Direction{ s_InputDir: data/input/20101207-5.0-S-H22-0021/character-test/application-body/entity-reference-test-E0, s_OutputDir: data/output/html_amend/20101207-5.0-S-H22-0021/character-test/application-body/entity-reference-test-E0} null" classname="jp.go.jpo.sa1s99.common.format.integration.HtmlToXmlForAmendApiIntegrationTest" time="0.001">
    <failure message="java.lang.IllegalArgumentException: Not implemented yet" type="java.lang.IllegalArgumentException">java.lang.IllegalArgumentException: Not implemented yet
	at jp.go.jpo.sa1s99.common.format.api.XmlToHtmlForAmendApi.execute(XmlToHtmlForAmendApi.java:32)
	at jp.go.jpo.sa1s99.common.format.integration.ExecuteXmlToHtmlForAmendApiByDirection.executeApi(ExecuteXmlToHtmlForAmendApiByDirection.java:26)
	at jp.go.jpo.sa1s99.common.format.integration.ExecuteXmlToHtmlForAmendApiByDirection.executeApi(ExecuteXmlToHtmlForAmendApiByDirection.java:13)
	at jp.go.jpo.sa1s99.common.format.integration.ExecuteApiByDirection.execute(ExecuteApiByDirection.java:28)
	at jp.go.jpo.sa1s99.common.format.integration.HtmlToXmlForAmendApiIntegrationTest.ファイル出力を比較する: #direction #parsedResult(HtmlToXmlForAmendApiIntegrationTest.groovy:29)
</failure>
  </testcase>
  <testcase name="ファイル出力を比較する: Direction{ s_InputDir: data/input/20101207-5.0-S-H22-0021/character-test/application-body/entity-reference-test-E1, s_OutputDir: data/output/html_amend/20101207-5.0-S-H22-0021/character-test/application-body/entity-reference-test-E1} null" classname="jp.go.jpo.sa1s99.common.format.integration.HtmlToXmlForAmendApiIntegrationTest" time="0.0">
    <failure message="java.lang.IllegalArgumentException: Not implemented yet" type="java.lang.IllegalArgumentException">java.lang.IllegalArgumentException: Not implemented yet
	at jp.go.jpo.sa1s99.common.format.api.XmlToHtmlForAmendApi.execute(XmlToHtmlForAmendApi.java:32)
	at jp.go.jpo.sa1s99.common.format.integration.ExecuteXmlToHtmlForAmendApiByDirection.executeApi(ExecuteXmlToHtmlForAmendApiByDirection.java:26)
	at jp.go.jpo.sa1s99.common.format.integration.ExecuteXmlToHtmlForAmendApiByDirection.executeApi(ExecuteXmlToHtmlForAmendApiByDirection.java:13)
	at jp.go.jpo.sa1s99.common.format.integration.ExecuteApiByDirection.execute(ExecuteApiByDirection.java:28)
	at jp.go.jpo.sa1s99.common.format.integration.HtmlToXmlForAmendApiIntegrationTest.ファイル出力を比較する: #direction #parsedResult(HtmlToXmlForAmendApiIntegrationTest.groovy:29)
</failure>
  </testcase>
  <testcase name="ファイル出力を比較する: Direction{ s_InputDir: data/input/20101207-5.0-S-H22-0021/character-test/application-body/entity-reference-test-E2, s_OutputDir: data/output/html_amend/20101207-5.0-S-H22-0021/character-test/application-body/entity-reference-test-E2} null" classname="jp.go.jpo.sa1s99.common.format.integration.HtmlToXmlForAmendApiIntegrationTest" time="0.0">
    <failure message="java.lang.IllegalArgumentException: Not implemented yet" type="java.lang.IllegalArgumentException">java.lang.IllegalArgumentException: Not implemented yet
	at jp.go.jpo.sa1s99.common.format.api.XmlToHtmlForAmendApi.execute(XmlToHtmlForAmendApi.java:32)
	at jp.go.jpo.sa1s99.common.format.integration.ExecuteXmlToHtmlForAmendApiByDirection.executeApi(ExecuteXmlToHtmlForAmendApiByDirection.java:26)
	at jp.go.jpo.sa1s99.common.format.integration.ExecuteXmlToHtmlForAmendApiByDirection.executeApi(ExecuteXmlToHtmlForAmendApiByDirection.java:13)
	at jp.go.jpo.sa1s99.common.format.integration.ExecuteApiByDirection.execute(ExecuteApiByDirection.java:28)
	at jp.go.jpo.sa1s99.common.format.integration.HtmlToXmlForAmendApiIntegrationTest.ファイル出力を比較する: #direction #parsedResult(HtmlToXmlForAmendApiIntegrationTest.groovy:29)
</failure>
  </testcase>
  <testcase name="ファイル出力を比較する: Direction{ s_InputDir: data/input/20101207-5.0-S-H22-0021/character-test/application-body/entity-reference-test-E3, s_OutputDir: data/output/html_amend/20101207-5.0-S-H22-0021/character-test/application-body/entity-reference-test-E3} null" classname="jp.go.jpo.sa1s99.common.format.integration.HtmlToXmlForAmendApiIntegrationTest" time="0.0">
    <failure message="java.lang.IllegalArgumentException: Not implemented yet" type="java.lang.IllegalArgumentException">java.lang.IllegalArgumentException: Not implemented yet
	at jp.go.jpo.sa1s99.common.format.api.XmlToHtmlForAmendApi.execute(XmlToHtmlForAmendApi.java:32)
	at jp.go.jpo.sa1s99.common.format.integration.ExecuteXmlToHtmlForAmendApiByDirection.executeApi(ExecuteXmlToHtmlForAmendApiByDirection.java:26)
	at jp.go.jpo.sa1s99.common.format.integration.ExecuteXmlToHtmlForAmendApiByDirection.executeApi(ExecuteXmlToHtmlForAmendApiByDirection.java:13)
	at jp.go.jpo.sa1s99.common.format.integration.ExecuteApiByDirection.execute(ExecuteApiByDirection.java:28)
	at jp.go.jpo.sa1s99.common.format.integration.HtmlToXmlForAmendApiIntegrationTest.ファイル出力を比較する: #direction #parsedResult(HtmlToXmlForAmendApiIntegrationTest.groovy:29)
</failure>
  </testcase>
  <testcase name="ファイル出力を比較する: Direction{ s_InputDir: data/input/20101207-5.0-S-H22-0021/character-test/application-body/entity-reference-test-E4, s_OutputDir: data/output/html_amend/20101207-5.0-S-H22-0021/character-test/application-body/entity-reference-test-E4} null" classname="jp.go.jpo.sa1s99.common.format.integration.HtmlToXmlForAmendApiIntegrationTest" time="0.016">
    <failure message="java.lang.IllegalArgumentException: Not implemented yet" type="java.lang.IllegalArgumentException">java.lang.IllegalArgumentException: Not implemented yet
	at jp.go.jpo.sa1s99.common.format.api.XmlToHtmlForAmendApi.execute(XmlToHtmlForAmendApi.java:32)
	at jp.go.jpo.sa1s99.common.format.integration.ExecuteXmlToHtmlForAmendApiByDirection.executeApi(ExecuteXmlToHtmlForAmendApiByDirection.java:26)
	at jp.go.jpo.sa1s99.common.format.integration.ExecuteXmlToHtmlForAmendApiByDirection.executeApi(ExecuteXmlToHtmlForAmendApiByDirection.java:13)
	at jp.go.jpo.sa1s99.common.format.integration.ExecuteApiByDirection.execute(ExecuteApiByDirection.java:28)
	at jp.go.jpo.sa1s99.common.format.integration.HtmlToXmlForAmendApiIntegrationTest.ファイル出力を比較する: #direction #parsedResult(HtmlToXmlForAmendApiIntegrationTest.groovy:29)
</failure>
  </testcase>
  <testcase name="ファイル出力を比較する: Direction{ s_InputDir: data/input/20101207-5.0-S-H22-0021/character-test/application-body/entity-reference-test-E5, s_OutputDir: data/output/html_amend/20101207-5.0-S-H22-0021/character-test/application-body/entity-reference-test-E5} null" classname="jp.go.jpo.sa1s99.common.format.integration.HtmlToXmlForAmendApiIntegrationTest" time="0.0">
    <failure message="java.lang.IllegalArgumentException: Not implemented yet" type="java.lang.IllegalArgumentException">java.lang.IllegalArgumentException: Not implemented yet
	at jp.go.jpo.sa1s99.common.format.api.XmlToHtmlForAmendApi.execute(XmlToHtmlForAmendApi.java:32)
	at jp.go.jpo.sa1s99.common.format.integration.ExecuteXmlToHtmlForAmendApiByDirection.executeApi(ExecuteXmlToHtmlForAmendApiByDirection.java:26)
	at jp.go.jpo.sa1s99.common.format.integration.ExecuteXmlToHtmlForAmendApiByDirection.executeApi(ExecuteXmlToHtmlForAmendApiByDirection.java:13)
	at jp.go.jpo.sa1s99.common.format.integration.ExecuteApiByDirection.execute(ExecuteApiByDirection.java:28)
	at jp.go.jpo.sa1s99.common.format.integration.HtmlToXmlForAmendApiIntegrationTest.ファイル出力を比較する: #direction #parsedResult(HtmlToXmlForAmendApiIntegrationTest.groovy:29)
</failure>
  </testcase>
  <testcase name="ファイル出力を比較する: Direction{ s_InputDir: data/input/20101207-5.0-S-H22-0021/character-test/application-body/entity-reference-test-E6, s_OutputDir: data/output/html_amend/20101207-5.0-S-H22-0021/character-test/application-body/entity-reference-test-E6} null" classname="jp.go.jpo.sa1s99.common.format.integration.HtmlToXmlForAmendApiIntegrationTest" time="0.0">
    <failure message="java.lang.IllegalArgumentException: Not implemented yet" type="java.lang.IllegalArgumentException">java.lang.IllegalArgumentException: Not implemented yet
	at jp.go.jpo.sa1s99.common.format.api.XmlToHtmlForAmendApi.execute(XmlToHtmlForAmendApi.java:32)
	at jp.go.jpo.sa1s99.common.format.integration.ExecuteXmlToHtmlForAmendApiByDirection.executeApi(ExecuteXmlToHtmlForAmendApiByDirection.java:26)
	at jp.go.jpo.sa1s99.common.format.integration.ExecuteXmlToHtmlForAmendApiByDirection.executeApi(ExecuteXmlToHtmlForAmendApiByDirection.java:13)
	at jp.go.jpo.sa1s99.common.format.integration.ExecuteApiByDirection.execute(ExecuteApiByDirection.java:28)
	at jp.go.jpo.sa1s99.common.format.integration.HtmlToXmlForAmendApiIntegrationTest.ファイル出力を比較する: #direction #parsedResult(HtmlToXmlForAmendApiIntegrationTest.groovy:29)
</failure>
  </testcase>
  <testcase name="ファイル出力を比較する: Direction{ s_InputDir: data/input/20101207-5.0-S-H22-0021/character-test/application-body/entity-reference-test-E7, s_OutputDir: data/output/html_amend/20101207-5.0-S-H22-0021/character-test/application-body/entity-reference-test-E7} null" classname="jp.go.jpo.sa1s99.common.format.integration.HtmlToXmlForAmendApiIntegrationTest" time="0.016">
    <failure message="java.lang.IllegalArgumentException: Not implemented yet" type="java.lang.IllegalArgumentException">java.lang.IllegalArgumentException: Not implemented yet
	at jp.go.jpo.sa1s99.common.format.api.XmlToHtmlForAmendApi.execute(XmlToHtmlForAmendApi.java:32)
	at jp.go.jpo.sa1s99.common.format.integration.ExecuteXmlToHtmlForAmendApiByDirection.executeApi(ExecuteXmlToHtmlForAmendApiByDirection.java:26)
	at jp.go.jpo.sa1s99.common.format.integration.ExecuteXmlToHtmlForAmendApiByDirection.executeApi(ExecuteXmlToHtmlForAmendApiByDirection.java:13)
	at jp.go.jpo.sa1s99.common.format.integration.ExecuteApiByDirection.execute(ExecuteApiByDirection.java:28)
	at jp.go.jpo.sa1s99.common.format.integration.HtmlToXmlForAmendApiIntegrationTest.ファイル出力を比較する: #direction #parsedResult(HtmlToXmlForAmendApiIntegrationTest.groovy:29)
</failure>
  </testcase>
  <testcase name="ファイル出力を比較する: Direction{ s_InputDir: data/input/20101207-5.0-S-H22-0021/character-test/application-body/entity-reference-test-E8, s_OutputDir: data/output/html_amend/20101207-5.0-S-H22-0021/character-test/application-body/entity-reference-test-E8} null" classname="jp.go.jpo.sa1s99.common.format.integration.HtmlToXmlForAmendApiIntegrationTest" time="0.0">
    <failure message="java.lang.IllegalArgumentException: Not implemented yet" type="java.lang.IllegalArgumentException">java.lang.IllegalArgumentException: Not implemented yet
	at jp.go.jpo.sa1s99.common.format.api.XmlToHtmlForAmendApi.execute(XmlToHtmlForAmendApi.java:32)
	at jp.go.jpo.sa1s99.common.format.integration.ExecuteXmlToHtmlForAmendApiByDirection.executeApi(ExecuteXmlToHtmlForAmendApiByDirection.java:26)
	at jp.go.jpo.sa1s99.common.format.integration.ExecuteXmlToHtmlForAmendApiByDirection.executeApi(ExecuteXmlToHtmlForAmendApiByDirection.java:13)
	at jp.go.jpo.sa1s99.common.format.integration.ExecuteApiByDirection.execute(ExecuteApiByDirection.java:28)
	at jp.go.jpo.sa1s99.common.format.integration.HtmlToXmlForAmendApiIntegrationTest.ファイル出力を比較する: #direction #parsedResult(HtmlToXmlForAmendApiIntegrationTest.groovy:29)
</failure>
  </testcase>
  <testcase name="ファイル出力を比較する: Direction{ s_InputDir: data/input/20101207-5.0-S-H22-0021/character-test/application-body/entity-reference-test-E9, s_OutputDir: data/output/html_amend/20101207-5.0-S-H22-0021/character-test/application-body/entity-reference-test-E9} null" classname="jp.go.jpo.sa1s99.common.format.integration.HtmlToXmlForAmendApiIntegrationTest" time="0.0">
    <failure message="java.lang.IllegalArgumentException: Not implemented yet" type="java.lang.IllegalArgumentException">java.lang.IllegalArgumentException: Not implemented yet
	at jp.go.jpo.sa1s99.common.format.api.XmlToHtmlForAmendApi.execute(XmlToHtmlForAmendApi.java:32)
	at jp.go.jpo.sa1s99.common.format.integration.ExecuteXmlToHtmlForAmendApiByDirection.executeApi(ExecuteXmlToHtmlForAmendApiByDirection.java:26)
	at jp.go.jpo.sa1s99.common.format.integration.ExecuteXmlToHtmlForAmendApiByDirection.executeApi(ExecuteXmlToHtmlForAmendApiByDirection.java:13)
	at jp.go.jpo.sa1s99.common.format.integration.ExecuteApiByDirection.execute(ExecuteApiByDirection.java:28)
	at jp.go.jpo.sa1s99.common.format.integration.HtmlToXmlForAmendApiIntegrationTest.ファイル出力を比較する: #direction #parsedResult(HtmlToXmlForAmendApiIntegrationTest.groovy:29)
</failure>
  </testcase>
  <testcase name="ファイル出力を比較する: Direction{ s_InputDir: data/input/20101207-5.0-S-H22-0021/character-test/application-body/entity-reference-test-EA, s_OutputDir: data/output/html_amend/20101207-5.0-S-H22-0021/character-test/application-body/entity-reference-test-EA} null" classname="jp.go.jpo.sa1s99.common.format.integration.HtmlToXmlForAmendApiIntegrationTest" time="0.015">
    <failure message="java.lang.IllegalArgumentException: Not implemented yet" type="java.lang.IllegalArgumentException">java.lang.IllegalArgumentException: Not implemented yet
	at jp.go.jpo.sa1s99.common.format.api.XmlToHtmlForAmendApi.execute(XmlToHtmlForAmendApi.java:32)
	at jp.go.jpo.sa1s99.common.format.integration.ExecuteXmlToHtmlForAmendApiByDirection.executeApi(ExecuteXmlToHtmlForAmendApiByDirection.java:26)
	at jp.go.jpo.sa1s99.common.format.integration.ExecuteXmlToHtmlForAmendApiByDirection.executeApi(ExecuteXmlToHtmlForAmendApiByDirection.java:13)
	at jp.go.jpo.sa1s99.common.format.integration.ExecuteApiByDirection.execute(ExecuteApiByDirection.java:28)
	at jp.go.jpo.sa1s99.common.format.integration.HtmlToXmlForAmendApiIntegrationTest.ファイル出力を比較する: #direction #parsedResult(HtmlToXmlForAmendApiIntegrationTest.groovy:29)
</failure>
  </testcase>
  <testcase name="ファイル出力を比較する: Direction{ s_InputDir: data/input/20101207-5.0-S-H22-0021/character-test/application-body/entity-reference-test-EB, s_OutputDir: data/output/html_amend/20101207-5.0-S-H22-0021/character-test/application-body/entity-reference-test-EB} null" classname="jp.go.jpo.sa1s99.common.format.integration.HtmlToXmlForAmendApiIntegrationTest" time="0.0">
    <failure message="java.lang.IllegalArgumentException: Not implemented yet" type="java.lang.IllegalArgumentException">java.lang.IllegalArgumentException: Not implemented yet
	at jp.go.jpo.sa1s99.common.format.api.XmlToHtmlForAmendApi.execute(XmlToHtmlForAmendApi.java:32)
	at jp.go.jpo.sa1s99.common.format.integration.ExecuteXmlToHtmlForAmendApiByDirection.executeApi(ExecuteXmlToHtmlForAmendApiByDirection.java:26)
	at jp.go.jpo.sa1s99.common.format.integration.ExecuteXmlToHtmlForAmendApiByDirection.executeApi(ExecuteXmlToHtmlForAmendApiByDirection.java:13)
	at jp.go.jpo.sa1s99.common.format.integration.ExecuteApiByDirection.execute(ExecuteApiByDirection.java:28)
	at jp.go.jpo.sa1s99.common.format.integration.HtmlToXmlForAmendApiIntegrationTest.ファイル出力を比較する: #direction #parsedResult(HtmlToXmlForAmendApiIntegrationTest.groovy:29)
</failure>
  </testcase>
  <testcase name="ファイル出力を比較する: Direction{ s_InputDir: data/input/20101207-5.0-S-H22-0021/character-test/application-body/entity-reference-test-EC, s_OutputDir: data/output/html_amend/20101207-5.0-S-H22-0021/character-test/application-body/entity-reference-test-EC} null" classname="jp.go.jpo.sa1s99.common.format.integration.HtmlToXmlForAmendApiIntegrationTest" time="0.0">
    <failure message="java.lang.IllegalArgumentException: Not implemented yet" type="java.lang.IllegalArgumentException">java.lang.IllegalArgumentException: Not implemented yet
	at jp.go.jpo.sa1s99.common.format.api.XmlToHtmlForAmendApi.execute(XmlToHtmlForAmendApi.java:32)
	at jp.go.jpo.sa1s99.common.format.integration.ExecuteXmlToHtmlForAmendApiByDirection.executeApi(ExecuteXmlToHtmlForAmendApiByDirection.java:26)
	at jp.go.jpo.sa1s99.common.format.integration.ExecuteXmlToHtmlForAmendApiByDirection.executeApi(ExecuteXmlToHtmlForAmendApiByDirection.java:13)
	at jp.go.jpo.sa1s99.common.format.integration.ExecuteApiByDirection.execute(ExecuteApiByDirection.java:28)
	at jp.go.jpo.sa1s99.common.format.integration.HtmlToXmlForAmendApiIntegrationTest.ファイル出力を比較する: #direction #parsedResult(HtmlToXmlForAmendApiIntegrationTest.groovy:29)
</failure>
  </testcase>
  <testcase name="ファイル出力を比較する: Direction{ s_InputDir: data/input/20101207-5.0-S-H22-0021/character-test/application-body/entity-reference-test-ED, s_OutputDir: data/output/html_amend/20101207-5.0-S-H22-0021/character-test/application-body/entity-reference-test-ED} null" classname="jp.go.jpo.sa1s99.common.format.integration.HtmlToXmlForAmendApiIntegrationTest" time="0.016">
    <failure message="java.lang.IllegalArgumentException: Not implemented yet" type="java.lang.IllegalArgumentException">java.lang.IllegalArgumentException: Not implemented yet
	at jp.go.jpo.sa1s99.common.format.api.XmlToHtmlForAmendApi.execute(XmlToHtmlForAmendApi.java:32)
	at jp.go.jpo.sa1s99.common.format.integration.ExecuteXmlToHtmlForAmendApiByDirection.executeApi(ExecuteXmlToHtmlForAmendApiByDirection.java:26)
	at jp.go.jpo.sa1s99.common.format.integration.ExecuteXmlToHtmlForAmendApiByDirection.executeApi(ExecuteXmlToHtmlForAmendApiByDirection.java:13)
	at jp.go.jpo.sa1s99.common.format.integration.ExecuteApiByDirection.execute(ExecuteApiByDirection.java:28)
	at jp.go.jpo.sa1s99.common.format.integration.HtmlToXmlForAmendApiIntegrationTest.ファイル出力を比較する: #direction #parsedResult(HtmlToXmlForAmendApiIntegrationTest.groovy:29)
</failure>
  </testcase>
  <testcase name="ファイル出力を比較する: Direction{ s_InputDir: data/input/20101207-5.0-S-H22-0021/character-test/application-body/entity-reference-test-EE, s_OutputDir: data/output/html_amend/20101207-5.0-S-H22-0021/character-test/application-body/entity-reference-test-EE} null" classname="jp.go.jpo.sa1s99.common.format.integration.HtmlToXmlForAmendApiIntegrationTest" time="0.0">
    <failure message="java.lang.IllegalArgumentException: Not implemented yet" type="java.lang.IllegalArgumentException">java.lang.IllegalArgumentException: Not implemented yet
	at jp.go.jpo.sa1s99.common.format.api.XmlToHtmlForAmendApi.execute(XmlToHtmlForAmendApi.java:32)
	at jp.go.jpo.sa1s99.common.format.integration.ExecuteXmlToHtmlForAmendApiByDirection.executeApi(ExecuteXmlToHtmlForAmendApiByDirection.java:26)
	at jp.go.jpo.sa1s99.common.format.integration.ExecuteXmlToHtmlForAmendApiByDirection.executeApi(ExecuteXmlToHtmlForAmendApiByDirection.java:13)
	at jp.go.jpo.sa1s99.common.format.integration.ExecuteApiByDirection.execute(ExecuteApiByDirection.java:28)
	at jp.go.jpo.sa1s99.common.format.integration.HtmlToXmlForAmendApiIntegrationTest.ファイル出力を比較する: #direction #parsedResult(HtmlToXmlForAmendApiIntegrationTest.groovy:29)
</failure>
  </testcase>
  <testcase name="ファイル出力を比較する: Direction{ s_InputDir: data/input/20101207-5.0-S-H22-0021/character-test/application-body/entity-reference-test-EF, s_OutputDir: data/output/html_amend/20101207-5.0-S-H22-0021/character-test/application-body/entity-reference-test-EF} null" classname="jp.go.jpo.sa1s99.common.format.integration.HtmlToXmlForAmendApiIntegrationTest" time="0.0">
    <failure message="java.lang.IllegalArgumentException: Not implemented yet" type="java.lang.IllegalArgumentException">java.lang.IllegalArgumentException: Not implemented yet
	at jp.go.jpo.sa1s99.common.format.api.XmlToHtmlForAmendApi.execute(XmlToHtmlForAmendApi.java:32)
	at jp.go.jpo.sa1s99.common.format.integration.ExecuteXmlToHtmlForAmendApiByDirection.executeApi(ExecuteXmlToHtmlForAmendApiByDirection.java:26)
	at jp.go.jpo.sa1s99.common.format.integration.ExecuteXmlToHtmlForAmendApiByDirection.executeApi(ExecuteXmlToHtmlForAmendApiByDirection.java:13)
	at jp.go.jpo.sa1s99.common.format.integration.ExecuteApiByDirection.execute(ExecuteApiByDirection.java:28)
	at jp.go.jpo.sa1s99.common.format.integration.HtmlToXmlForAmendApiIntegrationTest.ファイル出力を比較する: #direction #parsedResult(HtmlToXmlForAmendApiIntegrationTest.groovy:29)
</failure>
  </testcase>
  <testcase name="ファイル出力を比較する: Direction{ s_InputDir: data/input/20101207-5.0-S-H22-0021/character-test/application-body/entity-reference-test-F0, s_OutputDir: data/output/html_amend/20101207-5.0-S-H22-0021/character-test/application-body/entity-reference-test-F0} null" classname="jp.go.jpo.sa1s99.common.format.integration.HtmlToXmlForAmendApiIntegrationTest" time="0.0">
    <failure message="java.lang.IllegalArgumentException: Not implemented yet" type="java.lang.IllegalArgumentException">java.lang.IllegalArgumentException: Not implemented yet
	at jp.go.jpo.sa1s99.common.format.api.XmlToHtmlForAmendApi.execute(XmlToHtmlForAmendApi.java:32)
	at jp.go.jpo.sa1s99.common.format.integration.ExecuteXmlToHtmlForAmendApiByDirection.executeApi(ExecuteXmlToHtmlForAmendApiByDirection.java:26)
	at jp.go.jpo.sa1s99.common.format.integration.ExecuteXmlToHtmlForAmendApiByDirection.executeApi(ExecuteXmlToHtmlForAmendApiByDirection.java:13)
	at jp.go.jpo.sa1s99.common.format.integration.ExecuteApiByDirection.execute(ExecuteApiByDirection.java:28)
	at jp.go.jpo.sa1s99.common.format.integration.HtmlToXmlForAmendApiIntegrationTest.ファイル出力を比較する: #direction #parsedResult(HtmlToXmlForAmendApiIntegrationTest.groovy:29)
</failure>
  </testcase>
  <testcase name="ファイル出力を比較する: Direction{ s_InputDir: data/input/20101207-5.0-S-H22-0021/character-test/application-body/entity-reference-test-F1, s_OutputDir: data/output/html_amend/20101207-5.0-S-H22-0021/character-test/application-body/entity-reference-test-F1} null" classname="jp.go.jpo.sa1s99.common.format.integration.HtmlToXmlForAmendApiIntegrationTest" time="0.016">
    <failure message="java.lang.IllegalArgumentException: Not implemented yet" type="java.lang.IllegalArgumentException">java.lang.IllegalArgumentException: Not implemented yet
	at jp.go.jpo.sa1s99.common.format.api.XmlToHtmlForAmendApi.execute(XmlToHtmlForAmendApi.java:32)
	at jp.go.jpo.sa1s99.common.format.integration.ExecuteXmlToHtmlForAmendApiByDirection.executeApi(ExecuteXmlToHtmlForAmendApiByDirection.java:26)
	at jp.go.jpo.sa1s99.common.format.integration.ExecuteXmlToHtmlForAmendApiByDirection.executeApi(ExecuteXmlToHtmlForAmendApiByDirection.java:13)
	at jp.go.jpo.sa1s99.common.format.integration.ExecuteApiByDirection.execute(ExecuteApiByDirection.java:28)
	at jp.go.jpo.sa1s99.common.format.integration.HtmlToXmlForAmendApiIntegrationTest.ファイル出力を比較する: #direction #parsedResult(HtmlToXmlForAmendApiIntegrationTest.groovy:29)
</failure>
  </testcase>
  <testcase name="ファイル出力を比較する: Direction{ s_InputDir: data/input/20101207-5.0-S-H22-0021/character-test/application-body/entity-reference-test-F2, s_OutputDir: data/output/html_amend/20101207-5.0-S-H22-0021/character-test/application-body/entity-reference-test-F2} null" classname="jp.go.jpo.sa1s99.common.format.integration.HtmlToXmlForAmendApiIntegrationTest" time="0.0">
    <failure message="java.lang.IllegalArgumentException: Not implemented yet" type="java.lang.IllegalArgumentException">java.lang.IllegalArgumentException: Not implemented yet
	at jp.go.jpo.sa1s99.common.format.api.XmlToHtmlForAmendApi.execute(XmlToHtmlForAmendApi.java:32)
	at jp.go.jpo.sa1s99.common.format.integration.ExecuteXmlToHtmlForAmendApiByDirection.executeApi(ExecuteXmlToHtmlForAmendApiByDirection.java:26)
	at jp.go.jpo.sa1s99.common.format.integration.ExecuteXmlToHtmlForAmendApiByDirection.executeApi(ExecuteXmlToHtmlForAmendApiByDirection.java:13)
	at jp.go.jpo.sa1s99.common.format.integration.ExecuteApiByDirection.execute(ExecuteApiByDirection.java:28)
	at jp.go.jpo.sa1s99.common.format.integration.HtmlToXmlForAmendApiIntegrationTest.ファイル出力を比較する: #direction #parsedResult(HtmlToXmlForAmendApiIntegrationTest.groovy:29)
</failure>
  </testcase>
  <testcase name="ファイル出力を比較する: Direction{ s_InputDir: data/input/20101207-5.0-S-H22-0021/character-test/application-body/entity-reference-test-F3, s_OutputDir: data/output/html_amend/20101207-5.0-S-H22-0021/character-test/application-body/entity-reference-test-F3} null" classname="jp.go.jpo.sa1s99.common.format.integration.HtmlToXmlForAmendApiIntegrationTest" time="0.0">
    <failure message="java.lang.IllegalArgumentException: Not implemented yet" type="java.lang.IllegalArgumentException">java.lang.IllegalArgumentException: Not implemented yet
	at jp.go.jpo.sa1s99.common.format.api.XmlToHtmlForAmendApi.execute(XmlToHtmlForAmendApi.java:32)
	at jp.go.jpo.sa1s99.common.format.integration.ExecuteXmlToHtmlForAmendApiByDirection.executeApi(ExecuteXmlToHtmlForAmendApiByDirection.java:26)
	at jp.go.jpo.sa1s99.common.format.integration.ExecuteXmlToHtmlForAmendApiByDirection.executeApi(ExecuteXmlToHtmlForAmendApiByDirection.java:13)
	at jp.go.jpo.sa1s99.common.format.integration.ExecuteApiByDirection.execute(ExecuteApiByDirection.java:28)
	at jp.go.jpo.sa1s99.common.format.integration.HtmlToXmlForAmendApiIntegrationTest.ファイル出力を比較する: #direction #parsedResult(HtmlToXmlForAmendApiIntegrationTest.groovy:29)
</failure>
  </testcase>
  <testcase name="ファイル出力を比較する: Direction{ s_InputDir: data/input/20101207-5.0-S-H22-0021/character-test/application-body/entity-reference-test-F4, s_OutputDir: data/output/html_amend/20101207-5.0-S-H22-0021/character-test/application-body/entity-reference-test-F4} null" classname="jp.go.jpo.sa1s99.common.format.integration.HtmlToXmlForAmendApiIntegrationTest" time="0.02">
    <failure message="java.lang.IllegalArgumentException: Not implemented yet" type="java.lang.IllegalArgumentException">java.lang.IllegalArgumentException: Not implemented yet
	at jp.go.jpo.sa1s99.common.format.api.XmlToHtmlForAmendApi.execute(XmlToHtmlForAmendApi.java:32)
	at jp.go.jpo.sa1s99.common.format.integration.ExecuteXmlToHtmlForAmendApiByDirection.executeApi(ExecuteXmlToHtmlForAmendApiByDirection.java:26)
	at jp.go.jpo.sa1s99.common.format.integration.ExecuteXmlToHtmlForAmendApiByDirection.executeApi(ExecuteXmlToHtmlForAmendApiByDirection.java:13)
	at jp.go.jpo.sa1s99.common.format.integration.ExecuteApiByDirection.execute(ExecuteApiByDirection.java:28)
	at jp.go.jpo.sa1s99.common.format.integration.HtmlToXmlForAmendApiIntegrationTest.ファイル出力を比較する: #direction #parsedResult(HtmlToXmlForAmendApiIntegrationTest.groovy:29)
</failure>
  </testcase>
  <testcase name="ファイル出力を比較する: Direction{ s_InputDir: data/input/20101207-5.0-S-H22-0021/character-test/application-body/entity-reference-test-F5, s_OutputDir: data/output/html_amend/20101207-5.0-S-H22-0021/character-test/application-body/entity-reference-test-F5} null" classname="jp.go.jpo.sa1s99.common.format.integration.HtmlToXmlForAmendApiIntegrationTest" time="0.002">
    <failure message="java.lang.IllegalArgumentException: Not implemented yet" type="java.lang.IllegalArgumentException">java.lang.IllegalArgumentException: Not implemented yet
	at jp.go.jpo.sa1s99.common.format.api.XmlToHtmlForAmendApi.execute(XmlToHtmlForAmendApi.java:32)
	at jp.go.jpo.sa1s99.common.format.integration.ExecuteXmlToHtmlForAmendApiByDirection.executeApi(ExecuteXmlToHtmlForAmendApiByDirection.java:26)
	at jp.go.jpo.sa1s99.common.format.integration.ExecuteXmlToHtmlForAmendApiByDirection.executeApi(ExecuteXmlToHtmlForAmendApiByDirection.java:13)
	at jp.go.jpo.sa1s99.common.format.integration.ExecuteApiByDirection.execute(ExecuteApiByDirection.java:28)
	at jp.go.jpo.sa1s99.common.format.integration.HtmlToXmlForAmendApiIntegrationTest.ファイル出力を比較する: #direction #parsedResult(HtmlToXmlForAmendApiIntegrationTest.groovy:29)
</failure>
  </testcase>
  <testcase name="ファイル出力を比較する: Direction{ s_InputDir: data/input/20101207-5.0-S-H22-0021/character-test/application-body/entity-reference-test-F6, s_OutputDir: data/output/html_amend/20101207-5.0-S-H22-0021/character-test/application-body/entity-reference-test-F6} null" classname="jp.go.jpo.sa1s99.common.format.integration.HtmlToXmlForAmendApiIntegrationTest" time="0.0">
    <failure message="java.lang.IllegalArgumentException: Not implemented yet" type="java.lang.IllegalArgumentException">java.lang.IllegalArgumentException: Not implemented yet
	at jp.go.jpo.sa1s99.common.format.api.XmlToHtmlForAmendApi.execute(XmlToHtmlForAmendApi.java:32)
	at jp.go.jpo.sa1s99.common.format.integration.ExecuteXmlToHtmlForAmendApiByDirection.executeApi(ExecuteXmlToHtmlForAmendApiByDirection.java:26)
	at jp.go.jpo.sa1s99.common.format.integration.ExecuteXmlToHtmlForAmendApiByDirection.executeApi(ExecuteXmlToHtmlForAmendApiByDirection.java:13)
	at jp.go.jpo.sa1s99.common.format.integration.ExecuteApiByDirection.execute(ExecuteApiByDirection.java:28)
	at jp.go.jpo.sa1s99.common.format.integration.HtmlToXmlForAmendApiIntegrationTest.ファイル出力を比較する: #direction #parsedResult(HtmlToXmlForAmendApiIntegrationTest.groovy:29)
</failure>
  </testcase>
  <testcase name="ファイル出力を比較する: Direction{ s_InputDir: data/input/20101207-5.0-S-H22-0021/character-test/application-body/entity-reference-test-F7, s_OutputDir: data/output/html_amend/20101207-5.0-S-H22-0021/character-test/application-body/entity-reference-test-F7} null" classname="jp.go.jpo.sa1s99.common.format.integration.HtmlToXmlForAmendApiIntegrationTest" time="0.0">
    <failure message="java.lang.IllegalArgumentException: Not implemented yet" type="java.lang.IllegalArgumentException">java.lang.IllegalArgumentException: Not implemented yet
	at jp.go.jpo.sa1s99.common.format.api.XmlToHtmlForAmendApi.execute(XmlToHtmlForAmendApi.java:32)
	at jp.go.jpo.sa1s99.common.format.integration.ExecuteXmlToHtmlForAmendApiByDirection.executeApi(ExecuteXmlToHtmlForAmendApiByDirection.java:26)
	at jp.go.jpo.sa1s99.common.format.integration.ExecuteXmlToHtmlForAmendApiByDirection.executeApi(ExecuteXmlToHtmlForAmendApiByDirection.java:13)
	at jp.go.jpo.sa1s99.common.format.integration.ExecuteApiByDirection.execute(ExecuteApiByDirection.java:28)
	at jp.go.jpo.sa1s99.common.format.integration.HtmlToXmlForAmendApiIntegrationTest.ファイル出力を比較する: #direction #parsedResult(HtmlToXmlForAmendApiIntegrationTest.groovy:29)
</failure>
  </testcase>
  <testcase name="ファイル出力を比較する: Direction{ s_InputDir: data/input/20101207-5.0-S-H22-0021/character-test/application-body/entity-reference-test-F8, s_OutputDir: data/output/html_amend/20101207-5.0-S-H22-0021/character-test/application-body/entity-reference-test-F8} null" classname="jp.go.jpo.sa1s99.common.format.integration.HtmlToXmlForAmendApiIntegrationTest" time="0.016">
    <failure message="java.lang.IllegalArgumentException: Not implemented yet" type="java.lang.IllegalArgumentException">java.lang.IllegalArgumentException: Not implemented yet
	at jp.go.jpo.sa1s99.common.format.api.XmlToHtmlForAmendApi.execute(XmlToHtmlForAmendApi.java:32)
	at jp.go.jpo.sa1s99.common.format.integration.ExecuteXmlToHtmlForAmendApiByDirection.executeApi(ExecuteXmlToHtmlForAmendApiByDirection.java:26)
	at jp.go.jpo.sa1s99.common.format.integration.ExecuteXmlToHtmlForAmendApiByDirection.executeApi(ExecuteXmlToHtmlForAmendApiByDirection.java:13)
	at jp.go.jpo.sa1s99.common.format.integration.ExecuteApiByDirection.execute(ExecuteApiByDirection.java:28)
	at jp.go.jpo.sa1s99.common.format.integration.HtmlToXmlForAmendApiIntegrationTest.ファイル出力を比較する: #direction #parsedResult(HtmlToXmlForAmendApiIntegrationTest.groovy:29)
</failure>
  </testcase>
  <testcase name="ファイル出力を比較する: Direction{ s_InputDir: data/input/20101207-5.0-S-H22-0021/character-test/application-body/entity-reference-test-F9, s_OutputDir: data/output/html_amend/20101207-5.0-S-H22-0021/character-test/application-body/entity-reference-test-F9} null" classname="jp.go.jpo.sa1s99.common.format.integration.HtmlToXmlForAmendApiIntegrationTest" time="0.0">
    <failure message="java.lang.IllegalArgumentException: Not implemented yet" type="java.lang.IllegalArgumentException">java.lang.IllegalArgumentException: Not implemented yet
	at jp.go.jpo.sa1s99.common.format.api.XmlToHtmlForAmendApi.execute(XmlToHtmlForAmendApi.java:32)
	at jp.go.jpo.sa1s99.common.format.integration.ExecuteXmlToHtmlForAmendApiByDirection.executeApi(ExecuteXmlToHtmlForAmendApiByDirection.java:26)
	at jp.go.jpo.sa1s99.common.format.integration.ExecuteXmlToHtmlForAmendApiByDirection.executeApi(ExecuteXmlToHtmlForAmendApiByDirection.java:13)
	at jp.go.jpo.sa1s99.common.format.integration.ExecuteApiByDirection.execute(ExecuteApiByDirection.java:28)
	at jp.go.jpo.sa1s99.common.format.integration.HtmlToXmlForAmendApiIntegrationTest.ファイル出力を比較する: #direction #parsedResult(HtmlToXmlForAmendApiIntegrationTest.groovy:29)
</failure>
  </testcase>
  <testcase name="ファイル出力を比較する: Direction{ s_InputDir: data/input/20101207-5.0-S-H22-0021/character-test/application-body/entity-reference-test-FA, s_OutputDir: data/output/html_amend/20101207-5.0-S-H22-0021/character-test/application-body/entity-reference-test-FA} null" classname="jp.go.jpo.sa1s99.common.format.integration.HtmlToXmlForAmendApiIntegrationTest" time="0.015">
    <failure message="java.lang.IllegalArgumentException: Not implemented yet" type="java.lang.IllegalArgumentException">java.lang.IllegalArgumentException: Not implemented yet
	at jp.go.jpo.sa1s99.common.format.api.XmlToHtmlForAmendApi.execute(XmlToHtmlForAmendApi.java:32)
	at jp.go.jpo.sa1s99.common.format.integration.ExecuteXmlToHtmlForAmendApiByDirection.executeApi(ExecuteXmlToHtmlForAmendApiByDirection.java:26)
	at jp.go.jpo.sa1s99.common.format.integration.ExecuteXmlToHtmlForAmendApiByDirection.executeApi(ExecuteXmlToHtmlForAmendApiByDirection.java:13)
	at jp.go.jpo.sa1s99.common.format.integration.ExecuteApiByDirection.execute(ExecuteApiByDirection.java:28)
	at jp.go.jpo.sa1s99.common.format.integration.HtmlToXmlForAmendApiIntegrationTest.ファイル出力を比較する: #direction #parsedResult(HtmlToXmlForAmendApiIntegrationTest.groovy:29)
</failure>
  </testcase>
  <testcase name="ファイル出力を比較する: Direction{ s_InputDir: data/input/20101207-5.0-S-H22-0021/character-test/application-body/entity-reference-test-FB, s_OutputDir: data/output/html_amend/20101207-5.0-S-H22-0021/character-test/application-body/entity-reference-test-FB} null" classname="jp.go.jpo.sa1s99.common.format.integration.HtmlToXmlForAmendApiIntegrationTest" time="0.0">
    <failure message="java.lang.IllegalArgumentException: Not implemented yet" type="java.lang.IllegalArgumentException">java.lang.IllegalArgumentException: Not implemented yet
	at jp.go.jpo.sa1s99.common.format.api.XmlToHtmlForAmendApi.execute(XmlToHtmlForAmendApi.java:32)
	at jp.go.jpo.sa1s99.common.format.integration.ExecuteXmlToHtmlForAmendApiByDirection.executeApi(ExecuteXmlToHtmlForAmendApiByDirection.java:26)
	at jp.go.jpo.sa1s99.common.format.integration.ExecuteXmlToHtmlForAmendApiByDirection.executeApi(ExecuteXmlToHtmlForAmendApiByDirection.java:13)
	at jp.go.jpo.sa1s99.common.format.integration.ExecuteApiByDirection.execute(ExecuteApiByDirection.java:28)
	at jp.go.jpo.sa1s99.common.format.integration.HtmlToXmlForAmendApiIntegrationTest.ファイル出力を比較する: #direction #parsedResult(HtmlToXmlForAmendApiIntegrationTest.groovy:29)
</failure>
  </testcase>
  <testcase name="ファイル出力を比較する: Direction{ s_InputDir: data/input/20101207-5.0-S-H22-0021/character-test/application-body/entity-reference-test-FC, s_OutputDir: data/output/html_amend/20101207-5.0-S-H22-0021/character-test/application-body/entity-reference-test-FC} null" classname="jp.go.jpo.sa1s99.common.format.integration.HtmlToXmlForAmendApiIntegrationTest" time="0.0">
    <failure message="java.lang.IllegalArgumentException: Not implemented yet" type="java.lang.IllegalArgumentException">java.lang.IllegalArgumentException: Not implemented yet
	at jp.go.jpo.sa1s99.common.format.api.XmlToHtmlForAmendApi.execute(XmlToHtmlForAmendApi.java:32)
	at jp.go.jpo.sa1s99.common.format.integration.ExecuteXmlToHtmlForAmendApiByDirection.executeApi(ExecuteXmlToHtmlForAmendApiByDirection.java:26)
	at jp.go.jpo.sa1s99.common.format.integration.ExecuteXmlToHtmlForAmendApiByDirection.executeApi(ExecuteXmlToHtmlForAmendApiByDirection.java:13)
	at jp.go.jpo.sa1s99.common.format.integration.ExecuteApiByDirection.execute(ExecuteApiByDirection.java:28)
	at jp.go.jpo.sa1s99.common.format.integration.HtmlToXmlForAmendApiIntegrationTest.ファイル出力を比較する: #direction #parsedResult(HtmlToXmlForAmendApiIntegrationTest.groovy:29)
</failure>
  </testcase>
  <testcase name="ファイル出力を比較する: Direction{ s_InputDir: data/input/20101207-5.0-S-H22-0021/character-test/application-body/entity-reference-test-FD, s_OutputDir: data/output/html_amend/20101207-5.0-S-H22-0021/character-test/application-body/entity-reference-test-FD} null" classname="jp.go.jpo.sa1s99.common.format.integration.HtmlToXmlForAmendApiIntegrationTest" time="0.016">
    <failure message="java.lang.IllegalArgumentException: Not implemented yet" type="java.lang.IllegalArgumentException">java.lang.IllegalArgumentException: Not implemented yet
	at jp.go.jpo.sa1s99.common.format.api.XmlToHtmlForAmendApi.execute(XmlToHtmlForAmendApi.java:32)
	at jp.go.jpo.sa1s99.common.format.integration.ExecuteXmlToHtmlForAmendApiByDirection.executeApi(ExecuteXmlToHtmlForAmendApiByDirection.java:26)
	at jp.go.jpo.sa1s99.common.format.integration.ExecuteXmlToHtmlForAmendApiByDirection.executeApi(ExecuteXmlToHtmlForAmendApiByDirection.java:13)
	at jp.go.jpo.sa1s99.common.format.integration.ExecuteApiByDirection.execute(ExecuteApiByDirection.java:28)
	at jp.go.jpo.sa1s99.common.format.integration.HtmlToXmlForAmendApiIntegrationTest.ファイル出力を比較する: #direction #parsedResult(HtmlToXmlForAmendApiIntegrationTest.groovy:29)
</failure>
  </testcase>
  <testcase name="ファイル出力を比較する: Direction{ s_InputDir: data/input/20101207-5.0-S-H22-0021/character-test/application-body/entity-reference-test-FE, s_OutputDir: data/output/html_amend/20101207-5.0-S-H22-0021/character-test/application-body/entity-reference-test-FE} null" classname="jp.go.jpo.sa1s99.common.format.integration.HtmlToXmlForAmendApiIntegrationTest" time="0.0">
    <failure message="java.lang.IllegalArgumentException: Not implemented yet" type="java.lang.IllegalArgumentException">java.lang.IllegalArgumentException: Not implemented yet
	at jp.go.jpo.sa1s99.common.format.api.XmlToHtmlForAmendApi.execute(XmlToHtmlForAmendApi.java:32)
	at jp.go.jpo.sa1s99.common.format.integration.ExecuteXmlToHtmlForAmendApiByDirection.executeApi(ExecuteXmlToHtmlForAmendApiByDirection.java:26)
	at jp.go.jpo.sa1s99.common.format.integration.ExecuteXmlToHtmlForAmendApiByDirection.executeApi(ExecuteXmlToHtmlForAmendApiByDirection.java:13)
	at jp.go.jpo.sa1s99.common.format.integration.ExecuteApiByDirection.execute(ExecuteApiByDirection.java:28)
	at jp.go.jpo.sa1s99.common.format.integration.HtmlToXmlForAmendApiIntegrationTest.ファイル出力を比較する: #direction #parsedResult(HtmlToXmlForAmendApiIntegrationTest.groovy:29)
</failure>
  </testcase>
  <testcase name="ファイル出力を比較する: Direction{ s_InputDir: data/input/20101207-5.0-S-H22-0021/character-test/application-body/entity-reference-test-FF, s_OutputDir: data/output/html_amend/20101207-5.0-S-H22-0021/character-test/application-body/entity-reference-test-FF} null" classname="jp.go.jpo.sa1s99.common.format.integration.HtmlToXmlForAmendApiIntegrationTest" time="0.0">
    <failure message="java.lang.IllegalArgumentException: Not implemented yet" type="java.lang.IllegalArgumentException">java.lang.IllegalArgumentException: Not implemented yet
	at jp.go.jpo.sa1s99.common.format.api.XmlToHtmlForAmendApi.execute(XmlToHtmlForAmendApi.java:32)
	at jp.go.jpo.sa1s99.common.format.integration.ExecuteXmlToHtmlForAmendApiByDirection.executeApi(ExecuteXmlToHtmlForAmendApiByDirection.java:26)
	at jp.go.jpo.sa1s99.common.format.integration.ExecuteXmlToHtmlForAmendApiByDirection.executeApi(ExecuteXmlToHtmlForAmendApiByDirection.java:13)
	at jp.go.jpo.sa1s99.common.format.integration.ExecuteApiByDirection.execute(ExecuteApiByDirection.java:28)
	at jp.go.jpo.sa1s99.common.format.integration.HtmlToXmlForAmendApiIntegrationTest.ファイル出力を比較する: #direction #parsedResult(HtmlToXmlForAmendApiIntegrationTest.groovy:29)
</failure>
  </testcase>
  <testcase name="ファイル出力を比較する: Direction{ s_InputDir: data/input/20101207-5.0-S-H22-0021/character-test/application-body/entity-reference-test-normal, s_OutputDir: data/output/html_amend/20101207-5.0-S-H22-0021/character-test/application-body/entity-reference-test-normal} null" classname="jp.go.jpo.sa1s99.common.format.integration.HtmlToXmlForAmendApiIntegrationTest" time="0.0">
    <failure message="java.lang.IllegalArgumentException: Not implemented yet" type="java.lang.IllegalArgumentException">java.lang.IllegalArgumentException: Not implemented yet
	at jp.go.jpo.sa1s99.common.format.api.XmlToHtmlForAmendApi.execute(XmlToHtmlForAmendApi.java:32)
	at jp.go.jpo.sa1s99.common.format.integration.ExecuteXmlToHtmlForAmendApiByDirection.executeApi(ExecuteXmlToHtmlForAmendApiByDirection.java:26)
	at jp.go.jpo.sa1s99.common.format.integration.ExecuteXmlToHtmlForAmendApiByDirection.executeApi(ExecuteXmlToHtmlForAmendApiByDirection.java:13)
	at jp.go.jpo.sa1s99.common.format.integration.ExecuteApiByDirection.execute(ExecuteApiByDirection.java:28)
	at jp.go.jpo.sa1s99.common.format.integration.HtmlToXmlForAmendApiIntegrationTest.ファイル出力を比較する: #direction #parsedResult(HtmlToXmlForAmendApiIntegrationTest.groovy:29)
</failure>
  </testcase>
  <testcase name="ファイル出力を比較する: Direction{ s_InputDir: data/input/20101207-5.0-S-H22-0021/character-test/pat-amnd/code-test-00, s_OutputDir: data/output/html_amend/20101207-5.0-S-H22-0021/character-test/pat-amnd/code-test-00} null" classname="jp.go.jpo.sa1s99.common.format.integration.HtmlToXmlForAmendApiIntegrationTest" time="0.0">
    <failure message="java.lang.IllegalArgumentException: Not implemented yet" type="java.lang.IllegalArgumentException">java.lang.IllegalArgumentException: Not implemented yet
	at jp.go.jpo.sa1s99.common.format.api.XmlToHtmlForAmendApi.execute(XmlToHtmlForAmendApi.java:32)
	at jp.go.jpo.sa1s99.common.format.integration.ExecuteXmlToHtmlForAmendApiByDirection.executeApi(ExecuteXmlToHtmlForAmendApiByDirection.java:26)
	at jp.go.jpo.sa1s99.common.format.integration.ExecuteXmlToHtmlForAmendApiByDirection.executeApi(ExecuteXmlToHtmlForAmendApiByDirection.java:13)
	at jp.go.jpo.sa1s99.common.format.integration.ExecuteApiByDirection.execute(ExecuteApiByDirection.java:28)
	at jp.go.jpo.sa1s99.common.format.integration.HtmlToXmlForAmendApiIntegrationTest.ファイル出力を比較する: #direction #parsedResult(HtmlToXmlForAmendApiIntegrationTest.groovy:29)
</failure>
  </testcase>
  <testcase name="ファイル出力を比較する: Direction{ s_InputDir: data/input/20101207-5.0-S-H22-0021/character-test/pat-amnd/code-test-01, s_OutputDir: data/output/html_amend/20101207-5.0-S-H22-0021/character-test/pat-amnd/code-test-01} null" classname="jp.go.jpo.sa1s99.common.format.integration.HtmlToXmlForAmendApiIntegrationTest" time="0.016">
    <failure message="java.lang.IllegalArgumentException: Not implemented yet" type="java.lang.IllegalArgumentException">java.lang.IllegalArgumentException: Not implemented yet
	at jp.go.jpo.sa1s99.common.format.api.XmlToHtmlForAmendApi.execute(XmlToHtmlForAmendApi.java:32)
	at jp.go.jpo.sa1s99.common.format.integration.ExecuteXmlToHtmlForAmendApiByDirection.executeApi(ExecuteXmlToHtmlForAmendApiByDirection.java:26)
	at jp.go.jpo.sa1s99.common.format.integration.ExecuteXmlToHtmlForAmendApiByDirection.executeApi(ExecuteXmlToHtmlForAmendApiByDirection.java:13)
	at jp.go.jpo.sa1s99.common.format.integration.ExecuteApiByDirection.execute(ExecuteApiByDirection.java:28)
	at jp.go.jpo.sa1s99.common.format.integration.HtmlToXmlForAmendApiIntegrationTest.ファイル出力を比較する: #direction #parsedResult(HtmlToXmlForAmendApiIntegrationTest.groovy:29)
</failure>
  </testcase>
  <testcase name="ファイル出力を比較する: Direction{ s_InputDir: data/input/20101207-5.0-S-H22-0021/character-test/pat-amnd/code-test-02, s_OutputDir: data/output/html_amend/20101207-5.0-S-H22-0021/character-test/pat-amnd/code-test-02} null" classname="jp.go.jpo.sa1s99.common.format.integration.HtmlToXmlForAmendApiIntegrationTest" time="0.0">
    <failure message="java.lang.IllegalArgumentException: Not implemented yet" type="java.lang.IllegalArgumentException">java.lang.IllegalArgumentException: Not implemented yet
	at jp.go.jpo.sa1s99.common.format.api.XmlToHtmlForAmendApi.execute(XmlToHtmlForAmendApi.java:32)
	at jp.go.jpo.sa1s99.common.format.integration.ExecuteXmlToHtmlForAmendApiByDirection.executeApi(ExecuteXmlToHtmlForAmendApiByDirection.java:26)
	at jp.go.jpo.sa1s99.common.format.integration.ExecuteXmlToHtmlForAmendApiByDirection.executeApi(ExecuteXmlToHtmlForAmendApiByDirection.java:13)
	at jp.go.jpo.sa1s99.common.format.integration.ExecuteApiByDirection.execute(ExecuteApiByDirection.java:28)
	at jp.go.jpo.sa1s99.common.format.integration.HtmlToXmlForAmendApiIntegrationTest.ファイル出力を比較する: #direction #parsedResult(HtmlToXmlForAmendApiIntegrationTest.groovy:29)
</failure>
  </testcase>
  <testcase name="ファイル出力を比較する: Direction{ s_InputDir: data/input/20101207-5.0-S-H22-0021/character-test/pat-amnd/code-test-03, s_OutputDir: data/output/html_amend/20101207-5.0-S-H22-0021/character-test/pat-amnd/code-test-03} null" classname="jp.go.jpo.sa1s99.common.format.integration.HtmlToXmlForAmendApiIntegrationTest" time="0.0">
    <failure message="java.lang.IllegalArgumentException: Not implemented yet" type="java.lang.IllegalArgumentException">java.lang.IllegalArgumentException: Not implemented yet
	at jp.go.jpo.sa1s99.common.format.api.XmlToHtmlForAmendApi.execute(XmlToHtmlForAmendApi.java:32)
	at jp.go.jpo.sa1s99.common.format.integration.ExecuteXmlToHtmlForAmendApiByDirection.executeApi(ExecuteXmlToHtmlForAmendApiByDirection.java:26)
	at jp.go.jpo.sa1s99.common.format.integration.ExecuteXmlToHtmlForAmendApiByDirection.executeApi(ExecuteXmlToHtmlForAmendApiByDirection.java:13)
	at jp.go.jpo.sa1s99.common.format.integration.ExecuteApiByDirection.execute(ExecuteApiByDirection.java:28)
	at jp.go.jpo.sa1s99.common.format.integration.HtmlToXmlForAmendApiIntegrationTest.ファイル出力を比較する: #direction #parsedResult(HtmlToXmlForAmendApiIntegrationTest.groovy:29)
</failure>
  </testcase>
  <testcase name="ファイル出力を比較する: Direction{ s_InputDir: data/input/20101207-5.0-S-H22-0021/character-test/pat-amnd/code-test-04, s_OutputDir: data/output/html_amend/20101207-5.0-S-H22-0021/character-test/pat-amnd/code-test-04} null" classname="jp.go.jpo.sa1s99.common.format.integration.HtmlToXmlForAmendApiIntegrationTest" time="0.0">
    <failure message="java.lang.IllegalArgumentException: Not implemented yet" type="java.lang.IllegalArgumentException">java.lang.IllegalArgumentException: Not implemented yet
	at jp.go.jpo.sa1s99.common.format.api.XmlToHtmlForAmendApi.execute(XmlToHtmlForAmendApi.java:32)
	at jp.go.jpo.sa1s99.common.format.integration.ExecuteXmlToHtmlForAmendApiByDirection.executeApi(ExecuteXmlToHtmlForAmendApiByDirection.java:26)
	at jp.go.jpo.sa1s99.common.format.integration.ExecuteXmlToHtmlForAmendApiByDirection.executeApi(ExecuteXmlToHtmlForAmendApiByDirection.java:13)
	at jp.go.jpo.sa1s99.common.format.integration.ExecuteApiByDirection.execute(ExecuteApiByDirection.java:28)
	at jp.go.jpo.sa1s99.common.format.integration.HtmlToXmlForAmendApiIntegrationTest.ファイル出力を比較する: #direction #parsedResult(HtmlToXmlForAmendApiIntegrationTest.groovy:29)
</failure>
  </testcase>
  <testcase name="ファイル出力を比較する: Direction{ s_InputDir: data/input/20101207-5.0-S-H22-0021/character-test/pat-amnd/code-test-05, s_OutputDir: data/output/html_amend/20101207-5.0-S-H22-0021/character-test/pat-amnd/code-test-05} null" classname="jp.go.jpo.sa1s99.common.format.integration.HtmlToXmlForAmendApiIntegrationTest" time="0.0">
    <failure message="java.lang.IllegalArgumentException: Not implemented yet" type="java.lang.IllegalArgumentException">java.lang.IllegalArgumentException: Not implemented yet
	at jp.go.jpo.sa1s99.common.format.api.XmlToHtmlForAmendApi.execute(XmlToHtmlForAmendApi.java:32)
	at jp.go.jpo.sa1s99.common.format.integration.ExecuteXmlToHtmlForAmendApiByDirection.executeApi(ExecuteXmlToHtmlForAmendApiByDirection.java:26)
	at jp.go.jpo.sa1s99.common.format.integration.ExecuteXmlToHtmlForAmendApiByDirection.executeApi(ExecuteXmlToHtmlForAmendApiByDirection.java:13)
	at jp.go.jpo.sa1s99.common.format.integration.ExecuteApiByDirection.execute(ExecuteApiByDirection.java:28)
	at jp.go.jpo.sa1s99.common.format.integration.HtmlToXmlForAmendApiIntegrationTest.ファイル出力を比較する: #direction #parsedResult(HtmlToXmlForAmendApiIntegrationTest.groovy:29)
</failure>
  </testcase>
  <testcase name="ファイル出力を比較する: Direction{ s_InputDir: data/input/20101207-5.0-S-H22-0021/character-test/pat-amnd/code-test-06, s_OutputDir: data/output/html_amend/20101207-5.0-S-H22-0021/character-test/pat-amnd/code-test-06} null" classname="jp.go.jpo.sa1s99.common.format.integration.HtmlToXmlForAmendApiIntegrationTest" time="0.015">
    <failure message="java.lang.IllegalArgumentException: Not implemented yet" type="java.lang.IllegalArgumentException">java.lang.IllegalArgumentException: Not implemented yet
	at jp.go.jpo.sa1s99.common.format.api.XmlToHtmlForAmendApi.execute(XmlToHtmlForAmendApi.java:32)
	at jp.go.jpo.sa1s99.common.format.integration.ExecuteXmlToHtmlForAmendApiByDirection.executeApi(ExecuteXmlToHtmlForAmendApiByDirection.java:26)
	at jp.go.jpo.sa1s99.common.format.integration.ExecuteXmlToHtmlForAmendApiByDirection.executeApi(ExecuteXmlToHtmlForAmendApiByDirection.java:13)
	at jp.go.jpo.sa1s99.common.format.integration.ExecuteApiByDirection.execute(ExecuteApiByDirection.java:28)
	at jp.go.jpo.sa1s99.common.format.integration.HtmlToXmlForAmendApiIntegrationTest.ファイル出力を比較する: #direction #parsedResult(HtmlToXmlForAmendApiIntegrationTest.groovy:29)
</failure>
  </testcase>
  <testcase name="ファイル出力を比較する: Direction{ s_InputDir: data/input/20101207-5.0-S-H22-0021/character-test/pat-amnd/code-test-07, s_OutputDir: data/output/html_amend/20101207-5.0-S-H22-0021/character-test/pat-amnd/code-test-07} null" classname="jp.go.jpo.sa1s99.common.format.integration.HtmlToXmlForAmendApiIntegrationTest" time="0.0">
    <failure message="java.lang.IllegalArgumentException: Not implemented yet" type="java.lang.IllegalArgumentException">java.lang.IllegalArgumentException: Not implemented yet
	at jp.go.jpo.sa1s99.common.format.api.XmlToHtmlForAmendApi.execute(XmlToHtmlForAmendApi.java:32)
	at jp.go.jpo.sa1s99.common.format.integration.ExecuteXmlToHtmlForAmendApiByDirection.executeApi(ExecuteXmlToHtmlForAmendApiByDirection.java:26)
	at jp.go.jpo.sa1s99.common.format.integration.ExecuteXmlToHtmlForAmendApiByDirection.executeApi(ExecuteXmlToHtmlForAmendApiByDirection.java:13)
	at jp.go.jpo.sa1s99.common.format.integration.ExecuteApiByDirection.execute(ExecuteApiByDirection.java:28)
	at jp.go.jpo.sa1s99.common.format.integration.HtmlToXmlForAmendApiIntegrationTest.ファイル出力を比較する: #direction #parsedResult(HtmlToXmlForAmendApiIntegrationTest.groovy:29)
</failure>
  </testcase>
  <testcase name="ファイル出力を比較する: Direction{ s_InputDir: data/input/20101207-5.0-S-H22-0021/character-test/pat-amnd/code-test-08, s_OutputDir: data/output/html_amend/20101207-5.0-S-H22-0021/character-test/pat-amnd/code-test-08} null" classname="jp.go.jpo.sa1s99.common.format.integration.HtmlToXmlForAmendApiIntegrationTest" time="0.0">
    <failure message="java.lang.IllegalArgumentException: Not implemented yet" type="java.lang.IllegalArgumentException">java.lang.IllegalArgumentException: Not implemented yet
	at jp.go.jpo.sa1s99.common.format.api.XmlToHtmlForAmendApi.execute(XmlToHtmlForAmendApi.java:32)
	at jp.go.jpo.sa1s99.common.format.integration.ExecuteXmlToHtmlForAmendApiByDirection.executeApi(ExecuteXmlToHtmlForAmendApiByDirection.java:26)
	at jp.go.jpo.sa1s99.common.format.integration.ExecuteXmlToHtmlForAmendApiByDirection.executeApi(ExecuteXmlToHtmlForAmendApiByDirection.java:13)
	at jp.go.jpo.sa1s99.common.format.integration.ExecuteApiByDirection.execute(ExecuteApiByDirection.java:28)
	at jp.go.jpo.sa1s99.common.format.integration.HtmlToXmlForAmendApiIntegrationTest.ファイル出力を比較する: #direction #parsedResult(HtmlToXmlForAmendApiIntegrationTest.groovy:29)
</failure>
  </testcase>
  <testcase name="ファイル出力を比較する: Direction{ s_InputDir: data/input/20101207-5.0-S-H22-0021/character-test/pat-amnd/code-test-09, s_OutputDir: data/output/html_amend/20101207-5.0-S-H22-0021/character-test/pat-amnd/code-test-09} null" classname="jp.go.jpo.sa1s99.common.format.integration.HtmlToXmlForAmendApiIntegrationTest" time="0.0">
    <failure message="java.lang.IllegalArgumentException: Not implemented yet" type="java.lang.IllegalArgumentException">java.lang.IllegalArgumentException: Not implemented yet
	at jp.go.jpo.sa1s99.common.format.api.XmlToHtmlForAmendApi.execute(XmlToHtmlForAmendApi.java:32)
	at jp.go.jpo.sa1s99.common.format.integration.ExecuteXmlToHtmlForAmendApiByDirection.executeApi(ExecuteXmlToHtmlForAmendApiByDirection.java:26)
	at jp.go.jpo.sa1s99.common.format.integration.ExecuteXmlToHtmlForAmendApiByDirection.executeApi(ExecuteXmlToHtmlForAmendApiByDirection.java:13)
	at jp.go.jpo.sa1s99.common.format.integration.ExecuteApiByDirection.execute(ExecuteApiByDirection.java:28)
	at jp.go.jpo.sa1s99.common.format.integration.HtmlToXmlForAmendApiIntegrationTest.ファイル出力を比較する: #direction #parsedResult(HtmlToXmlForAmendApiIntegrationTest.groovy:29)
</failure>
  </testcase>
  <testcase name="ファイル出力を比較する: Direction{ s_InputDir: data/input/20101207-5.0-S-H22-0021/character-test/pat-amnd/code-test-0A, s_OutputDir: data/output/html_amend/20101207-5.0-S-H22-0021/character-test/pat-amnd/code-test-0A} null" classname="jp.go.jpo.sa1s99.common.format.integration.HtmlToXmlForAmendApiIntegrationTest" time="0.0">
    <failure message="java.lang.IllegalArgumentException: Not implemented yet" type="java.lang.IllegalArgumentException">java.lang.IllegalArgumentException: Not implemented yet
	at jp.go.jpo.sa1s99.common.format.api.XmlToHtmlForAmendApi.execute(XmlToHtmlForAmendApi.java:32)
	at jp.go.jpo.sa1s99.common.format.integration.ExecuteXmlToHtmlForAmendApiByDirection.executeApi(ExecuteXmlToHtmlForAmendApiByDirection.java:26)
	at jp.go.jpo.sa1s99.common.format.integration.ExecuteXmlToHtmlForAmendApiByDirection.executeApi(ExecuteXmlToHtmlForAmendApiByDirection.java:13)
	at jp.go.jpo.sa1s99.common.format.integration.ExecuteApiByDirection.execute(ExecuteApiByDirection.java:28)
	at jp.go.jpo.sa1s99.common.format.integration.HtmlToXmlForAmendApiIntegrationTest.ファイル出力を比較する: #direction #parsedResult(HtmlToXmlForAmendApiIntegrationTest.groovy:29)
</failure>
  </testcase>
  <testcase name="ファイル出力を比較する: Direction{ s_InputDir: data/input/20101207-5.0-S-H22-0021/character-test/pat-amnd/code-test-0B, s_OutputDir: data/output/html_amend/20101207-5.0-S-H22-0021/character-test/pat-amnd/code-test-0B} null" classname="jp.go.jpo.sa1s99.common.format.integration.HtmlToXmlForAmendApiIntegrationTest" time="0.0">
    <failure message="java.lang.IllegalArgumentException: Not implemented yet" type="java.lang.IllegalArgumentException">java.lang.IllegalArgumentException: Not implemented yet
	at jp.go.jpo.sa1s99.common.format.api.XmlToHtmlForAmendApi.execute(XmlToHtmlForAmendApi.java:32)
	at jp.go.jpo.sa1s99.common.format.integration.ExecuteXmlToHtmlForAmendApiByDirection.executeApi(ExecuteXmlToHtmlForAmendApiByDirection.java:26)
	at jp.go.jpo.sa1s99.common.format.integration.ExecuteXmlToHtmlForAmendApiByDirection.executeApi(ExecuteXmlToHtmlForAmendApiByDirection.java:13)
	at jp.go.jpo.sa1s99.common.format.integration.ExecuteApiByDirection.execute(ExecuteApiByDirection.java:28)
	at jp.go.jpo.sa1s99.common.format.integration.HtmlToXmlForAmendApiIntegrationTest.ファイル出力を比較する: #direction #parsedResult(HtmlToXmlForAmendApiIntegrationTest.groovy:29)
</failure>
  </testcase>
  <testcase name="ファイル出力を比較する: Direction{ s_InputDir: data/input/20101207-5.0-S-H22-0021/character-test/pat-amnd/code-test-0C, s_OutputDir: data/output/html_amend/20101207-5.0-S-H22-0021/character-test/pat-amnd/code-test-0C} null" classname="jp.go.jpo.sa1s99.common.format.integration.HtmlToXmlForAmendApiIntegrationTest" time="0.016">
    <failure message="java.lang.IllegalArgumentException: Not implemented yet" type="java.lang.IllegalArgumentException">java.lang.IllegalArgumentException: Not implemented yet
	at jp.go.jpo.sa1s99.common.format.api.XmlToHtmlForAmendApi.execute(XmlToHtmlForAmendApi.java:32)
	at jp.go.jpo.sa1s99.common.format.integration.ExecuteXmlToHtmlForAmendApiByDirection.executeApi(ExecuteXmlToHtmlForAmendApiByDirection.java:26)
	at jp.go.jpo.sa1s99.common.format.integration.ExecuteXmlToHtmlForAmendApiByDirection.executeApi(ExecuteXmlToHtmlForAmendApiByDirection.java:13)
	at jp.go.jpo.sa1s99.common.format.integration.ExecuteApiByDirection.execute(ExecuteApiByDirection.java:28)
	at jp.go.jpo.sa1s99.common.format.integration.HtmlToXmlForAmendApiIntegrationTest.ファイル出力を比較する: #direction #parsedResult(HtmlToXmlForAmendApiIntegrationTest.groovy:29)
</failure>
  </testcase>
  <testcase name="ファイル出力を比較する: Direction{ s_InputDir: data/input/20101207-5.0-S-H22-0021/character-test/pat-amnd/code-test-0D, s_OutputDir: data/output/html_amend/20101207-5.0-S-H22-0021/character-test/pat-amnd/code-test-0D} null" classname="jp.go.jpo.sa1s99.common.format.integration.HtmlToXmlForAmendApiIntegrationTest" time="0.004">
    <failure message="java.lang.IllegalArgumentException: Not implemented yet" type="java.lang.IllegalArgumentException">java.lang.IllegalArgumentException: Not implemented yet
	at jp.go.jpo.sa1s99.common.format.api.XmlToHtmlForAmendApi.execute(XmlToHtmlForAmendApi.java:32)
	at jp.go.jpo.sa1s99.common.format.integration.ExecuteXmlToHtmlForAmendApiByDirection.executeApi(ExecuteXmlToHtmlForAmendApiByDirection.java:26)
	at jp.go.jpo.sa1s99.common.format.integration.ExecuteXmlToHtmlForAmendApiByDirection.executeApi(ExecuteXmlToHtmlForAmendApiByDirection.java:13)
	at jp.go.jpo.sa1s99.common.format.integration.ExecuteApiByDirection.execute(ExecuteApiByDirection.java:28)
	at jp.go.jpo.sa1s99.common.format.integration.HtmlToXmlForAmendApiIntegrationTest.ファイル出力を比較する: #direction #parsedResult(HtmlToXmlForAmendApiIntegrationTest.groovy:29)
</failure>
  </testcase>
  <testcase name="ファイル出力を比較する: Direction{ s_InputDir: data/input/20101207-5.0-S-H22-0021/character-test/pat-amnd/code-test-0E, s_OutputDir: data/output/html_amend/20101207-5.0-S-H22-0021/character-test/pat-amnd/code-test-0E} null" classname="jp.go.jpo.sa1s99.common.format.integration.HtmlToXmlForAmendApiIntegrationTest" time="0.002">
    <failure message="java.lang.IllegalArgumentException: Not implemented yet" type="java.lang.IllegalArgumentException">java.lang.IllegalArgumentException: Not implemented yet
	at jp.go.jpo.sa1s99.common.format.api.XmlToHtmlForAmendApi.execute(XmlToHtmlForAmendApi.java:32)
	at jp.go.jpo.sa1s99.common.format.integration.ExecuteXmlToHtmlForAmendApiByDirection.executeApi(ExecuteXmlToHtmlForAmendApiByDirection.java:26)
	at jp.go.jpo.sa1s99.common.format.integration.ExecuteXmlToHtmlForAmendApiByDirection.executeApi(ExecuteXmlToHtmlForAmendApiByDirection.java:13)
	at jp.go.jpo.sa1s99.common.format.integration.ExecuteApiByDirection.execute(ExecuteApiByDirection.java:28)
	at jp.go.jpo.sa1s99.common.format.integration.HtmlToXmlForAmendApiIntegrationTest.ファイル出力を比較する: #direction #parsedResult(HtmlToXmlForAmendApiIntegrationTest.groovy:29)
</failure>
  </testcase>
  <testcase name="ファイル出力を比較する: Direction{ s_InputDir: data/input/20101207-5.0-S-H22-0021/character-test/pat-amnd/code-test-0F, s_OutputDir: data/output/html_amend/20101207-5.0-S-H22-0021/character-test/pat-amnd/code-test-0F} null" classname="jp.go.jpo.sa1s99.common.format.integration.HtmlToXmlForAmendApiIntegrationTest" time="0.0">
    <failure message="java.lang.IllegalArgumentException: Not implemented yet" type="java.lang.IllegalArgumentException">java.lang.IllegalArgumentException: Not implemented yet
	at jp.go.jpo.sa1s99.common.format.api.XmlToHtmlForAmendApi.execute(XmlToHtmlForAmendApi.java:32)
	at jp.go.jpo.sa1s99.common.format.integration.ExecuteXmlToHtmlForAmendApiByDirection.executeApi(ExecuteXmlToHtmlForAmendApiByDirection.java:26)
	at jp.go.jpo.sa1s99.common.format.integration.ExecuteXmlToHtmlForAmendApiByDirection.executeApi(ExecuteXmlToHtmlForAmendApiByDirection.java:13)
	at jp.go.jpo.sa1s99.common.format.integration.ExecuteApiByDirection.execute(ExecuteApiByDirection.java:28)
	at jp.go.jpo.sa1s99.common.format.integration.HtmlToXmlForAmendApiIntegrationTest.ファイル出力を比較する: #direction #parsedResult(HtmlToXmlForAmendApiIntegrationTest.groovy:29)
</failure>
  </testcase>
  <testcase name="ファイル出力を比較する: Direction{ s_InputDir: data/input/20101207-5.0-S-H22-0021/character-test/pat-amnd/code-test-normal, s_OutputDir: data/output/html_amend/20101207-5.0-S-H22-0021/character-test/pat-amnd/code-test-normal} null" classname="jp.go.jpo.sa1s99.common.format.integration.HtmlToXmlForAmendApiIntegrationTest" time="0.0">
    <failure message="java.lang.IllegalArgumentException: Not implemented yet" type="java.lang.IllegalArgumentException">java.lang.IllegalArgumentException: Not implemented yet
	at jp.go.jpo.sa1s99.common.format.api.XmlToHtmlForAmendApi.execute(XmlToHtmlForAmendApi.java:32)
	at jp.go.jpo.sa1s99.common.format.integration.ExecuteXmlToHtmlForAmendApiByDirection.executeApi(ExecuteXmlToHtmlForAmendApiByDirection.java:26)
	at jp.go.jpo.sa1s99.common.format.integration.ExecuteXmlToHtmlForAmendApiByDirection.executeApi(ExecuteXmlToHtmlForAmendApiByDirection.java:13)
	at jp.go.jpo.sa1s99.common.format.integration.ExecuteApiByDirection.execute(ExecuteApiByDirection.java:28)
	at jp.go.jpo.sa1s99.common.format.integration.HtmlToXmlForAmendApiIntegrationTest.ファイル出力を比較する: #direction #parsedResult(HtmlToXmlForAmendApiIntegrationTest.groovy:29)
</failure>
  </testcase>
  <testcase name="ファイル出力を比較する: Direction{ s_InputDir: data/input/20101207-5.0-S-H22-0021/character-test/pat-amnd/code-test-10, s_OutputDir: data/output/html_amend/20101207-5.0-S-H22-0021/character-test/pat-amnd/code-test-10} null" classname="jp.go.jpo.sa1s99.common.format.integration.HtmlToXmlForAmendApiIntegrationTest" time="0.0">
    <failure message="java.lang.IllegalArgumentException: Not implemented yet" type="java.lang.IllegalArgumentException">java.lang.IllegalArgumentException: Not implemented yet
	at jp.go.jpo.sa1s99.common.format.api.XmlToHtmlForAmendApi.execute(XmlToHtmlForAmendApi.java:32)
	at jp.go.jpo.sa1s99.common.format.integration.ExecuteXmlToHtmlForAmendApiByDirection.executeApi(ExecuteXmlToHtmlForAmendApiByDirection.java:26)
	at jp.go.jpo.sa1s99.common.format.integration.ExecuteXmlToHtmlForAmendApiByDirection.executeApi(ExecuteXmlToHtmlForAmendApiByDirection.java:13)
	at jp.go.jpo.sa1s99.common.format.integration.ExecuteApiByDirection.execute(ExecuteApiByDirection.java:28)
	at jp.go.jpo.sa1s99.common.format.integration.HtmlToXmlForAmendApiIntegrationTest.ファイル出力を比較する: #direction #parsedResult(HtmlToXmlForAmendApiIntegrationTest.groovy:29)
</failure>
  </testcase>
  <testcase name="ファイル出力を比較する: Direction{ s_InputDir: data/input/20101207-5.0-S-H22-0021/character-test/pat-amnd/code-test-11, s_OutputDir: data/output/html_amend/20101207-5.0-S-H22-0021/character-test/pat-amnd/code-test-11} null" classname="jp.go.jpo.sa1s99.common.format.integration.HtmlToXmlForAmendApiIntegrationTest" time="0.0">
    <failure message="java.lang.IllegalArgumentException: Not implemented yet" type="java.lang.IllegalArgumentException">java.lang.IllegalArgumentException: Not implemented yet
	at jp.go.jpo.sa1s99.common.format.api.XmlToHtmlForAmendApi.execute(XmlToHtmlForAmendApi.java:32)
	at jp.go.jpo.sa1s99.common.format.integration.ExecuteXmlToHtmlForAmendApiByDirection.executeApi(ExecuteXmlToHtmlForAmendApiByDirection.java:26)
	at jp.go.jpo.sa1s99.common.format.integration.ExecuteXmlToHtmlForAmendApiByDirection.executeApi(ExecuteXmlToHtmlForAmendApiByDirection.java:13)
	at jp.go.jpo.sa1s99.common.format.integration.ExecuteApiByDirection.execute(ExecuteApiByDirection.java:28)
	at jp.go.jpo.sa1s99.common.format.integration.HtmlToXmlForAmendApiIntegrationTest.ファイル出力を比較する: #direction #parsedResult(HtmlToXmlForAmendApiIntegrationTest.groovy:29)
</failure>
  </testcase>
  <testcase name="ファイル出力を比較する: Direction{ s_InputDir: data/input/20101207-5.0-S-H22-0021/character-test/pat-amnd/code-test-12, s_OutputDir: data/output/html_amend/20101207-5.0-S-H22-0021/character-test/pat-amnd/code-test-12} null" classname="jp.go.jpo.sa1s99.common.format.integration.HtmlToXmlForAmendApiIntegrationTest" time="0.0">
    <failure message="java.lang.IllegalArgumentException: Not implemented yet" type="java.lang.IllegalArgumentException">java.lang.IllegalArgumentException: Not implemented yet
	at jp.go.jpo.sa1s99.common.format.api.XmlToHtmlForAmendApi.execute(XmlToHtmlForAmendApi.java:32)
	at jp.go.jpo.sa1s99.common.format.integration.ExecuteXmlToHtmlForAmendApiByDirection.executeApi(ExecuteXmlToHtmlForAmendApiByDirection.java:26)
	at jp.go.jpo.sa1s99.common.format.integration.ExecuteXmlToHtmlForAmendApiByDirection.executeApi(ExecuteXmlToHtmlForAmendApiByDirection.java:13)
	at jp.go.jpo.sa1s99.common.format.integration.ExecuteApiByDirection.execute(ExecuteApiByDirection.java:28)
	at jp.go.jpo.sa1s99.common.format.integration.HtmlToXmlForAmendApiIntegrationTest.ファイル出力を比較する: #direction #parsedResult(HtmlToXmlForAmendApiIntegrationTest.groovy:29)
</failure>
  </testcase>
  <testcase name="ファイル出力を比較する: Direction{ s_InputDir: data/input/20101207-5.0-S-H22-0021/character-test/pat-amnd/code-test-13, s_OutputDir: data/output/html_amend/20101207-5.0-S-H22-0021/character-test/pat-amnd/code-test-13} null" classname="jp.go.jpo.sa1s99.common.format.integration.HtmlToXmlForAmendApiIntegrationTest" time="0.016">
    <failure message="java.lang.IllegalArgumentException: Not implemented yet" type="java.lang.IllegalArgumentException">java.lang.IllegalArgumentException: Not implemented yet
	at jp.go.jpo.sa1s99.common.format.api.XmlToHtmlForAmendApi.execute(XmlToHtmlForAmendApi.java:32)
	at jp.go.jpo.sa1s99.common.format.integration.ExecuteXmlToHtmlForAmendApiByDirection.executeApi(ExecuteXmlToHtmlForAmendApiByDirection.java:26)
	at jp.go.jpo.sa1s99.common.format.integration.ExecuteXmlToHtmlForAmendApiByDirection.executeApi(ExecuteXmlToHtmlForAmendApiByDirection.java:13)
	at jp.go.jpo.sa1s99.common.format.integration.ExecuteApiByDirection.execute(ExecuteApiByDirection.java:28)
	at jp.go.jpo.sa1s99.common.format.integration.HtmlToXmlForAmendApiIntegrationTest.ファイル出力を比較する: #direction #parsedResult(HtmlToXmlForAmendApiIntegrationTest.groovy:29)
</failure>
  </testcase>
  <testcase name="ファイル出力を比較する: Direction{ s_InputDir: data/input/20101207-5.0-S-H22-0021/character-test/pat-amnd/code-test-14, s_OutputDir: data/output/html_amend/20101207-5.0-S-H22-0021/character-test/pat-amnd/code-test-14} null" classname="jp.go.jpo.sa1s99.common.format.integration.HtmlToXmlForAmendApiIntegrationTest" time="0.0">
    <failure message="java.lang.IllegalArgumentException: Not implemented yet" type="java.lang.IllegalArgumentException">java.lang.IllegalArgumentException: Not implemented yet
	at jp.go.jpo.sa1s99.common.format.api.XmlToHtmlForAmendApi.execute(XmlToHtmlForAmendApi.java:32)
	at jp.go.jpo.sa1s99.common.format.integration.ExecuteXmlToHtmlForAmendApiByDirection.executeApi(ExecuteXmlToHtmlForAmendApiByDirection.java:26)
	at jp.go.jpo.sa1s99.common.format.integration.ExecuteXmlToHtmlForAmendApiByDirection.executeApi(ExecuteXmlToHtmlForAmendApiByDirection.java:13)
	at jp.go.jpo.sa1s99.common.format.integration.ExecuteApiByDirection.execute(ExecuteApiByDirection.java:28)
	at jp.go.jpo.sa1s99.common.format.integration.HtmlToXmlForAmendApiIntegrationTest.ファイル出力を比較する: #direction #parsedResult(HtmlToXmlForAmendApiIntegrationTest.groovy:29)
</failure>
  </testcase>
  <testcase name="ファイル出力を比較する: Direction{ s_InputDir: data/input/20101207-5.0-S-H22-0021/character-test/pat-amnd/code-test-15, s_OutputDir: data/output/html_amend/20101207-5.0-S-H22-0021/character-test/pat-amnd/code-test-15} null" classname="jp.go.jpo.sa1s99.common.format.integration.HtmlToXmlForAmendApiIntegrationTest" time="0.0">
    <failure message="java.lang.IllegalArgumentException: Not implemented yet" type="java.lang.IllegalArgumentException">java.lang.IllegalArgumentException: Not implemented yet
	at jp.go.jpo.sa1s99.common.format.api.XmlToHtmlForAmendApi.execute(XmlToHtmlForAmendApi.java:32)
	at jp.go.jpo.sa1s99.common.format.integration.ExecuteXmlToHtmlForAmendApiByDirection.executeApi(ExecuteXmlToHtmlForAmendApiByDirection.java:26)
	at jp.go.jpo.sa1s99.common.format.integration.ExecuteXmlToHtmlForAmendApiByDirection.executeApi(ExecuteXmlToHtmlForAmendApiByDirection.java:13)
	at jp.go.jpo.sa1s99.common.format.integration.ExecuteApiByDirection.execute(ExecuteApiByDirection.java:28)
	at jp.go.jpo.sa1s99.common.format.integration.HtmlToXmlForAmendApiIntegrationTest.ファイル出力を比較する: #direction #parsedResult(HtmlToXmlForAmendApiIntegrationTest.groovy:29)
</failure>
  </testcase>
  <testcase name="ファイル出力を比較する: Direction{ s_InputDir: data/input/20101207-5.0-S-H22-0021/character-test/pat-amnd/code-test-16, s_OutputDir: data/output/html_amend/20101207-5.0-S-H22-0021/character-test/pat-amnd/code-test-16} null" classname="jp.go.jpo.sa1s99.common.format.integration.HtmlToXmlForAmendApiIntegrationTest" time="0.016">
    <failure message="java.lang.IllegalArgumentException: Not implemented yet" type="java.lang.IllegalArgumentException">java.lang.IllegalArgumentException: Not implemented yet
	at jp.go.jpo.sa1s99.common.format.api.XmlToHtmlForAmendApi.execute(XmlToHtmlForAmendApi.java:32)
	at jp.go.jpo.sa1s99.common.format.integration.ExecuteXmlToHtmlForAmendApiByDirection.executeApi(ExecuteXmlToHtmlForAmendApiByDirection.java:26)
	at jp.go.jpo.sa1s99.common.format.integration.ExecuteXmlToHtmlForAmendApiByDirection.executeApi(ExecuteXmlToHtmlForAmendApiByDirection.java:13)
	at jp.go.jpo.sa1s99.common.format.integration.ExecuteApiByDirection.execute(ExecuteApiByDirection.java:28)
	at jp.go.jpo.sa1s99.common.format.integration.HtmlToXmlForAmendApiIntegrationTest.ファイル出力を比較する: #direction #parsedResult(HtmlToXmlForAmendApiIntegrationTest.groovy:29)
</failure>
  </testcase>
  <testcase name="ファイル出力を比較する: Direction{ s_InputDir: data/input/20101207-5.0-S-H22-0021/character-test/pat-amnd/code-test-17, s_OutputDir: data/output/html_amend/20101207-5.0-S-H22-0021/character-test/pat-amnd/code-test-17} null" classname="jp.go.jpo.sa1s99.common.format.integration.HtmlToXmlForAmendApiIntegrationTest" time="0.0">
    <failure message="java.lang.IllegalArgumentException: Not implemented yet" type="java.lang.IllegalArgumentException">java.lang.IllegalArgumentException: Not implemented yet
	at jp.go.jpo.sa1s99.common.format.api.XmlToHtmlForAmendApi.execute(XmlToHtmlForAmendApi.java:32)
	at jp.go.jpo.sa1s99.common.format.integration.ExecuteXmlToHtmlForAmendApiByDirection.executeApi(ExecuteXmlToHtmlForAmendApiByDirection.java:26)
	at jp.go.jpo.sa1s99.common.format.integration.ExecuteXmlToHtmlForAmendApiByDirection.executeApi(ExecuteXmlToHtmlForAmendApiByDirection.java:13)
	at jp.go.jpo.sa1s99.common.format.integration.ExecuteApiByDirection.execute(ExecuteApiByDirection.java:28)
	at jp.go.jpo.sa1s99.common.format.integration.HtmlToXmlForAmendApiIntegrationTest.ファイル出力を比較する: #direction #parsedResult(HtmlToXmlForAmendApiIntegrationTest.groovy:29)
</failure>
  </testcase>
  <testcase name="ファイル出力を比較する: Direction{ s_InputDir: data/input/20101207-5.0-S-H22-0021/character-test/pat-amnd/code-test-18, s_OutputDir: data/output/html_amend/20101207-5.0-S-H22-0021/character-test/pat-amnd/code-test-18} null" classname="jp.go.jpo.sa1s99.common.format.integration.HtmlToXmlForAmendApiIntegrationTest" time="0.0">
    <failure message="java.lang.IllegalArgumentException: Not implemented yet" type="java.lang.IllegalArgumentException">java.lang.IllegalArgumentException: Not implemented yet
	at jp.go.jpo.sa1s99.common.format.api.XmlToHtmlForAmendApi.execute(XmlToHtmlForAmendApi.java:32)
	at jp.go.jpo.sa1s99.common.format.integration.ExecuteXmlToHtmlForAmendApiByDirection.executeApi(ExecuteXmlToHtmlForAmendApiByDirection.java:26)
	at jp.go.jpo.sa1s99.common.format.integration.ExecuteXmlToHtmlForAmendApiByDirection.executeApi(ExecuteXmlToHtmlForAmendApiByDirection.java:13)
	at jp.go.jpo.sa1s99.common.format.integration.ExecuteApiByDirection.execute(ExecuteApiByDirection.java:28)
	at jp.go.jpo.sa1s99.common.format.integration.HtmlToXmlForAmendApiIntegrationTest.ファイル出力を比較する: #direction #parsedResult(HtmlToXmlForAmendApiIntegrationTest.groovy:29)
</failure>
  </testcase>
  <testcase name="ファイル出力を比較する: Direction{ s_InputDir: data/input/20101207-5.0-S-H22-0021/character-test/pat-amnd/code-test-19, s_OutputDir: data/output/html_amend/20101207-5.0-S-H22-0021/character-test/pat-amnd/code-test-19} null" classname="jp.go.jpo.sa1s99.common.format.integration.HtmlToXmlForAmendApiIntegrationTest" time="0.0">
    <failure message="java.lang.IllegalArgumentException: Not implemented yet" type="java.lang.IllegalArgumentException">java.lang.IllegalArgumentException: Not implemented yet
	at jp.go.jpo.sa1s99.common.format.api.XmlToHtmlForAmendApi.execute(XmlToHtmlForAmendApi.java:32)
	at jp.go.jpo.sa1s99.common.format.integration.ExecuteXmlToHtmlForAmendApiByDirection.executeApi(ExecuteXmlToHtmlForAmendApiByDirection.java:26)
	at jp.go.jpo.sa1s99.common.format.integration.ExecuteXmlToHtmlForAmendApiByDirection.executeApi(ExecuteXmlToHtmlForAmendApiByDirection.java:13)
	at jp.go.jpo.sa1s99.common.format.integration.ExecuteApiByDirection.execute(ExecuteApiByDirection.java:28)
	at jp.go.jpo.sa1s99.common.format.integration.HtmlToXmlForAmendApiIntegrationTest.ファイル出力を比較する: #direction #parsedResult(HtmlToXmlForAmendApiIntegrationTest.groovy:29)
</failure>
  </testcase>
  <testcase name="ファイル出力を比較する: Direction{ s_InputDir: data/input/20101207-5.0-S-H22-0021/character-test/pat-amnd/code-test-1A, s_OutputDir: data/output/html_amend/20101207-5.0-S-H22-0021/character-test/pat-amnd/code-test-1A} null" classname="jp.go.jpo.sa1s99.common.format.integration.HtmlToXmlForAmendApiIntegrationTest" time="0.0">
    <failure message="java.lang.IllegalArgumentException: Not implemented yet" type="java.lang.IllegalArgumentException">java.lang.IllegalArgumentException: Not implemented yet
	at jp.go.jpo.sa1s99.common.format.api.XmlToHtmlForAmendApi.execute(XmlToHtmlForAmendApi.java:32)
	at jp.go.jpo.sa1s99.common.format.integration.ExecuteXmlToHtmlForAmendApiByDirection.executeApi(ExecuteXmlToHtmlForAmendApiByDirection.java:26)
	at jp.go.jpo.sa1s99.common.format.integration.ExecuteXmlToHtmlForAmendApiByDirection.executeApi(ExecuteXmlToHtmlForAmendApiByDirection.java:13)
	at jp.go.jpo.sa1s99.common.format.integration.ExecuteApiByDirection.execute(ExecuteApiByDirection.java:28)
	at jp.go.jpo.sa1s99.common.format.integration.HtmlToXmlForAmendApiIntegrationTest.ファイル出力を比較する: #direction #parsedResult(HtmlToXmlForAmendApiIntegrationTest.groovy:29)
</failure>
  </testcase>
  <testcase name="ファイル出力を比較する: Direction{ s_InputDir: data/input/20101207-5.0-S-H22-0021/character-test/pat-amnd/code-test-1B, s_OutputDir: data/output/html_amend/20101207-5.0-S-H22-0021/character-test/pat-amnd/code-test-1B} null" classname="jp.go.jpo.sa1s99.common.format.integration.HtmlToXmlForAmendApiIntegrationTest" time="0.015">
    <failure message="java.lang.IllegalArgumentException: Not implemented yet" type="java.lang.IllegalArgumentException">java.lang.IllegalArgumentException: Not implemented yet
	at jp.go.jpo.sa1s99.common.format.api.XmlToHtmlForAmendApi.execute(XmlToHtmlForAmendApi.java:32)
	at jp.go.jpo.sa1s99.common.format.integration.ExecuteXmlToHtmlForAmendApiByDirection.executeApi(ExecuteXmlToHtmlForAmendApiByDirection.java:26)
	at jp.go.jpo.sa1s99.common.format.integration.ExecuteXmlToHtmlForAmendApiByDirection.executeApi(ExecuteXmlToHtmlForAmendApiByDirection.java:13)
	at jp.go.jpo.sa1s99.common.format.integration.ExecuteApiByDirection.execute(ExecuteApiByDirection.java:28)
	at jp.go.jpo.sa1s99.common.format.integration.HtmlToXmlForAmendApiIntegrationTest.ファイル出力を比較する: #direction #parsedResult(HtmlToXmlForAmendApiIntegrationTest.groovy:29)
</failure>
  </testcase>
  <testcase name="ファイル出力を比較する: Direction{ s_InputDir: data/input/20101207-5.0-S-H22-0021/character-test/pat-amnd/code-test-1C, s_OutputDir: data/output/html_amend/20101207-5.0-S-H22-0021/character-test/pat-amnd/code-test-1C} null" classname="jp.go.jpo.sa1s99.common.format.integration.HtmlToXmlForAmendApiIntegrationTest" time="0.0">
    <failure message="java.lang.IllegalArgumentException: Not implemented yet" type="java.lang.IllegalArgumentException">java.lang.IllegalArgumentException: Not implemented yet
	at jp.go.jpo.sa1s99.common.format.api.XmlToHtmlForAmendApi.execute(XmlToHtmlForAmendApi.java:32)
	at jp.go.jpo.sa1s99.common.format.integration.ExecuteXmlToHtmlForAmendApiByDirection.executeApi(ExecuteXmlToHtmlForAmendApiByDirection.java:26)
	at jp.go.jpo.sa1s99.common.format.integration.ExecuteXmlToHtmlForAmendApiByDirection.executeApi(ExecuteXmlToHtmlForAmendApiByDirection.java:13)
	at jp.go.jpo.sa1s99.common.format.integration.ExecuteApiByDirection.execute(ExecuteApiByDirection.java:28)
	at jp.go.jpo.sa1s99.common.format.integration.HtmlToXmlForAmendApiIntegrationTest.ファイル出力を比較する: #direction #parsedResult(HtmlToXmlForAmendApiIntegrationTest.groovy:29)
</failure>
  </testcase>
  <testcase name="ファイル出力を比較する: Direction{ s_InputDir: data/input/20101207-5.0-S-H22-0021/character-test/pat-amnd/code-test-1D, s_OutputDir: data/output/html_amend/20101207-5.0-S-H22-0021/character-test/pat-amnd/code-test-1D} null" classname="jp.go.jpo.sa1s99.common.format.integration.HtmlToXmlForAmendApiIntegrationTest" time="0.0">
    <failure message="java.lang.IllegalArgumentException: Not implemented yet" type="java.lang.IllegalArgumentException">java.lang.IllegalArgumentException: Not implemented yet
	at jp.go.jpo.sa1s99.common.format.api.XmlToHtmlForAmendApi.execute(XmlToHtmlForAmendApi.java:32)
	at jp.go.jpo.sa1s99.common.format.integration.ExecuteXmlToHtmlForAmendApiByDirection.executeApi(ExecuteXmlToHtmlForAmendApiByDirection.java:26)
	at jp.go.jpo.sa1s99.common.format.integration.ExecuteXmlToHtmlForAmendApiByDirection.executeApi(ExecuteXmlToHtmlForAmendApiByDirection.java:13)
	at jp.go.jpo.sa1s99.common.format.integration.ExecuteApiByDirection.execute(ExecuteApiByDirection.java:28)
	at jp.go.jpo.sa1s99.common.format.integration.HtmlToXmlForAmendApiIntegrationTest.ファイル出力を比較する: #direction #parsedResult(HtmlToXmlForAmendApiIntegrationTest.groovy:29)
</failure>
  </testcase>
  <testcase name="ファイル出力を比較する: Direction{ s_InputDir: data/input/20101207-5.0-S-H22-0021/character-test/pat-amnd/code-test-1E, s_OutputDir: data/output/html_amend/20101207-5.0-S-H22-0021/character-test/pat-amnd/code-test-1E} null" classname="jp.go.jpo.sa1s99.common.format.integration.HtmlToXmlForAmendApiIntegrationTest" time="0.0">
    <failure message="java.lang.IllegalArgumentException: Not implemented yet" type="java.lang.IllegalArgumentException">java.lang.IllegalArgumentException: Not implemented yet
	at jp.go.jpo.sa1s99.common.format.api.XmlToHtmlForAmendApi.execute(XmlToHtmlForAmendApi.java:32)
	at jp.go.jpo.sa1s99.common.format.integration.ExecuteXmlToHtmlForAmendApiByDirection.executeApi(ExecuteXmlToHtmlForAmendApiByDirection.java:26)
	at jp.go.jpo.sa1s99.common.format.integration.ExecuteXmlToHtmlForAmendApiByDirection.executeApi(ExecuteXmlToHtmlForAmendApiByDirection.java:13)
	at jp.go.jpo.sa1s99.common.format.integration.ExecuteApiByDirection.execute(ExecuteApiByDirection.java:28)
	at jp.go.jpo.sa1s99.common.format.integration.HtmlToXmlForAmendApiIntegrationTest.ファイル出力を比較する: #direction #parsedResult(HtmlToXmlForAmendApiIntegrationTest.groovy:29)
</failure>
  </testcase>
  <testcase name="ファイル出力を比較する: Direction{ s_InputDir: data/input/20101207-5.0-S-H22-0021/character-test/pat-amnd/code-test-1F, s_OutputDir: data/output/html_amend/20101207-5.0-S-H22-0021/character-test/pat-amnd/code-test-1F} null" classname="jp.go.jpo.sa1s99.common.format.integration.HtmlToXmlForAmendApiIntegrationTest" time="0.0">
    <failure message="java.lang.IllegalArgumentException: Not implemented yet" type="java.lang.IllegalArgumentException">java.lang.IllegalArgumentException: Not implemented yet
	at jp.go.jpo.sa1s99.common.format.api.XmlToHtmlForAmendApi.execute(XmlToHtmlForAmendApi.java:32)
	at jp.go.jpo.sa1s99.common.format.integration.ExecuteXmlToHtmlForAmendApiByDirection.executeApi(ExecuteXmlToHtmlForAmendApiByDirection.java:26)
	at jp.go.jpo.sa1s99.common.format.integration.ExecuteXmlToHtmlForAmendApiByDirection.executeApi(ExecuteXmlToHtmlForAmendApiByDirection.java:13)
	at jp.go.jpo.sa1s99.common.format.integration.ExecuteApiByDirection.execute(ExecuteApiByDirection.java:28)
	at jp.go.jpo.sa1s99.common.format.integration.HtmlToXmlForAmendApiIntegrationTest.ファイル出力を比較する: #direction #parsedResult(HtmlToXmlForAmendApiIntegrationTest.groovy:29)
</failure>
  </testcase>
  <testcase name="ファイル出力を比較する: Direction{ s_InputDir: data/input/20101207-5.0-S-H22-0021/character-test/pat-amnd/code-test-26, s_OutputDir: data/output/html_amend/20101207-5.0-S-H22-0021/character-test/pat-amnd/code-test-26} null" classname="jp.go.jpo.sa1s99.common.format.integration.HtmlToXmlForAmendApiIntegrationTest" time="0.0">
    <failure message="java.lang.IllegalArgumentException: Not implemented yet" type="java.lang.IllegalArgumentException">java.lang.IllegalArgumentException: Not implemented yet
	at jp.go.jpo.sa1s99.common.format.api.XmlToHtmlForAmendApi.execute(XmlToHtmlForAmendApi.java:32)
	at jp.go.jpo.sa1s99.common.format.integration.ExecuteXmlToHtmlForAmendApiByDirection.executeApi(ExecuteXmlToHtmlForAmendApiByDirection.java:26)
	at jp.go.jpo.sa1s99.common.format.integration.ExecuteXmlToHtmlForAmendApiByDirection.executeApi(ExecuteXmlToHtmlForAmendApiByDirection.java:13)
	at jp.go.jpo.sa1s99.common.format.integration.ExecuteApiByDirection.execute(ExecuteApiByDirection.java:28)
	at jp.go.jpo.sa1s99.common.format.integration.HtmlToXmlForAmendApiIntegrationTest.ファイル出力を比較する: #direction #parsedResult(HtmlToXmlForAmendApiIntegrationTest.groovy:29)
</failure>
  </testcase>
  <testcase name="ファイル出力を比較する: Direction{ s_InputDir: data/input/20101207-5.0-S-H22-0021/character-test/pat-amnd/code-test-3C, s_OutputDir: data/output/html_amend/20101207-5.0-S-H22-0021/character-test/pat-amnd/code-test-3C} null" classname="jp.go.jpo.sa1s99.common.format.integration.HtmlToXmlForAmendApiIntegrationTest" time="0.016">
    <failure message="java.lang.IllegalArgumentException: Not implemented yet" type="java.lang.IllegalArgumentException">java.lang.IllegalArgumentException: Not implemented yet
	at jp.go.jpo.sa1s99.common.format.api.XmlToHtmlForAmendApi.execute(XmlToHtmlForAmendApi.java:32)
	at jp.go.jpo.sa1s99.common.format.integration.ExecuteXmlToHtmlForAmendApiByDirection.executeApi(ExecuteXmlToHtmlForAmendApiByDirection.java:26)
	at jp.go.jpo.sa1s99.common.format.integration.ExecuteXmlToHtmlForAmendApiByDirection.executeApi(ExecuteXmlToHtmlForAmendApiByDirection.java:13)
	at jp.go.jpo.sa1s99.common.format.integration.ExecuteApiByDirection.execute(ExecuteApiByDirection.java:28)
	at jp.go.jpo.sa1s99.common.format.integration.HtmlToXmlForAmendApiIntegrationTest.ファイル出力を比較する: #direction #parsedResult(HtmlToXmlForAmendApiIntegrationTest.groovy:29)
</failure>
  </testcase>
  <testcase name="ファイル出力を比較する: Direction{ s_InputDir: data/input/20101207-5.0-S-H22-0021/character-test/pat-amnd/code-test-7F, s_OutputDir: data/output/html_amend/20101207-5.0-S-H22-0021/character-test/pat-amnd/code-test-7F} null" classname="jp.go.jpo.sa1s99.common.format.integration.HtmlToXmlForAmendApiIntegrationTest" time="0.0">
    <failure message="java.lang.IllegalArgumentException: Not implemented yet" type="java.lang.IllegalArgumentException">java.lang.IllegalArgumentException: Not implemented yet
	at jp.go.jpo.sa1s99.common.format.api.XmlToHtmlForAmendApi.execute(XmlToHtmlForAmendApi.java:32)
	at jp.go.jpo.sa1s99.common.format.integration.ExecuteXmlToHtmlForAmendApiByDirection.executeApi(ExecuteXmlToHtmlForAmendApiByDirection.java:26)
	at jp.go.jpo.sa1s99.common.format.integration.ExecuteXmlToHtmlForAmendApiByDirection.executeApi(ExecuteXmlToHtmlForAmendApiByDirection.java:13)
	at jp.go.jpo.sa1s99.common.format.integration.ExecuteApiByDirection.execute(ExecuteApiByDirection.java:28)
	at jp.go.jpo.sa1s99.common.format.integration.HtmlToXmlForAmendApiIntegrationTest.ファイル出力を比較する: #direction #parsedResult(HtmlToXmlForAmendApiIntegrationTest.groovy:29)
</failure>
  </testcase>
  <testcase name="ファイル出力を比較する: Direction{ s_InputDir: data/input/20101207-5.0-S-H22-0021/character-test/pat-amnd/code-test-80, s_OutputDir: data/output/html_amend/20101207-5.0-S-H22-0021/character-test/pat-amnd/code-test-80} null" classname="jp.go.jpo.sa1s99.common.format.integration.HtmlToXmlForAmendApiIntegrationTest" time="0.0">
    <failure message="java.lang.IllegalArgumentException: Not implemented yet" type="java.lang.IllegalArgumentException">java.lang.IllegalArgumentException: Not implemented yet
	at jp.go.jpo.sa1s99.common.format.api.XmlToHtmlForAmendApi.execute(XmlToHtmlForAmendApi.java:32)
	at jp.go.jpo.sa1s99.common.format.integration.ExecuteXmlToHtmlForAmendApiByDirection.executeApi(ExecuteXmlToHtmlForAmendApiByDirection.java:26)
	at jp.go.jpo.sa1s99.common.format.integration.ExecuteXmlToHtmlForAmendApiByDirection.executeApi(ExecuteXmlToHtmlForAmendApiByDirection.java:13)
	at jp.go.jpo.sa1s99.common.format.integration.ExecuteApiByDirection.execute(ExecuteApiByDirection.java:28)
	at jp.go.jpo.sa1s99.common.format.integration.HtmlToXmlForAmendApiIntegrationTest.ファイル出力を比較する: #direction #parsedResult(HtmlToXmlForAmendApiIntegrationTest.groovy:29)
</failure>
  </testcase>
  <testcase name="ファイル出力を比較する: Direction{ s_InputDir: data/input/20101207-5.0-S-H22-0021/character-test/pat-amnd/code-test-81, s_OutputDir: data/output/html_amend/20101207-5.0-S-H22-0021/character-test/pat-amnd/code-test-81} null" classname="jp.go.jpo.sa1s99.common.format.integration.HtmlToXmlForAmendApiIntegrationTest" time="0.0">
    <failure message="java.lang.IllegalArgumentException: Not implemented yet" type="java.lang.IllegalArgumentException">java.lang.IllegalArgumentException: Not implemented yet
	at jp.go.jpo.sa1s99.common.format.api.XmlToHtmlForAmendApi.execute(XmlToHtmlForAmendApi.java:32)
	at jp.go.jpo.sa1s99.common.format.integration.ExecuteXmlToHtmlForAmendApiByDirection.executeApi(ExecuteXmlToHtmlForAmendApiByDirection.java:26)
	at jp.go.jpo.sa1s99.common.format.integration.ExecuteXmlToHtmlForAmendApiByDirection.executeApi(ExecuteXmlToHtmlForAmendApiByDirection.java:13)
	at jp.go.jpo.sa1s99.common.format.integration.ExecuteApiByDirection.execute(ExecuteApiByDirection.java:28)
	at jp.go.jpo.sa1s99.common.format.integration.HtmlToXmlForAmendApiIntegrationTest.ファイル出力を比較する: #direction #parsedResult(HtmlToXmlForAmendApiIntegrationTest.groovy:29)
</failure>
  </testcase>
  <testcase name="ファイル出力を比較する: Direction{ s_InputDir: data/input/20101207-5.0-S-H22-0021/character-test/pat-amnd/code-test-82, s_OutputDir: data/output/html_amend/20101207-5.0-S-H22-0021/character-test/pat-amnd/code-test-82} null" classname="jp.go.jpo.sa1s99.common.format.integration.HtmlToXmlForAmendApiIntegrationTest" time="0.0">
    <failure message="java.lang.IllegalArgumentException: Not implemented yet" type="java.lang.IllegalArgumentException">java.lang.IllegalArgumentException: Not implemented yet
	at jp.go.jpo.sa1s99.common.format.api.XmlToHtmlForAmendApi.execute(XmlToHtmlForAmendApi.java:32)
	at jp.go.jpo.sa1s99.common.format.integration.ExecuteXmlToHtmlForAmendApiByDirection.executeApi(ExecuteXmlToHtmlForAmendApiByDirection.java:26)
	at jp.go.jpo.sa1s99.common.format.integration.ExecuteXmlToHtmlForAmendApiByDirection.executeApi(ExecuteXmlToHtmlForAmendApiByDirection.java:13)
	at jp.go.jpo.sa1s99.common.format.integration.ExecuteApiByDirection.execute(ExecuteApiByDirection.java:28)
	at jp.go.jpo.sa1s99.common.format.integration.HtmlToXmlForAmendApiIntegrationTest.ファイル出力を比較する: #direction #parsedResult(HtmlToXmlForAmendApiIntegrationTest.groovy:29)
</failure>
  </testcase>
  <testcase name="ファイル出力を比較する: Direction{ s_InputDir: data/input/20101207-5.0-S-H22-0021/character-test/pat-amnd/code-test-83, s_OutputDir: data/output/html_amend/20101207-5.0-S-H22-0021/character-test/pat-amnd/code-test-83} null" classname="jp.go.jpo.sa1s99.common.format.integration.HtmlToXmlForAmendApiIntegrationTest" time="0.0">
    <failure message="java.lang.IllegalArgumentException: Not implemented yet" type="java.lang.IllegalArgumentException">java.lang.IllegalArgumentException: Not implemented yet
	at jp.go.jpo.sa1s99.common.format.api.XmlToHtmlForAmendApi.execute(XmlToHtmlForAmendApi.java:32)
	at jp.go.jpo.sa1s99.common.format.integration.ExecuteXmlToHtmlForAmendApiByDirection.executeApi(ExecuteXmlToHtmlForAmendApiByDirection.java:26)
	at jp.go.jpo.sa1s99.common.format.integration.ExecuteXmlToHtmlForAmendApiByDirection.executeApi(ExecuteXmlToHtmlForAmendApiByDirection.java:13)
	at jp.go.jpo.sa1s99.common.format.integration.ExecuteApiByDirection.execute(ExecuteApiByDirection.java:28)
	at jp.go.jpo.sa1s99.common.format.integration.HtmlToXmlForAmendApiIntegrationTest.ファイル出力を比較する: #direction #parsedResult(HtmlToXmlForAmendApiIntegrationTest.groovy:29)
</failure>
  </testcase>
  <testcase name="ファイル出力を比較する: Direction{ s_InputDir: data/input/20101207-5.0-S-H22-0021/character-test/pat-amnd/code-test-84, s_OutputDir: data/output/html_amend/20101207-5.0-S-H22-0021/character-test/pat-amnd/code-test-84} null" classname="jp.go.jpo.sa1s99.common.format.integration.HtmlToXmlForAmendApiIntegrationTest" time="0.0">
    <failure message="java.lang.IllegalArgumentException: Not implemented yet" type="java.lang.IllegalArgumentException">java.lang.IllegalArgumentException: Not implemented yet
	at jp.go.jpo.sa1s99.common.format.api.XmlToHtmlForAmendApi.execute(XmlToHtmlForAmendApi.java:32)
	at jp.go.jpo.sa1s99.common.format.integration.ExecuteXmlToHtmlForAmendApiByDirection.executeApi(ExecuteXmlToHtmlForAmendApiByDirection.java:26)
	at jp.go.jpo.sa1s99.common.format.integration.ExecuteXmlToHtmlForAmendApiByDirection.executeApi(ExecuteXmlToHtmlForAmendApiByDirection.java:13)
	at jp.go.jpo.sa1s99.common.format.integration.ExecuteApiByDirection.execute(ExecuteApiByDirection.java:28)
	at jp.go.jpo.sa1s99.common.format.integration.HtmlToXmlForAmendApiIntegrationTest.ファイル出力を比較する: #direction #parsedResult(HtmlToXmlForAmendApiIntegrationTest.groovy:29)
</failure>
  </testcase>
  <testcase name="ファイル出力を比較する: Direction{ s_InputDir: data/input/20101207-5.0-S-H22-0021/character-test/pat-amnd/code-test-85, s_OutputDir: data/output/html_amend/20101207-5.0-S-H22-0021/character-test/pat-amnd/code-test-85} null" classname="jp.go.jpo.sa1s99.common.format.integration.HtmlToXmlForAmendApiIntegrationTest" time="0.016">
    <failure message="java.lang.IllegalArgumentException: Not implemented yet" type="java.lang.IllegalArgumentException">java.lang.IllegalArgumentException: Not implemented yet
	at jp.go.jpo.sa1s99.common.format.api.XmlToHtmlForAmendApi.execute(XmlToHtmlForAmendApi.java:32)
	at jp.go.jpo.sa1s99.common.format.integration.ExecuteXmlToHtmlForAmendApiByDirection.executeApi(ExecuteXmlToHtmlForAmendApiByDirection.java:26)
	at jp.go.jpo.sa1s99.common.format.integration.ExecuteXmlToHtmlForAmendApiByDirection.executeApi(ExecuteXmlToHtmlForAmendApiByDirection.java:13)
	at jp.go.jpo.sa1s99.common.format.integration.ExecuteApiByDirection.execute(ExecuteApiByDirection.java:28)
	at jp.go.jpo.sa1s99.common.format.integration.HtmlToXmlForAmendApiIntegrationTest.ファイル出力を比較する: #direction #parsedResult(HtmlToXmlForAmendApiIntegrationTest.groovy:29)
</failure>
  </testcase>
  <testcase name="ファイル出力を比較する: Direction{ s_InputDir: data/input/20101207-5.0-S-H22-0021/character-test/pat-amnd/code-test-86, s_OutputDir: data/output/html_amend/20101207-5.0-S-H22-0021/character-test/pat-amnd/code-test-86} null" classname="jp.go.jpo.sa1s99.common.format.integration.HtmlToXmlForAmendApiIntegrationTest" time="0.0">
    <failure message="java.lang.IllegalArgumentException: Not implemented yet" type="java.lang.IllegalArgumentException">java.lang.IllegalArgumentException: Not implemented yet
	at jp.go.jpo.sa1s99.common.format.api.XmlToHtmlForAmendApi.execute(XmlToHtmlForAmendApi.java:32)
	at jp.go.jpo.sa1s99.common.format.integration.ExecuteXmlToHtmlForAmendApiByDirection.executeApi(ExecuteXmlToHtmlForAmendApiByDirection.java:26)
	at jp.go.jpo.sa1s99.common.format.integration.ExecuteXmlToHtmlForAmendApiByDirection.executeApi(ExecuteXmlToHtmlForAmendApiByDirection.java:13)
	at jp.go.jpo.sa1s99.common.format.integration.ExecuteApiByDirection.execute(ExecuteApiByDirection.java:28)
	at jp.go.jpo.sa1s99.common.format.integration.HtmlToXmlForAmendApiIntegrationTest.ファイル出力を比較する: #direction #parsedResult(HtmlToXmlForAmendApiIntegrationTest.groovy:29)
</failure>
  </testcase>
  <testcase name="ファイル出力を比較する: Direction{ s_InputDir: data/input/20101207-5.0-S-H22-0021/character-test/pat-amnd/code-test-87, s_OutputDir: data/output/html_amend/20101207-5.0-S-H22-0021/character-test/pat-amnd/code-test-87} null" classname="jp.go.jpo.sa1s99.common.format.integration.HtmlToXmlForAmendApiIntegrationTest" time="0.0">
    <failure message="java.lang.IllegalArgumentException: Not implemented yet" type="java.lang.IllegalArgumentException">java.lang.IllegalArgumentException: Not implemented yet
	at jp.go.jpo.sa1s99.common.format.api.XmlToHtmlForAmendApi.execute(XmlToHtmlForAmendApi.java:32)
	at jp.go.jpo.sa1s99.common.format.integration.ExecuteXmlToHtmlForAmendApiByDirection.executeApi(ExecuteXmlToHtmlForAmendApiByDirection.java:26)
	at jp.go.jpo.sa1s99.common.format.integration.ExecuteXmlToHtmlForAmendApiByDirection.executeApi(ExecuteXmlToHtmlForAmendApiByDirection.java:13)
	at jp.go.jpo.sa1s99.common.format.integration.ExecuteApiByDirection.execute(ExecuteApiByDirection.java:28)
	at jp.go.jpo.sa1s99.common.format.integration.HtmlToXmlForAmendApiIntegrationTest.ファイル出力を比較する: #direction #parsedResult(HtmlToXmlForAmendApiIntegrationTest.groovy:29)
</failure>
  </testcase>
  <testcase name="ファイル出力を比較する: Direction{ s_InputDir: data/input/20101207-5.0-S-H22-0021/character-test/pat-amnd/code-test-88, s_OutputDir: data/output/html_amend/20101207-5.0-S-H22-0021/character-test/pat-amnd/code-test-88} null" classname="jp.go.jpo.sa1s99.common.format.integration.HtmlToXmlForAmendApiIntegrationTest" time="0.0">
    <failure message="java.lang.IllegalArgumentException: Not implemented yet" type="java.lang.IllegalArgumentException">java.lang.IllegalArgumentException: Not implemented yet
	at jp.go.jpo.sa1s99.common.format.api.XmlToHtmlForAmendApi.execute(XmlToHtmlForAmendApi.java:32)
	at jp.go.jpo.sa1s99.common.format.integration.ExecuteXmlToHtmlForAmendApiByDirection.executeApi(ExecuteXmlToHtmlForAmendApiByDirection.java:26)
	at jp.go.jpo.sa1s99.common.format.integration.ExecuteXmlToHtmlForAmendApiByDirection.executeApi(ExecuteXmlToHtmlForAmendApiByDirection.java:13)
	at jp.go.jpo.sa1s99.common.format.integration.ExecuteApiByDirection.execute(ExecuteApiByDirection.java:28)
	at jp.go.jpo.sa1s99.common.format.integration.HtmlToXmlForAmendApiIntegrationTest.ファイル出力を比較する: #direction #parsedResult(HtmlToXmlForAmendApiIntegrationTest.groovy:29)
</failure>
  </testcase>
  <testcase name="ファイル出力を比較する: Direction{ s_InputDir: data/input/20101207-5.0-S-H22-0021/character-test/pat-amnd/code-test-89, s_OutputDir: data/output/html_amend/20101207-5.0-S-H22-0021/character-test/pat-amnd/code-test-89} null" classname="jp.go.jpo.sa1s99.common.format.integration.HtmlToXmlForAmendApiIntegrationTest" time="0.0">
    <failure message="java.lang.IllegalArgumentException: Not implemented yet" type="java.lang.IllegalArgumentException">java.lang.IllegalArgumentException: Not implemented yet
	at jp.go.jpo.sa1s99.common.format.api.XmlToHtmlForAmendApi.execute(XmlToHtmlForAmendApi.java:32)
	at jp.go.jpo.sa1s99.common.format.integration.ExecuteXmlToHtmlForAmendApiByDirection.executeApi(ExecuteXmlToHtmlForAmendApiByDirection.java:26)
	at jp.go.jpo.sa1s99.common.format.integration.ExecuteXmlToHtmlForAmendApiByDirection.executeApi(ExecuteXmlToHtmlForAmendApiByDirection.java:13)
	at jp.go.jpo.sa1s99.common.format.integration.ExecuteApiByDirection.execute(ExecuteApiByDirection.java:28)
	at jp.go.jpo.sa1s99.common.format.integration.HtmlToXmlForAmendApiIntegrationTest.ファイル出力を比較する: #direction #parsedResult(HtmlToXmlForAmendApiIntegrationTest.groovy:29)
</failure>
  </testcase>
  <testcase name="ファイル出力を比較する: Direction{ s_InputDir: data/input/20101207-5.0-S-H22-0021/character-test/pat-amnd/code-test-8A, s_OutputDir: data/output/html_amend/20101207-5.0-S-H22-0021/character-test/pat-amnd/code-test-8A} null" classname="jp.go.jpo.sa1s99.common.format.integration.HtmlToXmlForAmendApiIntegrationTest" time="0.019">
    <failure message="java.lang.IllegalArgumentException: Not implemented yet" type="java.lang.IllegalArgumentException">java.lang.IllegalArgumentException: Not implemented yet
	at jp.go.jpo.sa1s99.common.format.api.XmlToHtmlForAmendApi.execute(XmlToHtmlForAmendApi.java:32)
	at jp.go.jpo.sa1s99.common.format.integration.ExecuteXmlToHtmlForAmendApiByDirection.executeApi(ExecuteXmlToHtmlForAmendApiByDirection.java:26)
	at jp.go.jpo.sa1s99.common.format.integration.ExecuteXmlToHtmlForAmendApiByDirection.executeApi(ExecuteXmlToHtmlForAmendApiByDirection.java:13)
	at jp.go.jpo.sa1s99.common.format.integration.ExecuteApiByDirection.execute(ExecuteApiByDirection.java:28)
	at jp.go.jpo.sa1s99.common.format.integration.HtmlToXmlForAmendApiIntegrationTest.ファイル出力を比較する: #direction #parsedResult(HtmlToXmlForAmendApiIntegrationTest.groovy:29)
</failure>
  </testcase>
  <testcase name="ファイル出力を比較する: Direction{ s_InputDir: data/input/20101207-5.0-S-H22-0021/character-test/pat-amnd/code-test-8B, s_OutputDir: data/output/html_amend/20101207-5.0-S-H22-0021/character-test/pat-amnd/code-test-8B} null" classname="jp.go.jpo.sa1s99.common.format.integration.HtmlToXmlForAmendApiIntegrationTest" time="0.003">
    <failure message="java.lang.IllegalArgumentException: Not implemented yet" type="java.lang.IllegalArgumentException">java.lang.IllegalArgumentException: Not implemented yet
	at jp.go.jpo.sa1s99.common.format.api.XmlToHtmlForAmendApi.execute(XmlToHtmlForAmendApi.java:32)
	at jp.go.jpo.sa1s99.common.format.integration.ExecuteXmlToHtmlForAmendApiByDirection.executeApi(ExecuteXmlToHtmlForAmendApiByDirection.java:26)
	at jp.go.jpo.sa1s99.common.format.integration.ExecuteXmlToHtmlForAmendApiByDirection.executeApi(ExecuteXmlToHtmlForAmendApiByDirection.java:13)
	at jp.go.jpo.sa1s99.common.format.integration.ExecuteApiByDirection.execute(ExecuteApiByDirection.java:28)
	at jp.go.jpo.sa1s99.common.format.integration.HtmlToXmlForAmendApiIntegrationTest.ファイル出力を比較する: #direction #parsedResult(HtmlToXmlForAmendApiIntegrationTest.groovy:29)
</failure>
  </testcase>
  <testcase name="ファイル出力を比較する: Direction{ s_InputDir: data/input/20101207-5.0-S-H22-0021/character-test/pat-amnd/code-test-8C, s_OutputDir: data/output/html_amend/20101207-5.0-S-H22-0021/character-test/pat-amnd/code-test-8C} null" classname="jp.go.jpo.sa1s99.common.format.integration.HtmlToXmlForAmendApiIntegrationTest" time="0.0">
    <failure message="java.lang.IllegalArgumentException: Not implemented yet" type="java.lang.IllegalArgumentException">java.lang.IllegalArgumentException: Not implemented yet
	at jp.go.jpo.sa1s99.common.format.api.XmlToHtmlForAmendApi.execute(XmlToHtmlForAmendApi.java:32)
	at jp.go.jpo.sa1s99.common.format.integration.ExecuteXmlToHtmlForAmendApiByDirection.executeApi(ExecuteXmlToHtmlForAmendApiByDirection.java:26)
	at jp.go.jpo.sa1s99.common.format.integration.ExecuteXmlToHtmlForAmendApiByDirection.executeApi(ExecuteXmlToHtmlForAmendApiByDirection.java:13)
	at jp.go.jpo.sa1s99.common.format.integration.ExecuteApiByDirection.execute(ExecuteApiByDirection.java:28)
	at jp.go.jpo.sa1s99.common.format.integration.HtmlToXmlForAmendApiIntegrationTest.ファイル出力を比較する: #direction #parsedResult(HtmlToXmlForAmendApiIntegrationTest.groovy:29)
</failure>
  </testcase>
  <testcase name="ファイル出力を比較する: Direction{ s_InputDir: data/input/20101207-5.0-S-H22-0021/character-test/pat-amnd/code-test-8D, s_OutputDir: data/output/html_amend/20101207-5.0-S-H22-0021/character-test/pat-amnd/code-test-8D} null" classname="jp.go.jpo.sa1s99.common.format.integration.HtmlToXmlForAmendApiIntegrationTest" time="0.0">
    <failure message="java.lang.IllegalArgumentException: Not implemented yet" type="java.lang.IllegalArgumentException">java.lang.IllegalArgumentException: Not implemented yet
	at jp.go.jpo.sa1s99.common.format.api.XmlToHtmlForAmendApi.execute(XmlToHtmlForAmendApi.java:32)
	at jp.go.jpo.sa1s99.common.format.integration.ExecuteXmlToHtmlForAmendApiByDirection.executeApi(ExecuteXmlToHtmlForAmendApiByDirection.java:26)
	at jp.go.jpo.sa1s99.common.format.integration.ExecuteXmlToHtmlForAmendApiByDirection.executeApi(ExecuteXmlToHtmlForAmendApiByDirection.java:13)
	at jp.go.jpo.sa1s99.common.format.integration.ExecuteApiByDirection.execute(ExecuteApiByDirection.java:28)
	at jp.go.jpo.sa1s99.common.format.integration.HtmlToXmlForAmendApiIntegrationTest.ファイル出力を比較する: #direction #parsedResult(HtmlToXmlForAmendApiIntegrationTest.groovy:29)
</failure>
  </testcase>
  <testcase name="ファイル出力を比較する: Direction{ s_InputDir: data/input/20101207-5.0-S-H22-0021/character-test/pat-amnd/code-test-8E, s_OutputDir: data/output/html_amend/20101207-5.0-S-H22-0021/character-test/pat-amnd/code-test-8E} null" classname="jp.go.jpo.sa1s99.common.format.integration.HtmlToXmlForAmendApiIntegrationTest" time="0.0">
    <failure message="java.lang.IllegalArgumentException: Not implemented yet" type="java.lang.IllegalArgumentException">java.lang.IllegalArgumentException: Not implemented yet
	at jp.go.jpo.sa1s99.common.format.api.XmlToHtmlForAmendApi.execute(XmlToHtmlForAmendApi.java:32)
	at jp.go.jpo.sa1s99.common.format.integration.ExecuteXmlToHtmlForAmendApiByDirection.executeApi(ExecuteXmlToHtmlForAmendApiByDirection.java:26)
	at jp.go.jpo.sa1s99.common.format.integration.ExecuteXmlToHtmlForAmendApiByDirection.executeApi(ExecuteXmlToHtmlForAmendApiByDirection.java:13)
	at jp.go.jpo.sa1s99.common.format.integration.ExecuteApiByDirection.execute(ExecuteApiByDirection.java:28)
	at jp.go.jpo.sa1s99.common.format.integration.HtmlToXmlForAmendApiIntegrationTest.ファイル出力を比較する: #direction #parsedResult(HtmlToXmlForAmendApiIntegrationTest.groovy:29)
</failure>
  </testcase>
  <testcase name="ファイル出力を比較する: Direction{ s_InputDir: data/input/20101207-5.0-S-H22-0021/character-test/pat-amnd/code-test-8F, s_OutputDir: data/output/html_amend/20101207-5.0-S-H22-0021/character-test/pat-amnd/code-test-8F} null" classname="jp.go.jpo.sa1s99.common.format.integration.HtmlToXmlForAmendApiIntegrationTest" time="0.0">
    <failure message="java.lang.IllegalArgumentException: Not implemented yet" type="java.lang.IllegalArgumentException">java.lang.IllegalArgumentException: Not implemented yet
	at jp.go.jpo.sa1s99.common.format.api.XmlToHtmlForAmendApi.execute(XmlToHtmlForAmendApi.java:32)
	at jp.go.jpo.sa1s99.common.format.integration.ExecuteXmlToHtmlForAmendApiByDirection.executeApi(ExecuteXmlToHtmlForAmendApiByDirection.java:26)
	at jp.go.jpo.sa1s99.common.format.integration.ExecuteXmlToHtmlForAmendApiByDirection.executeApi(ExecuteXmlToHtmlForAmendApiByDirection.java:13)
	at jp.go.jpo.sa1s99.common.format.integration.ExecuteApiByDirection.execute(ExecuteApiByDirection.java:28)
	at jp.go.jpo.sa1s99.common.format.integration.HtmlToXmlForAmendApiIntegrationTest.ファイル出力を比較する: #direction #parsedResult(HtmlToXmlForAmendApiIntegrationTest.groovy:29)
</failure>
  </testcase>
  <testcase name="ファイル出力を比較する: Direction{ s_InputDir: data/input/20101207-5.0-S-H22-0021/character-test/pat-amnd/code-test-90, s_OutputDir: data/output/html_amend/20101207-5.0-S-H22-0021/character-test/pat-amnd/code-test-90} null" classname="jp.go.jpo.sa1s99.common.format.integration.HtmlToXmlForAmendApiIntegrationTest" time="0.015">
    <failure message="java.lang.IllegalArgumentException: Not implemented yet" type="java.lang.IllegalArgumentException">java.lang.IllegalArgumentException: Not implemented yet
	at jp.go.jpo.sa1s99.common.format.api.XmlToHtmlForAmendApi.execute(XmlToHtmlForAmendApi.java:32)
	at jp.go.jpo.sa1s99.common.format.integration.ExecuteXmlToHtmlForAmendApiByDirection.executeApi(ExecuteXmlToHtmlForAmendApiByDirection.java:26)
	at jp.go.jpo.sa1s99.common.format.integration.ExecuteXmlToHtmlForAmendApiByDirection.executeApi(ExecuteXmlToHtmlForAmendApiByDirection.java:13)
	at jp.go.jpo.sa1s99.common.format.integration.ExecuteApiByDirection.execute(ExecuteApiByDirection.java:28)
	at jp.go.jpo.sa1s99.common.format.integration.HtmlToXmlForAmendApiIntegrationTest.ファイル出力を比較する: #direction #parsedResult(HtmlToXmlForAmendApiIntegrationTest.groovy:29)
</failure>
  </testcase>
  <testcase name="ファイル出力を比較する: Direction{ s_InputDir: data/input/20101207-5.0-S-H22-0021/character-test/pat-amnd/code-test-91, s_OutputDir: data/output/html_amend/20101207-5.0-S-H22-0021/character-test/pat-amnd/code-test-91} null" classname="jp.go.jpo.sa1s99.common.format.integration.HtmlToXmlForAmendApiIntegrationTest" time="0.0">
    <failure message="java.lang.IllegalArgumentException: Not implemented yet" type="java.lang.IllegalArgumentException">java.lang.IllegalArgumentException: Not implemented yet
	at jp.go.jpo.sa1s99.common.format.api.XmlToHtmlForAmendApi.execute(XmlToHtmlForAmendApi.java:32)
	at jp.go.jpo.sa1s99.common.format.integration.ExecuteXmlToHtmlForAmendApiByDirection.executeApi(ExecuteXmlToHtmlForAmendApiByDirection.java:26)
	at jp.go.jpo.sa1s99.common.format.integration.ExecuteXmlToHtmlForAmendApiByDirection.executeApi(ExecuteXmlToHtmlForAmendApiByDirection.java:13)
	at jp.go.jpo.sa1s99.common.format.integration.ExecuteApiByDirection.execute(ExecuteApiByDirection.java:28)
	at jp.go.jpo.sa1s99.common.format.integration.HtmlToXmlForAmendApiIntegrationTest.ファイル出力を比較する: #direction #parsedResult(HtmlToXmlForAmendApiIntegrationTest.groovy:29)
</failure>
  </testcase>
  <testcase name="ファイル出力を比較する: Direction{ s_InputDir: data/input/20101207-5.0-S-H22-0021/character-test/pat-amnd/code-test-92, s_OutputDir: data/output/html_amend/20101207-5.0-S-H22-0021/character-test/pat-amnd/code-test-92} null" classname="jp.go.jpo.sa1s99.common.format.integration.HtmlToXmlForAmendApiIntegrationTest" time="0.0">
    <failure message="java.lang.IllegalArgumentException: Not implemented yet" type="java.lang.IllegalArgumentException">java.lang.IllegalArgumentException: Not implemented yet
	at jp.go.jpo.sa1s99.common.format.api.XmlToHtmlForAmendApi.execute(XmlToHtmlForAmendApi.java:32)
	at jp.go.jpo.sa1s99.common.format.integration.ExecuteXmlToHtmlForAmendApiByDirection.executeApi(ExecuteXmlToHtmlForAmendApiByDirection.java:26)
	at jp.go.jpo.sa1s99.common.format.integration.ExecuteXmlToHtmlForAmendApiByDirection.executeApi(ExecuteXmlToHtmlForAmendApiByDirection.java:13)
	at jp.go.jpo.sa1s99.common.format.integration.ExecuteApiByDirection.execute(ExecuteApiByDirection.java:28)
	at jp.go.jpo.sa1s99.common.format.integration.HtmlToXmlForAmendApiIntegrationTest.ファイル出力を比較する: #direction #parsedResult(HtmlToXmlForAmendApiIntegrationTest.groovy:29)
</failure>
  </testcase>
  <testcase name="ファイル出力を比較する: Direction{ s_InputDir: data/input/20101207-5.0-S-H22-0021/character-test/pat-amnd/code-test-93, s_OutputDir: data/output/html_amend/20101207-5.0-S-H22-0021/character-test/pat-amnd/code-test-93} null" classname="jp.go.jpo.sa1s99.common.format.integration.HtmlToXmlForAmendApiIntegrationTest" time="0.0">
    <failure message="java.lang.IllegalArgumentException: Not implemented yet" type="java.lang.IllegalArgumentException">java.lang.IllegalArgumentException: Not implemented yet
	at jp.go.jpo.sa1s99.common.format.api.XmlToHtmlForAmendApi.execute(XmlToHtmlForAmendApi.java:32)
	at jp.go.jpo.sa1s99.common.format.integration.ExecuteXmlToHtmlForAmendApiByDirection.executeApi(ExecuteXmlToHtmlForAmendApiByDirection.java:26)
	at jp.go.jpo.sa1s99.common.format.integration.ExecuteXmlToHtmlForAmendApiByDirection.executeApi(ExecuteXmlToHtmlForAmendApiByDirection.java:13)
	at jp.go.jpo.sa1s99.common.format.integration.ExecuteApiByDirection.execute(ExecuteApiByDirection.java:28)
	at jp.go.jpo.sa1s99.common.format.integration.HtmlToXmlForAmendApiIntegrationTest.ファイル出力を比較する: #direction #parsedResult(HtmlToXmlForAmendApiIntegrationTest.groovy:29)
</failure>
  </testcase>
  <testcase name="ファイル出力を比較する: Direction{ s_InputDir: data/input/20101207-5.0-S-H22-0021/character-test/pat-amnd/code-test-94, s_OutputDir: data/output/html_amend/20101207-5.0-S-H22-0021/character-test/pat-amnd/code-test-94} null" classname="jp.go.jpo.sa1s99.common.format.integration.HtmlToXmlForAmendApiIntegrationTest" time="0.0">
    <failure message="java.lang.IllegalArgumentException: Not implemented yet" type="java.lang.IllegalArgumentException">java.lang.IllegalArgumentException: Not implemented yet
	at jp.go.jpo.sa1s99.common.format.api.XmlToHtmlForAmendApi.execute(XmlToHtmlForAmendApi.java:32)
	at jp.go.jpo.sa1s99.common.format.integration.ExecuteXmlToHtmlForAmendApiByDirection.executeApi(ExecuteXmlToHtmlForAmendApiByDirection.java:26)
	at jp.go.jpo.sa1s99.common.format.integration.ExecuteXmlToHtmlForAmendApiByDirection.executeApi(ExecuteXmlToHtmlForAmendApiByDirection.java:13)
	at jp.go.jpo.sa1s99.common.format.integration.ExecuteApiByDirection.execute(ExecuteApiByDirection.java:28)
	at jp.go.jpo.sa1s99.common.format.integration.HtmlToXmlForAmendApiIntegrationTest.ファイル出力を比較する: #direction #parsedResult(HtmlToXmlForAmendApiIntegrationTest.groovy:29)
</failure>
  </testcase>
  <testcase name="ファイル出力を比較する: Direction{ s_InputDir: data/input/20101207-5.0-S-H22-0021/character-test/pat-amnd/code-test-95, s_OutputDir: data/output/html_amend/20101207-5.0-S-H22-0021/character-test/pat-amnd/code-test-95} null" classname="jp.go.jpo.sa1s99.common.format.integration.HtmlToXmlForAmendApiIntegrationTest" time="0.0">
    <failure message="java.lang.IllegalArgumentException: Not implemented yet" type="java.lang.IllegalArgumentException">java.lang.IllegalArgumentException: Not implemented yet
	at jp.go.jpo.sa1s99.common.format.api.XmlToHtmlForAmendApi.execute(XmlToHtmlForAmendApi.java:32)
	at jp.go.jpo.sa1s99.common.format.integration.ExecuteXmlToHtmlForAmendApiByDirection.executeApi(ExecuteXmlToHtmlForAmendApiByDirection.java:26)
	at jp.go.jpo.sa1s99.common.format.integration.ExecuteXmlToHtmlForAmendApiByDirection.executeApi(ExecuteXmlToHtmlForAmendApiByDirection.java:13)
	at jp.go.jpo.sa1s99.common.format.integration.ExecuteApiByDirection.execute(ExecuteApiByDirection.java:28)
	at jp.go.jpo.sa1s99.common.format.integration.HtmlToXmlForAmendApiIntegrationTest.ファイル出力を比較する: #direction #parsedResult(HtmlToXmlForAmendApiIntegrationTest.groovy:29)
</failure>
  </testcase>
  <testcase name="ファイル出力を比較する: Direction{ s_InputDir: data/input/20101207-5.0-S-H22-0021/character-test/pat-amnd/code-test-96, s_OutputDir: data/output/html_amend/20101207-5.0-S-H22-0021/character-test/pat-amnd/code-test-96} null" classname="jp.go.jpo.sa1s99.common.format.integration.HtmlToXmlForAmendApiIntegrationTest" time="0.0">
    <failure message="java.lang.IllegalArgumentException: Not implemented yet" type="java.lang.IllegalArgumentException">java.lang.IllegalArgumentException: Not implemented yet
	at jp.go.jpo.sa1s99.common.format.api.XmlToHtmlForAmendApi.execute(XmlToHtmlForAmendApi.java:32)
	at jp.go.jpo.sa1s99.common.format.integration.ExecuteXmlToHtmlForAmendApiByDirection.executeApi(ExecuteXmlToHtmlForAmendApiByDirection.java:26)
	at jp.go.jpo.sa1s99.common.format.integration.ExecuteXmlToHtmlForAmendApiByDirection.executeApi(ExecuteXmlToHtmlForAmendApiByDirection.java:13)
	at jp.go.jpo.sa1s99.common.format.integration.ExecuteApiByDirection.execute(ExecuteApiByDirection.java:28)
	at jp.go.jpo.sa1s99.common.format.integration.HtmlToXmlForAmendApiIntegrationTest.ファイル出力を比較する: #direction #parsedResult(HtmlToXmlForAmendApiIntegrationTest.groovy:29)
</failure>
  </testcase>
  <testcase name="ファイル出力を比較する: Direction{ s_InputDir: data/input/20101207-5.0-S-H22-0021/character-test/pat-amnd/code-test-97, s_OutputDir: data/output/html_amend/20101207-5.0-S-H22-0021/character-test/pat-amnd/code-test-97} null" classname="jp.go.jpo.sa1s99.common.format.integration.HtmlToXmlForAmendApiIntegrationTest" time="0.016">
    <failure message="java.lang.IllegalArgumentException: Not implemented yet" type="java.lang.IllegalArgumentException">java.lang.IllegalArgumentException: Not implemented yet
	at jp.go.jpo.sa1s99.common.format.api.XmlToHtmlForAmendApi.execute(XmlToHtmlForAmendApi.java:32)
	at jp.go.jpo.sa1s99.common.format.integration.ExecuteXmlToHtmlForAmendApiByDirection.executeApi(ExecuteXmlToHtmlForAmendApiByDirection.java:26)
	at jp.go.jpo.sa1s99.common.format.integration.ExecuteXmlToHtmlForAmendApiByDirection.executeApi(ExecuteXmlToHtmlForAmendApiByDirection.java:13)
	at jp.go.jpo.sa1s99.common.format.integration.ExecuteApiByDirection.execute(ExecuteApiByDirection.java:28)
	at jp.go.jpo.sa1s99.common.format.integration.HtmlToXmlForAmendApiIntegrationTest.ファイル出力を比較する: #direction #parsedResult(HtmlToXmlForAmendApiIntegrationTest.groovy:29)
</failure>
  </testcase>
  <testcase name="ファイル出力を比較する: Direction{ s_InputDir: data/input/20101207-5.0-S-H22-0021/character-test/pat-amnd/code-test-98, s_OutputDir: data/output/html_amend/20101207-5.0-S-H22-0021/character-test/pat-amnd/code-test-98} null" classname="jp.go.jpo.sa1s99.common.format.integration.HtmlToXmlForAmendApiIntegrationTest" time="0.0">
    <failure message="java.lang.IllegalArgumentException: Not implemented yet" type="java.lang.IllegalArgumentException">java.lang.IllegalArgumentException: Not implemented yet
	at jp.go.jpo.sa1s99.common.format.api.XmlToHtmlForAmendApi.execute(XmlToHtmlForAmendApi.java:32)
	at jp.go.jpo.sa1s99.common.format.integration.ExecuteXmlToHtmlForAmendApiByDirection.executeApi(ExecuteXmlToHtmlForAmendApiByDirection.java:26)
	at jp.go.jpo.sa1s99.common.format.integration.ExecuteXmlToHtmlForAmendApiByDirection.executeApi(ExecuteXmlToHtmlForAmendApiByDirection.java:13)
	at jp.go.jpo.sa1s99.common.format.integration.ExecuteApiByDirection.execute(ExecuteApiByDirection.java:28)
	at jp.go.jpo.sa1s99.common.format.integration.HtmlToXmlForAmendApiIntegrationTest.ファイル出力を比較する: #direction #parsedResult(HtmlToXmlForAmendApiIntegrationTest.groovy:29)
</failure>
  </testcase>
  <testcase name="ファイル出力を比較する: Direction{ s_InputDir: data/input/20101207-5.0-S-H22-0021/character-test/pat-amnd/code-test-99, s_OutputDir: data/output/html_amend/20101207-5.0-S-H22-0021/character-test/pat-amnd/code-test-99} null" classname="jp.go.jpo.sa1s99.common.format.integration.HtmlToXmlForAmendApiIntegrationTest" time="0.0">
    <failure message="java.lang.IllegalArgumentException: Not implemented yet" type="java.lang.IllegalArgumentException">java.lang.IllegalArgumentException: Not implemented yet
	at jp.go.jpo.sa1s99.common.format.api.XmlToHtmlForAmendApi.execute(XmlToHtmlForAmendApi.java:32)
	at jp.go.jpo.sa1s99.common.format.integration.ExecuteXmlToHtmlForAmendApiByDirection.executeApi(ExecuteXmlToHtmlForAmendApiByDirection.java:26)
	at jp.go.jpo.sa1s99.common.format.integration.ExecuteXmlToHtmlForAmendApiByDirection.executeApi(ExecuteXmlToHtmlForAmendApiByDirection.java:13)
	at jp.go.jpo.sa1s99.common.format.integration.ExecuteApiByDirection.execute(ExecuteApiByDirection.java:28)
	at jp.go.jpo.sa1s99.common.format.integration.HtmlToXmlForAmendApiIntegrationTest.ファイル出力を比較する: #direction #parsedResult(HtmlToXmlForAmendApiIntegrationTest.groovy:29)
</failure>
  </testcase>
  <testcase name="ファイル出力を比較する: Direction{ s_InputDir: data/input/20101207-5.0-S-H22-0021/character-test/pat-amnd/code-test-9A, s_OutputDir: data/output/html_amend/20101207-5.0-S-H22-0021/character-test/pat-amnd/code-test-9A} null" classname="jp.go.jpo.sa1s99.common.format.integration.HtmlToXmlForAmendApiIntegrationTest" time="0.0">
    <failure message="java.lang.IllegalArgumentException: Not implemented yet" type="java.lang.IllegalArgumentException">java.lang.IllegalArgumentException: Not implemented yet
	at jp.go.jpo.sa1s99.common.format.api.XmlToHtmlForAmendApi.execute(XmlToHtmlForAmendApi.java:32)
	at jp.go.jpo.sa1s99.common.format.integration.ExecuteXmlToHtmlForAmendApiByDirection.executeApi(ExecuteXmlToHtmlForAmendApiByDirection.java:26)
	at jp.go.jpo.sa1s99.common.format.integration.ExecuteXmlToHtmlForAmendApiByDirection.executeApi(ExecuteXmlToHtmlForAmendApiByDirection.java:13)
	at jp.go.jpo.sa1s99.common.format.integration.ExecuteApiByDirection.execute(ExecuteApiByDirection.java:28)
	at jp.go.jpo.sa1s99.common.format.integration.HtmlToXmlForAmendApiIntegrationTest.ファイル出力を比較する: #direction #parsedResult(HtmlToXmlForAmendApiIntegrationTest.groovy:29)
</failure>
  </testcase>
  <testcase name="ファイル出力を比較する: Direction{ s_InputDir: data/input/20101207-5.0-S-H22-0021/character-test/pat-amnd/code-test-9B, s_OutputDir: data/output/html_amend/20101207-5.0-S-H22-0021/character-test/pat-amnd/code-test-9B} null" classname="jp.go.jpo.sa1s99.common.format.integration.HtmlToXmlForAmendApiIntegrationTest" time="0.016">
    <failure message="java.lang.IllegalArgumentException: Not implemented yet" type="java.lang.IllegalArgumentException">java.lang.IllegalArgumentException: Not implemented yet
	at jp.go.jpo.sa1s99.common.format.api.XmlToHtmlForAmendApi.execute(XmlToHtmlForAmendApi.java:32)
	at jp.go.jpo.sa1s99.common.format.integration.ExecuteXmlToHtmlForAmendApiByDirection.executeApi(ExecuteXmlToHtmlForAmendApiByDirection.java:26)
	at jp.go.jpo.sa1s99.common.format.integration.ExecuteXmlToHtmlForAmendApiByDirection.executeApi(ExecuteXmlToHtmlForAmendApiByDirection.java:13)
	at jp.go.jpo.sa1s99.common.format.integration.ExecuteApiByDirection.execute(ExecuteApiByDirection.java:28)
	at jp.go.jpo.sa1s99.common.format.integration.HtmlToXmlForAmendApiIntegrationTest.ファイル出力を比較する: #direction #parsedResult(HtmlToXmlForAmendApiIntegrationTest.groovy:29)
</failure>
  </testcase>
  <testcase name="ファイル出力を比較する: Direction{ s_InputDir: data/input/20101207-5.0-S-H22-0021/character-test/pat-amnd/code-test-9C, s_OutputDir: data/output/html_amend/20101207-5.0-S-H22-0021/character-test/pat-amnd/code-test-9C} null" classname="jp.go.jpo.sa1s99.common.format.integration.HtmlToXmlForAmendApiIntegrationTest" time="0.0">
    <failure message="java.lang.IllegalArgumentException: Not implemented yet" type="java.lang.IllegalArgumentException">java.lang.IllegalArgumentException: Not implemented yet
	at jp.go.jpo.sa1s99.common.format.api.XmlToHtmlForAmendApi.execute(XmlToHtmlForAmendApi.java:32)
	at jp.go.jpo.sa1s99.common.format.integration.ExecuteXmlToHtmlForAmendApiByDirection.executeApi(ExecuteXmlToHtmlForAmendApiByDirection.java:26)
	at jp.go.jpo.sa1s99.common.format.integration.ExecuteXmlToHtmlForAmendApiByDirection.executeApi(ExecuteXmlToHtmlForAmendApiByDirection.java:13)
	at jp.go.jpo.sa1s99.common.format.integration.ExecuteApiByDirection.execute(ExecuteApiByDirection.java:28)
	at jp.go.jpo.sa1s99.common.format.integration.HtmlToXmlForAmendApiIntegrationTest.ファイル出力を比較する: #direction #parsedResult(HtmlToXmlForAmendApiIntegrationTest.groovy:29)
</failure>
  </testcase>
  <testcase name="ファイル出力を比較する: Direction{ s_InputDir: data/input/20101207-5.0-S-H22-0021/character-test/pat-amnd/code-test-9D, s_OutputDir: data/output/html_amend/20101207-5.0-S-H22-0021/character-test/pat-amnd/code-test-9D} null" classname="jp.go.jpo.sa1s99.common.format.integration.HtmlToXmlForAmendApiIntegrationTest" time="0.0">
    <failure message="java.lang.IllegalArgumentException: Not implemented yet" type="java.lang.IllegalArgumentException">java.lang.IllegalArgumentException: Not implemented yet
	at jp.go.jpo.sa1s99.common.format.api.XmlToHtmlForAmendApi.execute(XmlToHtmlForAmendApi.java:32)
	at jp.go.jpo.sa1s99.common.format.integration.ExecuteXmlToHtmlForAmendApiByDirection.executeApi(ExecuteXmlToHtmlForAmendApiByDirection.java:26)
	at jp.go.jpo.sa1s99.common.format.integration.ExecuteXmlToHtmlForAmendApiByDirection.executeApi(ExecuteXmlToHtmlForAmendApiByDirection.java:13)
	at jp.go.jpo.sa1s99.common.format.integration.ExecuteApiByDirection.execute(ExecuteApiByDirection.java:28)
	at jp.go.jpo.sa1s99.common.format.integration.HtmlToXmlForAmendApiIntegrationTest.ファイル出力を比較する: #direction #parsedResult(HtmlToXmlForAmendApiIntegrationTest.groovy:29)
</failure>
  </testcase>
  <testcase name="ファイル出力を比較する: Direction{ s_InputDir: data/input/20101207-5.0-S-H22-0021/character-test/pat-amnd/code-test-9E, s_OutputDir: data/output/html_amend/20101207-5.0-S-H22-0021/character-test/pat-amnd/code-test-9E} null" classname="jp.go.jpo.sa1s99.common.format.integration.HtmlToXmlForAmendApiIntegrationTest" time="0.0">
    <failure message="java.lang.IllegalArgumentException: Not implemented yet" type="java.lang.IllegalArgumentException">java.lang.IllegalArgumentException: Not implemented yet
	at jp.go.jpo.sa1s99.common.format.api.XmlToHtmlForAmendApi.execute(XmlToHtmlForAmendApi.java:32)
	at jp.go.jpo.sa1s99.common.format.integration.ExecuteXmlToHtmlForAmendApiByDirection.executeApi(ExecuteXmlToHtmlForAmendApiByDirection.java:26)
	at jp.go.jpo.sa1s99.common.format.integration.ExecuteXmlToHtmlForAmendApiByDirection.executeApi(ExecuteXmlToHtmlForAmendApiByDirection.java:13)
	at jp.go.jpo.sa1s99.common.format.integration.ExecuteApiByDirection.execute(ExecuteApiByDirection.java:28)
	at jp.go.jpo.sa1s99.common.format.integration.HtmlToXmlForAmendApiIntegrationTest.ファイル出力を比較する: #direction #parsedResult(HtmlToXmlForAmendApiIntegrationTest.groovy:29)
</failure>
  </testcase>
  <testcase name="ファイル出力を比較する: Direction{ s_InputDir: data/input/20101207-5.0-S-H22-0021/character-test/pat-amnd/code-test-9F, s_OutputDir: data/output/html_amend/20101207-5.0-S-H22-0021/character-test/pat-amnd/code-test-9F} null" classname="jp.go.jpo.sa1s99.common.format.integration.HtmlToXmlForAmendApiIntegrationTest" time="0.0">
    <failure message="java.lang.IllegalArgumentException: Not implemented yet" type="java.lang.IllegalArgumentException">java.lang.IllegalArgumentException: Not implemented yet
	at jp.go.jpo.sa1s99.common.format.api.XmlToHtmlForAmendApi.execute(XmlToHtmlForAmendApi.java:32)
	at jp.go.jpo.sa1s99.common.format.integration.ExecuteXmlToHtmlForAmendApiByDirection.executeApi(ExecuteXmlToHtmlForAmendApiByDirection.java:26)
	at jp.go.jpo.sa1s99.common.format.integration.ExecuteXmlToHtmlForAmendApiByDirection.executeApi(ExecuteXmlToHtmlForAmendApiByDirection.java:13)
	at jp.go.jpo.sa1s99.common.format.integration.ExecuteApiByDirection.execute(ExecuteApiByDirection.java:28)
	at jp.go.jpo.sa1s99.common.format.integration.HtmlToXmlForAmendApiIntegrationTest.ファイル出力を比較する: #direction #parsedResult(HtmlToXmlForAmendApiIntegrationTest.groovy:29)
</failure>
  </testcase>
  <testcase name="ファイル出力を比較する: Direction{ s_InputDir: data/input/20101207-5.0-S-H22-0021/character-test/pat-amnd/code-test-A0, s_OutputDir: data/output/html_amend/20101207-5.0-S-H22-0021/character-test/pat-amnd/code-test-A0} null" classname="jp.go.jpo.sa1s99.common.format.integration.HtmlToXmlForAmendApiIntegrationTest" time="0.015">
    <failure message="java.lang.IllegalArgumentException: Not implemented yet" type="java.lang.IllegalArgumentException">java.lang.IllegalArgumentException: Not implemented yet
	at jp.go.jpo.sa1s99.common.format.api.XmlToHtmlForAmendApi.execute(XmlToHtmlForAmendApi.java:32)
	at jp.go.jpo.sa1s99.common.format.integration.ExecuteXmlToHtmlForAmendApiByDirection.executeApi(ExecuteXmlToHtmlForAmendApiByDirection.java:26)
	at jp.go.jpo.sa1s99.common.format.integration.ExecuteXmlToHtmlForAmendApiByDirection.executeApi(ExecuteXmlToHtmlForAmendApiByDirection.java:13)
	at jp.go.jpo.sa1s99.common.format.integration.ExecuteApiByDirection.execute(ExecuteApiByDirection.java:28)
	at jp.go.jpo.sa1s99.common.format.integration.HtmlToXmlForAmendApiIntegrationTest.ファイル出力を比較する: #direction #parsedResult(HtmlToXmlForAmendApiIntegrationTest.groovy:29)
</failure>
  </testcase>
  <testcase name="ファイル出力を比較する: Direction{ s_InputDir: data/input/20101207-5.0-S-H22-0021/character-test/pat-amnd/code-test-E0, s_OutputDir: data/output/html_amend/20101207-5.0-S-H22-0021/character-test/pat-amnd/code-test-E0} null" classname="jp.go.jpo.sa1s99.common.format.integration.HtmlToXmlForAmendApiIntegrationTest" time="0.0">
    <failure message="java.lang.IllegalArgumentException: Not implemented yet" type="java.lang.IllegalArgumentException">java.lang.IllegalArgumentException: Not implemented yet
	at jp.go.jpo.sa1s99.common.format.api.XmlToHtmlForAmendApi.execute(XmlToHtmlForAmendApi.java:32)
	at jp.go.jpo.sa1s99.common.format.integration.ExecuteXmlToHtmlForAmendApiByDirection.executeApi(ExecuteXmlToHtmlForAmendApiByDirection.java:26)
	at jp.go.jpo.sa1s99.common.format.integration.ExecuteXmlToHtmlForAmendApiByDirection.executeApi(ExecuteXmlToHtmlForAmendApiByDirection.java:13)
	at jp.go.jpo.sa1s99.common.format.integration.ExecuteApiByDirection.execute(ExecuteApiByDirection.java:28)
	at jp.go.jpo.sa1s99.common.format.integration.HtmlToXmlForAmendApiIntegrationTest.ファイル出力を比較する: #direction #parsedResult(HtmlToXmlForAmendApiIntegrationTest.groovy:29)
</failure>
  </testcase>
  <testcase name="ファイル出力を比較する: Direction{ s_InputDir: data/input/20101207-5.0-S-H22-0021/character-test/pat-amnd/code-test-E1, s_OutputDir: data/output/html_amend/20101207-5.0-S-H22-0021/character-test/pat-amnd/code-test-E1} null" classname="jp.go.jpo.sa1s99.common.format.integration.HtmlToXmlForAmendApiIntegrationTest" time="0.0">
    <failure message="java.lang.IllegalArgumentException: Not implemented yet" type="java.lang.IllegalArgumentException">java.lang.IllegalArgumentException: Not implemented yet
	at jp.go.jpo.sa1s99.common.format.api.XmlToHtmlForAmendApi.execute(XmlToHtmlForAmendApi.java:32)
	at jp.go.jpo.sa1s99.common.format.integration.ExecuteXmlToHtmlForAmendApiByDirection.executeApi(ExecuteXmlToHtmlForAmendApiByDirection.java:26)
	at jp.go.jpo.sa1s99.common.format.integration.ExecuteXmlToHtmlForAmendApiByDirection.executeApi(ExecuteXmlToHtmlForAmendApiByDirection.java:13)
	at jp.go.jpo.sa1s99.common.format.integration.ExecuteApiByDirection.execute(ExecuteApiByDirection.java:28)
	at jp.go.jpo.sa1s99.common.format.integration.HtmlToXmlForAmendApiIntegrationTest.ファイル出力を比較する: #direction #parsedResult(HtmlToXmlForAmendApiIntegrationTest.groovy:29)
</failure>
  </testcase>
  <testcase name="ファイル出力を比較する: Direction{ s_InputDir: data/input/20101207-5.0-S-H22-0021/character-test/pat-amnd/code-test-E2, s_OutputDir: data/output/html_amend/20101207-5.0-S-H22-0021/character-test/pat-amnd/code-test-E2} null" classname="jp.go.jpo.sa1s99.common.format.integration.HtmlToXmlForAmendApiIntegrationTest" time="0.0">
    <failure message="java.lang.IllegalArgumentException: Not implemented yet" type="java.lang.IllegalArgumentException">java.lang.IllegalArgumentException: Not implemented yet
	at jp.go.jpo.sa1s99.common.format.api.XmlToHtmlForAmendApi.execute(XmlToHtmlForAmendApi.java:32)
	at jp.go.jpo.sa1s99.common.format.integration.ExecuteXmlToHtmlForAmendApiByDirection.executeApi(ExecuteXmlToHtmlForAmendApiByDirection.java:26)
	at jp.go.jpo.sa1s99.common.format.integration.ExecuteXmlToHtmlForAmendApiByDirection.executeApi(ExecuteXmlToHtmlForAmendApiByDirection.java:13)
	at jp.go.jpo.sa1s99.common.format.integration.ExecuteApiByDirection.execute(ExecuteApiByDirection.java:28)
	at jp.go.jpo.sa1s99.common.format.integration.HtmlToXmlForAmendApiIntegrationTest.ファイル出力を比較する: #direction #parsedResult(HtmlToXmlForAmendApiIntegrationTest.groovy:29)
</failure>
  </testcase>
  <testcase name="ファイル出力を比較する: Direction{ s_InputDir: data/input/20101207-5.0-S-H22-0021/character-test/pat-amnd/code-test-E3, s_OutputDir: data/output/html_amend/20101207-5.0-S-H22-0021/character-test/pat-amnd/code-test-E3} null" classname="jp.go.jpo.sa1s99.common.format.integration.HtmlToXmlForAmendApiIntegrationTest" time="0.0">
    <failure message="java.lang.IllegalArgumentException: Not implemented yet" type="java.lang.IllegalArgumentException">java.lang.IllegalArgumentException: Not implemented yet
	at jp.go.jpo.sa1s99.common.format.api.XmlToHtmlForAmendApi.execute(XmlToHtmlForAmendApi.java:32)
	at jp.go.jpo.sa1s99.common.format.integration.ExecuteXmlToHtmlForAmendApiByDirection.executeApi(ExecuteXmlToHtmlForAmendApiByDirection.java:26)
	at jp.go.jpo.sa1s99.common.format.integration.ExecuteXmlToHtmlForAmendApiByDirection.executeApi(ExecuteXmlToHtmlForAmendApiByDirection.java:13)
	at jp.go.jpo.sa1s99.common.format.integration.ExecuteApiByDirection.execute(ExecuteApiByDirection.java:28)
	at jp.go.jpo.sa1s99.common.format.integration.HtmlToXmlForAmendApiIntegrationTest.ファイル出力を比較する: #direction #parsedResult(HtmlToXmlForAmendApiIntegrationTest.groovy:29)
</failure>
  </testcase>
  <testcase name="ファイル出力を比較する: Direction{ s_InputDir: data/input/20101207-5.0-S-H22-0021/character-test/pat-amnd/code-test-E4, s_OutputDir: data/output/html_amend/20101207-5.0-S-H22-0021/character-test/pat-amnd/code-test-E4} null" classname="jp.go.jpo.sa1s99.common.format.integration.HtmlToXmlForAmendApiIntegrationTest" time="0.016">
    <failure message="java.lang.IllegalArgumentException: Not implemented yet" type="java.lang.IllegalArgumentException">java.lang.IllegalArgumentException: Not implemented yet
	at jp.go.jpo.sa1s99.common.format.api.XmlToHtmlForAmendApi.execute(XmlToHtmlForAmendApi.java:32)
	at jp.go.jpo.sa1s99.common.format.integration.ExecuteXmlToHtmlForAmendApiByDirection.executeApi(ExecuteXmlToHtmlForAmendApiByDirection.java:26)
	at jp.go.jpo.sa1s99.common.format.integration.ExecuteXmlToHtmlForAmendApiByDirection.executeApi(ExecuteXmlToHtmlForAmendApiByDirection.java:13)
	at jp.go.jpo.sa1s99.common.format.integration.ExecuteApiByDirection.execute(ExecuteApiByDirection.java:28)
	at jp.go.jpo.sa1s99.common.format.integration.HtmlToXmlForAmendApiIntegrationTest.ファイル出力を比較する: #direction #parsedResult(HtmlToXmlForAmendApiIntegrationTest.groovy:29)
</failure>
  </testcase>
  <testcase name="ファイル出力を比較する: Direction{ s_InputDir: data/input/20101207-5.0-S-H22-0021/character-test/pat-amnd/code-test-E5, s_OutputDir: data/output/html_amend/20101207-5.0-S-H22-0021/character-test/pat-amnd/code-test-E5} null" classname="jp.go.jpo.sa1s99.common.format.integration.HtmlToXmlForAmendApiIntegrationTest" time="0.0">
    <failure message="java.lang.IllegalArgumentException: Not implemented yet" type="java.lang.IllegalArgumentException">java.lang.IllegalArgumentException: Not implemented yet
	at jp.go.jpo.sa1s99.common.format.api.XmlToHtmlForAmendApi.execute(XmlToHtmlForAmendApi.java:32)
	at jp.go.jpo.sa1s99.common.format.integration.ExecuteXmlToHtmlForAmendApiByDirection.executeApi(ExecuteXmlToHtmlForAmendApiByDirection.java:26)
	at jp.go.jpo.sa1s99.common.format.integration.ExecuteXmlToHtmlForAmendApiByDirection.executeApi(ExecuteXmlToHtmlForAmendApiByDirection.java:13)
	at jp.go.jpo.sa1s99.common.format.integration.ExecuteApiByDirection.execute(ExecuteApiByDirection.java:28)
	at jp.go.jpo.sa1s99.common.format.integration.HtmlToXmlForAmendApiIntegrationTest.ファイル出力を比較する: #direction #parsedResult(HtmlToXmlForAmendApiIntegrationTest.groovy:29)
</failure>
  </testcase>
  <testcase name="ファイル出力を比較する: Direction{ s_InputDir: data/input/20101207-5.0-S-H22-0021/character-test/pat-amnd/code-test-E6, s_OutputDir: data/output/html_amend/20101207-5.0-S-H22-0021/character-test/pat-amnd/code-test-E6} null" classname="jp.go.jpo.sa1s99.common.format.integration.HtmlToXmlForAmendApiIntegrationTest" time="0.0">
    <failure message="java.lang.IllegalArgumentException: Not implemented yet" type="java.lang.IllegalArgumentException">java.lang.IllegalArgumentException: Not implemented yet
	at jp.go.jpo.sa1s99.common.format.api.XmlToHtmlForAmendApi.execute(XmlToHtmlForAmendApi.java:32)
	at jp.go.jpo.sa1s99.common.format.integration.ExecuteXmlToHtmlForAmendApiByDirection.executeApi(ExecuteXmlToHtmlForAmendApiByDirection.java:26)
	at jp.go.jpo.sa1s99.common.format.integration.ExecuteXmlToHtmlForAmendApiByDirection.executeApi(ExecuteXmlToHtmlForAmendApiByDirection.java:13)
	at jp.go.jpo.sa1s99.common.format.integration.ExecuteApiByDirection.execute(ExecuteApiByDirection.java:28)
	at jp.go.jpo.sa1s99.common.format.integration.HtmlToXmlForAmendApiIntegrationTest.ファイル出力を比較する: #direction #parsedResult(HtmlToXmlForAmendApiIntegrationTest.groovy:29)
</failure>
  </testcase>
  <testcase name="ファイル出力を比較する: Direction{ s_InputDir: data/input/20101207-5.0-S-H22-0021/character-test/pat-amnd/code-test-E7, s_OutputDir: data/output/html_amend/20101207-5.0-S-H22-0021/character-test/pat-amnd/code-test-E7} null" classname="jp.go.jpo.sa1s99.common.format.integration.HtmlToXmlForAmendApiIntegrationTest" time="0.0">
    <failure message="java.lang.IllegalArgumentException: Not implemented yet" type="java.lang.IllegalArgumentException">java.lang.IllegalArgumentException: Not implemented yet
	at jp.go.jpo.sa1s99.common.format.api.XmlToHtmlForAmendApi.execute(XmlToHtmlForAmendApi.java:32)
	at jp.go.jpo.sa1s99.common.format.integration.ExecuteXmlToHtmlForAmendApiByDirection.executeApi(ExecuteXmlToHtmlForAmendApiByDirection.java:26)
	at jp.go.jpo.sa1s99.common.format.integration.ExecuteXmlToHtmlForAmendApiByDirection.executeApi(ExecuteXmlToHtmlForAmendApiByDirection.java:13)
	at jp.go.jpo.sa1s99.common.format.integration.ExecuteApiByDirection.execute(ExecuteApiByDirection.java:28)
	at jp.go.jpo.sa1s99.common.format.integration.HtmlToXmlForAmendApiIntegrationTest.ファイル出力を比較する: #direction #parsedResult(HtmlToXmlForAmendApiIntegrationTest.groovy:29)
</failure>
  </testcase>
  <testcase name="ファイル出力を比較する: Direction{ s_InputDir: data/input/20101207-5.0-S-H22-0021/character-test/pat-amnd/code-test-E8, s_OutputDir: data/output/html_amend/20101207-5.0-S-H22-0021/character-test/pat-amnd/code-test-E8} null" classname="jp.go.jpo.sa1s99.common.format.integration.HtmlToXmlForAmendApiIntegrationTest" time="0.021">
    <failure message="java.lang.IllegalArgumentException: Not implemented yet" type="java.lang.IllegalArgumentException">java.lang.IllegalArgumentException: Not implemented yet
	at jp.go.jpo.sa1s99.common.format.api.XmlToHtmlForAmendApi.execute(XmlToHtmlForAmendApi.java:32)
	at jp.go.jpo.sa1s99.common.format.integration.ExecuteXmlToHtmlForAmendApiByDirection.executeApi(ExecuteXmlToHtmlForAmendApiByDirection.java:26)
	at jp.go.jpo.sa1s99.common.format.integration.ExecuteXmlToHtmlForAmendApiByDirection.executeApi(ExecuteXmlToHtmlForAmendApiByDirection.java:13)
	at jp.go.jpo.sa1s99.common.format.integration.ExecuteApiByDirection.execute(ExecuteApiByDirection.java:28)
	at jp.go.jpo.sa1s99.common.format.integration.HtmlToXmlForAmendApiIntegrationTest.ファイル出力を比較する: #direction #parsedResult(HtmlToXmlForAmendApiIntegrationTest.groovy:29)
</failure>
  </testcase>
  <testcase name="ファイル出力を比較する: Direction{ s_InputDir: data/input/20101207-5.0-S-H22-0021/character-test/pat-amnd/code-test-E9, s_OutputDir: data/output/html_amend/20101207-5.0-S-H22-0021/character-test/pat-amnd/code-test-E9} null" classname="jp.go.jpo.sa1s99.common.format.integration.HtmlToXmlForAmendApiIntegrationTest" time="0.0">
    <failure message="java.lang.IllegalArgumentException: Not implemented yet" type="java.lang.IllegalArgumentException">java.lang.IllegalArgumentException: Not implemented yet
	at jp.go.jpo.sa1s99.common.format.api.XmlToHtmlForAmendApi.execute(XmlToHtmlForAmendApi.java:32)
	at jp.go.jpo.sa1s99.common.format.integration.ExecuteXmlToHtmlForAmendApiByDirection.executeApi(ExecuteXmlToHtmlForAmendApiByDirection.java:26)
	at jp.go.jpo.sa1s99.common.format.integration.ExecuteXmlToHtmlForAmendApiByDirection.executeApi(ExecuteXmlToHtmlForAmendApiByDirection.java:13)
	at jp.go.jpo.sa1s99.common.format.integration.ExecuteApiByDirection.execute(ExecuteApiByDirection.java:28)
	at jp.go.jpo.sa1s99.common.format.integration.HtmlToXmlForAmendApiIntegrationTest.ファイル出力を比較する: #direction #parsedResult(HtmlToXmlForAmendApiIntegrationTest.groovy:29)
</failure>
  </testcase>
  <testcase name="ファイル出力を比較する: Direction{ s_InputDir: data/input/20101207-5.0-S-H22-0021/character-test/pat-amnd/code-test-EA, s_OutputDir: data/output/html_amend/20101207-5.0-S-H22-0021/character-test/pat-amnd/code-test-EA} null" classname="jp.go.jpo.sa1s99.common.format.integration.HtmlToXmlForAmendApiIntegrationTest" time="0.0">
    <failure message="java.lang.IllegalArgumentException: Not implemented yet" type="java.lang.IllegalArgumentException">java.lang.IllegalArgumentException: Not implemented yet
	at jp.go.jpo.sa1s99.common.format.api.XmlToHtmlForAmendApi.execute(XmlToHtmlForAmendApi.java:32)
	at jp.go.jpo.sa1s99.common.format.integration.ExecuteXmlToHtmlForAmendApiByDirection.executeApi(ExecuteXmlToHtmlForAmendApiByDirection.java:26)
	at jp.go.jpo.sa1s99.common.format.integration.ExecuteXmlToHtmlForAmendApiByDirection.executeApi(ExecuteXmlToHtmlForAmendApiByDirection.java:13)
	at jp.go.jpo.sa1s99.common.format.integration.ExecuteApiByDirection.execute(ExecuteApiByDirection.java:28)
	at jp.go.jpo.sa1s99.common.format.integration.HtmlToXmlForAmendApiIntegrationTest.ファイル出力を比較する: #direction #parsedResult(HtmlToXmlForAmendApiIntegrationTest.groovy:29)
</failure>
  </testcase>
  <testcase name="ファイル出力を比較する: Direction{ s_InputDir: data/input/20101207-5.0-S-H22-0021/character-test/pat-amnd/code-test-EB, s_OutputDir: data/output/html_amend/20101207-5.0-S-H22-0021/character-test/pat-amnd/code-test-EB} null" classname="jp.go.jpo.sa1s99.common.format.integration.HtmlToXmlForAmendApiIntegrationTest" time="0.0">
    <failure message="java.lang.IllegalArgumentException: Not implemented yet" type="java.lang.IllegalArgumentException">java.lang.IllegalArgumentException: Not implemented yet
	at jp.go.jpo.sa1s99.common.format.api.XmlToHtmlForAmendApi.execute(XmlToHtmlForAmendApi.java:32)
	at jp.go.jpo.sa1s99.common.format.integration.ExecuteXmlToHtmlForAmendApiByDirection.executeApi(ExecuteXmlToHtmlForAmendApiByDirection.java:26)
	at jp.go.jpo.sa1s99.common.format.integration.ExecuteXmlToHtmlForAmendApiByDirection.executeApi(ExecuteXmlToHtmlForAmendApiByDirection.java:13)
	at jp.go.jpo.sa1s99.common.format.integration.ExecuteApiByDirection.execute(ExecuteApiByDirection.java:28)
	at jp.go.jpo.sa1s99.common.format.integration.HtmlToXmlForAmendApiIntegrationTest.ファイル出力を比較する: #direction #parsedResult(HtmlToXmlForAmendApiIntegrationTest.groovy:29)
</failure>
  </testcase>
  <testcase name="ファイル出力を比較する: Direction{ s_InputDir: data/input/20101207-5.0-S-H22-0021/character-test/pat-amnd/code-test-EC, s_OutputDir: data/output/html_amend/20101207-5.0-S-H22-0021/character-test/pat-amnd/code-test-EC} null" classname="jp.go.jpo.sa1s99.common.format.integration.HtmlToXmlForAmendApiIntegrationTest" time="0.016">
    <failure message="java.lang.IllegalArgumentException: Not implemented yet" type="java.lang.IllegalArgumentException">java.lang.IllegalArgumentException: Not implemented yet
	at jp.go.jpo.sa1s99.common.format.api.XmlToHtmlForAmendApi.execute(XmlToHtmlForAmendApi.java:32)
	at jp.go.jpo.sa1s99.common.format.integration.ExecuteXmlToHtmlForAmendApiByDirection.executeApi(ExecuteXmlToHtmlForAmendApiByDirection.java:26)
	at jp.go.jpo.sa1s99.common.format.integration.ExecuteXmlToHtmlForAmendApiByDirection.executeApi(ExecuteXmlToHtmlForAmendApiByDirection.java:13)
	at jp.go.jpo.sa1s99.common.format.integration.ExecuteApiByDirection.execute(ExecuteApiByDirection.java:28)
	at jp.go.jpo.sa1s99.common.format.integration.HtmlToXmlForAmendApiIntegrationTest.ファイル出力を比較する: #direction #parsedResult(HtmlToXmlForAmendApiIntegrationTest.groovy:29)
</failure>
  </testcase>
  <testcase name="ファイル出力を比較する: Direction{ s_InputDir: data/input/20101207-5.0-S-H22-0021/character-test/pat-amnd/code-test-ED, s_OutputDir: data/output/html_amend/20101207-5.0-S-H22-0021/character-test/pat-amnd/code-test-ED} null" classname="jp.go.jpo.sa1s99.common.format.integration.HtmlToXmlForAmendApiIntegrationTest" time="0.0">
    <failure message="java.lang.IllegalArgumentException: Not implemented yet" type="java.lang.IllegalArgumentException">java.lang.IllegalArgumentException: Not implemented yet
	at jp.go.jpo.sa1s99.common.format.api.XmlToHtmlForAmendApi.execute(XmlToHtmlForAmendApi.java:32)
	at jp.go.jpo.sa1s99.common.format.integration.ExecuteXmlToHtmlForAmendApiByDirection.executeApi(ExecuteXmlToHtmlForAmendApiByDirection.java:26)
	at jp.go.jpo.sa1s99.common.format.integration.ExecuteXmlToHtmlForAmendApiByDirection.executeApi(ExecuteXmlToHtmlForAmendApiByDirection.java:13)
	at jp.go.jpo.sa1s99.common.format.integration.ExecuteApiByDirection.execute(ExecuteApiByDirection.java:28)
	at jp.go.jpo.sa1s99.common.format.integration.HtmlToXmlForAmendApiIntegrationTest.ファイル出力を比較する: #direction #parsedResult(HtmlToXmlForAmendApiIntegrationTest.groovy:29)
</failure>
  </testcase>
  <testcase name="ファイル出力を比較する: Direction{ s_InputDir: data/input/20101207-5.0-S-H22-0021/character-test/pat-amnd/code-test-EE, s_OutputDir: data/output/html_amend/20101207-5.0-S-H22-0021/character-test/pat-amnd/code-test-EE} null" classname="jp.go.jpo.sa1s99.common.format.integration.HtmlToXmlForAmendApiIntegrationTest" time="0.0">
    <failure message="java.lang.IllegalArgumentException: Not implemented yet" type="java.lang.IllegalArgumentException">java.lang.IllegalArgumentException: Not implemented yet
	at jp.go.jpo.sa1s99.common.format.api.XmlToHtmlForAmendApi.execute(XmlToHtmlForAmendApi.java:32)
	at jp.go.jpo.sa1s99.common.format.integration.ExecuteXmlToHtmlForAmendApiByDirection.executeApi(ExecuteXmlToHtmlForAmendApiByDirection.java:26)
	at jp.go.jpo.sa1s99.common.format.integration.ExecuteXmlToHtmlForAmendApiByDirection.executeApi(ExecuteXmlToHtmlForAmendApiByDirection.java:13)
	at jp.go.jpo.sa1s99.common.format.integration.ExecuteApiByDirection.execute(ExecuteApiByDirection.java:28)
	at jp.go.jpo.sa1s99.common.format.integration.HtmlToXmlForAmendApiIntegrationTest.ファイル出力を比較する: #direction #parsedResult(HtmlToXmlForAmendApiIntegrationTest.groovy:29)
</failure>
  </testcase>
  <testcase name="ファイル出力を比較する: Direction{ s_InputDir: data/input/20101207-5.0-S-H22-0021/character-test/pat-amnd/code-test-EF, s_OutputDir: data/output/html_amend/20101207-5.0-S-H22-0021/character-test/pat-amnd/code-test-EF} null" classname="jp.go.jpo.sa1s99.common.format.integration.HtmlToXmlForAmendApiIntegrationTest" time="0.0">
    <failure message="java.lang.IllegalArgumentException: Not implemented yet" type="java.lang.IllegalArgumentException">java.lang.IllegalArgumentException: Not implemented yet
	at jp.go.jpo.sa1s99.common.format.api.XmlToHtmlForAmendApi.execute(XmlToHtmlForAmendApi.java:32)
	at jp.go.jpo.sa1s99.common.format.integration.ExecuteXmlToHtmlForAmendApiByDirection.executeApi(ExecuteXmlToHtmlForAmendApiByDirection.java:26)
	at jp.go.jpo.sa1s99.common.format.integration.ExecuteXmlToHtmlForAmendApiByDirection.executeApi(ExecuteXmlToHtmlForAmendApiByDirection.java:13)
	at jp.go.jpo.sa1s99.common.format.integration.ExecuteApiByDirection.execute(ExecuteApiByDirection.java:28)
	at jp.go.jpo.sa1s99.common.format.integration.HtmlToXmlForAmendApiIntegrationTest.ファイル出力を比較する: #direction #parsedResult(HtmlToXmlForAmendApiIntegrationTest.groovy:29)
</failure>
  </testcase>
  <testcase name="ファイル出力を比較する: Direction{ s_InputDir: data/input/20101207-5.0-S-H22-0021/character-test/pat-amnd/code-test-F0, s_OutputDir: data/output/html_amend/20101207-5.0-S-H22-0021/character-test/pat-amnd/code-test-F0} null" classname="jp.go.jpo.sa1s99.common.format.integration.HtmlToXmlForAmendApiIntegrationTest" time="0.0">
    <failure message="java.lang.IllegalArgumentException: Not implemented yet" type="java.lang.IllegalArgumentException">java.lang.IllegalArgumentException: Not implemented yet
	at jp.go.jpo.sa1s99.common.format.api.XmlToHtmlForAmendApi.execute(XmlToHtmlForAmendApi.java:32)
	at jp.go.jpo.sa1s99.common.format.integration.ExecuteXmlToHtmlForAmendApiByDirection.executeApi(ExecuteXmlToHtmlForAmendApiByDirection.java:26)
	at jp.go.jpo.sa1s99.common.format.integration.ExecuteXmlToHtmlForAmendApiByDirection.executeApi(ExecuteXmlToHtmlForAmendApiByDirection.java:13)
	at jp.go.jpo.sa1s99.common.format.integration.ExecuteApiByDirection.execute(ExecuteApiByDirection.java:28)
	at jp.go.jpo.sa1s99.common.format.integration.HtmlToXmlForAmendApiIntegrationTest.ファイル出力を比較する: #direction #parsedResult(HtmlToXmlForAmendApiIntegrationTest.groovy:29)
</failure>
  </testcase>
  <testcase name="ファイル出力を比較する: Direction{ s_InputDir: data/input/20101207-5.0-S-H22-0021/character-test/pat-amnd/code-test-F1, s_OutputDir: data/output/html_amend/20101207-5.0-S-H22-0021/character-test/pat-amnd/code-test-F1} null" classname="jp.go.jpo.sa1s99.common.format.integration.HtmlToXmlForAmendApiIntegrationTest" time="0.016">
    <failure message="java.lang.IllegalArgumentException: Not implemented yet" type="java.lang.IllegalArgumentException">java.lang.IllegalArgumentException: Not implemented yet
	at jp.go.jpo.sa1s99.common.format.api.XmlToHtmlForAmendApi.execute(XmlToHtmlForAmendApi.java:32)
	at jp.go.jpo.sa1s99.common.format.integration.ExecuteXmlToHtmlForAmendApiByDirection.executeApi(ExecuteXmlToHtmlForAmendApiByDirection.java:26)
	at jp.go.jpo.sa1s99.common.format.integration.ExecuteXmlToHtmlForAmendApiByDirection.executeApi(ExecuteXmlToHtmlForAmendApiByDirection.java:13)
	at jp.go.jpo.sa1s99.common.format.integration.ExecuteApiByDirection.execute(ExecuteApiByDirection.java:28)
	at jp.go.jpo.sa1s99.common.format.integration.HtmlToXmlForAmendApiIntegrationTest.ファイル出力を比較する: #direction #parsedResult(HtmlToXmlForAmendApiIntegrationTest.groovy:29)
</failure>
  </testcase>
  <testcase name="ファイル出力を比較する: Direction{ s_InputDir: data/input/20101207-5.0-S-H22-0021/character-test/pat-amnd/code-test-F2, s_OutputDir: data/output/html_amend/20101207-5.0-S-H22-0021/character-test/pat-amnd/code-test-F2} null" classname="jp.go.jpo.sa1s99.common.format.integration.HtmlToXmlForAmendApiIntegrationTest" time="0.0">
    <failure message="java.lang.IllegalArgumentException: Not implemented yet" type="java.lang.IllegalArgumentException">java.lang.IllegalArgumentException: Not implemented yet
	at jp.go.jpo.sa1s99.common.format.api.XmlToHtmlForAmendApi.execute(XmlToHtmlForAmendApi.java:32)
	at jp.go.jpo.sa1s99.common.format.integration.ExecuteXmlToHtmlForAmendApiByDirection.executeApi(ExecuteXmlToHtmlForAmendApiByDirection.java:26)
	at jp.go.jpo.sa1s99.common.format.integration.ExecuteXmlToHtmlForAmendApiByDirection.executeApi(ExecuteXmlToHtmlForAmendApiByDirection.java:13)
	at jp.go.jpo.sa1s99.common.format.integration.ExecuteApiByDirection.execute(ExecuteApiByDirection.java:28)
	at jp.go.jpo.sa1s99.common.format.integration.HtmlToXmlForAmendApiIntegrationTest.ファイル出力を比較する: #direction #parsedResult(HtmlToXmlForAmendApiIntegrationTest.groovy:29)
</failure>
  </testcase>
  <testcase name="ファイル出力を比較する: Direction{ s_InputDir: data/input/20101207-5.0-S-H22-0021/character-test/pat-amnd/code-test-F3, s_OutputDir: data/output/html_amend/20101207-5.0-S-H22-0021/character-test/pat-amnd/code-test-F3} null" classname="jp.go.jpo.sa1s99.common.format.integration.HtmlToXmlForAmendApiIntegrationTest" time="0.0">
    <failure message="java.lang.IllegalArgumentException: Not implemented yet" type="java.lang.IllegalArgumentException">java.lang.IllegalArgumentException: Not implemented yet
	at jp.go.jpo.sa1s99.common.format.api.XmlToHtmlForAmendApi.execute(XmlToHtmlForAmendApi.java:32)
	at jp.go.jpo.sa1s99.common.format.integration.ExecuteXmlToHtmlForAmendApiByDirection.executeApi(ExecuteXmlToHtmlForAmendApiByDirection.java:26)
	at jp.go.jpo.sa1s99.common.format.integration.ExecuteXmlToHtmlForAmendApiByDirection.executeApi(ExecuteXmlToHtmlForAmendApiByDirection.java:13)
	at jp.go.jpo.sa1s99.common.format.integration.ExecuteApiByDirection.execute(ExecuteApiByDirection.java:28)
	at jp.go.jpo.sa1s99.common.format.integration.HtmlToXmlForAmendApiIntegrationTest.ファイル出力を比較する: #direction #parsedResult(HtmlToXmlForAmendApiIntegrationTest.groovy:29)
</failure>
  </testcase>
  <testcase name="ファイル出力を比較する: Direction{ s_InputDir: data/input/20101207-5.0-S-H22-0021/character-test/pat-amnd/code-test-F4, s_OutputDir: data/output/html_amend/20101207-5.0-S-H22-0021/character-test/pat-amnd/code-test-F4} null" classname="jp.go.jpo.sa1s99.common.format.integration.HtmlToXmlForAmendApiIntegrationTest" time="0.0">
    <failure message="java.lang.IllegalArgumentException: Not implemented yet" type="java.lang.IllegalArgumentException">java.lang.IllegalArgumentException: Not implemented yet
	at jp.go.jpo.sa1s99.common.format.api.XmlToHtmlForAmendApi.execute(XmlToHtmlForAmendApi.java:32)
	at jp.go.jpo.sa1s99.common.format.integration.ExecuteXmlToHtmlForAmendApiByDirection.executeApi(ExecuteXmlToHtmlForAmendApiByDirection.java:26)
	at jp.go.jpo.sa1s99.common.format.integration.ExecuteXmlToHtmlForAmendApiByDirection.executeApi(ExecuteXmlToHtmlForAmendApiByDirection.java:13)
	at jp.go.jpo.sa1s99.common.format.integration.ExecuteApiByDirection.execute(ExecuteApiByDirection.java:28)
	at jp.go.jpo.sa1s99.common.format.integration.HtmlToXmlForAmendApiIntegrationTest.ファイル出力を比較する: #direction #parsedResult(HtmlToXmlForAmendApiIntegrationTest.groovy:29)
</failure>
  </testcase>
  <testcase name="ファイル出力を比較する: Direction{ s_InputDir: data/input/20101207-5.0-S-H22-0021/character-test/pat-amnd/code-test-F5, s_OutputDir: data/output/html_amend/20101207-5.0-S-H22-0021/character-test/pat-amnd/code-test-F5} null" classname="jp.go.jpo.sa1s99.common.format.integration.HtmlToXmlForAmendApiIntegrationTest" time="0.0">
    <failure message="java.lang.IllegalArgumentException: Not implemented yet" type="java.lang.IllegalArgumentException">java.lang.IllegalArgumentException: Not implemented yet
	at jp.go.jpo.sa1s99.common.format.api.XmlToHtmlForAmendApi.execute(XmlToHtmlForAmendApi.java:32)
	at jp.go.jpo.sa1s99.common.format.integration.ExecuteXmlToHtmlForAmendApiByDirection.executeApi(ExecuteXmlToHtmlForAmendApiByDirection.java:26)
	at jp.go.jpo.sa1s99.common.format.integration.ExecuteXmlToHtmlForAmendApiByDirection.executeApi(ExecuteXmlToHtmlForAmendApiByDirection.java:13)
	at jp.go.jpo.sa1s99.common.format.integration.ExecuteApiByDirection.execute(ExecuteApiByDirection.java:28)
	at jp.go.jpo.sa1s99.common.format.integration.HtmlToXmlForAmendApiIntegrationTest.ファイル出力を比較する: #direction #parsedResult(HtmlToXmlForAmendApiIntegrationTest.groovy:29)
</failure>
  </testcase>
  <testcase name="ファイル出力を比較する: Direction{ s_InputDir: data/input/20101207-5.0-S-H22-0021/character-test/pat-amnd/code-test-F6, s_OutputDir: data/output/html_amend/20101207-5.0-S-H22-0021/character-test/pat-amnd/code-test-F6} null" classname="jp.go.jpo.sa1s99.common.format.integration.HtmlToXmlForAmendApiIntegrationTest" time="0.015">
    <failure message="java.lang.IllegalArgumentException: Not implemented yet" type="java.lang.IllegalArgumentException">java.lang.IllegalArgumentException: Not implemented yet
	at jp.go.jpo.sa1s99.common.format.api.XmlToHtmlForAmendApi.execute(XmlToHtmlForAmendApi.java:32)
	at jp.go.jpo.sa1s99.common.format.integration.ExecuteXmlToHtmlForAmendApiByDirection.executeApi(ExecuteXmlToHtmlForAmendApiByDirection.java:26)
	at jp.go.jpo.sa1s99.common.format.integration.ExecuteXmlToHtmlForAmendApiByDirection.executeApi(ExecuteXmlToHtmlForAmendApiByDirection.java:13)
	at jp.go.jpo.sa1s99.common.format.integration.ExecuteApiByDirection.execute(ExecuteApiByDirection.java:28)
	at jp.go.jpo.sa1s99.common.format.integration.HtmlToXmlForAmendApiIntegrationTest.ファイル出力を比較する: #direction #parsedResult(HtmlToXmlForAmendApiIntegrationTest.groovy:29)
</failure>
  </testcase>
  <testcase name="ファイル出力を比較する: Direction{ s_InputDir: data/input/20101207-5.0-S-H22-0021/character-test/pat-amnd/code-test-F7, s_OutputDir: data/output/html_amend/20101207-5.0-S-H22-0021/character-test/pat-amnd/code-test-F7} null" classname="jp.go.jpo.sa1s99.common.format.integration.HtmlToXmlForAmendApiIntegrationTest" time="0.0">
    <failure message="java.lang.IllegalArgumentException: Not implemented yet" type="java.lang.IllegalArgumentException">java.lang.IllegalArgumentException: Not implemented yet
	at jp.go.jpo.sa1s99.common.format.api.XmlToHtmlForAmendApi.execute(XmlToHtmlForAmendApi.java:32)
	at jp.go.jpo.sa1s99.common.format.integration.ExecuteXmlToHtmlForAmendApiByDirection.executeApi(ExecuteXmlToHtmlForAmendApiByDirection.java:26)
	at jp.go.jpo.sa1s99.common.format.integration.ExecuteXmlToHtmlForAmendApiByDirection.executeApi(ExecuteXmlToHtmlForAmendApiByDirection.java:13)
	at jp.go.jpo.sa1s99.common.format.integration.ExecuteApiByDirection.execute(ExecuteApiByDirection.java:28)
	at jp.go.jpo.sa1s99.common.format.integration.HtmlToXmlForAmendApiIntegrationTest.ファイル出力を比較する: #direction #parsedResult(HtmlToXmlForAmendApiIntegrationTest.groovy:29)
</failure>
  </testcase>
  <testcase name="ファイル出力を比較する: Direction{ s_InputDir: data/input/20101207-5.0-S-H22-0021/character-test/pat-amnd/code-test-F8, s_OutputDir: data/output/html_amend/20101207-5.0-S-H22-0021/character-test/pat-amnd/code-test-F8} null" classname="jp.go.jpo.sa1s99.common.format.integration.HtmlToXmlForAmendApiIntegrationTest" time="0.0">
    <failure message="java.lang.IllegalArgumentException: Not implemented yet" type="java.lang.IllegalArgumentException">java.lang.IllegalArgumentException: Not implemented yet
	at jp.go.jpo.sa1s99.common.format.api.XmlToHtmlForAmendApi.execute(XmlToHtmlForAmendApi.java:32)
	at jp.go.jpo.sa1s99.common.format.integration.ExecuteXmlToHtmlForAmendApiByDirection.executeApi(ExecuteXmlToHtmlForAmendApiByDirection.java:26)
	at jp.go.jpo.sa1s99.common.format.integration.ExecuteXmlToHtmlForAmendApiByDirection.executeApi(ExecuteXmlToHtmlForAmendApiByDirection.java:13)
	at jp.go.jpo.sa1s99.common.format.integration.ExecuteApiByDirection.execute(ExecuteApiByDirection.java:28)
	at jp.go.jpo.sa1s99.common.format.integration.HtmlToXmlForAmendApiIntegrationTest.ファイル出力を比較する: #direction #parsedResult(HtmlToXmlForAmendApiIntegrationTest.groovy:29)
</failure>
  </testcase>
  <testcase name="ファイル出力を比較する: Direction{ s_InputDir: data/input/20101207-5.0-S-H22-0021/character-test/pat-amnd/code-test-F9, s_OutputDir: data/output/html_amend/20101207-5.0-S-H22-0021/character-test/pat-amnd/code-test-F9} null" classname="jp.go.jpo.sa1s99.common.format.integration.HtmlToXmlForAmendApiIntegrationTest" time="0.0">
    <failure message="java.lang.IllegalArgumentException: Not implemented yet" type="java.lang.IllegalArgumentException">java.lang.IllegalArgumentException: Not implemented yet
	at jp.go.jpo.sa1s99.common.format.api.XmlToHtmlForAmendApi.execute(XmlToHtmlForAmendApi.java:32)
	at jp.go.jpo.sa1s99.common.format.integration.ExecuteXmlToHtmlForAmendApiByDirection.executeApi(ExecuteXmlToHtmlForAmendApiByDirection.java:26)
	at jp.go.jpo.sa1s99.common.format.integration.ExecuteXmlToHtmlForAmendApiByDirection.executeApi(ExecuteXmlToHtmlForAmendApiByDirection.java:13)
	at jp.go.jpo.sa1s99.common.format.integration.ExecuteApiByDirection.execute(ExecuteApiByDirection.java:28)
	at jp.go.jpo.sa1s99.common.format.integration.HtmlToXmlForAmendApiIntegrationTest.ファイル出力を比較する: #direction #parsedResult(HtmlToXmlForAmendApiIntegrationTest.groovy:29)
</failure>
  </testcase>
  <testcase name="ファイル出力を比較する: Direction{ s_InputDir: data/input/20101207-5.0-S-H22-0021/character-test/pat-amnd/code-test-FA, s_OutputDir: data/output/html_amend/20101207-5.0-S-H22-0021/character-test/pat-amnd/code-test-FA} null" classname="jp.go.jpo.sa1s99.common.format.integration.HtmlToXmlForAmendApiIntegrationTest" time="0.0">
    <failure message="java.lang.IllegalArgumentException: Not implemented yet" type="java.lang.IllegalArgumentException">java.lang.IllegalArgumentException: Not implemented yet
	at jp.go.jpo.sa1s99.common.format.api.XmlToHtmlForAmendApi.execute(XmlToHtmlForAmendApi.java:32)
	at jp.go.jpo.sa1s99.common.format.integration.ExecuteXmlToHtmlForAmendApiByDirection.executeApi(ExecuteXmlToHtmlForAmendApiByDirection.java:26)
	at jp.go.jpo.sa1s99.common.format.integration.ExecuteXmlToHtmlForAmendApiByDirection.executeApi(ExecuteXmlToHtmlForAmendApiByDirection.java:13)
	at jp.go.jpo.sa1s99.common.format.integration.ExecuteApiByDirection.execute(ExecuteApiByDirection.java:28)
	at jp.go.jpo.sa1s99.common.format.integration.HtmlToXmlForAmendApiIntegrationTest.ファイル出力を比較する: #direction #parsedResult(HtmlToXmlForAmendApiIntegrationTest.groovy:29)
</failure>
  </testcase>
  <testcase name="ファイル出力を比較する: Direction{ s_InputDir: data/input/20101207-5.0-S-H22-0021/character-test/pat-amnd/code-test-FB, s_OutputDir: data/output/html_amend/20101207-5.0-S-H22-0021/character-test/pat-amnd/code-test-FB} null" classname="jp.go.jpo.sa1s99.common.format.integration.HtmlToXmlForAmendApiIntegrationTest" time="0.0">
    <failure message="java.lang.IllegalArgumentException: Not implemented yet" type="java.lang.IllegalArgumentException">java.lang.IllegalArgumentException: Not implemented yet
	at jp.go.jpo.sa1s99.common.format.api.XmlToHtmlForAmendApi.execute(XmlToHtmlForAmendApi.java:32)
	at jp.go.jpo.sa1s99.common.format.integration.ExecuteXmlToHtmlForAmendApiByDirection.executeApi(ExecuteXmlToHtmlForAmendApiByDirection.java:26)
	at jp.go.jpo.sa1s99.common.format.integration.ExecuteXmlToHtmlForAmendApiByDirection.executeApi(ExecuteXmlToHtmlForAmendApiByDirection.java:13)
	at jp.go.jpo.sa1s99.common.format.integration.ExecuteApiByDirection.execute(ExecuteApiByDirection.java:28)
	at jp.go.jpo.sa1s99.common.format.integration.HtmlToXmlForAmendApiIntegrationTest.ファイル出力を比較する: #direction #parsedResult(HtmlToXmlForAmendApiIntegrationTest.groovy:29)
</failure>
  </testcase>
  <testcase name="ファイル出力を比較する: Direction{ s_InputDir: data/input/20101207-5.0-S-H22-0021/character-test/pat-amnd/code-test-FC, s_OutputDir: data/output/html_amend/20101207-5.0-S-H22-0021/character-test/pat-amnd/code-test-FC} null" classname="jp.go.jpo.sa1s99.common.format.integration.HtmlToXmlForAmendApiIntegrationTest" time="0.016">
    <failure message="java.lang.IllegalArgumentException: Not implemented yet" type="java.lang.IllegalArgumentException">java.lang.IllegalArgumentException: Not implemented yet
	at jp.go.jpo.sa1s99.common.format.api.XmlToHtmlForAmendApi.execute(XmlToHtmlForAmendApi.java:32)
	at jp.go.jpo.sa1s99.common.format.integration.ExecuteXmlToHtmlForAmendApiByDirection.executeApi(ExecuteXmlToHtmlForAmendApiByDirection.java:26)
	at jp.go.jpo.sa1s99.common.format.integration.ExecuteXmlToHtmlForAmendApiByDirection.executeApi(ExecuteXmlToHtmlForAmendApiByDirection.java:13)
	at jp.go.jpo.sa1s99.common.format.integration.ExecuteApiByDirection.execute(ExecuteApiByDirection.java:28)
	at jp.go.jpo.sa1s99.common.format.integration.HtmlToXmlForAmendApiIntegrationTest.ファイル出力を比較する: #direction #parsedResult(HtmlToXmlForAmendApiIntegrationTest.groovy:29)
</failure>
  </testcase>
  <testcase name="ファイル出力を比較する: Direction{ s_InputDir: data/input/20101207-5.0-S-H22-0021/character-test/pat-amnd/code-test-FD, s_OutputDir: data/output/html_amend/20101207-5.0-S-H22-0021/character-test/pat-amnd/code-test-FD} null" classname="jp.go.jpo.sa1s99.common.format.integration.HtmlToXmlForAmendApiIntegrationTest" time="0.0">
    <failure message="java.lang.IllegalArgumentException: Not implemented yet" type="java.lang.IllegalArgumentException">java.lang.IllegalArgumentException: Not implemented yet
	at jp.go.jpo.sa1s99.common.format.api.XmlToHtmlForAmendApi.execute(XmlToHtmlForAmendApi.java:32)
	at jp.go.jpo.sa1s99.common.format.integration.ExecuteXmlToHtmlForAmendApiByDirection.executeApi(ExecuteXmlToHtmlForAmendApiByDirection.java:26)
	at jp.go.jpo.sa1s99.common.format.integration.ExecuteXmlToHtmlForAmendApiByDirection.executeApi(ExecuteXmlToHtmlForAmendApiByDirection.java:13)
	at jp.go.jpo.sa1s99.common.format.integration.ExecuteApiByDirection.execute(ExecuteApiByDirection.java:28)
	at jp.go.jpo.sa1s99.common.format.integration.HtmlToXmlForAmendApiIntegrationTest.ファイル出力を比較する: #direction #parsedResult(HtmlToXmlForAmendApiIntegrationTest.groovy:29)
</failure>
  </testcase>
  <testcase name="ファイル出力を比較する: Direction{ s_InputDir: data/input/20101207-5.0-S-H22-0021/character-test/pat-amnd/code-test-FE, s_OutputDir: data/output/html_amend/20101207-5.0-S-H22-0021/character-test/pat-amnd/code-test-FE} null" classname="jp.go.jpo.sa1s99.common.format.integration.HtmlToXmlForAmendApiIntegrationTest" time="0.0">
    <failure message="java.lang.IllegalArgumentException: Not implemented yet" type="java.lang.IllegalArgumentException">java.lang.IllegalArgumentException: Not implemented yet
	at jp.go.jpo.sa1s99.common.format.api.XmlToHtmlForAmendApi.execute(XmlToHtmlForAmendApi.java:32)
	at jp.go.jpo.sa1s99.common.format.integration.ExecuteXmlToHtmlForAmendApiByDirection.executeApi(ExecuteXmlToHtmlForAmendApiByDirection.java:26)
	at jp.go.jpo.sa1s99.common.format.integration.ExecuteXmlToHtmlForAmendApiByDirection.executeApi(ExecuteXmlToHtmlForAmendApiByDirection.java:13)
	at jp.go.jpo.sa1s99.common.format.integration.ExecuteApiByDirection.execute(ExecuteApiByDirection.java:28)
	at jp.go.jpo.sa1s99.common.format.integration.HtmlToXmlForAmendApiIntegrationTest.ファイル出力を比較する: #direction #parsedResult(HtmlToXmlForAmendApiIntegrationTest.groovy:29)
</failure>
  </testcase>
  <testcase name="ファイル出力を比較する: Direction{ s_InputDir: data/input/20101207-5.0-S-H22-0021/character-test/pat-amnd/code-test-FF, s_OutputDir: data/output/html_amend/20101207-5.0-S-H22-0021/character-test/pat-amnd/code-test-FF} null" classname="jp.go.jpo.sa1s99.common.format.integration.HtmlToXmlForAmendApiIntegrationTest" time="0.0">
    <failure message="java.lang.IllegalArgumentException: Not implemented yet" type="java.lang.IllegalArgumentException">java.lang.IllegalArgumentException: Not implemented yet
	at jp.go.jpo.sa1s99.common.format.api.XmlToHtmlForAmendApi.execute(XmlToHtmlForAmendApi.java:32)
	at jp.go.jpo.sa1s99.common.format.integration.ExecuteXmlToHtmlForAmendApiByDirection.executeApi(ExecuteXmlToHtmlForAmendApiByDirection.java:26)
	at jp.go.jpo.sa1s99.common.format.integration.ExecuteXmlToHtmlForAmendApiByDirection.executeApi(ExecuteXmlToHtmlForAmendApiByDirection.java:13)
	at jp.go.jpo.sa1s99.common.format.integration.ExecuteApiByDirection.execute(ExecuteApiByDirection.java:28)
	at jp.go.jpo.sa1s99.common.format.integration.HtmlToXmlForAmendApiIntegrationTest.ファイル出力を比較する: #direction #parsedResult(HtmlToXmlForAmendApiIntegrationTest.groovy:29)
</failure>
  </testcase>
  <testcase name="ファイル出力を比較する: Direction{ s_InputDir: data/input/20101207-5.0-S-H22-0021/character-test/pat-amnd/entity-reference-test-00, s_OutputDir: data/output/html_amend/20101207-5.0-S-H22-0021/character-test/pat-amnd/entity-reference-test-00} null" classname="jp.go.jpo.sa1s99.common.format.integration.HtmlToXmlForAmendApiIntegrationTest" time="0.0">
    <failure message="java.lang.IllegalArgumentException: Not implemented yet" type="java.lang.IllegalArgumentException">java.lang.IllegalArgumentException: Not implemented yet
	at jp.go.jpo.sa1s99.common.format.api.XmlToHtmlForAmendApi.execute(XmlToHtmlForAmendApi.java:32)
	at jp.go.jpo.sa1s99.common.format.integration.ExecuteXmlToHtmlForAmendApiByDirection.executeApi(ExecuteXmlToHtmlForAmendApiByDirection.java:26)
	at jp.go.jpo.sa1s99.common.format.integration.ExecuteXmlToHtmlForAmendApiByDirection.executeApi(ExecuteXmlToHtmlForAmendApiByDirection.java:13)
	at jp.go.jpo.sa1s99.common.format.integration.ExecuteApiByDirection.execute(ExecuteApiByDirection.java:28)
	at jp.go.jpo.sa1s99.common.format.integration.HtmlToXmlForAmendApiIntegrationTest.ファイル出力を比較する: #direction #parsedResult(HtmlToXmlForAmendApiIntegrationTest.groovy:29)
</failure>
  </testcase>
  <testcase name="ファイル出力を比較する: Direction{ s_InputDir: data/input/20101207-5.0-S-H22-0021/character-test/pat-amnd/entity-reference-test-01, s_OutputDir: data/output/html_amend/20101207-5.0-S-H22-0021/character-test/pat-amnd/entity-reference-test-01} null" classname="jp.go.jpo.sa1s99.common.format.integration.HtmlToXmlForAmendApiIntegrationTest" time="0.0">
    <failure message="java.lang.IllegalArgumentException: Not implemented yet" type="java.lang.IllegalArgumentException">java.lang.IllegalArgumentException: Not implemented yet
	at jp.go.jpo.sa1s99.common.format.api.XmlToHtmlForAmendApi.execute(XmlToHtmlForAmendApi.java:32)
	at jp.go.jpo.sa1s99.common.format.integration.ExecuteXmlToHtmlForAmendApiByDirection.executeApi(ExecuteXmlToHtmlForAmendApiByDirection.java:26)
	at jp.go.jpo.sa1s99.common.format.integration.ExecuteXmlToHtmlForAmendApiByDirection.executeApi(ExecuteXmlToHtmlForAmendApiByDirection.java:13)
	at jp.go.jpo.sa1s99.common.format.integration.ExecuteApiByDirection.execute(ExecuteApiByDirection.java:28)
	at jp.go.jpo.sa1s99.common.format.integration.HtmlToXmlForAmendApiIntegrationTest.ファイル出力を比較する: #direction #parsedResult(HtmlToXmlForAmendApiIntegrationTest.groovy:29)
</failure>
  </testcase>
  <testcase name="ファイル出力を比較する: Direction{ s_InputDir: data/input/20101207-5.0-S-H22-0021/character-test/pat-amnd/entity-reference-test-02, s_OutputDir: data/output/html_amend/20101207-5.0-S-H22-0021/character-test/pat-amnd/entity-reference-test-02} null" classname="jp.go.jpo.sa1s99.common.format.integration.HtmlToXmlForAmendApiIntegrationTest" time="0.016">
    <failure message="java.lang.IllegalArgumentException: Not implemented yet" type="java.lang.IllegalArgumentException">java.lang.IllegalArgumentException: Not implemented yet
	at jp.go.jpo.sa1s99.common.format.api.XmlToHtmlForAmendApi.execute(XmlToHtmlForAmendApi.java:32)
	at jp.go.jpo.sa1s99.common.format.integration.ExecuteXmlToHtmlForAmendApiByDirection.executeApi(ExecuteXmlToHtmlForAmendApiByDirection.java:26)
	at jp.go.jpo.sa1s99.common.format.integration.ExecuteXmlToHtmlForAmendApiByDirection.executeApi(ExecuteXmlToHtmlForAmendApiByDirection.java:13)
	at jp.go.jpo.sa1s99.common.format.integration.ExecuteApiByDirection.execute(ExecuteApiByDirection.java:28)
	at jp.go.jpo.sa1s99.common.format.integration.HtmlToXmlForAmendApiIntegrationTest.ファイル出力を比較する: #direction #parsedResult(HtmlToXmlForAmendApiIntegrationTest.groovy:29)
</failure>
  </testcase>
  <testcase name="ファイル出力を比較する: Direction{ s_InputDir: data/input/20101207-5.0-S-H22-0021/character-test/pat-amnd/entity-reference-test-03, s_OutputDir: data/output/html_amend/20101207-5.0-S-H22-0021/character-test/pat-amnd/entity-reference-test-03} null" classname="jp.go.jpo.sa1s99.common.format.integration.HtmlToXmlForAmendApiIntegrationTest" time="0.0">
    <failure message="java.lang.IllegalArgumentException: Not implemented yet" type="java.lang.IllegalArgumentException">java.lang.IllegalArgumentException: Not implemented yet
	at jp.go.jpo.sa1s99.common.format.api.XmlToHtmlForAmendApi.execute(XmlToHtmlForAmendApi.java:32)
	at jp.go.jpo.sa1s99.common.format.integration.ExecuteXmlToHtmlForAmendApiByDirection.executeApi(ExecuteXmlToHtmlForAmendApiByDirection.java:26)
	at jp.go.jpo.sa1s99.common.format.integration.ExecuteXmlToHtmlForAmendApiByDirection.executeApi(ExecuteXmlToHtmlForAmendApiByDirection.java:13)
	at jp.go.jpo.sa1s99.common.format.integration.ExecuteApiByDirection.execute(ExecuteApiByDirection.java:28)
	at jp.go.jpo.sa1s99.common.format.integration.HtmlToXmlForAmendApiIntegrationTest.ファイル出力を比較する: #direction #parsedResult(HtmlToXmlForAmendApiIntegrationTest.groovy:29)
</failure>
  </testcase>
  <testcase name="ファイル出力を比較する: Direction{ s_InputDir: data/input/20101207-5.0-S-H22-0021/character-test/pat-amnd/entity-reference-test-04, s_OutputDir: data/output/html_amend/20101207-5.0-S-H22-0021/character-test/pat-amnd/entity-reference-test-04} null" classname="jp.go.jpo.sa1s99.common.format.integration.HtmlToXmlForAmendApiIntegrationTest" time="0.0">
    <failure message="java.lang.IllegalArgumentException: Not implemented yet" type="java.lang.IllegalArgumentException">java.lang.IllegalArgumentException: Not implemented yet
	at jp.go.jpo.sa1s99.common.format.api.XmlToHtmlForAmendApi.execute(XmlToHtmlForAmendApi.java:32)
	at jp.go.jpo.sa1s99.common.format.integration.ExecuteXmlToHtmlForAmendApiByDirection.executeApi(ExecuteXmlToHtmlForAmendApiByDirection.java:26)
	at jp.go.jpo.sa1s99.common.format.integration.ExecuteXmlToHtmlForAmendApiByDirection.executeApi(ExecuteXmlToHtmlForAmendApiByDirection.java:13)
	at jp.go.jpo.sa1s99.common.format.integration.ExecuteApiByDirection.execute(ExecuteApiByDirection.java:28)
	at jp.go.jpo.sa1s99.common.format.integration.HtmlToXmlForAmendApiIntegrationTest.ファイル出力を比較する: #direction #parsedResult(HtmlToXmlForAmendApiIntegrationTest.groovy:29)
</failure>
  </testcase>
  <testcase name="ファイル出力を比較する: Direction{ s_InputDir: data/input/20101207-5.0-S-H22-0021/character-test/pat-amnd/entity-reference-test-05, s_OutputDir: data/output/html_amend/20101207-5.0-S-H22-0021/character-test/pat-amnd/entity-reference-test-05} null" classname="jp.go.jpo.sa1s99.common.format.integration.HtmlToXmlForAmendApiIntegrationTest" time="0.0">
    <failure message="java.lang.IllegalArgumentException: Not implemented yet" type="java.lang.IllegalArgumentException">java.lang.IllegalArgumentException: Not implemented yet
	at jp.go.jpo.sa1s99.common.format.api.XmlToHtmlForAmendApi.execute(XmlToHtmlForAmendApi.java:32)
	at jp.go.jpo.sa1s99.common.format.integration.ExecuteXmlToHtmlForAmendApiByDirection.executeApi(ExecuteXmlToHtmlForAmendApiByDirection.java:26)
	at jp.go.jpo.sa1s99.common.format.integration.ExecuteXmlToHtmlForAmendApiByDirection.executeApi(ExecuteXmlToHtmlForAmendApiByDirection.java:13)
	at jp.go.jpo.sa1s99.common.format.integration.ExecuteApiByDirection.execute(ExecuteApiByDirection.java:28)
	at jp.go.jpo.sa1s99.common.format.integration.HtmlToXmlForAmendApiIntegrationTest.ファイル出力を比較する: #direction #parsedResult(HtmlToXmlForAmendApiIntegrationTest.groovy:29)
</failure>
  </testcase>
  <testcase name="ファイル出力を比較する: Direction{ s_InputDir: data/input/20101207-5.0-S-H22-0021/character-test/pat-amnd/entity-reference-test-06, s_OutputDir: data/output/html_amend/20101207-5.0-S-H22-0021/character-test/pat-amnd/entity-reference-test-06} null" classname="jp.go.jpo.sa1s99.common.format.integration.HtmlToXmlForAmendApiIntegrationTest" time="0.0">
    <failure message="java.lang.IllegalArgumentException: Not implemented yet" type="java.lang.IllegalArgumentException">java.lang.IllegalArgumentException: Not implemented yet
	at jp.go.jpo.sa1s99.common.format.api.XmlToHtmlForAmendApi.execute(XmlToHtmlForAmendApi.java:32)
	at jp.go.jpo.sa1s99.common.format.integration.ExecuteXmlToHtmlForAmendApiByDirection.executeApi(ExecuteXmlToHtmlForAmendApiByDirection.java:26)
	at jp.go.jpo.sa1s99.common.format.integration.ExecuteXmlToHtmlForAmendApiByDirection.executeApi(ExecuteXmlToHtmlForAmendApiByDirection.java:13)
	at jp.go.jpo.sa1s99.common.format.integration.ExecuteApiByDirection.execute(ExecuteApiByDirection.java:28)
	at jp.go.jpo.sa1s99.common.format.integration.HtmlToXmlForAmendApiIntegrationTest.ファイル出力を比較する: #direction #parsedResult(HtmlToXmlForAmendApiIntegrationTest.groovy:29)
</failure>
  </testcase>
  <testcase name="ファイル出力を比較する: Direction{ s_InputDir: data/input/20101207-5.0-S-H22-0021/character-test/pat-amnd/entity-reference-test-07, s_OutputDir: data/output/html_amend/20101207-5.0-S-H22-0021/character-test/pat-amnd/entity-reference-test-07} null" classname="jp.go.jpo.sa1s99.common.format.integration.HtmlToXmlForAmendApiIntegrationTest" time="0.0">
    <failure message="java.lang.IllegalArgumentException: Not implemented yet" type="java.lang.IllegalArgumentException">java.lang.IllegalArgumentException: Not implemented yet
	at jp.go.jpo.sa1s99.common.format.api.XmlToHtmlForAmendApi.execute(XmlToHtmlForAmendApi.java:32)
	at jp.go.jpo.sa1s99.common.format.integration.ExecuteXmlToHtmlForAmendApiByDirection.executeApi(ExecuteXmlToHtmlForAmendApiByDirection.java:26)
	at jp.go.jpo.sa1s99.common.format.integration.ExecuteXmlToHtmlForAmendApiByDirection.executeApi(ExecuteXmlToHtmlForAmendApiByDirection.java:13)
	at jp.go.jpo.sa1s99.common.format.integration.ExecuteApiByDirection.execute(ExecuteApiByDirection.java:28)
	at jp.go.jpo.sa1s99.common.format.integration.HtmlToXmlForAmendApiIntegrationTest.ファイル出力を比較する: #direction #parsedResult(HtmlToXmlForAmendApiIntegrationTest.groovy:29)
</failure>
  </testcase>
  <testcase name="ファイル出力を比較する: Direction{ s_InputDir: data/input/20101207-5.0-S-H22-0021/character-test/pat-amnd/entity-reference-test-08, s_OutputDir: data/output/html_amend/20101207-5.0-S-H22-0021/character-test/pat-amnd/entity-reference-test-08} null" classname="jp.go.jpo.sa1s99.common.format.integration.HtmlToXmlForAmendApiIntegrationTest" time="0.015">
    <failure message="java.lang.IllegalArgumentException: Not implemented yet" type="java.lang.IllegalArgumentException">java.lang.IllegalArgumentException: Not implemented yet
	at jp.go.jpo.sa1s99.common.format.api.XmlToHtmlForAmendApi.execute(XmlToHtmlForAmendApi.java:32)
	at jp.go.jpo.sa1s99.common.format.integration.ExecuteXmlToHtmlForAmendApiByDirection.executeApi(ExecuteXmlToHtmlForAmendApiByDirection.java:26)
	at jp.go.jpo.sa1s99.common.format.integration.ExecuteXmlToHtmlForAmendApiByDirection.executeApi(ExecuteXmlToHtmlForAmendApiByDirection.java:13)
	at jp.go.jpo.sa1s99.common.format.integration.ExecuteApiByDirection.execute(ExecuteApiByDirection.java:28)
	at jp.go.jpo.sa1s99.common.format.integration.HtmlToXmlForAmendApiIntegrationTest.ファイル出力を比較する: #direction #parsedResult(HtmlToXmlForAmendApiIntegrationTest.groovy:29)
</failure>
  </testcase>
  <testcase name="ファイル出力を比較する: Direction{ s_InputDir: data/input/20101207-5.0-S-H22-0021/character-test/pat-amnd/entity-reference-test-09, s_OutputDir: data/output/html_amend/20101207-5.0-S-H22-0021/character-test/pat-amnd/entity-reference-test-09} null" classname="jp.go.jpo.sa1s99.common.format.integration.HtmlToXmlForAmendApiIntegrationTest" time="0.004">
    <failure message="java.lang.IllegalArgumentException: Not implemented yet" type="java.lang.IllegalArgumentException">java.lang.IllegalArgumentException: Not implemented yet
	at jp.go.jpo.sa1s99.common.format.api.XmlToHtmlForAmendApi.execute(XmlToHtmlForAmendApi.java:32)
	at jp.go.jpo.sa1s99.common.format.integration.ExecuteXmlToHtmlForAmendApiByDirection.executeApi(ExecuteXmlToHtmlForAmendApiByDirection.java:26)
	at jp.go.jpo.sa1s99.common.format.integration.ExecuteXmlToHtmlForAmendApiByDirection.executeApi(ExecuteXmlToHtmlForAmendApiByDirection.java:13)
	at jp.go.jpo.sa1s99.common.format.integration.ExecuteApiByDirection.execute(ExecuteApiByDirection.java:28)
	at jp.go.jpo.sa1s99.common.format.integration.HtmlToXmlForAmendApiIntegrationTest.ファイル出力を比較する: #direction #parsedResult(HtmlToXmlForAmendApiIntegrationTest.groovy:29)
</failure>
  </testcase>
  <testcase name="ファイル出力を比較する: Direction{ s_InputDir: data/input/20101207-5.0-S-H22-0021/character-test/pat-amnd/entity-reference-test-0A, s_OutputDir: data/output/html_amend/20101207-5.0-S-H22-0021/character-test/pat-amnd/entity-reference-test-0A} null" classname="jp.go.jpo.sa1s99.common.format.integration.HtmlToXmlForAmendApiIntegrationTest" time="0.003">
    <failure message="java.lang.IllegalArgumentException: Not implemented yet" type="java.lang.IllegalArgumentException">java.lang.IllegalArgumentException: Not implemented yet
	at jp.go.jpo.sa1s99.common.format.api.XmlToHtmlForAmendApi.execute(XmlToHtmlForAmendApi.java:32)
	at jp.go.jpo.sa1s99.common.format.integration.ExecuteXmlToHtmlForAmendApiByDirection.executeApi(ExecuteXmlToHtmlForAmendApiByDirection.java:26)
	at jp.go.jpo.sa1s99.common.format.integration.ExecuteXmlToHtmlForAmendApiByDirection.executeApi(ExecuteXmlToHtmlForAmendApiByDirection.java:13)
	at jp.go.jpo.sa1s99.common.format.integration.ExecuteApiByDirection.execute(ExecuteApiByDirection.java:28)
	at jp.go.jpo.sa1s99.common.format.integration.HtmlToXmlForAmendApiIntegrationTest.ファイル出力を比較する: #direction #parsedResult(HtmlToXmlForAmendApiIntegrationTest.groovy:29)
</failure>
  </testcase>
  <testcase name="ファイル出力を比較する: Direction{ s_InputDir: data/input/20101207-5.0-S-H22-0021/character-test/pat-amnd/entity-reference-test-0B, s_OutputDir: data/output/html_amend/20101207-5.0-S-H22-0021/character-test/pat-amnd/entity-reference-test-0B} null" classname="jp.go.jpo.sa1s99.common.format.integration.HtmlToXmlForAmendApiIntegrationTest" time="0.0">
    <failure message="java.lang.IllegalArgumentException: Not implemented yet" type="java.lang.IllegalArgumentException">java.lang.IllegalArgumentException: Not implemented yet
	at jp.go.jpo.sa1s99.common.format.api.XmlToHtmlForAmendApi.execute(XmlToHtmlForAmendApi.java:32)
	at jp.go.jpo.sa1s99.common.format.integration.ExecuteXmlToHtmlForAmendApiByDirection.executeApi(ExecuteXmlToHtmlForAmendApiByDirection.java:26)
	at jp.go.jpo.sa1s99.common.format.integration.ExecuteXmlToHtmlForAmendApiByDirection.executeApi(ExecuteXmlToHtmlForAmendApiByDirection.java:13)
	at jp.go.jpo.sa1s99.common.format.integration.ExecuteApiByDirection.execute(ExecuteApiByDirection.java:28)
	at jp.go.jpo.sa1s99.common.format.integration.HtmlToXmlForAmendApiIntegrationTest.ファイル出力を比較する: #direction #parsedResult(HtmlToXmlForAmendApiIntegrationTest.groovy:29)
</failure>
  </testcase>
  <testcase name="ファイル出力を比較する: Direction{ s_InputDir: data/input/20101207-5.0-S-H22-0021/character-test/pat-amnd/entity-reference-test-0C, s_OutputDir: data/output/html_amend/20101207-5.0-S-H22-0021/character-test/pat-amnd/entity-reference-test-0C} null" classname="jp.go.jpo.sa1s99.common.format.integration.HtmlToXmlForAmendApiIntegrationTest" time="0.0">
    <failure message="java.lang.IllegalArgumentException: Not implemented yet" type="java.lang.IllegalArgumentException">java.lang.IllegalArgumentException: Not implemented yet
	at jp.go.jpo.sa1s99.common.format.api.XmlToHtmlForAmendApi.execute(XmlToHtmlForAmendApi.java:32)
	at jp.go.jpo.sa1s99.common.format.integration.ExecuteXmlToHtmlForAmendApiByDirection.executeApi(ExecuteXmlToHtmlForAmendApiByDirection.java:26)
	at jp.go.jpo.sa1s99.common.format.integration.ExecuteXmlToHtmlForAmendApiByDirection.executeApi(ExecuteXmlToHtmlForAmendApiByDirection.java:13)
	at jp.go.jpo.sa1s99.common.format.integration.ExecuteApiByDirection.execute(ExecuteApiByDirection.java:28)
	at jp.go.jpo.sa1s99.common.format.integration.HtmlToXmlForAmendApiIntegrationTest.ファイル出力を比較する: #direction #parsedResult(HtmlToXmlForAmendApiIntegrationTest.groovy:29)
</failure>
  </testcase>
  <testcase name="ファイル出力を比較する: Direction{ s_InputDir: data/input/20101207-5.0-S-H22-0021/character-test/pat-amnd/entity-reference-test-0D, s_OutputDir: data/output/html_amend/20101207-5.0-S-H22-0021/character-test/pat-amnd/entity-reference-test-0D} null" classname="jp.go.jpo.sa1s99.common.format.integration.HtmlToXmlForAmendApiIntegrationTest" time="0.0">
    <failure message="java.lang.IllegalArgumentException: Not implemented yet" type="java.lang.IllegalArgumentException">java.lang.IllegalArgumentException: Not implemented yet
	at jp.go.jpo.sa1s99.common.format.api.XmlToHtmlForAmendApi.execute(XmlToHtmlForAmendApi.java:32)
	at jp.go.jpo.sa1s99.common.format.integration.ExecuteXmlToHtmlForAmendApiByDirection.executeApi(ExecuteXmlToHtmlForAmendApiByDirection.java:26)
	at jp.go.jpo.sa1s99.common.format.integration.ExecuteXmlToHtmlForAmendApiByDirection.executeApi(ExecuteXmlToHtmlForAmendApiByDirection.java:13)
	at jp.go.jpo.sa1s99.common.format.integration.ExecuteApiByDirection.execute(ExecuteApiByDirection.java:28)
	at jp.go.jpo.sa1s99.common.format.integration.HtmlToXmlForAmendApiIntegrationTest.ファイル出力を比較する: #direction #parsedResult(HtmlToXmlForAmendApiIntegrationTest.groovy:29)
</failure>
  </testcase>
  <testcase name="ファイル出力を比較する: Direction{ s_InputDir: data/input/20101207-5.0-S-H22-0021/character-test/pat-amnd/entity-reference-test-0E, s_OutputDir: data/output/html_amend/20101207-5.0-S-H22-0021/character-test/pat-amnd/entity-reference-test-0E} null" classname="jp.go.jpo.sa1s99.common.format.integration.HtmlToXmlForAmendApiIntegrationTest" time="0.0">
    <failure message="java.lang.IllegalArgumentException: Not implemented yet" type="java.lang.IllegalArgumentException">java.lang.IllegalArgumentException: Not implemented yet
	at jp.go.jpo.sa1s99.common.format.api.XmlToHtmlForAmendApi.execute(XmlToHtmlForAmendApi.java:32)
	at jp.go.jpo.sa1s99.common.format.integration.ExecuteXmlToHtmlForAmendApiByDirection.executeApi(ExecuteXmlToHtmlForAmendApiByDirection.java:26)
	at jp.go.jpo.sa1s99.common.format.integration.ExecuteXmlToHtmlForAmendApiByDirection.executeApi(ExecuteXmlToHtmlForAmendApiByDirection.java:13)
	at jp.go.jpo.sa1s99.common.format.integration.ExecuteApiByDirection.execute(ExecuteApiByDirection.java:28)
	at jp.go.jpo.sa1s99.common.format.integration.HtmlToXmlForAmendApiIntegrationTest.ファイル出力を比較する: #direction #parsedResult(HtmlToXmlForAmendApiIntegrationTest.groovy:29)
</failure>
  </testcase>
  <testcase name="ファイル出力を比較する: Direction{ s_InputDir: data/input/20101207-5.0-S-H22-0021/character-test/pat-amnd/entity-reference-test-0F, s_OutputDir: data/output/html_amend/20101207-5.0-S-H22-0021/character-test/pat-amnd/entity-reference-test-0F} null" classname="jp.go.jpo.sa1s99.common.format.integration.HtmlToXmlForAmendApiIntegrationTest" time="0.0">
    <failure message="java.lang.IllegalArgumentException: Not implemented yet" type="java.lang.IllegalArgumentException">java.lang.IllegalArgumentException: Not implemented yet
	at jp.go.jpo.sa1s99.common.format.api.XmlToHtmlForAmendApi.execute(XmlToHtmlForAmendApi.java:32)
	at jp.go.jpo.sa1s99.common.format.integration.ExecuteXmlToHtmlForAmendApiByDirection.executeApi(ExecuteXmlToHtmlForAmendApiByDirection.java:26)
	at jp.go.jpo.sa1s99.common.format.integration.ExecuteXmlToHtmlForAmendApiByDirection.executeApi(ExecuteXmlToHtmlForAmendApiByDirection.java:13)
	at jp.go.jpo.sa1s99.common.format.integration.ExecuteApiByDirection.execute(ExecuteApiByDirection.java:28)
	at jp.go.jpo.sa1s99.common.format.integration.HtmlToXmlForAmendApiIntegrationTest.ファイル出力を比較する: #direction #parsedResult(HtmlToXmlForAmendApiIntegrationTest.groovy:29)
</failure>
  </testcase>
  <testcase name="ファイル出力を比較する: Direction{ s_InputDir: data/input/20101207-5.0-S-H22-0021/character-test/pat-amnd/entity-reference-test-10, s_OutputDir: data/output/html_amend/20101207-5.0-S-H22-0021/character-test/pat-amnd/entity-reference-test-10} null" classname="jp.go.jpo.sa1s99.common.format.integration.HtmlToXmlForAmendApiIntegrationTest" time="0.0">
    <failure message="java.lang.IllegalArgumentException: Not implemented yet" type="java.lang.IllegalArgumentException">java.lang.IllegalArgumentException: Not implemented yet
	at jp.go.jpo.sa1s99.common.format.api.XmlToHtmlForAmendApi.execute(XmlToHtmlForAmendApi.java:32)
	at jp.go.jpo.sa1s99.common.format.integration.ExecuteXmlToHtmlForAmendApiByDirection.executeApi(ExecuteXmlToHtmlForAmendApiByDirection.java:26)
	at jp.go.jpo.sa1s99.common.format.integration.ExecuteXmlToHtmlForAmendApiByDirection.executeApi(ExecuteXmlToHtmlForAmendApiByDirection.java:13)
	at jp.go.jpo.sa1s99.common.format.integration.ExecuteApiByDirection.execute(ExecuteApiByDirection.java:28)
	at jp.go.jpo.sa1s99.common.format.integration.HtmlToXmlForAmendApiIntegrationTest.ファイル出力を比較する: #direction #parsedResult(HtmlToXmlForAmendApiIntegrationTest.groovy:29)
</failure>
  </testcase>
  <testcase name="ファイル出力を比較する: Direction{ s_InputDir: data/input/20101207-5.0-S-H22-0021/character-test/pat-amnd/entity-reference-test-11, s_OutputDir: data/output/html_amend/20101207-5.0-S-H22-0021/character-test/pat-amnd/entity-reference-test-11} null" classname="jp.go.jpo.sa1s99.common.format.integration.HtmlToXmlForAmendApiIntegrationTest" time="0.016">
    <failure message="java.lang.IllegalArgumentException: Not implemented yet" type="java.lang.IllegalArgumentException">java.lang.IllegalArgumentException: Not implemented yet
	at jp.go.jpo.sa1s99.common.format.api.XmlToHtmlForAmendApi.execute(XmlToHtmlForAmendApi.java:32)
	at jp.go.jpo.sa1s99.common.format.integration.ExecuteXmlToHtmlForAmendApiByDirection.executeApi(ExecuteXmlToHtmlForAmendApiByDirection.java:26)
	at jp.go.jpo.sa1s99.common.format.integration.ExecuteXmlToHtmlForAmendApiByDirection.executeApi(ExecuteXmlToHtmlForAmendApiByDirection.java:13)
	at jp.go.jpo.sa1s99.common.format.integration.ExecuteApiByDirection.execute(ExecuteApiByDirection.java:28)
	at jp.go.jpo.sa1s99.common.format.integration.HtmlToXmlForAmendApiIntegrationTest.ファイル出力を比較する: #direction #parsedResult(HtmlToXmlForAmendApiIntegrationTest.groovy:29)
</failure>
  </testcase>
  <testcase name="ファイル出力を比較する: Direction{ s_InputDir: data/input/20101207-5.0-S-H22-0021/character-test/pat-amnd/entity-reference-test-12, s_OutputDir: data/output/html_amend/20101207-5.0-S-H22-0021/character-test/pat-amnd/entity-reference-test-12} null" classname="jp.go.jpo.sa1s99.common.format.integration.HtmlToXmlForAmendApiIntegrationTest" time="0.0">
    <failure message="java.lang.IllegalArgumentException: Not implemented yet" type="java.lang.IllegalArgumentException">java.lang.IllegalArgumentException: Not implemented yet
	at jp.go.jpo.sa1s99.common.format.api.XmlToHtmlForAmendApi.execute(XmlToHtmlForAmendApi.java:32)
	at jp.go.jpo.sa1s99.common.format.integration.ExecuteXmlToHtmlForAmendApiByDirection.executeApi(ExecuteXmlToHtmlForAmendApiByDirection.java:26)
	at jp.go.jpo.sa1s99.common.format.integration.ExecuteXmlToHtmlForAmendApiByDirection.executeApi(ExecuteXmlToHtmlForAmendApiByDirection.java:13)
	at jp.go.jpo.sa1s99.common.format.integration.ExecuteApiByDirection.execute(ExecuteApiByDirection.java:28)
	at jp.go.jpo.sa1s99.common.format.integration.HtmlToXmlForAmendApiIntegrationTest.ファイル出力を比較する: #direction #parsedResult(HtmlToXmlForAmendApiIntegrationTest.groovy:29)
</failure>
  </testcase>
  <testcase name="ファイル出力を比較する: Direction{ s_InputDir: data/input/20101207-5.0-S-H22-0021/character-test/pat-amnd/entity-reference-test-13, s_OutputDir: data/output/html_amend/20101207-5.0-S-H22-0021/character-test/pat-amnd/entity-reference-test-13} null" classname="jp.go.jpo.sa1s99.common.format.integration.HtmlToXmlForAmendApiIntegrationTest" time="0.0">
    <failure message="java.lang.IllegalArgumentException: Not implemented yet" type="java.lang.IllegalArgumentException">java.lang.IllegalArgumentException: Not implemented yet
	at jp.go.jpo.sa1s99.common.format.api.XmlToHtmlForAmendApi.execute(XmlToHtmlForAmendApi.java:32)
	at jp.go.jpo.sa1s99.common.format.integration.ExecuteXmlToHtmlForAmendApiByDirection.executeApi(ExecuteXmlToHtmlForAmendApiByDirection.java:26)
	at jp.go.jpo.sa1s99.common.format.integration.ExecuteXmlToHtmlForAmendApiByDirection.executeApi(ExecuteXmlToHtmlForAmendApiByDirection.java:13)
	at jp.go.jpo.sa1s99.common.format.integration.ExecuteApiByDirection.execute(ExecuteApiByDirection.java:28)
	at jp.go.jpo.sa1s99.common.format.integration.HtmlToXmlForAmendApiIntegrationTest.ファイル出力を比較する: #direction #parsedResult(HtmlToXmlForAmendApiIntegrationTest.groovy:29)
</failure>
  </testcase>
  <testcase name="ファイル出力を比較する: Direction{ s_InputDir: data/input/20101207-5.0-S-H22-0021/character-test/pat-amnd/entity-reference-test-14, s_OutputDir: data/output/html_amend/20101207-5.0-S-H22-0021/character-test/pat-amnd/entity-reference-test-14} null" classname="jp.go.jpo.sa1s99.common.format.integration.HtmlToXmlForAmendApiIntegrationTest" time="0.0">
    <failure message="java.lang.IllegalArgumentException: Not implemented yet" type="java.lang.IllegalArgumentException">java.lang.IllegalArgumentException: Not implemented yet
	at jp.go.jpo.sa1s99.common.format.api.XmlToHtmlForAmendApi.execute(XmlToHtmlForAmendApi.java:32)
	at jp.go.jpo.sa1s99.common.format.integration.ExecuteXmlToHtmlForAmendApiByDirection.executeApi(ExecuteXmlToHtmlForAmendApiByDirection.java:26)
	at jp.go.jpo.sa1s99.common.format.integration.ExecuteXmlToHtmlForAmendApiByDirection.executeApi(ExecuteXmlToHtmlForAmendApiByDirection.java:13)
	at jp.go.jpo.sa1s99.common.format.integration.ExecuteApiByDirection.execute(ExecuteApiByDirection.java:28)
	at jp.go.jpo.sa1s99.common.format.integration.HtmlToXmlForAmendApiIntegrationTest.ファイル出力を比較する: #direction #parsedResult(HtmlToXmlForAmendApiIntegrationTest.groovy:29)
</failure>
  </testcase>
  <testcase name="ファイル出力を比較する: Direction{ s_InputDir: data/input/20101207-5.0-S-H22-0021/character-test/pat-amnd/entity-reference-test-15, s_OutputDir: data/output/html_amend/20101207-5.0-S-H22-0021/character-test/pat-amnd/entity-reference-test-15} null" classname="jp.go.jpo.sa1s99.common.format.integration.HtmlToXmlForAmendApiIntegrationTest" time="0.0">
    <failure message="java.lang.IllegalArgumentException: Not implemented yet" type="java.lang.IllegalArgumentException">java.lang.IllegalArgumentException: Not implemented yet
	at jp.go.jpo.sa1s99.common.format.api.XmlToHtmlForAmendApi.execute(XmlToHtmlForAmendApi.java:32)
	at jp.go.jpo.sa1s99.common.format.integration.ExecuteXmlToHtmlForAmendApiByDirection.executeApi(ExecuteXmlToHtmlForAmendApiByDirection.java:26)
	at jp.go.jpo.sa1s99.common.format.integration.ExecuteXmlToHtmlForAmendApiByDirection.executeApi(ExecuteXmlToHtmlForAmendApiByDirection.java:13)
	at jp.go.jpo.sa1s99.common.format.integration.ExecuteApiByDirection.execute(ExecuteApiByDirection.java:28)
	at jp.go.jpo.sa1s99.common.format.integration.HtmlToXmlForAmendApiIntegrationTest.ファイル出力を比較する: #direction #parsedResult(HtmlToXmlForAmendApiIntegrationTest.groovy:29)
</failure>
  </testcase>
  <testcase name="ファイル出力を比較する: Direction{ s_InputDir: data/input/20101207-5.0-S-H22-0021/character-test/pat-amnd/entity-reference-test-16, s_OutputDir: data/output/html_amend/20101207-5.0-S-H22-0021/character-test/pat-amnd/entity-reference-test-16} null" classname="jp.go.jpo.sa1s99.common.format.integration.HtmlToXmlForAmendApiIntegrationTest" time="0.0">
    <failure message="java.lang.IllegalArgumentException: Not implemented yet" type="java.lang.IllegalArgumentException">java.lang.IllegalArgumentException: Not implemented yet
	at jp.go.jpo.sa1s99.common.format.api.XmlToHtmlForAmendApi.execute(XmlToHtmlForAmendApi.java:32)
	at jp.go.jpo.sa1s99.common.format.integration.ExecuteXmlToHtmlForAmendApiByDirection.executeApi(ExecuteXmlToHtmlForAmendApiByDirection.java:26)
	at jp.go.jpo.sa1s99.common.format.integration.ExecuteXmlToHtmlForAmendApiByDirection.executeApi(ExecuteXmlToHtmlForAmendApiByDirection.java:13)
	at jp.go.jpo.sa1s99.common.format.integration.ExecuteApiByDirection.execute(ExecuteApiByDirection.java:28)
	at jp.go.jpo.sa1s99.common.format.integration.HtmlToXmlForAmendApiIntegrationTest.ファイル出力を比較する: #direction #parsedResult(HtmlToXmlForAmendApiIntegrationTest.groovy:29)
</failure>
  </testcase>
  <testcase name="ファイル出力を比較する: Direction{ s_InputDir: data/input/20101207-5.0-S-H22-0021/character-test/pat-amnd/entity-reference-test-17, s_OutputDir: data/output/html_amend/20101207-5.0-S-H22-0021/character-test/pat-amnd/entity-reference-test-17} null" classname="jp.go.jpo.sa1s99.common.format.integration.HtmlToXmlForAmendApiIntegrationTest" time="0.015">
    <failure message="java.lang.IllegalArgumentException: Not implemented yet" type="java.lang.IllegalArgumentException">java.lang.IllegalArgumentException: Not implemented yet
	at jp.go.jpo.sa1s99.common.format.api.XmlToHtmlForAmendApi.execute(XmlToHtmlForAmendApi.java:32)
	at jp.go.jpo.sa1s99.common.format.integration.ExecuteXmlToHtmlForAmendApiByDirection.executeApi(ExecuteXmlToHtmlForAmendApiByDirection.java:26)
	at jp.go.jpo.sa1s99.common.format.integration.ExecuteXmlToHtmlForAmendApiByDirection.executeApi(ExecuteXmlToHtmlForAmendApiByDirection.java:13)
	at jp.go.jpo.sa1s99.common.format.integration.ExecuteApiByDirection.execute(ExecuteApiByDirection.java:28)
	at jp.go.jpo.sa1s99.common.format.integration.HtmlToXmlForAmendApiIntegrationTest.ファイル出力を比較する: #direction #parsedResult(HtmlToXmlForAmendApiIntegrationTest.groovy:29)
</failure>
  </testcase>
  <testcase name="ファイル出力を比較する: Direction{ s_InputDir: data/input/20101207-5.0-S-H22-0021/character-test/pat-amnd/entity-reference-test-18, s_OutputDir: data/output/html_amend/20101207-5.0-S-H22-0021/character-test/pat-amnd/entity-reference-test-18} null" classname="jp.go.jpo.sa1s99.common.format.integration.HtmlToXmlForAmendApiIntegrationTest" time="0.0">
    <failure message="java.lang.IllegalArgumentException: Not implemented yet" type="java.lang.IllegalArgumentException">java.lang.IllegalArgumentException: Not implemented yet
	at jp.go.jpo.sa1s99.common.format.api.XmlToHtmlForAmendApi.execute(XmlToHtmlForAmendApi.java:32)
	at jp.go.jpo.sa1s99.common.format.integration.ExecuteXmlToHtmlForAmendApiByDirection.executeApi(ExecuteXmlToHtmlForAmendApiByDirection.java:26)
	at jp.go.jpo.sa1s99.common.format.integration.ExecuteXmlToHtmlForAmendApiByDirection.executeApi(ExecuteXmlToHtmlForAmendApiByDirection.java:13)
	at jp.go.jpo.sa1s99.common.format.integration.ExecuteApiByDirection.execute(ExecuteApiByDirection.java:28)
	at jp.go.jpo.sa1s99.common.format.integration.HtmlToXmlForAmendApiIntegrationTest.ファイル出力を比較する: #direction #parsedResult(HtmlToXmlForAmendApiIntegrationTest.groovy:29)
</failure>
  </testcase>
  <testcase name="ファイル出力を比較する: Direction{ s_InputDir: data/input/20101207-5.0-S-H22-0021/character-test/pat-amnd/entity-reference-test-19, s_OutputDir: data/output/html_amend/20101207-5.0-S-H22-0021/character-test/pat-amnd/entity-reference-test-19} null" classname="jp.go.jpo.sa1s99.common.format.integration.HtmlToXmlForAmendApiIntegrationTest" time="0.0">
    <failure message="java.lang.IllegalArgumentException: Not implemented yet" type="java.lang.IllegalArgumentException">java.lang.IllegalArgumentException: Not implemented yet
	at jp.go.jpo.sa1s99.common.format.api.XmlToHtmlForAmendApi.execute(XmlToHtmlForAmendApi.java:32)
	at jp.go.jpo.sa1s99.common.format.integration.ExecuteXmlToHtmlForAmendApiByDirection.executeApi(ExecuteXmlToHtmlForAmendApiByDirection.java:26)
	at jp.go.jpo.sa1s99.common.format.integration.ExecuteXmlToHtmlForAmendApiByDirection.executeApi(ExecuteXmlToHtmlForAmendApiByDirection.java:13)
	at jp.go.jpo.sa1s99.common.format.integration.ExecuteApiByDirection.execute(ExecuteApiByDirection.java:28)
	at jp.go.jpo.sa1s99.common.format.integration.HtmlToXmlForAmendApiIntegrationTest.ファイル出力を比較する: #direction #parsedResult(HtmlToXmlForAmendApiIntegrationTest.groovy:29)
</failure>
  </testcase>
  <testcase name="ファイル出力を比較する: Direction{ s_InputDir: data/input/20101207-5.0-S-H22-0021/character-test/pat-amnd/entity-reference-test-1A, s_OutputDir: data/output/html_amend/20101207-5.0-S-H22-0021/character-test/pat-amnd/entity-reference-test-1A} null" classname="jp.go.jpo.sa1s99.common.format.integration.HtmlToXmlForAmendApiIntegrationTest" time="0.0">
    <failure message="java.lang.IllegalArgumentException: Not implemented yet" type="java.lang.IllegalArgumentException">java.lang.IllegalArgumentException: Not implemented yet
	at jp.go.jpo.sa1s99.common.format.api.XmlToHtmlForAmendApi.execute(XmlToHtmlForAmendApi.java:32)
	at jp.go.jpo.sa1s99.common.format.integration.ExecuteXmlToHtmlForAmendApiByDirection.executeApi(ExecuteXmlToHtmlForAmendApiByDirection.java:26)
	at jp.go.jpo.sa1s99.common.format.integration.ExecuteXmlToHtmlForAmendApiByDirection.executeApi(ExecuteXmlToHtmlForAmendApiByDirection.java:13)
	at jp.go.jpo.sa1s99.common.format.integration.ExecuteApiByDirection.execute(ExecuteApiByDirection.java:28)
	at jp.go.jpo.sa1s99.common.format.integration.HtmlToXmlForAmendApiIntegrationTest.ファイル出力を比較する: #direction #parsedResult(HtmlToXmlForAmendApiIntegrationTest.groovy:29)
</failure>
  </testcase>
  <testcase name="ファイル出力を比較する: Direction{ s_InputDir: data/input/20101207-5.0-S-H22-0021/character-test/pat-amnd/entity-reference-test-1B, s_OutputDir: data/output/html_amend/20101207-5.0-S-H22-0021/character-test/pat-amnd/entity-reference-test-1B} null" classname="jp.go.jpo.sa1s99.common.format.integration.HtmlToXmlForAmendApiIntegrationTest" time="0.016">
    <failure message="java.lang.IllegalArgumentException: Not implemented yet" type="java.lang.IllegalArgumentException">java.lang.IllegalArgumentException: Not implemented yet
	at jp.go.jpo.sa1s99.common.format.api.XmlToHtmlForAmendApi.execute(XmlToHtmlForAmendApi.java:32)
	at jp.go.jpo.sa1s99.common.format.integration.ExecuteXmlToHtmlForAmendApiByDirection.executeApi(ExecuteXmlToHtmlForAmendApiByDirection.java:26)
	at jp.go.jpo.sa1s99.common.format.integration.ExecuteXmlToHtmlForAmendApiByDirection.executeApi(ExecuteXmlToHtmlForAmendApiByDirection.java:13)
	at jp.go.jpo.sa1s99.common.format.integration.ExecuteApiByDirection.execute(ExecuteApiByDirection.java:28)
	at jp.go.jpo.sa1s99.common.format.integration.HtmlToXmlForAmendApiIntegrationTest.ファイル出力を比較する: #direction #parsedResult(HtmlToXmlForAmendApiIntegrationTest.groovy:29)
</failure>
  </testcase>
  <testcase name="ファイル出力を比較する: Direction{ s_InputDir: data/input/20101207-5.0-S-H22-0021/character-test/pat-amnd/entity-reference-test-1C, s_OutputDir: data/output/html_amend/20101207-5.0-S-H22-0021/character-test/pat-amnd/entity-reference-test-1C} null" classname="jp.go.jpo.sa1s99.common.format.integration.HtmlToXmlForAmendApiIntegrationTest" time="0.0">
    <failure message="java.lang.IllegalArgumentException: Not implemented yet" type="java.lang.IllegalArgumentException">java.lang.IllegalArgumentException: Not implemented yet
	at jp.go.jpo.sa1s99.common.format.api.XmlToHtmlForAmendApi.execute(XmlToHtmlForAmendApi.java:32)
	at jp.go.jpo.sa1s99.common.format.integration.ExecuteXmlToHtmlForAmendApiByDirection.executeApi(ExecuteXmlToHtmlForAmendApiByDirection.java:26)
	at jp.go.jpo.sa1s99.common.format.integration.ExecuteXmlToHtmlForAmendApiByDirection.executeApi(ExecuteXmlToHtmlForAmendApiByDirection.java:13)
	at jp.go.jpo.sa1s99.common.format.integration.ExecuteApiByDirection.execute(ExecuteApiByDirection.java:28)
	at jp.go.jpo.sa1s99.common.format.integration.HtmlToXmlForAmendApiIntegrationTest.ファイル出力を比較する: #direction #parsedResult(HtmlToXmlForAmendApiIntegrationTest.groovy:29)
</failure>
  </testcase>
  <testcase name="ファイル出力を比較する: Direction{ s_InputDir: data/input/20101207-5.0-S-H22-0021/character-test/pat-amnd/entity-reference-test-1D, s_OutputDir: data/output/html_amend/20101207-5.0-S-H22-0021/character-test/pat-amnd/entity-reference-test-1D} null" classname="jp.go.jpo.sa1s99.common.format.integration.HtmlToXmlForAmendApiIntegrationTest" time="0.0">
    <failure message="java.lang.IllegalArgumentException: Not implemented yet" type="java.lang.IllegalArgumentException">java.lang.IllegalArgumentException: Not implemented yet
	at jp.go.jpo.sa1s99.common.format.api.XmlToHtmlForAmendApi.execute(XmlToHtmlForAmendApi.java:32)
	at jp.go.jpo.sa1s99.common.format.integration.ExecuteXmlToHtmlForAmendApiByDirection.executeApi(ExecuteXmlToHtmlForAmendApiByDirection.java:26)
	at jp.go.jpo.sa1s99.common.format.integration.ExecuteXmlToHtmlForAmendApiByDirection.executeApi(ExecuteXmlToHtmlForAmendApiByDirection.java:13)
	at jp.go.jpo.sa1s99.common.format.integration.ExecuteApiByDirection.execute(ExecuteApiByDirection.java:28)
	at jp.go.jpo.sa1s99.common.format.integration.HtmlToXmlForAmendApiIntegrationTest.ファイル出力を比較する: #direction #parsedResult(HtmlToXmlForAmendApiIntegrationTest.groovy:29)
</failure>
  </testcase>
  <testcase name="ファイル出力を比較する: Direction{ s_InputDir: data/input/20101207-5.0-S-H22-0021/character-test/pat-amnd/entity-reference-test-1E, s_OutputDir: data/output/html_amend/20101207-5.0-S-H22-0021/character-test/pat-amnd/entity-reference-test-1E} null" classname="jp.go.jpo.sa1s99.common.format.integration.HtmlToXmlForAmendApiIntegrationTest" time="0.0">
    <failure message="java.lang.IllegalArgumentException: Not implemented yet" type="java.lang.IllegalArgumentException">java.lang.IllegalArgumentException: Not implemented yet
	at jp.go.jpo.sa1s99.common.format.api.XmlToHtmlForAmendApi.execute(XmlToHtmlForAmendApi.java:32)
	at jp.go.jpo.sa1s99.common.format.integration.ExecuteXmlToHtmlForAmendApiByDirection.executeApi(ExecuteXmlToHtmlForAmendApiByDirection.java:26)
	at jp.go.jpo.sa1s99.common.format.integration.ExecuteXmlToHtmlForAmendApiByDirection.executeApi(ExecuteXmlToHtmlForAmendApiByDirection.java:13)
	at jp.go.jpo.sa1s99.common.format.integration.ExecuteApiByDirection.execute(ExecuteApiByDirection.java:28)
	at jp.go.jpo.sa1s99.common.format.integration.HtmlToXmlForAmendApiIntegrationTest.ファイル出力を比較する: #direction #parsedResult(HtmlToXmlForAmendApiIntegrationTest.groovy:29)
</failure>
  </testcase>
  <testcase name="ファイル出力を比較する: Direction{ s_InputDir: data/input/20101207-5.0-S-H22-0021/character-test/pat-amnd/entity-reference-test-1F, s_OutputDir: data/output/html_amend/20101207-5.0-S-H22-0021/character-test/pat-amnd/entity-reference-test-1F} null" classname="jp.go.jpo.sa1s99.common.format.integration.HtmlToXmlForAmendApiIntegrationTest" time="0.016">
    <failure message="java.lang.IllegalArgumentException: Not implemented yet" type="java.lang.IllegalArgumentException">java.lang.IllegalArgumentException: Not implemented yet
	at jp.go.jpo.sa1s99.common.format.api.XmlToHtmlForAmendApi.execute(XmlToHtmlForAmendApi.java:32)
	at jp.go.jpo.sa1s99.common.format.integration.ExecuteXmlToHtmlForAmendApiByDirection.executeApi(ExecuteXmlToHtmlForAmendApiByDirection.java:26)
	at jp.go.jpo.sa1s99.common.format.integration.ExecuteXmlToHtmlForAmendApiByDirection.executeApi(ExecuteXmlToHtmlForAmendApiByDirection.java:13)
	at jp.go.jpo.sa1s99.common.format.integration.ExecuteApiByDirection.execute(ExecuteApiByDirection.java:28)
	at jp.go.jpo.sa1s99.common.format.integration.HtmlToXmlForAmendApiIntegrationTest.ファイル出力を比較する: #direction #parsedResult(HtmlToXmlForAmendApiIntegrationTest.groovy:29)
</failure>
  </testcase>
  <testcase name="ファイル出力を比較する: Direction{ s_InputDir: data/input/20101207-5.0-S-H22-0021/character-test/pat-amnd/entity-reference-test-26, s_OutputDir: data/output/html_amend/20101207-5.0-S-H22-0021/character-test/pat-amnd/entity-reference-test-26} null" classname="jp.go.jpo.sa1s99.common.format.integration.HtmlToXmlForAmendApiIntegrationTest" time="0.0">
    <failure message="java.lang.IllegalArgumentException: Not implemented yet" type="java.lang.IllegalArgumentException">java.lang.IllegalArgumentException: Not implemented yet
	at jp.go.jpo.sa1s99.common.format.api.XmlToHtmlForAmendApi.execute(XmlToHtmlForAmendApi.java:32)
	at jp.go.jpo.sa1s99.common.format.integration.ExecuteXmlToHtmlForAmendApiByDirection.executeApi(ExecuteXmlToHtmlForAmendApiByDirection.java:26)
	at jp.go.jpo.sa1s99.common.format.integration.ExecuteXmlToHtmlForAmendApiByDirection.executeApi(ExecuteXmlToHtmlForAmendApiByDirection.java:13)
	at jp.go.jpo.sa1s99.common.format.integration.ExecuteApiByDirection.execute(ExecuteApiByDirection.java:28)
	at jp.go.jpo.sa1s99.common.format.integration.HtmlToXmlForAmendApiIntegrationTest.ファイル出力を比較する: #direction #parsedResult(HtmlToXmlForAmendApiIntegrationTest.groovy:29)
</failure>
  </testcase>
  <testcase name="ファイル出力を比較する: Direction{ s_InputDir: data/input/20101207-5.0-S-H22-0021/character-test/pat-amnd/entity-reference-test-3C, s_OutputDir: data/output/html_amend/20101207-5.0-S-H22-0021/character-test/pat-amnd/entity-reference-test-3C} null" classname="jp.go.jpo.sa1s99.common.format.integration.HtmlToXmlForAmendApiIntegrationTest" time="0.0">
    <failure message="java.lang.IllegalArgumentException: Not implemented yet" type="java.lang.IllegalArgumentException">java.lang.IllegalArgumentException: Not implemented yet
	at jp.go.jpo.sa1s99.common.format.api.XmlToHtmlForAmendApi.execute(XmlToHtmlForAmendApi.java:32)
	at jp.go.jpo.sa1s99.common.format.integration.ExecuteXmlToHtmlForAmendApiByDirection.executeApi(ExecuteXmlToHtmlForAmendApiByDirection.java:26)
	at jp.go.jpo.sa1s99.common.format.integration.ExecuteXmlToHtmlForAmendApiByDirection.executeApi(ExecuteXmlToHtmlForAmendApiByDirection.java:13)
	at jp.go.jpo.sa1s99.common.format.integration.ExecuteApiByDirection.execute(ExecuteApiByDirection.java:28)
	at jp.go.jpo.sa1s99.common.format.integration.HtmlToXmlForAmendApiIntegrationTest.ファイル出力を比較する: #direction #parsedResult(HtmlToXmlForAmendApiIntegrationTest.groovy:29)
</failure>
  </testcase>
  <testcase name="ファイル出力を比較する: Direction{ s_InputDir: data/input/20101207-5.0-S-H22-0021/character-test/pat-amnd/entity-reference-test-7F, s_OutputDir: data/output/html_amend/20101207-5.0-S-H22-0021/character-test/pat-amnd/entity-reference-test-7F} null" classname="jp.go.jpo.sa1s99.common.format.integration.HtmlToXmlForAmendApiIntegrationTest" time="0.0">
    <failure message="java.lang.IllegalArgumentException: Not implemented yet" type="java.lang.IllegalArgumentException">java.lang.IllegalArgumentException: Not implemented yet
	at jp.go.jpo.sa1s99.common.format.api.XmlToHtmlForAmendApi.execute(XmlToHtmlForAmendApi.java:32)
	at jp.go.jpo.sa1s99.common.format.integration.ExecuteXmlToHtmlForAmendApiByDirection.executeApi(ExecuteXmlToHtmlForAmendApiByDirection.java:26)
	at jp.go.jpo.sa1s99.common.format.integration.ExecuteXmlToHtmlForAmendApiByDirection.executeApi(ExecuteXmlToHtmlForAmendApiByDirection.java:13)
	at jp.go.jpo.sa1s99.common.format.integration.ExecuteApiByDirection.execute(ExecuteApiByDirection.java:28)
	at jp.go.jpo.sa1s99.common.format.integration.HtmlToXmlForAmendApiIntegrationTest.ファイル出力を比較する: #direction #parsedResult(HtmlToXmlForAmendApiIntegrationTest.groovy:29)
</failure>
  </testcase>
  <testcase name="ファイル出力を比較する: Direction{ s_InputDir: data/input/20101207-5.0-S-H22-0021/character-test/pat-amnd/entity-reference-test-80, s_OutputDir: data/output/html_amend/20101207-5.0-S-H22-0021/character-test/pat-amnd/entity-reference-test-80} null" classname="jp.go.jpo.sa1s99.common.format.integration.HtmlToXmlForAmendApiIntegrationTest" time="0.0">
    <failure message="java.lang.IllegalArgumentException: Not implemented yet" type="java.lang.IllegalArgumentException">java.lang.IllegalArgumentException: Not implemented yet
	at jp.go.jpo.sa1s99.common.format.api.XmlToHtmlForAmendApi.execute(XmlToHtmlForAmendApi.java:32)
	at jp.go.jpo.sa1s99.common.format.integration.ExecuteXmlToHtmlForAmendApiByDirection.executeApi(ExecuteXmlToHtmlForAmendApiByDirection.java:26)
	at jp.go.jpo.sa1s99.common.format.integration.ExecuteXmlToHtmlForAmendApiByDirection.executeApi(ExecuteXmlToHtmlForAmendApiByDirection.java:13)
	at jp.go.jpo.sa1s99.common.format.integration.ExecuteApiByDirection.execute(ExecuteApiByDirection.java:28)
	at jp.go.jpo.sa1s99.common.format.integration.HtmlToXmlForAmendApiIntegrationTest.ファイル出力を比較する: #direction #parsedResult(HtmlToXmlForAmendApiIntegrationTest.groovy:29)
</failure>
  </testcase>
  <testcase name="ファイル出力を比較する: Direction{ s_InputDir: data/input/20101207-5.0-S-H22-0021/character-test/pat-amnd/entity-reference-test-81, s_OutputDir: data/output/html_amend/20101207-5.0-S-H22-0021/character-test/pat-amnd/entity-reference-test-81} null" classname="jp.go.jpo.sa1s99.common.format.integration.HtmlToXmlForAmendApiIntegrationTest" time="0.015">
    <failure message="java.lang.IllegalArgumentException: Not implemented yet" type="java.lang.IllegalArgumentException">java.lang.IllegalArgumentException: Not implemented yet
	at jp.go.jpo.sa1s99.common.format.api.XmlToHtmlForAmendApi.execute(XmlToHtmlForAmendApi.java:32)
	at jp.go.jpo.sa1s99.common.format.integration.ExecuteXmlToHtmlForAmendApiByDirection.executeApi(ExecuteXmlToHtmlForAmendApiByDirection.java:26)
	at jp.go.jpo.sa1s99.common.format.integration.ExecuteXmlToHtmlForAmendApiByDirection.executeApi(ExecuteXmlToHtmlForAmendApiByDirection.java:13)
	at jp.go.jpo.sa1s99.common.format.integration.ExecuteApiByDirection.execute(ExecuteApiByDirection.java:28)
	at jp.go.jpo.sa1s99.common.format.integration.HtmlToXmlForAmendApiIntegrationTest.ファイル出力を比較する: #direction #parsedResult(HtmlToXmlForAmendApiIntegrationTest.groovy:29)
</failure>
  </testcase>
  <testcase name="ファイル出力を比較する: Direction{ s_InputDir: data/input/20101207-5.0-S-H22-0021/character-test/pat-amnd/entity-reference-test-82, s_OutputDir: data/output/html_amend/20101207-5.0-S-H22-0021/character-test/pat-amnd/entity-reference-test-82} null" classname="jp.go.jpo.sa1s99.common.format.integration.HtmlToXmlForAmendApiIntegrationTest" time="0.0">
    <failure message="java.lang.IllegalArgumentException: Not implemented yet" type="java.lang.IllegalArgumentException">java.lang.IllegalArgumentException: Not implemented yet
	at jp.go.jpo.sa1s99.common.format.api.XmlToHtmlForAmendApi.execute(XmlToHtmlForAmendApi.java:32)
	at jp.go.jpo.sa1s99.common.format.integration.ExecuteXmlToHtmlForAmendApiByDirection.executeApi(ExecuteXmlToHtmlForAmendApiByDirection.java:26)
	at jp.go.jpo.sa1s99.common.format.integration.ExecuteXmlToHtmlForAmendApiByDirection.executeApi(ExecuteXmlToHtmlForAmendApiByDirection.java:13)
	at jp.go.jpo.sa1s99.common.format.integration.ExecuteApiByDirection.execute(ExecuteApiByDirection.java:28)
	at jp.go.jpo.sa1s99.common.format.integration.HtmlToXmlForAmendApiIntegrationTest.ファイル出力を比較する: #direction #parsedResult(HtmlToXmlForAmendApiIntegrationTest.groovy:29)
</failure>
  </testcase>
  <testcase name="ファイル出力を比較する: Direction{ s_InputDir: data/input/20101207-5.0-S-H22-0021/character-test/pat-amnd/entity-reference-test-83, s_OutputDir: data/output/html_amend/20101207-5.0-S-H22-0021/character-test/pat-amnd/entity-reference-test-83} null" classname="jp.go.jpo.sa1s99.common.format.integration.HtmlToXmlForAmendApiIntegrationTest" time="0.016">
    <failure message="java.lang.IllegalArgumentException: Not implemented yet" type="java.lang.IllegalArgumentException">java.lang.IllegalArgumentException: Not implemented yet
	at jp.go.jpo.sa1s99.common.format.api.XmlToHtmlForAmendApi.execute(XmlToHtmlForAmendApi.java:32)
	at jp.go.jpo.sa1s99.common.format.integration.ExecuteXmlToHtmlForAmendApiByDirection.executeApi(ExecuteXmlToHtmlForAmendApiByDirection.java:26)
	at jp.go.jpo.sa1s99.common.format.integration.ExecuteXmlToHtmlForAmendApiByDirection.executeApi(ExecuteXmlToHtmlForAmendApiByDirection.java:13)
	at jp.go.jpo.sa1s99.common.format.integration.ExecuteApiByDirection.execute(ExecuteApiByDirection.java:28)
	at jp.go.jpo.sa1s99.common.format.integration.HtmlToXmlForAmendApiIntegrationTest.ファイル出力を比較する: #direction #parsedResult(HtmlToXmlForAmendApiIntegrationTest.groovy:29)
</failure>
  </testcase>
  <testcase name="ファイル出力を比較する: Direction{ s_InputDir: data/input/20101207-5.0-S-H22-0021/character-test/pat-amnd/entity-reference-test-84, s_OutputDir: data/output/html_amend/20101207-5.0-S-H22-0021/character-test/pat-amnd/entity-reference-test-84} null" classname="jp.go.jpo.sa1s99.common.format.integration.HtmlToXmlForAmendApiIntegrationTest" time="0.004">
    <failure message="java.lang.IllegalArgumentException: Not implemented yet" type="java.lang.IllegalArgumentException">java.lang.IllegalArgumentException: Not implemented yet
	at jp.go.jpo.sa1s99.common.format.api.XmlToHtmlForAmendApi.execute(XmlToHtmlForAmendApi.java:32)
	at jp.go.jpo.sa1s99.common.format.integration.ExecuteXmlToHtmlForAmendApiByDirection.executeApi(ExecuteXmlToHtmlForAmendApiByDirection.java:26)
	at jp.go.jpo.sa1s99.common.format.integration.ExecuteXmlToHtmlForAmendApiByDirection.executeApi(ExecuteXmlToHtmlForAmendApiByDirection.java:13)
	at jp.go.jpo.sa1s99.common.format.integration.ExecuteApiByDirection.execute(ExecuteApiByDirection.java:28)
	at jp.go.jpo.sa1s99.common.format.integration.HtmlToXmlForAmendApiIntegrationTest.ファイル出力を比較する: #direction #parsedResult(HtmlToXmlForAmendApiIntegrationTest.groovy:29)
</failure>
  </testcase>
  <testcase name="ファイル出力を比較する: Direction{ s_InputDir: data/input/20101207-5.0-S-H22-0021/character-test/pat-amnd/entity-reference-test-85, s_OutputDir: data/output/html_amend/20101207-5.0-S-H22-0021/character-test/pat-amnd/entity-reference-test-85} null" classname="jp.go.jpo.sa1s99.common.format.integration.HtmlToXmlForAmendApiIntegrationTest" time="0.002">
    <failure message="java.lang.IllegalArgumentException: Not implemented yet" type="java.lang.IllegalArgumentException">java.lang.IllegalArgumentException: Not implemented yet
	at jp.go.jpo.sa1s99.common.format.api.XmlToHtmlForAmendApi.execute(XmlToHtmlForAmendApi.java:32)
	at jp.go.jpo.sa1s99.common.format.integration.ExecuteXmlToHtmlForAmendApiByDirection.executeApi(ExecuteXmlToHtmlForAmendApiByDirection.java:26)
	at jp.go.jpo.sa1s99.common.format.integration.ExecuteXmlToHtmlForAmendApiByDirection.executeApi(ExecuteXmlToHtmlForAmendApiByDirection.java:13)
	at jp.go.jpo.sa1s99.common.format.integration.ExecuteApiByDirection.execute(ExecuteApiByDirection.java:28)
	at jp.go.jpo.sa1s99.common.format.integration.HtmlToXmlForAmendApiIntegrationTest.ファイル出力を比較する: #direction #parsedResult(HtmlToXmlForAmendApiIntegrationTest.groovy:29)
</failure>
  </testcase>
  <testcase name="ファイル出力を比較する: Direction{ s_InputDir: data/input/20101207-5.0-S-H22-0021/character-test/pat-amnd/entity-reference-test-86, s_OutputDir: data/output/html_amend/20101207-5.0-S-H22-0021/character-test/pat-amnd/entity-reference-test-86} null" classname="jp.go.jpo.sa1s99.common.format.integration.HtmlToXmlForAmendApiIntegrationTest" time="0.0">
    <failure message="java.lang.IllegalArgumentException: Not implemented yet" type="java.lang.IllegalArgumentException">java.lang.IllegalArgumentException: Not implemented yet
	at jp.go.jpo.sa1s99.common.format.api.XmlToHtmlForAmendApi.execute(XmlToHtmlForAmendApi.java:32)
	at jp.go.jpo.sa1s99.common.format.integration.ExecuteXmlToHtmlForAmendApiByDirection.executeApi(ExecuteXmlToHtmlForAmendApiByDirection.java:26)
	at jp.go.jpo.sa1s99.common.format.integration.ExecuteXmlToHtmlForAmendApiByDirection.executeApi(ExecuteXmlToHtmlForAmendApiByDirection.java:13)
	at jp.go.jpo.sa1s99.common.format.integration.ExecuteApiByDirection.execute(ExecuteApiByDirection.java:28)
	at jp.go.jpo.sa1s99.common.format.integration.HtmlToXmlForAmendApiIntegrationTest.ファイル出力を比較する: #direction #parsedResult(HtmlToXmlForAmendApiIntegrationTest.groovy:29)
</failure>
  </testcase>
  <testcase name="ファイル出力を比較する: Direction{ s_InputDir: data/input/20101207-5.0-S-H22-0021/character-test/pat-amnd/entity-reference-test-87, s_OutputDir: data/output/html_amend/20101207-5.0-S-H22-0021/character-test/pat-amnd/entity-reference-test-87} null" classname="jp.go.jpo.sa1s99.common.format.integration.HtmlToXmlForAmendApiIntegrationTest" time="0.0">
    <failure message="java.lang.IllegalArgumentException: Not implemented yet" type="java.lang.IllegalArgumentException">java.lang.IllegalArgumentException: Not implemented yet
	at jp.go.jpo.sa1s99.common.format.api.XmlToHtmlForAmendApi.execute(XmlToHtmlForAmendApi.java:32)
	at jp.go.jpo.sa1s99.common.format.integration.ExecuteXmlToHtmlForAmendApiByDirection.executeApi(ExecuteXmlToHtmlForAmendApiByDirection.java:26)
	at jp.go.jpo.sa1s99.common.format.integration.ExecuteXmlToHtmlForAmendApiByDirection.executeApi(ExecuteXmlToHtmlForAmendApiByDirection.java:13)
	at jp.go.jpo.sa1s99.common.format.integration.ExecuteApiByDirection.execute(ExecuteApiByDirection.java:28)
	at jp.go.jpo.sa1s99.common.format.integration.HtmlToXmlForAmendApiIntegrationTest.ファイル出力を比較する: #direction #parsedResult(HtmlToXmlForAmendApiIntegrationTest.groovy:29)
</failure>
  </testcase>
  <testcase name="ファイル出力を比較する: Direction{ s_InputDir: data/input/20101207-5.0-S-H22-0021/character-test/pat-amnd/entity-reference-test-88, s_OutputDir: data/output/html_amend/20101207-5.0-S-H22-0021/character-test/pat-amnd/entity-reference-test-88} null" classname="jp.go.jpo.sa1s99.common.format.integration.HtmlToXmlForAmendApiIntegrationTest" time="0.0">
    <failure message="java.lang.IllegalArgumentException: Not implemented yet" type="java.lang.IllegalArgumentException">java.lang.IllegalArgumentException: Not implemented yet
	at jp.go.jpo.sa1s99.common.format.api.XmlToHtmlForAmendApi.execute(XmlToHtmlForAmendApi.java:32)
	at jp.go.jpo.sa1s99.common.format.integration.ExecuteXmlToHtmlForAmendApiByDirection.executeApi(ExecuteXmlToHtmlForAmendApiByDirection.java:26)
	at jp.go.jpo.sa1s99.common.format.integration.ExecuteXmlToHtmlForAmendApiByDirection.executeApi(ExecuteXmlToHtmlForAmendApiByDirection.java:13)
	at jp.go.jpo.sa1s99.common.format.integration.ExecuteApiByDirection.execute(ExecuteApiByDirection.java:28)
	at jp.go.jpo.sa1s99.common.format.integration.HtmlToXmlForAmendApiIntegrationTest.ファイル出力を比較する: #direction #parsedResult(HtmlToXmlForAmendApiIntegrationTest.groovy:29)
</failure>
  </testcase>
  <testcase name="ファイル出力を比較する: Direction{ s_InputDir: data/input/20101207-5.0-S-H22-0021/character-test/pat-amnd/entity-reference-test-89, s_OutputDir: data/output/html_amend/20101207-5.0-S-H22-0021/character-test/pat-amnd/entity-reference-test-89} null" classname="jp.go.jpo.sa1s99.common.format.integration.HtmlToXmlForAmendApiIntegrationTest" time="0.0">
    <failure message="java.lang.IllegalArgumentException: Not implemented yet" type="java.lang.IllegalArgumentException">java.lang.IllegalArgumentException: Not implemented yet
	at jp.go.jpo.sa1s99.common.format.api.XmlToHtmlForAmendApi.execute(XmlToHtmlForAmendApi.java:32)
	at jp.go.jpo.sa1s99.common.format.integration.ExecuteXmlToHtmlForAmendApiByDirection.executeApi(ExecuteXmlToHtmlForAmendApiByDirection.java:26)
	at jp.go.jpo.sa1s99.common.format.integration.ExecuteXmlToHtmlForAmendApiByDirection.executeApi(ExecuteXmlToHtmlForAmendApiByDirection.java:13)
	at jp.go.jpo.sa1s99.common.format.integration.ExecuteApiByDirection.execute(ExecuteApiByDirection.java:28)
	at jp.go.jpo.sa1s99.common.format.integration.HtmlToXmlForAmendApiIntegrationTest.ファイル出力を比較する: #direction #parsedResult(HtmlToXmlForAmendApiIntegrationTest.groovy:29)
</failure>
  </testcase>
  <testcase name="ファイル出力を比較する: Direction{ s_InputDir: data/input/20101207-5.0-S-H22-0021/character-test/pat-amnd/entity-reference-test-8A, s_OutputDir: data/output/html_amend/20101207-5.0-S-H22-0021/character-test/pat-amnd/entity-reference-test-8A} null" classname="jp.go.jpo.sa1s99.common.format.integration.HtmlToXmlForAmendApiIntegrationTest" time="0.0">
    <failure message="java.lang.IllegalArgumentException: Not implemented yet" type="java.lang.IllegalArgumentException">java.lang.IllegalArgumentException: Not implemented yet
	at jp.go.jpo.sa1s99.common.format.api.XmlToHtmlForAmendApi.execute(XmlToHtmlForAmendApi.java:32)
	at jp.go.jpo.sa1s99.common.format.integration.ExecuteXmlToHtmlForAmendApiByDirection.executeApi(ExecuteXmlToHtmlForAmendApiByDirection.java:26)
	at jp.go.jpo.sa1s99.common.format.integration.ExecuteXmlToHtmlForAmendApiByDirection.executeApi(ExecuteXmlToHtmlForAmendApiByDirection.java:13)
	at jp.go.jpo.sa1s99.common.format.integration.ExecuteApiByDirection.execute(ExecuteApiByDirection.java:28)
	at jp.go.jpo.sa1s99.common.format.integration.HtmlToXmlForAmendApiIntegrationTest.ファイル出力を比較する: #direction #parsedResult(HtmlToXmlForAmendApiIntegrationTest.groovy:29)
</failure>
  </testcase>
  <testcase name="ファイル出力を比較する: Direction{ s_InputDir: data/input/20101207-5.0-S-H22-0021/character-test/pat-amnd/entity-reference-test-8B, s_OutputDir: data/output/html_amend/20101207-5.0-S-H22-0021/character-test/pat-amnd/entity-reference-test-8B} null" classname="jp.go.jpo.sa1s99.common.format.integration.HtmlToXmlForAmendApiIntegrationTest" time="0.016">
    <failure message="java.lang.IllegalArgumentException: Not implemented yet" type="java.lang.IllegalArgumentException">java.lang.IllegalArgumentException: Not implemented yet
	at jp.go.jpo.sa1s99.common.format.api.XmlToHtmlForAmendApi.execute(XmlToHtmlForAmendApi.java:32)
	at jp.go.jpo.sa1s99.common.format.integration.ExecuteXmlToHtmlForAmendApiByDirection.executeApi(ExecuteXmlToHtmlForAmendApiByDirection.java:26)
	at jp.go.jpo.sa1s99.common.format.integration.ExecuteXmlToHtmlForAmendApiByDirection.executeApi(ExecuteXmlToHtmlForAmendApiByDirection.java:13)
	at jp.go.jpo.sa1s99.common.format.integration.ExecuteApiByDirection.execute(ExecuteApiByDirection.java:28)
	at jp.go.jpo.sa1s99.common.format.integration.HtmlToXmlForAmendApiIntegrationTest.ファイル出力を比較する: #direction #parsedResult(HtmlToXmlForAmendApiIntegrationTest.groovy:29)
</failure>
  </testcase>
  <testcase name="ファイル出力を比較する: Direction{ s_InputDir: data/input/20101207-5.0-S-H22-0021/character-test/pat-amnd/entity-reference-test-8C, s_OutputDir: data/output/html_amend/20101207-5.0-S-H22-0021/character-test/pat-amnd/entity-reference-test-8C} null" classname="jp.go.jpo.sa1s99.common.format.integration.HtmlToXmlForAmendApiIntegrationTest" time="0.0">
    <failure message="java.lang.IllegalArgumentException: Not implemented yet" type="java.lang.IllegalArgumentException">java.lang.IllegalArgumentException: Not implemented yet
	at jp.go.jpo.sa1s99.common.format.api.XmlToHtmlForAmendApi.execute(XmlToHtmlForAmendApi.java:32)
	at jp.go.jpo.sa1s99.common.format.integration.ExecuteXmlToHtmlForAmendApiByDirection.executeApi(ExecuteXmlToHtmlForAmendApiByDirection.java:26)
	at jp.go.jpo.sa1s99.common.format.integration.ExecuteXmlToHtmlForAmendApiByDirection.executeApi(ExecuteXmlToHtmlForAmendApiByDirection.java:13)
	at jp.go.jpo.sa1s99.common.format.integration.ExecuteApiByDirection.execute(ExecuteApiByDirection.java:28)
	at jp.go.jpo.sa1s99.common.format.integration.HtmlToXmlForAmendApiIntegrationTest.ファイル出力を比較する: #direction #parsedResult(HtmlToXmlForAmendApiIntegrationTest.groovy:29)
</failure>
  </testcase>
  <testcase name="ファイル出力を比較する: Direction{ s_InputDir: data/input/20101207-5.0-S-H22-0021/character-test/pat-amnd/entity-reference-test-8D, s_OutputDir: data/output/html_amend/20101207-5.0-S-H22-0021/character-test/pat-amnd/entity-reference-test-8D} null" classname="jp.go.jpo.sa1s99.common.format.integration.HtmlToXmlForAmendApiIntegrationTest" time="0.0">
    <failure message="java.lang.IllegalArgumentException: Not implemented yet" type="java.lang.IllegalArgumentException">java.lang.IllegalArgumentException: Not implemented yet
	at jp.go.jpo.sa1s99.common.format.api.XmlToHtmlForAmendApi.execute(XmlToHtmlForAmendApi.java:32)
	at jp.go.jpo.sa1s99.common.format.integration.ExecuteXmlToHtmlForAmendApiByDirection.executeApi(ExecuteXmlToHtmlForAmendApiByDirection.java:26)
	at jp.go.jpo.sa1s99.common.format.integration.ExecuteXmlToHtmlForAmendApiByDirection.executeApi(ExecuteXmlToHtmlForAmendApiByDirection.java:13)
	at jp.go.jpo.sa1s99.common.format.integration.ExecuteApiByDirection.execute(ExecuteApiByDirection.java:28)
	at jp.go.jpo.sa1s99.common.format.integration.HtmlToXmlForAmendApiIntegrationTest.ファイル出力を比較する: #direction #parsedResult(HtmlToXmlForAmendApiIntegrationTest.groovy:29)
</failure>
  </testcase>
  <testcase name="ファイル出力を比較する: Direction{ s_InputDir: data/input/20101207-5.0-S-H22-0021/character-test/pat-amnd/entity-reference-test-8E, s_OutputDir: data/output/html_amend/20101207-5.0-S-H22-0021/character-test/pat-amnd/entity-reference-test-8E} null" classname="jp.go.jpo.sa1s99.common.format.integration.HtmlToXmlForAmendApiIntegrationTest" time="0.016">
    <failure message="java.lang.IllegalArgumentException: Not implemented yet" type="java.lang.IllegalArgumentException">java.lang.IllegalArgumentException: Not implemented yet
	at jp.go.jpo.sa1s99.common.format.api.XmlToHtmlForAmendApi.execute(XmlToHtmlForAmendApi.java:32)
	at jp.go.jpo.sa1s99.common.format.integration.ExecuteXmlToHtmlForAmendApiByDirection.executeApi(ExecuteXmlToHtmlForAmendApiByDirection.java:26)
	at jp.go.jpo.sa1s99.common.format.integration.ExecuteXmlToHtmlForAmendApiByDirection.executeApi(ExecuteXmlToHtmlForAmendApiByDirection.java:13)
	at jp.go.jpo.sa1s99.common.format.integration.ExecuteApiByDirection.execute(ExecuteApiByDirection.java:28)
	at jp.go.jpo.sa1s99.common.format.integration.HtmlToXmlForAmendApiIntegrationTest.ファイル出力を比較する: #direction #parsedResult(HtmlToXmlForAmendApiIntegrationTest.groovy:29)
</failure>
  </testcase>
  <testcase name="ファイル出力を比較する: Direction{ s_InputDir: data/input/20101207-5.0-S-H22-0021/character-test/pat-amnd/entity-reference-test-8F, s_OutputDir: data/output/html_amend/20101207-5.0-S-H22-0021/character-test/pat-amnd/entity-reference-test-8F} null" classname="jp.go.jpo.sa1s99.common.format.integration.HtmlToXmlForAmendApiIntegrationTest" time="0.0">
    <failure message="java.lang.IllegalArgumentException: Not implemented yet" type="java.lang.IllegalArgumentException">java.lang.IllegalArgumentException: Not implemented yet
	at jp.go.jpo.sa1s99.common.format.api.XmlToHtmlForAmendApi.execute(XmlToHtmlForAmendApi.java:32)
	at jp.go.jpo.sa1s99.common.format.integration.ExecuteXmlToHtmlForAmendApiByDirection.executeApi(ExecuteXmlToHtmlForAmendApiByDirection.java:26)
	at jp.go.jpo.sa1s99.common.format.integration.ExecuteXmlToHtmlForAmendApiByDirection.executeApi(ExecuteXmlToHtmlForAmendApiByDirection.java:13)
	at jp.go.jpo.sa1s99.common.format.integration.ExecuteApiByDirection.execute(ExecuteApiByDirection.java:28)
	at jp.go.jpo.sa1s99.common.format.integration.HtmlToXmlForAmendApiIntegrationTest.ファイル出力を比較する: #direction #parsedResult(HtmlToXmlForAmendApiIntegrationTest.groovy:29)
</failure>
  </testcase>
  <testcase name="ファイル出力を比較する: Direction{ s_InputDir: data/input/20101207-5.0-S-H22-0021/character-test/pat-amnd/entity-reference-test-90, s_OutputDir: data/output/html_amend/20101207-5.0-S-H22-0021/character-test/pat-amnd/entity-reference-test-90} null" classname="jp.go.jpo.sa1s99.common.format.integration.HtmlToXmlForAmendApiIntegrationTest" time="0.015">
    <failure message="java.lang.IllegalArgumentException: Not implemented yet" type="java.lang.IllegalArgumentException">java.lang.IllegalArgumentException: Not implemented yet
	at jp.go.jpo.sa1s99.common.format.api.XmlToHtmlForAmendApi.execute(XmlToHtmlForAmendApi.java:32)
	at jp.go.jpo.sa1s99.common.format.integration.ExecuteXmlToHtmlForAmendApiByDirection.executeApi(ExecuteXmlToHtmlForAmendApiByDirection.java:26)
	at jp.go.jpo.sa1s99.common.format.integration.ExecuteXmlToHtmlForAmendApiByDirection.executeApi(ExecuteXmlToHtmlForAmendApiByDirection.java:13)
	at jp.go.jpo.sa1s99.common.format.integration.ExecuteApiByDirection.execute(ExecuteApiByDirection.java:28)
	at jp.go.jpo.sa1s99.common.format.integration.HtmlToXmlForAmendApiIntegrationTest.ファイル出力を比較する: #direction #parsedResult(HtmlToXmlForAmendApiIntegrationTest.groovy:29)
</failure>
  </testcase>
  <testcase name="ファイル出力を比較する: Direction{ s_InputDir: data/input/20101207-5.0-S-H22-0021/character-test/pat-amnd/entity-reference-test-91, s_OutputDir: data/output/html_amend/20101207-5.0-S-H22-0021/character-test/pat-amnd/entity-reference-test-91} null" classname="jp.go.jpo.sa1s99.common.format.integration.HtmlToXmlForAmendApiIntegrationTest" time="0.0">
    <failure message="java.lang.IllegalArgumentException: Not implemented yet" type="java.lang.IllegalArgumentException">java.lang.IllegalArgumentException: Not implemented yet
	at jp.go.jpo.sa1s99.common.format.api.XmlToHtmlForAmendApi.execute(XmlToHtmlForAmendApi.java:32)
	at jp.go.jpo.sa1s99.common.format.integration.ExecuteXmlToHtmlForAmendApiByDirection.executeApi(ExecuteXmlToHtmlForAmendApiByDirection.java:26)
	at jp.go.jpo.sa1s99.common.format.integration.ExecuteXmlToHtmlForAmendApiByDirection.executeApi(ExecuteXmlToHtmlForAmendApiByDirection.java:13)
	at jp.go.jpo.sa1s99.common.format.integration.ExecuteApiByDirection.execute(ExecuteApiByDirection.java:28)
	at jp.go.jpo.sa1s99.common.format.integration.HtmlToXmlForAmendApiIntegrationTest.ファイル出力を比較する: #direction #parsedResult(HtmlToXmlForAmendApiIntegrationTest.groovy:29)
</failure>
  </testcase>
  <testcase name="ファイル出力を比較する: Direction{ s_InputDir: data/input/20101207-5.0-S-H22-0021/character-test/pat-amnd/entity-reference-test-92, s_OutputDir: data/output/html_amend/20101207-5.0-S-H22-0021/character-test/pat-amnd/entity-reference-test-92} null" classname="jp.go.jpo.sa1s99.common.format.integration.HtmlToXmlForAmendApiIntegrationTest" time="0.0">
    <failure message="java.lang.IllegalArgumentException: Not implemented yet" type="java.lang.IllegalArgumentException">java.lang.IllegalArgumentException: Not implemented yet
	at jp.go.jpo.sa1s99.common.format.api.XmlToHtmlForAmendApi.execute(XmlToHtmlForAmendApi.java:32)
	at jp.go.jpo.sa1s99.common.format.integration.ExecuteXmlToHtmlForAmendApiByDirection.executeApi(ExecuteXmlToHtmlForAmendApiByDirection.java:26)
	at jp.go.jpo.sa1s99.common.format.integration.ExecuteXmlToHtmlForAmendApiByDirection.executeApi(ExecuteXmlToHtmlForAmendApiByDirection.java:13)
	at jp.go.jpo.sa1s99.common.format.integration.ExecuteApiByDirection.execute(ExecuteApiByDirection.java:28)
	at jp.go.jpo.sa1s99.common.format.integration.HtmlToXmlForAmendApiIntegrationTest.ファイル出力を比較する: #direction #parsedResult(HtmlToXmlForAmendApiIntegrationTest.groovy:29)
</failure>
  </testcase>
  <testcase name="ファイル出力を比較する: Direction{ s_InputDir: data/input/20101207-5.0-S-H22-0021/character-test/pat-amnd/entity-reference-test-93, s_OutputDir: data/output/html_amend/20101207-5.0-S-H22-0021/character-test/pat-amnd/entity-reference-test-93} null" classname="jp.go.jpo.sa1s99.common.format.integration.HtmlToXmlForAmendApiIntegrationTest" time="0.0">
    <failure message="java.lang.IllegalArgumentException: Not implemented yet" type="java.lang.IllegalArgumentException">java.lang.IllegalArgumentException: Not implemented yet
	at jp.go.jpo.sa1s99.common.format.api.XmlToHtmlForAmendApi.execute(XmlToHtmlForAmendApi.java:32)
	at jp.go.jpo.sa1s99.common.format.integration.ExecuteXmlToHtmlForAmendApiByDirection.executeApi(ExecuteXmlToHtmlForAmendApiByDirection.java:26)
	at jp.go.jpo.sa1s99.common.format.integration.ExecuteXmlToHtmlForAmendApiByDirection.executeApi(ExecuteXmlToHtmlForAmendApiByDirection.java:13)
	at jp.go.jpo.sa1s99.common.format.integration.ExecuteApiByDirection.execute(ExecuteApiByDirection.java:28)
	at jp.go.jpo.sa1s99.common.format.integration.HtmlToXmlForAmendApiIntegrationTest.ファイル出力を比較する: #direction #parsedResult(HtmlToXmlForAmendApiIntegrationTest.groovy:29)
</failure>
  </testcase>
  <testcase name="ファイル出力を比較する: Direction{ s_InputDir: data/input/20101207-5.0-S-H22-0021/character-test/pat-amnd/entity-reference-test-94, s_OutputDir: data/output/html_amend/20101207-5.0-S-H22-0021/character-test/pat-amnd/entity-reference-test-94} null" classname="jp.go.jpo.sa1s99.common.format.integration.HtmlToXmlForAmendApiIntegrationTest" time="0.0">
    <failure message="java.lang.IllegalArgumentException: Not implemented yet" type="java.lang.IllegalArgumentException">java.lang.IllegalArgumentException: Not implemented yet
	at jp.go.jpo.sa1s99.common.format.api.XmlToHtmlForAmendApi.execute(XmlToHtmlForAmendApi.java:32)
	at jp.go.jpo.sa1s99.common.format.integration.ExecuteXmlToHtmlForAmendApiByDirection.executeApi(ExecuteXmlToHtmlForAmendApiByDirection.java:26)
	at jp.go.jpo.sa1s99.common.format.integration.ExecuteXmlToHtmlForAmendApiByDirection.executeApi(ExecuteXmlToHtmlForAmendApiByDirection.java:13)
	at jp.go.jpo.sa1s99.common.format.integration.ExecuteApiByDirection.execute(ExecuteApiByDirection.java:28)
	at jp.go.jpo.sa1s99.common.format.integration.HtmlToXmlForAmendApiIntegrationTest.ファイル出力を比較する: #direction #parsedResult(HtmlToXmlForAmendApiIntegrationTest.groovy:29)
</failure>
  </testcase>
  <testcase name="ファイル出力を比較する: Direction{ s_InputDir: data/input/20101207-5.0-S-H22-0021/character-test/pat-amnd/entity-reference-test-95, s_OutputDir: data/output/html_amend/20101207-5.0-S-H22-0021/character-test/pat-amnd/entity-reference-test-95} null" classname="jp.go.jpo.sa1s99.common.format.integration.HtmlToXmlForAmendApiIntegrationTest" time="0.0">
    <failure message="java.lang.IllegalArgumentException: Not implemented yet" type="java.lang.IllegalArgumentException">java.lang.IllegalArgumentException: Not implemented yet
	at jp.go.jpo.sa1s99.common.format.api.XmlToHtmlForAmendApi.execute(XmlToHtmlForAmendApi.java:32)
	at jp.go.jpo.sa1s99.common.format.integration.ExecuteXmlToHtmlForAmendApiByDirection.executeApi(ExecuteXmlToHtmlForAmendApiByDirection.java:26)
	at jp.go.jpo.sa1s99.common.format.integration.ExecuteXmlToHtmlForAmendApiByDirection.executeApi(ExecuteXmlToHtmlForAmendApiByDirection.java:13)
	at jp.go.jpo.sa1s99.common.format.integration.ExecuteApiByDirection.execute(ExecuteApiByDirection.java:28)
	at jp.go.jpo.sa1s99.common.format.integration.HtmlToXmlForAmendApiIntegrationTest.ファイル出力を比較する: #direction #parsedResult(HtmlToXmlForAmendApiIntegrationTest.groovy:29)
</failure>
  </testcase>
  <testcase name="ファイル出力を比較する: Direction{ s_InputDir: data/input/20101207-5.0-S-H22-0021/character-test/pat-amnd/entity-reference-test-96, s_OutputDir: data/output/html_amend/20101207-5.0-S-H22-0021/character-test/pat-amnd/entity-reference-test-96} null" classname="jp.go.jpo.sa1s99.common.format.integration.HtmlToXmlForAmendApiIntegrationTest" time="0.0">
    <failure message="java.lang.IllegalArgumentException: Not implemented yet" type="java.lang.IllegalArgumentException">java.lang.IllegalArgumentException: Not implemented yet
	at jp.go.jpo.sa1s99.common.format.api.XmlToHtmlForAmendApi.execute(XmlToHtmlForAmendApi.java:32)
	at jp.go.jpo.sa1s99.common.format.integration.ExecuteXmlToHtmlForAmendApiByDirection.executeApi(ExecuteXmlToHtmlForAmendApiByDirection.java:26)
	at jp.go.jpo.sa1s99.common.format.integration.ExecuteXmlToHtmlForAmendApiByDirection.executeApi(ExecuteXmlToHtmlForAmendApiByDirection.java:13)
	at jp.go.jpo.sa1s99.common.format.integration.ExecuteApiByDirection.execute(ExecuteApiByDirection.java:28)
	at jp.go.jpo.sa1s99.common.format.integration.HtmlToXmlForAmendApiIntegrationTest.ファイル出力を比較する: #direction #parsedResult(HtmlToXmlForAmendApiIntegrationTest.groovy:29)
</failure>
  </testcase>
  <testcase name="ファイル出力を比較する: Direction{ s_InputDir: data/input/20101207-5.0-S-H22-0021/character-test/pat-amnd/entity-reference-test-97, s_OutputDir: data/output/html_amend/20101207-5.0-S-H22-0021/character-test/pat-amnd/entity-reference-test-97} null" classname="jp.go.jpo.sa1s99.common.format.integration.HtmlToXmlForAmendApiIntegrationTest" time="0.0">
    <failure message="java.lang.IllegalArgumentException: Not implemented yet" type="java.lang.IllegalArgumentException">java.lang.IllegalArgumentException: Not implemented yet
	at jp.go.jpo.sa1s99.common.format.api.XmlToHtmlForAmendApi.execute(XmlToHtmlForAmendApi.java:32)
	at jp.go.jpo.sa1s99.common.format.integration.ExecuteXmlToHtmlForAmendApiByDirection.executeApi(ExecuteXmlToHtmlForAmendApiByDirection.java:26)
	at jp.go.jpo.sa1s99.common.format.integration.ExecuteXmlToHtmlForAmendApiByDirection.executeApi(ExecuteXmlToHtmlForAmendApiByDirection.java:13)
	at jp.go.jpo.sa1s99.common.format.integration.ExecuteApiByDirection.execute(ExecuteApiByDirection.java:28)
	at jp.go.jpo.sa1s99.common.format.integration.HtmlToXmlForAmendApiIntegrationTest.ファイル出力を比較する: #direction #parsedResult(HtmlToXmlForAmendApiIntegrationTest.groovy:29)
</failure>
  </testcase>
  <testcase name="ファイル出力を比較する: Direction{ s_InputDir: data/input/20101207-5.0-S-H22-0021/character-test/pat-amnd/entity-reference-test-98, s_OutputDir: data/output/html_amend/20101207-5.0-S-H22-0021/character-test/pat-amnd/entity-reference-test-98} null" classname="jp.go.jpo.sa1s99.common.format.integration.HtmlToXmlForAmendApiIntegrationTest" time="0.0">
    <failure message="java.lang.IllegalArgumentException: Not implemented yet" type="java.lang.IllegalArgumentException">java.lang.IllegalArgumentException: Not implemented yet
	at jp.go.jpo.sa1s99.common.format.api.XmlToHtmlForAmendApi.execute(XmlToHtmlForAmendApi.java:32)
	at jp.go.jpo.sa1s99.common.format.integration.ExecuteXmlToHtmlForAmendApiByDirection.executeApi(ExecuteXmlToHtmlForAmendApiByDirection.java:26)
	at jp.go.jpo.sa1s99.common.format.integration.ExecuteXmlToHtmlForAmendApiByDirection.executeApi(ExecuteXmlToHtmlForAmendApiByDirection.java:13)
	at jp.go.jpo.sa1s99.common.format.integration.ExecuteApiByDirection.execute(ExecuteApiByDirection.java:28)
	at jp.go.jpo.sa1s99.common.format.integration.HtmlToXmlForAmendApiIntegrationTest.ファイル出力を比較する: #direction #parsedResult(HtmlToXmlForAmendApiIntegrationTest.groovy:29)
</failure>
  </testcase>
  <testcase name="ファイル出力を比較する: Direction{ s_InputDir: data/input/20101207-5.0-S-H22-0021/character-test/pat-amnd/entity-reference-test-99, s_OutputDir: data/output/html_amend/20101207-5.0-S-H22-0021/character-test/pat-amnd/entity-reference-test-99} null" classname="jp.go.jpo.sa1s99.common.format.integration.HtmlToXmlForAmendApiIntegrationTest" time="0.0">
    <failure message="java.lang.IllegalArgumentException: Not implemented yet" type="java.lang.IllegalArgumentException">java.lang.IllegalArgumentException: Not implemented yet
	at jp.go.jpo.sa1s99.common.format.api.XmlToHtmlForAmendApi.execute(XmlToHtmlForAmendApi.java:32)
	at jp.go.jpo.sa1s99.common.format.integration.ExecuteXmlToHtmlForAmendApiByDirection.executeApi(ExecuteXmlToHtmlForAmendApiByDirection.java:26)
	at jp.go.jpo.sa1s99.common.format.integration.ExecuteXmlToHtmlForAmendApiByDirection.executeApi(ExecuteXmlToHtmlForAmendApiByDirection.java:13)
	at jp.go.jpo.sa1s99.common.format.integration.ExecuteApiByDirection.execute(ExecuteApiByDirection.java:28)
	at jp.go.jpo.sa1s99.common.format.integration.HtmlToXmlForAmendApiIntegrationTest.ファイル出力を比較する: #direction #parsedResult(HtmlToXmlForAmendApiIntegrationTest.groovy:29)
</failure>
  </testcase>
  <testcase name="ファイル出力を比較する: Direction{ s_InputDir: data/input/20101207-5.0-S-H22-0021/character-test/pat-amnd/entity-reference-test-9A, s_OutputDir: data/output/html_amend/20101207-5.0-S-H22-0021/character-test/pat-amnd/entity-reference-test-9A} null" classname="jp.go.jpo.sa1s99.common.format.integration.HtmlToXmlForAmendApiIntegrationTest" time="0.016">
    <failure message="java.lang.IllegalArgumentException: Not implemented yet" type="java.lang.IllegalArgumentException">java.lang.IllegalArgumentException: Not implemented yet
	at jp.go.jpo.sa1s99.common.format.api.XmlToHtmlForAmendApi.execute(XmlToHtmlForAmendApi.java:32)
	at jp.go.jpo.sa1s99.common.format.integration.ExecuteXmlToHtmlForAmendApiByDirection.executeApi(ExecuteXmlToHtmlForAmendApiByDirection.java:26)
	at jp.go.jpo.sa1s99.common.format.integration.ExecuteXmlToHtmlForAmendApiByDirection.executeApi(ExecuteXmlToHtmlForAmendApiByDirection.java:13)
	at jp.go.jpo.sa1s99.common.format.integration.ExecuteApiByDirection.execute(ExecuteApiByDirection.java:28)
	at jp.go.jpo.sa1s99.common.format.integration.HtmlToXmlForAmendApiIntegrationTest.ファイル出力を比較する: #direction #parsedResult(HtmlToXmlForAmendApiIntegrationTest.groovy:29)
</failure>
  </testcase>
  <testcase name="ファイル出力を比較する: Direction{ s_InputDir: data/input/20101207-5.0-S-H22-0021/character-test/pat-amnd/entity-reference-test-9B, s_OutputDir: data/output/html_amend/20101207-5.0-S-H22-0021/character-test/pat-amnd/entity-reference-test-9B} null" classname="jp.go.jpo.sa1s99.common.format.integration.HtmlToXmlForAmendApiIntegrationTest" time="0.0">
    <failure message="java.lang.IllegalArgumentException: Not implemented yet" type="java.lang.IllegalArgumentException">java.lang.IllegalArgumentException: Not implemented yet
	at jp.go.jpo.sa1s99.common.format.api.XmlToHtmlForAmendApi.execute(XmlToHtmlForAmendApi.java:32)
	at jp.go.jpo.sa1s99.common.format.integration.ExecuteXmlToHtmlForAmendApiByDirection.executeApi(ExecuteXmlToHtmlForAmendApiByDirection.java:26)
	at jp.go.jpo.sa1s99.common.format.integration.ExecuteXmlToHtmlForAmendApiByDirection.executeApi(ExecuteXmlToHtmlForAmendApiByDirection.java:13)
	at jp.go.jpo.sa1s99.common.format.integration.ExecuteApiByDirection.execute(ExecuteApiByDirection.java:28)
	at jp.go.jpo.sa1s99.common.format.integration.HtmlToXmlForAmendApiIntegrationTest.ファイル出力を比較する: #direction #parsedResult(HtmlToXmlForAmendApiIntegrationTest.groovy:29)
</failure>
  </testcase>
  <testcase name="ファイル出力を比較する: Direction{ s_InputDir: data/input/20101207-5.0-S-H22-0021/character-test/pat-amnd/entity-reference-test-9C, s_OutputDir: data/output/html_amend/20101207-5.0-S-H22-0021/character-test/pat-amnd/entity-reference-test-9C} null" classname="jp.go.jpo.sa1s99.common.format.integration.HtmlToXmlForAmendApiIntegrationTest" time="0.0">
    <failure message="java.lang.IllegalArgumentException: Not implemented yet" type="java.lang.IllegalArgumentException">java.lang.IllegalArgumentException: Not implemented yet
	at jp.go.jpo.sa1s99.common.format.api.XmlToHtmlForAmendApi.execute(XmlToHtmlForAmendApi.java:32)
	at jp.go.jpo.sa1s99.common.format.integration.ExecuteXmlToHtmlForAmendApiByDirection.executeApi(ExecuteXmlToHtmlForAmendApiByDirection.java:26)
	at jp.go.jpo.sa1s99.common.format.integration.ExecuteXmlToHtmlForAmendApiByDirection.executeApi(ExecuteXmlToHtmlForAmendApiByDirection.java:13)
	at jp.go.jpo.sa1s99.common.format.integration.ExecuteApiByDirection.execute(ExecuteApiByDirection.java:28)
	at jp.go.jpo.sa1s99.common.format.integration.HtmlToXmlForAmendApiIntegrationTest.ファイル出力を比較する: #direction #parsedResult(HtmlToXmlForAmendApiIntegrationTest.groovy:29)
</failure>
  </testcase>
  <testcase name="ファイル出力を比較する: Direction{ s_InputDir: data/input/20101207-5.0-S-H22-0021/character-test/pat-amnd/entity-reference-test-9D, s_OutputDir: data/output/html_amend/20101207-5.0-S-H22-0021/character-test/pat-amnd/entity-reference-test-9D} null" classname="jp.go.jpo.sa1s99.common.format.integration.HtmlToXmlForAmendApiIntegrationTest" time="0.0">
    <failure message="java.lang.IllegalArgumentException: Not implemented yet" type="java.lang.IllegalArgumentException">java.lang.IllegalArgumentException: Not implemented yet
	at jp.go.jpo.sa1s99.common.format.api.XmlToHtmlForAmendApi.execute(XmlToHtmlForAmendApi.java:32)
	at jp.go.jpo.sa1s99.common.format.integration.ExecuteXmlToHtmlForAmendApiByDirection.executeApi(ExecuteXmlToHtmlForAmendApiByDirection.java:26)
	at jp.go.jpo.sa1s99.common.format.integration.ExecuteXmlToHtmlForAmendApiByDirection.executeApi(ExecuteXmlToHtmlForAmendApiByDirection.java:13)
	at jp.go.jpo.sa1s99.common.format.integration.ExecuteApiByDirection.execute(ExecuteApiByDirection.java:28)
	at jp.go.jpo.sa1s99.common.format.integration.HtmlToXmlForAmendApiIntegrationTest.ファイル出力を比較する: #direction #parsedResult(HtmlToXmlForAmendApiIntegrationTest.groovy:29)
</failure>
  </testcase>
  <testcase name="ファイル出力を比較する: Direction{ s_InputDir: data/input/20101207-5.0-S-H22-0021/character-test/pat-amnd/entity-reference-test-9E, s_OutputDir: data/output/html_amend/20101207-5.0-S-H22-0021/character-test/pat-amnd/entity-reference-test-9E} null" classname="jp.go.jpo.sa1s99.common.format.integration.HtmlToXmlForAmendApiIntegrationTest" time="0.016">
    <failure message="java.lang.IllegalArgumentException: Not implemented yet" type="java.lang.IllegalArgumentException">java.lang.IllegalArgumentException: Not implemented yet
	at jp.go.jpo.sa1s99.common.format.api.XmlToHtmlForAmendApi.execute(XmlToHtmlForAmendApi.java:32)
	at jp.go.jpo.sa1s99.common.format.integration.ExecuteXmlToHtmlForAmendApiByDirection.executeApi(ExecuteXmlToHtmlForAmendApiByDirection.java:26)
	at jp.go.jpo.sa1s99.common.format.integration.ExecuteXmlToHtmlForAmendApiByDirection.executeApi(ExecuteXmlToHtmlForAmendApiByDirection.java:13)
	at jp.go.jpo.sa1s99.common.format.integration.ExecuteApiByDirection.execute(ExecuteApiByDirection.java:28)
	at jp.go.jpo.sa1s99.common.format.integration.HtmlToXmlForAmendApiIntegrationTest.ファイル出力を比較する: #direction #parsedResult(HtmlToXmlForAmendApiIntegrationTest.groovy:29)
</failure>
  </testcase>
  <testcase name="ファイル出力を比較する: Direction{ s_InputDir: data/input/20101207-5.0-S-H22-0021/character-test/pat-amnd/entity-reference-test-9F, s_OutputDir: data/output/html_amend/20101207-5.0-S-H22-0021/character-test/pat-amnd/entity-reference-test-9F} null" classname="jp.go.jpo.sa1s99.common.format.integration.HtmlToXmlForAmendApiIntegrationTest" time="0.001">
    <failure message="java.lang.IllegalArgumentException: Not implemented yet" type="java.lang.IllegalArgumentException">java.lang.IllegalArgumentException: Not implemented yet
	at jp.go.jpo.sa1s99.common.format.api.XmlToHtmlForAmendApi.execute(XmlToHtmlForAmendApi.java:32)
	at jp.go.jpo.sa1s99.common.format.integration.ExecuteXmlToHtmlForAmendApiByDirection.executeApi(ExecuteXmlToHtmlForAmendApiByDirection.java:26)
	at jp.go.jpo.sa1s99.common.format.integration.ExecuteXmlToHtmlForAmendApiByDirection.executeApi(ExecuteXmlToHtmlForAmendApiByDirection.java:13)
	at jp.go.jpo.sa1s99.common.format.integration.ExecuteApiByDirection.execute(ExecuteApiByDirection.java:28)
	at jp.go.jpo.sa1s99.common.format.integration.HtmlToXmlForAmendApiIntegrationTest.ファイル出力を比較する: #direction #parsedResult(HtmlToXmlForAmendApiIntegrationTest.groovy:29)
</failure>
  </testcase>
  <testcase name="ファイル出力を比較する: Direction{ s_InputDir: data/input/20101207-5.0-S-H22-0021/character-test/pat-amnd/entity-reference-test-A0, s_OutputDir: data/output/html_amend/20101207-5.0-S-H22-0021/character-test/pat-amnd/entity-reference-test-A0} null" classname="jp.go.jpo.sa1s99.common.format.integration.HtmlToXmlForAmendApiIntegrationTest" time="0.004">
    <failure message="java.lang.IllegalArgumentException: Not implemented yet" type="java.lang.IllegalArgumentException">java.lang.IllegalArgumentException: Not implemented yet
	at jp.go.jpo.sa1s99.common.format.api.XmlToHtmlForAmendApi.execute(XmlToHtmlForAmendApi.java:32)
	at jp.go.jpo.sa1s99.common.format.integration.ExecuteXmlToHtmlForAmendApiByDirection.executeApi(ExecuteXmlToHtmlForAmendApiByDirection.java:26)
	at jp.go.jpo.sa1s99.common.format.integration.ExecuteXmlToHtmlForAmendApiByDirection.executeApi(ExecuteXmlToHtmlForAmendApiByDirection.java:13)
	at jp.go.jpo.sa1s99.common.format.integration.ExecuteApiByDirection.execute(ExecuteApiByDirection.java:28)
	at jp.go.jpo.sa1s99.common.format.integration.HtmlToXmlForAmendApiIntegrationTest.ファイル出力を比較する: #direction #parsedResult(HtmlToXmlForAmendApiIntegrationTest.groovy:29)
</failure>
  </testcase>
  <testcase name="ファイル出力を比較する: Direction{ s_InputDir: data/input/20101207-5.0-S-H22-0021/character-test/pat-amnd/entity-reference-test-A1, s_OutputDir: data/output/html_amend/20101207-5.0-S-H22-0021/character-test/pat-amnd/entity-reference-test-A1} null" classname="jp.go.jpo.sa1s99.common.format.integration.HtmlToXmlForAmendApiIntegrationTest" time="0.0">
    <failure message="java.lang.IllegalArgumentException: Not implemented yet" type="java.lang.IllegalArgumentException">java.lang.IllegalArgumentException: Not implemented yet
	at jp.go.jpo.sa1s99.common.format.api.XmlToHtmlForAmendApi.execute(XmlToHtmlForAmendApi.java:32)
	at jp.go.jpo.sa1s99.common.format.integration.ExecuteXmlToHtmlForAmendApiByDirection.executeApi(ExecuteXmlToHtmlForAmendApiByDirection.java:26)
	at jp.go.jpo.sa1s99.common.format.integration.ExecuteXmlToHtmlForAmendApiByDirection.executeApi(ExecuteXmlToHtmlForAmendApiByDirection.java:13)
	at jp.go.jpo.sa1s99.common.format.integration.ExecuteApiByDirection.execute(ExecuteApiByDirection.java:28)
	at jp.go.jpo.sa1s99.common.format.integration.HtmlToXmlForAmendApiIntegrationTest.ファイル出力を比較する: #direction #parsedResult(HtmlToXmlForAmendApiIntegrationTest.groovy:29)
</failure>
  </testcase>
  <testcase name="ファイル出力を比較する: Direction{ s_InputDir: data/input/20101207-5.0-S-H22-0021/character-test/pat-amnd/entity-reference-test-A2, s_OutputDir: data/output/html_amend/20101207-5.0-S-H22-0021/character-test/pat-amnd/entity-reference-test-A2} null" classname="jp.go.jpo.sa1s99.common.format.integration.HtmlToXmlForAmendApiIntegrationTest" time="0.0">
    <failure message="java.lang.IllegalArgumentException: Not implemented yet" type="java.lang.IllegalArgumentException">java.lang.IllegalArgumentException: Not implemented yet
	at jp.go.jpo.sa1s99.common.format.api.XmlToHtmlForAmendApi.execute(XmlToHtmlForAmendApi.java:32)
	at jp.go.jpo.sa1s99.common.format.integration.ExecuteXmlToHtmlForAmendApiByDirection.executeApi(ExecuteXmlToHtmlForAmendApiByDirection.java:26)
	at jp.go.jpo.sa1s99.common.format.integration.ExecuteXmlToHtmlForAmendApiByDirection.executeApi(ExecuteXmlToHtmlForAmendApiByDirection.java:13)
	at jp.go.jpo.sa1s99.common.format.integration.ExecuteApiByDirection.execute(ExecuteApiByDirection.java:28)
	at jp.go.jpo.sa1s99.common.format.integration.HtmlToXmlForAmendApiIntegrationTest.ファイル出力を比較する: #direction #parsedResult(HtmlToXmlForAmendApiIntegrationTest.groovy:29)
</failure>
  </testcase>
  <testcase name="ファイル出力を比較する: Direction{ s_InputDir: data/input/20101207-5.0-S-H22-0021/character-test/pat-amnd/entity-reference-test-A3, s_OutputDir: data/output/html_amend/20101207-5.0-S-H22-0021/character-test/pat-amnd/entity-reference-test-A3} null" classname="jp.go.jpo.sa1s99.common.format.integration.HtmlToXmlForAmendApiIntegrationTest" time="0.0">
    <failure message="java.lang.IllegalArgumentException: Not implemented yet" type="java.lang.IllegalArgumentException">java.lang.IllegalArgumentException: Not implemented yet
	at jp.go.jpo.sa1s99.common.format.api.XmlToHtmlForAmendApi.execute(XmlToHtmlForAmendApi.java:32)
	at jp.go.jpo.sa1s99.common.format.integration.ExecuteXmlToHtmlForAmendApiByDirection.executeApi(ExecuteXmlToHtmlForAmendApiByDirection.java:26)
	at jp.go.jpo.sa1s99.common.format.integration.ExecuteXmlToHtmlForAmendApiByDirection.executeApi(ExecuteXmlToHtmlForAmendApiByDirection.java:13)
	at jp.go.jpo.sa1s99.common.format.integration.ExecuteApiByDirection.execute(ExecuteApiByDirection.java:28)
	at jp.go.jpo.sa1s99.common.format.integration.HtmlToXmlForAmendApiIntegrationTest.ファイル出力を比較する: #direction #parsedResult(HtmlToXmlForAmendApiIntegrationTest.groovy:29)
</failure>
  </testcase>
  <testcase name="ファイル出力を比較する: Direction{ s_InputDir: data/input/20101207-5.0-S-H22-0021/character-test/pat-amnd/entity-reference-test-A4, s_OutputDir: data/output/html_amend/20101207-5.0-S-H22-0021/character-test/pat-amnd/entity-reference-test-A4} null" classname="jp.go.jpo.sa1s99.common.format.integration.HtmlToXmlForAmendApiIntegrationTest" time="0.0">
    <failure message="java.lang.IllegalArgumentException: Not implemented yet" type="java.lang.IllegalArgumentException">java.lang.IllegalArgumentException: Not implemented yet
	at jp.go.jpo.sa1s99.common.format.api.XmlToHtmlForAmendApi.execute(XmlToHtmlForAmendApi.java:32)
	at jp.go.jpo.sa1s99.common.format.integration.ExecuteXmlToHtmlForAmendApiByDirection.executeApi(ExecuteXmlToHtmlForAmendApiByDirection.java:26)
	at jp.go.jpo.sa1s99.common.format.integration.ExecuteXmlToHtmlForAmendApiByDirection.executeApi(ExecuteXmlToHtmlForAmendApiByDirection.java:13)
	at jp.go.jpo.sa1s99.common.format.integration.ExecuteApiByDirection.execute(ExecuteApiByDirection.java:28)
	at jp.go.jpo.sa1s99.common.format.integration.HtmlToXmlForAmendApiIntegrationTest.ファイル出力を比較する: #direction #parsedResult(HtmlToXmlForAmendApiIntegrationTest.groovy:29)
</failure>
  </testcase>
  <testcase name="ファイル出力を比較する: Direction{ s_InputDir: data/input/20101207-5.0-S-H22-0021/character-test/pat-amnd/entity-reference-test-A5, s_OutputDir: data/output/html_amend/20101207-5.0-S-H22-0021/character-test/pat-amnd/entity-reference-test-A5} null" classname="jp.go.jpo.sa1s99.common.format.integration.HtmlToXmlForAmendApiIntegrationTest" time="0.016">
    <failure message="java.lang.IllegalArgumentException: Not implemented yet" type="java.lang.IllegalArgumentException">java.lang.IllegalArgumentException: Not implemented yet
	at jp.go.jpo.sa1s99.common.format.api.XmlToHtmlForAmendApi.execute(XmlToHtmlForAmendApi.java:32)
	at jp.go.jpo.sa1s99.common.format.integration.ExecuteXmlToHtmlForAmendApiByDirection.executeApi(ExecuteXmlToHtmlForAmendApiByDirection.java:26)
	at jp.go.jpo.sa1s99.common.format.integration.ExecuteXmlToHtmlForAmendApiByDirection.executeApi(ExecuteXmlToHtmlForAmendApiByDirection.java:13)
	at jp.go.jpo.sa1s99.common.format.integration.ExecuteApiByDirection.execute(ExecuteApiByDirection.java:28)
	at jp.go.jpo.sa1s99.common.format.integration.HtmlToXmlForAmendApiIntegrationTest.ファイル出力を比較する: #direction #parsedResult(HtmlToXmlForAmendApiIntegrationTest.groovy:29)
</failure>
  </testcase>
  <testcase name="ファイル出力を比較する: Direction{ s_InputDir: data/input/20101207-5.0-S-H22-0021/character-test/pat-amnd/entity-reference-test-A6, s_OutputDir: data/output/html_amend/20101207-5.0-S-H22-0021/character-test/pat-amnd/entity-reference-test-A6} null" classname="jp.go.jpo.sa1s99.common.format.integration.HtmlToXmlForAmendApiIntegrationTest" time="0.0">
    <failure message="java.lang.IllegalArgumentException: Not implemented yet" type="java.lang.IllegalArgumentException">java.lang.IllegalArgumentException: Not implemented yet
	at jp.go.jpo.sa1s99.common.format.api.XmlToHtmlForAmendApi.execute(XmlToHtmlForAmendApi.java:32)
	at jp.go.jpo.sa1s99.common.format.integration.ExecuteXmlToHtmlForAmendApiByDirection.executeApi(ExecuteXmlToHtmlForAmendApiByDirection.java:26)
	at jp.go.jpo.sa1s99.common.format.integration.ExecuteXmlToHtmlForAmendApiByDirection.executeApi(ExecuteXmlToHtmlForAmendApiByDirection.java:13)
	at jp.go.jpo.sa1s99.common.format.integration.ExecuteApiByDirection.execute(ExecuteApiByDirection.java:28)
	at jp.go.jpo.sa1s99.common.format.integration.HtmlToXmlForAmendApiIntegrationTest.ファイル出力を比較する: #direction #parsedResult(HtmlToXmlForAmendApiIntegrationTest.groovy:29)
</failure>
  </testcase>
  <testcase name="ファイル出力を比較する: Direction{ s_InputDir: data/input/20101207-5.0-S-H22-0021/character-test/pat-amnd/entity-reference-test-A7, s_OutputDir: data/output/html_amend/20101207-5.0-S-H22-0021/character-test/pat-amnd/entity-reference-test-A7} null" classname="jp.go.jpo.sa1s99.common.format.integration.HtmlToXmlForAmendApiIntegrationTest" time="0.0">
    <failure message="java.lang.IllegalArgumentException: Not implemented yet" type="java.lang.IllegalArgumentException">java.lang.IllegalArgumentException: Not implemented yet
	at jp.go.jpo.sa1s99.common.format.api.XmlToHtmlForAmendApi.execute(XmlToHtmlForAmendApi.java:32)
	at jp.go.jpo.sa1s99.common.format.integration.ExecuteXmlToHtmlForAmendApiByDirection.executeApi(ExecuteXmlToHtmlForAmendApiByDirection.java:26)
	at jp.go.jpo.sa1s99.common.format.integration.ExecuteXmlToHtmlForAmendApiByDirection.executeApi(ExecuteXmlToHtmlForAmendApiByDirection.java:13)
	at jp.go.jpo.sa1s99.common.format.integration.ExecuteApiByDirection.execute(ExecuteApiByDirection.java:28)
	at jp.go.jpo.sa1s99.common.format.integration.HtmlToXmlForAmendApiIntegrationTest.ファイル出力を比較する: #direction #parsedResult(HtmlToXmlForAmendApiIntegrationTest.groovy:29)
</failure>
  </testcase>
  <testcase name="ファイル出力を比較する: Direction{ s_InputDir: data/input/20101207-5.0-S-H22-0021/character-test/pat-amnd/entity-reference-test-A8, s_OutputDir: data/output/html_amend/20101207-5.0-S-H22-0021/character-test/pat-amnd/entity-reference-test-A8} null" classname="jp.go.jpo.sa1s99.common.format.integration.HtmlToXmlForAmendApiIntegrationTest" time="0.0">
    <failure message="java.lang.IllegalArgumentException: Not implemented yet" type="java.lang.IllegalArgumentException">java.lang.IllegalArgumentException: Not implemented yet
	at jp.go.jpo.sa1s99.common.format.api.XmlToHtmlForAmendApi.execute(XmlToHtmlForAmendApi.java:32)
	at jp.go.jpo.sa1s99.common.format.integration.ExecuteXmlToHtmlForAmendApiByDirection.executeApi(ExecuteXmlToHtmlForAmendApiByDirection.java:26)
	at jp.go.jpo.sa1s99.common.format.integration.ExecuteXmlToHtmlForAmendApiByDirection.executeApi(ExecuteXmlToHtmlForAmendApiByDirection.java:13)
	at jp.go.jpo.sa1s99.common.format.integration.ExecuteApiByDirection.execute(ExecuteApiByDirection.java:28)
	at jp.go.jpo.sa1s99.common.format.integration.HtmlToXmlForAmendApiIntegrationTest.ファイル出力を比較する: #direction #parsedResult(HtmlToXmlForAmendApiIntegrationTest.groovy:29)
</failure>
  </testcase>
  <testcase name="ファイル出力を比較する: Direction{ s_InputDir: data/input/20101207-5.0-S-H22-0021/character-test/pat-amnd/entity-reference-test-A9, s_OutputDir: data/output/html_amend/20101207-5.0-S-H22-0021/character-test/pat-amnd/entity-reference-test-A9} null" classname="jp.go.jpo.sa1s99.common.format.integration.HtmlToXmlForAmendApiIntegrationTest" time="0.0">
    <failure message="java.lang.IllegalArgumentException: Not implemented yet" type="java.lang.IllegalArgumentException">java.lang.IllegalArgumentException: Not implemented yet
	at jp.go.jpo.sa1s99.common.format.api.XmlToHtmlForAmendApi.execute(XmlToHtmlForAmendApi.java:32)
	at jp.go.jpo.sa1s99.common.format.integration.ExecuteXmlToHtmlForAmendApiByDirection.executeApi(ExecuteXmlToHtmlForAmendApiByDirection.java:26)
	at jp.go.jpo.sa1s99.common.format.integration.ExecuteXmlToHtmlForAmendApiByDirection.executeApi(ExecuteXmlToHtmlForAmendApiByDirection.java:13)
	at jp.go.jpo.sa1s99.common.format.integration.ExecuteApiByDirection.execute(ExecuteApiByDirection.java:28)
	at jp.go.jpo.sa1s99.common.format.integration.HtmlToXmlForAmendApiIntegrationTest.ファイル出力を比較する: #direction #parsedResult(HtmlToXmlForAmendApiIntegrationTest.groovy:29)
</failure>
  </testcase>
  <testcase name="ファイル出力を比較する: Direction{ s_InputDir: data/input/20101207-5.0-S-H22-0021/character-test/pat-amnd/entity-reference-test-AA, s_OutputDir: data/output/html_amend/20101207-5.0-S-H22-0021/character-test/pat-amnd/entity-reference-test-AA} null" classname="jp.go.jpo.sa1s99.common.format.integration.HtmlToXmlForAmendApiIntegrationTest" time="0.015">
    <failure message="java.lang.IllegalArgumentException: Not implemented yet" type="java.lang.IllegalArgumentException">java.lang.IllegalArgumentException: Not implemented yet
	at jp.go.jpo.sa1s99.common.format.api.XmlToHtmlForAmendApi.execute(XmlToHtmlForAmendApi.java:32)
	at jp.go.jpo.sa1s99.common.format.integration.ExecuteXmlToHtmlForAmendApiByDirection.executeApi(ExecuteXmlToHtmlForAmendApiByDirection.java:26)
	at jp.go.jpo.sa1s99.common.format.integration.ExecuteXmlToHtmlForAmendApiByDirection.executeApi(ExecuteXmlToHtmlForAmendApiByDirection.java:13)
	at jp.go.jpo.sa1s99.common.format.integration.ExecuteApiByDirection.execute(ExecuteApiByDirection.java:28)
	at jp.go.jpo.sa1s99.common.format.integration.HtmlToXmlForAmendApiIntegrationTest.ファイル出力を比較する: #direction #parsedResult(HtmlToXmlForAmendApiIntegrationTest.groovy:29)
</failure>
  </testcase>
  <testcase name="ファイル出力を比較する: Direction{ s_InputDir: data/input/20101207-5.0-S-H22-0021/character-test/pat-amnd/entity-reference-test-AB, s_OutputDir: data/output/html_amend/20101207-5.0-S-H22-0021/character-test/pat-amnd/entity-reference-test-AB} null" classname="jp.go.jpo.sa1s99.common.format.integration.HtmlToXmlForAmendApiIntegrationTest" time="0.0">
    <failure message="java.lang.IllegalArgumentException: Not implemented yet" type="java.lang.IllegalArgumentException">java.lang.IllegalArgumentException: Not implemented yet
	at jp.go.jpo.sa1s99.common.format.api.XmlToHtmlForAmendApi.execute(XmlToHtmlForAmendApi.java:32)
	at jp.go.jpo.sa1s99.common.format.integration.ExecuteXmlToHtmlForAmendApiByDirection.executeApi(ExecuteXmlToHtmlForAmendApiByDirection.java:26)
	at jp.go.jpo.sa1s99.common.format.integration.ExecuteXmlToHtmlForAmendApiByDirection.executeApi(ExecuteXmlToHtmlForAmendApiByDirection.java:13)
	at jp.go.jpo.sa1s99.common.format.integration.ExecuteApiByDirection.execute(ExecuteApiByDirection.java:28)
	at jp.go.jpo.sa1s99.common.format.integration.HtmlToXmlForAmendApiIntegrationTest.ファイル出力を比較する: #direction #parsedResult(HtmlToXmlForAmendApiIntegrationTest.groovy:29)
</failure>
  </testcase>
  <testcase name="ファイル出力を比較する: Direction{ s_InputDir: data/input/20101207-5.0-S-H22-0021/character-test/pat-amnd/entity-reference-test-AC, s_OutputDir: data/output/html_amend/20101207-5.0-S-H22-0021/character-test/pat-amnd/entity-reference-test-AC} null" classname="jp.go.jpo.sa1s99.common.format.integration.HtmlToXmlForAmendApiIntegrationTest" time="0.0">
    <failure message="java.lang.IllegalArgumentException: Not implemented yet" type="java.lang.IllegalArgumentException">java.lang.IllegalArgumentException: Not implemented yet
	at jp.go.jpo.sa1s99.common.format.api.XmlToHtmlForAmendApi.execute(XmlToHtmlForAmendApi.java:32)
	at jp.go.jpo.sa1s99.common.format.integration.ExecuteXmlToHtmlForAmendApiByDirection.executeApi(ExecuteXmlToHtmlForAmendApiByDirection.java:26)
	at jp.go.jpo.sa1s99.common.format.integration.ExecuteXmlToHtmlForAmendApiByDirection.executeApi(ExecuteXmlToHtmlForAmendApiByDirection.java:13)
	at jp.go.jpo.sa1s99.common.format.integration.ExecuteApiByDirection.execute(ExecuteApiByDirection.java:28)
	at jp.go.jpo.sa1s99.common.format.integration.HtmlToXmlForAmendApiIntegrationTest.ファイル出力を比較する: #direction #parsedResult(HtmlToXmlForAmendApiIntegrationTest.groovy:29)
</failure>
  </testcase>
  <testcase name="ファイル出力を比較する: Direction{ s_InputDir: data/input/20101207-5.0-S-H22-0021/character-test/pat-amnd/entity-reference-test-AD, s_OutputDir: data/output/html_amend/20101207-5.0-S-H22-0021/character-test/pat-amnd/entity-reference-test-AD} null" classname="jp.go.jpo.sa1s99.common.format.integration.HtmlToXmlForAmendApiIntegrationTest" time="0.016">
    <failure message="java.lang.IllegalArgumentException: Not implemented yet" type="java.lang.IllegalArgumentException">java.lang.IllegalArgumentException: Not implemented yet
	at jp.go.jpo.sa1s99.common.format.api.XmlToHtmlForAmendApi.execute(XmlToHtmlForAmendApi.java:32)
	at jp.go.jpo.sa1s99.common.format.integration.ExecuteXmlToHtmlForAmendApiByDirection.executeApi(ExecuteXmlToHtmlForAmendApiByDirection.java:26)
	at jp.go.jpo.sa1s99.common.format.integration.ExecuteXmlToHtmlForAmendApiByDirection.executeApi(ExecuteXmlToHtmlForAmendApiByDirection.java:13)
	at jp.go.jpo.sa1s99.common.format.integration.ExecuteApiByDirection.execute(ExecuteApiByDirection.java:28)
	at jp.go.jpo.sa1s99.common.format.integration.HtmlToXmlForAmendApiIntegrationTest.ファイル出力を比較する: #direction #parsedResult(HtmlToXmlForAmendApiIntegrationTest.groovy:29)
</failure>
  </testcase>
  <testcase name="ファイル出力を比較する: Direction{ s_InputDir: data/input/20101207-5.0-S-H22-0021/character-test/pat-amnd/entity-reference-test-AE, s_OutputDir: data/output/html_amend/20101207-5.0-S-H22-0021/character-test/pat-amnd/entity-reference-test-AE} null" classname="jp.go.jpo.sa1s99.common.format.integration.HtmlToXmlForAmendApiIntegrationTest" time="0.0">
    <failure message="java.lang.IllegalArgumentException: Not implemented yet" type="java.lang.IllegalArgumentException">java.lang.IllegalArgumentException: Not implemented yet
	at jp.go.jpo.sa1s99.common.format.api.XmlToHtmlForAmendApi.execute(XmlToHtmlForAmendApi.java:32)
	at jp.go.jpo.sa1s99.common.format.integration.ExecuteXmlToHtmlForAmendApiByDirection.executeApi(ExecuteXmlToHtmlForAmendApiByDirection.java:26)
	at jp.go.jpo.sa1s99.common.format.integration.ExecuteXmlToHtmlForAmendApiByDirection.executeApi(ExecuteXmlToHtmlForAmendApiByDirection.java:13)
	at jp.go.jpo.sa1s99.common.format.integration.ExecuteApiByDirection.execute(ExecuteApiByDirection.java:28)
	at jp.go.jpo.sa1s99.common.format.integration.HtmlToXmlForAmendApiIntegrationTest.ファイル出力を比較する: #direction #parsedResult(HtmlToXmlForAmendApiIntegrationTest.groovy:29)
</failure>
  </testcase>
  <testcase name="ファイル出力を比較する: Direction{ s_InputDir: data/input/20101207-5.0-S-H22-0021/character-test/pat-amnd/entity-reference-test-AF, s_OutputDir: data/output/html_amend/20101207-5.0-S-H22-0021/character-test/pat-amnd/entity-reference-test-AF} null" classname="jp.go.jpo.sa1s99.common.format.integration.HtmlToXmlForAmendApiIntegrationTest" time="0.0">
    <failure message="java.lang.IllegalArgumentException: Not implemented yet" type="java.lang.IllegalArgumentException">java.lang.IllegalArgumentException: Not implemented yet
	at jp.go.jpo.sa1s99.common.format.api.XmlToHtmlForAmendApi.execute(XmlToHtmlForAmendApi.java:32)
	at jp.go.jpo.sa1s99.common.format.integration.ExecuteXmlToHtmlForAmendApiByDirection.executeApi(ExecuteXmlToHtmlForAmendApiByDirection.java:26)
	at jp.go.jpo.sa1s99.common.format.integration.ExecuteXmlToHtmlForAmendApiByDirection.executeApi(ExecuteXmlToHtmlForAmendApiByDirection.java:13)
	at jp.go.jpo.sa1s99.common.format.integration.ExecuteApiByDirection.execute(ExecuteApiByDirection.java:28)
	at jp.go.jpo.sa1s99.common.format.integration.HtmlToXmlForAmendApiIntegrationTest.ファイル出力を比較する: #direction #parsedResult(HtmlToXmlForAmendApiIntegrationTest.groovy:29)
</failure>
  </testcase>
  <testcase name="ファイル出力を比較する: Direction{ s_InputDir: data/input/20101207-5.0-S-H22-0021/character-test/pat-amnd/entity-reference-test-B0, s_OutputDir: data/output/html_amend/20101207-5.0-S-H22-0021/character-test/pat-amnd/entity-reference-test-B0} null" classname="jp.go.jpo.sa1s99.common.format.integration.HtmlToXmlForAmendApiIntegrationTest" time="0.0">
    <failure message="java.lang.IllegalArgumentException: Not implemented yet" type="java.lang.IllegalArgumentException">java.lang.IllegalArgumentException: Not implemented yet
	at jp.go.jpo.sa1s99.common.format.api.XmlToHtmlForAmendApi.execute(XmlToHtmlForAmendApi.java:32)
	at jp.go.jpo.sa1s99.common.format.integration.ExecuteXmlToHtmlForAmendApiByDirection.executeApi(ExecuteXmlToHtmlForAmendApiByDirection.java:26)
	at jp.go.jpo.sa1s99.common.format.integration.ExecuteXmlToHtmlForAmendApiByDirection.executeApi(ExecuteXmlToHtmlForAmendApiByDirection.java:13)
	at jp.go.jpo.sa1s99.common.format.integration.ExecuteApiByDirection.execute(ExecuteApiByDirection.java:28)
	at jp.go.jpo.sa1s99.common.format.integration.HtmlToXmlForAmendApiIntegrationTest.ファイル出力を比較する: #direction #parsedResult(HtmlToXmlForAmendApiIntegrationTest.groovy:29)
</failure>
  </testcase>
  <testcase name="ファイル出力を比較する: Direction{ s_InputDir: data/input/20101207-5.0-S-H22-0021/character-test/pat-amnd/entity-reference-test-B1, s_OutputDir: data/output/html_amend/20101207-5.0-S-H22-0021/character-test/pat-amnd/entity-reference-test-B1} null" classname="jp.go.jpo.sa1s99.common.format.integration.HtmlToXmlForAmendApiIntegrationTest" time="0.016">
    <failure message="java.lang.IllegalArgumentException: Not implemented yet" type="java.lang.IllegalArgumentException">java.lang.IllegalArgumentException: Not implemented yet
	at jp.go.jpo.sa1s99.common.format.api.XmlToHtmlForAmendApi.execute(XmlToHtmlForAmendApi.java:32)
	at jp.go.jpo.sa1s99.common.format.integration.ExecuteXmlToHtmlForAmendApiByDirection.executeApi(ExecuteXmlToHtmlForAmendApiByDirection.java:26)
	at jp.go.jpo.sa1s99.common.format.integration.ExecuteXmlToHtmlForAmendApiByDirection.executeApi(ExecuteXmlToHtmlForAmendApiByDirection.java:13)
	at jp.go.jpo.sa1s99.common.format.integration.ExecuteApiByDirection.execute(ExecuteApiByDirection.java:28)
	at jp.go.jpo.sa1s99.common.format.integration.HtmlToXmlForAmendApiIntegrationTest.ファイル出力を比較する: #direction #parsedResult(HtmlToXmlForAmendApiIntegrationTest.groovy:29)
</failure>
  </testcase>
  <testcase name="ファイル出力を比較する: Direction{ s_InputDir: data/input/20101207-5.0-S-H22-0021/character-test/pat-amnd/entity-reference-test-B2, s_OutputDir: data/output/html_amend/20101207-5.0-S-H22-0021/character-test/pat-amnd/entity-reference-test-B2} null" classname="jp.go.jpo.sa1s99.common.format.integration.HtmlToXmlForAmendApiIntegrationTest" time="0.0">
    <failure message="java.lang.IllegalArgumentException: Not implemented yet" type="java.lang.IllegalArgumentException">java.lang.IllegalArgumentException: Not implemented yet
	at jp.go.jpo.sa1s99.common.format.api.XmlToHtmlForAmendApi.execute(XmlToHtmlForAmendApi.java:32)
	at jp.go.jpo.sa1s99.common.format.integration.ExecuteXmlToHtmlForAmendApiByDirection.executeApi(ExecuteXmlToHtmlForAmendApiByDirection.java:26)
	at jp.go.jpo.sa1s99.common.format.integration.ExecuteXmlToHtmlForAmendApiByDirection.executeApi(ExecuteXmlToHtmlForAmendApiByDirection.java:13)
	at jp.go.jpo.sa1s99.common.format.integration.ExecuteApiByDirection.execute(ExecuteApiByDirection.java:28)
	at jp.go.jpo.sa1s99.common.format.integration.HtmlToXmlForAmendApiIntegrationTest.ファイル出力を比較する: #direction #parsedResult(HtmlToXmlForAmendApiIntegrationTest.groovy:29)
</failure>
  </testcase>
  <testcase name="ファイル出力を比較する: Direction{ s_InputDir: data/input/20101207-5.0-S-H22-0021/character-test/pat-amnd/entity-reference-test-B3, s_OutputDir: data/output/html_amend/20101207-5.0-S-H22-0021/character-test/pat-amnd/entity-reference-test-B3} null" classname="jp.go.jpo.sa1s99.common.format.integration.HtmlToXmlForAmendApiIntegrationTest" time="0.0">
    <failure message="java.lang.IllegalArgumentException: Not implemented yet" type="java.lang.IllegalArgumentException">java.lang.IllegalArgumentException: Not implemented yet
	at jp.go.jpo.sa1s99.common.format.api.XmlToHtmlForAmendApi.execute(XmlToHtmlForAmendApi.java:32)
	at jp.go.jpo.sa1s99.common.format.integration.ExecuteXmlToHtmlForAmendApiByDirection.executeApi(ExecuteXmlToHtmlForAmendApiByDirection.java:26)
	at jp.go.jpo.sa1s99.common.format.integration.ExecuteXmlToHtmlForAmendApiByDirection.executeApi(ExecuteXmlToHtmlForAmendApiByDirection.java:13)
	at jp.go.jpo.sa1s99.common.format.integration.ExecuteApiByDirection.execute(ExecuteApiByDirection.java:28)
	at jp.go.jpo.sa1s99.common.format.integration.HtmlToXmlForAmendApiIntegrationTest.ファイル出力を比較する: #direction #parsedResult(HtmlToXmlForAmendApiIntegrationTest.groovy:29)
</failure>
  </testcase>
  <testcase name="ファイル出力を比較する: Direction{ s_InputDir: data/input/20101207-5.0-S-H22-0021/character-test/pat-amnd/entity-reference-test-B4, s_OutputDir: data/output/html_amend/20101207-5.0-S-H22-0021/character-test/pat-amnd/entity-reference-test-B4} null" classname="jp.go.jpo.sa1s99.common.format.integration.HtmlToXmlForAmendApiIntegrationTest" time="0.0">
    <failure message="java.lang.IllegalArgumentException: Not implemented yet" type="java.lang.IllegalArgumentException">java.lang.IllegalArgumentException: Not implemented yet
	at jp.go.jpo.sa1s99.common.format.api.XmlToHtmlForAmendApi.execute(XmlToHtmlForAmendApi.java:32)
	at jp.go.jpo.sa1s99.common.format.integration.ExecuteXmlToHtmlForAmendApiByDirection.executeApi(ExecuteXmlToHtmlForAmendApiByDirection.java:26)
	at jp.go.jpo.sa1s99.common.format.integration.ExecuteXmlToHtmlForAmendApiByDirection.executeApi(ExecuteXmlToHtmlForAmendApiByDirection.java:13)
	at jp.go.jpo.sa1s99.common.format.integration.ExecuteApiByDirection.execute(ExecuteApiByDirection.java:28)
	at jp.go.jpo.sa1s99.common.format.integration.HtmlToXmlForAmendApiIntegrationTest.ファイル出力を比較する: #direction #parsedResult(HtmlToXmlForAmendApiIntegrationTest.groovy:29)
</failure>
  </testcase>
  <testcase name="ファイル出力を比較する: Direction{ s_InputDir: data/input/20101207-5.0-S-H22-0021/character-test/pat-amnd/entity-reference-test-B5, s_OutputDir: data/output/html_amend/20101207-5.0-S-H22-0021/character-test/pat-amnd/entity-reference-test-B5} null" classname="jp.go.jpo.sa1s99.common.format.integration.HtmlToXmlForAmendApiIntegrationTest" time="0.0">
    <failure message="java.lang.IllegalArgumentException: Not implemented yet" type="java.lang.IllegalArgumentException">java.lang.IllegalArgumentException: Not implemented yet
	at jp.go.jpo.sa1s99.common.format.api.XmlToHtmlForAmendApi.execute(XmlToHtmlForAmendApi.java:32)
	at jp.go.jpo.sa1s99.common.format.integration.ExecuteXmlToHtmlForAmendApiByDirection.executeApi(ExecuteXmlToHtmlForAmendApiByDirection.java:26)
	at jp.go.jpo.sa1s99.common.format.integration.ExecuteXmlToHtmlForAmendApiByDirection.executeApi(ExecuteXmlToHtmlForAmendApiByDirection.java:13)
	at jp.go.jpo.sa1s99.common.format.integration.ExecuteApiByDirection.execute(ExecuteApiByDirection.java:28)
	at jp.go.jpo.sa1s99.common.format.integration.HtmlToXmlForAmendApiIntegrationTest.ファイル出力を比較する: #direction #parsedResult(HtmlToXmlForAmendApiIntegrationTest.groovy:29)
</failure>
  </testcase>
  <testcase name="ファイル出力を比較する: Direction{ s_InputDir: data/input/20101207-5.0-S-H22-0021/character-test/pat-amnd/entity-reference-test-B6, s_OutputDir: data/output/html_amend/20101207-5.0-S-H22-0021/character-test/pat-amnd/entity-reference-test-B6} null" classname="jp.go.jpo.sa1s99.common.format.integration.HtmlToXmlForAmendApiIntegrationTest" time="0.0">
    <failure message="java.lang.IllegalArgumentException: Not implemented yet" type="java.lang.IllegalArgumentException">java.lang.IllegalArgumentException: Not implemented yet
	at jp.go.jpo.sa1s99.common.format.api.XmlToHtmlForAmendApi.execute(XmlToHtmlForAmendApi.java:32)
	at jp.go.jpo.sa1s99.common.format.integration.ExecuteXmlToHtmlForAmendApiByDirection.executeApi(ExecuteXmlToHtmlForAmendApiByDirection.java:26)
	at jp.go.jpo.sa1s99.common.format.integration.ExecuteXmlToHtmlForAmendApiByDirection.executeApi(ExecuteXmlToHtmlForAmendApiByDirection.java:13)
	at jp.go.jpo.sa1s99.common.format.integration.ExecuteApiByDirection.execute(ExecuteApiByDirection.java:28)
	at jp.go.jpo.sa1s99.common.format.integration.HtmlToXmlForAmendApiIntegrationTest.ファイル出力を比較する: #direction #parsedResult(HtmlToXmlForAmendApiIntegrationTest.groovy:29)
</failure>
  </testcase>
  <testcase name="ファイル出力を比較する: Direction{ s_InputDir: data/input/20101207-5.0-S-H22-0021/character-test/pat-amnd/entity-reference-test-B7, s_OutputDir: data/output/html_amend/20101207-5.0-S-H22-0021/character-test/pat-amnd/entity-reference-test-B7} null" classname="jp.go.jpo.sa1s99.common.format.integration.HtmlToXmlForAmendApiIntegrationTest" time="0.015">
    <failure message="java.lang.IllegalArgumentException: Not implemented yet" type="java.lang.IllegalArgumentException">java.lang.IllegalArgumentException: Not implemented yet
	at jp.go.jpo.sa1s99.common.format.api.XmlToHtmlForAmendApi.execute(XmlToHtmlForAmendApi.java:32)
	at jp.go.jpo.sa1s99.common.format.integration.ExecuteXmlToHtmlForAmendApiByDirection.executeApi(ExecuteXmlToHtmlForAmendApiByDirection.java:26)
	at jp.go.jpo.sa1s99.common.format.integration.ExecuteXmlToHtmlForAmendApiByDirection.executeApi(ExecuteXmlToHtmlForAmendApiByDirection.java:13)
	at jp.go.jpo.sa1s99.common.format.integration.ExecuteApiByDirection.execute(ExecuteApiByDirection.java:28)
	at jp.go.jpo.sa1s99.common.format.integration.HtmlToXmlForAmendApiIntegrationTest.ファイル出力を比較する: #direction #parsedResult(HtmlToXmlForAmendApiIntegrationTest.groovy:29)
</failure>
  </testcase>
  <testcase name="ファイル出力を比較する: Direction{ s_InputDir: data/input/20101207-5.0-S-H22-0021/character-test/pat-amnd/entity-reference-test-B8, s_OutputDir: data/output/html_amend/20101207-5.0-S-H22-0021/character-test/pat-amnd/entity-reference-test-B8} null" classname="jp.go.jpo.sa1s99.common.format.integration.HtmlToXmlForAmendApiIntegrationTest" time="0.0">
    <failure message="java.lang.IllegalArgumentException: Not implemented yet" type="java.lang.IllegalArgumentException">java.lang.IllegalArgumentException: Not implemented yet
	at jp.go.jpo.sa1s99.common.format.api.XmlToHtmlForAmendApi.execute(XmlToHtmlForAmendApi.java:32)
	at jp.go.jpo.sa1s99.common.format.integration.ExecuteXmlToHtmlForAmendApiByDirection.executeApi(ExecuteXmlToHtmlForAmendApiByDirection.java:26)
	at jp.go.jpo.sa1s99.common.format.integration.ExecuteXmlToHtmlForAmendApiByDirection.executeApi(ExecuteXmlToHtmlForAmendApiByDirection.java:13)
	at jp.go.jpo.sa1s99.common.format.integration.ExecuteApiByDirection.execute(ExecuteApiByDirection.java:28)
	at jp.go.jpo.sa1s99.common.format.integration.HtmlToXmlForAmendApiIntegrationTest.ファイル出力を比較する: #direction #parsedResult(HtmlToXmlForAmendApiIntegrationTest.groovy:29)
</failure>
  </testcase>
  <testcase name="ファイル出力を比較する: Direction{ s_InputDir: data/input/20101207-5.0-S-H22-0021/character-test/pat-amnd/entity-reference-test-B9, s_OutputDir: data/output/html_amend/20101207-5.0-S-H22-0021/character-test/pat-amnd/entity-reference-test-B9} null" classname="jp.go.jpo.sa1s99.common.format.integration.HtmlToXmlForAmendApiIntegrationTest" time="0.0">
    <failure message="java.lang.IllegalArgumentException: Not implemented yet" type="java.lang.IllegalArgumentException">java.lang.IllegalArgumentException: Not implemented yet
	at jp.go.jpo.sa1s99.common.format.api.XmlToHtmlForAmendApi.execute(XmlToHtmlForAmendApi.java:32)
	at jp.go.jpo.sa1s99.common.format.integration.ExecuteXmlToHtmlForAmendApiByDirection.executeApi(ExecuteXmlToHtmlForAmendApiByDirection.java:26)
	at jp.go.jpo.sa1s99.common.format.integration.ExecuteXmlToHtmlForAmendApiByDirection.executeApi(ExecuteXmlToHtmlForAmendApiByDirection.java:13)
	at jp.go.jpo.sa1s99.common.format.integration.ExecuteApiByDirection.execute(ExecuteApiByDirection.java:28)
	at jp.go.jpo.sa1s99.common.format.integration.HtmlToXmlForAmendApiIntegrationTest.ファイル出力を比較する: #direction #parsedResult(HtmlToXmlForAmendApiIntegrationTest.groovy:29)
</failure>
  </testcase>
  <testcase name="ファイル出力を比較する: Direction{ s_InputDir: data/input/20101207-5.0-S-H22-0021/character-test/pat-amnd/entity-reference-test-BA, s_OutputDir: data/output/html_amend/20101207-5.0-S-H22-0021/character-test/pat-amnd/entity-reference-test-BA} null" classname="jp.go.jpo.sa1s99.common.format.integration.HtmlToXmlForAmendApiIntegrationTest" time="0.017">
    <failure message="java.lang.IllegalArgumentException: Not implemented yet" type="java.lang.IllegalArgumentException">java.lang.IllegalArgumentException: Not implemented yet
	at jp.go.jpo.sa1s99.common.format.api.XmlToHtmlForAmendApi.execute(XmlToHtmlForAmendApi.java:32)
	at jp.go.jpo.sa1s99.common.format.integration.ExecuteXmlToHtmlForAmendApiByDirection.executeApi(ExecuteXmlToHtmlForAmendApiByDirection.java:26)
	at jp.go.jpo.sa1s99.common.format.integration.ExecuteXmlToHtmlForAmendApiByDirection.executeApi(ExecuteXmlToHtmlForAmendApiByDirection.java:13)
	at jp.go.jpo.sa1s99.common.format.integration.ExecuteApiByDirection.execute(ExecuteApiByDirection.java:28)
	at jp.go.jpo.sa1s99.common.format.integration.HtmlToXmlForAmendApiIntegrationTest.ファイル出力を比較する: #direction #parsedResult(HtmlToXmlForAmendApiIntegrationTest.groovy:29)
</failure>
  </testcase>
  <testcase name="ファイル出力を比較する: Direction{ s_InputDir: data/input/20101207-5.0-S-H22-0021/character-test/pat-amnd/entity-reference-test-BB, s_OutputDir: data/output/html_amend/20101207-5.0-S-H22-0021/character-test/pat-amnd/entity-reference-test-BB} null" classname="jp.go.jpo.sa1s99.common.format.integration.HtmlToXmlForAmendApiIntegrationTest" time="0.004">
    <failure message="java.lang.IllegalArgumentException: Not implemented yet" type="java.lang.IllegalArgumentException">java.lang.IllegalArgumentException: Not implemented yet
	at jp.go.jpo.sa1s99.common.format.api.XmlToHtmlForAmendApi.execute(XmlToHtmlForAmendApi.java:32)
	at jp.go.jpo.sa1s99.common.format.integration.ExecuteXmlToHtmlForAmendApiByDirection.executeApi(ExecuteXmlToHtmlForAmendApiByDirection.java:26)
	at jp.go.jpo.sa1s99.common.format.integration.ExecuteXmlToHtmlForAmendApiByDirection.executeApi(ExecuteXmlToHtmlForAmendApiByDirection.java:13)
	at jp.go.jpo.sa1s99.common.format.integration.ExecuteApiByDirection.execute(ExecuteApiByDirection.java:28)
	at jp.go.jpo.sa1s99.common.format.integration.HtmlToXmlForAmendApiIntegrationTest.ファイル出力を比較する: #direction #parsedResult(HtmlToXmlForAmendApiIntegrationTest.groovy:29)
</failure>
  </testcase>
  <testcase name="ファイル出力を比較する: Direction{ s_InputDir: data/input/20101207-5.0-S-H22-0021/character-test/pat-amnd/entity-reference-test-BC, s_OutputDir: data/output/html_amend/20101207-5.0-S-H22-0021/character-test/pat-amnd/entity-reference-test-BC} null" classname="jp.go.jpo.sa1s99.common.format.integration.HtmlToXmlForAmendApiIntegrationTest" time="0.001">
    <failure message="java.lang.IllegalArgumentException: Not implemented yet" type="java.lang.IllegalArgumentException">java.lang.IllegalArgumentException: Not implemented yet
	at jp.go.jpo.sa1s99.common.format.api.XmlToHtmlForAmendApi.execute(XmlToHtmlForAmendApi.java:32)
	at jp.go.jpo.sa1s99.common.format.integration.ExecuteXmlToHtmlForAmendApiByDirection.executeApi(ExecuteXmlToHtmlForAmendApiByDirection.java:26)
	at jp.go.jpo.sa1s99.common.format.integration.ExecuteXmlToHtmlForAmendApiByDirection.executeApi(ExecuteXmlToHtmlForAmendApiByDirection.java:13)
	at jp.go.jpo.sa1s99.common.format.integration.ExecuteApiByDirection.execute(ExecuteApiByDirection.java:28)
	at jp.go.jpo.sa1s99.common.format.integration.HtmlToXmlForAmendApiIntegrationTest.ファイル出力を比較する: #direction #parsedResult(HtmlToXmlForAmendApiIntegrationTest.groovy:29)
</failure>
  </testcase>
  <testcase name="ファイル出力を比較する: Direction{ s_InputDir: data/input/20101207-5.0-S-H22-0021/character-test/pat-amnd/entity-reference-test-BD, s_OutputDir: data/output/html_amend/20101207-5.0-S-H22-0021/character-test/pat-amnd/entity-reference-test-BD} null" classname="jp.go.jpo.sa1s99.common.format.integration.HtmlToXmlForAmendApiIntegrationTest" time="0.0">
    <failure message="java.lang.IllegalArgumentException: Not implemented yet" type="java.lang.IllegalArgumentException">java.lang.IllegalArgumentException: Not implemented yet
	at jp.go.jpo.sa1s99.common.format.api.XmlToHtmlForAmendApi.execute(XmlToHtmlForAmendApi.java:32)
	at jp.go.jpo.sa1s99.common.format.integration.ExecuteXmlToHtmlForAmendApiByDirection.executeApi(ExecuteXmlToHtmlForAmendApiByDirection.java:26)
	at jp.go.jpo.sa1s99.common.format.integration.ExecuteXmlToHtmlForAmendApiByDirection.executeApi(ExecuteXmlToHtmlForAmendApiByDirection.java:13)
	at jp.go.jpo.sa1s99.common.format.integration.ExecuteApiByDirection.execute(ExecuteApiByDirection.java:28)
	at jp.go.jpo.sa1s99.common.format.integration.HtmlToXmlForAmendApiIntegrationTest.ファイル出力を比較する: #direction #parsedResult(HtmlToXmlForAmendApiIntegrationTest.groovy:29)
</failure>
  </testcase>
  <testcase name="ファイル出力を比較する: Direction{ s_InputDir: data/input/20101207-5.0-S-H22-0021/character-test/pat-amnd/entity-reference-test-BE, s_OutputDir: data/output/html_amend/20101207-5.0-S-H22-0021/character-test/pat-amnd/entity-reference-test-BE} null" classname="jp.go.jpo.sa1s99.common.format.integration.HtmlToXmlForAmendApiIntegrationTest" time="0.0">
    <failure message="java.lang.IllegalArgumentException: Not implemented yet" type="java.lang.IllegalArgumentException">java.lang.IllegalArgumentException: Not implemented yet
	at jp.go.jpo.sa1s99.common.format.api.XmlToHtmlForAmendApi.execute(XmlToHtmlForAmendApi.java:32)
	at jp.go.jpo.sa1s99.common.format.integration.ExecuteXmlToHtmlForAmendApiByDirection.executeApi(ExecuteXmlToHtmlForAmendApiByDirection.java:26)
	at jp.go.jpo.sa1s99.common.format.integration.ExecuteXmlToHtmlForAmendApiByDirection.executeApi(ExecuteXmlToHtmlForAmendApiByDirection.java:13)
	at jp.go.jpo.sa1s99.common.format.integration.ExecuteApiByDirection.execute(ExecuteApiByDirection.java:28)
	at jp.go.jpo.sa1s99.common.format.integration.HtmlToXmlForAmendApiIntegrationTest.ファイル出力を比較する: #direction #parsedResult(HtmlToXmlForAmendApiIntegrationTest.groovy:29)
</failure>
  </testcase>
  <testcase name="ファイル出力を比較する: Direction{ s_InputDir: data/input/20101207-5.0-S-H22-0021/character-test/pat-amnd/entity-reference-test-BF, s_OutputDir: data/output/html_amend/20101207-5.0-S-H22-0021/character-test/pat-amnd/entity-reference-test-BF} null" classname="jp.go.jpo.sa1s99.common.format.integration.HtmlToXmlForAmendApiIntegrationTest" time="0.0">
    <failure message="java.lang.IllegalArgumentException: Not implemented yet" type="java.lang.IllegalArgumentException">java.lang.IllegalArgumentException: Not implemented yet
	at jp.go.jpo.sa1s99.common.format.api.XmlToHtmlForAmendApi.execute(XmlToHtmlForAmendApi.java:32)
	at jp.go.jpo.sa1s99.common.format.integration.ExecuteXmlToHtmlForAmendApiByDirection.executeApi(ExecuteXmlToHtmlForAmendApiByDirection.java:26)
	at jp.go.jpo.sa1s99.common.format.integration.ExecuteXmlToHtmlForAmendApiByDirection.executeApi(ExecuteXmlToHtmlForAmendApiByDirection.java:13)
	at jp.go.jpo.sa1s99.common.format.integration.ExecuteApiByDirection.execute(ExecuteApiByDirection.java:28)
	at jp.go.jpo.sa1s99.common.format.integration.HtmlToXmlForAmendApiIntegrationTest.ファイル出力を比較する: #direction #parsedResult(HtmlToXmlForAmendApiIntegrationTest.groovy:29)
</failure>
  </testcase>
  <testcase name="ファイル出力を比較する: Direction{ s_InputDir: data/input/20101207-5.0-S-H22-0021/character-test/pat-amnd/entity-reference-test-C0, s_OutputDir: data/output/html_amend/20101207-5.0-S-H22-0021/character-test/pat-amnd/entity-reference-test-C0} null" classname="jp.go.jpo.sa1s99.common.format.integration.HtmlToXmlForAmendApiIntegrationTest" time="0.0">
    <failure message="java.lang.IllegalArgumentException: Not implemented yet" type="java.lang.IllegalArgumentException">java.lang.IllegalArgumentException: Not implemented yet
	at jp.go.jpo.sa1s99.common.format.api.XmlToHtmlForAmendApi.execute(XmlToHtmlForAmendApi.java:32)
	at jp.go.jpo.sa1s99.common.format.integration.ExecuteXmlToHtmlForAmendApiByDirection.executeApi(ExecuteXmlToHtmlForAmendApiByDirection.java:26)
	at jp.go.jpo.sa1s99.common.format.integration.ExecuteXmlToHtmlForAmendApiByDirection.executeApi(ExecuteXmlToHtmlForAmendApiByDirection.java:13)
	at jp.go.jpo.sa1s99.common.format.integration.ExecuteApiByDirection.execute(ExecuteApiByDirection.java:28)
	at jp.go.jpo.sa1s99.common.format.integration.HtmlToXmlForAmendApiIntegrationTest.ファイル出力を比較する: #direction #parsedResult(HtmlToXmlForAmendApiIntegrationTest.groovy:29)
</failure>
  </testcase>
  <testcase name="ファイル出力を比較する: Direction{ s_InputDir: data/input/20101207-5.0-S-H22-0021/character-test/pat-amnd/entity-reference-test-C1, s_OutputDir: data/output/html_amend/20101207-5.0-S-H22-0021/character-test/pat-amnd/entity-reference-test-C1} null" classname="jp.go.jpo.sa1s99.common.format.integration.HtmlToXmlForAmendApiIntegrationTest" time="0.0">
    <failure message="java.lang.IllegalArgumentException: Not implemented yet" type="java.lang.IllegalArgumentException">java.lang.IllegalArgumentException: Not implemented yet
	at jp.go.jpo.sa1s99.common.format.api.XmlToHtmlForAmendApi.execute(XmlToHtmlForAmendApi.java:32)
	at jp.go.jpo.sa1s99.common.format.integration.ExecuteXmlToHtmlForAmendApiByDirection.executeApi(ExecuteXmlToHtmlForAmendApiByDirection.java:26)
	at jp.go.jpo.sa1s99.common.format.integration.ExecuteXmlToHtmlForAmendApiByDirection.executeApi(ExecuteXmlToHtmlForAmendApiByDirection.java:13)
	at jp.go.jpo.sa1s99.common.format.integration.ExecuteApiByDirection.execute(ExecuteApiByDirection.java:28)
	at jp.go.jpo.sa1s99.common.format.integration.HtmlToXmlForAmendApiIntegrationTest.ファイル出力を比較する: #direction #parsedResult(HtmlToXmlForAmendApiIntegrationTest.groovy:29)
</failure>
  </testcase>
  <testcase name="ファイル出力を比較する: Direction{ s_InputDir: data/input/20101207-5.0-S-H22-0021/character-test/pat-amnd/entity-reference-test-C2, s_OutputDir: data/output/html_amend/20101207-5.0-S-H22-0021/character-test/pat-amnd/entity-reference-test-C2} null" classname="jp.go.jpo.sa1s99.common.format.integration.HtmlToXmlForAmendApiIntegrationTest" time="0.016">
    <failure message="java.lang.IllegalArgumentException: Not implemented yet" type="java.lang.IllegalArgumentException">java.lang.IllegalArgumentException: Not implemented yet
	at jp.go.jpo.sa1s99.common.format.api.XmlToHtmlForAmendApi.execute(XmlToHtmlForAmendApi.java:32)
	at jp.go.jpo.sa1s99.common.format.integration.ExecuteXmlToHtmlForAmendApiByDirection.executeApi(ExecuteXmlToHtmlForAmendApiByDirection.java:26)
	at jp.go.jpo.sa1s99.common.format.integration.ExecuteXmlToHtmlForAmendApiByDirection.executeApi(ExecuteXmlToHtmlForAmendApiByDirection.java:13)
	at jp.go.jpo.sa1s99.common.format.integration.ExecuteApiByDirection.execute(ExecuteApiByDirection.java:28)
	at jp.go.jpo.sa1s99.common.format.integration.HtmlToXmlForAmendApiIntegrationTest.ファイル出力を比較する: #direction #parsedResult(HtmlToXmlForAmendApiIntegrationTest.groovy:29)
</failure>
  </testcase>
  <testcase name="ファイル出力を比較する: Direction{ s_InputDir: data/input/20101207-5.0-S-H22-0021/character-test/pat-amnd/entity-reference-test-C3, s_OutputDir: data/output/html_amend/20101207-5.0-S-H22-0021/character-test/pat-amnd/entity-reference-test-C3} null" classname="jp.go.jpo.sa1s99.common.format.integration.HtmlToXmlForAmendApiIntegrationTest" time="0.0">
    <failure message="java.lang.IllegalArgumentException: Not implemented yet" type="java.lang.IllegalArgumentException">java.lang.IllegalArgumentException: Not implemented yet
	at jp.go.jpo.sa1s99.common.format.api.XmlToHtmlForAmendApi.execute(XmlToHtmlForAmendApi.java:32)
	at jp.go.jpo.sa1s99.common.format.integration.ExecuteXmlToHtmlForAmendApiByDirection.executeApi(ExecuteXmlToHtmlForAmendApiByDirection.java:26)
	at jp.go.jpo.sa1s99.common.format.integration.ExecuteXmlToHtmlForAmendApiByDirection.executeApi(ExecuteXmlToHtmlForAmendApiByDirection.java:13)
	at jp.go.jpo.sa1s99.common.format.integration.ExecuteApiByDirection.execute(ExecuteApiByDirection.java:28)
	at jp.go.jpo.sa1s99.common.format.integration.HtmlToXmlForAmendApiIntegrationTest.ファイル出力を比較する: #direction #parsedResult(HtmlToXmlForAmendApiIntegrationTest.groovy:29)
</failure>
  </testcase>
  <testcase name="ファイル出力を比較する: Direction{ s_InputDir: data/input/20101207-5.0-S-H22-0021/character-test/pat-amnd/entity-reference-test-C4, s_OutputDir: data/output/html_amend/20101207-5.0-S-H22-0021/character-test/pat-amnd/entity-reference-test-C4} null" classname="jp.go.jpo.sa1s99.common.format.integration.HtmlToXmlForAmendApiIntegrationTest" time="0.0">
    <failure message="java.lang.IllegalArgumentException: Not implemented yet" type="java.lang.IllegalArgumentException">java.lang.IllegalArgumentException: Not implemented yet
	at jp.go.jpo.sa1s99.common.format.api.XmlToHtmlForAmendApi.execute(XmlToHtmlForAmendApi.java:32)
	at jp.go.jpo.sa1s99.common.format.integration.ExecuteXmlToHtmlForAmendApiByDirection.executeApi(ExecuteXmlToHtmlForAmendApiByDirection.java:26)
	at jp.go.jpo.sa1s99.common.format.integration.ExecuteXmlToHtmlForAmendApiByDirection.executeApi(ExecuteXmlToHtmlForAmendApiByDirection.java:13)
	at jp.go.jpo.sa1s99.common.format.integration.ExecuteApiByDirection.execute(ExecuteApiByDirection.java:28)
	at jp.go.jpo.sa1s99.common.format.integration.HtmlToXmlForAmendApiIntegrationTest.ファイル出力を比較する: #direction #parsedResult(HtmlToXmlForAmendApiIntegrationTest.groovy:29)
</failure>
  </testcase>
  <testcase name="ファイル出力を比較する: Direction{ s_InputDir: data/input/20101207-5.0-S-H22-0021/character-test/pat-amnd/entity-reference-test-C5, s_OutputDir: data/output/html_amend/20101207-5.0-S-H22-0021/character-test/pat-amnd/entity-reference-test-C5} null" classname="jp.go.jpo.sa1s99.common.format.integration.HtmlToXmlForAmendApiIntegrationTest" time="0.0">
    <failure message="java.lang.IllegalArgumentException: Not implemented yet" type="java.lang.IllegalArgumentException">java.lang.IllegalArgumentException: Not implemented yet
	at jp.go.jpo.sa1s99.common.format.api.XmlToHtmlForAmendApi.execute(XmlToHtmlForAmendApi.java:32)
	at jp.go.jpo.sa1s99.common.format.integration.ExecuteXmlToHtmlForAmendApiByDirection.executeApi(ExecuteXmlToHtmlForAmendApiByDirection.java:26)
	at jp.go.jpo.sa1s99.common.format.integration.ExecuteXmlToHtmlForAmendApiByDirection.executeApi(ExecuteXmlToHtmlForAmendApiByDirection.java:13)
	at jp.go.jpo.sa1s99.common.format.integration.ExecuteApiByDirection.execute(ExecuteApiByDirection.java:28)
	at jp.go.jpo.sa1s99.common.format.integration.HtmlToXmlForAmendApiIntegrationTest.ファイル出力を比較する: #direction #parsedResult(HtmlToXmlForAmendApiIntegrationTest.groovy:29)
</failure>
  </testcase>
  <testcase name="ファイル出力を比較する: Direction{ s_InputDir: data/input/20101207-5.0-S-H22-0021/character-test/pat-amnd/entity-reference-test-C6, s_OutputDir: data/output/html_amend/20101207-5.0-S-H22-0021/character-test/pat-amnd/entity-reference-test-C6} null" classname="jp.go.jpo.sa1s99.common.format.integration.HtmlToXmlForAmendApiIntegrationTest" time="0.0">
    <failure message="java.lang.IllegalArgumentException: Not implemented yet" type="java.lang.IllegalArgumentException">java.lang.IllegalArgumentException: Not implemented yet
	at jp.go.jpo.sa1s99.common.format.api.XmlToHtmlForAmendApi.execute(XmlToHtmlForAmendApi.java:32)
	at jp.go.jpo.sa1s99.common.format.integration.ExecuteXmlToHtmlForAmendApiByDirection.executeApi(ExecuteXmlToHtmlForAmendApiByDirection.java:26)
	at jp.go.jpo.sa1s99.common.format.integration.ExecuteXmlToHtmlForAmendApiByDirection.executeApi(ExecuteXmlToHtmlForAmendApiByDirection.java:13)
	at jp.go.jpo.sa1s99.common.format.integration.ExecuteApiByDirection.execute(ExecuteApiByDirection.java:28)
	at jp.go.jpo.sa1s99.common.format.integration.HtmlToXmlForAmendApiIntegrationTest.ファイル出力を比較する: #direction #parsedResult(HtmlToXmlForAmendApiIntegrationTest.groovy:29)
</failure>
  </testcase>
  <testcase name="ファイル出力を比較する: Direction{ s_InputDir: data/input/20101207-5.0-S-H22-0021/character-test/pat-amnd/entity-reference-test-C7, s_OutputDir: data/output/html_amend/20101207-5.0-S-H22-0021/character-test/pat-amnd/entity-reference-test-C7} null" classname="jp.go.jpo.sa1s99.common.format.integration.HtmlToXmlForAmendApiIntegrationTest" time="0.0">
    <failure message="java.lang.IllegalArgumentException: Not implemented yet" type="java.lang.IllegalArgumentException">java.lang.IllegalArgumentException: Not implemented yet
	at jp.go.jpo.sa1s99.common.format.api.XmlToHtmlForAmendApi.execute(XmlToHtmlForAmendApi.java:32)
	at jp.go.jpo.sa1s99.common.format.integration.ExecuteXmlToHtmlForAmendApiByDirection.executeApi(ExecuteXmlToHtmlForAmendApiByDirection.java:26)
	at jp.go.jpo.sa1s99.common.format.integration.ExecuteXmlToHtmlForAmendApiByDirection.executeApi(ExecuteXmlToHtmlForAmendApiByDirection.java:13)
	at jp.go.jpo.sa1s99.common.format.integration.ExecuteApiByDirection.execute(ExecuteApiByDirection.java:28)
	at jp.go.jpo.sa1s99.common.format.integration.HtmlToXmlForAmendApiIntegrationTest.ファイル出力を比較する: #direction #parsedResult(HtmlToXmlForAmendApiIntegrationTest.groovy:29)
</failure>
  </testcase>
  <testcase name="ファイル出力を比較する: Direction{ s_InputDir: data/input/20101207-5.0-S-H22-0021/character-test/pat-amnd/entity-reference-test-C8, s_OutputDir: data/output/html_amend/20101207-5.0-S-H22-0021/character-test/pat-amnd/entity-reference-test-C8} null" classname="jp.go.jpo.sa1s99.common.format.integration.HtmlToXmlForAmendApiIntegrationTest" time="0.0">
    <failure message="java.lang.IllegalArgumentException: Not implemented yet" type="java.lang.IllegalArgumentException">java.lang.IllegalArgumentException: Not implemented yet
	at jp.go.jpo.sa1s99.common.format.api.XmlToHtmlForAmendApi.execute(XmlToHtmlForAmendApi.java:32)
	at jp.go.jpo.sa1s99.common.format.integration.ExecuteXmlToHtmlForAmendApiByDirection.executeApi(ExecuteXmlToHtmlForAmendApiByDirection.java:26)
	at jp.go.jpo.sa1s99.common.format.integration.ExecuteXmlToHtmlForAmendApiByDirection.executeApi(ExecuteXmlToHtmlForAmendApiByDirection.java:13)
	at jp.go.jpo.sa1s99.common.format.integration.ExecuteApiByDirection.execute(ExecuteApiByDirection.java:28)
	at jp.go.jpo.sa1s99.common.format.integration.HtmlToXmlForAmendApiIntegrationTest.ファイル出力を比較する: #direction #parsedResult(HtmlToXmlForAmendApiIntegrationTest.groovy:29)
</failure>
  </testcase>
  <testcase name="ファイル出力を比較する: Direction{ s_InputDir: data/input/20101207-5.0-S-H22-0021/character-test/pat-amnd/entity-reference-test-C9, s_OutputDir: data/output/html_amend/20101207-5.0-S-H22-0021/character-test/pat-amnd/entity-reference-test-C9} null" classname="jp.go.jpo.sa1s99.common.format.integration.HtmlToXmlForAmendApiIntegrationTest" time="0.0">
    <failure message="java.lang.IllegalArgumentException: Not implemented yet" type="java.lang.IllegalArgumentException">java.lang.IllegalArgumentException: Not implemented yet
	at jp.go.jpo.sa1s99.common.format.api.XmlToHtmlForAmendApi.execute(XmlToHtmlForAmendApi.java:32)
	at jp.go.jpo.sa1s99.common.format.integration.ExecuteXmlToHtmlForAmendApiByDirection.executeApi(ExecuteXmlToHtmlForAmendApiByDirection.java:26)
	at jp.go.jpo.sa1s99.common.format.integration.ExecuteXmlToHtmlForAmendApiByDirection.executeApi(ExecuteXmlToHtmlForAmendApiByDirection.java:13)
	at jp.go.jpo.sa1s99.common.format.integration.ExecuteApiByDirection.execute(ExecuteApiByDirection.java:28)
	at jp.go.jpo.sa1s99.common.format.integration.HtmlToXmlForAmendApiIntegrationTest.ファイル出力を比較する: #direction #parsedResult(HtmlToXmlForAmendApiIntegrationTest.groovy:29)
</failure>
  </testcase>
  <testcase name="ファイル出力を比較する: Direction{ s_InputDir: data/input/20101207-5.0-S-H22-0021/character-test/pat-amnd/entity-reference-test-CA, s_OutputDir: data/output/html_amend/20101207-5.0-S-H22-0021/character-test/pat-amnd/entity-reference-test-CA} null" classname="jp.go.jpo.sa1s99.common.format.integration.HtmlToXmlForAmendApiIntegrationTest" time="0.0">
    <failure message="java.lang.IllegalArgumentException: Not implemented yet" type="java.lang.IllegalArgumentException">java.lang.IllegalArgumentException: Not implemented yet
	at jp.go.jpo.sa1s99.common.format.api.XmlToHtmlForAmendApi.execute(XmlToHtmlForAmendApi.java:32)
	at jp.go.jpo.sa1s99.common.format.integration.ExecuteXmlToHtmlForAmendApiByDirection.executeApi(ExecuteXmlToHtmlForAmendApiByDirection.java:26)
	at jp.go.jpo.sa1s99.common.format.integration.ExecuteXmlToHtmlForAmendApiByDirection.executeApi(ExecuteXmlToHtmlForAmendApiByDirection.java:13)
	at jp.go.jpo.sa1s99.common.format.integration.ExecuteApiByDirection.execute(ExecuteApiByDirection.java:28)
	at jp.go.jpo.sa1s99.common.format.integration.HtmlToXmlForAmendApiIntegrationTest.ファイル出力を比較する: #direction #parsedResult(HtmlToXmlForAmendApiIntegrationTest.groovy:29)
</failure>
  </testcase>
  <testcase name="ファイル出力を比較する: Direction{ s_InputDir: data/input/20101207-5.0-S-H22-0021/character-test/pat-amnd/entity-reference-test-CB, s_OutputDir: data/output/html_amend/20101207-5.0-S-H22-0021/character-test/pat-amnd/entity-reference-test-CB} null" classname="jp.go.jpo.sa1s99.common.format.integration.HtmlToXmlForAmendApiIntegrationTest" time="0.015">
    <failure message="java.lang.IllegalArgumentException: Not implemented yet" type="java.lang.IllegalArgumentException">java.lang.IllegalArgumentException: Not implemented yet
	at jp.go.jpo.sa1s99.common.format.api.XmlToHtmlForAmendApi.execute(XmlToHtmlForAmendApi.java:32)
	at jp.go.jpo.sa1s99.common.format.integration.ExecuteXmlToHtmlForAmendApiByDirection.executeApi(ExecuteXmlToHtmlForAmendApiByDirection.java:26)
	at jp.go.jpo.sa1s99.common.format.integration.ExecuteXmlToHtmlForAmendApiByDirection.executeApi(ExecuteXmlToHtmlForAmendApiByDirection.java:13)
	at jp.go.jpo.sa1s99.common.format.integration.ExecuteApiByDirection.execute(ExecuteApiByDirection.java:28)
	at jp.go.jpo.sa1s99.common.format.integration.HtmlToXmlForAmendApiIntegrationTest.ファイル出力を比較する: #direction #parsedResult(HtmlToXmlForAmendApiIntegrationTest.groovy:29)
</failure>
  </testcase>
  <testcase name="ファイル出力を比較する: Direction{ s_InputDir: data/input/20101207-5.0-S-H22-0021/character-test/pat-amnd/entity-reference-test-CC, s_OutputDir: data/output/html_amend/20101207-5.0-S-H22-0021/character-test/pat-amnd/entity-reference-test-CC} null" classname="jp.go.jpo.sa1s99.common.format.integration.HtmlToXmlForAmendApiIntegrationTest" time="0.0">
    <failure message="java.lang.IllegalArgumentException: Not implemented yet" type="java.lang.IllegalArgumentException">java.lang.IllegalArgumentException: Not implemented yet
	at jp.go.jpo.sa1s99.common.format.api.XmlToHtmlForAmendApi.execute(XmlToHtmlForAmendApi.java:32)
	at jp.go.jpo.sa1s99.common.format.integration.ExecuteXmlToHtmlForAmendApiByDirection.executeApi(ExecuteXmlToHtmlForAmendApiByDirection.java:26)
	at jp.go.jpo.sa1s99.common.format.integration.ExecuteXmlToHtmlForAmendApiByDirection.executeApi(ExecuteXmlToHtmlForAmendApiByDirection.java:13)
	at jp.go.jpo.sa1s99.common.format.integration.ExecuteApiByDirection.execute(ExecuteApiByDirection.java:28)
	at jp.go.jpo.sa1s99.common.format.integration.HtmlToXmlForAmendApiIntegrationTest.ファイル出力を比較する: #direction #parsedResult(HtmlToXmlForAmendApiIntegrationTest.groovy:29)
</failure>
  </testcase>
  <testcase name="ファイル出力を比較する: Direction{ s_InputDir: data/input/20101207-5.0-S-H22-0021/character-test/pat-amnd/entity-reference-test-CD, s_OutputDir: data/output/html_amend/20101207-5.0-S-H22-0021/character-test/pat-amnd/entity-reference-test-CD} null" classname="jp.go.jpo.sa1s99.common.format.integration.HtmlToXmlForAmendApiIntegrationTest" time="0.0">
    <failure message="java.lang.IllegalArgumentException: Not implemented yet" type="java.lang.IllegalArgumentException">java.lang.IllegalArgumentException: Not implemented yet
	at jp.go.jpo.sa1s99.common.format.api.XmlToHtmlForAmendApi.execute(XmlToHtmlForAmendApi.java:32)
	at jp.go.jpo.sa1s99.common.format.integration.ExecuteXmlToHtmlForAmendApiByDirection.executeApi(ExecuteXmlToHtmlForAmendApiByDirection.java:26)
	at jp.go.jpo.sa1s99.common.format.integration.ExecuteXmlToHtmlForAmendApiByDirection.executeApi(ExecuteXmlToHtmlForAmendApiByDirection.java:13)
	at jp.go.jpo.sa1s99.common.format.integration.ExecuteApiByDirection.execute(ExecuteApiByDirection.java:28)
	at jp.go.jpo.sa1s99.common.format.integration.HtmlToXmlForAmendApiIntegrationTest.ファイル出力を比較する: #direction #parsedResult(HtmlToXmlForAmendApiIntegrationTest.groovy:29)
</failure>
  </testcase>
  <testcase name="ファイル出力を比較する: Direction{ s_InputDir: data/input/20101207-5.0-S-H22-0021/character-test/pat-amnd/entity-reference-test-CE, s_OutputDir: data/output/html_amend/20101207-5.0-S-H22-0021/character-test/pat-amnd/entity-reference-test-CE} null" classname="jp.go.jpo.sa1s99.common.format.integration.HtmlToXmlForAmendApiIntegrationTest" time="0.016">
    <failure message="java.lang.IllegalArgumentException: Not implemented yet" type="java.lang.IllegalArgumentException">java.lang.IllegalArgumentException: Not implemented yet
	at jp.go.jpo.sa1s99.common.format.api.XmlToHtmlForAmendApi.execute(XmlToHtmlForAmendApi.java:32)
	at jp.go.jpo.sa1s99.common.format.integration.ExecuteXmlToHtmlForAmendApiByDirection.executeApi(ExecuteXmlToHtmlForAmendApiByDirection.java:26)
	at jp.go.jpo.sa1s99.common.format.integration.ExecuteXmlToHtmlForAmendApiByDirection.executeApi(ExecuteXmlToHtmlForAmendApiByDirection.java:13)
	at jp.go.jpo.sa1s99.common.format.integration.ExecuteApiByDirection.execute(ExecuteApiByDirection.java:28)
	at jp.go.jpo.sa1s99.common.format.integration.HtmlToXmlForAmendApiIntegrationTest.ファイル出力を比較する: #direction #parsedResult(HtmlToXmlForAmendApiIntegrationTest.groovy:29)
</failure>
  </testcase>
  <testcase name="ファイル出力を比較する: Direction{ s_InputDir: data/input/20101207-5.0-S-H22-0021/character-test/pat-amnd/entity-reference-test-CF, s_OutputDir: data/output/html_amend/20101207-5.0-S-H22-0021/character-test/pat-amnd/entity-reference-test-CF} null" classname="jp.go.jpo.sa1s99.common.format.integration.HtmlToXmlForAmendApiIntegrationTest" time="0.0">
    <failure message="java.lang.IllegalArgumentException: Not implemented yet" type="java.lang.IllegalArgumentException">java.lang.IllegalArgumentException: Not implemented yet
	at jp.go.jpo.sa1s99.common.format.api.XmlToHtmlForAmendApi.execute(XmlToHtmlForAmendApi.java:32)
	at jp.go.jpo.sa1s99.common.format.integration.ExecuteXmlToHtmlForAmendApiByDirection.executeApi(ExecuteXmlToHtmlForAmendApiByDirection.java:26)
	at jp.go.jpo.sa1s99.common.format.integration.ExecuteXmlToHtmlForAmendApiByDirection.executeApi(ExecuteXmlToHtmlForAmendApiByDirection.java:13)
	at jp.go.jpo.sa1s99.common.format.integration.ExecuteApiByDirection.execute(ExecuteApiByDirection.java:28)
	at jp.go.jpo.sa1s99.common.format.integration.HtmlToXmlForAmendApiIntegrationTest.ファイル出力を比較する: #direction #parsedResult(HtmlToXmlForAmendApiIntegrationTest.groovy:29)
</failure>
  </testcase>
  <testcase name="ファイル出力を比較する: Direction{ s_InputDir: data/input/20101207-5.0-S-H22-0021/character-test/pat-amnd/entity-reference-test-D0, s_OutputDir: data/output/html_amend/20101207-5.0-S-H22-0021/character-test/pat-amnd/entity-reference-test-D0} null" classname="jp.go.jpo.sa1s99.common.format.integration.HtmlToXmlForAmendApiIntegrationTest" time="0.0">
    <failure message="java.lang.IllegalArgumentException: Not implemented yet" type="java.lang.IllegalArgumentException">java.lang.IllegalArgumentException: Not implemented yet
	at jp.go.jpo.sa1s99.common.format.api.XmlToHtmlForAmendApi.execute(XmlToHtmlForAmendApi.java:32)
	at jp.go.jpo.sa1s99.common.format.integration.ExecuteXmlToHtmlForAmendApiByDirection.executeApi(ExecuteXmlToHtmlForAmendApiByDirection.java:26)
	at jp.go.jpo.sa1s99.common.format.integration.ExecuteXmlToHtmlForAmendApiByDirection.executeApi(ExecuteXmlToHtmlForAmendApiByDirection.java:13)
	at jp.go.jpo.sa1s99.common.format.integration.ExecuteApiByDirection.execute(ExecuteApiByDirection.java:28)
	at jp.go.jpo.sa1s99.common.format.integration.HtmlToXmlForAmendApiIntegrationTest.ファイル出力を比較する: #direction #parsedResult(HtmlToXmlForAmendApiIntegrationTest.groovy:29)
</failure>
  </testcase>
  <testcase name="ファイル出力を比較する: Direction{ s_InputDir: data/input/20101207-5.0-S-H22-0021/character-test/pat-amnd/entity-reference-test-D1, s_OutputDir: data/output/html_amend/20101207-5.0-S-H22-0021/character-test/pat-amnd/entity-reference-test-D1} null" classname="jp.go.jpo.sa1s99.common.format.integration.HtmlToXmlForAmendApiIntegrationTest" time="0.0">
    <failure message="java.lang.IllegalArgumentException: Not implemented yet" type="java.lang.IllegalArgumentException">java.lang.IllegalArgumentException: Not implemented yet
	at jp.go.jpo.sa1s99.common.format.api.XmlToHtmlForAmendApi.execute(XmlToHtmlForAmendApi.java:32)
	at jp.go.jpo.sa1s99.common.format.integration.ExecuteXmlToHtmlForAmendApiByDirection.executeApi(ExecuteXmlToHtmlForAmendApiByDirection.java:26)
	at jp.go.jpo.sa1s99.common.format.integration.ExecuteXmlToHtmlForAmendApiByDirection.executeApi(ExecuteXmlToHtmlForAmendApiByDirection.java:13)
	at jp.go.jpo.sa1s99.common.format.integration.ExecuteApiByDirection.execute(ExecuteApiByDirection.java:28)
	at jp.go.jpo.sa1s99.common.format.integration.HtmlToXmlForAmendApiIntegrationTest.ファイル出力を比較する: #direction #parsedResult(HtmlToXmlForAmendApiIntegrationTest.groovy:29)
</failure>
  </testcase>
  <testcase name="ファイル出力を比較する: Direction{ s_InputDir: data/input/20101207-5.0-S-H22-0021/character-test/pat-amnd/entity-reference-test-D2, s_OutputDir: data/output/html_amend/20101207-5.0-S-H22-0021/character-test/pat-amnd/entity-reference-test-D2} null" classname="jp.go.jpo.sa1s99.common.format.integration.HtmlToXmlForAmendApiIntegrationTest" time="0.015">
    <failure message="java.lang.IllegalArgumentException: Not implemented yet" type="java.lang.IllegalArgumentException">java.lang.IllegalArgumentException: Not implemented yet
	at jp.go.jpo.sa1s99.common.format.api.XmlToHtmlForAmendApi.execute(XmlToHtmlForAmendApi.java:32)
	at jp.go.jpo.sa1s99.common.format.integration.ExecuteXmlToHtmlForAmendApiByDirection.executeApi(ExecuteXmlToHtmlForAmendApiByDirection.java:26)
	at jp.go.jpo.sa1s99.common.format.integration.ExecuteXmlToHtmlForAmendApiByDirection.executeApi(ExecuteXmlToHtmlForAmendApiByDirection.java:13)
	at jp.go.jpo.sa1s99.common.format.integration.ExecuteApiByDirection.execute(ExecuteApiByDirection.java:28)
	at jp.go.jpo.sa1s99.common.format.integration.HtmlToXmlForAmendApiIntegrationTest.ファイル出力を比較する: #direction #parsedResult(HtmlToXmlForAmendApiIntegrationTest.groovy:29)
</failure>
  </testcase>
  <testcase name="ファイル出力を比較する: Direction{ s_InputDir: data/input/20101207-5.0-S-H22-0021/character-test/pat-amnd/entity-reference-test-D3, s_OutputDir: data/output/html_amend/20101207-5.0-S-H22-0021/character-test/pat-amnd/entity-reference-test-D3} null" classname="jp.go.jpo.sa1s99.common.format.integration.HtmlToXmlForAmendApiIntegrationTest" time="0.0">
    <failure message="java.lang.IllegalArgumentException: Not implemented yet" type="java.lang.IllegalArgumentException">java.lang.IllegalArgumentException: Not implemented yet
	at jp.go.jpo.sa1s99.common.format.api.XmlToHtmlForAmendApi.execute(XmlToHtmlForAmendApi.java:32)
	at jp.go.jpo.sa1s99.common.format.integration.ExecuteXmlToHtmlForAmendApiByDirection.executeApi(ExecuteXmlToHtmlForAmendApiByDirection.java:26)
	at jp.go.jpo.sa1s99.common.format.integration.ExecuteXmlToHtmlForAmendApiByDirection.executeApi(ExecuteXmlToHtmlForAmendApiByDirection.java:13)
	at jp.go.jpo.sa1s99.common.format.integration.ExecuteApiByDirection.execute(ExecuteApiByDirection.java:28)
	at jp.go.jpo.sa1s99.common.format.integration.HtmlToXmlForAmendApiIntegrationTest.ファイル出力を比較する: #direction #parsedResult(HtmlToXmlForAmendApiIntegrationTest.groovy:29)
</failure>
  </testcase>
  <testcase name="ファイル出力を比較する: Direction{ s_InputDir: data/input/20101207-5.0-S-H22-0021/character-test/pat-amnd/entity-reference-test-D4, s_OutputDir: data/output/html_amend/20101207-5.0-S-H22-0021/character-test/pat-amnd/entity-reference-test-D4} null" classname="jp.go.jpo.sa1s99.common.format.integration.HtmlToXmlForAmendApiIntegrationTest" time="0.0">
    <failure message="java.lang.IllegalArgumentException: Not implemented yet" type="java.lang.IllegalArgumentException">java.lang.IllegalArgumentException: Not implemented yet
	at jp.go.jpo.sa1s99.common.format.api.XmlToHtmlForAmendApi.execute(XmlToHtmlForAmendApi.java:32)
	at jp.go.jpo.sa1s99.common.format.integration.ExecuteXmlToHtmlForAmendApiByDirection.executeApi(ExecuteXmlToHtmlForAmendApiByDirection.java:26)
	at jp.go.jpo.sa1s99.common.format.integration.ExecuteXmlToHtmlForAmendApiByDirection.executeApi(ExecuteXmlToHtmlForAmendApiByDirection.java:13)
	at jp.go.jpo.sa1s99.common.format.integration.ExecuteApiByDirection.execute(ExecuteApiByDirection.java:28)
	at jp.go.jpo.sa1s99.common.format.integration.HtmlToXmlForAmendApiIntegrationTest.ファイル出力を比較する: #direction #parsedResult(HtmlToXmlForAmendApiIntegrationTest.groovy:29)
</failure>
  </testcase>
  <testcase name="ファイル出力を比較する: Direction{ s_InputDir: data/input/20101207-5.0-S-H22-0021/character-test/pat-amnd/entity-reference-test-D5, s_OutputDir: data/output/html_amend/20101207-5.0-S-H22-0021/character-test/pat-amnd/entity-reference-test-D5} null" classname="jp.go.jpo.sa1s99.common.format.integration.HtmlToXmlForAmendApiIntegrationTest" time="0.0">
    <failure message="java.lang.IllegalArgumentException: Not implemented yet" type="java.lang.IllegalArgumentException">java.lang.IllegalArgumentException: Not implemented yet
	at jp.go.jpo.sa1s99.common.format.api.XmlToHtmlForAmendApi.execute(XmlToHtmlForAmendApi.java:32)
	at jp.go.jpo.sa1s99.common.format.integration.ExecuteXmlToHtmlForAmendApiByDirection.executeApi(ExecuteXmlToHtmlForAmendApiByDirection.java:26)
	at jp.go.jpo.sa1s99.common.format.integration.ExecuteXmlToHtmlForAmendApiByDirection.executeApi(ExecuteXmlToHtmlForAmendApiByDirection.java:13)
	at jp.go.jpo.sa1s99.common.format.integration.ExecuteApiByDirection.execute(ExecuteApiByDirection.java:28)
	at jp.go.jpo.sa1s99.common.format.integration.HtmlToXmlForAmendApiIntegrationTest.ファイル出力を比較する: #direction #parsedResult(HtmlToXmlForAmendApiIntegrationTest.groovy:29)
</failure>
  </testcase>
  <testcase name="ファイル出力を比較する: Direction{ s_InputDir: data/input/20101207-5.0-S-H22-0021/character-test/pat-amnd/entity-reference-test-D6, s_OutputDir: data/output/html_amend/20101207-5.0-S-H22-0021/character-test/pat-amnd/entity-reference-test-D6} null" classname="jp.go.jpo.sa1s99.common.format.integration.HtmlToXmlForAmendApiIntegrationTest" time="0.0">
    <failure message="java.lang.IllegalArgumentException: Not implemented yet" type="java.lang.IllegalArgumentException">java.lang.IllegalArgumentException: Not implemented yet
	at jp.go.jpo.sa1s99.common.format.api.XmlToHtmlForAmendApi.execute(XmlToHtmlForAmendApi.java:32)
	at jp.go.jpo.sa1s99.common.format.integration.ExecuteXmlToHtmlForAmendApiByDirection.executeApi(ExecuteXmlToHtmlForAmendApiByDirection.java:26)
	at jp.go.jpo.sa1s99.common.format.integration.ExecuteXmlToHtmlForAmendApiByDirection.executeApi(ExecuteXmlToHtmlForAmendApiByDirection.java:13)
	at jp.go.jpo.sa1s99.common.format.integration.ExecuteApiByDirection.execute(ExecuteApiByDirection.java:28)
	at jp.go.jpo.sa1s99.common.format.integration.HtmlToXmlForAmendApiIntegrationTest.ファイル出力を比較する: #direction #parsedResult(HtmlToXmlForAmendApiIntegrationTest.groovy:29)
</failure>
  </testcase>
  <testcase name="ファイル出力を比較する: Direction{ s_InputDir: data/input/20101207-5.0-S-H22-0021/character-test/pat-amnd/entity-reference-test-D7, s_OutputDir: data/output/html_amend/20101207-5.0-S-H22-0021/character-test/pat-amnd/entity-reference-test-D7} null" classname="jp.go.jpo.sa1s99.common.format.integration.HtmlToXmlForAmendApiIntegrationTest" time="0.0">
    <failure message="java.lang.IllegalArgumentException: Not implemented yet" type="java.lang.IllegalArgumentException">java.lang.IllegalArgumentException: Not implemented yet
	at jp.go.jpo.sa1s99.common.format.api.XmlToHtmlForAmendApi.execute(XmlToHtmlForAmendApi.java:32)
	at jp.go.jpo.sa1s99.common.format.integration.ExecuteXmlToHtmlForAmendApiByDirection.executeApi(ExecuteXmlToHtmlForAmendApiByDirection.java:26)
	at jp.go.jpo.sa1s99.common.format.integration.ExecuteXmlToHtmlForAmendApiByDirection.executeApi(ExecuteXmlToHtmlForAmendApiByDirection.java:13)
	at jp.go.jpo.sa1s99.common.format.integration.ExecuteApiByDirection.execute(ExecuteApiByDirection.java:28)
	at jp.go.jpo.sa1s99.common.format.integration.HtmlToXmlForAmendApiIntegrationTest.ファイル出力を比較する: #direction #parsedResult(HtmlToXmlForAmendApiIntegrationTest.groovy:29)
</failure>
  </testcase>
  <testcase name="ファイル出力を比較する: Direction{ s_InputDir: data/input/20101207-5.0-S-H22-0021/character-test/pat-amnd/entity-reference-test-D8, s_OutputDir: data/output/html_amend/20101207-5.0-S-H22-0021/character-test/pat-amnd/entity-reference-test-D8} null" classname="jp.go.jpo.sa1s99.common.format.integration.HtmlToXmlForAmendApiIntegrationTest" time="0.0">
    <failure message="java.lang.IllegalArgumentException: Not implemented yet" type="java.lang.IllegalArgumentException">java.lang.IllegalArgumentException: Not implemented yet
	at jp.go.jpo.sa1s99.common.format.api.XmlToHtmlForAmendApi.execute(XmlToHtmlForAmendApi.java:32)
	at jp.go.jpo.sa1s99.common.format.integration.ExecuteXmlToHtmlForAmendApiByDirection.executeApi(ExecuteXmlToHtmlForAmendApiByDirection.java:26)
	at jp.go.jpo.sa1s99.common.format.integration.ExecuteXmlToHtmlForAmendApiByDirection.executeApi(ExecuteXmlToHtmlForAmendApiByDirection.java:13)
	at jp.go.jpo.sa1s99.common.format.integration.ExecuteApiByDirection.execute(ExecuteApiByDirection.java:28)
	at jp.go.jpo.sa1s99.common.format.integration.HtmlToXmlForAmendApiIntegrationTest.ファイル出力を比較する: #direction #parsedResult(HtmlToXmlForAmendApiIntegrationTest.groovy:29)
</failure>
  </testcase>
  <testcase name="ファイル出力を比較する: Direction{ s_InputDir: data/input/20101207-5.0-S-H22-0021/character-test/pat-amnd/entity-reference-test-D9, s_OutputDir: data/output/html_amend/20101207-5.0-S-H22-0021/character-test/pat-amnd/entity-reference-test-D9} null" classname="jp.go.jpo.sa1s99.common.format.integration.HtmlToXmlForAmendApiIntegrationTest" time="0.02">
    <failure message="java.lang.IllegalArgumentException: Not implemented yet" type="java.lang.IllegalArgumentException">java.lang.IllegalArgumentException: Not implemented yet
	at jp.go.jpo.sa1s99.common.format.api.XmlToHtmlForAmendApi.execute(XmlToHtmlForAmendApi.java:32)
	at jp.go.jpo.sa1s99.common.format.integration.ExecuteXmlToHtmlForAmendApiByDirection.executeApi(ExecuteXmlToHtmlForAmendApiByDirection.java:26)
	at jp.go.jpo.sa1s99.common.format.integration.ExecuteXmlToHtmlForAmendApiByDirection.executeApi(ExecuteXmlToHtmlForAmendApiByDirection.java:13)
	at jp.go.jpo.sa1s99.common.format.integration.ExecuteApiByDirection.execute(ExecuteApiByDirection.java:28)
	at jp.go.jpo.sa1s99.common.format.integration.HtmlToXmlForAmendApiIntegrationTest.ファイル出力を比較する: #direction #parsedResult(HtmlToXmlForAmendApiIntegrationTest.groovy:29)
</failure>
  </testcase>
  <testcase name="ファイル出力を比較する: Direction{ s_InputDir: data/input/20101207-5.0-S-H22-0021/character-test/pat-amnd/entity-reference-test-DA, s_OutputDir: data/output/html_amend/20101207-5.0-S-H22-0021/character-test/pat-amnd/entity-reference-test-DA} null" classname="jp.go.jpo.sa1s99.common.format.integration.HtmlToXmlForAmendApiIntegrationTest" time="0.004">
    <failure message="java.lang.IllegalArgumentException: Not implemented yet" type="java.lang.IllegalArgumentException">java.lang.IllegalArgumentException: Not implemented yet
	at jp.go.jpo.sa1s99.common.format.api.XmlToHtmlForAmendApi.execute(XmlToHtmlForAmendApi.java:32)
	at jp.go.jpo.sa1s99.common.format.integration.ExecuteXmlToHtmlForAmendApiByDirection.executeApi(ExecuteXmlToHtmlForAmendApiByDirection.java:26)
	at jp.go.jpo.sa1s99.common.format.integration.ExecuteXmlToHtmlForAmendApiByDirection.executeApi(ExecuteXmlToHtmlForAmendApiByDirection.java:13)
	at jp.go.jpo.sa1s99.common.format.integration.ExecuteApiByDirection.execute(ExecuteApiByDirection.java:28)
	at jp.go.jpo.sa1s99.common.format.integration.HtmlToXmlForAmendApiIntegrationTest.ファイル出力を比較する: #direction #parsedResult(HtmlToXmlForAmendApiIntegrationTest.groovy:29)
</failure>
  </testcase>
  <testcase name="ファイル出力を比較する: Direction{ s_InputDir: data/input/20101207-5.0-S-H22-0021/character-test/pat-amnd/entity-reference-test-DB, s_OutputDir: data/output/html_amend/20101207-5.0-S-H22-0021/character-test/pat-amnd/entity-reference-test-DB} null" classname="jp.go.jpo.sa1s99.common.format.integration.HtmlToXmlForAmendApiIntegrationTest" time="0.002">
    <failure message="java.lang.IllegalArgumentException: Not implemented yet" type="java.lang.IllegalArgumentException">java.lang.IllegalArgumentException: Not implemented yet
	at jp.go.jpo.sa1s99.common.format.api.XmlToHtmlForAmendApi.execute(XmlToHtmlForAmendApi.java:32)
	at jp.go.jpo.sa1s99.common.format.integration.ExecuteXmlToHtmlForAmendApiByDirection.executeApi(ExecuteXmlToHtmlForAmendApiByDirection.java:26)
	at jp.go.jpo.sa1s99.common.format.integration.ExecuteXmlToHtmlForAmendApiByDirection.executeApi(ExecuteXmlToHtmlForAmendApiByDirection.java:13)
	at jp.go.jpo.sa1s99.common.format.integration.ExecuteApiByDirection.execute(ExecuteApiByDirection.java:28)
	at jp.go.jpo.sa1s99.common.format.integration.HtmlToXmlForAmendApiIntegrationTest.ファイル出力を比較する: #direction #parsedResult(HtmlToXmlForAmendApiIntegrationTest.groovy:29)
</failure>
  </testcase>
  <testcase name="ファイル出力を比較する: Direction{ s_InputDir: data/input/20101207-5.0-S-H22-0021/character-test/pat-amnd/entity-reference-test-DC, s_OutputDir: data/output/html_amend/20101207-5.0-S-H22-0021/character-test/pat-amnd/entity-reference-test-DC} null" classname="jp.go.jpo.sa1s99.common.format.integration.HtmlToXmlForAmendApiIntegrationTest" time="0.002">
    <failure message="java.lang.IllegalArgumentException: Not implemented yet" type="java.lang.IllegalArgumentException">java.lang.IllegalArgumentException: Not implemented yet
	at jp.go.jpo.sa1s99.common.format.api.XmlToHtmlForAmendApi.execute(XmlToHtmlForAmendApi.java:32)
	at jp.go.jpo.sa1s99.common.format.integration.ExecuteXmlToHtmlForAmendApiByDirection.executeApi(ExecuteXmlToHtmlForAmendApiByDirection.java:26)
	at jp.go.jpo.sa1s99.common.format.integration.ExecuteXmlToHtmlForAmendApiByDirection.executeApi(ExecuteXmlToHtmlForAmendApiByDirection.java:13)
	at jp.go.jpo.sa1s99.common.format.integration.ExecuteApiByDirection.execute(ExecuteApiByDirection.java:28)
	at jp.go.jpo.sa1s99.common.format.integration.HtmlToXmlForAmendApiIntegrationTest.ファイル出力を比較する: #direction #parsedResult(HtmlToXmlForAmendApiIntegrationTest.groovy:29)
</failure>
  </testcase>
  <testcase name="ファイル出力を比較する: Direction{ s_InputDir: data/input/20101207-5.0-S-H22-0021/character-test/pat-amnd/entity-reference-test-DD, s_OutputDir: data/output/html_amend/20101207-5.0-S-H22-0021/character-test/pat-amnd/entity-reference-test-DD} null" classname="jp.go.jpo.sa1s99.common.format.integration.HtmlToXmlForAmendApiIntegrationTest" time="0.004">
    <failure message="java.lang.IllegalArgumentException: Not implemented yet" type="java.lang.IllegalArgumentException">java.lang.IllegalArgumentException: Not implemented yet
	at jp.go.jpo.sa1s99.common.format.api.XmlToHtmlForAmendApi.execute(XmlToHtmlForAmendApi.java:32)
	at jp.go.jpo.sa1s99.common.format.integration.ExecuteXmlToHtmlForAmendApiByDirection.executeApi(ExecuteXmlToHtmlForAmendApiByDirection.java:26)
	at jp.go.jpo.sa1s99.common.format.integration.ExecuteXmlToHtmlForAmendApiByDirection.executeApi(ExecuteXmlToHtmlForAmendApiByDirection.java:13)
	at jp.go.jpo.sa1s99.common.format.integration.ExecuteApiByDirection.execute(ExecuteApiByDirection.java:28)
	at jp.go.jpo.sa1s99.common.format.integration.HtmlToXmlForAmendApiIntegrationTest.ファイル出力を比較する: #direction #parsedResult(HtmlToXmlForAmendApiIntegrationTest.groovy:29)
</failure>
  </testcase>
  <testcase name="ファイル出力を比較する: Direction{ s_InputDir: data/input/20101207-5.0-S-H22-0021/character-test/pat-amnd/entity-reference-test-DE, s_OutputDir: data/output/html_amend/20101207-5.0-S-H22-0021/character-test/pat-amnd/entity-reference-test-DE} null" classname="jp.go.jpo.sa1s99.common.format.integration.HtmlToXmlForAmendApiIntegrationTest" time="0.013">
    <failure message="java.lang.IllegalArgumentException: Not implemented yet" type="java.lang.IllegalArgumentException">java.lang.IllegalArgumentException: Not implemented yet
	at jp.go.jpo.sa1s99.common.format.api.XmlToHtmlForAmendApi.execute(XmlToHtmlForAmendApi.java:32)
	at jp.go.jpo.sa1s99.common.format.integration.ExecuteXmlToHtmlForAmendApiByDirection.executeApi(ExecuteXmlToHtmlForAmendApiByDirection.java:26)
	at jp.go.jpo.sa1s99.common.format.integration.ExecuteXmlToHtmlForAmendApiByDirection.executeApi(ExecuteXmlToHtmlForAmendApiByDirection.java:13)
	at jp.go.jpo.sa1s99.common.format.integration.ExecuteApiByDirection.execute(ExecuteApiByDirection.java:28)
	at jp.go.jpo.sa1s99.common.format.integration.HtmlToXmlForAmendApiIntegrationTest.ファイル出力を比較する: #direction #parsedResult(HtmlToXmlForAmendApiIntegrationTest.groovy:29)
</failure>
  </testcase>
  <testcase name="ファイル出力を比較する: Direction{ s_InputDir: data/input/20101207-5.0-S-H22-0021/character-test/pat-amnd/entity-reference-test-DF, s_OutputDir: data/output/html_amend/20101207-5.0-S-H22-0021/character-test/pat-amnd/entity-reference-test-DF} null" classname="jp.go.jpo.sa1s99.common.format.integration.HtmlToXmlForAmendApiIntegrationTest" time="0.005">
    <failure message="java.lang.IllegalArgumentException: Not implemented yet" type="java.lang.IllegalArgumentException">java.lang.IllegalArgumentException: Not implemented yet
	at jp.go.jpo.sa1s99.common.format.api.XmlToHtmlForAmendApi.execute(XmlToHtmlForAmendApi.java:32)
	at jp.go.jpo.sa1s99.common.format.integration.ExecuteXmlToHtmlForAmendApiByDirection.executeApi(ExecuteXmlToHtmlForAmendApiByDirection.java:26)
	at jp.go.jpo.sa1s99.common.format.integration.ExecuteXmlToHtmlForAmendApiByDirection.executeApi(ExecuteXmlToHtmlForAmendApiByDirection.java:13)
	at jp.go.jpo.sa1s99.common.format.integration.ExecuteApiByDirection.execute(ExecuteApiByDirection.java:28)
	at jp.go.jpo.sa1s99.common.format.integration.HtmlToXmlForAmendApiIntegrationTest.ファイル出力を比較する: #direction #parsedResult(HtmlToXmlForAmendApiIntegrationTest.groovy:29)
</failure>
  </testcase>
  <testcase name="ファイル出力を比較する: Direction{ s_InputDir: data/input/20101207-5.0-S-H22-0021/character-test/pat-amnd/entity-reference-test-E0, s_OutputDir: data/output/html_amend/20101207-5.0-S-H22-0021/character-test/pat-amnd/entity-reference-test-E0} null" classname="jp.go.jpo.sa1s99.common.format.integration.HtmlToXmlForAmendApiIntegrationTest" time="0.005">
    <failure message="java.lang.IllegalArgumentException: Not implemented yet" type="java.lang.IllegalArgumentException">java.lang.IllegalArgumentException: Not implemented yet
	at jp.go.jpo.sa1s99.common.format.api.XmlToHtmlForAmendApi.execute(XmlToHtmlForAmendApi.java:32)
	at jp.go.jpo.sa1s99.common.format.integration.ExecuteXmlToHtmlForAmendApiByDirection.executeApi(ExecuteXmlToHtmlForAmendApiByDirection.java:26)
	at jp.go.jpo.sa1s99.common.format.integration.ExecuteXmlToHtmlForAmendApiByDirection.executeApi(ExecuteXmlToHtmlForAmendApiByDirection.java:13)
	at jp.go.jpo.sa1s99.common.format.integration.ExecuteApiByDirection.execute(ExecuteApiByDirection.java:28)
	at jp.go.jpo.sa1s99.common.format.integration.HtmlToXmlForAmendApiIntegrationTest.ファイル出力を比較する: #direction #parsedResult(HtmlToXmlForAmendApiIntegrationTest.groovy:29)
</failure>
  </testcase>
  <testcase name="ファイル出力を比較する: Direction{ s_InputDir: data/input/20101207-5.0-S-H22-0021/character-test/pat-amnd/entity-reference-test-E1, s_OutputDir: data/output/html_amend/20101207-5.0-S-H22-0021/character-test/pat-amnd/entity-reference-test-E1} null" classname="jp.go.jpo.sa1s99.common.format.integration.HtmlToXmlForAmendApiIntegrationTest" time="0.004">
    <failure message="java.lang.IllegalArgumentException: Not implemented yet" type="java.lang.IllegalArgumentException">java.lang.IllegalArgumentException: Not implemented yet
	at jp.go.jpo.sa1s99.common.format.api.XmlToHtmlForAmendApi.execute(XmlToHtmlForAmendApi.java:32)
	at jp.go.jpo.sa1s99.common.format.integration.ExecuteXmlToHtmlForAmendApiByDirection.executeApi(ExecuteXmlToHtmlForAmendApiByDirection.java:26)
	at jp.go.jpo.sa1s99.common.format.integration.ExecuteXmlToHtmlForAmendApiByDirection.executeApi(ExecuteXmlToHtmlForAmendApiByDirection.java:13)
	at jp.go.jpo.sa1s99.common.format.integration.ExecuteApiByDirection.execute(ExecuteApiByDirection.java:28)
	at jp.go.jpo.sa1s99.common.format.integration.HtmlToXmlForAmendApiIntegrationTest.ファイル出力を比較する: #direction #parsedResult(HtmlToXmlForAmendApiIntegrationTest.groovy:29)
</failure>
  </testcase>
  <testcase name="ファイル出力を比較する: Direction{ s_InputDir: data/input/20101207-5.0-S-H22-0021/character-test/pat-amnd/entity-reference-test-E2, s_OutputDir: data/output/html_amend/20101207-5.0-S-H22-0021/character-test/pat-amnd/entity-reference-test-E2} null" classname="jp.go.jpo.sa1s99.common.format.integration.HtmlToXmlForAmendApiIntegrationTest" time="0.002">
    <failure message="java.lang.IllegalArgumentException: Not implemented yet" type="java.lang.IllegalArgumentException">java.lang.IllegalArgumentException: Not implemented yet
	at jp.go.jpo.sa1s99.common.format.api.XmlToHtmlForAmendApi.execute(XmlToHtmlForAmendApi.java:32)
	at jp.go.jpo.sa1s99.common.format.integration.ExecuteXmlToHtmlForAmendApiByDirection.executeApi(ExecuteXmlToHtmlForAmendApiByDirection.java:26)
	at jp.go.jpo.sa1s99.common.format.integration.ExecuteXmlToHtmlForAmendApiByDirection.executeApi(ExecuteXmlToHtmlForAmendApiByDirection.java:13)
	at jp.go.jpo.sa1s99.common.format.integration.ExecuteApiByDirection.execute(ExecuteApiByDirection.java:28)
	at jp.go.jpo.sa1s99.common.format.integration.HtmlToXmlForAmendApiIntegrationTest.ファイル出力を比較する: #direction #parsedResult(HtmlToXmlForAmendApiIntegrationTest.groovy:29)
</failure>
  </testcase>
  <testcase name="ファイル出力を比較する: Direction{ s_InputDir: data/input/20101207-5.0-S-H22-0021/character-test/pat-amnd/entity-reference-test-E3, s_OutputDir: data/output/html_amend/20101207-5.0-S-H22-0021/character-test/pat-amnd/entity-reference-test-E3} null" classname="jp.go.jpo.sa1s99.common.format.integration.HtmlToXmlForAmendApiIntegrationTest" time="0.002">
    <failure message="java.lang.IllegalArgumentException: Not implemented yet" type="java.lang.IllegalArgumentException">java.lang.IllegalArgumentException: Not implemented yet
	at jp.go.jpo.sa1s99.common.format.api.XmlToHtmlForAmendApi.execute(XmlToHtmlForAmendApi.java:32)
	at jp.go.jpo.sa1s99.common.format.integration.ExecuteXmlToHtmlForAmendApiByDirection.executeApi(ExecuteXmlToHtmlForAmendApiByDirection.java:26)
	at jp.go.jpo.sa1s99.common.format.integration.ExecuteXmlToHtmlForAmendApiByDirection.executeApi(ExecuteXmlToHtmlForAmendApiByDirection.java:13)
	at jp.go.jpo.sa1s99.common.format.integration.ExecuteApiByDirection.execute(ExecuteApiByDirection.java:28)
	at jp.go.jpo.sa1s99.common.format.integration.HtmlToXmlForAmendApiIntegrationTest.ファイル出力を比較する: #direction #parsedResult(HtmlToXmlForAmendApiIntegrationTest.groovy:29)
</failure>
  </testcase>
  <testcase name="ファイル出力を比較する: Direction{ s_InputDir: data/input/20101207-5.0-S-H22-0021/character-test/pat-amnd/entity-reference-test-E4, s_OutputDir: data/output/html_amend/20101207-5.0-S-H22-0021/character-test/pat-amnd/entity-reference-test-E4} null" classname="jp.go.jpo.sa1s99.common.format.integration.HtmlToXmlForAmendApiIntegrationTest" time="0.007">
    <failure message="java.lang.IllegalArgumentException: Not implemented yet" type="java.lang.IllegalArgumentException">java.lang.IllegalArgumentException: Not implemented yet
	at jp.go.jpo.sa1s99.common.format.api.XmlToHtmlForAmendApi.execute(XmlToHtmlForAmendApi.java:32)
	at jp.go.jpo.sa1s99.common.format.integration.ExecuteXmlToHtmlForAmendApiByDirection.executeApi(ExecuteXmlToHtmlForAmendApiByDirection.java:26)
	at jp.go.jpo.sa1s99.common.format.integration.ExecuteXmlToHtmlForAmendApiByDirection.executeApi(ExecuteXmlToHtmlForAmendApiByDirection.java:13)
	at jp.go.jpo.sa1s99.common.format.integration.ExecuteApiByDirection.execute(ExecuteApiByDirection.java:28)
	at jp.go.jpo.sa1s99.common.format.integration.HtmlToXmlForAmendApiIntegrationTest.ファイル出力を比較する: #direction #parsedResult(HtmlToXmlForAmendApiIntegrationTest.groovy:29)
</failure>
  </testcase>
  <testcase name="ファイル出力を比較する: Direction{ s_InputDir: data/input/20101207-5.0-S-H22-0021/character-test/pat-amnd/entity-reference-test-E5, s_OutputDir: data/output/html_amend/20101207-5.0-S-H22-0021/character-test/pat-amnd/entity-reference-test-E5} null" classname="jp.go.jpo.sa1s99.common.format.integration.HtmlToXmlForAmendApiIntegrationTest" time="0.004">
    <failure message="java.lang.IllegalArgumentException: Not implemented yet" type="java.lang.IllegalArgumentException">java.lang.IllegalArgumentException: Not implemented yet
	at jp.go.jpo.sa1s99.common.format.api.XmlToHtmlForAmendApi.execute(XmlToHtmlForAmendApi.java:32)
	at jp.go.jpo.sa1s99.common.format.integration.ExecuteXmlToHtmlForAmendApiByDirection.executeApi(ExecuteXmlToHtmlForAmendApiByDirection.java:26)
	at jp.go.jpo.sa1s99.common.format.integration.ExecuteXmlToHtmlForAmendApiByDirection.executeApi(ExecuteXmlToHtmlForAmendApiByDirection.java:13)
	at jp.go.jpo.sa1s99.common.format.integration.ExecuteApiByDirection.execute(ExecuteApiByDirection.java:28)
	at jp.go.jpo.sa1s99.common.format.integration.HtmlToXmlForAmendApiIntegrationTest.ファイル出力を比較する: #direction #parsedResult(HtmlToXmlForAmendApiIntegrationTest.groovy:29)
</failure>
  </testcase>
  <testcase name="ファイル出力を比較する: Direction{ s_InputDir: data/input/20101207-5.0-S-H22-0021/character-test/pat-amnd/entity-reference-test-E6, s_OutputDir: data/output/html_amend/20101207-5.0-S-H22-0021/character-test/pat-amnd/entity-reference-test-E6} null" classname="jp.go.jpo.sa1s99.common.format.integration.HtmlToXmlForAmendApiIntegrationTest" time="0.006">
    <failure message="java.lang.IllegalArgumentException: Not implemented yet" type="java.lang.IllegalArgumentException">java.lang.IllegalArgumentException: Not implemented yet
	at jp.go.jpo.sa1s99.common.format.api.XmlToHtmlForAmendApi.execute(XmlToHtmlForAmendApi.java:32)
	at jp.go.jpo.sa1s99.common.format.integration.ExecuteXmlToHtmlForAmendApiByDirection.executeApi(ExecuteXmlToHtmlForAmendApiByDirection.java:26)
	at jp.go.jpo.sa1s99.common.format.integration.ExecuteXmlToHtmlForAmendApiByDirection.executeApi(ExecuteXmlToHtmlForAmendApiByDirection.java:13)
	at jp.go.jpo.sa1s99.common.format.integration.ExecuteApiByDirection.execute(ExecuteApiByDirection.java:28)
	at jp.go.jpo.sa1s99.common.format.integration.HtmlToXmlForAmendApiIntegrationTest.ファイル出力を比較する: #direction #parsedResult(HtmlToXmlForAmendApiIntegrationTest.groovy:29)
</failure>
  </testcase>
  <testcase name="ファイル出力を比較する: Direction{ s_InputDir: data/input/20101207-5.0-S-H22-0021/character-test/pat-amnd/entity-reference-test-E7, s_OutputDir: data/output/html_amend/20101207-5.0-S-H22-0021/character-test/pat-amnd/entity-reference-test-E7} null" classname="jp.go.jpo.sa1s99.common.format.integration.HtmlToXmlForAmendApiIntegrationTest" time="0.002">
    <failure message="java.lang.IllegalArgumentException: Not implemented yet" type="java.lang.IllegalArgumentException">java.lang.IllegalArgumentException: Not implemented yet
	at jp.go.jpo.sa1s99.common.format.api.XmlToHtmlForAmendApi.execute(XmlToHtmlForAmendApi.java:32)
	at jp.go.jpo.sa1s99.common.format.integration.ExecuteXmlToHtmlForAmendApiByDirection.executeApi(ExecuteXmlToHtmlForAmendApiByDirection.java:26)
	at jp.go.jpo.sa1s99.common.format.integration.ExecuteXmlToHtmlForAmendApiByDirection.executeApi(ExecuteXmlToHtmlForAmendApiByDirection.java:13)
	at jp.go.jpo.sa1s99.common.format.integration.ExecuteApiByDirection.execute(ExecuteApiByDirection.java:28)
	at jp.go.jpo.sa1s99.common.format.integration.HtmlToXmlForAmendApiIntegrationTest.ファイル出力を比較する: #direction #parsedResult(HtmlToXmlForAmendApiIntegrationTest.groovy:29)
</failure>
  </testcase>
  <testcase name="ファイル出力を比較する: Direction{ s_InputDir: data/input/20101207-5.0-S-H22-0021/character-test/pat-amnd/entity-reference-test-E8, s_OutputDir: data/output/html_amend/20101207-5.0-S-H22-0021/character-test/pat-amnd/entity-reference-test-E8} null" classname="jp.go.jpo.sa1s99.common.format.integration.HtmlToXmlForAmendApiIntegrationTest" time="0.004">
    <failure message="java.lang.IllegalArgumentException: Not implemented yet" type="java.lang.IllegalArgumentException">java.lang.IllegalArgumentException: Not implemented yet
	at jp.go.jpo.sa1s99.common.format.api.XmlToHtmlForAmendApi.execute(XmlToHtmlForAmendApi.java:32)
	at jp.go.jpo.sa1s99.common.format.integration.ExecuteXmlToHtmlForAmendApiByDirection.executeApi(ExecuteXmlToHtmlForAmendApiByDirection.java:26)
	at jp.go.jpo.sa1s99.common.format.integration.ExecuteXmlToHtmlForAmendApiByDirection.executeApi(ExecuteXmlToHtmlForAmendApiByDirection.java:13)
	at jp.go.jpo.sa1s99.common.format.integration.ExecuteApiByDirection.execute(ExecuteApiByDirection.java:28)
	at jp.go.jpo.sa1s99.common.format.integration.HtmlToXmlForAmendApiIntegrationTest.ファイル出力を比較する: #direction #parsedResult(HtmlToXmlForAmendApiIntegrationTest.groovy:29)
</failure>
  </testcase>
  <testcase name="ファイル出力を比較する: Direction{ s_InputDir: data/input/20101207-5.0-S-H22-0021/character-test/pat-amnd/entity-reference-test-E9, s_OutputDir: data/output/html_amend/20101207-5.0-S-H22-0021/character-test/pat-amnd/entity-reference-test-E9} null" classname="jp.go.jpo.sa1s99.common.format.integration.HtmlToXmlForAmendApiIntegrationTest" time="0.002">
    <failure message="java.lang.IllegalArgumentException: Not implemented yet" type="java.lang.IllegalArgumentException">java.lang.IllegalArgumentException: Not implemented yet
	at jp.go.jpo.sa1s99.common.format.api.XmlToHtmlForAmendApi.execute(XmlToHtmlForAmendApi.java:32)
	at jp.go.jpo.sa1s99.common.format.integration.ExecuteXmlToHtmlForAmendApiByDirection.executeApi(ExecuteXmlToHtmlForAmendApiByDirection.java:26)
	at jp.go.jpo.sa1s99.common.format.integration.ExecuteXmlToHtmlForAmendApiByDirection.executeApi(ExecuteXmlToHtmlForAmendApiByDirection.java:13)
	at jp.go.jpo.sa1s99.common.format.integration.ExecuteApiByDirection.execute(ExecuteApiByDirection.java:28)
	at jp.go.jpo.sa1s99.common.format.integration.HtmlToXmlForAmendApiIntegrationTest.ファイル出力を比較する: #direction #parsedResult(HtmlToXmlForAmendApiIntegrationTest.groovy:29)
</failure>
  </testcase>
  <testcase name="ファイル出力を比較する: Direction{ s_InputDir: data/input/20101207-5.0-S-H22-0021/character-test/pat-amnd/entity-reference-test-EA, s_OutputDir: data/output/html_amend/20101207-5.0-S-H22-0021/character-test/pat-amnd/entity-reference-test-EA} null" classname="jp.go.jpo.sa1s99.common.format.integration.HtmlToXmlForAmendApiIntegrationTest" time="0.001">
    <failure message="java.lang.IllegalArgumentException: Not implemented yet" type="java.lang.IllegalArgumentException">java.lang.IllegalArgumentException: Not implemented yet
	at jp.go.jpo.sa1s99.common.format.api.XmlToHtmlForAmendApi.execute(XmlToHtmlForAmendApi.java:32)
	at jp.go.jpo.sa1s99.common.format.integration.ExecuteXmlToHtmlForAmendApiByDirection.executeApi(ExecuteXmlToHtmlForAmendApiByDirection.java:26)
	at jp.go.jpo.sa1s99.common.format.integration.ExecuteXmlToHtmlForAmendApiByDirection.executeApi(ExecuteXmlToHtmlForAmendApiByDirection.java:13)
	at jp.go.jpo.sa1s99.common.format.integration.ExecuteApiByDirection.execute(ExecuteApiByDirection.java:28)
	at jp.go.jpo.sa1s99.common.format.integration.HtmlToXmlForAmendApiIntegrationTest.ファイル出力を比較する: #direction #parsedResult(HtmlToXmlForAmendApiIntegrationTest.groovy:29)
</failure>
  </testcase>
  <testcase name="ファイル出力を比較する: Direction{ s_InputDir: data/input/20101207-5.0-S-H22-0021/character-test/pat-amnd/entity-reference-test-EB, s_OutputDir: data/output/html_amend/20101207-5.0-S-H22-0021/character-test/pat-amnd/entity-reference-test-EB} null" classname="jp.go.jpo.sa1s99.common.format.integration.HtmlToXmlForAmendApiIntegrationTest" time="0.002">
    <failure message="java.lang.IllegalArgumentException: Not implemented yet" type="java.lang.IllegalArgumentException">java.lang.IllegalArgumentException: Not implemented yet
	at jp.go.jpo.sa1s99.common.format.api.XmlToHtmlForAmendApi.execute(XmlToHtmlForAmendApi.java:32)
	at jp.go.jpo.sa1s99.common.format.integration.ExecuteXmlToHtmlForAmendApiByDirection.executeApi(ExecuteXmlToHtmlForAmendApiByDirection.java:26)
	at jp.go.jpo.sa1s99.common.format.integration.ExecuteXmlToHtmlForAmendApiByDirection.executeApi(ExecuteXmlToHtmlForAmendApiByDirection.java:13)
	at jp.go.jpo.sa1s99.common.format.integration.ExecuteApiByDirection.execute(ExecuteApiByDirection.java:28)
	at jp.go.jpo.sa1s99.common.format.integration.HtmlToXmlForAmendApiIntegrationTest.ファイル出力を比較する: #direction #parsedResult(HtmlToXmlForAmendApiIntegrationTest.groovy:29)
</failure>
  </testcase>
  <testcase name="ファイル出力を比較する: Direction{ s_InputDir: data/input/20101207-5.0-S-H22-0021/character-test/pat-amnd/entity-reference-test-EC, s_OutputDir: data/output/html_amend/20101207-5.0-S-H22-0021/character-test/pat-amnd/entity-reference-test-EC} null" classname="jp.go.jpo.sa1s99.common.format.integration.HtmlToXmlForAmendApiIntegrationTest" time="0.005">
    <failure message="java.lang.IllegalArgumentException: Not implemented yet" type="java.lang.IllegalArgumentException">java.lang.IllegalArgumentException: Not implemented yet
	at jp.go.jpo.sa1s99.common.format.api.XmlToHtmlForAmendApi.execute(XmlToHtmlForAmendApi.java:32)
	at jp.go.jpo.sa1s99.common.format.integration.ExecuteXmlToHtmlForAmendApiByDirection.executeApi(ExecuteXmlToHtmlForAmendApiByDirection.java:26)
	at jp.go.jpo.sa1s99.common.format.integration.ExecuteXmlToHtmlForAmendApiByDirection.executeApi(ExecuteXmlToHtmlForAmendApiByDirection.java:13)
	at jp.go.jpo.sa1s99.common.format.integration.ExecuteApiByDirection.execute(ExecuteApiByDirection.java:28)
	at jp.go.jpo.sa1s99.common.format.integration.HtmlToXmlForAmendApiIntegrationTest.ファイル出力を比較する: #direction #parsedResult(HtmlToXmlForAmendApiIntegrationTest.groovy:29)
</failure>
  </testcase>
  <testcase name="ファイル出力を比較する: Direction{ s_InputDir: data/input/20101207-5.0-S-H22-0021/character-test/pat-amnd/entity-reference-test-ED, s_OutputDir: data/output/html_amend/20101207-5.0-S-H22-0021/character-test/pat-amnd/entity-reference-test-ED} null" classname="jp.go.jpo.sa1s99.common.format.integration.HtmlToXmlForAmendApiIntegrationTest" time="0.005">
    <failure message="java.lang.IllegalArgumentException: Not implemented yet" type="java.lang.IllegalArgumentException">java.lang.IllegalArgumentException: Not implemented yet
	at jp.go.jpo.sa1s99.common.format.api.XmlToHtmlForAmendApi.execute(XmlToHtmlForAmendApi.java:32)
	at jp.go.jpo.sa1s99.common.format.integration.ExecuteXmlToHtmlForAmendApiByDirection.executeApi(ExecuteXmlToHtmlForAmendApiByDirection.java:26)
	at jp.go.jpo.sa1s99.common.format.integration.ExecuteXmlToHtmlForAmendApiByDirection.executeApi(ExecuteXmlToHtmlForAmendApiByDirection.java:13)
	at jp.go.jpo.sa1s99.common.format.integration.ExecuteApiByDirection.execute(ExecuteApiByDirection.java:28)
	at jp.go.jpo.sa1s99.common.format.integration.HtmlToXmlForAmendApiIntegrationTest.ファイル出力を比較する: #direction #parsedResult(HtmlToXmlForAmendApiIntegrationTest.groovy:29)
</failure>
  </testcase>
  <testcase name="ファイル出力を比較する: Direction{ s_InputDir: data/input/20101207-5.0-S-H22-0021/character-test/pat-amnd/entity-reference-test-EE, s_OutputDir: data/output/html_amend/20101207-5.0-S-H22-0021/character-test/pat-amnd/entity-reference-test-EE} null" classname="jp.go.jpo.sa1s99.common.format.integration.HtmlToXmlForAmendApiIntegrationTest" time="0.004">
    <failure message="java.lang.IllegalArgumentException: Not implemented yet" type="java.lang.IllegalArgumentException">java.lang.IllegalArgumentException: Not implemented yet
	at jp.go.jpo.sa1s99.common.format.api.XmlToHtmlForAmendApi.execute(XmlToHtmlForAmendApi.java:32)
	at jp.go.jpo.sa1s99.common.format.integration.ExecuteXmlToHtmlForAmendApiByDirection.executeApi(ExecuteXmlToHtmlForAmendApiByDirection.java:26)
	at jp.go.jpo.sa1s99.common.format.integration.ExecuteXmlToHtmlForAmendApiByDirection.executeApi(ExecuteXmlToHtmlForAmendApiByDirection.java:13)
	at jp.go.jpo.sa1s99.common.format.integration.ExecuteApiByDirection.execute(ExecuteApiByDirection.java:28)
	at jp.go.jpo.sa1s99.common.format.integration.HtmlToXmlForAmendApiIntegrationTest.ファイル出力を比較する: #direction #parsedResult(HtmlToXmlForAmendApiIntegrationTest.groovy:29)
</failure>
  </testcase>
  <testcase name="ファイル出力を比較する: Direction{ s_InputDir: data/input/20101207-5.0-S-H22-0021/character-test/pat-amnd/entity-reference-test-EF, s_OutputDir: data/output/html_amend/20101207-5.0-S-H22-0021/character-test/pat-amnd/entity-reference-test-EF} null" classname="jp.go.jpo.sa1s99.common.format.integration.HtmlToXmlForAmendApiIntegrationTest" time="0.004">
    <failure message="java.lang.IllegalArgumentException: Not implemented yet" type="java.lang.IllegalArgumentException">java.lang.IllegalArgumentException: Not implemented yet
	at jp.go.jpo.sa1s99.common.format.api.XmlToHtmlForAmendApi.execute(XmlToHtmlForAmendApi.java:32)
	at jp.go.jpo.sa1s99.common.format.integration.ExecuteXmlToHtmlForAmendApiByDirection.executeApi(ExecuteXmlToHtmlForAmendApiByDirection.java:26)
	at jp.go.jpo.sa1s99.common.format.integration.ExecuteXmlToHtmlForAmendApiByDirection.executeApi(ExecuteXmlToHtmlForAmendApiByDirection.java:13)
	at jp.go.jpo.sa1s99.common.format.integration.ExecuteApiByDirection.execute(ExecuteApiByDirection.java:28)
	at jp.go.jpo.sa1s99.common.format.integration.HtmlToXmlForAmendApiIntegrationTest.ファイル出力を比較する: #direction #parsedResult(HtmlToXmlForAmendApiIntegrationTest.groovy:29)
</failure>
  </testcase>
  <testcase name="ファイル出力を比較する: Direction{ s_InputDir: data/input/20101207-5.0-S-H22-0021/character-test/pat-amnd/entity-reference-test-F0, s_OutputDir: data/output/html_amend/20101207-5.0-S-H22-0021/character-test/pat-amnd/entity-reference-test-F0} null" classname="jp.go.jpo.sa1s99.common.format.integration.HtmlToXmlForAmendApiIntegrationTest" time="0.001">
    <failure message="java.lang.IllegalArgumentException: Not implemented yet" type="java.lang.IllegalArgumentException">java.lang.IllegalArgumentException: Not implemented yet
	at jp.go.jpo.sa1s99.common.format.api.XmlToHtmlForAmendApi.execute(XmlToHtmlForAmendApi.java:32)
	at jp.go.jpo.sa1s99.common.format.integration.ExecuteXmlToHtmlForAmendApiByDirection.executeApi(ExecuteXmlToHtmlForAmendApiByDirection.java:26)
	at jp.go.jpo.sa1s99.common.format.integration.ExecuteXmlToHtmlForAmendApiByDirection.executeApi(ExecuteXmlToHtmlForAmendApiByDirection.java:13)
	at jp.go.jpo.sa1s99.common.format.integration.ExecuteApiByDirection.execute(ExecuteApiByDirection.java:28)
	at jp.go.jpo.sa1s99.common.format.integration.HtmlToXmlForAmendApiIntegrationTest.ファイル出力を比較する: #direction #parsedResult(HtmlToXmlForAmendApiIntegrationTest.groovy:29)
</failure>
  </testcase>
  <testcase name="ファイル出力を比較する: Direction{ s_InputDir: data/input/20101207-5.0-S-H22-0021/character-test/pat-amnd/entity-reference-test-F1, s_OutputDir: data/output/html_amend/20101207-5.0-S-H22-0021/character-test/pat-amnd/entity-reference-test-F1} null" classname="jp.go.jpo.sa1s99.common.format.integration.HtmlToXmlForAmendApiIntegrationTest" time="0.005">
    <failure message="java.lang.IllegalArgumentException: Not implemented yet" type="java.lang.IllegalArgumentException">java.lang.IllegalArgumentException: Not implemented yet
	at jp.go.jpo.sa1s99.common.format.api.XmlToHtmlForAmendApi.execute(XmlToHtmlForAmendApi.java:32)
	at jp.go.jpo.sa1s99.common.format.integration.ExecuteXmlToHtmlForAmendApiByDirection.executeApi(ExecuteXmlToHtmlForAmendApiByDirection.java:26)
	at jp.go.jpo.sa1s99.common.format.integration.ExecuteXmlToHtmlForAmendApiByDirection.executeApi(ExecuteXmlToHtmlForAmendApiByDirection.java:13)
	at jp.go.jpo.sa1s99.common.format.integration.ExecuteApiByDirection.execute(ExecuteApiByDirection.java:28)
	at jp.go.jpo.sa1s99.common.format.integration.HtmlToXmlForAmendApiIntegrationTest.ファイル出力を比較する: #direction #parsedResult(HtmlToXmlForAmendApiIntegrationTest.groovy:29)
</failure>
  </testcase>
  <testcase name="ファイル出力を比較する: Direction{ s_InputDir: data/input/20101207-5.0-S-H22-0021/character-test/pat-amnd/entity-reference-test-F2, s_OutputDir: data/output/html_amend/20101207-5.0-S-H22-0021/character-test/pat-amnd/entity-reference-test-F2} null" classname="jp.go.jpo.sa1s99.common.format.integration.HtmlToXmlForAmendApiIntegrationTest" time="0.002">
    <failure message="java.lang.IllegalArgumentException: Not implemented yet" type="java.lang.IllegalArgumentException">java.lang.IllegalArgumentException: Not implemented yet
	at jp.go.jpo.sa1s99.common.format.api.XmlToHtmlForAmendApi.execute(XmlToHtmlForAmendApi.java:32)
	at jp.go.jpo.sa1s99.common.format.integration.ExecuteXmlToHtmlForAmendApiByDirection.executeApi(ExecuteXmlToHtmlForAmendApiByDirection.java:26)
	at jp.go.jpo.sa1s99.common.format.integration.ExecuteXmlToHtmlForAmendApiByDirection.executeApi(ExecuteXmlToHtmlForAmendApiByDirection.java:13)
	at jp.go.jpo.sa1s99.common.format.integration.ExecuteApiByDirection.execute(ExecuteApiByDirection.java:28)
	at jp.go.jpo.sa1s99.common.format.integration.HtmlToXmlForAmendApiIntegrationTest.ファイル出力を比較する: #direction #parsedResult(HtmlToXmlForAmendApiIntegrationTest.groovy:29)
</failure>
  </testcase>
  <testcase name="ファイル出力を比較する: Direction{ s_InputDir: data/input/20101207-5.0-S-H22-0021/character-test/pat-amnd/entity-reference-test-F3, s_OutputDir: data/output/html_amend/20101207-5.0-S-H22-0021/character-test/pat-amnd/entity-reference-test-F3} null" classname="jp.go.jpo.sa1s99.common.format.integration.HtmlToXmlForAmendApiIntegrationTest" time="0.004">
    <failure message="java.lang.IllegalArgumentException: Not implemented yet" type="java.lang.IllegalArgumentException">java.lang.IllegalArgumentException: Not implemented yet
	at jp.go.jpo.sa1s99.common.format.api.XmlToHtmlForAmendApi.execute(XmlToHtmlForAmendApi.java:32)
	at jp.go.jpo.sa1s99.common.format.integration.ExecuteXmlToHtmlForAmendApiByDirection.executeApi(ExecuteXmlToHtmlForAmendApiByDirection.java:26)
	at jp.go.jpo.sa1s99.common.format.integration.ExecuteXmlToHtmlForAmendApiByDirection.executeApi(ExecuteXmlToHtmlForAmendApiByDirection.java:13)
	at jp.go.jpo.sa1s99.common.format.integration.ExecuteApiByDirection.execute(ExecuteApiByDirection.java:28)
	at jp.go.jpo.sa1s99.common.format.integration.HtmlToXmlForAmendApiIntegrationTest.ファイル出力を比較する: #direction #parsedResult(HtmlToXmlForAmendApiIntegrationTest.groovy:29)
</failure>
  </testcase>
  <testcase name="ファイル出力を比較する: Direction{ s_InputDir: data/input/20101207-5.0-S-H22-0021/character-test/pat-amnd/entity-reference-test-F4, s_OutputDir: data/output/html_amend/20101207-5.0-S-H22-0021/character-test/pat-amnd/entity-reference-test-F4} null" classname="jp.go.jpo.sa1s99.common.format.integration.HtmlToXmlForAmendApiIntegrationTest" time="0.005">
    <failure message="java.lang.IllegalArgumentException: Not implemented yet" type="java.lang.IllegalArgumentException">java.lang.IllegalArgumentException: Not implemented yet
	at jp.go.jpo.sa1s99.common.format.api.XmlToHtmlForAmendApi.execute(XmlToHtmlForAmendApi.java:32)
	at jp.go.jpo.sa1s99.common.format.integration.ExecuteXmlToHtmlForAmendApiByDirection.executeApi(ExecuteXmlToHtmlForAmendApiByDirection.java:26)
	at jp.go.jpo.sa1s99.common.format.integration.ExecuteXmlToHtmlForAmendApiByDirection.executeApi(ExecuteXmlToHtmlForAmendApiByDirection.java:13)
	at jp.go.jpo.sa1s99.common.format.integration.ExecuteApiByDirection.execute(ExecuteApiByDirection.java:28)
	at jp.go.jpo.sa1s99.common.format.integration.HtmlToXmlForAmendApiIntegrationTest.ファイル出力を比較する: #direction #parsedResult(HtmlToXmlForAmendApiIntegrationTest.groovy:29)
</failure>
  </testcase>
  <testcase name="ファイル出力を比較する: Direction{ s_InputDir: data/input/20101207-5.0-S-H22-0021/character-test/pat-amnd/entity-reference-test-F5, s_OutputDir: data/output/html_amend/20101207-5.0-S-H22-0021/character-test/pat-amnd/entity-reference-test-F5} null" classname="jp.go.jpo.sa1s99.common.format.integration.HtmlToXmlForAmendApiIntegrationTest" time="0.002">
    <failure message="java.lang.IllegalArgumentException: Not implemented yet" type="java.lang.IllegalArgumentException">java.lang.IllegalArgumentException: Not implemented yet
	at jp.go.jpo.sa1s99.common.format.api.XmlToHtmlForAmendApi.execute(XmlToHtmlForAmendApi.java:32)
	at jp.go.jpo.sa1s99.common.format.integration.ExecuteXmlToHtmlForAmendApiByDirection.executeApi(ExecuteXmlToHtmlForAmendApiByDirection.java:26)
	at jp.go.jpo.sa1s99.common.format.integration.ExecuteXmlToHtmlForAmendApiByDirection.executeApi(ExecuteXmlToHtmlForAmendApiByDirection.java:13)
	at jp.go.jpo.sa1s99.common.format.integration.ExecuteApiByDirection.execute(ExecuteApiByDirection.java:28)
	at jp.go.jpo.sa1s99.common.format.integration.HtmlToXmlForAmendApiIntegrationTest.ファイル出力を比較する: #direction #parsedResult(HtmlToXmlForAmendApiIntegrationTest.groovy:29)
</failure>
  </testcase>
  <testcase name="ファイル出力を比較する: Direction{ s_InputDir: data/input/20101207-5.0-S-H22-0021/character-test/pat-amnd/entity-reference-test-F6, s_OutputDir: data/output/html_amend/20101207-5.0-S-H22-0021/character-test/pat-amnd/entity-reference-test-F6} null" classname="jp.go.jpo.sa1s99.common.format.integration.HtmlToXmlForAmendApiIntegrationTest" time="0.005">
    <failure message="java.lang.IllegalArgumentException: Not implemented yet" type="java.lang.IllegalArgumentException">java.lang.IllegalArgumentException: Not implemented yet
	at jp.go.jpo.sa1s99.common.format.api.XmlToHtmlForAmendApi.execute(XmlToHtmlForAmendApi.java:32)
	at jp.go.jpo.sa1s99.common.format.integration.ExecuteXmlToHtmlForAmendApiByDirection.executeApi(ExecuteXmlToHtmlForAmendApiByDirection.java:26)
	at jp.go.jpo.sa1s99.common.format.integration.ExecuteXmlToHtmlForAmendApiByDirection.executeApi(ExecuteXmlToHtmlForAmendApiByDirection.java:13)
	at jp.go.jpo.sa1s99.common.format.integration.ExecuteApiByDirection.execute(ExecuteApiByDirection.java:28)
	at jp.go.jpo.sa1s99.common.format.integration.HtmlToXmlForAmendApiIntegrationTest.ファイル出力を比較する: #direction #parsedResult(HtmlToXmlForAmendApiIntegrationTest.groovy:29)
</failure>
  </testcase>
  <testcase name="ファイル出力を比較する: Direction{ s_InputDir: data/input/20101207-5.0-S-H22-0021/character-test/pat-amnd/entity-reference-test-F7, s_OutputDir: data/output/html_amend/20101207-5.0-S-H22-0021/character-test/pat-amnd/entity-reference-test-F7} null" classname="jp.go.jpo.sa1s99.common.format.integration.HtmlToXmlForAmendApiIntegrationTest" time="0.005">
    <failure message="java.lang.IllegalArgumentException: Not implemented yet" type="java.lang.IllegalArgumentException">java.lang.IllegalArgumentException: Not implemented yet
	at jp.go.jpo.sa1s99.common.format.api.XmlToHtmlForAmendApi.execute(XmlToHtmlForAmendApi.java:32)
	at jp.go.jpo.sa1s99.common.format.integration.ExecuteXmlToHtmlForAmendApiByDirection.executeApi(ExecuteXmlToHtmlForAmendApiByDirection.java:26)
	at jp.go.jpo.sa1s99.common.format.integration.ExecuteXmlToHtmlForAmendApiByDirection.executeApi(ExecuteXmlToHtmlForAmendApiByDirection.java:13)
	at jp.go.jpo.sa1s99.common.format.integration.ExecuteApiByDirection.execute(ExecuteApiByDirection.java:28)
	at jp.go.jpo.sa1s99.common.format.integration.HtmlToXmlForAmendApiIntegrationTest.ファイル出力を比較する: #direction #parsedResult(HtmlToXmlForAmendApiIntegrationTest.groovy:29)
</failure>
  </testcase>
  <testcase name="ファイル出力を比較する: Direction{ s_InputDir: data/input/20101207-5.0-S-H22-0021/character-test/pat-amnd/entity-reference-test-F8, s_OutputDir: data/output/html_amend/20101207-5.0-S-H22-0021/character-test/pat-amnd/entity-reference-test-F8} null" classname="jp.go.jpo.sa1s99.common.format.integration.HtmlToXmlForAmendApiIntegrationTest" time="0.005">
    <failure message="java.lang.IllegalArgumentException: Not implemented yet" type="java.lang.IllegalArgumentException">java.lang.IllegalArgumentException: Not implemented yet
	at jp.go.jpo.sa1s99.common.format.api.XmlToHtmlForAmendApi.execute(XmlToHtmlForAmendApi.java:32)
	at jp.go.jpo.sa1s99.common.format.integration.ExecuteXmlToHtmlForAmendApiByDirection.executeApi(ExecuteXmlToHtmlForAmendApiByDirection.java:26)
	at jp.go.jpo.sa1s99.common.format.integration.ExecuteXmlToHtmlForAmendApiByDirection.executeApi(ExecuteXmlToHtmlForAmendApiByDirection.java:13)
	at jp.go.jpo.sa1s99.common.format.integration.ExecuteApiByDirection.execute(ExecuteApiByDirection.java:28)
	at jp.go.jpo.sa1s99.common.format.integration.HtmlToXmlForAmendApiIntegrationTest.ファイル出力を比較する: #direction #parsedResult(HtmlToXmlForAmendApiIntegrationTest.groovy:29)
</failure>
  </testcase>
  <testcase name="ファイル出力を比較する: Direction{ s_InputDir: data/input/20101207-5.0-S-H22-0021/character-test/pat-amnd/entity-reference-test-F9, s_OutputDir: data/output/html_amend/20101207-5.0-S-H22-0021/character-test/pat-amnd/entity-reference-test-F9} null" classname="jp.go.jpo.sa1s99.common.format.integration.HtmlToXmlForAmendApiIntegrationTest" time="0.005">
    <failure message="java.lang.IllegalArgumentException: Not implemented yet" type="java.lang.IllegalArgumentException">java.lang.IllegalArgumentException: Not implemented yet
	at jp.go.jpo.sa1s99.common.format.api.XmlToHtmlForAmendApi.execute(XmlToHtmlForAmendApi.java:32)
	at jp.go.jpo.sa1s99.common.format.integration.ExecuteXmlToHtmlForAmendApiByDirection.executeApi(ExecuteXmlToHtmlForAmendApiByDirection.java:26)
	at jp.go.jpo.sa1s99.common.format.integration.ExecuteXmlToHtmlForAmendApiByDirection.executeApi(ExecuteXmlToHtmlForAmendApiByDirection.java:13)
	at jp.go.jpo.sa1s99.common.format.integration.ExecuteApiByDirection.execute(ExecuteApiByDirection.java:28)
	at jp.go.jpo.sa1s99.common.format.integration.HtmlToXmlForAmendApiIntegrationTest.ファイル出力を比較する: #direction #parsedResult(HtmlToXmlForAmendApiIntegrationTest.groovy:29)
</failure>
  </testcase>
  <testcase name="ファイル出力を比較する: Direction{ s_InputDir: data/input/20101207-5.0-S-H22-0021/character-test/pat-amnd/entity-reference-test-FA, s_OutputDir: data/output/html_amend/20101207-5.0-S-H22-0021/character-test/pat-amnd/entity-reference-test-FA} null" classname="jp.go.jpo.sa1s99.common.format.integration.HtmlToXmlForAmendApiIntegrationTest" time="0.001">
    <failure message="java.lang.IllegalArgumentException: Not implemented yet" type="java.lang.IllegalArgumentException">java.lang.IllegalArgumentException: Not implemented yet
	at jp.go.jpo.sa1s99.common.format.api.XmlToHtmlForAmendApi.execute(XmlToHtmlForAmendApi.java:32)
	at jp.go.jpo.sa1s99.common.format.integration.ExecuteXmlToHtmlForAmendApiByDirection.executeApi(ExecuteXmlToHtmlForAmendApiByDirection.java:26)
	at jp.go.jpo.sa1s99.common.format.integration.ExecuteXmlToHtmlForAmendApiByDirection.executeApi(ExecuteXmlToHtmlForAmendApiByDirection.java:13)
	at jp.go.jpo.sa1s99.common.format.integration.ExecuteApiByDirection.execute(ExecuteApiByDirection.java:28)
	at jp.go.jpo.sa1s99.common.format.integration.HtmlToXmlForAmendApiIntegrationTest.ファイル出力を比較する: #direction #parsedResult(HtmlToXmlForAmendApiIntegrationTest.groovy:29)
</failure>
  </testcase>
  <testcase name="ファイル出力を比較する: Direction{ s_InputDir: data/input/20101207-5.0-S-H22-0021/character-test/pat-amnd/entity-reference-test-FB, s_OutputDir: data/output/html_amend/20101207-5.0-S-H22-0021/character-test/pat-amnd/entity-reference-test-FB} null" classname="jp.go.jpo.sa1s99.common.format.integration.HtmlToXmlForAmendApiIntegrationTest" time="0.005">
    <failure message="java.lang.IllegalArgumentException: Not implemented yet" type="java.lang.IllegalArgumentException">java.lang.IllegalArgumentException: Not implemented yet
	at jp.go.jpo.sa1s99.common.format.api.XmlToHtmlForAmendApi.execute(XmlToHtmlForAmendApi.java:32)
	at jp.go.jpo.sa1s99.common.format.integration.ExecuteXmlToHtmlForAmendApiByDirection.executeApi(ExecuteXmlToHtmlForAmendApiByDirection.java:26)
	at jp.go.jpo.sa1s99.common.format.integration.ExecuteXmlToHtmlForAmendApiByDirection.executeApi(ExecuteXmlToHtmlForAmendApiByDirection.java:13)
	at jp.go.jpo.sa1s99.common.format.integration.ExecuteApiByDirection.execute(ExecuteApiByDirection.java:28)
	at jp.go.jpo.sa1s99.common.format.integration.HtmlToXmlForAmendApiIntegrationTest.ファイル出力を比較する: #direction #parsedResult(HtmlToXmlForAmendApiIntegrationTest.groovy:29)
</failure>
  </testcase>
  <testcase name="ファイル出力を比較する: Direction{ s_InputDir: data/input/20101207-5.0-S-H22-0021/character-test/pat-amnd/entity-reference-test-FC, s_OutputDir: data/output/html_amend/20101207-5.0-S-H22-0021/character-test/pat-amnd/entity-reference-test-FC} null" classname="jp.go.jpo.sa1s99.common.format.integration.HtmlToXmlForAmendApiIntegrationTest" time="0.002">
    <failure message="java.lang.IllegalArgumentException: Not implemented yet" type="java.lang.IllegalArgumentException">java.lang.IllegalArgumentException: Not implemented yet
	at jp.go.jpo.sa1s99.common.format.api.XmlToHtmlForAmendApi.execute(XmlToHtmlForAmendApi.java:32)
	at jp.go.jpo.sa1s99.common.format.integration.ExecuteXmlToHtmlForAmendApiByDirection.executeApi(ExecuteXmlToHtmlForAmendApiByDirection.java:26)
	at jp.go.jpo.sa1s99.common.format.integration.ExecuteXmlToHtmlForAmendApiByDirection.executeApi(ExecuteXmlToHtmlForAmendApiByDirection.java:13)
	at jp.go.jpo.sa1s99.common.format.integration.ExecuteApiByDirection.execute(ExecuteApiByDirection.java:28)
	at jp.go.jpo.sa1s99.common.format.integration.HtmlToXmlForAmendApiIntegrationTest.ファイル出力を比較する: #direction #parsedResult(HtmlToXmlForAmendApiIntegrationTest.groovy:29)
</failure>
  </testcase>
  <testcase name="ファイル出力を比較する: Direction{ s_InputDir: data/input/20101207-5.0-S-H22-0021/character-test/pat-amnd/entity-reference-test-FD, s_OutputDir: data/output/html_amend/20101207-5.0-S-H22-0021/character-test/pat-amnd/entity-reference-test-FD} null" classname="jp.go.jpo.sa1s99.common.format.integration.HtmlToXmlForAmendApiIntegrationTest" time="0.001">
    <failure message="java.lang.IllegalArgumentException: Not implemented yet" type="java.lang.IllegalArgumentException">java.lang.IllegalArgumentException: Not implemented yet
	at jp.go.jpo.sa1s99.common.format.api.XmlToHtmlForAmendApi.execute(XmlToHtmlForAmendApi.java:32)
	at jp.go.jpo.sa1s99.common.format.integration.ExecuteXmlToHtmlForAmendApiByDirection.executeApi(ExecuteXmlToHtmlForAmendApiByDirection.java:26)
	at jp.go.jpo.sa1s99.common.format.integration.ExecuteXmlToHtmlForAmendApiByDirection.executeApi(ExecuteXmlToHtmlForAmendApiByDirection.java:13)
	at jp.go.jpo.sa1s99.common.format.integration.ExecuteApiByDirection.execute(ExecuteApiByDirection.java:28)
	at jp.go.jpo.sa1s99.common.format.integration.HtmlToXmlForAmendApiIntegrationTest.ファイル出力を比較する: #direction #parsedResult(HtmlToXmlForAmendApiIntegrationTest.groovy:29)
</failure>
  </testcase>
  <testcase name="ファイル出力を比較する: Direction{ s_InputDir: data/input/20101207-5.0-S-H22-0021/character-test/pat-amnd/entity-reference-test-FE, s_OutputDir: data/output/html_amend/20101207-5.0-S-H22-0021/character-test/pat-amnd/entity-reference-test-FE} null" classname="jp.go.jpo.sa1s99.common.format.integration.HtmlToXmlForAmendApiIntegrationTest" time="0.005">
    <failure message="java.lang.IllegalArgumentException: Not implemented yet" type="java.lang.IllegalArgumentException">java.lang.IllegalArgumentException: Not implemented yet
	at jp.go.jpo.sa1s99.common.format.api.XmlToHtmlForAmendApi.execute(XmlToHtmlForAmendApi.java:32)
	at jp.go.jpo.sa1s99.common.format.integration.ExecuteXmlToHtmlForAmendApiByDirection.executeApi(ExecuteXmlToHtmlForAmendApiByDirection.java:26)
	at jp.go.jpo.sa1s99.common.format.integration.ExecuteXmlToHtmlForAmendApiByDirection.executeApi(ExecuteXmlToHtmlForAmendApiByDirection.java:13)
	at jp.go.jpo.sa1s99.common.format.integration.ExecuteApiByDirection.execute(ExecuteApiByDirection.java:28)
	at jp.go.jpo.sa1s99.common.format.integration.HtmlToXmlForAmendApiIntegrationTest.ファイル出力を比較する: #direction #parsedResult(HtmlToXmlForAmendApiIntegrationTest.groovy:29)
</failure>
  </testcase>
  <testcase name="ファイル出力を比較する: Direction{ s_InputDir: data/input/20101207-5.0-S-H22-0021/character-test/pat-amnd/entity-reference-test-FF, s_OutputDir: data/output/html_amend/20101207-5.0-S-H22-0021/character-test/pat-amnd/entity-reference-test-FF} null" classname="jp.go.jpo.sa1s99.common.format.integration.HtmlToXmlForAmendApiIntegrationTest" time="0.004">
    <failure message="java.lang.IllegalArgumentException: Not implemented yet" type="java.lang.IllegalArgumentException">java.lang.IllegalArgumentException: Not implemented yet
	at jp.go.jpo.sa1s99.common.format.api.XmlToHtmlForAmendApi.execute(XmlToHtmlForAmendApi.java:32)
	at jp.go.jpo.sa1s99.common.format.integration.ExecuteXmlToHtmlForAmendApiByDirection.executeApi(ExecuteXmlToHtmlForAmendApiByDirection.java:26)
	at jp.go.jpo.sa1s99.common.format.integration.ExecuteXmlToHtmlForAmendApiByDirection.executeApi(ExecuteXmlToHtmlForAmendApiByDirection.java:13)
	at jp.go.jpo.sa1s99.common.format.integration.ExecuteApiByDirection.execute(ExecuteApiByDirection.java:28)
	at jp.go.jpo.sa1s99.common.format.integration.HtmlToXmlForAmendApiIntegrationTest.ファイル出力を比較する: #direction #parsedResult(HtmlToXmlForAmendApiIntegrationTest.groovy:29)
</failure>
  </testcase>
  <testcase name="ファイル出力を比較する: Direction{ s_InputDir: data/input/20101207-5.0-S-H22-0021/character-test/pat-amnd/entity-reference-test-normal, s_OutputDir: data/output/html_amend/20101207-5.0-S-H22-0021/character-test/pat-amnd/entity-reference-test-normal} null" classname="jp.go.jpo.sa1s99.common.format.integration.HtmlToXmlForAmendApiIntegrationTest" time="0.004">
    <failure message="java.lang.IllegalArgumentException: Not implemented yet" type="java.lang.IllegalArgumentException">java.lang.IllegalArgumentException: Not implemented yet
	at jp.go.jpo.sa1s99.common.format.api.XmlToHtmlForAmendApi.execute(XmlToHtmlForAmendApi.java:32)
	at jp.go.jpo.sa1s99.common.format.integration.ExecuteXmlToHtmlForAmendApiByDirection.executeApi(ExecuteXmlToHtmlForAmendApiByDirection.java:26)
	at jp.go.jpo.sa1s99.common.format.integration.ExecuteXmlToHtmlForAmendApiByDirection.executeApi(ExecuteXmlToHtmlForAmendApiByDirection.java:13)
	at jp.go.jpo.sa1s99.common.format.integration.ExecuteApiByDirection.execute(ExecuteApiByDirection.java:28)
	at jp.go.jpo.sa1s99.common.format.integration.HtmlToXmlForAmendApiIntegrationTest.ファイル出力を比較する: #direction #parsedResult(HtmlToXmlForAmendApiIntegrationTest.groovy:29)
</failure>
  </testcase>
  <testcase name="ファイル出力を比較する: Direction{ s_InputDir: data/input/20101207-5.0-S-H22-0021/html/testSinseiSaxHandler_AppbMeisai/case1, s_OutputDir: data/output/html_amend/20101207-5.0-S-H22-0021/testSinseiSaxHandler_AppbMeisai-2-1} jp.go.jpo.sa1s99.common.format.integration.resultlog.XmlToHtmlApiParsedResult@27e7f47d" classname="jp.go.jpo.sa1s99.common.format.integration.HtmlToXmlForAmendApiIntegrationTest" time="0.0">
    <failure message="java.lang.IllegalArgumentException: Not implemented yet" type="java.lang.IllegalArgumentException">java.lang.IllegalArgumentException: Not implemented yet
	at jp.go.jpo.sa1s99.common.format.api.XmlToHtmlForAmendApi.execute(XmlToHtmlForAmendApi.java:32)
	at jp.go.jpo.sa1s99.common.format.integration.ExecuteXmlToHtmlForAmendApiByDirection.executeApi(ExecuteXmlToHtmlForAmendApiByDirection.java:26)
	at jp.go.jpo.sa1s99.common.format.integration.ExecuteXmlToHtmlForAmendApiByDirection.executeApi(ExecuteXmlToHtmlForAmendApiByDirection.java:13)
	at jp.go.jpo.sa1s99.common.format.integration.ExecuteApiByDirection.execute(ExecuteApiByDirection.java:28)
	at jp.go.jpo.sa1s99.common.format.integration.HtmlToXmlForAmendApiIntegrationTest.ファイル出力を比較する: #direction #parsedResult(HtmlToXmlForAmendApiIntegrationTest.groovy:29)
</failure>
  </testcase>
  <testcase name="ファイル出力を比較する: Direction{ s_InputDir: data/input/20101207-5.0-S-H22-0021/html/testSinseiSaxHandler_AppbMeisai/case1, s_OutputDir: data/output/html_amend/20101207-5.0-S-H22-0021/testSinseiSaxHandler_AppbMeisai-2-2} jp.go.jpo.sa1s99.common.format.integration.resultlog.XmlToHtmlApiParsedResult@759d570d" classname="jp.go.jpo.sa1s99.common.format.integration.HtmlToXmlForAmendApiIntegrationTest" time="0.0">
    <failure message="java.lang.IllegalArgumentException: Not implemented yet" type="java.lang.IllegalArgumentException">java.lang.IllegalArgumentException: Not implemented yet
	at jp.go.jpo.sa1s99.common.format.api.XmlToHtmlForAmendApi.execute(XmlToHtmlForAmendApi.java:32)
	at jp.go.jpo.sa1s99.common.format.integration.ExecuteXmlToHtmlForAmendApiByDirection.executeApi(ExecuteXmlToHtmlForAmendApiByDirection.java:26)
	at jp.go.jpo.sa1s99.common.format.integration.ExecuteXmlToHtmlForAmendApiByDirection.executeApi(ExecuteXmlToHtmlForAmendApiByDirection.java:13)
	at jp.go.jpo.sa1s99.common.format.integration.ExecuteApiByDirection.execute(ExecuteApiByDirection.java:28)
	at jp.go.jpo.sa1s99.common.format.integration.HtmlToXmlForAmendApiIntegrationTest.ファイル出力を比較する: #direction #parsedResult(HtmlToXmlForAmendApiIntegrationTest.groovy:29)
</failure>
  </testcase>
  <testcase name="ファイル出力を比較する: Direction{ s_InputDir: data/input/20101207-5.0-S-H22-0021/html/testSinseiSaxHandler_AppbMeisai/case1, s_OutputDir: data/output/html_amend/20101207-5.0-S-H22-0021/testSinseiSaxHandler_AppbMeisai-2-3} jp.go.jpo.sa1s99.common.format.integration.resultlog.XmlToHtmlApiParsedResult@57aea53b" classname="jp.go.jpo.sa1s99.common.format.integration.HtmlToXmlForAmendApiIntegrationTest" time="0.0">
    <failure message="java.lang.IllegalArgumentException: Not implemented yet" type="java.lang.IllegalArgumentException">java.lang.IllegalArgumentException: Not implemented yet
	at jp.go.jpo.sa1s99.common.format.api.XmlToHtmlForAmendApi.execute(XmlToHtmlForAmendApi.java:32)
	at jp.go.jpo.sa1s99.common.format.integration.ExecuteXmlToHtmlForAmendApiByDirection.executeApi(ExecuteXmlToHtmlForAmendApiByDirection.java:26)
	at jp.go.jpo.sa1s99.common.format.integration.ExecuteXmlToHtmlForAmendApiByDirection.executeApi(ExecuteXmlToHtmlForAmendApiByDirection.java:13)
	at jp.go.jpo.sa1s99.common.format.integration.ExecuteApiByDirection.execute(ExecuteApiByDirection.java:28)
	at jp.go.jpo.sa1s99.common.format.integration.HtmlToXmlForAmendApiIntegrationTest.ファイル出力を比較する: #direction #parsedResult(HtmlToXmlForAmendApiIntegrationTest.groovy:29)
</failure>
  </testcase>
  <testcase name="ファイル出力を比較する: Direction{ s_InputDir: data/input/20101207-5.0-S-H22-0021/html/testSinseiSaxHandler_AppbMeisai/case1, s_OutputDir: data/output/html_amend/20101207-5.0-S-H22-0021/testSinseiSaxHandler_AppbMeisai-2-4} jp.go.jpo.sa1s99.common.format.integration.resultlog.XmlToHtmlApiParsedResult@5a2ad1d6" classname="jp.go.jpo.sa1s99.common.format.integration.HtmlToXmlForAmendApiIntegrationTest" time="0.0">
    <failure message="java.lang.IllegalArgumentException: Not implemented yet" type="java.lang.IllegalArgumentException">java.lang.IllegalArgumentException: Not implemented yet
	at jp.go.jpo.sa1s99.common.format.api.XmlToHtmlForAmendApi.execute(XmlToHtmlForAmendApi.java:32)
	at jp.go.jpo.sa1s99.common.format.integration.ExecuteXmlToHtmlForAmendApiByDirection.executeApi(ExecuteXmlToHtmlForAmendApiByDirection.java:26)
	at jp.go.jpo.sa1s99.common.format.integration.ExecuteXmlToHtmlForAmendApiByDirection.executeApi(ExecuteXmlToHtmlForAmendApiByDirection.java:13)
	at jp.go.jpo.sa1s99.common.format.integration.ExecuteApiByDirection.execute(ExecuteApiByDirection.java:28)
	at jp.go.jpo.sa1s99.common.format.integration.HtmlToXmlForAmendApiIntegrationTest.ファイル出力を比較する: #direction #parsedResult(HtmlToXmlForAmendApiIntegrationTest.groovy:29)
</failure>
  </testcase>
  <testcase name="ファイル出力を比較する: Direction{ s_InputDir: data/input/20101207-5.0-S-H22-0021/html/testSinseiSaxHandler_AppbMeisai/case1, s_OutputDir: data/output/html_amend/20101207-5.0-S-H22-0021/testSinseiSaxHandler_AppbMeisai-2-5} jp.go.jpo.sa1s99.common.format.integration.resultlog.XmlToHtmlApiParsedResult@42f692f2" classname="jp.go.jpo.sa1s99.common.format.integration.HtmlToXmlForAmendApiIntegrationTest" time="0.0">
    <failure message="java.lang.IllegalArgumentException: Not implemented yet" type="java.lang.IllegalArgumentException">java.lang.IllegalArgumentException: Not implemented yet
	at jp.go.jpo.sa1s99.common.format.api.XmlToHtmlForAmendApi.execute(XmlToHtmlForAmendApi.java:32)
	at jp.go.jpo.sa1s99.common.format.integration.ExecuteXmlToHtmlForAmendApiByDirection.executeApi(ExecuteXmlToHtmlForAmendApiByDirection.java:26)
	at jp.go.jpo.sa1s99.common.format.integration.ExecuteXmlToHtmlForAmendApiByDirection.executeApi(ExecuteXmlToHtmlForAmendApiByDirection.java:13)
	at jp.go.jpo.sa1s99.common.format.integration.ExecuteApiByDirection.execute(ExecuteApiByDirection.java:28)
	at jp.go.jpo.sa1s99.common.format.integration.HtmlToXmlForAmendApiIntegrationTest.ファイル出力を比較する: #direction #parsedResult(HtmlToXmlForAmendApiIntegrationTest.groovy:29)
</failure>
  </testcase>
  <testcase name="ファイル出力を比較する: Direction{ s_InputDir: data/input/20101207-5.0-S-H22-0021/html/testSinseiSaxHandler_AppbMeisai/case1, s_OutputDir: data/output/html_amend/20101207-5.0-S-H22-0021/testSinseiSaxHandler_AppbMeisai-2-6} jp.go.jpo.sa1s99.common.format.integration.resultlog.XmlToHtmlApiParsedResult@5d4c809e" classname="jp.go.jpo.sa1s99.common.format.integration.HtmlToXmlForAmendApiIntegrationTest" time="0.0">
    <failure message="java.lang.IllegalArgumentException: Not implemented yet" type="java.lang.IllegalArgumentException">java.lang.IllegalArgumentException: Not implemented yet
	at jp.go.jpo.sa1s99.common.format.api.XmlToHtmlForAmendApi.execute(XmlToHtmlForAmendApi.java:32)
	at jp.go.jpo.sa1s99.common.format.integration.ExecuteXmlToHtmlForAmendApiByDirection.executeApi(ExecuteXmlToHtmlForAmendApiByDirection.java:26)
	at jp.go.jpo.sa1s99.common.format.integration.ExecuteXmlToHtmlForAmendApiByDirection.executeApi(ExecuteXmlToHtmlForAmendApiByDirection.java:13)
	at jp.go.jpo.sa1s99.common.format.integration.ExecuteApiByDirection.execute(ExecuteApiByDirection.java:28)
	at jp.go.jpo.sa1s99.common.format.integration.HtmlToXmlForAmendApiIntegrationTest.ファイル出力を比較する: #direction #parsedResult(HtmlToXmlForAmendApiIntegrationTest.groovy:29)
</failure>
  </testcase>
  <testcase name="ファイル出力を比較する: Direction{ s_InputDir: data/input/20101207-5.0-S-H22-0021/html/testSinseiSaxHandler_AppbMeisai/case1, s_OutputDir: data/output/html_amend/20101207-5.0-S-H22-0021/testSinseiSaxHandler_AppbMeisai-2-7} jp.go.jpo.sa1s99.common.format.integration.resultlog.XmlToHtmlApiParsedResult@7fe96171" classname="jp.go.jpo.sa1s99.common.format.integration.HtmlToXmlForAmendApiIntegrationTest" time="0.0">
    <failure message="java.lang.IllegalArgumentException: Not implemented yet" type="java.lang.IllegalArgumentException">java.lang.IllegalArgumentException: Not implemented yet
	at jp.go.jpo.sa1s99.common.format.api.XmlToHtmlForAmendApi.execute(XmlToHtmlForAmendApi.java:32)
	at jp.go.jpo.sa1s99.common.format.integration.ExecuteXmlToHtmlForAmendApiByDirection.executeApi(ExecuteXmlToHtmlForAmendApiByDirection.java:26)
	at jp.go.jpo.sa1s99.common.format.integration.ExecuteXmlToHtmlForAmendApiByDirection.executeApi(ExecuteXmlToHtmlForAmendApiByDirection.java:13)
	at jp.go.jpo.sa1s99.common.format.integration.ExecuteApiByDirection.execute(ExecuteApiByDirection.java:28)
	at jp.go.jpo.sa1s99.common.format.integration.HtmlToXmlForAmendApiIntegrationTest.ファイル出力を比較する: #direction #parsedResult(HtmlToXmlForAmendApiIntegrationTest.groovy:29)
</failure>
  </testcase>
  <testcase name="ファイル出力を比較する: Direction{ s_InputDir: data/input/20101207-5.0-S-H22-0021/html/testSinseiSaxHandler_AppbMeisai/case1, s_OutputDir: data/output/html_amend/20101207-5.0-S-H22-0021/testSinseiSaxHandler_AppbMeisai-3-1} jp.go.jpo.sa1s99.common.format.integration.resultlog.XmlToHtmlApiParsedResult@73c1bb3b" classname="jp.go.jpo.sa1s99.common.format.integration.HtmlToXmlForAmendApiIntegrationTest" time="0.0">
    <failure message="java.lang.IllegalArgumentException: Not implemented yet" type="java.lang.IllegalArgumentException">java.lang.IllegalArgumentException: Not implemented yet
	at jp.go.jpo.sa1s99.common.format.api.XmlToHtmlForAmendApi.execute(XmlToHtmlForAmendApi.java:32)
	at jp.go.jpo.sa1s99.common.format.integration.ExecuteXmlToHtmlForAmendApiByDirection.executeApi(ExecuteXmlToHtmlForAmendApiByDirection.java:26)
	at jp.go.jpo.sa1s99.common.format.integration.ExecuteXmlToHtmlForAmendApiByDirection.executeApi(ExecuteXmlToHtmlForAmendApiByDirection.java:13)
	at jp.go.jpo.sa1s99.common.format.integration.ExecuteApiByDirection.execute(ExecuteApiByDirection.java:28)
	at jp.go.jpo.sa1s99.common.format.integration.HtmlToXmlForAmendApiIntegrationTest.ファイル出力を比較する: #direction #parsedResult(HtmlToXmlForAmendApiIntegrationTest.groovy:29)
</failure>
  </testcase>
  <testcase name="ファイル出力を比較する: Direction{ s_InputDir: data/input/20101207-5.0-S-H22-0021/html/testSinseiSaxHandler_AppbMeisai/case1, s_OutputDir: data/output/html_amend/20101207-5.0-S-H22-0021/testSinseiSaxHandler_AppbMeisai-3-2} jp.go.jpo.sa1s99.common.format.integration.resultlog.XmlToHtmlApiParsedResult@556d6b3" classname="jp.go.jpo.sa1s99.common.format.integration.HtmlToXmlForAmendApiIntegrationTest" time="0.0">
    <failure message="java.lang.IllegalArgumentException: Not implemented yet" type="java.lang.IllegalArgumentException">java.lang.IllegalArgumentException: Not implemented yet
	at jp.go.jpo.sa1s99.common.format.api.XmlToHtmlForAmendApi.execute(XmlToHtmlForAmendApi.java:32)
	at jp.go.jpo.sa1s99.common.format.integration.ExecuteXmlToHtmlForAmendApiByDirection.executeApi(ExecuteXmlToHtmlForAmendApiByDirection.java:26)
	at jp.go.jpo.sa1s99.common.format.integration.ExecuteXmlToHtmlForAmendApiByDirection.executeApi(ExecuteXmlToHtmlForAmendApiByDirection.java:13)
	at jp.go.jpo.sa1s99.common.format.integration.ExecuteApiByDirection.execute(ExecuteApiByDirection.java:28)
	at jp.go.jpo.sa1s99.common.format.integration.HtmlToXmlForAmendApiIntegrationTest.ファイル出力を比較する: #direction #parsedResult(HtmlToXmlForAmendApiIntegrationTest.groovy:29)
</failure>
  </testcase>
  <testcase name="ファイル出力を比較する: Direction{ s_InputDir: data/input/20101207-5.0-S-H22-0021/html/testSinseiSaxHandler_AppbMeisai/case1, s_OutputDir: data/output/html_amend/20101207-5.0-S-H22-0021/testSinseiSaxHandler_AppbMeisai-4-1} jp.go.jpo.sa1s99.common.format.integration.resultlog.XmlToHtmlApiParsedResult@3ca7fef7" classname="jp.go.jpo.sa1s99.common.format.integration.HtmlToXmlForAmendApiIntegrationTest" time="0.0">
    <failure message="java.lang.IllegalArgumentException: Not implemented yet" type="java.lang.IllegalArgumentException">java.lang.IllegalArgumentException: Not implemented yet
	at jp.go.jpo.sa1s99.common.format.api.XmlToHtmlForAmendApi.execute(XmlToHtmlForAmendApi.java:32)
	at jp.go.jpo.sa1s99.common.format.integration.ExecuteXmlToHtmlForAmendApiByDirection.executeApi(ExecuteXmlToHtmlForAmendApiByDirection.java:26)
	at jp.go.jpo.sa1s99.common.format.integration.ExecuteXmlToHtmlForAmendApiByDirection.executeApi(ExecuteXmlToHtmlForAmendApiByDirection.java:13)
	at jp.go.jpo.sa1s99.common.format.integration.ExecuteApiByDirection.execute(ExecuteApiByDirection.java:28)
	at jp.go.jpo.sa1s99.common.format.integration.HtmlToXmlForAmendApiIntegrationTest.ファイル出力を比較する: #direction #parsedResult(HtmlToXmlForAmendApiIntegrationTest.groovy:29)
</failure>
  </testcase>
  <testcase name="ファイル出力を比較する: Direction{ s_InputDir: data/input/20101207-5.0-S-H22-0021/html/testSinseiSaxHandler_AppbMeisai/case1, s_OutputDir: data/output/html_amend/20101207-5.0-S-H22-0021/testSinseiSaxHandler_AppbMeisai-4-2} jp.go.jpo.sa1s99.common.format.integration.resultlog.XmlToHtmlApiParsedResult@8f1f2fb" classname="jp.go.jpo.sa1s99.common.format.integration.HtmlToXmlForAmendApiIntegrationTest" time="0.0">
    <failure message="java.lang.IllegalArgumentException: Not implemented yet" type="java.lang.IllegalArgumentException">java.lang.IllegalArgumentException: Not implemented yet
	at jp.go.jpo.sa1s99.common.format.api.XmlToHtmlForAmendApi.execute(XmlToHtmlForAmendApi.java:32)
	at jp.go.jpo.sa1s99.common.format.integration.ExecuteXmlToHtmlForAmendApiByDirection.executeApi(ExecuteXmlToHtmlForAmendApiByDirection.java:26)
	at jp.go.jpo.sa1s99.common.format.integration.ExecuteXmlToHtmlForAmendApiByDirection.executeApi(ExecuteXmlToHtmlForAmendApiByDirection.java:13)
	at jp.go.jpo.sa1s99.common.format.integration.ExecuteApiByDirection.execute(ExecuteApiByDirection.java:28)
	at jp.go.jpo.sa1s99.common.format.integration.HtmlToXmlForAmendApiIntegrationTest.ファイル出力を比較する: #direction #parsedResult(HtmlToXmlForAmendApiIntegrationTest.groovy:29)
</failure>
  </testcase>
  <testcase name="ファイル出力を比較する: Direction{ s_InputDir: data/input/20101207-5.0-S-H22-0021/html/testSinseiSaxHandler_AppbMeisai/case1, s_OutputDir: data/output/html_amend/20101207-5.0-S-H22-0021/testSinseiSaxHandler_AppbMeisai-5-1} jp.go.jpo.sa1s99.common.format.integration.resultlog.XmlToHtmlApiParsedResult@769798bd" classname="jp.go.jpo.sa1s99.common.format.integration.HtmlToXmlForAmendApiIntegrationTest" time="0.0">
    <failure message="java.lang.IllegalArgumentException: Not implemented yet" type="java.lang.IllegalArgumentException">java.lang.IllegalArgumentException: Not implemented yet
	at jp.go.jpo.sa1s99.common.format.api.XmlToHtmlForAmendApi.execute(XmlToHtmlForAmendApi.java:32)
	at jp.go.jpo.sa1s99.common.format.integration.ExecuteXmlToHtmlForAmendApiByDirection.executeApi(ExecuteXmlToHtmlForAmendApiByDirection.java:26)
	at jp.go.jpo.sa1s99.common.format.integration.ExecuteXmlToHtmlForAmendApiByDirection.executeApi(ExecuteXmlToHtmlForAmendApiByDirection.java:13)
	at jp.go.jpo.sa1s99.common.format.integration.ExecuteApiByDirection.execute(ExecuteApiByDirection.java:28)
	at jp.go.jpo.sa1s99.common.format.integration.HtmlToXmlForAmendApiIntegrationTest.ファイル出力を比較する: #direction #parsedResult(HtmlToXmlForAmendApiIntegrationTest.groovy:29)
</failure>
  </testcase>
  <testcase name="ファイル出力を比較する: Direction{ s_InputDir: NULL, s_OutputDir: data/output/html_amend/20101207-5.0-S-H22-0021/testSinseiSaxHandler_AppbMeisai-5-2} null" classname="jp.go.jpo.sa1s99.common.format.integration.HtmlToXmlForAmendApiIntegrationTest" time="0.0">
    <failure message="java.lang.IllegalArgumentException" type="java.lang.IllegalArgumentException">java.lang.IllegalArgumentException
	at jp.go.jpo.sa1s99.common.format.api.XmlToHtmlForAmendApi.execute(XmlToHtmlForAmendApi.java:27)
	at jp.go.jpo.sa1s99.common.format.integration.ExecuteXmlToHtmlForAmendApiByDirection.executeApi(ExecuteXmlToHtmlForAmendApiByDirection.java:26)
	at jp.go.jpo.sa1s99.common.format.integration.ExecuteXmlToHtmlForAmendApiByDirection.executeApi(ExecuteXmlToHtmlForAmendApiByDirection.java:13)
	at jp.go.jpo.sa1s99.common.format.integration.ExecuteApiByDirection.execute(ExecuteApiByDirection.java:28)
	at jp.go.jpo.sa1s99.common.format.integration.HtmlToXmlForAmendApiIntegrationTest.ファイル出力を比較する: #direction #parsedResult(HtmlToXmlForAmendApiIntegrationTest.groovy:29)
</failure>
  </testcase>
  <testcase name="ファイル出力を比較する: Direction{ s_InputDir: data/input/20101207-5.0-S-H22-0021/html/testSinseiSaxHandler_AppbMeisai/case1_error, s_OutputDir: data/output/html_amend/20101207-5.0-S-H22-0021/testSinseiSaxHandler_AppbMeisai-5-3} null" classname="jp.go.jpo.sa1s99.common.format.integration.HtmlToXmlForAmendApiIntegrationTest" time="0.0">
    <failure message="java.lang.IllegalArgumentException" type="java.lang.IllegalArgumentException">java.lang.IllegalArgumentException
	at jp.go.jpo.sa1s99.common.format.api.XmlToHtmlForAmendApi.execute(XmlToHtmlForAmendApi.java:27)
	at jp.go.jpo.sa1s99.common.format.integration.ExecuteXmlToHtmlForAmendApiByDirection.executeApi(ExecuteXmlToHtmlForAmendApiByDirection.java:26)
	at jp.go.jpo.sa1s99.common.format.integration.ExecuteXmlToHtmlForAmendApiByDirection.executeApi(ExecuteXmlToHtmlForAmendApiByDirection.java:13)
	at jp.go.jpo.sa1s99.common.format.integration.ExecuteApiByDirection.execute(ExecuteApiByDirection.java:28)
	at jp.go.jpo.sa1s99.common.format.integration.HtmlToXmlForAmendApiIntegrationTest.ファイル出力を比較する: #direction #parsedResult(HtmlToXmlForAmendApiIntegrationTest.groovy:29)
</failure>
  </testcase>
  <testcase name="ファイル出力を比較する: Direction{ s_InputDir: data/input/20101207-5.0-S-H22-0021/html/testSinseiSaxHandler_AppbMeisai/case1, s_OutputDir: data/output/html_amend/20101207-5.0-S-H22-0021/testSinseiSaxHandler_AppbMeisai-6-1} jp.go.jpo.sa1s99.common.format.integration.resultlog.XmlToHtmlApiParsedResult@45472b92" classname="jp.go.jpo.sa1s99.common.format.integration.HtmlToXmlForAmendApiIntegrationTest" time="0.0">
    <failure message="java.lang.IllegalArgumentException: Not implemented yet" type="java.lang.IllegalArgumentException">java.lang.IllegalArgumentException: Not implemented yet
	at jp.go.jpo.sa1s99.common.format.api.XmlToHtmlForAmendApi.execute(XmlToHtmlForAmendApi.java:32)
	at jp.go.jpo.sa1s99.common.format.integration.ExecuteXmlToHtmlForAmendApiByDirection.executeApi(ExecuteXmlToHtmlForAmendApiByDirection.java:26)
	at jp.go.jpo.sa1s99.common.format.integration.ExecuteXmlToHtmlForAmendApiByDirection.executeApi(ExecuteXmlToHtmlForAmendApiByDirection.java:13)
	at jp.go.jpo.sa1s99.common.format.integration.ExecuteApiByDirection.execute(ExecuteApiByDirection.java:28)
	at jp.go.jpo.sa1s99.common.format.integration.HtmlToXmlForAmendApiIntegrationTest.ファイル出力を比較する: #direction #parsedResult(HtmlToXmlForAmendApiIntegrationTest.groovy:29)
</failure>
  </testcase>
  <testcase name="ファイル出力を比較する: Direction{ s_InputDir: data/input/20101207-5.0-S-H22-0021/html/testSinseiSaxHandler_AppbMeisai/case1, s_OutputDir: NULL} jp.go.jpo.sa1s99.common.format.integration.resultlog.XmlToHtmlApiParsedResult@4614258b" classname="jp.go.jpo.sa1s99.common.format.integration.HtmlToXmlForAmendApiIntegrationTest" time="0.0">
    <failure message="java.lang.IllegalArgumentException: Not implemented yet" type="java.lang.IllegalArgumentException">java.lang.IllegalArgumentException: Not implemented yet
	at jp.go.jpo.sa1s99.common.format.api.XmlToHtmlForAmendApi.execute(XmlToHtmlForAmendApi.java:32)
	at jp.go.jpo.sa1s99.common.format.integration.ExecuteXmlToHtmlForAmendApiByDirection.executeApi(ExecuteXmlToHtmlForAmendApiByDirection.java:26)
	at jp.go.jpo.sa1s99.common.format.integration.ExecuteXmlToHtmlForAmendApiByDirection.executeApi(ExecuteXmlToHtmlForAmendApiByDirection.java:13)
	at jp.go.jpo.sa1s99.common.format.integration.ExecuteApiByDirection.execute(ExecuteApiByDirection.java:28)
	at jp.go.jpo.sa1s99.common.format.integration.HtmlToXmlForAmendApiIntegrationTest.ファイル出力を比較する: #direction #parsedResult(HtmlToXmlForAmendApiIntegrationTest.groovy:29)
</failure>
  </testcase>
  <testcase name="ファイル出力を比較する: Direction{ s_InputDir: data/input/20101207-5.0-S-H22-0021/html/testSinseiSaxHandler_AppbMeisai/case1, s_OutputDir: data/output/html_amend/20101207-5.0-S-H22-0021/testSinseiSaxHandler_AppbMeisai-error} jp.go.jpo.sa1s99.common.format.integration.resultlog.XmlToHtmlApiParsedResult@41757198" classname="jp.go.jpo.sa1s99.common.format.integration.HtmlToXmlForAmendApiIntegrationTest" time="0.0">
    <failure message="java.lang.IllegalArgumentException: Not implemented yet" type="java.lang.IllegalArgumentException">java.lang.IllegalArgumentException: Not implemented yet
	at jp.go.jpo.sa1s99.common.format.api.XmlToHtmlForAmendApi.execute(XmlToHtmlForAmendApi.java:32)
	at jp.go.jpo.sa1s99.common.format.integration.ExecuteXmlToHtmlForAmendApiByDirection.executeApi(ExecuteXmlToHtmlForAmendApiByDirection.java:26)
	at jp.go.jpo.sa1s99.common.format.integration.ExecuteXmlToHtmlForAmendApiByDirection.executeApi(ExecuteXmlToHtmlForAmendApiByDirection.java:13)
	at jp.go.jpo.sa1s99.common.format.integration.ExecuteApiByDirection.execute(ExecuteApiByDirection.java:28)
	at jp.go.jpo.sa1s99.common.format.integration.HtmlToXmlForAmendApiIntegrationTest.ファイル出力を比較する: #direction #parsedResult(HtmlToXmlForAmendApiIntegrationTest.groovy:29)
</failure>
  </testcase>
  <testcase name="ファイル出力を比較する: Direction{ s_InputDir: data/input/20101207-5.0-S-H22-0021/html/testSinseiSaxHandler_AppbMeisai/case1, s_OutputDir: data/output/html_amend/20101207-5.0-S-H22-0021/testSinseiSaxHandler_AppbMeisai-10-1} jp.go.jpo.sa1s99.common.format.integration.resultlog.XmlToHtmlApiParsedResult@b6d4b7b" classname="jp.go.jpo.sa1s99.common.format.integration.HtmlToXmlForAmendApiIntegrationTest" time="0.0">
    <failure message="java.lang.IllegalArgumentException: Not implemented yet" type="java.lang.IllegalArgumentException">java.lang.IllegalArgumentException: Not implemented yet
	at jp.go.jpo.sa1s99.common.format.api.XmlToHtmlForAmendApi.execute(XmlToHtmlForAmendApi.java:32)
	at jp.go.jpo.sa1s99.common.format.integration.ExecuteXmlToHtmlForAmendApiByDirection.executeApi(ExecuteXmlToHtmlForAmendApiByDirection.java:26)
	at jp.go.jpo.sa1s99.common.format.integration.ExecuteXmlToHtmlForAmendApiByDirection.executeApi(ExecuteXmlToHtmlForAmendApiByDirection.java:13)
	at jp.go.jpo.sa1s99.common.format.integration.ExecuteApiByDirection.execute(ExecuteApiByDirection.java:28)
	at jp.go.jpo.sa1s99.common.format.integration.HtmlToXmlForAmendApiIntegrationTest.ファイル出力を比較する: #direction #parsedResult(HtmlToXmlForAmendApiIntegrationTest.groovy:29)
</failure>
  </testcase>
  <testcase name="ファイル出力を比較する: Direction{ s_InputDir: data/input/20101207-5.0-S-H22-0021/html/testSinseiSaxHandler_AppbMeisai/case1, s_OutputDir: data/output/html_amend/20101207-5.0-S-H22-0021/testSinseiSaxHandler_AppbMeisai-10-2} jp.go.jpo.sa1s99.common.format.integration.resultlog.XmlToHtmlApiParsedResult@778afa3f" classname="jp.go.jpo.sa1s99.common.format.integration.HtmlToXmlForAmendApiIntegrationTest" time="0.0">
    <failure message="java.lang.IllegalArgumentException: Not implemented yet" type="java.lang.IllegalArgumentException">java.lang.IllegalArgumentException: Not implemented yet
	at jp.go.jpo.sa1s99.common.format.api.XmlToHtmlForAmendApi.execute(XmlToHtmlForAmendApi.java:32)
	at jp.go.jpo.sa1s99.common.format.integration.ExecuteXmlToHtmlForAmendApiByDirection.executeApi(ExecuteXmlToHtmlForAmendApiByDirection.java:26)
	at jp.go.jpo.sa1s99.common.format.integration.ExecuteXmlToHtmlForAmendApiByDirection.executeApi(ExecuteXmlToHtmlForAmendApiByDirection.java:13)
	at jp.go.jpo.sa1s99.common.format.integration.ExecuteApiByDirection.execute(ExecuteApiByDirection.java:28)
	at jp.go.jpo.sa1s99.common.format.integration.HtmlToXmlForAmendApiIntegrationTest.ファイル出力を比較する: #direction #parsedResult(HtmlToXmlForAmendApiIntegrationTest.groovy:29)
</failure>
  </testcase>
  <testcase name="ファイル出力を比較する: Direction{ s_InputDir: data/input/20101207-5.0-S-H22-0021/html/testSinseiSaxHandler_AppbMeisai/case1, s_OutputDir: data/output/html_amend/20101207-5.0-S-H22-0021/testSinseiSaxHandler_AppbMeisai-11-1} jp.go.jpo.sa1s99.common.format.integration.resultlog.XmlToHtmlApiParsedResult@10d5b138" classname="jp.go.jpo.sa1s99.common.format.integration.HtmlToXmlForAmendApiIntegrationTest" time="0.0">
    <failure message="java.lang.IllegalArgumentException: Not implemented yet" type="java.lang.IllegalArgumentException">java.lang.IllegalArgumentException: Not implemented yet
	at jp.go.jpo.sa1s99.common.format.api.XmlToHtmlForAmendApi.execute(XmlToHtmlForAmendApi.java:32)
	at jp.go.jpo.sa1s99.common.format.integration.ExecuteXmlToHtmlForAmendApiByDirection.executeApi(ExecuteXmlToHtmlForAmendApiByDirection.java:26)
	at jp.go.jpo.sa1s99.common.format.integration.ExecuteXmlToHtmlForAmendApiByDirection.executeApi(ExecuteXmlToHtmlForAmendApiByDirection.java:13)
	at jp.go.jpo.sa1s99.common.format.integration.ExecuteApiByDirection.execute(ExecuteApiByDirection.java:28)
	at jp.go.jpo.sa1s99.common.format.integration.HtmlToXmlForAmendApiIntegrationTest.ファイル出力を比較する: #direction #parsedResult(HtmlToXmlForAmendApiIntegrationTest.groovy:29)
</failure>
  </testcase>
  <testcase name="ファイル出力を比較する: Direction{ s_InputDir: data/input/20101207-5.0-S-H22-0021/html/testSinseiSaxHandler_AppbMeisai/case1, s_OutputDir: data/output/html_amend/20101207-5.0-S-H22-0021/testSinseiSaxHandler_AppbMeisai-11-2} jp.go.jpo.sa1s99.common.format.integration.resultlog.XmlToHtmlApiParsedResult@7a46fb0b" classname="jp.go.jpo.sa1s99.common.format.integration.HtmlToXmlForAmendApiIntegrationTest" time="0.0">
    <failure message="java.lang.IllegalArgumentException: Not implemented yet" type="java.lang.IllegalArgumentException">java.lang.IllegalArgumentException: Not implemented yet
	at jp.go.jpo.sa1s99.common.format.api.XmlToHtmlForAmendApi.execute(XmlToHtmlForAmendApi.java:32)
	at jp.go.jpo.sa1s99.common.format.integration.ExecuteXmlToHtmlForAmendApiByDirection.executeApi(ExecuteXmlToHtmlForAmendApiByDirection.java:26)
	at jp.go.jpo.sa1s99.common.format.integration.ExecuteXmlToHtmlForAmendApiByDirection.executeApi(ExecuteXmlToHtmlForAmendApiByDirection.java:13)
	at jp.go.jpo.sa1s99.common.format.integration.ExecuteApiByDirection.execute(ExecuteApiByDirection.java:28)
	at jp.go.jpo.sa1s99.common.format.integration.HtmlToXmlForAmendApiIntegrationTest.ファイル出力を比較する: #direction #parsedResult(HtmlToXmlForAmendApiIntegrationTest.groovy:29)
</failure>
  </testcase>
  <testcase name="ファイル出力を比較する: Direction{ s_InputDir: data/input/20101207-5.0-S-H22-0021/html/testSinseiSaxHandler_AppbMeisai/case1, s_OutputDir: data/output/html_amend/20101207-5.0-S-H22-0021/testSinseiSaxHandler_AppbMeisai-12-1} jp.go.jpo.sa1s99.common.format.integration.resultlog.XmlToHtmlApiParsedResult@1b9151ab" classname="jp.go.jpo.sa1s99.common.format.integration.HtmlToXmlForAmendApiIntegrationTest" time="0.0">
    <failure message="java.lang.IllegalArgumentException: Not implemented yet" type="java.lang.IllegalArgumentException">java.lang.IllegalArgumentException: Not implemented yet
	at jp.go.jpo.sa1s99.common.format.api.XmlToHtmlForAmendApi.execute(XmlToHtmlForAmendApi.java:32)
	at jp.go.jpo.sa1s99.common.format.integration.ExecuteXmlToHtmlForAmendApiByDirection.executeApi(ExecuteXmlToHtmlForAmendApiByDirection.java:26)
	at jp.go.jpo.sa1s99.common.format.integration.ExecuteXmlToHtmlForAmendApiByDirection.executeApi(ExecuteXmlToHtmlForAmendApiByDirection.java:13)
	at jp.go.jpo.sa1s99.common.format.integration.ExecuteApiByDirection.execute(ExecuteApiByDirection.java:28)
	at jp.go.jpo.sa1s99.common.format.integration.HtmlToXmlForAmendApiIntegrationTest.ファイル出力を比較する: #direction #parsedResult(HtmlToXmlForAmendApiIntegrationTest.groovy:29)
</failure>
  </testcase>
  <testcase name="ファイル出力を比較する: Direction{ s_InputDir: data/input/20101207-5.0-S-H22-0021/html/testSinseiSaxHandler_AppbMeisai/case1, s_OutputDir: data/output/html_amend/20101207-5.0-S-H22-0021/testSinseiSaxHandler_AppbMeisai-12-2} jp.go.jpo.sa1s99.common.format.integration.resultlog.XmlToHtmlApiParsedResult@3bea1be4" classname="jp.go.jpo.sa1s99.common.format.integration.HtmlToXmlForAmendApiIntegrationTest" time="0.0">
    <failure message="java.lang.IllegalArgumentException: Not implemented yet" type="java.lang.IllegalArgumentException">java.lang.IllegalArgumentException: Not implemented yet
	at jp.go.jpo.sa1s99.common.format.api.XmlToHtmlForAmendApi.execute(XmlToHtmlForAmendApi.java:32)
	at jp.go.jpo.sa1s99.common.format.integration.ExecuteXmlToHtmlForAmendApiByDirection.executeApi(ExecuteXmlToHtmlForAmendApiByDirection.java:26)
	at jp.go.jpo.sa1s99.common.format.integration.ExecuteXmlToHtmlForAmendApiByDirection.executeApi(ExecuteXmlToHtmlForAmendApiByDirection.java:13)
	at jp.go.jpo.sa1s99.common.format.integration.ExecuteApiByDirection.execute(ExecuteApiByDirection.java:28)
	at jp.go.jpo.sa1s99.common.format.integration.HtmlToXmlForAmendApiIntegrationTest.ファイル出力を比較する: #direction #parsedResult(HtmlToXmlForAmendApiIntegrationTest.groovy:29)
</failure>
  </testcase>
  <testcase name="ファイル出力を比較する: Direction{ s_InputDir: data/input/20101207-5.0-S-H22-0021/html/testSinseiSaxHandler_AppbMeisai/case1, s_OutputDir: data/output/html_amend/20101207-5.0-S-H22-0021/testSinseiSaxHandler_AppbMeisai-13-1} jp.go.jpo.sa1s99.common.format.integration.resultlog.XmlToHtmlApiParsedResult@60b21d0" classname="jp.go.jpo.sa1s99.common.format.integration.HtmlToXmlForAmendApiIntegrationTest" time="0.0">
    <failure message="java.lang.IllegalArgumentException: Not implemented yet" type="java.lang.IllegalArgumentException">java.lang.IllegalArgumentException: Not implemented yet
	at jp.go.jpo.sa1s99.common.format.api.XmlToHtmlForAmendApi.execute(XmlToHtmlForAmendApi.java:32)
	at jp.go.jpo.sa1s99.common.format.integration.ExecuteXmlToHtmlForAmendApiByDirection.executeApi(ExecuteXmlToHtmlForAmendApiByDirection.java:26)
	at jp.go.jpo.sa1s99.common.format.integration.ExecuteXmlToHtmlForAmendApiByDirection.executeApi(ExecuteXmlToHtmlForAmendApiByDirection.java:13)
	at jp.go.jpo.sa1s99.common.format.integration.ExecuteApiByDirection.execute(ExecuteApiByDirection.java:28)
	at jp.go.jpo.sa1s99.common.format.integration.HtmlToXmlForAmendApiIntegrationTest.ファイル出力を比較する: #direction #parsedResult(HtmlToXmlForAmendApiIntegrationTest.groovy:29)
</failure>
  </testcase>
  <testcase name="ファイル出力を比較する: Direction{ s_InputDir: data/input/20101207-5.0-S-H22-0021/html/testSinseiSaxHandler_AppbMeisai/case1, s_OutputDir: data/output/html_amend/20101207-5.0-S-H22-0021/testSinseiSaxHandler_AppbMeisai-13-2} jp.go.jpo.sa1s99.common.format.integration.resultlog.XmlToHtmlApiParsedResult@4bd81cb9" classname="jp.go.jpo.sa1s99.common.format.integration.HtmlToXmlForAmendApiIntegrationTest" time="0.0">
    <failure message="java.lang.IllegalArgumentException: Not implemented yet" type="java.lang.IllegalArgumentException">java.lang.IllegalArgumentException: Not implemented yet
	at jp.go.jpo.sa1s99.common.format.api.XmlToHtmlForAmendApi.execute(XmlToHtmlForAmendApi.java:32)
	at jp.go.jpo.sa1s99.common.format.integration.ExecuteXmlToHtmlForAmendApiByDirection.executeApi(ExecuteXmlToHtmlForAmendApiByDirection.java:26)
	at jp.go.jpo.sa1s99.common.format.integration.ExecuteXmlToHtmlForAmendApiByDirection.executeApi(ExecuteXmlToHtmlForAmendApiByDirection.java:13)
	at jp.go.jpo.sa1s99.common.format.integration.ExecuteApiByDirection.execute(ExecuteApiByDirection.java:28)
	at jp.go.jpo.sa1s99.common.format.integration.HtmlToXmlForAmendApiIntegrationTest.ファイル出力を比較する: #direction #parsedResult(HtmlToXmlForAmendApiIntegrationTest.groovy:29)
</failure>
  </testcase>
  <testcase name="ファイル出力を比較する: Direction{ s_InputDir: data/input/20101207-5.0-S-H22-0021/html/testSinseiSaxHandler_AppbMeisai/case1, s_OutputDir: data/output/html_amend/20101207-5.0-S-H22-0021/testSinseiSaxHandler_AppbMeisai-14-1} jp.go.jpo.sa1s99.common.format.integration.resultlog.XmlToHtmlApiParsedResult@5ad50060" classname="jp.go.jpo.sa1s99.common.format.integration.HtmlToXmlForAmendApiIntegrationTest" time="0.0">
    <failure message="java.lang.IllegalArgumentException: Not implemented yet" type="java.lang.IllegalArgumentException">java.lang.IllegalArgumentException: Not implemented yet
	at jp.go.jpo.sa1s99.common.format.api.XmlToHtmlForAmendApi.execute(XmlToHtmlForAmendApi.java:32)
	at jp.go.jpo.sa1s99.common.format.integration.ExecuteXmlToHtmlForAmendApiByDirection.executeApi(ExecuteXmlToHtmlForAmendApiByDirection.java:26)
	at jp.go.jpo.sa1s99.common.format.integration.ExecuteXmlToHtmlForAmendApiByDirection.executeApi(ExecuteXmlToHtmlForAmendApiByDirection.java:13)
	at jp.go.jpo.sa1s99.common.format.integration.ExecuteApiByDirection.execute(ExecuteApiByDirection.java:28)
	at jp.go.jpo.sa1s99.common.format.integration.HtmlToXmlForAmendApiIntegrationTest.ファイル出力を比較する: #direction #parsedResult(HtmlToXmlForAmendApiIntegrationTest.groovy:29)
</failure>
  </testcase>
  <testcase name="ファイル出力を比較する: Direction{ s_InputDir: data/input/20101207-5.0-S-H22-0021/html/testSinseiSaxHandler_AppbMeisai/case1, s_OutputDir: data/output/html_amend/20101207-5.0-S-H22-0021/testSinseiSaxHandler_AppbMeisai-14-2} jp.go.jpo.sa1s99.common.format.integration.resultlog.XmlToHtmlApiParsedResult@310b05e5" classname="jp.go.jpo.sa1s99.common.format.integration.HtmlToXmlForAmendApiIntegrationTest" time="0.0">
    <failure message="java.lang.IllegalArgumentException" type="java.lang.IllegalArgumentException">java.lang.IllegalArgumentException
	at jp.go.jpo.sa1s99.common.format.api.XmlToHtmlForAmendApi.execute(XmlToHtmlForAmendApi.java:27)
	at jp.go.jpo.sa1s99.common.format.integration.ExecuteXmlToHtmlForAmendApiByDirection.executeApi(ExecuteXmlToHtmlForAmendApiByDirection.java:26)
	at jp.go.jpo.sa1s99.common.format.integration.ExecuteXmlToHtmlForAmendApiByDirection.executeApi(ExecuteXmlToHtmlForAmendApiByDirection.java:13)
	at jp.go.jpo.sa1s99.common.format.integration.ExecuteApiByDirection.execute(ExecuteApiByDirection.java:28)
	at jp.go.jpo.sa1s99.common.format.integration.HtmlToXmlForAmendApiIntegrationTest.ファイル出力を比較する: #direction #parsedResult(HtmlToXmlForAmendApiIntegrationTest.groovy:29)
</failure>
  </testcase>
  <testcase name="ファイル出力を比較する: Direction{ s_InputDir: data/input/20101207-5.0-S-H22-0021/html/testSinseiSaxHandler_AppbMeisai/case1, s_OutputDir: data/output/html_amend/20101207-5.0-S-H22-0021/testSinseiSaxHandler_AppbMeisai-14-3} jp.go.jpo.sa1s99.common.format.integration.resultlog.XmlToHtmlApiParsedResult@6e51b7b5" classname="jp.go.jpo.sa1s99.common.format.integration.HtmlToXmlForAmendApiIntegrationTest" time="0.0">
    <failure message="java.lang.IllegalArgumentException" type="java.lang.IllegalArgumentException">java.lang.IllegalArgumentException
	at jp.go.jpo.sa1s99.common.format.api.XmlToHtmlForAmendApi.execute(XmlToHtmlForAmendApi.java:27)
	at jp.go.jpo.sa1s99.common.format.integration.ExecuteXmlToHtmlForAmendApiByDirection.executeApi(ExecuteXmlToHtmlForAmendApiByDirection.java:26)
	at jp.go.jpo.sa1s99.common.format.integration.ExecuteXmlToHtmlForAmendApiByDirection.executeApi(ExecuteXmlToHtmlForAmendApiByDirection.java:13)
	at jp.go.jpo.sa1s99.common.format.integration.ExecuteApiByDirection.execute(ExecuteApiByDirection.java:28)
	at jp.go.jpo.sa1s99.common.format.integration.HtmlToXmlForAmendApiIntegrationTest.ファイル出力を比較する: #direction #parsedResult(HtmlToXmlForAmendApiIntegrationTest.groovy:29)
</failure>
  </testcase>
  <testcase name="ファイル出力を比較する: Direction{ s_InputDir: data/input/All-Format_append/mem-pte1/01-domestic-document-a903001-p1, s_OutputDir: data/output/html_amend/20101207-5.0-S-H22-0021/mem-pte1-30-1} null" classname="jp.go.jpo.sa1s99.common.format.integration.HtmlToXmlForAmendApiIntegrationTest" time="0.016">
    <failure message="java.lang.IllegalArgumentException: Not implemented yet" type="java.lang.IllegalArgumentException">java.lang.IllegalArgumentException: Not implemented yet
	at jp.go.jpo.sa1s99.common.format.api.XmlToHtmlForAmendApi.execute(XmlToHtmlForAmendApi.java:32)
	at jp.go.jpo.sa1s99.common.format.integration.ExecuteXmlToHtmlForAmendApiByDirection.executeApi(ExecuteXmlToHtmlForAmendApiByDirection.java:26)
	at jp.go.jpo.sa1s99.common.format.integration.ExecuteXmlToHtmlForAmendApiByDirection.executeApi(ExecuteXmlToHtmlForAmendApiByDirection.java:13)
	at jp.go.jpo.sa1s99.common.format.integration.ExecuteApiByDirection.execute(ExecuteApiByDirection.java:28)
	at jp.go.jpo.sa1s99.common.format.integration.HtmlToXmlForAmendApiIntegrationTest.ファイル出力を比較する: #direction #parsedResult(HtmlToXmlForAmendApiIntegrationTest.groovy:29)
</failure>
  </testcase>
  <testcase name="ファイル出力を比較する: Direction{ s_InputDir: data/input/All-Format_append/mem-pte1/01-domestic-document-a903001-p1, s_OutputDir: data/output/html_amend/20101207-5.0-S-H22-0021/mem-pte1-30-2} null" classname="jp.go.jpo.sa1s99.common.format.integration.HtmlToXmlForAmendApiIntegrationTest" time="0.0">
    <failure message="java.lang.IllegalArgumentException: Not implemented yet" type="java.lang.IllegalArgumentException">java.lang.IllegalArgumentException: Not implemented yet
	at jp.go.jpo.sa1s99.common.format.api.XmlToHtmlForAmendApi.execute(XmlToHtmlForAmendApi.java:32)
	at jp.go.jpo.sa1s99.common.format.integration.ExecuteXmlToHtmlForAmendApiByDirection.executeApi(ExecuteXmlToHtmlForAmendApiByDirection.java:26)
	at jp.go.jpo.sa1s99.common.format.integration.ExecuteXmlToHtmlForAmendApiByDirection.executeApi(ExecuteXmlToHtmlForAmendApiByDirection.java:13)
	at jp.go.jpo.sa1s99.common.format.integration.ExecuteApiByDirection.execute(ExecuteApiByDirection.java:28)
	at jp.go.jpo.sa1s99.common.format.integration.HtmlToXmlForAmendApiIntegrationTest.ファイル出力を比較する: #direction #parsedResult(HtmlToXmlForAmendApiIntegrationTest.groovy:29)
</failure>
  </testcase>
  <testcase name="ファイル出力を比較する: Direction{ s_InputDir: data/input/All-Format_append/mem-pte1/01-domestic-document-a903001-p1, s_OutputDir: data/output/html_amend/20101207-5.0-S-H22-0021/mem-pte1-30-4} null" classname="jp.go.jpo.sa1s99.common.format.integration.HtmlToXmlForAmendApiIntegrationTest" time="0.0">
    <failure message="java.lang.IllegalArgumentException: Not implemented yet" type="java.lang.IllegalArgumentException">java.lang.IllegalArgumentException: Not implemented yet
	at jp.go.jpo.sa1s99.common.format.api.XmlToHtmlForAmendApi.execute(XmlToHtmlForAmendApi.java:32)
	at jp.go.jpo.sa1s99.common.format.integration.ExecuteXmlToHtmlForAmendApiByDirection.executeApi(ExecuteXmlToHtmlForAmendApiByDirection.java:26)
	at jp.go.jpo.sa1s99.common.format.integration.ExecuteXmlToHtmlForAmendApiByDirection.executeApi(ExecuteXmlToHtmlForAmendApiByDirection.java:13)
	at jp.go.jpo.sa1s99.common.format.integration.ExecuteApiByDirection.execute(ExecuteApiByDirection.java:28)
	at jp.go.jpo.sa1s99.common.format.integration.HtmlToXmlForAmendApiIntegrationTest.ファイル出力を比較する: #direction #parsedResult(HtmlToXmlForAmendApiIntegrationTest.groovy:29)
</failure>
  </testcase>
  <testcase name="ファイル出力を比較する: Direction{ s_InputDir: data/input/All-Format_append/mem-pte1/01-domestic-document-a903001-p1, s_OutputDir: data/output/html_amend/20101207-5.0-S-H22-0021/mem-pte1-30-4} null" classname="jp.go.jpo.sa1s99.common.format.integration.HtmlToXmlForAmendApiIntegrationTest" time="0.0">
    <failure message="java.lang.IllegalArgumentException: Not implemented yet" type="java.lang.IllegalArgumentException">java.lang.IllegalArgumentException: Not implemented yet
	at jp.go.jpo.sa1s99.common.format.api.XmlToHtmlForAmendApi.execute(XmlToHtmlForAmendApi.java:32)
	at jp.go.jpo.sa1s99.common.format.integration.ExecuteXmlToHtmlForAmendApiByDirection.executeApi(ExecuteXmlToHtmlForAmendApiByDirection.java:26)
	at jp.go.jpo.sa1s99.common.format.integration.ExecuteXmlToHtmlForAmendApiByDirection.executeApi(ExecuteXmlToHtmlForAmendApiByDirection.java:13)
	at jp.go.jpo.sa1s99.common.format.integration.ExecuteApiByDirection.execute(ExecuteApiByDirection.java:28)
	at jp.go.jpo.sa1s99.common.format.integration.HtmlToXmlForAmendApiIntegrationTest.ファイル出力を比較する: #direction #parsedResult(HtmlToXmlForAmendApiIntegrationTest.groovy:29)
</failure>
  </testcase>
  <testcase name="ファイル出力を比較する: Direction{ s_InputDir: data/input/All-Format_append/mem-pte1/01-domestic-document-a903001-p1, s_OutputDir: data/output/html_amend/20101207-5.0-S-H22-0021/mem-pte1-30-5} null" classname="jp.go.jpo.sa1s99.common.format.integration.HtmlToXmlForAmendApiIntegrationTest" time="0.0">
    <failure message="java.lang.IllegalArgumentException: Not implemented yet" type="java.lang.IllegalArgumentException">java.lang.IllegalArgumentException: Not implemented yet
	at jp.go.jpo.sa1s99.common.format.api.XmlToHtmlForAmendApi.execute(XmlToHtmlForAmendApi.java:32)
	at jp.go.jpo.sa1s99.common.format.integration.ExecuteXmlToHtmlForAmendApiByDirection.executeApi(ExecuteXmlToHtmlForAmendApiByDirection.java:26)
	at jp.go.jpo.sa1s99.common.format.integration.ExecuteXmlToHtmlForAmendApiByDirection.executeApi(ExecuteXmlToHtmlForAmendApiByDirection.java:13)
	at jp.go.jpo.sa1s99.common.format.integration.ExecuteApiByDirection.execute(ExecuteApiByDirection.java:28)
	at jp.go.jpo.sa1s99.common.format.integration.HtmlToXmlForAmendApiIntegrationTest.ファイル出力を比較する: #direction #parsedResult(HtmlToXmlForAmendApiIntegrationTest.groovy:29)
</failure>
  </testcase>
  <testcase name="ファイル出力を比較する: Direction{ s_InputDir: data/input/All-Format_append/mem-pte2/01-domestic-document-a971010-p1, s_OutputDir: data/output/html_amend/20101207-5.0-S-H22-0021/mem-pte2} null" classname="jp.go.jpo.sa1s99.common.format.integration.HtmlToXmlForAmendApiIntegrationTest" time="0.0">
    <failure message="java.lang.IllegalArgumentException: Not implemented yet" type="java.lang.IllegalArgumentException">java.lang.IllegalArgumentException: Not implemented yet
	at jp.go.jpo.sa1s99.common.format.api.XmlToHtmlForAmendApi.execute(XmlToHtmlForAmendApi.java:32)
	at jp.go.jpo.sa1s99.common.format.integration.ExecuteXmlToHtmlForAmendApiByDirection.executeApi(ExecuteXmlToHtmlForAmendApiByDirection.java:26)
	at jp.go.jpo.sa1s99.common.format.integration.ExecuteXmlToHtmlForAmendApiByDirection.executeApi(ExecuteXmlToHtmlForAmendApiByDirection.java:13)
	at jp.go.jpo.sa1s99.common.format.integration.ExecuteApiByDirection.execute(ExecuteApiByDirection.java:28)
	at jp.go.jpo.sa1s99.common.format.integration.HtmlToXmlForAmendApiIntegrationTest.ファイル出力を比較する: #direction #parsedResult(HtmlToXmlForAmendApiIntegrationTest.groovy:29)
</failure>
  </testcase>
  <testcase name="ファイル出力を比較する: Direction{ s_InputDir: data/input/All-Format_append/mem-pt-f/01-domestic-document-a242883-p, s_OutputDir: data/output/html_amend/20101207-5.0-S-H22-0021/mem-pt-f} null" classname="jp.go.jpo.sa1s99.common.format.integration.HtmlToXmlForAmendApiIntegrationTest" time="0.015">
    <failure message="java.lang.IllegalArgumentException: Not implemented yet" type="java.lang.IllegalArgumentException">java.lang.IllegalArgumentException: Not implemented yet
	at jp.go.jpo.sa1s99.common.format.api.XmlToHtmlForAmendApi.execute(XmlToHtmlForAmendApi.java:32)
	at jp.go.jpo.sa1s99.common.format.integration.ExecuteXmlToHtmlForAmendApiByDirection.executeApi(ExecuteXmlToHtmlForAmendApiByDirection.java:26)
	at jp.go.jpo.sa1s99.common.format.integration.ExecuteXmlToHtmlForAmendApiByDirection.executeApi(ExecuteXmlToHtmlForAmendApiByDirection.java:13)
	at jp.go.jpo.sa1s99.common.format.integration.ExecuteApiByDirection.execute(ExecuteApiByDirection.java:28)
	at jp.go.jpo.sa1s99.common.format.integration.HtmlToXmlForAmendApiIntegrationTest.ファイル出力を比較する: #direction #parsedResult(HtmlToXmlForAmendApiIntegrationTest.groovy:29)
</failure>
  </testcase>
  <testcase name="ファイル出力を比較する: Direction{ s_InputDir: data/input/All-Format_append/mem-texc/01-domestic-document-a791-p, s_OutputDir: data/output/html_amend/20101207-5.0-S-H22-0021/mem-texc} null" classname="jp.go.jpo.sa1s99.common.format.integration.HtmlToXmlForAmendApiIntegrationTest" time="0.0">
    <failure message="java.lang.IllegalArgumentException: Not implemented yet" type="java.lang.IllegalArgumentException">java.lang.IllegalArgumentException: Not implemented yet
	at jp.go.jpo.sa1s99.common.format.api.XmlToHtmlForAmendApi.execute(XmlToHtmlForAmendApi.java:32)
	at jp.go.jpo.sa1s99.common.format.integration.ExecuteXmlToHtmlForAmendApiByDirection.executeApi(ExecuteXmlToHtmlForAmendApiByDirection.java:26)
	at jp.go.jpo.sa1s99.common.format.integration.ExecuteXmlToHtmlForAmendApiByDirection.executeApi(ExecuteXmlToHtmlForAmendApiByDirection.java:13)
	at jp.go.jpo.sa1s99.common.format.integration.ExecuteApiByDirection.execute(ExecuteApiByDirection.java:28)
	at jp.go.jpo.sa1s99.common.format.integration.HtmlToXmlForAmendApiIntegrationTest.ファイル出力を比較する: #direction #parsedResult(HtmlToXmlForAmendApiIntegrationTest.groovy:29)
</failure>
  </testcase>
  <testcase name="ファイル出力を比較する: Direction{ s_InputDir: data/input/All-Format_append/foreign-language-body/case1, s_OutputDir: data/output/html_amend//20101207-5.0-S-H22-0021/foreign-language-body-24-1} null" classname="jp.go.jpo.sa1s99.common.format.integration.HtmlToXmlForAmendApiIntegrationTest" time="0.0">
    <failure message="java.lang.IllegalArgumentException: Not implemented yet" type="java.lang.IllegalArgumentException">java.lang.IllegalArgumentException: Not implemented yet
	at jp.go.jpo.sa1s99.common.format.api.XmlToHtmlForAmendApi.execute(XmlToHtmlForAmendApi.java:32)
	at jp.go.jpo.sa1s99.common.format.integration.ExecuteXmlToHtmlForAmendApiByDirection.executeApi(ExecuteXmlToHtmlForAmendApiByDirection.java:26)
	at jp.go.jpo.sa1s99.common.format.integration.ExecuteXmlToHtmlForAmendApiByDirection.executeApi(ExecuteXmlToHtmlForAmendApiByDirection.java:13)
	at jp.go.jpo.sa1s99.common.format.integration.ExecuteApiByDirection.execute(ExecuteApiByDirection.java:28)
	at jp.go.jpo.sa1s99.common.format.integration.HtmlToXmlForAmendApiIntegrationTest.ファイル出力を比較する: #direction #parsedResult(HtmlToXmlForAmendApiIntegrationTest.groovy:29)
</failure>
  </testcase>
  <testcase name="ファイル出力を比較する: Direction{ s_InputDir: data/input/All-Format_append/foreign-language-body/case1, s_OutputDir: data/output/html_amend//20101207-5.0-S-H22-0021/foreign-language-body-24-2} null" classname="jp.go.jpo.sa1s99.common.format.integration.HtmlToXmlForAmendApiIntegrationTest" time="0.0">
    <failure message="java.lang.IllegalArgumentException: Not implemented yet" type="java.lang.IllegalArgumentException">java.lang.IllegalArgumentException: Not implemented yet
	at jp.go.jpo.sa1s99.common.format.api.XmlToHtmlForAmendApi.execute(XmlToHtmlForAmendApi.java:32)
	at jp.go.jpo.sa1s99.common.format.integration.ExecuteXmlToHtmlForAmendApiByDirection.executeApi(ExecuteXmlToHtmlForAmendApiByDirection.java:26)
	at jp.go.jpo.sa1s99.common.format.integration.ExecuteXmlToHtmlForAmendApiByDirection.executeApi(ExecuteXmlToHtmlForAmendApiByDirection.java:13)
	at jp.go.jpo.sa1s99.common.format.integration.ExecuteApiByDirection.execute(ExecuteApiByDirection.java:28)
	at jp.go.jpo.sa1s99.common.format.integration.HtmlToXmlForAmendApiIntegrationTest.ファイル出力を比較する: #direction #parsedResult(HtmlToXmlForAmendApiIntegrationTest.groovy:29)
</failure>
  </testcase>
  <testcase name="ファイル出力を比較する: Direction{ s_InputDir: data/input/All-Format_append/foreign-language-body/case1, s_OutputDir: data/output/html_amend//20101207-5.0-S-H22-0021/foreign-language-body-24-3} null" classname="jp.go.jpo.sa1s99.common.format.integration.HtmlToXmlForAmendApiIntegrationTest" time="0.016">
    <failure message="java.lang.IllegalArgumentException: Not implemented yet" type="java.lang.IllegalArgumentException">java.lang.IllegalArgumentException: Not implemented yet
	at jp.go.jpo.sa1s99.common.format.api.XmlToHtmlForAmendApi.execute(XmlToHtmlForAmendApi.java:32)
	at jp.go.jpo.sa1s99.common.format.integration.ExecuteXmlToHtmlForAmendApiByDirection.executeApi(ExecuteXmlToHtmlForAmendApiByDirection.java:26)
	at jp.go.jpo.sa1s99.common.format.integration.ExecuteXmlToHtmlForAmendApiByDirection.executeApi(ExecuteXmlToHtmlForAmendApiByDirection.java:13)
	at jp.go.jpo.sa1s99.common.format.integration.ExecuteApiByDirection.execute(ExecuteApiByDirection.java:28)
	at jp.go.jpo.sa1s99.common.format.integration.HtmlToXmlForAmendApiIntegrationTest.ファイル出力を比較する: #direction #parsedResult(HtmlToXmlForAmendApiIntegrationTest.groovy:29)
</failure>
  </testcase>
  <testcase name="ファイル出力を比較する: Direction{ s_InputDir: data/input/All-Format_append/foreign-language-body/case1, s_OutputDir: data/output/html_amend//20101207-5.0-S-H22-0021/foreign-language-body-24-4} null" classname="jp.go.jpo.sa1s99.common.format.integration.HtmlToXmlForAmendApiIntegrationTest" time="0.0">
    <failure message="java.lang.IllegalArgumentException: Not implemented yet" type="java.lang.IllegalArgumentException">java.lang.IllegalArgumentException: Not implemented yet
	at jp.go.jpo.sa1s99.common.format.api.XmlToHtmlForAmendApi.execute(XmlToHtmlForAmendApi.java:32)
	at jp.go.jpo.sa1s99.common.format.integration.ExecuteXmlToHtmlForAmendApiByDirection.executeApi(ExecuteXmlToHtmlForAmendApiByDirection.java:26)
	at jp.go.jpo.sa1s99.common.format.integration.ExecuteXmlToHtmlForAmendApiByDirection.executeApi(ExecuteXmlToHtmlForAmendApiByDirection.java:13)
	at jp.go.jpo.sa1s99.common.format.integration.ExecuteApiByDirection.execute(ExecuteApiByDirection.java:28)
	at jp.go.jpo.sa1s99.common.format.integration.HtmlToXmlForAmendApiIntegrationTest.ファイル出力を比較する: #direction #parsedResult(HtmlToXmlForAmendApiIntegrationTest.groovy:29)
</failure>
  </testcase>
  <testcase name="ファイル出力を比較する: Direction{ s_InputDir: data/input/All-Format_append/foreign-language-body/case1, s_OutputDir: data/output/html_amend//20101207-5.0-S-H22-0021/foreign-language-body-24-5} null" classname="jp.go.jpo.sa1s99.common.format.integration.HtmlToXmlForAmendApiIntegrationTest" time="0.0">
    <failure message="java.lang.IllegalArgumentException: Not implemented yet" type="java.lang.IllegalArgumentException">java.lang.IllegalArgumentException: Not implemented yet
	at jp.go.jpo.sa1s99.common.format.api.XmlToHtmlForAmendApi.execute(XmlToHtmlForAmendApi.java:32)
	at jp.go.jpo.sa1s99.common.format.integration.ExecuteXmlToHtmlForAmendApiByDirection.executeApi(ExecuteXmlToHtmlForAmendApiByDirection.java:26)
	at jp.go.jpo.sa1s99.common.format.integration.ExecuteXmlToHtmlForAmendApiByDirection.executeApi(ExecuteXmlToHtmlForAmendApiByDirection.java:13)
	at jp.go.jpo.sa1s99.common.format.integration.ExecuteApiByDirection.execute(ExecuteApiByDirection.java:28)
	at jp.go.jpo.sa1s99.common.format.integration.HtmlToXmlForAmendApiIntegrationTest.ファイル出力を比較する: #direction #parsedResult(HtmlToXmlForAmendApiIntegrationTest.groovy:29)
</failure>
  </testcase>
  <testcase name="ファイル出力を比較する: Direction{ s_InputDir: data/input/All-Format_append/foreign-language-body/case2, s_OutputDir: data/output/html_amend//20101207-5.0-S-H22-0021/foreign-language-body-24-6} null" classname="jp.go.jpo.sa1s99.common.format.integration.HtmlToXmlForAmendApiIntegrationTest" time="0.0">
    <failure message="java.lang.IllegalArgumentException: Not implemented yet" type="java.lang.IllegalArgumentException">java.lang.IllegalArgumentException: Not implemented yet
	at jp.go.jpo.sa1s99.common.format.api.XmlToHtmlForAmendApi.execute(XmlToHtmlForAmendApi.java:32)
	at jp.go.jpo.sa1s99.common.format.integration.ExecuteXmlToHtmlForAmendApiByDirection.executeApi(ExecuteXmlToHtmlForAmendApiByDirection.java:26)
	at jp.go.jpo.sa1s99.common.format.integration.ExecuteXmlToHtmlForAmendApiByDirection.executeApi(ExecuteXmlToHtmlForAmendApiByDirection.java:13)
	at jp.go.jpo.sa1s99.common.format.integration.ExecuteApiByDirection.execute(ExecuteApiByDirection.java:28)
	at jp.go.jpo.sa1s99.common.format.integration.HtmlToXmlForAmendApiIntegrationTest.ファイル出力を比較する: #direction #parsedResult(HtmlToXmlForAmendApiIntegrationTest.groovy:29)
</failure>
  </testcase>
  <testcase name="ファイル出力を比較する: Direction{ s_InputDir: data/input/All-Format_append/foreign-language-body/case3, s_OutputDir: data/output/html_amend//20101207-5.0-S-H22-0021/foreign-language-body-24-7} null" classname="jp.go.jpo.sa1s99.common.format.integration.HtmlToXmlForAmendApiIntegrationTest" time="0.0">
    <failure message="java.lang.IllegalArgumentException: Not implemented yet" type="java.lang.IllegalArgumentException">java.lang.IllegalArgumentException: Not implemented yet
	at jp.go.jpo.sa1s99.common.format.api.XmlToHtmlForAmendApi.execute(XmlToHtmlForAmendApi.java:32)
	at jp.go.jpo.sa1s99.common.format.integration.ExecuteXmlToHtmlForAmendApiByDirection.executeApi(ExecuteXmlToHtmlForAmendApiByDirection.java:26)
	at jp.go.jpo.sa1s99.common.format.integration.ExecuteXmlToHtmlForAmendApiByDirection.executeApi(ExecuteXmlToHtmlForAmendApiByDirection.java:13)
	at jp.go.jpo.sa1s99.common.format.integration.ExecuteApiByDirection.execute(ExecuteApiByDirection.java:28)
	at jp.go.jpo.sa1s99.common.format.integration.HtmlToXmlForAmendApiIntegrationTest.ファイル出力を比較する: #direction #parsedResult(HtmlToXmlForAmendApiIntegrationTest.groovy:29)
</failure>
  </testcase>
  <testcase name="ファイル出力を比較する: Direction{ s_InputDir: data/input/All-Format_append/original-data/case1, s_OutputDir: data/output/html_amend/20101207-5.0-S-H22-0021/original-data-28-1} null" classname="jp.go.jpo.sa1s99.common.format.integration.HtmlToXmlForAmendApiIntegrationTest" time="0.0">
    <failure message="java.lang.IllegalArgumentException: Not implemented yet" type="java.lang.IllegalArgumentException">java.lang.IllegalArgumentException: Not implemented yet
	at jp.go.jpo.sa1s99.common.format.api.XmlToHtmlForAmendApi.execute(XmlToHtmlForAmendApi.java:32)
	at jp.go.jpo.sa1s99.common.format.integration.ExecuteXmlToHtmlForAmendApiByDirection.executeApi(ExecuteXmlToHtmlForAmendApiByDirection.java:26)
	at jp.go.jpo.sa1s99.common.format.integration.ExecuteXmlToHtmlForAmendApiByDirection.executeApi(ExecuteXmlToHtmlForAmendApiByDirection.java:13)
	at jp.go.jpo.sa1s99.common.format.integration.ExecuteApiByDirection.execute(ExecuteApiByDirection.java:28)
	at jp.go.jpo.sa1s99.common.format.integration.HtmlToXmlForAmendApiIntegrationTest.ファイル出力を比較する: #direction #parsedResult(HtmlToXmlForAmendApiIntegrationTest.groovy:29)
</failure>
  </testcase>
  <testcase name="ファイル出力を比較する: Direction{ s_InputDir: data/input/All-Format_append/original-data/case1, s_OutputDir: data/output/html_amend/20101207-5.0-S-H22-0021/original-data-28-2} null" classname="jp.go.jpo.sa1s99.common.format.integration.HtmlToXmlForAmendApiIntegrationTest" time="0.0">
    <failure message="java.lang.IllegalArgumentException: Not implemented yet" type="java.lang.IllegalArgumentException">java.lang.IllegalArgumentException: Not implemented yet
	at jp.go.jpo.sa1s99.common.format.api.XmlToHtmlForAmendApi.execute(XmlToHtmlForAmendApi.java:32)
	at jp.go.jpo.sa1s99.common.format.integration.ExecuteXmlToHtmlForAmendApiByDirection.executeApi(ExecuteXmlToHtmlForAmendApiByDirection.java:26)
	at jp.go.jpo.sa1s99.common.format.integration.ExecuteXmlToHtmlForAmendApiByDirection.executeApi(ExecuteXmlToHtmlForAmendApiByDirection.java:13)
	at jp.go.jpo.sa1s99.common.format.integration.ExecuteApiByDirection.execute(ExecuteApiByDirection.java:28)
	at jp.go.jpo.sa1s99.common.format.integration.HtmlToXmlForAmendApiIntegrationTest.ファイル出力を比較する: #direction #parsedResult(HtmlToXmlForAmendApiIntegrationTest.groovy:29)
</failure>
  </testcase>
  <testcase name="ファイル出力を比較する: Direction{ s_InputDir: data/input/All-Format_append/original-data/case1, s_OutputDir: data/output/html_amend/20101207-5.0-S-H22-0021/original-data-28-3} null" classname="jp.go.jpo.sa1s99.common.format.integration.HtmlToXmlForAmendApiIntegrationTest" time="0.0">
    <failure message="java.lang.IllegalArgumentException: Not implemented yet" type="java.lang.IllegalArgumentException">java.lang.IllegalArgumentException: Not implemented yet
	at jp.go.jpo.sa1s99.common.format.api.XmlToHtmlForAmendApi.execute(XmlToHtmlForAmendApi.java:32)
	at jp.go.jpo.sa1s99.common.format.integration.ExecuteXmlToHtmlForAmendApiByDirection.executeApi(ExecuteXmlToHtmlForAmendApiByDirection.java:26)
	at jp.go.jpo.sa1s99.common.format.integration.ExecuteXmlToHtmlForAmendApiByDirection.executeApi(ExecuteXmlToHtmlForAmendApiByDirection.java:13)
	at jp.go.jpo.sa1s99.common.format.integration.ExecuteApiByDirection.execute(ExecuteApiByDirection.java:28)
	at jp.go.jpo.sa1s99.common.format.integration.HtmlToXmlForAmendApiIntegrationTest.ファイル出力を比較する: #direction #parsedResult(HtmlToXmlForAmendApiIntegrationTest.groovy:29)
</failure>
  </testcase>
  <testcase name="ファイル出力を比較する: Direction{ s_InputDir: data/input/All-Format_append/original-data/case1, s_OutputDir: data/output/html_amend/20101207-5.0-S-H22-0021/original-data-28-4} null" classname="jp.go.jpo.sa1s99.common.format.integration.HtmlToXmlForAmendApiIntegrationTest" time="0.0">
    <failure message="java.lang.IllegalArgumentException: Not implemented yet" type="java.lang.IllegalArgumentException">java.lang.IllegalArgumentException: Not implemented yet
	at jp.go.jpo.sa1s99.common.format.api.XmlToHtmlForAmendApi.execute(XmlToHtmlForAmendApi.java:32)
	at jp.go.jpo.sa1s99.common.format.integration.ExecuteXmlToHtmlForAmendApiByDirection.executeApi(ExecuteXmlToHtmlForAmendApiByDirection.java:26)
	at jp.go.jpo.sa1s99.common.format.integration.ExecuteXmlToHtmlForAmendApiByDirection.executeApi(ExecuteXmlToHtmlForAmendApiByDirection.java:13)
	at jp.go.jpo.sa1s99.common.format.integration.ExecuteApiByDirection.execute(ExecuteApiByDirection.java:28)
	at jp.go.jpo.sa1s99.common.format.integration.HtmlToXmlForAmendApiIntegrationTest.ファイル出力を比較する: #direction #parsedResult(HtmlToXmlForAmendApiIntegrationTest.groovy:29)
</failure>
  </testcase>
  <testcase name="ファイル出力を比較する: Direction{ s_InputDir: data/input/All-Format_append/original-data/case1, s_OutputDir: data/output/html_amend/20101207-5.0-S-H22-0021/original-data-28-5} null" classname="jp.go.jpo.sa1s99.common.format.integration.HtmlToXmlForAmendApiIntegrationTest" time="0.0">
    <failure message="java.lang.IllegalArgumentException: Not implemented yet" type="java.lang.IllegalArgumentException">java.lang.IllegalArgumentException: Not implemented yet
	at jp.go.jpo.sa1s99.common.format.api.XmlToHtmlForAmendApi.execute(XmlToHtmlForAmendApi.java:32)
	at jp.go.jpo.sa1s99.common.format.integration.ExecuteXmlToHtmlForAmendApiByDirection.executeApi(ExecuteXmlToHtmlForAmendApiByDirection.java:26)
	at jp.go.jpo.sa1s99.common.format.integration.ExecuteXmlToHtmlForAmendApiByDirection.executeApi(ExecuteXmlToHtmlForAmendApiByDirection.java:13)
	at jp.go.jpo.sa1s99.common.format.integration.ExecuteApiByDirection.execute(ExecuteApiByDirection.java:28)
	at jp.go.jpo.sa1s99.common.format.integration.HtmlToXmlForAmendApiIntegrationTest.ファイル出力を比較する: #direction #parsedResult(HtmlToXmlForAmendApiIntegrationTest.groovy:29)
</failure>
  </testcase>
  <testcase name="ファイル出力を比較する: Direction{ s_InputDir: data/input/All-Format_append/sequence-list/case1, s_OutputDir: data/output/html_amend/20101207-5.0-S-H22-0021/sequence-list-26-1} null" classname="jp.go.jpo.sa1s99.common.format.integration.HtmlToXmlForAmendApiIntegrationTest" time="0.0">
    <failure message="java.lang.IllegalArgumentException: Not implemented yet" type="java.lang.IllegalArgumentException">java.lang.IllegalArgumentException: Not implemented yet
	at jp.go.jpo.sa1s99.common.format.api.XmlToHtmlForAmendApi.execute(XmlToHtmlForAmendApi.java:32)
	at jp.go.jpo.sa1s99.common.format.integration.ExecuteXmlToHtmlForAmendApiByDirection.executeApi(ExecuteXmlToHtmlForAmendApiByDirection.java:26)
	at jp.go.jpo.sa1s99.common.format.integration.ExecuteXmlToHtmlForAmendApiByDirection.executeApi(ExecuteXmlToHtmlForAmendApiByDirection.java:13)
	at jp.go.jpo.sa1s99.common.format.integration.ExecuteApiByDirection.execute(ExecuteApiByDirection.java:28)
	at jp.go.jpo.sa1s99.common.format.integration.HtmlToXmlForAmendApiIntegrationTest.ファイル出力を比較する: #direction #parsedResult(HtmlToXmlForAmendApiIntegrationTest.groovy:29)
</failure>
  </testcase>
  <testcase name="ファイル出力を比較する: Direction{ s_InputDir: data/input/All-Format_append/sequence-list/case1, s_OutputDir: data/output/html_amend/20101207-5.0-S-H22-0021/sequence-list-26-2} null" classname="jp.go.jpo.sa1s99.common.format.integration.HtmlToXmlForAmendApiIntegrationTest" time="0.0">
    <failure message="java.lang.IllegalArgumentException: Not implemented yet" type="java.lang.IllegalArgumentException">java.lang.IllegalArgumentException: Not implemented yet
	at jp.go.jpo.sa1s99.common.format.api.XmlToHtmlForAmendApi.execute(XmlToHtmlForAmendApi.java:32)
	at jp.go.jpo.sa1s99.common.format.integration.ExecuteXmlToHtmlForAmendApiByDirection.executeApi(ExecuteXmlToHtmlForAmendApiByDirection.java:26)
	at jp.go.jpo.sa1s99.common.format.integration.ExecuteXmlToHtmlForAmendApiByDirection.executeApi(ExecuteXmlToHtmlForAmendApiByDirection.java:13)
	at jp.go.jpo.sa1s99.common.format.integration.ExecuteApiByDirection.execute(ExecuteApiByDirection.java:28)
	at jp.go.jpo.sa1s99.common.format.integration.HtmlToXmlForAmendApiIntegrationTest.ファイル出力を比較する: #direction #parsedResult(HtmlToXmlForAmendApiIntegrationTest.groovy:29)
</failure>
  </testcase>
  <testcase name="ファイル出力を比較する: Direction{ s_InputDir: data/input/All-Format_append/sequence-list/case1, s_OutputDir: data/output/html_amend/20101207-5.0-S-H22-0021/sequence-list-26-3} null" classname="jp.go.jpo.sa1s99.common.format.integration.HtmlToXmlForAmendApiIntegrationTest" time="0.0">
    <failure message="java.lang.IllegalArgumentException: Not implemented yet" type="java.lang.IllegalArgumentException">java.lang.IllegalArgumentException: Not implemented yet
	at jp.go.jpo.sa1s99.common.format.api.XmlToHtmlForAmendApi.execute(XmlToHtmlForAmendApi.java:32)
	at jp.go.jpo.sa1s99.common.format.integration.ExecuteXmlToHtmlForAmendApiByDirection.executeApi(ExecuteXmlToHtmlForAmendApiByDirection.java:26)
	at jp.go.jpo.sa1s99.common.format.integration.ExecuteXmlToHtmlForAmendApiByDirection.executeApi(ExecuteXmlToHtmlForAmendApiByDirection.java:13)
	at jp.go.jpo.sa1s99.common.format.integration.ExecuteApiByDirection.execute(ExecuteApiByDirection.java:28)
	at jp.go.jpo.sa1s99.common.format.integration.HtmlToXmlForAmendApiIntegrationTest.ファイル出力を比較する: #direction #parsedResult(HtmlToXmlForAmendApiIntegrationTest.groovy:29)
</failure>
  </testcase>
  <testcase name="ファイル出力を比較する: Direction{ s_InputDir: data/input/All-Format_append/sequence-list/case1, s_OutputDir: data/output/html_amend/20101207-5.0-S-H22-0021/sequence-list-26-4} null" classname="jp.go.jpo.sa1s99.common.format.integration.HtmlToXmlForAmendApiIntegrationTest" time="0.0">
    <failure message="java.lang.IllegalArgumentException: Not implemented yet" type="java.lang.IllegalArgumentException">java.lang.IllegalArgumentException: Not implemented yet
	at jp.go.jpo.sa1s99.common.format.api.XmlToHtmlForAmendApi.execute(XmlToHtmlForAmendApi.java:32)
	at jp.go.jpo.sa1s99.common.format.integration.ExecuteXmlToHtmlForAmendApiByDirection.executeApi(ExecuteXmlToHtmlForAmendApiByDirection.java:26)
	at jp.go.jpo.sa1s99.common.format.integration.ExecuteXmlToHtmlForAmendApiByDirection.executeApi(ExecuteXmlToHtmlForAmendApiByDirection.java:13)
	at jp.go.jpo.sa1s99.common.format.integration.ExecuteApiByDirection.execute(ExecuteApiByDirection.java:28)
	at jp.go.jpo.sa1s99.common.format.integration.HtmlToXmlForAmendApiIntegrationTest.ファイル出力を比較する: #direction #parsedResult(HtmlToXmlForAmendApiIntegrationTest.groovy:29)
</failure>
  </testcase>
  <testcase name="ファイル出力を比較する: Direction{ s_InputDir: data/input/All-Format_append/sequence-list/case1, s_OutputDir: data/output/html_amend/20101207-5.0-S-H22-0021/sequence-list-26-5} null" classname="jp.go.jpo.sa1s99.common.format.integration.HtmlToXmlForAmendApiIntegrationTest" time="0.0">
    <failure message="java.lang.IllegalArgumentException: Not implemented yet" type="java.lang.IllegalArgumentException">java.lang.IllegalArgumentException: Not implemented yet
	at jp.go.jpo.sa1s99.common.format.api.XmlToHtmlForAmendApi.execute(XmlToHtmlForAmendApi.java:32)
	at jp.go.jpo.sa1s99.common.format.integration.ExecuteXmlToHtmlForAmendApiByDirection.executeApi(ExecuteXmlToHtmlForAmendApiByDirection.java:26)
	at jp.go.jpo.sa1s99.common.format.integration.ExecuteXmlToHtmlForAmendApiByDirection.executeApi(ExecuteXmlToHtmlForAmendApiByDirection.java:13)
	at jp.go.jpo.sa1s99.common.format.integration.ExecuteApiByDirection.execute(ExecuteApiByDirection.java:28)
	at jp.go.jpo.sa1s99.common.format.integration.HtmlToXmlForAmendApiIntegrationTest.ファイル出力を比較する: #direction #parsedResult(HtmlToXmlForAmendApiIntegrationTest.groovy:29)
</failure>
  </testcase>
  <testcase name="ファイル出力を比較する: Direction{ s_InputDir: data/input/All-Format_append/ntc-pt-e/01-decision-of-registration-a01-p, s_OutputDir: data/output/html_amend/20101207-5.0-S-H22-0021/ntc-pt-e-29-1} null" classname="jp.go.jpo.sa1s99.common.format.integration.HtmlToXmlForAmendApiIntegrationTest" time="0.016">
    <failure message="java.lang.IllegalArgumentException: Not implemented yet" type="java.lang.IllegalArgumentException">java.lang.IllegalArgumentException: Not implemented yet
	at jp.go.jpo.sa1s99.common.format.api.XmlToHtmlForAmendApi.execute(XmlToHtmlForAmendApi.java:32)
	at jp.go.jpo.sa1s99.common.format.integration.ExecuteXmlToHtmlForAmendApiByDirection.executeApi(ExecuteXmlToHtmlForAmendApiByDirection.java:26)
	at jp.go.jpo.sa1s99.common.format.integration.ExecuteXmlToHtmlForAmendApiByDirection.executeApi(ExecuteXmlToHtmlForAmendApiByDirection.java:13)
	at jp.go.jpo.sa1s99.common.format.integration.ExecuteApiByDirection.execute(ExecuteApiByDirection.java:28)
	at jp.go.jpo.sa1s99.common.format.integration.HtmlToXmlForAmendApiIntegrationTest.ファイル出力を比較する: #direction #parsedResult(HtmlToXmlForAmendApiIntegrationTest.groovy:29)
</failure>
  </testcase>
  <testcase name="ファイル出力を比較する: Direction{ s_InputDir: data/input/All-Format_append/ntc-pt-e/01-decision-of-registration-a01-p, s_OutputDir: data/output/html_amend/20101207-5.0-S-H22-0021/ntc-pt-e-29-2} null" classname="jp.go.jpo.sa1s99.common.format.integration.HtmlToXmlForAmendApiIntegrationTest" time="0.0">
    <failure message="java.lang.IllegalArgumentException: Not implemented yet" type="java.lang.IllegalArgumentException">java.lang.IllegalArgumentException: Not implemented yet
	at jp.go.jpo.sa1s99.common.format.api.XmlToHtmlForAmendApi.execute(XmlToHtmlForAmendApi.java:32)
	at jp.go.jpo.sa1s99.common.format.integration.ExecuteXmlToHtmlForAmendApiByDirection.executeApi(ExecuteXmlToHtmlForAmendApiByDirection.java:26)
	at jp.go.jpo.sa1s99.common.format.integration.ExecuteXmlToHtmlForAmendApiByDirection.executeApi(ExecuteXmlToHtmlForAmendApiByDirection.java:13)
	at jp.go.jpo.sa1s99.common.format.integration.ExecuteApiByDirection.execute(ExecuteApiByDirection.java:28)
	at jp.go.jpo.sa1s99.common.format.integration.HtmlToXmlForAmendApiIntegrationTest.ファイル出力を比較する: #direction #parsedResult(HtmlToXmlForAmendApiIntegrationTest.groovy:29)
</failure>
  </testcase>
  <testcase name="ファイル出力を比較する: Direction{ s_InputDir: data/input/All-Format_append/ntc-pt-e/01-decision-of-registration-a01-p, s_OutputDir: data/output/html_amend/20101207-5.0-S-H22-0021/ntc-pt-e-29-3} null" classname="jp.go.jpo.sa1s99.common.format.integration.HtmlToXmlForAmendApiIntegrationTest" time="0.0">
    <failure message="java.lang.IllegalArgumentException: Not implemented yet" type="java.lang.IllegalArgumentException">java.lang.IllegalArgumentException: Not implemented yet
	at jp.go.jpo.sa1s99.common.format.api.XmlToHtmlForAmendApi.execute(XmlToHtmlForAmendApi.java:32)
	at jp.go.jpo.sa1s99.common.format.integration.ExecuteXmlToHtmlForAmendApiByDirection.executeApi(ExecuteXmlToHtmlForAmendApiByDirection.java:26)
	at jp.go.jpo.sa1s99.common.format.integration.ExecuteXmlToHtmlForAmendApiByDirection.executeApi(ExecuteXmlToHtmlForAmendApiByDirection.java:13)
	at jp.go.jpo.sa1s99.common.format.integration.ExecuteApiByDirection.execute(ExecuteApiByDirection.java:28)
	at jp.go.jpo.sa1s99.common.format.integration.HtmlToXmlForAmendApiIntegrationTest.ファイル出力を比較する: #direction #parsedResult(HtmlToXmlForAmendApiIntegrationTest.groovy:29)
</failure>
  </testcase>
  <testcase name="ファイル出力を比較する: Direction{ s_InputDir: data/input/All-Format_append/ntc-pt-e/01-decision-of-registration-a01-p, s_OutputDir: data/output/html_amend/20101207-5.0-S-H22-0021/ntc-pt-e-29-4} null" classname="jp.go.jpo.sa1s99.common.format.integration.HtmlToXmlForAmendApiIntegrationTest" time="0.0">
    <failure message="java.lang.IllegalArgumentException: Not implemented yet" type="java.lang.IllegalArgumentException">java.lang.IllegalArgumentException: Not implemented yet
	at jp.go.jpo.sa1s99.common.format.api.XmlToHtmlForAmendApi.execute(XmlToHtmlForAmendApi.java:32)
	at jp.go.jpo.sa1s99.common.format.integration.ExecuteXmlToHtmlForAmendApiByDirection.executeApi(ExecuteXmlToHtmlForAmendApiByDirection.java:26)
	at jp.go.jpo.sa1s99.common.format.integration.ExecuteXmlToHtmlForAmendApiByDirection.executeApi(ExecuteXmlToHtmlForAmendApiByDirection.java:13)
	at jp.go.jpo.sa1s99.common.format.integration.ExecuteApiByDirection.execute(ExecuteApiByDirection.java:28)
	at jp.go.jpo.sa1s99.common.format.integration.HtmlToXmlForAmendApiIntegrationTest.ファイル出力を比較する: #direction #parsedResult(HtmlToXmlForAmendApiIntegrationTest.groovy:29)
</failure>
  </testcase>
  <testcase name="ファイル出力を比較する: Direction{ s_InputDir: data/input/All-Format_append/ntc-pt-e/01-decision-of-registration-a01-p, s_OutputDir: data/output/html_amend/20101207-5.0-S-H22-0021/ntc-pt-e-29-5} null" classname="jp.go.jpo.sa1s99.common.format.integration.HtmlToXmlForAmendApiIntegrationTest" time="0.0">
    <failure message="java.lang.IllegalArgumentException: Not implemented yet" type="java.lang.IllegalArgumentException">java.lang.IllegalArgumentException: Not implemented yet
	at jp.go.jpo.sa1s99.common.format.api.XmlToHtmlForAmendApi.execute(XmlToHtmlForAmendApi.java:32)
	at jp.go.jpo.sa1s99.common.format.integration.ExecuteXmlToHtmlForAmendApiByDirection.executeApi(ExecuteXmlToHtmlForAmendApiByDirection.java:26)
	at jp.go.jpo.sa1s99.common.format.integration.ExecuteXmlToHtmlForAmendApiByDirection.executeApi(ExecuteXmlToHtmlForAmendApiByDirection.java:13)
	at jp.go.jpo.sa1s99.common.format.integration.ExecuteApiByDirection.execute(ExecuteApiByDirection.java:28)
	at jp.go.jpo.sa1s99.common.format.integration.HtmlToXmlForAmendApiIntegrationTest.ファイル出力を比較する: #direction #parsedResult(HtmlToXmlForAmendApiIntegrationTest.groovy:29)
</failure>
  </testcase>
  <testcase name="ファイル出力を比較する: Direction{ s_InputDir: data/input/All-Format_append/ntc-pt-f/01-disposition-a042-p, s_OutputDir: data/output/html_amend/20101207-5.0-S-H22-0021/ntc-pt-f} null" classname="jp.go.jpo.sa1s99.common.format.integration.HtmlToXmlForAmendApiIntegrationTest" time="0.0">
    <failure message="java.lang.IllegalArgumentException: Not implemented yet" type="java.lang.IllegalArgumentException">java.lang.IllegalArgumentException: Not implemented yet
	at jp.go.jpo.sa1s99.common.format.api.XmlToHtmlForAmendApi.execute(XmlToHtmlForAmendApi.java:32)
	at jp.go.jpo.sa1s99.common.format.integration.ExecuteXmlToHtmlForAmendApiByDirection.executeApi(ExecuteXmlToHtmlForAmendApiByDirection.java:26)
	at jp.go.jpo.sa1s99.common.format.integration.ExecuteXmlToHtmlForAmendApiByDirection.executeApi(ExecuteXmlToHtmlForAmendApiByDirection.java:13)
	at jp.go.jpo.sa1s99.common.format.integration.ExecuteApiByDirection.execute(ExecuteApiByDirection.java:28)
	at jp.go.jpo.sa1s99.common.format.integration.HtmlToXmlForAmendApiIntegrationTest.ファイル出力を比較する: #direction #parsedResult(HtmlToXmlForAmendApiIntegrationTest.groovy:29)
</failure>
  </testcase>
  <testcase name="ファイル出力を比較する: Direction{ s_InputDir: data/input/All-Format_append/ntc-pt-r/01-disposition-a045-p, s_OutputDir: data/output/html_amend/20101207-5.0-S-H22-0021/ntc-pt-r} null" classname="jp.go.jpo.sa1s99.common.format.integration.HtmlToXmlForAmendApiIntegrationTest" time="0.015">
    <failure message="java.lang.IllegalArgumentException: Not implemented yet" type="java.lang.IllegalArgumentException">java.lang.IllegalArgumentException: Not implemented yet
	at jp.go.jpo.sa1s99.common.format.api.XmlToHtmlForAmendApi.execute(XmlToHtmlForAmendApi.java:32)
	at jp.go.jpo.sa1s99.common.format.integration.ExecuteXmlToHtmlForAmendApiByDirection.executeApi(ExecuteXmlToHtmlForAmendApiByDirection.java:26)
	at jp.go.jpo.sa1s99.common.format.integration.ExecuteXmlToHtmlForAmendApiByDirection.executeApi(ExecuteXmlToHtmlForAmendApiByDirection.java:13)
	at jp.go.jpo.sa1s99.common.format.integration.ExecuteApiByDirection.execute(ExecuteApiByDirection.java:28)
	at jp.go.jpo.sa1s99.common.format.integration.HtmlToXmlForAmendApiIntegrationTest.ファイル出力を比較する: #direction #parsedResult(HtmlToXmlForAmendApiIntegrationTest.groovy:29)
</failure>
  </testcase>
  <testcase name="ファイル出力を比較する: Direction{ s_InputDir: data/input/All-Format_append/ntc-rgs/01-notification-r160-d, s_OutputDir: data/output/html_amend/20101207-5.0-S-H22-0021/ntc-rgs} null" classname="jp.go.jpo.sa1s99.common.format.integration.HtmlToXmlForAmendApiIntegrationTest" time="0.0">
    <failure message="java.lang.IllegalArgumentException: Not implemented yet" type="java.lang.IllegalArgumentException">java.lang.IllegalArgumentException: Not implemented yet
	at jp.go.jpo.sa1s99.common.format.api.XmlToHtmlForAmendApi.execute(XmlToHtmlForAmendApi.java:32)
	at jp.go.jpo.sa1s99.common.format.integration.ExecuteXmlToHtmlForAmendApiByDirection.executeApi(ExecuteXmlToHtmlForAmendApiByDirection.java:26)
	at jp.go.jpo.sa1s99.common.format.integration.ExecuteXmlToHtmlForAmendApiByDirection.executeApi(ExecuteXmlToHtmlForAmendApiByDirection.java:13)
	at jp.go.jpo.sa1s99.common.format.integration.ExecuteApiByDirection.execute(ExecuteApiByDirection.java:28)
	at jp.go.jpo.sa1s99.common.format.integration.HtmlToXmlForAmendApiIntegrationTest.ファイル出力を比較する: #direction #parsedResult(HtmlToXmlForAmendApiIntegrationTest.groovy:29)
</failure>
  </testcase>
  <testcase name="ファイル出力を比較する: Direction{ s_InputDir: data/input/All-Format_append/pat-amnd/01-amendment-a51-p, s_OutputDir: data/output/html_amend/20101207-5.0-S-H22-0021/pat-amnd-22-1} null" classname="jp.go.jpo.sa1s99.common.format.integration.HtmlToXmlForAmendApiIntegrationTest" time="0.0">
    <failure message="java.lang.IllegalArgumentException: Not implemented yet" type="java.lang.IllegalArgumentException">java.lang.IllegalArgumentException: Not implemented yet
	at jp.go.jpo.sa1s99.common.format.api.XmlToHtmlForAmendApi.execute(XmlToHtmlForAmendApi.java:32)
	at jp.go.jpo.sa1s99.common.format.integration.ExecuteXmlToHtmlForAmendApiByDirection.executeApi(ExecuteXmlToHtmlForAmendApiByDirection.java:26)
	at jp.go.jpo.sa1s99.common.format.integration.ExecuteXmlToHtmlForAmendApiByDirection.executeApi(ExecuteXmlToHtmlForAmendApiByDirection.java:13)
	at jp.go.jpo.sa1s99.common.format.integration.ExecuteApiByDirection.execute(ExecuteApiByDirection.java:28)
	at jp.go.jpo.sa1s99.common.format.integration.HtmlToXmlForAmendApiIntegrationTest.ファイル出力を比較する: #direction #parsedResult(HtmlToXmlForAmendApiIntegrationTest.groovy:29)
</failure>
  </testcase>
  <testcase name="ファイル出力を比較する: Direction{ s_InputDir: data/input/All-Format_append/pat-amnd/01-amendment-a51-p, s_OutputDir: data/output/html_amend/20101207-5.0-S-H22-0021/pat-amnd-22-2} null" classname="jp.go.jpo.sa1s99.common.format.integration.HtmlToXmlForAmendApiIntegrationTest" time="0.0">
    <failure message="java.lang.IllegalArgumentException: Not implemented yet" type="java.lang.IllegalArgumentException">java.lang.IllegalArgumentException: Not implemented yet
	at jp.go.jpo.sa1s99.common.format.api.XmlToHtmlForAmendApi.execute(XmlToHtmlForAmendApi.java:32)
	at jp.go.jpo.sa1s99.common.format.integration.ExecuteXmlToHtmlForAmendApiByDirection.executeApi(ExecuteXmlToHtmlForAmendApiByDirection.java:26)
	at jp.go.jpo.sa1s99.common.format.integration.ExecuteXmlToHtmlForAmendApiByDirection.executeApi(ExecuteXmlToHtmlForAmendApiByDirection.java:13)
	at jp.go.jpo.sa1s99.common.format.integration.ExecuteApiByDirection.execute(ExecuteApiByDirection.java:28)
	at jp.go.jpo.sa1s99.common.format.integration.HtmlToXmlForAmendApiIntegrationTest.ファイル出力を比較する: #direction #parsedResult(HtmlToXmlForAmendApiIntegrationTest.groovy:29)
</failure>
  </testcase>
  <testcase name="ファイル出力を比較する: Direction{ s_InputDir: data/input/All-Format_append/pat-amnd/01-amendment-a51-u, s_OutputDir: data/output/html_amend/20101207-5.0-S-H22-0021/pat-amnd-22-3} null" classname="jp.go.jpo.sa1s99.common.format.integration.HtmlToXmlForAmendApiIntegrationTest" time="0.023">
    <failure message="java.lang.IllegalArgumentException: Not implemented yet" type="java.lang.IllegalArgumentException">java.lang.IllegalArgumentException: Not implemented yet
	at jp.go.jpo.sa1s99.common.format.api.XmlToHtmlForAmendApi.execute(XmlToHtmlForAmendApi.java:32)
	at jp.go.jpo.sa1s99.common.format.integration.ExecuteXmlToHtmlForAmendApiByDirection.executeApi(ExecuteXmlToHtmlForAmendApiByDirection.java:26)
	at jp.go.jpo.sa1s99.common.format.integration.ExecuteXmlToHtmlForAmendApiByDirection.executeApi(ExecuteXmlToHtmlForAmendApiByDirection.java:13)
	at jp.go.jpo.sa1s99.common.format.integration.ExecuteApiByDirection.execute(ExecuteApiByDirection.java:28)
	at jp.go.jpo.sa1s99.common.format.integration.HtmlToXmlForAmendApiIntegrationTest.ファイル出力を比較する: #direction #parsedResult(HtmlToXmlForAmendApiIntegrationTest.groovy:29)
</failure>
  </testcase>
  <testcase name="ファイル出力を比較する: Direction{ s_InputDir: data/input/All-Format_append/pat-amnd/01-amendment-a51-p, s_OutputDir: data/output/html_amend/20101207-5.0-S-H22-0021/pat-amnd-22-4} null" classname="jp.go.jpo.sa1s99.common.format.integration.HtmlToXmlForAmendApiIntegrationTest" time="0.0">
    <failure message="java.lang.IllegalArgumentException: Not implemented yet" type="java.lang.IllegalArgumentException">java.lang.IllegalArgumentException: Not implemented yet
	at jp.go.jpo.sa1s99.common.format.api.XmlToHtmlForAmendApi.execute(XmlToHtmlForAmendApi.java:32)
	at jp.go.jpo.sa1s99.common.format.integration.ExecuteXmlToHtmlForAmendApiByDirection.executeApi(ExecuteXmlToHtmlForAmendApiByDirection.java:26)
	at jp.go.jpo.sa1s99.common.format.integration.ExecuteXmlToHtmlForAmendApiByDirection.executeApi(ExecuteXmlToHtmlForAmendApiByDirection.java:13)
	at jp.go.jpo.sa1s99.common.format.integration.ExecuteApiByDirection.execute(ExecuteApiByDirection.java:28)
	at jp.go.jpo.sa1s99.common.format.integration.HtmlToXmlForAmendApiIntegrationTest.ファイル出力を比較する: #direction #parsedResult(HtmlToXmlForAmendApiIntegrationTest.groovy:29)
</failure>
  </testcase>
  <testcase name="ファイル出力を比較する: Direction{ s_InputDir: data/input/All-Format_append/pat-amnd/01-amendment-a51-p, s_OutputDir: data/output/html_amend/20101207-5.0-S-H22-0021/pat-amnd-22-5} null" classname="jp.go.jpo.sa1s99.common.format.integration.HtmlToXmlForAmendApiIntegrationTest" time="0.0">
    <failure message="java.lang.IllegalArgumentException: Not implemented yet" type="java.lang.IllegalArgumentException">java.lang.IllegalArgumentException: Not implemented yet
	at jp.go.jpo.sa1s99.common.format.api.XmlToHtmlForAmendApi.execute(XmlToHtmlForAmendApi.java:32)
	at jp.go.jpo.sa1s99.common.format.integration.ExecuteXmlToHtmlForAmendApiByDirection.executeApi(ExecuteXmlToHtmlForAmendApiByDirection.java:26)
	at jp.go.jpo.sa1s99.common.format.integration.ExecuteXmlToHtmlForAmendApiByDirection.executeApi(ExecuteXmlToHtmlForAmendApiByDirection.java:13)
	at jp.go.jpo.sa1s99.common.format.integration.ExecuteApiByDirection.execute(ExecuteApiByDirection.java:28)
	at jp.go.jpo.sa1s99.common.format.integration.HtmlToXmlForAmendApiIntegrationTest.ファイル出力を比較する: #direction #parsedResult(HtmlToXmlForAmendApiIntegrationTest.groovy:29)
</failure>
  </testcase>
  <testcase name="ファイル出力を比較する: Direction{ s_InputDir: data/input/All-Format/pat-abnd/01-withdrawal-abandonment-a761-p, s_OutputDir: data/output/html_amend/20101207-5.0-S-H22-0021/pat-abnd} null" classname="jp.go.jpo.sa1s99.common.format.integration.HtmlToXmlForAmendApiIntegrationTest" time="0.0">
    <failure message="java.lang.IllegalArgumentException: Not implemented yet" type="java.lang.IllegalArgumentException">java.lang.IllegalArgumentException: Not implemented yet
	at jp.go.jpo.sa1s99.common.format.api.XmlToHtmlForAmendApi.execute(XmlToHtmlForAmendApi.java:32)
	at jp.go.jpo.sa1s99.common.format.integration.ExecuteXmlToHtmlForAmendApiByDirection.executeApi(ExecuteXmlToHtmlForAmendApiByDirection.java:26)
	at jp.go.jpo.sa1s99.common.format.integration.ExecuteXmlToHtmlForAmendApiByDirection.executeApi(ExecuteXmlToHtmlForAmendApiByDirection.java:13)
	at jp.go.jpo.sa1s99.common.format.integration.ExecuteApiByDirection.execute(ExecuteApiByDirection.java:28)
	at jp.go.jpo.sa1s99.common.format.integration.HtmlToXmlForAmendApiIntegrationTest.ファイル出力を比較する: #direction #parsedResult(HtmlToXmlForAmendApiIntegrationTest.groovy:29)
</failure>
  </testcase>
  <testcase name="ファイル出力を比較する: Direction{ s_InputDir: data/input/All-Format_append/pat-aplc/01-applicant-a55-p, s_OutputDir: data/output/html_amend/20101207-5.0-S-H22-0021/pat-aplc} null" classname="jp.go.jpo.sa1s99.common.format.integration.HtmlToXmlForAmendApiIntegrationTest" time="0.016">
    <failure message="java.lang.IllegalArgumentException: Not implemented yet" type="java.lang.IllegalArgumentException">java.lang.IllegalArgumentException: Not implemented yet
	at jp.go.jpo.sa1s99.common.format.api.XmlToHtmlForAmendApi.execute(XmlToHtmlForAmendApi.java:32)
	at jp.go.jpo.sa1s99.common.format.integration.ExecuteXmlToHtmlForAmendApiByDirection.executeApi(ExecuteXmlToHtmlForAmendApiByDirection.java:26)
	at jp.go.jpo.sa1s99.common.format.integration.ExecuteXmlToHtmlForAmendApiByDirection.executeApi(ExecuteXmlToHtmlForAmendApiByDirection.java:13)
	at jp.go.jpo.sa1s99.common.format.integration.ExecuteApiByDirection.execute(ExecuteApiByDirection.java:28)
	at jp.go.jpo.sa1s99.common.format.integration.HtmlToXmlForAmendApiIntegrationTest.ファイル出力を比較する: #direction #parsedResult(HtmlToXmlForAmendApiIntegrationTest.groovy:29)
</failure>
  </testcase>
  <testcase name="ファイル出力を比較する: Direction{ s_InputDir: data/input/All-Format/pat-appd/01-application-a63-p, s_OutputDir: data/output/html_amend/20101207-5.0-S-H22-0021/pat-appd} null" classname="jp.go.jpo.sa1s99.common.format.integration.HtmlToXmlForAmendApiIntegrationTest" time="0.0">
    <failure message="java.lang.IllegalArgumentException: Not implemented yet" type="java.lang.IllegalArgumentException">java.lang.IllegalArgumentException: Not implemented yet
	at jp.go.jpo.sa1s99.common.format.api.XmlToHtmlForAmendApi.execute(XmlToHtmlForAmendApi.java:32)
	at jp.go.jpo.sa1s99.common.format.integration.ExecuteXmlToHtmlForAmendApiByDirection.executeApi(ExecuteXmlToHtmlForAmendApiByDirection.java:26)
	at jp.go.jpo.sa1s99.common.format.integration.ExecuteXmlToHtmlForAmendApiByDirection.executeApi(ExecuteXmlToHtmlForAmendApiByDirection.java:13)
	at jp.go.jpo.sa1s99.common.format.integration.ExecuteApiByDirection.execute(ExecuteApiByDirection.java:28)
	at jp.go.jpo.sa1s99.common.format.integration.HtmlToXmlForAmendApiIntegrationTest.ファイル出力を比較する: #direction #parsedResult(HtmlToXmlForAmendApiIntegrationTest.groovy:29)
</failure>
  </testcase>
  <testcase name="ファイル出力を比較する: Direction{ s_InputDir: data/input/All-Format/pat-atny/01-attorney-a7421-p, s_OutputDir: data/output/html_amend/20101207-5.0-S-H22-0021/pat-atny} null" classname="jp.go.jpo.sa1s99.common.format.integration.HtmlToXmlForAmendApiIntegrationTest" time="0.015">
    <failure message="java.lang.IllegalArgumentException: Not implemented yet" type="java.lang.IllegalArgumentException">java.lang.IllegalArgumentException: Not implemented yet
	at jp.go.jpo.sa1s99.common.format.api.XmlToHtmlForAmendApi.execute(XmlToHtmlForAmendApi.java:32)
	at jp.go.jpo.sa1s99.common.format.integration.ExecuteXmlToHtmlForAmendApiByDirection.executeApi(ExecuteXmlToHtmlForAmendApiByDirection.java:26)
	at jp.go.jpo.sa1s99.common.format.integration.ExecuteXmlToHtmlForAmendApiByDirection.executeApi(ExecuteXmlToHtmlForAmendApiByDirection.java:13)
	at jp.go.jpo.sa1s99.common.format.integration.ExecuteApiByDirection.execute(ExecuteApiByDirection.java:28)
	at jp.go.jpo.sa1s99.common.format.integration.HtmlToXmlForAmendApiIntegrationTest.ファイル出力を比較する: #direction #parsedResult(HtmlToXmlForAmendApiIntegrationTest.groovy:29)
</failure>
  </testcase>
  <testcase name="ファイル出力を比較する: Direction{ s_InputDir: data/input/All-Format/pat-etc/01-etcetera-a601-p, s_OutputDir: data/output/html_amend/20101207-5.0-S-H22-0021/pat-etc} null" classname="jp.go.jpo.sa1s99.common.format.integration.HtmlToXmlForAmendApiIntegrationTest" time="0.016">
    <failure message="java.lang.IllegalArgumentException: Not implemented yet" type="java.lang.IllegalArgumentException">java.lang.IllegalArgumentException: Not implemented yet
	at jp.go.jpo.sa1s99.common.format.api.XmlToHtmlForAmendApi.execute(XmlToHtmlForAmendApi.java:32)
	at jp.go.jpo.sa1s99.common.format.integration.ExecuteXmlToHtmlForAmendApiByDirection.executeApi(ExecuteXmlToHtmlForAmendApiByDirection.java:26)
	at jp.go.jpo.sa1s99.common.format.integration.ExecuteXmlToHtmlForAmendApiByDirection.executeApi(ExecuteXmlToHtmlForAmendApiByDirection.java:13)
	at jp.go.jpo.sa1s99.common.format.integration.ExecuteApiByDirection.execute(ExecuteApiByDirection.java:28)
	at jp.go.jpo.sa1s99.common.format.integration.HtmlToXmlForAmendApiIntegrationTest.ファイル出力を比較する: #direction #parsedResult(HtmlToXmlForAmendApiIntegrationTest.groovy:29)
</failure>
  </testcase>
  <testcase name="ファイル出力を比較する: Direction{ s_InputDir: data/input/All-Format_append/pat-rspn/01-response-a53-p, s_OutputDir: data/output/html_amend/20101207-5.0-S-H22-0021/pat-rspn} null" classname="jp.go.jpo.sa1s99.common.format.integration.HtmlToXmlForAmendApiIntegrationTest" time="0.0">
    <failure message="java.lang.IllegalArgumentException: Not implemented yet" type="java.lang.IllegalArgumentException">java.lang.IllegalArgumentException: Not implemented yet
	at jp.go.jpo.sa1s99.common.format.api.XmlToHtmlForAmendApi.execute(XmlToHtmlForAmendApi.java:32)
	at jp.go.jpo.sa1s99.common.format.integration.ExecuteXmlToHtmlForAmendApiByDirection.executeApi(ExecuteXmlToHtmlForAmendApiByDirection.java:26)
	at jp.go.jpo.sa1s99.common.format.integration.ExecuteXmlToHtmlForAmendApiByDirection.executeApi(ExecuteXmlToHtmlForAmendApiByDirection.java:13)
	at jp.go.jpo.sa1s99.common.format.integration.ExecuteApiByDirection.execute(ExecuteApiByDirection.java:28)
	at jp.go.jpo.sa1s99.common.format.integration.HtmlToXmlForAmendApiIntegrationTest.ファイル出力を比較する: #direction #parsedResult(HtmlToXmlForAmendApiIntegrationTest.groovy:29)
</failure>
  </testcase>
  <testcase name="ファイル出力を比較する: Direction{ s_InputDir: data/input/All-Format_append/pat-sbms/01-presentment-a79-p, s_OutputDir: data/output/html_amend/20101207-5.0-S-H22-0021/pat-sbms} null" classname="jp.go.jpo.sa1s99.common.format.integration.HtmlToXmlForAmendApiIntegrationTest" time="0.016">
    <failure message="java.lang.IllegalArgumentException: Not implemented yet" type="java.lang.IllegalArgumentException">java.lang.IllegalArgumentException: Not implemented yet
	at jp.go.jpo.sa1s99.common.format.api.XmlToHtmlForAmendApi.execute(XmlToHtmlForAmendApi.java:32)
	at jp.go.jpo.sa1s99.common.format.integration.ExecuteXmlToHtmlForAmendApiByDirection.executeApi(ExecuteXmlToHtmlForAmendApiByDirection.java:26)
	at jp.go.jpo.sa1s99.common.format.integration.ExecuteXmlToHtmlForAmendApiByDirection.executeApi(ExecuteXmlToHtmlForAmendApiByDirection.java:13)
	at jp.go.jpo.sa1s99.common.format.integration.ExecuteApiByDirection.execute(ExecuteApiByDirection.java:28)
	at jp.go.jpo.sa1s99.common.format.integration.HtmlToXmlForAmendApiIntegrationTest.ファイル出力を比較する: #direction #parsedResult(HtmlToXmlForAmendApiIntegrationTest.groovy:29)
</failure>
  </testcase>
  <testcase name="ファイル出力を比較する: Direction{ s_InputDir: data/input/All-Format/pct-doib/01-aib31b1-p, s_OutputDir: data/output/html_amend/20101207-5.0-S-H22-0021/pct-doib} null" classname="jp.go.jpo.sa1s99.common.format.integration.HtmlToXmlForAmendApiIntegrationTest" time="0.0">
    <failure message="java.lang.IllegalArgumentException: Not implemented yet" type="java.lang.IllegalArgumentException">java.lang.IllegalArgumentException: Not implemented yet
	at jp.go.jpo.sa1s99.common.format.api.XmlToHtmlForAmendApi.execute(XmlToHtmlForAmendApi.java:32)
	at jp.go.jpo.sa1s99.common.format.integration.ExecuteXmlToHtmlForAmendApiByDirection.executeApi(ExecuteXmlToHtmlForAmendApiByDirection.java:26)
	at jp.go.jpo.sa1s99.common.format.integration.ExecuteXmlToHtmlForAmendApiByDirection.executeApi(ExecuteXmlToHtmlForAmendApiByDirection.java:13)
	at jp.go.jpo.sa1s99.common.format.integration.ExecuteApiByDirection.execute(ExecuteApiByDirection.java:28)
	at jp.go.jpo.sa1s99.common.format.integration.HtmlToXmlForAmendApiIntegrationTest.ファイル出力を比較する: #direction #parsedResult(HtmlToXmlForAmendApiIntegrationTest.groovy:29)
</failure>
  </testcase>
  <testcase name="ファイル出力を比較する: Direction{ s_InputDir: data/input/All-Format/rfi/01-demand-e841-p, s_OutputDir: data/output/html_amend/20101207-5.0-S-H22-0021/rfi} null" classname="jp.go.jpo.sa1s99.common.format.integration.HtmlToXmlForAmendApiIntegrationTest" time="0.0">
    <failure message="java.lang.IllegalArgumentException: Not implemented yet" type="java.lang.IllegalArgumentException">java.lang.IllegalArgumentException: Not implemented yet
	at jp.go.jpo.sa1s99.common.format.api.XmlToHtmlForAmendApi.execute(XmlToHtmlForAmendApi.java:32)
	at jp.go.jpo.sa1s99.common.format.integration.ExecuteXmlToHtmlForAmendApiByDirection.executeApi(ExecuteXmlToHtmlForAmendApiByDirection.java:26)
	at jp.go.jpo.sa1s99.common.format.integration.ExecuteXmlToHtmlForAmendApiByDirection.executeApi(ExecuteXmlToHtmlForAmendApiByDirection.java:13)
	at jp.go.jpo.sa1s99.common.format.integration.ExecuteApiByDirection.execute(ExecuteApiByDirection.java:28)
	at jp.go.jpo.sa1s99.common.format.integration.HtmlToXmlForAmendApiIntegrationTest.ファイル出力を比較する: #direction #parsedResult(HtmlToXmlForAmendApiIntegrationTest.groovy:29)
</failure>
  </testcase>
  <testcase name="ファイル出力を比較する: Direction{ s_InputDir: data/input/All-Format_append/rgs-doc/01-payment-r100-d, s_OutputDir: data/output/html_amend/20101207-5.0-S-H22-0021/rgs-doc} null" classname="jp.go.jpo.sa1s99.common.format.integration.HtmlToXmlForAmendApiIntegrationTest" time="0.015">
    <failure message="java.lang.IllegalArgumentException: Not implemented yet" type="java.lang.IllegalArgumentException">java.lang.IllegalArgumentException: Not implemented yet
	at jp.go.jpo.sa1s99.common.format.api.XmlToHtmlForAmendApi.execute(XmlToHtmlForAmendApi.java:32)
	at jp.go.jpo.sa1s99.common.format.integration.ExecuteXmlToHtmlForAmendApiByDirection.executeApi(ExecuteXmlToHtmlForAmendApiByDirection.java:26)
	at jp.go.jpo.sa1s99.common.format.integration.ExecuteXmlToHtmlForAmendApiByDirection.executeApi(ExecuteXmlToHtmlForAmendApiByDirection.java:13)
	at jp.go.jpo.sa1s99.common.format.integration.ExecuteApiByDirection.execute(ExecuteApiByDirection.java:28)
	at jp.go.jpo.sa1s99.common.format.integration.HtmlToXmlForAmendApiIntegrationTest.ファイル出力を比較する: #direction #parsedResult(HtmlToXmlForAmendApiIntegrationTest.groovy:29)
</failure>
  </testcase>
  <testcase name="ファイル出力を比較する: Direction{ s_InputDir: data/input/20101207-5.0-S-H22-0021/entity-reference/pat-amnd, s_OutputDir: data/output/html_amend/20101207-5.0-S-H22-0021/pat-amnd-22-27} null" classname="jp.go.jpo.sa1s99.common.format.integration.HtmlToXmlForAmendApiIntegrationTest" time="0.0">
    <failure message="java.lang.IllegalArgumentException: Not implemented yet" type="java.lang.IllegalArgumentException">java.lang.IllegalArgumentException: Not implemented yet
	at jp.go.jpo.sa1s99.common.format.api.XmlToHtmlForAmendApi.execute(XmlToHtmlForAmendApi.java:32)
	at jp.go.jpo.sa1s99.common.format.integration.ExecuteXmlToHtmlForAmendApiByDirection.executeApi(ExecuteXmlToHtmlForAmendApiByDirection.java:26)
	at jp.go.jpo.sa1s99.common.format.integration.ExecuteXmlToHtmlForAmendApiByDirection.executeApi(ExecuteXmlToHtmlForAmendApiByDirection.java:13)
	at jp.go.jpo.sa1s99.common.format.integration.ExecuteApiByDirection.execute(ExecuteApiByDirection.java:28)
	at jp.go.jpo.sa1s99.common.format.integration.HtmlToXmlForAmendApiIntegrationTest.ファイル出力を比較する: #direction #parsedResult(HtmlToXmlForAmendApiIntegrationTest.groovy:29)
</failure>
  </testcase>
  <testcase name="ファイル出力を比較する: Direction{ s_InputDir: data/input/20101207-5.0-S-H22-0021/validation-test/pat-amnd, s_OutputDir: data/output/html_amend/20101207-5.0-S-H22-0021/pat-amnd-22-28} null" classname="jp.go.jpo.sa1s99.common.format.integration.HtmlToXmlForAmendApiIntegrationTest" time="0.016">
    <failure message="java.lang.IllegalArgumentException: Not implemented yet" type="java.lang.IllegalArgumentException">java.lang.IllegalArgumentException: Not implemented yet
	at jp.go.jpo.sa1s99.common.format.api.XmlToHtmlForAmendApi.execute(XmlToHtmlForAmendApi.java:32)
	at jp.go.jpo.sa1s99.common.format.integration.ExecuteXmlToHtmlForAmendApiByDirection.executeApi(ExecuteXmlToHtmlForAmendApiByDirection.java:26)
	at jp.go.jpo.sa1s99.common.format.integration.ExecuteXmlToHtmlForAmendApiByDirection.executeApi(ExecuteXmlToHtmlForAmendApiByDirection.java:13)
	at jp.go.jpo.sa1s99.common.format.integration.ExecuteApiByDirection.execute(ExecuteApiByDirection.java:28)
	at jp.go.jpo.sa1s99.common.format.integration.HtmlToXmlForAmendApiIntegrationTest.ファイル出力を比較する: #direction #parsedResult(HtmlToXmlForAmendApiIntegrationTest.groovy:29)
</failure>
  </testcase>
  <testcase name="ファイル出力を比較する: Direction{ s_InputDir: data/input/200808-4.7-S-H20-0012/200808-description-p, s_OutputDir: data/output/html_amend/20101207-5.0-S-H22-0021/application-body-23-1} null" classname="jp.go.jpo.sa1s99.common.format.integration.HtmlToXmlForAmendApiIntegrationTest" time="0.001">
    <failure message="java.lang.IllegalArgumentException: Not implemented yet" type="java.lang.IllegalArgumentException">java.lang.IllegalArgumentException: Not implemented yet
	at jp.go.jpo.sa1s99.common.format.api.XmlToHtmlForAmendApi.execute(XmlToHtmlForAmendApi.java:32)
	at jp.go.jpo.sa1s99.common.format.integration.ExecuteXmlToHtmlForAmendApiByDirection.executeApi(ExecuteXmlToHtmlForAmendApiByDirection.java:26)
	at jp.go.jpo.sa1s99.common.format.integration.ExecuteXmlToHtmlForAmendApiByDirection.executeApi(ExecuteXmlToHtmlForAmendApiByDirection.java:13)
	at jp.go.jpo.sa1s99.common.format.integration.ExecuteApiByDirection.execute(ExecuteApiByDirection.java:28)
	at jp.go.jpo.sa1s99.common.format.integration.HtmlToXmlForAmendApiIntegrationTest.ファイル出力を比較する: #direction #parsedResult(HtmlToXmlForAmendApiIntegrationTest.groovy:29)
</failure>
  </testcase>
  <testcase name="ファイル出力を比較する: Direction{ s_InputDir: data/input/200808-4.7-S-H20-0012/200808-description-p, s_OutputDir: data/output/html_amend/20101207-5.0-S-H22-0021/application-body-23-2} null" classname="jp.go.jpo.sa1s99.common.format.integration.HtmlToXmlForAmendApiIntegrationTest" time="0.0">
    <failure message="java.lang.IllegalArgumentException: Not implemented yet" type="java.lang.IllegalArgumentException">java.lang.IllegalArgumentException: Not implemented yet
	at jp.go.jpo.sa1s99.common.format.api.XmlToHtmlForAmendApi.execute(XmlToHtmlForAmendApi.java:32)
	at jp.go.jpo.sa1s99.common.format.integration.ExecuteXmlToHtmlForAmendApiByDirection.executeApi(ExecuteXmlToHtmlForAmendApiByDirection.java:26)
	at jp.go.jpo.sa1s99.common.format.integration.ExecuteXmlToHtmlForAmendApiByDirection.executeApi(ExecuteXmlToHtmlForAmendApiByDirection.java:13)
	at jp.go.jpo.sa1s99.common.format.integration.ExecuteApiByDirection.execute(ExecuteApiByDirection.java:28)
	at jp.go.jpo.sa1s99.common.format.integration.HtmlToXmlForAmendApiIntegrationTest.ファイル出力を比較する: #direction #parsedResult(HtmlToXmlForAmendApiIntegrationTest.groovy:29)
</failure>
  </testcase>
  <testcase name="ファイル出力を比較する: Direction{ s_InputDir: data/input/200808-4.7-S-H20-0012/200808-description-u, s_OutputDir: data/output/html_amend/20101207-5.0-S-H22-0021/application-body-23-3} null" classname="jp.go.jpo.sa1s99.common.format.integration.HtmlToXmlForAmendApiIntegrationTest" time="0.0">
    <failure message="java.lang.IllegalArgumentException: Not implemented yet" type="java.lang.IllegalArgumentException">java.lang.IllegalArgumentException: Not implemented yet
	at jp.go.jpo.sa1s99.common.format.api.XmlToHtmlForAmendApi.execute(XmlToHtmlForAmendApi.java:32)
	at jp.go.jpo.sa1s99.common.format.integration.ExecuteXmlToHtmlForAmendApiByDirection.executeApi(ExecuteXmlToHtmlForAmendApiByDirection.java:26)
	at jp.go.jpo.sa1s99.common.format.integration.ExecuteXmlToHtmlForAmendApiByDirection.executeApi(ExecuteXmlToHtmlForAmendApiByDirection.java:13)
	at jp.go.jpo.sa1s99.common.format.integration.ExecuteApiByDirection.execute(ExecuteApiByDirection.java:28)
	at jp.go.jpo.sa1s99.common.format.integration.HtmlToXmlForAmendApiIntegrationTest.ファイル出力を比較する: #direction #parsedResult(HtmlToXmlForAmendApiIntegrationTest.groovy:29)
</failure>
  </testcase>
  <testcase name="ファイル出力を比較する: Direction{ s_InputDir: data/input/200808-4.7-S-H20-0012/200808-description-p, s_OutputDir: data/output/html_amend/20101207-5.0-S-H22-0021/application-body-23-4} null" classname="jp.go.jpo.sa1s99.common.format.integration.HtmlToXmlForAmendApiIntegrationTest" time="0.0">
    <failure message="java.lang.IllegalArgumentException: Not implemented yet" type="java.lang.IllegalArgumentException">java.lang.IllegalArgumentException: Not implemented yet
	at jp.go.jpo.sa1s99.common.format.api.XmlToHtmlForAmendApi.execute(XmlToHtmlForAmendApi.java:32)
	at jp.go.jpo.sa1s99.common.format.integration.ExecuteXmlToHtmlForAmendApiByDirection.executeApi(ExecuteXmlToHtmlForAmendApiByDirection.java:26)
	at jp.go.jpo.sa1s99.common.format.integration.ExecuteXmlToHtmlForAmendApiByDirection.executeApi(ExecuteXmlToHtmlForAmendApiByDirection.java:13)
	at jp.go.jpo.sa1s99.common.format.integration.ExecuteApiByDirection.execute(ExecuteApiByDirection.java:28)
	at jp.go.jpo.sa1s99.common.format.integration.HtmlToXmlForAmendApiIntegrationTest.ファイル出力を比較する: #direction #parsedResult(HtmlToXmlForAmendApiIntegrationTest.groovy:29)
</failure>
  </testcase>
  <testcase name="ファイル出力を比較する: Direction{ s_InputDir: data/input/200808-4.7-S-H20-0012/200808-description-p, s_OutputDir: data/output/html_amend/20101207-5.0-S-H22-0021/application-body-23-5} null" classname="jp.go.jpo.sa1s99.common.format.integration.HtmlToXmlForAmendApiIntegrationTest" time="0.0">
    <failure message="java.lang.IllegalArgumentException: Not implemented yet" type="java.lang.IllegalArgumentException">java.lang.IllegalArgumentException: Not implemented yet
	at jp.go.jpo.sa1s99.common.format.api.XmlToHtmlForAmendApi.execute(XmlToHtmlForAmendApi.java:32)
	at jp.go.jpo.sa1s99.common.format.integration.ExecuteXmlToHtmlForAmendApiByDirection.executeApi(ExecuteXmlToHtmlForAmendApiByDirection.java:26)
	at jp.go.jpo.sa1s99.common.format.integration.ExecuteXmlToHtmlForAmendApiByDirection.executeApi(ExecuteXmlToHtmlForAmendApiByDirection.java:13)
	at jp.go.jpo.sa1s99.common.format.integration.ExecuteApiByDirection.execute(ExecuteApiByDirection.java:28)
	at jp.go.jpo.sa1s99.common.format.integration.HtmlToXmlForAmendApiIntegrationTest.ファイル出力を比較する: #direction #parsedResult(HtmlToXmlForAmendApiIntegrationTest.groovy:29)
</failure>
  </testcase>
  <testcase name="ファイル出力を比較する: Direction{ s_InputDir: data/input/All-Format/attaching-document/case1, s_OutputDir: data/output/html_amend/20101207-5.0-S-H22-0021/attaching-document-27-1} null" classname="jp.go.jpo.sa1s99.common.format.integration.HtmlToXmlForAmendApiIntegrationTest" time="0.004">
    <failure message="java.lang.IllegalArgumentException: Not implemented yet" type="java.lang.IllegalArgumentException">java.lang.IllegalArgumentException: Not implemented yet
	at jp.go.jpo.sa1s99.common.format.api.XmlToHtmlForAmendApi.execute(XmlToHtmlForAmendApi.java:32)
	at jp.go.jpo.sa1s99.common.format.integration.ExecuteXmlToHtmlForAmendApiByDirection.executeApi(ExecuteXmlToHtmlForAmendApiByDirection.java:26)
	at jp.go.jpo.sa1s99.common.format.integration.ExecuteXmlToHtmlForAmendApiByDirection.executeApi(ExecuteXmlToHtmlForAmendApiByDirection.java:13)
	at jp.go.jpo.sa1s99.common.format.integration.ExecuteApiByDirection.execute(ExecuteApiByDirection.java:28)
	at jp.go.jpo.sa1s99.common.format.integration.HtmlToXmlForAmendApiIntegrationTest.ファイル出力を比較する: #direction #parsedResult(HtmlToXmlForAmendApiIntegrationTest.groovy:29)
</failure>
  </testcase>
  <testcase name="ファイル出力を比較する: Direction{ s_InputDir: data/input/All-Format/attaching-document/case1, s_OutputDir: data/output/html_amend/20101207-5.0-S-H22-0021/attaching-document-27-2} null" classname="jp.go.jpo.sa1s99.common.format.integration.HtmlToXmlForAmendApiIntegrationTest" time="0.0">
    <failure message="java.lang.IllegalArgumentException: Not implemented yet" type="java.lang.IllegalArgumentException">java.lang.IllegalArgumentException: Not implemented yet
	at jp.go.jpo.sa1s99.common.format.api.XmlToHtmlForAmendApi.execute(XmlToHtmlForAmendApi.java:32)
	at jp.go.jpo.sa1s99.common.format.integration.ExecuteXmlToHtmlForAmendApiByDirection.executeApi(ExecuteXmlToHtmlForAmendApiByDirection.java:26)
	at jp.go.jpo.sa1s99.common.format.integration.ExecuteXmlToHtmlForAmendApiByDirection.executeApi(ExecuteXmlToHtmlForAmendApiByDirection.java:13)
	at jp.go.jpo.sa1s99.common.format.integration.ExecuteApiByDirection.execute(ExecuteApiByDirection.java:28)
	at jp.go.jpo.sa1s99.common.format.integration.HtmlToXmlForAmendApiIntegrationTest.ファイル出力を比較する: #direction #parsedResult(HtmlToXmlForAmendApiIntegrationTest.groovy:29)
</failure>
  </testcase>
  <testcase name="ファイル出力を比較する: Direction{ s_InputDir: data/input/All-Format/attaching-document/case1, s_OutputDir: data/output/html_amend/20101207-5.0-S-H22-0021/attaching-document-27-3} null" classname="jp.go.jpo.sa1s99.common.format.integration.HtmlToXmlForAmendApiIntegrationTest" time="0.0">
    <failure message="java.lang.IllegalArgumentException: Not implemented yet" type="java.lang.IllegalArgumentException">java.lang.IllegalArgumentException: Not implemented yet
	at jp.go.jpo.sa1s99.common.format.api.XmlToHtmlForAmendApi.execute(XmlToHtmlForAmendApi.java:32)
	at jp.go.jpo.sa1s99.common.format.integration.ExecuteXmlToHtmlForAmendApiByDirection.executeApi(ExecuteXmlToHtmlForAmendApiByDirection.java:26)
	at jp.go.jpo.sa1s99.common.format.integration.ExecuteXmlToHtmlForAmendApiByDirection.executeApi(ExecuteXmlToHtmlForAmendApiByDirection.java:13)
	at jp.go.jpo.sa1s99.common.format.integration.ExecuteApiByDirection.execute(ExecuteApiByDirection.java:28)
	at jp.go.jpo.sa1s99.common.format.integration.HtmlToXmlForAmendApiIntegrationTest.ファイル出力を比較する: #direction #parsedResult(HtmlToXmlForAmendApiIntegrationTest.groovy:29)
</failure>
  </testcase>
  <testcase name="ファイル出力を比較する: Direction{ s_InputDir: data/input/All-Format/attaching-document/case1, s_OutputDir: data/output/html_amend/20101207-5.0-S-H22-0021/attaching-document-27-4} null" classname="jp.go.jpo.sa1s99.common.format.integration.HtmlToXmlForAmendApiIntegrationTest" time="0.0">
    <failure message="java.lang.IllegalArgumentException: Not implemented yet" type="java.lang.IllegalArgumentException">java.lang.IllegalArgumentException: Not implemented yet
	at jp.go.jpo.sa1s99.common.format.api.XmlToHtmlForAmendApi.execute(XmlToHtmlForAmendApi.java:32)
	at jp.go.jpo.sa1s99.common.format.integration.ExecuteXmlToHtmlForAmendApiByDirection.executeApi(ExecuteXmlToHtmlForAmendApiByDirection.java:26)
	at jp.go.jpo.sa1s99.common.format.integration.ExecuteXmlToHtmlForAmendApiByDirection.executeApi(ExecuteXmlToHtmlForAmendApiByDirection.java:13)
	at jp.go.jpo.sa1s99.common.format.integration.ExecuteApiByDirection.execute(ExecuteApiByDirection.java:28)
	at jp.go.jpo.sa1s99.common.format.integration.HtmlToXmlForAmendApiIntegrationTest.ファイル出力を比較する: #direction #parsedResult(HtmlToXmlForAmendApiIntegrationTest.groovy:29)
</failure>
  </testcase>
  <testcase name="ファイル出力を比較する: Direction{ s_InputDir: data/input/All-Format/attaching-document/case1, s_OutputDir: data/output/html_amend/20101207-5.0-S-H22-0021/attaching-document-27-5} null" classname="jp.go.jpo.sa1s99.common.format.integration.HtmlToXmlForAmendApiIntegrationTest" time="0.0">
    <failure message="java.lang.IllegalArgumentException: Not implemented yet" type="java.lang.IllegalArgumentException">java.lang.IllegalArgumentException: Not implemented yet
	at jp.go.jpo.sa1s99.common.format.api.XmlToHtmlForAmendApi.execute(XmlToHtmlForAmendApi.java:32)
	at jp.go.jpo.sa1s99.common.format.integration.ExecuteXmlToHtmlForAmendApiByDirection.executeApi(ExecuteXmlToHtmlForAmendApiByDirection.java:26)
	at jp.go.jpo.sa1s99.common.format.integration.ExecuteXmlToHtmlForAmendApiByDirection.executeApi(ExecuteXmlToHtmlForAmendApiByDirection.java:13)
	at jp.go.jpo.sa1s99.common.format.integration.ExecuteApiByDirection.execute(ExecuteApiByDirection.java:28)
	at jp.go.jpo.sa1s99.common.format.integration.HtmlToXmlForAmendApiIntegrationTest.ファイル出力を比較する: #direction #parsedResult(HtmlToXmlForAmendApiIntegrationTest.groovy:29)
</failure>
  </testcase>
  <testcase name="ファイル出力を比較する: Direction{ s_InputDir: data/input/All-Format_append/drawing-body/case1, s_OutputDir: data/output/html_amend/20101207-5.0-S-H22-0021/drawing-body-25-1} null" classname="jp.go.jpo.sa1s99.common.format.integration.HtmlToXmlForAmendApiIntegrationTest" time="0.0">
    <failure message="java.lang.IllegalArgumentException: Not implemented yet" type="java.lang.IllegalArgumentException">java.lang.IllegalArgumentException: Not implemented yet
	at jp.go.jpo.sa1s99.common.format.api.XmlToHtmlForAmendApi.execute(XmlToHtmlForAmendApi.java:32)
	at jp.go.jpo.sa1s99.common.format.integration.ExecuteXmlToHtmlForAmendApiByDirection.executeApi(ExecuteXmlToHtmlForAmendApiByDirection.java:26)
	at jp.go.jpo.sa1s99.common.format.integration.ExecuteXmlToHtmlForAmendApiByDirection.executeApi(ExecuteXmlToHtmlForAmendApiByDirection.java:13)
	at jp.go.jpo.sa1s99.common.format.integration.ExecuteApiByDirection.execute(ExecuteApiByDirection.java:28)
	at jp.go.jpo.sa1s99.common.format.integration.HtmlToXmlForAmendApiIntegrationTest.ファイル出力を比較する: #direction #parsedResult(HtmlToXmlForAmendApiIntegrationTest.groovy:29)
</failure>
  </testcase>
  <testcase name="ファイル出力を比較する: Direction{ s_InputDir: data/input/All-Format_append/drawing-body/case1, s_OutputDir: data/output/html_amend/20101207-5.0-S-H22-0021/drawing-body-25-2} null" classname="jp.go.jpo.sa1s99.common.format.integration.HtmlToXmlForAmendApiIntegrationTest" time="0.0">
    <failure message="java.lang.IllegalArgumentException: Not implemented yet" type="java.lang.IllegalArgumentException">java.lang.IllegalArgumentException: Not implemented yet
	at jp.go.jpo.sa1s99.common.format.api.XmlToHtmlForAmendApi.execute(XmlToHtmlForAmendApi.java:32)
	at jp.go.jpo.sa1s99.common.format.integration.ExecuteXmlToHtmlForAmendApiByDirection.executeApi(ExecuteXmlToHtmlForAmendApiByDirection.java:26)
	at jp.go.jpo.sa1s99.common.format.integration.ExecuteXmlToHtmlForAmendApiByDirection.executeApi(ExecuteXmlToHtmlForAmendApiByDirection.java:13)
	at jp.go.jpo.sa1s99.common.format.integration.ExecuteApiByDirection.execute(ExecuteApiByDirection.java:28)
	at jp.go.jpo.sa1s99.common.format.integration.HtmlToXmlForAmendApiIntegrationTest.ファイル出力を比較する: #direction #parsedResult(HtmlToXmlForAmendApiIntegrationTest.groovy:29)
</failure>
  </testcase>
  <testcase name="ファイル出力を比較する: Direction{ s_InputDir: data/input/All-Format_append/drawing-body/case1, s_OutputDir: data/output/html_amend/20101207-5.0-S-H22-0021/drawing-body-25-3} null" classname="jp.go.jpo.sa1s99.common.format.integration.HtmlToXmlForAmendApiIntegrationTest" time="0.0">
    <failure message="java.lang.IllegalArgumentException: Not implemented yet" type="java.lang.IllegalArgumentException">java.lang.IllegalArgumentException: Not implemented yet
	at jp.go.jpo.sa1s99.common.format.api.XmlToHtmlForAmendApi.execute(XmlToHtmlForAmendApi.java:32)
	at jp.go.jpo.sa1s99.common.format.integration.ExecuteXmlToHtmlForAmendApiByDirection.executeApi(ExecuteXmlToHtmlForAmendApiByDirection.java:26)
	at jp.go.jpo.sa1s99.common.format.integration.ExecuteXmlToHtmlForAmendApiByDirection.executeApi(ExecuteXmlToHtmlForAmendApiByDirection.java:13)
	at jp.go.jpo.sa1s99.common.format.integration.ExecuteApiByDirection.execute(ExecuteApiByDirection.java:28)
	at jp.go.jpo.sa1s99.common.format.integration.HtmlToXmlForAmendApiIntegrationTest.ファイル出力を比較する: #direction #parsedResult(HtmlToXmlForAmendApiIntegrationTest.groovy:29)
</failure>
  </testcase>
  <testcase name="ファイル出力を比較する: Direction{ s_InputDir: data/input/All-Format_append/drawing-body/case1, s_OutputDir: data/output/html_amend/20101207-5.0-S-H22-0021/drawing-body-25-4} null" classname="jp.go.jpo.sa1s99.common.format.integration.HtmlToXmlForAmendApiIntegrationTest" time="0.0">
    <failure message="java.lang.IllegalArgumentException: Not implemented yet" type="java.lang.IllegalArgumentException">java.lang.IllegalArgumentException: Not implemented yet
	at jp.go.jpo.sa1s99.common.format.api.XmlToHtmlForAmendApi.execute(XmlToHtmlForAmendApi.java:32)
	at jp.go.jpo.sa1s99.common.format.integration.ExecuteXmlToHtmlForAmendApiByDirection.executeApi(ExecuteXmlToHtmlForAmendApiByDirection.java:26)
	at jp.go.jpo.sa1s99.common.format.integration.ExecuteXmlToHtmlForAmendApiByDirection.executeApi(ExecuteXmlToHtmlForAmendApiByDirection.java:13)
	at jp.go.jpo.sa1s99.common.format.integration.ExecuteApiByDirection.execute(ExecuteApiByDirection.java:28)
	at jp.go.jpo.sa1s99.common.format.integration.HtmlToXmlForAmendApiIntegrationTest.ファイル出力を比較する: #direction #parsedResult(HtmlToXmlForAmendApiIntegrationTest.groovy:29)
</failure>
  </testcase>
  <testcase name="ファイル出力を比較する: Direction{ s_InputDir: data/input/All-Format_append/drawing-body/case1, s_OutputDir: data/output/html_amend/20101207-5.0-S-H22-0021/drawing-body-25-5} null" classname="jp.go.jpo.sa1s99.common.format.integration.HtmlToXmlForAmendApiIntegrationTest" time="0.0">
    <failure message="java.lang.IllegalArgumentException: Not implemented yet" type="java.lang.IllegalArgumentException">java.lang.IllegalArgumentException: Not implemented yet
	at jp.go.jpo.sa1s99.common.format.api.XmlToHtmlForAmendApi.execute(XmlToHtmlForAmendApi.java:32)
	at jp.go.jpo.sa1s99.common.format.integration.ExecuteXmlToHtmlForAmendApiByDirection.executeApi(ExecuteXmlToHtmlForAmendApiByDirection.java:26)
	at jp.go.jpo.sa1s99.common.format.integration.ExecuteXmlToHtmlForAmendApiByDirection.executeApi(ExecuteXmlToHtmlForAmendApiByDirection.java:13)
	at jp.go.jpo.sa1s99.common.format.integration.ExecuteApiByDirection.execute(ExecuteApiByDirection.java:28)
	at jp.go.jpo.sa1s99.common.format.integration.HtmlToXmlForAmendApiIntegrationTest.ファイル出力を比較する: #direction #parsedResult(HtmlToXmlForAmendApiIntegrationTest.groovy:29)
</failure>
  </testcase>
  <testcase name="ファイル出力を比較する: Direction{ s_InputDir: data/input/20111215-5.1-S-H23-0018/pat-appd/01-application-a63-p, s_OutputDir: data/output/20111215-5.1-S-H23-0018/html_amend/pat-appd/01-application-a63-p} null" classname="jp.go.jpo.sa1s99.common.format.integration.HtmlToXmlForAmendApiIntegrationTest" time="0.0">
    <failure message="java.lang.IllegalArgumentException: Not implemented yet" type="java.lang.IllegalArgumentException">java.lang.IllegalArgumentException: Not implemented yet
	at jp.go.jpo.sa1s99.common.format.api.XmlToHtmlForAmendApi.execute(XmlToHtmlForAmendApi.java:32)
	at jp.go.jpo.sa1s99.common.format.integration.ExecuteXmlToHtmlForAmendApiByDirection.executeApi(ExecuteXmlToHtmlForAmendApiByDirection.java:26)
	at jp.go.jpo.sa1s99.common.format.integration.ExecuteXmlToHtmlForAmendApiByDirection.executeApi(ExecuteXmlToHtmlForAmendApiByDirection.java:13)
	at jp.go.jpo.sa1s99.common.format.integration.ExecuteApiByDirection.execute(ExecuteApiByDirection.java:28)
	at jp.go.jpo.sa1s99.common.format.integration.HtmlToXmlForAmendApiIntegrationTest.ファイル出力を比較する: #direction #parsedResult(HtmlToXmlForAmendApiIntegrationTest.groovy:29)
</failure>
  </testcase>
  <testcase name="ファイル出力を比較する: Direction{ s_InputDir: data/input/20111215-5.1-S-H23-0018/pat-appd/01-application-a63-u, s_OutputDir: data/output/20111215-5.1-S-H23-0018/html_amend/pat-appd/01-application-a63-u} null" classname="jp.go.jpo.sa1s99.common.format.integration.HtmlToXmlForAmendApiIntegrationTest" time="0.015">
    <failure message="java.lang.IllegalArgumentException: Not implemented yet" type="java.lang.IllegalArgumentException">java.lang.IllegalArgumentException: Not implemented yet
	at jp.go.jpo.sa1s99.common.format.api.XmlToHtmlForAmendApi.execute(XmlToHtmlForAmendApi.java:32)
	at jp.go.jpo.sa1s99.common.format.integration.ExecuteXmlToHtmlForAmendApiByDirection.executeApi(ExecuteXmlToHtmlForAmendApiByDirection.java:26)
	at jp.go.jpo.sa1s99.common.format.integration.ExecuteXmlToHtmlForAmendApiByDirection.executeApi(ExecuteXmlToHtmlForAmendApiByDirection.java:13)
	at jp.go.jpo.sa1s99.common.format.integration.ExecuteApiByDirection.execute(ExecuteApiByDirection.java:28)
	at jp.go.jpo.sa1s99.common.format.integration.HtmlToXmlForAmendApiIntegrationTest.ファイル出力を比較する: #direction #parsedResult(HtmlToXmlForAmendApiIntegrationTest.groovy:29)
</failure>
  </testcase>
  <testcase name="ファイル出力を比較する: Direction{ s_InputDir: data/input/20111215-5.1-S-H23-0018/pat-sbms/01-presentment-a801-p, s_OutputDir: data/output/20111215-5.1-S-H23-0018/html_amend/pat-sbms/01-presentment-a801-p} null" classname="jp.go.jpo.sa1s99.common.format.integration.HtmlToXmlForAmendApiIntegrationTest" time="0.0">
    <failure message="java.lang.IllegalArgumentException: Not implemented yet" type="java.lang.IllegalArgumentException">java.lang.IllegalArgumentException: Not implemented yet
	at jp.go.jpo.sa1s99.common.format.api.XmlToHtmlForAmendApi.execute(XmlToHtmlForAmendApi.java:32)
	at jp.go.jpo.sa1s99.common.format.integration.ExecuteXmlToHtmlForAmendApiByDirection.executeApi(ExecuteXmlToHtmlForAmendApiByDirection.java:26)
	at jp.go.jpo.sa1s99.common.format.integration.ExecuteXmlToHtmlForAmendApiByDirection.executeApi(ExecuteXmlToHtmlForAmendApiByDirection.java:13)
	at jp.go.jpo.sa1s99.common.format.integration.ExecuteApiByDirection.execute(ExecuteApiByDirection.java:28)
	at jp.go.jpo.sa1s99.common.format.integration.HtmlToXmlForAmendApiIntegrationTest.ファイル出力を比較する: #direction #parsedResult(HtmlToXmlForAmendApiIntegrationTest.groovy:29)
</failure>
  </testcase>
  <testcase name="ファイル出力を比較する: Direction{ s_InputDir: data/input/20111215-5.1-S-H23-0018/pat-sbms/01-presentment-a801-u, s_OutputDir: data/output/20111215-5.1-S-H23-0018/html_amend/pat-sbms/01-presentment-a801-u} null" classname="jp.go.jpo.sa1s99.common.format.integration.HtmlToXmlForAmendApiIntegrationTest" time="0.016">
    <failure message="java.lang.IllegalArgumentException: Not implemented yet" type="java.lang.IllegalArgumentException">java.lang.IllegalArgumentException: Not implemented yet
	at jp.go.jpo.sa1s99.common.format.api.XmlToHtmlForAmendApi.execute(XmlToHtmlForAmendApi.java:32)
	at jp.go.jpo.sa1s99.common.format.integration.ExecuteXmlToHtmlForAmendApiByDirection.executeApi(ExecuteXmlToHtmlForAmendApiByDirection.java:26)
	at jp.go.jpo.sa1s99.common.format.integration.ExecuteXmlToHtmlForAmendApiByDirection.executeApi(ExecuteXmlToHtmlForAmendApiByDirection.java:13)
	at jp.go.jpo.sa1s99.common.format.integration.ExecuteApiByDirection.execute(ExecuteApiByDirection.java:28)
	at jp.go.jpo.sa1s99.common.format.integration.HtmlToXmlForAmendApiIntegrationTest.ファイル出力を比較する: #direction #parsedResult(HtmlToXmlForAmendApiIntegrationTest.groovy:29)
</failure>
  </testcase>
  <testcase name="ファイル出力を比較する: Direction{ s_InputDir: data/input/20111215-5.1-S-H23-0018/pat-amnd/01-amendment-a51-p, s_OutputDir: data/output/20111215-5.1-S-H23-0018/html_amend/pat-amnd/01-amendment-a51-p} null" classname="jp.go.jpo.sa1s99.common.format.integration.HtmlToXmlForAmendApiIntegrationTest" time="0.0">
    <failure message="java.lang.IllegalArgumentException: Not implemented yet" type="java.lang.IllegalArgumentException">java.lang.IllegalArgumentException: Not implemented yet
	at jp.go.jpo.sa1s99.common.format.api.XmlToHtmlForAmendApi.execute(XmlToHtmlForAmendApi.java:32)
	at jp.go.jpo.sa1s99.common.format.integration.ExecuteXmlToHtmlForAmendApiByDirection.executeApi(ExecuteXmlToHtmlForAmendApiByDirection.java:26)
	at jp.go.jpo.sa1s99.common.format.integration.ExecuteXmlToHtmlForAmendApiByDirection.executeApi(ExecuteXmlToHtmlForAmendApiByDirection.java:13)
	at jp.go.jpo.sa1s99.common.format.integration.ExecuteApiByDirection.execute(ExecuteApiByDirection.java:28)
	at jp.go.jpo.sa1s99.common.format.integration.HtmlToXmlForAmendApiIntegrationTest.ファイル出力を比較する: #direction #parsedResult(HtmlToXmlForAmendApiIntegrationTest.groovy:29)
</failure>
  </testcase>
  <testcase name="ファイル出力を比較する: Direction{ s_InputDir: data/input/20111215-5.1-S-H23-0018/pat-amnd/01-amendment-a51-u, s_OutputDir: data/output/20111215-5.1-S-H23-0018/html_amend/pat-amnd/01-amendment-a51-u} null" classname="jp.go.jpo.sa1s99.common.format.integration.HtmlToXmlForAmendApiIntegrationTest" time="0.0">
    <failure message="java.lang.IllegalArgumentException: Not implemented yet" type="java.lang.IllegalArgumentException">java.lang.IllegalArgumentException: Not implemented yet
	at jp.go.jpo.sa1s99.common.format.api.XmlToHtmlForAmendApi.execute(XmlToHtmlForAmendApi.java:32)
	at jp.go.jpo.sa1s99.common.format.integration.ExecuteXmlToHtmlForAmendApiByDirection.executeApi(ExecuteXmlToHtmlForAmendApiByDirection.java:26)
	at jp.go.jpo.sa1s99.common.format.integration.ExecuteXmlToHtmlForAmendApiByDirection.executeApi(ExecuteXmlToHtmlForAmendApiByDirection.java:13)
	at jp.go.jpo.sa1s99.common.format.integration.ExecuteApiByDirection.execute(ExecuteApiByDirection.java:28)
	at jp.go.jpo.sa1s99.common.format.integration.HtmlToXmlForAmendApiIntegrationTest.ファイル出力を比較する: #direction #parsedResult(HtmlToXmlForAmendApiIntegrationTest.groovy:29)
</failure>
  </testcase>
  <testcase name="ファイル出力を比較する: Direction{ s_InputDir: data/input/20111215-5.1-S-H23-0018/pat-amnd/02-amendment-a523-p, s_OutputDir: data/output/20111215-5.1-S-H23-0018/html_amend/pat-amnd/02-amendment-a523-p} null" classname="jp.go.jpo.sa1s99.common.format.integration.HtmlToXmlForAmendApiIntegrationTest" time="0.016">
    <failure message="java.lang.IllegalArgumentException: Not implemented yet" type="java.lang.IllegalArgumentException">java.lang.IllegalArgumentException: Not implemented yet
	at jp.go.jpo.sa1s99.common.format.api.XmlToHtmlForAmendApi.execute(XmlToHtmlForAmendApi.java:32)
	at jp.go.jpo.sa1s99.common.format.integration.ExecuteXmlToHtmlForAmendApiByDirection.executeApi(ExecuteXmlToHtmlForAmendApiByDirection.java:26)
	at jp.go.jpo.sa1s99.common.format.integration.ExecuteXmlToHtmlForAmendApiByDirection.executeApi(ExecuteXmlToHtmlForAmendApiByDirection.java:13)
	at jp.go.jpo.sa1s99.common.format.integration.ExecuteApiByDirection.execute(ExecuteApiByDirection.java:28)
	at jp.go.jpo.sa1s99.common.format.integration.HtmlToXmlForAmendApiIntegrationTest.ファイル出力を比較する: #direction #parsedResult(HtmlToXmlForAmendApiIntegrationTest.groovy:29)
</failure>
  </testcase>
  <testcase name="ファイル出力を比較する: Direction{ s_InputDir: data/input/20111215-5.1-S-H23-0018/pat-amnd/02-amendment-a523-u, s_OutputDir: data/output/20111215-5.1-S-H23-0018/html_amend/pat-amnd/02-amendment-a523-u} null" classname="jp.go.jpo.sa1s99.common.format.integration.HtmlToXmlForAmendApiIntegrationTest" time="0.0">
    <failure message="java.lang.IllegalArgumentException: Not implemented yet" type="java.lang.IllegalArgumentException">java.lang.IllegalArgumentException: Not implemented yet
	at jp.go.jpo.sa1s99.common.format.api.XmlToHtmlForAmendApi.execute(XmlToHtmlForAmendApi.java:32)
	at jp.go.jpo.sa1s99.common.format.integration.ExecuteXmlToHtmlForAmendApiByDirection.executeApi(ExecuteXmlToHtmlForAmendApiByDirection.java:26)
	at jp.go.jpo.sa1s99.common.format.integration.ExecuteXmlToHtmlForAmendApiByDirection.executeApi(ExecuteXmlToHtmlForAmendApiByDirection.java:13)
	at jp.go.jpo.sa1s99.common.format.integration.ExecuteApiByDirection.execute(ExecuteApiByDirection.java:28)
	at jp.go.jpo.sa1s99.common.format.integration.HtmlToXmlForAmendApiIntegrationTest.ファイル出力を比較する: #direction #parsedResult(HtmlToXmlForAmendApiIntegrationTest.groovy:29)
</failure>
  </testcase>
  <testcase name="ファイル出力を比較する: Direction{ s_InputDir: data/input/20111215-5.1-S-H23-0018/pat-amnd/03-amendment-a524-p, s_OutputDir: data/output/20111215-5.1-S-H23-0018/html_amend/pat-amnd/03-amendment-a524-p} null" classname="jp.go.jpo.sa1s99.common.format.integration.HtmlToXmlForAmendApiIntegrationTest" time="0.0">
    <failure message="java.lang.IllegalArgumentException: Not implemented yet" type="java.lang.IllegalArgumentException">java.lang.IllegalArgumentException: Not implemented yet
	at jp.go.jpo.sa1s99.common.format.api.XmlToHtmlForAmendApi.execute(XmlToHtmlForAmendApi.java:32)
	at jp.go.jpo.sa1s99.common.format.integration.ExecuteXmlToHtmlForAmendApiByDirection.executeApi(ExecuteXmlToHtmlForAmendApiByDirection.java:26)
	at jp.go.jpo.sa1s99.common.format.integration.ExecuteXmlToHtmlForAmendApiByDirection.executeApi(ExecuteXmlToHtmlForAmendApiByDirection.java:13)
	at jp.go.jpo.sa1s99.common.format.integration.ExecuteApiByDirection.execute(ExecuteApiByDirection.java:28)
	at jp.go.jpo.sa1s99.common.format.integration.HtmlToXmlForAmendApiIntegrationTest.ファイル出力を比較する: #direction #parsedResult(HtmlToXmlForAmendApiIntegrationTest.groovy:29)
</failure>
  </testcase>
  <testcase name="ファイル出力を比較する: Direction{ s_InputDir: data/input/20111215-5.1-S-H23-0018/pat-amnd/04-amendment-a525-p, s_OutputDir: data/output/20111215-5.1-S-H23-0018/html_amend/pat-amnd/04-amendment-a525-p} null" classname="jp.go.jpo.sa1s99.common.format.integration.HtmlToXmlForAmendApiIntegrationTest" time="0.015">
    <failure message="java.lang.IllegalArgumentException: Not implemented yet" type="java.lang.IllegalArgumentException">java.lang.IllegalArgumentException: Not implemented yet
	at jp.go.jpo.sa1s99.common.format.api.XmlToHtmlForAmendApi.execute(XmlToHtmlForAmendApi.java:32)
	at jp.go.jpo.sa1s99.common.format.integration.ExecuteXmlToHtmlForAmendApiByDirection.executeApi(ExecuteXmlToHtmlForAmendApiByDirection.java:26)
	at jp.go.jpo.sa1s99.common.format.integration.ExecuteXmlToHtmlForAmendApiByDirection.executeApi(ExecuteXmlToHtmlForAmendApiByDirection.java:13)
	at jp.go.jpo.sa1s99.common.format.integration.ExecuteApiByDirection.execute(ExecuteApiByDirection.java:28)
	at jp.go.jpo.sa1s99.common.format.integration.HtmlToXmlForAmendApiIntegrationTest.ファイル出力を比較する: #direction #parsedResult(HtmlToXmlForAmendApiIntegrationTest.groovy:29)
</failure>
  </testcase>
  <testcase name="ファイル出力を比較する: Direction{ s_InputDir: data/input/20111215-5.1-S-H23-0018/pat-amnd/04-amendment-a525-u, s_OutputDir: data/output/20111215-5.1-S-H23-0018/html_amend/pat-amnd/04-amendment-a525-u} null" classname="jp.go.jpo.sa1s99.common.format.integration.HtmlToXmlForAmendApiIntegrationTest" time="0.0">
    <failure message="java.lang.IllegalArgumentException: Not implemented yet" type="java.lang.IllegalArgumentException">java.lang.IllegalArgumentException: Not implemented yet
	at jp.go.jpo.sa1s99.common.format.api.XmlToHtmlForAmendApi.execute(XmlToHtmlForAmendApi.java:32)
	at jp.go.jpo.sa1s99.common.format.integration.ExecuteXmlToHtmlForAmendApiByDirection.executeApi(ExecuteXmlToHtmlForAmendApiByDirection.java:26)
	at jp.go.jpo.sa1s99.common.format.integration.ExecuteXmlToHtmlForAmendApiByDirection.executeApi(ExecuteXmlToHtmlForAmendApiByDirection.java:13)
	at jp.go.jpo.sa1s99.common.format.integration.ExecuteApiByDirection.execute(ExecuteApiByDirection.java:28)
	at jp.go.jpo.sa1s99.common.format.integration.HtmlToXmlForAmendApiIntegrationTest.ファイル出力を比較する: #direction #parsedResult(HtmlToXmlForAmendApiIntegrationTest.groovy:29)
</failure>
  </testcase>
  <testcase name="ファイル出力を比較する: Direction{ s_InputDir: data/input/20111215-5.1-S-H23-0018/pat-amnd/05-amendment-a526-p, s_OutputDir: data/output/20111215-5.1-S-H23-0018/html_amend/pat-amnd/05-amendment-a526-p} null" classname="jp.go.jpo.sa1s99.common.format.integration.HtmlToXmlForAmendApiIntegrationTest" time="0.016">
    <failure message="java.lang.IllegalArgumentException: Not implemented yet" type="java.lang.IllegalArgumentException">java.lang.IllegalArgumentException: Not implemented yet
	at jp.go.jpo.sa1s99.common.format.api.XmlToHtmlForAmendApi.execute(XmlToHtmlForAmendApi.java:32)
	at jp.go.jpo.sa1s99.common.format.integration.ExecuteXmlToHtmlForAmendApiByDirection.executeApi(ExecuteXmlToHtmlForAmendApiByDirection.java:26)
	at jp.go.jpo.sa1s99.common.format.integration.ExecuteXmlToHtmlForAmendApiByDirection.executeApi(ExecuteXmlToHtmlForAmendApiByDirection.java:13)
	at jp.go.jpo.sa1s99.common.format.integration.ExecuteApiByDirection.execute(ExecuteApiByDirection.java:28)
	at jp.go.jpo.sa1s99.common.format.integration.HtmlToXmlForAmendApiIntegrationTest.ファイル出力を比較する: #direction #parsedResult(HtmlToXmlForAmendApiIntegrationTest.groovy:29)
</failure>
  </testcase>
  <testcase name="ファイル出力を比較する: Direction{ s_InputDir: data/input/20111215-5.1-S-H23-0018/pat-amnd/05-amendment-a526-u, s_OutputDir: data/output/20111215-5.1-S-H23-0018/html_amend/pat-amnd/05-amendment-a526-u} null" classname="jp.go.jpo.sa1s99.common.format.integration.HtmlToXmlForAmendApiIntegrationTest" time="0.0">
    <failure message="java.lang.IllegalArgumentException: Not implemented yet" type="java.lang.IllegalArgumentException">java.lang.IllegalArgumentException: Not implemented yet
	at jp.go.jpo.sa1s99.common.format.api.XmlToHtmlForAmendApi.execute(XmlToHtmlForAmendApi.java:32)
	at jp.go.jpo.sa1s99.common.format.integration.ExecuteXmlToHtmlForAmendApiByDirection.executeApi(ExecuteXmlToHtmlForAmendApiByDirection.java:26)
	at jp.go.jpo.sa1s99.common.format.integration.ExecuteXmlToHtmlForAmendApiByDirection.executeApi(ExecuteXmlToHtmlForAmendApiByDirection.java:13)
	at jp.go.jpo.sa1s99.common.format.integration.ExecuteApiByDirection.execute(ExecuteApiByDirection.java:28)
	at jp.go.jpo.sa1s99.common.format.integration.HtmlToXmlForAmendApiIntegrationTest.ファイル出力を比較する: #direction #parsedResult(HtmlToXmlForAmendApiIntegrationTest.groovy:29)
</failure>
  </testcase>
  <testcase name="ファイル出力を比較する: Direction{ s_InputDir: data/input/20111215-5.1-S-H23-0018/pat-amnd/08-amendment-a529-p, s_OutputDir: data/output/20111215-5.1-S-H23-0018/html_amend/pat-amnd/08-amendment-a529-p} null" classname="jp.go.jpo.sa1s99.common.format.integration.HtmlToXmlForAmendApiIntegrationTest" time="0.0">
    <failure message="java.lang.IllegalArgumentException: Not implemented yet" type="java.lang.IllegalArgumentException">java.lang.IllegalArgumentException: Not implemented yet
	at jp.go.jpo.sa1s99.common.format.api.XmlToHtmlForAmendApi.execute(XmlToHtmlForAmendApi.java:32)
	at jp.go.jpo.sa1s99.common.format.integration.ExecuteXmlToHtmlForAmendApiByDirection.executeApi(ExecuteXmlToHtmlForAmendApiByDirection.java:26)
	at jp.go.jpo.sa1s99.common.format.integration.ExecuteXmlToHtmlForAmendApiByDirection.executeApi(ExecuteXmlToHtmlForAmendApiByDirection.java:13)
	at jp.go.jpo.sa1s99.common.format.integration.ExecuteApiByDirection.execute(ExecuteApiByDirection.java:28)
	at jp.go.jpo.sa1s99.common.format.integration.HtmlToXmlForAmendApiIntegrationTest.ファイル出力を比較する: #direction #parsedResult(HtmlToXmlForAmendApiIntegrationTest.groovy:29)
</failure>
  </testcase>
  <testcase name="ファイル出力を比較する: Direction{ s_InputDir: data/input/20111215-5.1-S-H23-0018/pat-amnd/08-amendment-a529-u, s_OutputDir: data/output/20111215-5.1-S-H23-0018/html_amend/pat-amnd/08-amendment-a529-u} null" classname="jp.go.jpo.sa1s99.common.format.integration.HtmlToXmlForAmendApiIntegrationTest" time="0.021">
    <failure message="java.lang.IllegalArgumentException: Not implemented yet" type="java.lang.IllegalArgumentException">java.lang.IllegalArgumentException: Not implemented yet
	at jp.go.jpo.sa1s99.common.format.api.XmlToHtmlForAmendApi.execute(XmlToHtmlForAmendApi.java:32)
	at jp.go.jpo.sa1s99.common.format.integration.ExecuteXmlToHtmlForAmendApiByDirection.executeApi(ExecuteXmlToHtmlForAmendApiByDirection.java:26)
	at jp.go.jpo.sa1s99.common.format.integration.ExecuteXmlToHtmlForAmendApiByDirection.executeApi(ExecuteXmlToHtmlForAmendApiByDirection.java:13)
	at jp.go.jpo.sa1s99.common.format.integration.ExecuteApiByDirection.execute(ExecuteApiByDirection.java:28)
	at jp.go.jpo.sa1s99.common.format.integration.HtmlToXmlForAmendApiIntegrationTest.ファイル出力を比較する: #direction #parsedResult(HtmlToXmlForAmendApiIntegrationTest.groovy:29)
</failure>
  </testcase>
  <testcase name="ファイル出力を比較する: Direction{ s_InputDir: data/input/20111215-5.1-S-H23-0018/pat-amnd/09-amendment-a5210-p, s_OutputDir: data/output/20111215-5.1-S-H23-0018/html_amend/pat-amnd/09-amendment-a5210-p} null" classname="jp.go.jpo.sa1s99.common.format.integration.HtmlToXmlForAmendApiIntegrationTest" time="0.0">
    <failure message="java.lang.IllegalArgumentException: Not implemented yet" type="java.lang.IllegalArgumentException">java.lang.IllegalArgumentException: Not implemented yet
	at jp.go.jpo.sa1s99.common.format.api.XmlToHtmlForAmendApi.execute(XmlToHtmlForAmendApi.java:32)
	at jp.go.jpo.sa1s99.common.format.integration.ExecuteXmlToHtmlForAmendApiByDirection.executeApi(ExecuteXmlToHtmlForAmendApiByDirection.java:26)
	at jp.go.jpo.sa1s99.common.format.integration.ExecuteXmlToHtmlForAmendApiByDirection.executeApi(ExecuteXmlToHtmlForAmendApiByDirection.java:13)
	at jp.go.jpo.sa1s99.common.format.integration.ExecuteApiByDirection.execute(ExecuteApiByDirection.java:28)
	at jp.go.jpo.sa1s99.common.format.integration.HtmlToXmlForAmendApiIntegrationTest.ファイル出力を比較する: #direction #parsedResult(HtmlToXmlForAmendApiIntegrationTest.groovy:29)
</failure>
  </testcase>
  <testcase name="ファイル出力を比較する: Direction{ s_InputDir: data/input/20111215-5.1-S-H23-0018/pat-amnd/09-amendment-a5210-u, s_OutputDir: data/output/20111215-5.1-S-H23-0018/html_amend/pat-amnd/09-amendment-a5210-u} null" classname="jp.go.jpo.sa1s99.common.format.integration.HtmlToXmlForAmendApiIntegrationTest" time="0.0">
    <failure message="java.lang.IllegalArgumentException: Not implemented yet" type="java.lang.IllegalArgumentException">java.lang.IllegalArgumentException: Not implemented yet
	at jp.go.jpo.sa1s99.common.format.api.XmlToHtmlForAmendApi.execute(XmlToHtmlForAmendApi.java:32)
	at jp.go.jpo.sa1s99.common.format.integration.ExecuteXmlToHtmlForAmendApiByDirection.executeApi(ExecuteXmlToHtmlForAmendApiByDirection.java:26)
	at jp.go.jpo.sa1s99.common.format.integration.ExecuteXmlToHtmlForAmendApiByDirection.executeApi(ExecuteXmlToHtmlForAmendApiByDirection.java:13)
	at jp.go.jpo.sa1s99.common.format.integration.ExecuteApiByDirection.execute(ExecuteApiByDirection.java:28)
	at jp.go.jpo.sa1s99.common.format.integration.HtmlToXmlForAmendApiIntegrationTest.ファイル出力を比較する: #direction #parsedResult(HtmlToXmlForAmendApiIntegrationTest.groovy:29)
</failure>
  </testcase>
  <testcase name="ファイル出力を比較する: Direction{ s_InputDir: data/input/20111215-5.1-S-H23-0018/pat-amnd/10-amendment-a51-a51-p, s_OutputDir: data/output/20111215-5.1-S-H23-0018/html_amend/pat-amnd/10-amendment-a51-a51-p} null" classname="jp.go.jpo.sa1s99.common.format.integration.HtmlToXmlForAmendApiIntegrationTest" time="0.0">
    <failure message="java.lang.IllegalArgumentException: Not implemented yet" type="java.lang.IllegalArgumentException">java.lang.IllegalArgumentException: Not implemented yet
	at jp.go.jpo.sa1s99.common.format.api.XmlToHtmlForAmendApi.execute(XmlToHtmlForAmendApi.java:32)
	at jp.go.jpo.sa1s99.common.format.integration.ExecuteXmlToHtmlForAmendApiByDirection.executeApi(ExecuteXmlToHtmlForAmendApiByDirection.java:26)
	at jp.go.jpo.sa1s99.common.format.integration.ExecuteXmlToHtmlForAmendApiByDirection.executeApi(ExecuteXmlToHtmlForAmendApiByDirection.java:13)
	at jp.go.jpo.sa1s99.common.format.integration.ExecuteApiByDirection.execute(ExecuteApiByDirection.java:28)
	at jp.go.jpo.sa1s99.common.format.integration.HtmlToXmlForAmendApiIntegrationTest.ファイル出力を比較する: #direction #parsedResult(HtmlToXmlForAmendApiIntegrationTest.groovy:29)
</failure>
  </testcase>
  <testcase name="ファイル出力を比較する: Direction{ s_InputDir: data/input/20111215-5.1-S-H23-0018/pat-amnd/10-amendment-a51-a51-u, s_OutputDir: data/output/20111215-5.1-S-H23-0018/html_amend/pat-amnd/10-amendment-a51-a51-u} null" classname="jp.go.jpo.sa1s99.common.format.integration.HtmlToXmlForAmendApiIntegrationTest" time="0.016">
    <failure message="java.lang.IllegalArgumentException: Not implemented yet" type="java.lang.IllegalArgumentException">java.lang.IllegalArgumentException: Not implemented yet
	at jp.go.jpo.sa1s99.common.format.api.XmlToHtmlForAmendApi.execute(XmlToHtmlForAmendApi.java:32)
	at jp.go.jpo.sa1s99.common.format.integration.ExecuteXmlToHtmlForAmendApiByDirection.executeApi(ExecuteXmlToHtmlForAmendApiByDirection.java:26)
	at jp.go.jpo.sa1s99.common.format.integration.ExecuteXmlToHtmlForAmendApiByDirection.executeApi(ExecuteXmlToHtmlForAmendApiByDirection.java:13)
	at jp.go.jpo.sa1s99.common.format.integration.ExecuteApiByDirection.execute(ExecuteApiByDirection.java:28)
	at jp.go.jpo.sa1s99.common.format.integration.HtmlToXmlForAmendApiIntegrationTest.ファイル出力を比較する: #direction #parsedResult(HtmlToXmlForAmendApiIntegrationTest.groovy:29)
</failure>
  </testcase>
  <testcase name="ファイル出力を比較する: Direction{ s_InputDir: data/input/20120911-5.2-S-H24-0014/pat-appd/01-application-a63-p, s_OutputDir: data/output/20120911-5.2-S-H24-0014/html_amend/pat-appd/01-application-a63-p} null" classname="jp.go.jpo.sa1s99.common.format.integration.HtmlToXmlForAmendApiIntegrationTest" time="0.016">
    <failure message="java.lang.IllegalArgumentException: Not implemented yet" type="java.lang.IllegalArgumentException">java.lang.IllegalArgumentException: Not implemented yet
	at jp.go.jpo.sa1s99.common.format.api.XmlToHtmlForAmendApi.execute(XmlToHtmlForAmendApi.java:32)
	at jp.go.jpo.sa1s99.common.format.integration.ExecuteXmlToHtmlForAmendApiByDirection.executeApi(ExecuteXmlToHtmlForAmendApiByDirection.java:26)
	at jp.go.jpo.sa1s99.common.format.integration.ExecuteXmlToHtmlForAmendApiByDirection.executeApi(ExecuteXmlToHtmlForAmendApiByDirection.java:13)
	at jp.go.jpo.sa1s99.common.format.integration.ExecuteApiByDirection.execute(ExecuteApiByDirection.java:28)
	at jp.go.jpo.sa1s99.common.format.integration.HtmlToXmlForAmendApiIntegrationTest.ファイル出力を比較する: #direction #parsedResult(HtmlToXmlForAmendApiIntegrationTest.groovy:29)
</failure>
  </testcase>
  <testcase name="ファイル出力を比較する: Direction{ s_InputDir: data/input/20120911-5.2-S-H24-0014/pat-appd/01-application-a63-u, s_OutputDir: data/output/20120911-5.2-S-H24-0014/html_amend/pat-appd/01-application-a63-u} null" classname="jp.go.jpo.sa1s99.common.format.integration.HtmlToXmlForAmendApiIntegrationTest" time="0.0">
    <failure message="java.lang.IllegalArgumentException: Not implemented yet" type="java.lang.IllegalArgumentException">java.lang.IllegalArgumentException: Not implemented yet
	at jp.go.jpo.sa1s99.common.format.api.XmlToHtmlForAmendApi.execute(XmlToHtmlForAmendApi.java:32)
	at jp.go.jpo.sa1s99.common.format.integration.ExecuteXmlToHtmlForAmendApiByDirection.executeApi(ExecuteXmlToHtmlForAmendApiByDirection.java:26)
	at jp.go.jpo.sa1s99.common.format.integration.ExecuteXmlToHtmlForAmendApiByDirection.executeApi(ExecuteXmlToHtmlForAmendApiByDirection.java:13)
	at jp.go.jpo.sa1s99.common.format.integration.ExecuteApiByDirection.execute(ExecuteApiByDirection.java:28)
	at jp.go.jpo.sa1s99.common.format.integration.HtmlToXmlForAmendApiIntegrationTest.ファイル出力を比較する: #direction #parsedResult(HtmlToXmlForAmendApiIntegrationTest.groovy:29)
</failure>
  </testcase>
  <testcase name="ファイル出力を比較する: Direction{ s_InputDir: data/input/20120911-5.2-S-H24-0014/pat-amnd/01-amendment-a51-p, s_OutputDir: data/output/20120911-5.2-S-H24-0014/html_amend/pat-amnd/01-amendment-a51-p} null" classname="jp.go.jpo.sa1s99.common.format.integration.HtmlToXmlForAmendApiIntegrationTest" time="0.015">
    <failure message="java.lang.IllegalArgumentException: Not implemented yet" type="java.lang.IllegalArgumentException">java.lang.IllegalArgumentException: Not implemented yet
	at jp.go.jpo.sa1s99.common.format.api.XmlToHtmlForAmendApi.execute(XmlToHtmlForAmendApi.java:32)
	at jp.go.jpo.sa1s99.common.format.integration.ExecuteXmlToHtmlForAmendApiByDirection.executeApi(ExecuteXmlToHtmlForAmendApiByDirection.java:26)
	at jp.go.jpo.sa1s99.common.format.integration.ExecuteXmlToHtmlForAmendApiByDirection.executeApi(ExecuteXmlToHtmlForAmendApiByDirection.java:13)
	at jp.go.jpo.sa1s99.common.format.integration.ExecuteApiByDirection.execute(ExecuteApiByDirection.java:28)
	at jp.go.jpo.sa1s99.common.format.integration.HtmlToXmlForAmendApiIntegrationTest.ファイル出力を比較する: #direction #parsedResult(HtmlToXmlForAmendApiIntegrationTest.groovy:29)
</failure>
  </testcase>
  <testcase name="ファイル出力を比較する: Direction{ s_InputDir: data/input/20120911-5.2-S-H24-0014/pat-amnd/01-amendment-a51-u, s_OutputDir: data/output/20120911-5.2-S-H24-0014/html_amend/pat-amnd/01-amendment-a51-u} null" classname="jp.go.jpo.sa1s99.common.format.integration.HtmlToXmlForAmendApiIntegrationTest" time="0.0">
    <failure message="java.lang.IllegalArgumentException: Not implemented yet" type="java.lang.IllegalArgumentException">java.lang.IllegalArgumentException: Not implemented yet
	at jp.go.jpo.sa1s99.common.format.api.XmlToHtmlForAmendApi.execute(XmlToHtmlForAmendApi.java:32)
	at jp.go.jpo.sa1s99.common.format.integration.ExecuteXmlToHtmlForAmendApiByDirection.executeApi(ExecuteXmlToHtmlForAmendApiByDirection.java:26)
	at jp.go.jpo.sa1s99.common.format.integration.ExecuteXmlToHtmlForAmendApiByDirection.executeApi(ExecuteXmlToHtmlForAmendApiByDirection.java:13)
	at jp.go.jpo.sa1s99.common.format.integration.ExecuteApiByDirection.execute(ExecuteApiByDirection.java:28)
	at jp.go.jpo.sa1s99.common.format.integration.HtmlToXmlForAmendApiIntegrationTest.ファイル出力を比較する: #direction #parsedResult(HtmlToXmlForAmendApiIntegrationTest.groovy:29)
</failure>
  </testcase>
  <testcase name="ファイル出力を比較する: Direction{ s_InputDir: data/input/20120911-5.2-S-H24-0014/pat-amnd/02-amendment-a523-p, s_OutputDir: data/output/20120911-5.2-S-H24-0014/html_amend/pat-amnd/02-amendment-a523-p} null" classname="jp.go.jpo.sa1s99.common.format.integration.HtmlToXmlForAmendApiIntegrationTest" time="0.0">
    <failure message="java.lang.IllegalArgumentException: Not implemented yet" type="java.lang.IllegalArgumentException">java.lang.IllegalArgumentException: Not implemented yet
	at jp.go.jpo.sa1s99.common.format.api.XmlToHtmlForAmendApi.execute(XmlToHtmlForAmendApi.java:32)
	at jp.go.jpo.sa1s99.common.format.integration.ExecuteXmlToHtmlForAmendApiByDirection.executeApi(ExecuteXmlToHtmlForAmendApiByDirection.java:26)
	at jp.go.jpo.sa1s99.common.format.integration.ExecuteXmlToHtmlForAmendApiByDirection.executeApi(ExecuteXmlToHtmlForAmendApiByDirection.java:13)
	at jp.go.jpo.sa1s99.common.format.integration.ExecuteApiByDirection.execute(ExecuteApiByDirection.java:28)
	at jp.go.jpo.sa1s99.common.format.integration.HtmlToXmlForAmendApiIntegrationTest.ファイル出力を比較する: #direction #parsedResult(HtmlToXmlForAmendApiIntegrationTest.groovy:29)
</failure>
  </testcase>
  <testcase name="ファイル出力を比較する: Direction{ s_InputDir: data/input/20120911-5.2-S-H24-0014/pat-amnd/02-amendment-a523-u, s_OutputDir: data/output/20120911-5.2-S-H24-0014/html_amend/pat-amnd/02-amendment-a523-u} null" classname="jp.go.jpo.sa1s99.common.format.integration.HtmlToXmlForAmendApiIntegrationTest" time="0.016">
    <failure message="java.lang.IllegalArgumentException: Not implemented yet" type="java.lang.IllegalArgumentException">java.lang.IllegalArgumentException: Not implemented yet
	at jp.go.jpo.sa1s99.common.format.api.XmlToHtmlForAmendApi.execute(XmlToHtmlForAmendApi.java:32)
	at jp.go.jpo.sa1s99.common.format.integration.ExecuteXmlToHtmlForAmendApiByDirection.executeApi(ExecuteXmlToHtmlForAmendApiByDirection.java:26)
	at jp.go.jpo.sa1s99.common.format.integration.ExecuteXmlToHtmlForAmendApiByDirection.executeApi(ExecuteXmlToHtmlForAmendApiByDirection.java:13)
	at jp.go.jpo.sa1s99.common.format.integration.ExecuteApiByDirection.execute(ExecuteApiByDirection.java:28)
	at jp.go.jpo.sa1s99.common.format.integration.HtmlToXmlForAmendApiIntegrationTest.ファイル出力を比較する: #direction #parsedResult(HtmlToXmlForAmendApiIntegrationTest.groovy:29)
</failure>
  </testcase>
  <testcase name="ファイル出力を比較する: Direction{ s_InputDir: data/input/20120911-5.2-S-H24-0014/pat-amnd/03-amendment-a524-p, s_OutputDir: data/output/20120911-5.2-S-H24-0014/html_amend/pat-amnd/03-amendment-a524-p} null" classname="jp.go.jpo.sa1s99.common.format.integration.HtmlToXmlForAmendApiIntegrationTest" time="0.0">
    <failure message="java.lang.IllegalArgumentException: Not implemented yet" type="java.lang.IllegalArgumentException">java.lang.IllegalArgumentException: Not implemented yet
	at jp.go.jpo.sa1s99.common.format.api.XmlToHtmlForAmendApi.execute(XmlToHtmlForAmendApi.java:32)
	at jp.go.jpo.sa1s99.common.format.integration.ExecuteXmlToHtmlForAmendApiByDirection.executeApi(ExecuteXmlToHtmlForAmendApiByDirection.java:26)
	at jp.go.jpo.sa1s99.common.format.integration.ExecuteXmlToHtmlForAmendApiByDirection.executeApi(ExecuteXmlToHtmlForAmendApiByDirection.java:13)
	at jp.go.jpo.sa1s99.common.format.integration.ExecuteApiByDirection.execute(ExecuteApiByDirection.java:28)
	at jp.go.jpo.sa1s99.common.format.integration.HtmlToXmlForAmendApiIntegrationTest.ファイル出力を比較する: #direction #parsedResult(HtmlToXmlForAmendApiIntegrationTest.groovy:29)
</failure>
  </testcase>
  <testcase name="ファイル出力を比較する: Direction{ s_InputDir: data/input/20120911-5.2-S-H24-0014/pat-amnd/04-amendment-a525-p, s_OutputDir: data/output/20120911-5.2-S-H24-0014/html_amend/pat-amnd/04-amendment-a525-p} null" classname="jp.go.jpo.sa1s99.common.format.integration.HtmlToXmlForAmendApiIntegrationTest" time="0.015">
    <failure message="java.lang.IllegalArgumentException: Not implemented yet" type="java.lang.IllegalArgumentException">java.lang.IllegalArgumentException: Not implemented yet
	at jp.go.jpo.sa1s99.common.format.api.XmlToHtmlForAmendApi.execute(XmlToHtmlForAmendApi.java:32)
	at jp.go.jpo.sa1s99.common.format.integration.ExecuteXmlToHtmlForAmendApiByDirection.executeApi(ExecuteXmlToHtmlForAmendApiByDirection.java:26)
	at jp.go.jpo.sa1s99.common.format.integration.ExecuteXmlToHtmlForAmendApiByDirection.executeApi(ExecuteXmlToHtmlForAmendApiByDirection.java:13)
	at jp.go.jpo.sa1s99.common.format.integration.ExecuteApiByDirection.execute(ExecuteApiByDirection.java:28)
	at jp.go.jpo.sa1s99.common.format.integration.HtmlToXmlForAmendApiIntegrationTest.ファイル出力を比較する: #direction #parsedResult(HtmlToXmlForAmendApiIntegrationTest.groovy:29)
</failure>
  </testcase>
  <testcase name="ファイル出力を比較する: Direction{ s_InputDir: data/input/20120911-5.2-S-H24-0014/pat-amnd/04-amendment-a525-u, s_OutputDir: data/output/20120911-5.2-S-H24-0014/html_amend/pat-amnd/04-amendment-a525-u} null" classname="jp.go.jpo.sa1s99.common.format.integration.HtmlToXmlForAmendApiIntegrationTest" time="0.0">
    <failure message="java.lang.IllegalArgumentException: Not implemented yet" type="java.lang.IllegalArgumentException">java.lang.IllegalArgumentException: Not implemented yet
	at jp.go.jpo.sa1s99.common.format.api.XmlToHtmlForAmendApi.execute(XmlToHtmlForAmendApi.java:32)
	at jp.go.jpo.sa1s99.common.format.integration.ExecuteXmlToHtmlForAmendApiByDirection.executeApi(ExecuteXmlToHtmlForAmendApiByDirection.java:26)
	at jp.go.jpo.sa1s99.common.format.integration.ExecuteXmlToHtmlForAmendApiByDirection.executeApi(ExecuteXmlToHtmlForAmendApiByDirection.java:13)
	at jp.go.jpo.sa1s99.common.format.integration.ExecuteApiByDirection.execute(ExecuteApiByDirection.java:28)
	at jp.go.jpo.sa1s99.common.format.integration.HtmlToXmlForAmendApiIntegrationTest.ファイル出力を比較する: #direction #parsedResult(HtmlToXmlForAmendApiIntegrationTest.groovy:29)
</failure>
  </testcase>
  <testcase name="ファイル出力を比較する: Direction{ s_InputDir: data/input/20120911-5.2-S-H24-0014/pat-amnd/05-amendment-a526-p, s_OutputDir: data/output/20120911-5.2-S-H24-0014/html_amend/pat-amnd/05-amendment-a526-p} null" classname="jp.go.jpo.sa1s99.common.format.integration.HtmlToXmlForAmendApiIntegrationTest" time="0.0">
    <failure message="java.lang.IllegalArgumentException: Not implemented yet" type="java.lang.IllegalArgumentException">java.lang.IllegalArgumentException: Not implemented yet
	at jp.go.jpo.sa1s99.common.format.api.XmlToHtmlForAmendApi.execute(XmlToHtmlForAmendApi.java:32)
	at jp.go.jpo.sa1s99.common.format.integration.ExecuteXmlToHtmlForAmendApiByDirection.executeApi(ExecuteXmlToHtmlForAmendApiByDirection.java:26)
	at jp.go.jpo.sa1s99.common.format.integration.ExecuteXmlToHtmlForAmendApiByDirection.executeApi(ExecuteXmlToHtmlForAmendApiByDirection.java:13)
	at jp.go.jpo.sa1s99.common.format.integration.ExecuteApiByDirection.execute(ExecuteApiByDirection.java:28)
	at jp.go.jpo.sa1s99.common.format.integration.HtmlToXmlForAmendApiIntegrationTest.ファイル出力を比較する: #direction #parsedResult(HtmlToXmlForAmendApiIntegrationTest.groovy:29)
</failure>
  </testcase>
  <testcase name="ファイル出力を比較する: Direction{ s_InputDir: data/input/20120911-5.2-S-H24-0014/pat-amnd/05-amendment-a526-u, s_OutputDir: data/output/20120911-5.2-S-H24-0014/html_amend/pat-amnd/05-amendment-a526-u} null" classname="jp.go.jpo.sa1s99.common.format.integration.HtmlToXmlForAmendApiIntegrationTest" time="0.0">
    <failure message="java.lang.IllegalArgumentException: Not implemented yet" type="java.lang.IllegalArgumentException">java.lang.IllegalArgumentException: Not implemented yet
	at jp.go.jpo.sa1s99.common.format.api.XmlToHtmlForAmendApi.execute(XmlToHtmlForAmendApi.java:32)
	at jp.go.jpo.sa1s99.common.format.integration.ExecuteXmlToHtmlForAmendApiByDirection.executeApi(ExecuteXmlToHtmlForAmendApiByDirection.java:26)
	at jp.go.jpo.sa1s99.common.format.integration.ExecuteXmlToHtmlForAmendApiByDirection.executeApi(ExecuteXmlToHtmlForAmendApiByDirection.java:13)
	at jp.go.jpo.sa1s99.common.format.integration.ExecuteApiByDirection.execute(ExecuteApiByDirection.java:28)
	at jp.go.jpo.sa1s99.common.format.integration.HtmlToXmlForAmendApiIntegrationTest.ファイル出力を比較する: #direction #parsedResult(HtmlToXmlForAmendApiIntegrationTest.groovy:29)
</failure>
  </testcase>
  <testcase name="ファイル出力を比較する: Direction{ s_InputDir: data/input/20120911-5.2-S-H24-0014/pat-amnd/08-amendment-a529-p, s_OutputDir: data/output/20120911-5.2-S-H24-0014/html_amend/pat-amnd/08-amendment-a529-p} null" classname="jp.go.jpo.sa1s99.common.format.integration.HtmlToXmlForAmendApiIntegrationTest" time="0.022">
    <failure message="java.lang.IllegalArgumentException: Not implemented yet" type="java.lang.IllegalArgumentException">java.lang.IllegalArgumentException: Not implemented yet
	at jp.go.jpo.sa1s99.common.format.api.XmlToHtmlForAmendApi.execute(XmlToHtmlForAmendApi.java:32)
	at jp.go.jpo.sa1s99.common.format.integration.ExecuteXmlToHtmlForAmendApiByDirection.executeApi(ExecuteXmlToHtmlForAmendApiByDirection.java:26)
	at jp.go.jpo.sa1s99.common.format.integration.ExecuteXmlToHtmlForAmendApiByDirection.executeApi(ExecuteXmlToHtmlForAmendApiByDirection.java:13)
	at jp.go.jpo.sa1s99.common.format.integration.ExecuteApiByDirection.execute(ExecuteApiByDirection.java:28)
	at jp.go.jpo.sa1s99.common.format.integration.HtmlToXmlForAmendApiIntegrationTest.ファイル出力を比較する: #direction #parsedResult(HtmlToXmlForAmendApiIntegrationTest.groovy:29)
</failure>
  </testcase>
  <testcase name="ファイル出力を比較する: Direction{ s_InputDir: data/input/20120911-5.2-S-H24-0014/pat-amnd/08-amendment-a529-u, s_OutputDir: data/output/20120911-5.2-S-H24-0014/html_amend/pat-amnd/08-amendment-a529-u} null" classname="jp.go.jpo.sa1s99.common.format.integration.HtmlToXmlForAmendApiIntegrationTest" time="0.0">
    <failure message="java.lang.IllegalArgumentException: Not implemented yet" type="java.lang.IllegalArgumentException">java.lang.IllegalArgumentException: Not implemented yet
	at jp.go.jpo.sa1s99.common.format.api.XmlToHtmlForAmendApi.execute(XmlToHtmlForAmendApi.java:32)
	at jp.go.jpo.sa1s99.common.format.integration.ExecuteXmlToHtmlForAmendApiByDirection.executeApi(ExecuteXmlToHtmlForAmendApiByDirection.java:26)
	at jp.go.jpo.sa1s99.common.format.integration.ExecuteXmlToHtmlForAmendApiByDirection.executeApi(ExecuteXmlToHtmlForAmendApiByDirection.java:13)
	at jp.go.jpo.sa1s99.common.format.integration.ExecuteApiByDirection.execute(ExecuteApiByDirection.java:28)
	at jp.go.jpo.sa1s99.common.format.integration.HtmlToXmlForAmendApiIntegrationTest.ファイル出力を比較する: #direction #parsedResult(HtmlToXmlForAmendApiIntegrationTest.groovy:29)
</failure>
  </testcase>
  <testcase name="ファイル出力を比較する: Direction{ s_InputDir: data/input/20120911-5.2-S-H24-0014/pat-amnd/09-amendment-a5210-p, s_OutputDir: data/output/20120911-5.2-S-H24-0014/html_amend/pat-amnd/09-amendment-a5210-p} null" classname="jp.go.jpo.sa1s99.common.format.integration.HtmlToXmlForAmendApiIntegrationTest" time="0.016">
    <failure message="java.lang.IllegalArgumentException: Not implemented yet" type="java.lang.IllegalArgumentException">java.lang.IllegalArgumentException: Not implemented yet
	at jp.go.jpo.sa1s99.common.format.api.XmlToHtmlForAmendApi.execute(XmlToHtmlForAmendApi.java:32)
	at jp.go.jpo.sa1s99.common.format.integration.ExecuteXmlToHtmlForAmendApiByDirection.executeApi(ExecuteXmlToHtmlForAmendApiByDirection.java:26)
	at jp.go.jpo.sa1s99.common.format.integration.ExecuteXmlToHtmlForAmendApiByDirection.executeApi(ExecuteXmlToHtmlForAmendApiByDirection.java:13)
	at jp.go.jpo.sa1s99.common.format.integration.ExecuteApiByDirection.execute(ExecuteApiByDirection.java:28)
	at jp.go.jpo.sa1s99.common.format.integration.HtmlToXmlForAmendApiIntegrationTest.ファイル出力を比較する: #direction #parsedResult(HtmlToXmlForAmendApiIntegrationTest.groovy:29)
</failure>
  </testcase>
  <testcase name="ファイル出力を比較する: Direction{ s_InputDir: data/input/20120911-5.2-S-H24-0014/pat-amnd/09-amendment-a5210-u, s_OutputDir: data/output/20120911-5.2-S-H24-0014/html_amend/pat-amnd/09-amendment-a5210-u} null" classname="jp.go.jpo.sa1s99.common.format.integration.HtmlToXmlForAmendApiIntegrationTest" time="0.0">
    <failure message="java.lang.IllegalArgumentException: Not implemented yet" type="java.lang.IllegalArgumentException">java.lang.IllegalArgumentException: Not implemented yet
	at jp.go.jpo.sa1s99.common.format.api.XmlToHtmlForAmendApi.execute(XmlToHtmlForAmendApi.java:32)
	at jp.go.jpo.sa1s99.common.format.integration.ExecuteXmlToHtmlForAmendApiByDirection.executeApi(ExecuteXmlToHtmlForAmendApiByDirection.java:26)
	at jp.go.jpo.sa1s99.common.format.integration.ExecuteXmlToHtmlForAmendApiByDirection.executeApi(ExecuteXmlToHtmlForAmendApiByDirection.java:13)
	at jp.go.jpo.sa1s99.common.format.integration.ExecuteApiByDirection.execute(ExecuteApiByDirection.java:28)
	at jp.go.jpo.sa1s99.common.format.integration.HtmlToXmlForAmendApiIntegrationTest.ファイル出力を比較する: #direction #parsedResult(HtmlToXmlForAmendApiIntegrationTest.groovy:29)
</failure>
  </testcase>
  <testcase name="ファイル出力を比較する: Direction{ s_InputDir: data/input/20120911-5.2-S-H24-0014/pat-amnd/10-amendment-a51-a51-p, s_OutputDir: data/output/20120911-5.2-S-H24-0014/html_amend/pat-amnd/10-amendment-a51-a51-p} null" classname="jp.go.jpo.sa1s99.common.format.integration.HtmlToXmlForAmendApiIntegrationTest" time="0.015">
    <failure message="java.lang.IllegalArgumentException: Not implemented yet" type="java.lang.IllegalArgumentException">java.lang.IllegalArgumentException: Not implemented yet
	at jp.go.jpo.sa1s99.common.format.api.XmlToHtmlForAmendApi.execute(XmlToHtmlForAmendApi.java:32)
	at jp.go.jpo.sa1s99.common.format.integration.ExecuteXmlToHtmlForAmendApiByDirection.executeApi(ExecuteXmlToHtmlForAmendApiByDirection.java:26)
	at jp.go.jpo.sa1s99.common.format.integration.ExecuteXmlToHtmlForAmendApiByDirection.executeApi(ExecuteXmlToHtmlForAmendApiByDirection.java:13)
	at jp.go.jpo.sa1s99.common.format.integration.ExecuteApiByDirection.execute(ExecuteApiByDirection.java:28)
	at jp.go.jpo.sa1s99.common.format.integration.HtmlToXmlForAmendApiIntegrationTest.ファイル出力を比較する: #direction #parsedResult(HtmlToXmlForAmendApiIntegrationTest.groovy:29)
</failure>
  </testcase>
  <testcase name="ファイル出力を比較する: Direction{ s_InputDir: data/input/20120911-5.2-S-H24-0014/pat-amnd/10-amendment-a51-a51-u, s_OutputDir: data/output/20120911-5.2-S-H24-0014/html_amend/pat-amnd/10-amendment-a51-a51-u} null" classname="jp.go.jpo.sa1s99.common.format.integration.HtmlToXmlForAmendApiIntegrationTest" time="0.0">
    <failure message="java.lang.IllegalArgumentException: Not implemented yet" type="java.lang.IllegalArgumentException">java.lang.IllegalArgumentException: Not implemented yet
	at jp.go.jpo.sa1s99.common.format.api.XmlToHtmlForAmendApi.execute(XmlToHtmlForAmendApi.java:32)
	at jp.go.jpo.sa1s99.common.format.integration.ExecuteXmlToHtmlForAmendApiByDirection.executeApi(ExecuteXmlToHtmlForAmendApiByDirection.java:26)
	at jp.go.jpo.sa1s99.common.format.integration.ExecuteXmlToHtmlForAmendApiByDirection.executeApi(ExecuteXmlToHtmlForAmendApiByDirection.java:13)
	at jp.go.jpo.sa1s99.common.format.integration.ExecuteApiByDirection.execute(ExecuteApiByDirection.java:28)
	at jp.go.jpo.sa1s99.common.format.integration.HtmlToXmlForAmendApiIntegrationTest.ファイル出力を比較する: #direction #parsedResult(HtmlToXmlForAmendApiIntegrationTest.groovy:29)
</failure>
  </testcase>
  <testcase name="ファイル出力を比較する: Direction{ s_InputDir: data/input/20120911-5.2-S-H24-0014/pat-appd/01-application-a63-p_long, s_OutputDir: data/output/20120911-5.2-S-H24-0014/html_amend/pat-appd/01-application-a63-p_long} null" classname="jp.go.jpo.sa1s99.common.format.integration.HtmlToXmlForAmendApiIntegrationTest" time="0.016">
    <failure message="java.lang.IllegalArgumentException: Not implemented yet" type="java.lang.IllegalArgumentException">java.lang.IllegalArgumentException: Not implemented yet
	at jp.go.jpo.sa1s99.common.format.api.XmlToHtmlForAmendApi.execute(XmlToHtmlForAmendApi.java:32)
	at jp.go.jpo.sa1s99.common.format.integration.ExecuteXmlToHtmlForAmendApiByDirection.executeApi(ExecuteXmlToHtmlForAmendApiByDirection.java:26)
	at jp.go.jpo.sa1s99.common.format.integration.ExecuteXmlToHtmlForAmendApiByDirection.executeApi(ExecuteXmlToHtmlForAmendApiByDirection.java:13)
	at jp.go.jpo.sa1s99.common.format.integration.ExecuteApiByDirection.execute(ExecuteApiByDirection.java:28)
	at jp.go.jpo.sa1s99.common.format.integration.HtmlToXmlForAmendApiIntegrationTest.ファイル出力を比較する: #direction #parsedResult(HtmlToXmlForAmendApiIntegrationTest.groovy:29)
</failure>
  </testcase>
  <testcase name="ファイル出力を比較する: Direction{ s_InputDir: data/input/20120911-5.2-S-H24-0014/pat-appd/01-application-a63-u_long, s_OutputDir: data/output/20120911-5.2-S-H24-0014/html_amend/pat-appd/01-application-a63-u_long} null" classname="jp.go.jpo.sa1s99.common.format.integration.HtmlToXmlForAmendApiIntegrationTest" time="0.016">
    <failure message="java.lang.IllegalArgumentException: Not implemented yet" type="java.lang.IllegalArgumentException">java.lang.IllegalArgumentException: Not implemented yet
	at jp.go.jpo.sa1s99.common.format.api.XmlToHtmlForAmendApi.execute(XmlToHtmlForAmendApi.java:32)
	at jp.go.jpo.sa1s99.common.format.integration.ExecuteXmlToHtmlForAmendApiByDirection.executeApi(ExecuteXmlToHtmlForAmendApiByDirection.java:26)
	at jp.go.jpo.sa1s99.common.format.integration.ExecuteXmlToHtmlForAmendApiByDirection.executeApi(ExecuteXmlToHtmlForAmendApiByDirection.java:13)
	at jp.go.jpo.sa1s99.common.format.integration.ExecuteApiByDirection.execute(ExecuteApiByDirection.java:28)
	at jp.go.jpo.sa1s99.common.format.integration.HtmlToXmlForAmendApiIntegrationTest.ファイル出力を比較する: #direction #parsedResult(HtmlToXmlForAmendApiIntegrationTest.groovy:29)
</failure>
  </testcase>
  <testcase name="ファイル出力を比較する: Direction{ s_InputDir: data/input/20120911-5.2-S-H24-0014/pat-amnd/01-amendment-a51-p_long, s_OutputDir: data/output/20120911-5.2-S-H24-0014/html_amend/pat-amnd/01-amendment-a51-p_long} null" classname="jp.go.jpo.sa1s99.common.format.integration.HtmlToXmlForAmendApiIntegrationTest" time="0.0">
    <failure message="java.lang.IllegalArgumentException: Not implemented yet" type="java.lang.IllegalArgumentException">java.lang.IllegalArgumentException: Not implemented yet
	at jp.go.jpo.sa1s99.common.format.api.XmlToHtmlForAmendApi.execute(XmlToHtmlForAmendApi.java:32)
	at jp.go.jpo.sa1s99.common.format.integration.ExecuteXmlToHtmlForAmendApiByDirection.executeApi(ExecuteXmlToHtmlForAmendApiByDirection.java:26)
	at jp.go.jpo.sa1s99.common.format.integration.ExecuteXmlToHtmlForAmendApiByDirection.executeApi(ExecuteXmlToHtmlForAmendApiByDirection.java:13)
	at jp.go.jpo.sa1s99.common.format.integration.ExecuteApiByDirection.execute(ExecuteApiByDirection.java:28)
	at jp.go.jpo.sa1s99.common.format.integration.HtmlToXmlForAmendApiIntegrationTest.ファイル出力を比較する: #direction #parsedResult(HtmlToXmlForAmendApiIntegrationTest.groovy:29)
</failure>
  </testcase>
  <testcase name="ファイル出力を比較する: Direction{ s_InputDir: data/input/20120911-5.2-S-H24-0014/pat-amnd/01-amendment-a51-u_long, s_OutputDir: data/output/20120911-5.2-S-H24-0014/html_amend/pat-amnd/01-amendment-a51-u_long} null" classname="jp.go.jpo.sa1s99.common.format.integration.HtmlToXmlForAmendApiIntegrationTest" time="0.0">
    <failure message="java.lang.IllegalArgumentException: Not implemented yet" type="java.lang.IllegalArgumentException">java.lang.IllegalArgumentException: Not implemented yet
	at jp.go.jpo.sa1s99.common.format.api.XmlToHtmlForAmendApi.execute(XmlToHtmlForAmendApi.java:32)
	at jp.go.jpo.sa1s99.common.format.integration.ExecuteXmlToHtmlForAmendApiByDirection.executeApi(ExecuteXmlToHtmlForAmendApiByDirection.java:26)
	at jp.go.jpo.sa1s99.common.format.integration.ExecuteXmlToHtmlForAmendApiByDirection.executeApi(ExecuteXmlToHtmlForAmendApiByDirection.java:13)
	at jp.go.jpo.sa1s99.common.format.integration.ExecuteApiByDirection.execute(ExecuteApiByDirection.java:28)
	at jp.go.jpo.sa1s99.common.format.integration.HtmlToXmlForAmendApiIntegrationTest.ファイル出力を比較する: #direction #parsedResult(HtmlToXmlForAmendApiIntegrationTest.groovy:29)
</failure>
  </testcase>
  <testcase name="ファイル出力を比較する: Direction{ s_InputDir: data/input/20120911-5.2-S-H24-0014/pat-amnd/02-amendment-a523-p_long, s_OutputDir: data/output/20120911-5.2-S-H24-0014/html_amend/pat-amnd/02-amendment-a523-p_long} null" classname="jp.go.jpo.sa1s99.common.format.integration.HtmlToXmlForAmendApiIntegrationTest" time="0.0">
    <failure message="java.lang.IllegalArgumentException: Not implemented yet" type="java.lang.IllegalArgumentException">java.lang.IllegalArgumentException: Not implemented yet
	at jp.go.jpo.sa1s99.common.format.api.XmlToHtmlForAmendApi.execute(XmlToHtmlForAmendApi.java:32)
	at jp.go.jpo.sa1s99.common.format.integration.ExecuteXmlToHtmlForAmendApiByDirection.executeApi(ExecuteXmlToHtmlForAmendApiByDirection.java:26)
	at jp.go.jpo.sa1s99.common.format.integration.ExecuteXmlToHtmlForAmendApiByDirection.executeApi(ExecuteXmlToHtmlForAmendApiByDirection.java:13)
	at jp.go.jpo.sa1s99.common.format.integration.ExecuteApiByDirection.execute(ExecuteApiByDirection.java:28)
	at jp.go.jpo.sa1s99.common.format.integration.HtmlToXmlForAmendApiIntegrationTest.ファイル出力を比較する: #direction #parsedResult(HtmlToXmlForAmendApiIntegrationTest.groovy:29)
</failure>
  </testcase>
  <testcase name="ファイル出力を比較する: Direction{ s_InputDir: data/input/20120911-5.2-S-H24-0014/pat-amnd/02-amendment-a523-u_long, s_OutputDir: data/output/20120911-5.2-S-H24-0014/html_amend/pat-amnd/02-amendment-a523-u_long} null" classname="jp.go.jpo.sa1s99.common.format.integration.HtmlToXmlForAmendApiIntegrationTest" time="0.015">
    <failure message="java.lang.IllegalArgumentException: Not implemented yet" type="java.lang.IllegalArgumentException">java.lang.IllegalArgumentException: Not implemented yet
	at jp.go.jpo.sa1s99.common.format.api.XmlToHtmlForAmendApi.execute(XmlToHtmlForAmendApi.java:32)
	at jp.go.jpo.sa1s99.common.format.integration.ExecuteXmlToHtmlForAmendApiByDirection.executeApi(ExecuteXmlToHtmlForAmendApiByDirection.java:26)
	at jp.go.jpo.sa1s99.common.format.integration.ExecuteXmlToHtmlForAmendApiByDirection.executeApi(ExecuteXmlToHtmlForAmendApiByDirection.java:13)
	at jp.go.jpo.sa1s99.common.format.integration.ExecuteApiByDirection.execute(ExecuteApiByDirection.java:28)
	at jp.go.jpo.sa1s99.common.format.integration.HtmlToXmlForAmendApiIntegrationTest.ファイル出力を比較する: #direction #parsedResult(HtmlToXmlForAmendApiIntegrationTest.groovy:29)
</failure>
  </testcase>
  <testcase name="ファイル出力を比較する: Direction{ s_InputDir: data/input/20120911-5.2-S-H24-0014/pat-amnd/10-amendment-a51-a51-p_long, s_OutputDir: data/output/20120911-5.2-S-H24-0014/html_amend/pat-amnd/10-amendment-a51-a51-p_long} null" classname="jp.go.jpo.sa1s99.common.format.integration.HtmlToXmlForAmendApiIntegrationTest" time="0.022">
    <failure message="java.lang.IllegalArgumentException: Not implemented yet" type="java.lang.IllegalArgumentException">java.lang.IllegalArgumentException: Not implemented yet
	at jp.go.jpo.sa1s99.common.format.api.XmlToHtmlForAmendApi.execute(XmlToHtmlForAmendApi.java:32)
	at jp.go.jpo.sa1s99.common.format.integration.ExecuteXmlToHtmlForAmendApiByDirection.executeApi(ExecuteXmlToHtmlForAmendApiByDirection.java:26)
	at jp.go.jpo.sa1s99.common.format.integration.ExecuteXmlToHtmlForAmendApiByDirection.executeApi(ExecuteXmlToHtmlForAmendApiByDirection.java:13)
	at jp.go.jpo.sa1s99.common.format.integration.ExecuteApiByDirection.execute(ExecuteApiByDirection.java:28)
	at jp.go.jpo.sa1s99.common.format.integration.HtmlToXmlForAmendApiIntegrationTest.ファイル出力を比較する: #direction #parsedResult(HtmlToXmlForAmendApiIntegrationTest.groovy:29)
</failure>
  </testcase>
  <testcase name="ファイル出力を比較する: Direction{ s_InputDir: data/input/20120911-5.2-S-H24-0014/pat-amnd/10-amendment-a51-a51-u_long, s_OutputDir: data/output/20120911-5.2-S-H24-0014/html_amend/pat-amnd/10-amendment-a51-a51-u_long} null" classname="jp.go.jpo.sa1s99.common.format.integration.HtmlToXmlForAmendApiIntegrationTest" time="0.016">
    <failure message="java.lang.IllegalArgumentException: Not implemented yet" type="java.lang.IllegalArgumentException">java.lang.IllegalArgumentException: Not implemented yet
	at jp.go.jpo.sa1s99.common.format.api.XmlToHtmlForAmendApi.execute(XmlToHtmlForAmendApi.java:32)
	at jp.go.jpo.sa1s99.common.format.integration.ExecuteXmlToHtmlForAmendApiByDirection.executeApi(ExecuteXmlToHtmlForAmendApiByDirection.java:26)
	at jp.go.jpo.sa1s99.common.format.integration.ExecuteXmlToHtmlForAmendApiByDirection.executeApi(ExecuteXmlToHtmlForAmendApiByDirection.java:13)
	at jp.go.jpo.sa1s99.common.format.integration.ExecuteApiByDirection.execute(ExecuteApiByDirection.java:28)
	at jp.go.jpo.sa1s99.common.format.integration.HtmlToXmlForAmendApiIntegrationTest.ファイル出力を比較する: #direction #parsedResult(HtmlToXmlForAmendApiIntegrationTest.groovy:29)
</failure>
  </testcase>
  <testcase name="ファイル出力を比較する: Direction{ s_InputDir: data/input/20140510-5.3-S-H24-0019/pat-abnd/withdrawal-abandonment-a765-p, s_OutputDir: data/output/20140510-5.3-S-H24-0019/html_amend/pat-abnd/withdrawal-abandonment-a765-p} null" classname="jp.go.jpo.sa1s99.common.format.integration.HtmlToXmlForAmendApiIntegrationTest" time="0.015">
    <failure message="java.lang.IllegalArgumentException: Not implemented yet" type="java.lang.IllegalArgumentException">java.lang.IllegalArgumentException: Not implemented yet
	at jp.go.jpo.sa1s99.common.format.api.XmlToHtmlForAmendApi.execute(XmlToHtmlForAmendApi.java:32)
	at jp.go.jpo.sa1s99.common.format.integration.ExecuteXmlToHtmlForAmendApiByDirection.executeApi(ExecuteXmlToHtmlForAmendApiByDirection.java:26)
	at jp.go.jpo.sa1s99.common.format.integration.ExecuteXmlToHtmlForAmendApiByDirection.executeApi(ExecuteXmlToHtmlForAmendApiByDirection.java:13)
	at jp.go.jpo.sa1s99.common.format.integration.ExecuteApiByDirection.execute(ExecuteApiByDirection.java:28)
	at jp.go.jpo.sa1s99.common.format.integration.HtmlToXmlForAmendApiIntegrationTest.ファイル出力を比較する: #direction #parsedResult(HtmlToXmlForAmendApiIntegrationTest.groovy:29)
</failure>
  </testcase>
  <testcase name="ファイル出力を比較する: Direction{ s_InputDir: data/input/20140510-5.3-S-H24-0019/pat-abnd/withdrawal-abandonment-a765-u, s_OutputDir: data/output/20140510-5.3-S-H24-0019/html_amend/pat-abnd/withdrawal-abandonment-a765-u} null" classname="jp.go.jpo.sa1s99.common.format.integration.HtmlToXmlForAmendApiIntegrationTest" time="0.016">
    <failure message="java.lang.IllegalArgumentException: Not implemented yet" type="java.lang.IllegalArgumentException">java.lang.IllegalArgumentException: Not implemented yet
	at jp.go.jpo.sa1s99.common.format.api.XmlToHtmlForAmendApi.execute(XmlToHtmlForAmendApi.java:32)
	at jp.go.jpo.sa1s99.common.format.integration.ExecuteXmlToHtmlForAmendApiByDirection.executeApi(ExecuteXmlToHtmlForAmendApiByDirection.java:26)
	at jp.go.jpo.sa1s99.common.format.integration.ExecuteXmlToHtmlForAmendApiByDirection.executeApi(ExecuteXmlToHtmlForAmendApiByDirection.java:13)
	at jp.go.jpo.sa1s99.common.format.integration.ExecuteApiByDirection.execute(ExecuteApiByDirection.java:28)
	at jp.go.jpo.sa1s99.common.format.integration.HtmlToXmlForAmendApiIntegrationTest.ファイル出力を比較する: #direction #parsedResult(HtmlToXmlForAmendApiIntegrationTest.groovy:29)
</failure>
  </testcase>
  <testcase name="ファイル出力を比較する: Direction{ s_InputDir: data/input/20140510-5.3-S-H24-0019/pat-amnd/amendment-a523-a523-a63-p, s_OutputDir: data/output/20140510-5.3-S-H24-0019/html_amend/pat-amnd/amendment-a523-a523-a63-p} null" classname="jp.go.jpo.sa1s99.common.format.integration.HtmlToXmlForAmendApiIntegrationTest" time="0.0">
    <failure message="java.lang.IllegalArgumentException: Not implemented yet" type="java.lang.IllegalArgumentException">java.lang.IllegalArgumentException: Not implemented yet
	at jp.go.jpo.sa1s99.common.format.api.XmlToHtmlForAmendApi.execute(XmlToHtmlForAmendApi.java:32)
	at jp.go.jpo.sa1s99.common.format.integration.ExecuteXmlToHtmlForAmendApiByDirection.executeApi(ExecuteXmlToHtmlForAmendApiByDirection.java:26)
	at jp.go.jpo.sa1s99.common.format.integration.ExecuteXmlToHtmlForAmendApiByDirection.executeApi(ExecuteXmlToHtmlForAmendApiByDirection.java:13)
	at jp.go.jpo.sa1s99.common.format.integration.ExecuteApiByDirection.execute(ExecuteApiByDirection.java:28)
	at jp.go.jpo.sa1s99.common.format.integration.HtmlToXmlForAmendApiIntegrationTest.ファイル出力を比較する: #direction #parsedResult(HtmlToXmlForAmendApiIntegrationTest.groovy:29)
</failure>
  </testcase>
  <testcase name="ファイル出力を比較する: Direction{ s_InputDir: data/input/20140510-5.3-S-H24-0019/pat-amnd/amendment-a523-p, s_OutputDir: data/output/20140510-5.3-S-H24-0019/html_amend/pat-amnd/amendment-a523-p} null" classname="jp.go.jpo.sa1s99.common.format.integration.HtmlToXmlForAmendApiIntegrationTest" time="0.016">
    <failure message="java.lang.IllegalArgumentException: Not implemented yet" type="java.lang.IllegalArgumentException">java.lang.IllegalArgumentException: Not implemented yet
	at jp.go.jpo.sa1s99.common.format.api.XmlToHtmlForAmendApi.execute(XmlToHtmlForAmendApi.java:32)
	at jp.go.jpo.sa1s99.common.format.integration.ExecuteXmlToHtmlForAmendApiByDirection.executeApi(ExecuteXmlToHtmlForAmendApiByDirection.java:26)
	at jp.go.jpo.sa1s99.common.format.integration.ExecuteXmlToHtmlForAmendApiByDirection.executeApi(ExecuteXmlToHtmlForAmendApiByDirection.java:13)
	at jp.go.jpo.sa1s99.common.format.integration.ExecuteApiByDirection.execute(ExecuteApiByDirection.java:28)
	at jp.go.jpo.sa1s99.common.format.integration.HtmlToXmlForAmendApiIntegrationTest.ファイル出力を比較する: #direction #parsedResult(HtmlToXmlForAmendApiIntegrationTest.groovy:29)
</failure>
  </testcase>
  <testcase name="ファイル出力を比較する: Direction{ s_InputDir: data/input/20140510-5.3-S-H24-0019/pat-aplc/applicant-a711-p, s_OutputDir: data/output/20140510-5.3-S-H24-0019/html_amend/pat-aplc/applicant-a711-p} null" classname="jp.go.jpo.sa1s99.common.format.integration.HtmlToXmlForAmendApiIntegrationTest" time="0.015">
    <failure message="java.lang.IllegalArgumentException: Not implemented yet" type="java.lang.IllegalArgumentException">java.lang.IllegalArgumentException: Not implemented yet
	at jp.go.jpo.sa1s99.common.format.api.XmlToHtmlForAmendApi.execute(XmlToHtmlForAmendApi.java:32)
	at jp.go.jpo.sa1s99.common.format.integration.ExecuteXmlToHtmlForAmendApiByDirection.executeApi(ExecuteXmlToHtmlForAmendApiByDirection.java:26)
	at jp.go.jpo.sa1s99.common.format.integration.ExecuteXmlToHtmlForAmendApiByDirection.executeApi(ExecuteXmlToHtmlForAmendApiByDirection.java:13)
	at jp.go.jpo.sa1s99.common.format.integration.ExecuteApiByDirection.execute(ExecuteApiByDirection.java:28)
	at jp.go.jpo.sa1s99.common.format.integration.HtmlToXmlForAmendApiIntegrationTest.ファイル出力を比較する: #direction #parsedResult(HtmlToXmlForAmendApiIntegrationTest.groovy:29)
</failure>
  </testcase>
  <testcase name="ファイル出力を比較する: Direction{ s_InputDir: data/input/20140510-5.3-S-H24-0019/pat-aplc/applicant-a711-u, s_OutputDir: data/output/20140510-5.3-S-H24-0019/html_amend/pat-aplc/applicant-a711-u} null" classname="jp.go.jpo.sa1s99.common.format.integration.HtmlToXmlForAmendApiIntegrationTest" time="0.0">
    <failure message="java.lang.IllegalArgumentException: Not implemented yet" type="java.lang.IllegalArgumentException">java.lang.IllegalArgumentException: Not implemented yet
	at jp.go.jpo.sa1s99.common.format.api.XmlToHtmlForAmendApi.execute(XmlToHtmlForAmendApi.java:32)
	at jp.go.jpo.sa1s99.common.format.integration.ExecuteXmlToHtmlForAmendApiByDirection.executeApi(ExecuteXmlToHtmlForAmendApiByDirection.java:26)
	at jp.go.jpo.sa1s99.common.format.integration.ExecuteXmlToHtmlForAmendApiByDirection.executeApi(ExecuteXmlToHtmlForAmendApiByDirection.java:13)
	at jp.go.jpo.sa1s99.common.format.integration.ExecuteApiByDirection.execute(ExecuteApiByDirection.java:28)
	at jp.go.jpo.sa1s99.common.format.integration.HtmlToXmlForAmendApiIntegrationTest.ファイル出力を比較する: #direction #parsedResult(HtmlToXmlForAmendApiIntegrationTest.groovy:29)
</failure>
  </testcase>
  <testcase name="ファイル出力を比較する: Direction{ s_InputDir: data/input/20140510-5.3-S-H24-0019/pat-appd/application-a63-p, s_OutputDir: data/output/20140510-5.3-S-H24-0019/html_amend/pat-appd/application-a63-p} null" classname="jp.go.jpo.sa1s99.common.format.integration.HtmlToXmlForAmendApiIntegrationTest" time="0.0">
    <failure message="java.lang.IllegalArgumentException: Not implemented yet" type="java.lang.IllegalArgumentException">java.lang.IllegalArgumentException: Not implemented yet
	at jp.go.jpo.sa1s99.common.format.api.XmlToHtmlForAmendApi.execute(XmlToHtmlForAmendApi.java:32)
	at jp.go.jpo.sa1s99.common.format.integration.ExecuteXmlToHtmlForAmendApiByDirection.executeApi(ExecuteXmlToHtmlForAmendApiByDirection.java:26)
	at jp.go.jpo.sa1s99.common.format.integration.ExecuteXmlToHtmlForAmendApiByDirection.executeApi(ExecuteXmlToHtmlForAmendApiByDirection.java:13)
	at jp.go.jpo.sa1s99.common.format.integration.ExecuteApiByDirection.execute(ExecuteApiByDirection.java:28)
	at jp.go.jpo.sa1s99.common.format.integration.HtmlToXmlForAmendApiIntegrationTest.ファイル出力を比較する: #direction #parsedResult(HtmlToXmlForAmendApiIntegrationTest.groovy:29)
</failure>
  </testcase>
  <testcase name="ファイル出力を比較する: Direction{ s_InputDir: data/input/20140510-5.3-S-H24-0019/pat-appd/application-a63-u, s_OutputDir: data/output/20140510-5.3-S-H24-0019/html_amend/pat-appd/application-a63-u} null" classname="jp.go.jpo.sa1s99.common.format.integration.HtmlToXmlForAmendApiIntegrationTest" time="0.0">
    <failure message="java.lang.IllegalArgumentException: Not implemented yet" type="java.lang.IllegalArgumentException">java.lang.IllegalArgumentException: Not implemented yet
	at jp.go.jpo.sa1s99.common.format.api.XmlToHtmlForAmendApi.execute(XmlToHtmlForAmendApi.java:32)
	at jp.go.jpo.sa1s99.common.format.integration.ExecuteXmlToHtmlForAmendApiByDirection.executeApi(ExecuteXmlToHtmlForAmendApiByDirection.java:26)
	at jp.go.jpo.sa1s99.common.format.integration.ExecuteXmlToHtmlForAmendApiByDirection.executeApi(ExecuteXmlToHtmlForAmendApiByDirection.java:13)
	at jp.go.jpo.sa1s99.common.format.integration.ExecuteApiByDirection.execute(ExecuteApiByDirection.java:28)
	at jp.go.jpo.sa1s99.common.format.integration.HtmlToXmlForAmendApiIntegrationTest.ファイル出力を比較する: #direction #parsedResult(HtmlToXmlForAmendApiIntegrationTest.groovy:29)
</failure>
  </testcase>
  <testcase name="ファイル出力を比較する: Direction{ s_InputDir: data/input/20140510-5.3-S-H24-0019/pat-appd/application-a632-p, s_OutputDir: data/output/20140510-5.3-S-H24-0019/html_amend/pat-appd/application-a632-p} null" classname="jp.go.jpo.sa1s99.common.format.integration.HtmlToXmlForAmendApiIntegrationTest" time="0.018">
    <failure message="java.lang.IllegalArgumentException: Not implemented yet" type="java.lang.IllegalArgumentException">java.lang.IllegalArgumentException: Not implemented yet
	at jp.go.jpo.sa1s99.common.format.api.XmlToHtmlForAmendApi.execute(XmlToHtmlForAmendApi.java:32)
	at jp.go.jpo.sa1s99.common.format.integration.ExecuteXmlToHtmlForAmendApiByDirection.executeApi(ExecuteXmlToHtmlForAmendApiByDirection.java:26)
	at jp.go.jpo.sa1s99.common.format.integration.ExecuteXmlToHtmlForAmendApiByDirection.executeApi(ExecuteXmlToHtmlForAmendApiByDirection.java:13)
	at jp.go.jpo.sa1s99.common.format.integration.ExecuteApiByDirection.execute(ExecuteApiByDirection.java:28)
	at jp.go.jpo.sa1s99.common.format.integration.HtmlToXmlForAmendApiIntegrationTest.ファイル出力を比較する: #direction #parsedResult(HtmlToXmlForAmendApiIntegrationTest.groovy:29)
</failure>
  </testcase>
  <testcase name="ファイル出力を比較する: Direction{ s_InputDir: data/input/20140510-5.3-S-H24-0019/pat-appd/application-a632-u, s_OutputDir: data/output/20140510-5.3-S-H24-0019/html_amend/pat-appd/application-a632-u} null" classname="jp.go.jpo.sa1s99.common.format.integration.HtmlToXmlForAmendApiIntegrationTest" time="0.004">
    <failure message="java.lang.IllegalArgumentException: Not implemented yet" type="java.lang.IllegalArgumentException">java.lang.IllegalArgumentException: Not implemented yet
	at jp.go.jpo.sa1s99.common.format.api.XmlToHtmlForAmendApi.execute(XmlToHtmlForAmendApi.java:32)
	at jp.go.jpo.sa1s99.common.format.integration.ExecuteXmlToHtmlForAmendApiByDirection.executeApi(ExecuteXmlToHtmlForAmendApiByDirection.java:26)
	at jp.go.jpo.sa1s99.common.format.integration.ExecuteXmlToHtmlForAmendApiByDirection.executeApi(ExecuteXmlToHtmlForAmendApiByDirection.java:13)
	at jp.go.jpo.sa1s99.common.format.integration.ExecuteApiByDirection.execute(ExecuteApiByDirection.java:28)
	at jp.go.jpo.sa1s99.common.format.integration.HtmlToXmlForAmendApiIntegrationTest.ファイル出力を比較する: #direction #parsedResult(HtmlToXmlForAmendApiIntegrationTest.groovy:29)
</failure>
  </testcase>
  <testcase name="ファイル出力を比較する: Direction{ s_InputDir: data/input/20140510-5.3-S-H24-0019/pat-appd/application-a633-u, s_OutputDir: data/output/20140510-5.3-S-H24-0019/html_amend/pat-appd/application-a633-u} null" classname="jp.go.jpo.sa1s99.common.format.integration.HtmlToXmlForAmendApiIntegrationTest" time="0.0">
    <failure message="java.lang.IllegalArgumentException: Not implemented yet" type="java.lang.IllegalArgumentException">java.lang.IllegalArgumentException: Not implemented yet
	at jp.go.jpo.sa1s99.common.format.api.XmlToHtmlForAmendApi.execute(XmlToHtmlForAmendApi.java:32)
	at jp.go.jpo.sa1s99.common.format.integration.ExecuteXmlToHtmlForAmendApiByDirection.executeApi(ExecuteXmlToHtmlForAmendApiByDirection.java:26)
	at jp.go.jpo.sa1s99.common.format.integration.ExecuteXmlToHtmlForAmendApiByDirection.executeApi(ExecuteXmlToHtmlForAmendApiByDirection.java:13)
	at jp.go.jpo.sa1s99.common.format.integration.ExecuteApiByDirection.execute(ExecuteApiByDirection.java:28)
	at jp.go.jpo.sa1s99.common.format.integration.HtmlToXmlForAmendApiIntegrationTest.ファイル出力を比較する: #direction #parsedResult(HtmlToXmlForAmendApiIntegrationTest.groovy:29)
</failure>
  </testcase>
  <testcase name="ファイル出力を比較する: Direction{ s_InputDir: data/input/20140510-5.3-S-H24-0019/pat-atny/attorney-a7421-p, s_OutputDir: data/output/20140510-5.3-S-H24-0019/html_amend/pat-atny/attorney-a7421-p} null" classname="jp.go.jpo.sa1s99.common.format.integration.HtmlToXmlForAmendApiIntegrationTest" time="0.0">
    <failure message="java.lang.IllegalArgumentException: Not implemented yet" type="java.lang.IllegalArgumentException">java.lang.IllegalArgumentException: Not implemented yet
	at jp.go.jpo.sa1s99.common.format.api.XmlToHtmlForAmendApi.execute(XmlToHtmlForAmendApi.java:32)
	at jp.go.jpo.sa1s99.common.format.integration.ExecuteXmlToHtmlForAmendApiByDirection.executeApi(ExecuteXmlToHtmlForAmendApiByDirection.java:26)
	at jp.go.jpo.sa1s99.common.format.integration.ExecuteXmlToHtmlForAmendApiByDirection.executeApi(ExecuteXmlToHtmlForAmendApiByDirection.java:13)
	at jp.go.jpo.sa1s99.common.format.integration.ExecuteApiByDirection.execute(ExecuteApiByDirection.java:28)
	at jp.go.jpo.sa1s99.common.format.integration.HtmlToXmlForAmendApiIntegrationTest.ファイル出力を比較する: #direction #parsedResult(HtmlToXmlForAmendApiIntegrationTest.groovy:29)
</failure>
  </testcase>
  <testcase name="ファイル出力を比較する: Direction{ s_InputDir: data/input/20140510-5.3-S-H24-0019/pat-atny/attorney-a7421-u, s_OutputDir: data/output/20140510-5.3-S-H24-0019/html_amend/pat-atny/attorney-a7421-u} null" classname="jp.go.jpo.sa1s99.common.format.integration.HtmlToXmlForAmendApiIntegrationTest" time="0.0">
    <failure message="java.lang.IllegalArgumentException: Not implemented yet" type="java.lang.IllegalArgumentException">java.lang.IllegalArgumentException: Not implemented yet
	at jp.go.jpo.sa1s99.common.format.api.XmlToHtmlForAmendApi.execute(XmlToHtmlForAmendApi.java:32)
	at jp.go.jpo.sa1s99.common.format.integration.ExecuteXmlToHtmlForAmendApiByDirection.executeApi(ExecuteXmlToHtmlForAmendApiByDirection.java:26)
	at jp.go.jpo.sa1s99.common.format.integration.ExecuteXmlToHtmlForAmendApiByDirection.executeApi(ExecuteXmlToHtmlForAmendApiByDirection.java:13)
	at jp.go.jpo.sa1s99.common.format.integration.ExecuteApiByDirection.execute(ExecuteApiByDirection.java:28)
	at jp.go.jpo.sa1s99.common.format.integration.HtmlToXmlForAmendApiIntegrationTest.ファイル出力を比較する: #direction #parsedResult(HtmlToXmlForAmendApiIntegrationTest.groovy:29)
</failure>
  </testcase>
  <testcase name="ファイル出力を比較する: Direction{ s_InputDir: data/input/20140510-5.3-S-H24-0019/pat-etc/etcetera-a601-u, s_OutputDir: data/output/20140510-5.3-S-H24-0019/html_amend/pat-etc/etcetera-a601-u} null" classname="jp.go.jpo.sa1s99.common.format.integration.HtmlToXmlForAmendApiIntegrationTest" time="0.015">
    <failure message="java.lang.IllegalArgumentException: Not implemented yet" type="java.lang.IllegalArgumentException">java.lang.IllegalArgumentException: Not implemented yet
	at jp.go.jpo.sa1s99.common.format.api.XmlToHtmlForAmendApi.execute(XmlToHtmlForAmendApi.java:32)
	at jp.go.jpo.sa1s99.common.format.integration.ExecuteXmlToHtmlForAmendApiByDirection.executeApi(ExecuteXmlToHtmlForAmendApiByDirection.java:26)
	at jp.go.jpo.sa1s99.common.format.integration.ExecuteXmlToHtmlForAmendApiByDirection.executeApi(ExecuteXmlToHtmlForAmendApiByDirection.java:13)
	at jp.go.jpo.sa1s99.common.format.integration.ExecuteApiByDirection.execute(ExecuteApiByDirection.java:28)
	at jp.go.jpo.sa1s99.common.format.integration.HtmlToXmlForAmendApiIntegrationTest.ファイル出力を比較する: #direction #parsedResult(HtmlToXmlForAmendApiIntegrationTest.groovy:29)
</failure>
  </testcase>
  <testcase name="ファイル出力を比較する: Direction{ s_InputDir: data/input/20140510-5.3-S-H24-0019/pat-etc/etcetera-a916-p, s_OutputDir: data/output/20140510-5.3-S-H24-0019/html_amend/pat-etc/etcetera-a916-p} null" classname="jp.go.jpo.sa1s99.common.format.integration.HtmlToXmlForAmendApiIntegrationTest" time="0.0">
    <failure message="java.lang.IllegalArgumentException: Not implemented yet" type="java.lang.IllegalArgumentException">java.lang.IllegalArgumentException: Not implemented yet
	at jp.go.jpo.sa1s99.common.format.api.XmlToHtmlForAmendApi.execute(XmlToHtmlForAmendApi.java:32)
	at jp.go.jpo.sa1s99.common.format.integration.ExecuteXmlToHtmlForAmendApiByDirection.executeApi(ExecuteXmlToHtmlForAmendApiByDirection.java:26)
	at jp.go.jpo.sa1s99.common.format.integration.ExecuteXmlToHtmlForAmendApiByDirection.executeApi(ExecuteXmlToHtmlForAmendApiByDirection.java:13)
	at jp.go.jpo.sa1s99.common.format.integration.ExecuteApiByDirection.execute(ExecuteApiByDirection.java:28)
	at jp.go.jpo.sa1s99.common.format.integration.HtmlToXmlForAmendApiIntegrationTest.ファイル出力を比較する: #direction #parsedResult(HtmlToXmlForAmendApiIntegrationTest.groovy:29)
</failure>
  </testcase>
  <testcase name="ファイル出力を比較する: Direction{ s_InputDir: data/input/20140510-5.3-S-H24-0019/pat-etc/etcetera-a916-u, s_OutputDir: data/output/20140510-5.3-S-H24-0019/html_amend/pat-etc/etcetera-a916-u} null" classname="jp.go.jpo.sa1s99.common.format.integration.HtmlToXmlForAmendApiIntegrationTest" time="0.016">
    <failure message="java.lang.IllegalArgumentException: Not implemented yet" type="java.lang.IllegalArgumentException">java.lang.IllegalArgumentException: Not implemented yet
	at jp.go.jpo.sa1s99.common.format.api.XmlToHtmlForAmendApi.execute(XmlToHtmlForAmendApi.java:32)
	at jp.go.jpo.sa1s99.common.format.integration.ExecuteXmlToHtmlForAmendApiByDirection.executeApi(ExecuteXmlToHtmlForAmendApiByDirection.java:26)
	at jp.go.jpo.sa1s99.common.format.integration.ExecuteXmlToHtmlForAmendApiByDirection.executeApi(ExecuteXmlToHtmlForAmendApiByDirection.java:13)
	at jp.go.jpo.sa1s99.common.format.integration.ExecuteApiByDirection.execute(ExecuteApiByDirection.java:28)
	at jp.go.jpo.sa1s99.common.format.integration.HtmlToXmlForAmendApiIntegrationTest.ファイル出力を比較する: #direction #parsedResult(HtmlToXmlForAmendApiIntegrationTest.groovy:29)
</failure>
  </testcase>
  <testcase name="ファイル出力を比較する: Direction{ s_InputDir: data/input/20140510-5.3-S-H24-0019/pat-rspn/response-a53-p, s_OutputDir: data/output/20140510-5.3-S-H24-0019/html_amend/pat-rspn/response-a53-p} null" classname="jp.go.jpo.sa1s99.common.format.integration.HtmlToXmlForAmendApiIntegrationTest" time="0.0">
    <failure message="java.lang.IllegalArgumentException: Not implemented yet" type="java.lang.IllegalArgumentException">java.lang.IllegalArgumentException: Not implemented yet
	at jp.go.jpo.sa1s99.common.format.api.XmlToHtmlForAmendApi.execute(XmlToHtmlForAmendApi.java:32)
	at jp.go.jpo.sa1s99.common.format.integration.ExecuteXmlToHtmlForAmendApiByDirection.executeApi(ExecuteXmlToHtmlForAmendApiByDirection.java:26)
	at jp.go.jpo.sa1s99.common.format.integration.ExecuteXmlToHtmlForAmendApiByDirection.executeApi(ExecuteXmlToHtmlForAmendApiByDirection.java:13)
	at jp.go.jpo.sa1s99.common.format.integration.ExecuteApiByDirection.execute(ExecuteApiByDirection.java:28)
	at jp.go.jpo.sa1s99.common.format.integration.HtmlToXmlForAmendApiIntegrationTest.ファイル出力を比較する: #direction #parsedResult(HtmlToXmlForAmendApiIntegrationTest.groovy:29)
</failure>
  </testcase>
  <testcase name="ファイル出力を比較する: Direction{ s_InputDir: data/input/20140510-5.3-S-H24-0019/pat-sbms/presentment-a79-p, s_OutputDir: data/output/20140510-5.3-S-H24-0019/html_amend/pat-sbms/presentment-a79-p} null" classname="jp.go.jpo.sa1s99.common.format.integration.HtmlToXmlForAmendApiIntegrationTest" time="0.0">
    <failure message="java.lang.IllegalArgumentException: Not implemented yet" type="java.lang.IllegalArgumentException">java.lang.IllegalArgumentException: Not implemented yet
	at jp.go.jpo.sa1s99.common.format.api.XmlToHtmlForAmendApi.execute(XmlToHtmlForAmendApi.java:32)
	at jp.go.jpo.sa1s99.common.format.integration.ExecuteXmlToHtmlForAmendApiByDirection.executeApi(ExecuteXmlToHtmlForAmendApiByDirection.java:26)
	at jp.go.jpo.sa1s99.common.format.integration.ExecuteXmlToHtmlForAmendApiByDirection.executeApi(ExecuteXmlToHtmlForAmendApiByDirection.java:13)
	at jp.go.jpo.sa1s99.common.format.integration.ExecuteApiByDirection.execute(ExecuteApiByDirection.java:28)
	at jp.go.jpo.sa1s99.common.format.integration.HtmlToXmlForAmendApiIntegrationTest.ファイル出力を比較する: #direction #parsedResult(HtmlToXmlForAmendApiIntegrationTest.groovy:29)
</failure>
  </testcase>
  <testcase name="ファイル出力を比較する: Direction{ s_InputDir: data/input/20140510-5.3-S-H24-0019/pct-doib/aib3491-p, s_OutputDir: data/output/20140510-5.3-S-H24-0019/html_amend/pct-doib/aib3491-p} null" classname="jp.go.jpo.sa1s99.common.format.integration.HtmlToXmlForAmendApiIntegrationTest" time="0.016">
    <failure message="java.lang.IllegalArgumentException: Not implemented yet" type="java.lang.IllegalArgumentException">java.lang.IllegalArgumentException: Not implemented yet
	at jp.go.jpo.sa1s99.common.format.api.XmlToHtmlForAmendApi.execute(XmlToHtmlForAmendApi.java:32)
	at jp.go.jpo.sa1s99.common.format.integration.ExecuteXmlToHtmlForAmendApiByDirection.executeApi(ExecuteXmlToHtmlForAmendApiByDirection.java:26)
	at jp.go.jpo.sa1s99.common.format.integration.ExecuteXmlToHtmlForAmendApiByDirection.executeApi(ExecuteXmlToHtmlForAmendApiByDirection.java:13)
	at jp.go.jpo.sa1s99.common.format.integration.ExecuteApiByDirection.execute(ExecuteApiByDirection.java:28)
	at jp.go.jpo.sa1s99.common.format.integration.HtmlToXmlForAmendApiIntegrationTest.ファイル出力を比較する: #direction #parsedResult(HtmlToXmlForAmendApiIntegrationTest.groovy:29)
</failure>
  </testcase>
  <testcase name="ファイル出力を比較する: Direction{ s_InputDir: data/input/20140510-5.3-S-H24-0019/rfi/demand-e841-p, s_OutputDir: data/output/20140510-5.3-S-H24-0019/html_amend/rfi/demand-e841-p} null" classname="jp.go.jpo.sa1s99.common.format.integration.HtmlToXmlForAmendApiIntegrationTest" time="0.0">
    <failure message="java.lang.IllegalArgumentException: Not implemented yet" type="java.lang.IllegalArgumentException">java.lang.IllegalArgumentException: Not implemented yet
	at jp.go.jpo.sa1s99.common.format.api.XmlToHtmlForAmendApi.execute(XmlToHtmlForAmendApi.java:32)
	at jp.go.jpo.sa1s99.common.format.integration.ExecuteXmlToHtmlForAmendApiByDirection.executeApi(ExecuteXmlToHtmlForAmendApiByDirection.java:26)
	at jp.go.jpo.sa1s99.common.format.integration.ExecuteXmlToHtmlForAmendApiByDirection.executeApi(ExecuteXmlToHtmlForAmendApiByDirection.java:13)
	at jp.go.jpo.sa1s99.common.format.integration.ExecuteApiByDirection.execute(ExecuteApiByDirection.java:28)
	at jp.go.jpo.sa1s99.common.format.integration.HtmlToXmlForAmendApiIntegrationTest.ファイル出力を比較する: #direction #parsedResult(HtmlToXmlForAmendApiIntegrationTest.groovy:29)
</failure>
  </testcase>
  <testcase name="ファイル出力を比較する: Direction{ s_InputDir: data/input/20140510-5.3-S-H24-0019/rgs-doc/payment-r100-p, s_OutputDir: data/output/20140510-5.3-S-H24-0019/html_amend/rgs-doc/payment-r100-p} null" classname="jp.go.jpo.sa1s99.common.format.integration.HtmlToXmlForAmendApiIntegrationTest" time="0.015">
    <failure message="java.lang.IllegalArgumentException: Not implemented yet" type="java.lang.IllegalArgumentException">java.lang.IllegalArgumentException: Not implemented yet
	at jp.go.jpo.sa1s99.common.format.api.XmlToHtmlForAmendApi.execute(XmlToHtmlForAmendApi.java:32)
	at jp.go.jpo.sa1s99.common.format.integration.ExecuteXmlToHtmlForAmendApiByDirection.executeApi(ExecuteXmlToHtmlForAmendApiByDirection.java:26)
	at jp.go.jpo.sa1s99.common.format.integration.ExecuteXmlToHtmlForAmendApiByDirection.executeApi(ExecuteXmlToHtmlForAmendApiByDirection.java:13)
	at jp.go.jpo.sa1s99.common.format.integration.ExecuteApiByDirection.execute(ExecuteApiByDirection.java:28)
	at jp.go.jpo.sa1s99.common.format.integration.HtmlToXmlForAmendApiIntegrationTest.ファイル出力を比較する: #direction #parsedResult(HtmlToXmlForAmendApiIntegrationTest.groovy:29)
</failure>
  </testcase>
  <testcase name="ファイル出力を比較する: Direction{ s_InputDir: data/input/20150907-S-H27-0026/01-pat-abnd/01-withdrawal-abandonment-a761, s_OutputDir: data/output/html_amend/20150907-S-H27-0026/01-pat-abnd/01-withdrawal-abandonment-a761} null" classname="jp.go.jpo.sa1s99.common.format.integration.HtmlToXmlForAmendApiIntegrationTest" time="0.0">
    <failure message="java.lang.IllegalArgumentException: Not implemented yet" type="java.lang.IllegalArgumentException">java.lang.IllegalArgumentException: Not implemented yet
	at jp.go.jpo.sa1s99.common.format.api.XmlToHtmlForAmendApi.execute(XmlToHtmlForAmendApi.java:32)
	at jp.go.jpo.sa1s99.common.format.integration.ExecuteXmlToHtmlForAmendApiByDirection.executeApi(ExecuteXmlToHtmlForAmendApiByDirection.java:26)
	at jp.go.jpo.sa1s99.common.format.integration.ExecuteXmlToHtmlForAmendApiByDirection.executeApi(ExecuteXmlToHtmlForAmendApiByDirection.java:13)
	at jp.go.jpo.sa1s99.common.format.integration.ExecuteApiByDirection.execute(ExecuteApiByDirection.java:28)
	at jp.go.jpo.sa1s99.common.format.integration.HtmlToXmlForAmendApiIntegrationTest.ファイル出力を比較する: #direction #parsedResult(HtmlToXmlForAmendApiIntegrationTest.groovy:29)
</failure>
  </testcase>
  <testcase name="ファイル出力を比較する: Direction{ s_InputDir: data/input/20150907-S-H27-0026/02-pat-amnd/02-jpamendment-a523, s_OutputDir: data/output/html_amend/20150907-S-H27-0026/02-pat-amnd/02-jpamendment-a523} null" classname="jp.go.jpo.sa1s99.common.format.integration.HtmlToXmlForAmendApiIntegrationTest" time="0.0">
    <failure message="java.lang.IllegalArgumentException: Not implemented yet" type="java.lang.IllegalArgumentException">java.lang.IllegalArgumentException: Not implemented yet
	at jp.go.jpo.sa1s99.common.format.api.XmlToHtmlForAmendApi.execute(XmlToHtmlForAmendApi.java:32)
	at jp.go.jpo.sa1s99.common.format.integration.ExecuteXmlToHtmlForAmendApiByDirection.executeApi(ExecuteXmlToHtmlForAmendApiByDirection.java:26)
	at jp.go.jpo.sa1s99.common.format.integration.ExecuteXmlToHtmlForAmendApiByDirection.executeApi(ExecuteXmlToHtmlForAmendApiByDirection.java:13)
	at jp.go.jpo.sa1s99.common.format.integration.ExecuteApiByDirection.execute(ExecuteApiByDirection.java:28)
	at jp.go.jpo.sa1s99.common.format.integration.HtmlToXmlForAmendApiIntegrationTest.ファイル出力を比較する: #direction #parsedResult(HtmlToXmlForAmendApiIntegrationTest.groovy:29)
</failure>
  </testcase>
  <testcase name="ファイル出力を比較する: Direction{ s_InputDir: data/input/20150907-S-H27-0026/03-pat-aplc/03-jpapplicant-a712, s_OutputDir: data/output/html_amend/20150907-S-H27-0026/03-pat-aplc/03-jpapplicant-a712} null" classname="jp.go.jpo.sa1s99.common.format.integration.HtmlToXmlForAmendApiIntegrationTest" time="0.0">
    <failure message="java.lang.IllegalArgumentException: Not implemented yet" type="java.lang.IllegalArgumentException">java.lang.IllegalArgumentException: Not implemented yet
	at jp.go.jpo.sa1s99.common.format.api.XmlToHtmlForAmendApi.execute(XmlToHtmlForAmendApi.java:32)
	at jp.go.jpo.sa1s99.common.format.integration.ExecuteXmlToHtmlForAmendApiByDirection.executeApi(ExecuteXmlToHtmlForAmendApiByDirection.java:26)
	at jp.go.jpo.sa1s99.common.format.integration.ExecuteXmlToHtmlForAmendApiByDirection.executeApi(ExecuteXmlToHtmlForAmendApiByDirection.java:13)
	at jp.go.jpo.sa1s99.common.format.integration.ExecuteApiByDirection.execute(ExecuteApiByDirection.java:28)
	at jp.go.jpo.sa1s99.common.format.integration.HtmlToXmlForAmendApiIntegrationTest.ファイル出力を比較する: #direction #parsedResult(HtmlToXmlForAmendApiIntegrationTest.groovy:29)
</failure>
  </testcase>
  <testcase name="ファイル出力を比較する: Direction{ s_InputDir: data/input/20150907-S-H27-0026/04-pat-appd/04-jpapplication-a63, s_OutputDir: data/output/html_amend/20150907-S-H27-0026/04-pat-appd/04-jpapplication-a63} null" classname="jp.go.jpo.sa1s99.common.format.integration.HtmlToXmlForAmendApiIntegrationTest" time="0.016">
    <failure message="java.lang.IllegalArgumentException: Not implemented yet" type="java.lang.IllegalArgumentException">java.lang.IllegalArgumentException: Not implemented yet
	at jp.go.jpo.sa1s99.common.format.api.XmlToHtmlForAmendApi.execute(XmlToHtmlForAmendApi.java:32)
	at jp.go.jpo.sa1s99.common.format.integration.ExecuteXmlToHtmlForAmendApiByDirection.executeApi(ExecuteXmlToHtmlForAmendApiByDirection.java:26)
	at jp.go.jpo.sa1s99.common.format.integration.ExecuteXmlToHtmlForAmendApiByDirection.executeApi(ExecuteXmlToHtmlForAmendApiByDirection.java:13)
	at jp.go.jpo.sa1s99.common.format.integration.ExecuteApiByDirection.execute(ExecuteApiByDirection.java:28)
	at jp.go.jpo.sa1s99.common.format.integration.HtmlToXmlForAmendApiIntegrationTest.ファイル出力を比較する: #direction #parsedResult(HtmlToXmlForAmendApiIntegrationTest.groovy:29)
</failure>
  </testcase>
  <testcase name="ファイル出力を比較する: Direction{ s_InputDir: data/input/20150907-S-H27-0026/05-pat-atny/attorney-a7422-p, s_OutputDir: data/output/html_amend/20150907-S-H27-0026/05-pat-atny/attorney-a7422-p} null" classname="jp.go.jpo.sa1s99.common.format.integration.HtmlToXmlForAmendApiIntegrationTest" time="0.022">
    <failure message="java.lang.IllegalArgumentException: Not implemented yet" type="java.lang.IllegalArgumentException">java.lang.IllegalArgumentException: Not implemented yet
	at jp.go.jpo.sa1s99.common.format.api.XmlToHtmlForAmendApi.execute(XmlToHtmlForAmendApi.java:32)
	at jp.go.jpo.sa1s99.common.format.integration.ExecuteXmlToHtmlForAmendApiByDirection.executeApi(ExecuteXmlToHtmlForAmendApiByDirection.java:26)
	at jp.go.jpo.sa1s99.common.format.integration.ExecuteXmlToHtmlForAmendApiByDirection.executeApi(ExecuteXmlToHtmlForAmendApiByDirection.java:13)
	at jp.go.jpo.sa1s99.common.format.integration.ExecuteApiByDirection.execute(ExecuteApiByDirection.java:28)
	at jp.go.jpo.sa1s99.common.format.integration.HtmlToXmlForAmendApiIntegrationTest.ファイル出力を比較する: #direction #parsedResult(HtmlToXmlForAmendApiIntegrationTest.groovy:29)
</failure>
  </testcase>
  <testcase name="ファイル出力を比較する: Direction{ s_InputDir: data/input/20150907-S-H27-0026/06-pat-etc/etcetera-a621-p, s_OutputDir: data/output/html_amend/20150907-S-H27-0026/06-pat-etc/etcetera-a621-p} null" classname="jp.go.jpo.sa1s99.common.format.integration.HtmlToXmlForAmendApiIntegrationTest" time="0.0">
    <failure message="java.lang.IllegalArgumentException: Not implemented yet" type="java.lang.IllegalArgumentException">java.lang.IllegalArgumentException: Not implemented yet
	at jp.go.jpo.sa1s99.common.format.api.XmlToHtmlForAmendApi.execute(XmlToHtmlForAmendApi.java:32)
	at jp.go.jpo.sa1s99.common.format.integration.ExecuteXmlToHtmlForAmendApiByDirection.executeApi(ExecuteXmlToHtmlForAmendApiByDirection.java:26)
	at jp.go.jpo.sa1s99.common.format.integration.ExecuteXmlToHtmlForAmendApiByDirection.executeApi(ExecuteXmlToHtmlForAmendApiByDirection.java:13)
	at jp.go.jpo.sa1s99.common.format.integration.ExecuteApiByDirection.execute(ExecuteApiByDirection.java:28)
	at jp.go.jpo.sa1s99.common.format.integration.HtmlToXmlForAmendApiIntegrationTest.ファイル出力を比較する: #direction #parsedResult(HtmlToXmlForAmendApiIntegrationTest.groovy:29)
</failure>
  </testcase>
  <testcase name="ファイル出力を比較する: Direction{ s_InputDir: data/input/20150907-S-H27-0026/07-pat-rspn/response-a53-p, s_OutputDir: data/output/html_amend/20150907-S-H27-0026/07-pat-rspn/response-a53-p} null" classname="jp.go.jpo.sa1s99.common.format.integration.HtmlToXmlForAmendApiIntegrationTest" time="0.0">
    <failure message="java.lang.IllegalArgumentException: Not implemented yet" type="java.lang.IllegalArgumentException">java.lang.IllegalArgumentException: Not implemented yet
	at jp.go.jpo.sa1s99.common.format.api.XmlToHtmlForAmendApi.execute(XmlToHtmlForAmendApi.java:32)
	at jp.go.jpo.sa1s99.common.format.integration.ExecuteXmlToHtmlForAmendApiByDirection.executeApi(ExecuteXmlToHtmlForAmendApiByDirection.java:26)
	at jp.go.jpo.sa1s99.common.format.integration.ExecuteXmlToHtmlForAmendApiByDirection.executeApi(ExecuteXmlToHtmlForAmendApiByDirection.java:13)
	at jp.go.jpo.sa1s99.common.format.integration.ExecuteApiByDirection.execute(ExecuteApiByDirection.java:28)
	at jp.go.jpo.sa1s99.common.format.integration.HtmlToXmlForAmendApiIntegrationTest.ファイル出力を比較する: #direction #parsedResult(HtmlToXmlForAmendApiIntegrationTest.groovy:29)
</failure>
  </testcase>
  <testcase name="ファイル出力を比較する: Direction{ s_InputDir: data/input/20150907-S-H27-0026/08-pat-sbms/presentment-a79-p, s_OutputDir: data/output/html_amend/20150907-S-H27-0026/08-pat-sbms/presentment-a79-p} null" classname="jp.go.jpo.sa1s99.common.format.integration.HtmlToXmlForAmendApiIntegrationTest" time="0.0">
    <failure message="java.lang.IllegalArgumentException: Not implemented yet" type="java.lang.IllegalArgumentException">java.lang.IllegalArgumentException: Not implemented yet
	at jp.go.jpo.sa1s99.common.format.api.XmlToHtmlForAmendApi.execute(XmlToHtmlForAmendApi.java:32)
	at jp.go.jpo.sa1s99.common.format.integration.ExecuteXmlToHtmlForAmendApiByDirection.executeApi(ExecuteXmlToHtmlForAmendApiByDirection.java:26)
	at jp.go.jpo.sa1s99.common.format.integration.ExecuteXmlToHtmlForAmendApiByDirection.executeApi(ExecuteXmlToHtmlForAmendApiByDirection.java:13)
	at jp.go.jpo.sa1s99.common.format.integration.ExecuteApiByDirection.execute(ExecuteApiByDirection.java:28)
	at jp.go.jpo.sa1s99.common.format.integration.HtmlToXmlForAmendApiIntegrationTest.ファイル出力を比較する: #direction #parsedResult(HtmlToXmlForAmendApiIntegrationTest.groovy:29)
</failure>
  </testcase>
  <testcase name="ファイル出力を比較する: Direction{ s_InputDir: data/input/20150907-S-H27-0026/09-pct-doib/a03-aib210-p, s_OutputDir: data/output/html_amend/20150907-S-H27-0026/09-pct-doib/a03-aib210-p} null" classname="jp.go.jpo.sa1s99.common.format.integration.HtmlToXmlForAmendApiIntegrationTest" time="0.0">
    <failure message="java.lang.IllegalArgumentException: Not implemented yet" type="java.lang.IllegalArgumentException">java.lang.IllegalArgumentException: Not implemented yet
	at jp.go.jpo.sa1s99.common.format.api.XmlToHtmlForAmendApi.execute(XmlToHtmlForAmendApi.java:32)
	at jp.go.jpo.sa1s99.common.format.integration.ExecuteXmlToHtmlForAmendApiByDirection.executeApi(ExecuteXmlToHtmlForAmendApiByDirection.java:26)
	at jp.go.jpo.sa1s99.common.format.integration.ExecuteXmlToHtmlForAmendApiByDirection.executeApi(ExecuteXmlToHtmlForAmendApiByDirection.java:13)
	at jp.go.jpo.sa1s99.common.format.integration.ExecuteApiByDirection.execute(ExecuteApiByDirection.java:28)
	at jp.go.jpo.sa1s99.common.format.integration.HtmlToXmlForAmendApiIntegrationTest.ファイル出力を比較する: #direction #parsedResult(HtmlToXmlForAmendApiIntegrationTest.groovy:29)
</failure>
  </testcase>
  <testcase name="ファイル出力を比較する: Direction{ s_InputDir: data/input/20150907-S-H27-0026/10-rfi/demand-e842-p, s_OutputDir: data/output/html_amend/20150907-S-H27-0026/10-rfi/demand-e842-p} null" classname="jp.go.jpo.sa1s99.common.format.integration.HtmlToXmlForAmendApiIntegrationTest" time="0.016">
    <failure message="java.lang.IllegalArgumentException: Not implemented yet" type="java.lang.IllegalArgumentException">java.lang.IllegalArgumentException: Not implemented yet
	at jp.go.jpo.sa1s99.common.format.api.XmlToHtmlForAmendApi.execute(XmlToHtmlForAmendApi.java:32)
	at jp.go.jpo.sa1s99.common.format.integration.ExecuteXmlToHtmlForAmendApiByDirection.executeApi(ExecuteXmlToHtmlForAmendApiByDirection.java:26)
	at jp.go.jpo.sa1s99.common.format.integration.ExecuteXmlToHtmlForAmendApiByDirection.executeApi(ExecuteXmlToHtmlForAmendApiByDirection.java:13)
	at jp.go.jpo.sa1s99.common.format.integration.ExecuteApiByDirection.execute(ExecuteApiByDirection.java:28)
	at jp.go.jpo.sa1s99.common.format.integration.HtmlToXmlForAmendApiIntegrationTest.ファイル出力を比較する: #direction #parsedResult(HtmlToXmlForAmendApiIntegrationTest.groovy:29)
</failure>
  </testcase>
  <testcase name="ファイル出力を比較する: Direction{ s_InputDir: data/input/20150907-S-H27-0026/11-rgs-doc/payment-r100-p, s_OutputDir: data/output/html_amend/20150907-S-H27-0026/11-rgs-doc/payment-r100-p} null" classname="jp.go.jpo.sa1s99.common.format.integration.HtmlToXmlForAmendApiIntegrationTest" time="0.0">
    <failure message="java.lang.IllegalArgumentException: Not implemented yet" type="java.lang.IllegalArgumentException">java.lang.IllegalArgumentException: Not implemented yet
	at jp.go.jpo.sa1s99.common.format.api.XmlToHtmlForAmendApi.execute(XmlToHtmlForAmendApi.java:32)
	at jp.go.jpo.sa1s99.common.format.integration.ExecuteXmlToHtmlForAmendApiByDirection.executeApi(ExecuteXmlToHtmlForAmendApiByDirection.java:26)
	at jp.go.jpo.sa1s99.common.format.integration.ExecuteXmlToHtmlForAmendApiByDirection.executeApi(ExecuteXmlToHtmlForAmendApiByDirection.java:13)
	at jp.go.jpo.sa1s99.common.format.integration.ExecuteApiByDirection.execute(ExecuteApiByDirection.java:28)
	at jp.go.jpo.sa1s99.common.format.integration.HtmlToXmlForAmendApiIntegrationTest.ファイル出力を比較する: #direction #parsedResult(HtmlToXmlForAmendApiIntegrationTest.groovy:29)
</failure>
  </testcase>
  <testcase name="ファイル出力を比較する: Direction{ s_InputDir: data/input/20150907-S-H27-0026/12-application-body/12-application-body, s_OutputDir: data/output/html_amend/20150907-S-H27-0026/12-application-body/12-application-body} null" classname="jp.go.jpo.sa1s99.common.format.integration.HtmlToXmlForAmendApiIntegrationTest" time="0.0">
    <failure message="java.lang.IllegalArgumentException: Not implemented yet" type="java.lang.IllegalArgumentException">java.lang.IllegalArgumentException: Not implemented yet
	at jp.go.jpo.sa1s99.common.format.api.XmlToHtmlForAmendApi.execute(XmlToHtmlForAmendApi.java:32)
	at jp.go.jpo.sa1s99.common.format.integration.ExecuteXmlToHtmlForAmendApiByDirection.executeApi(ExecuteXmlToHtmlForAmendApiByDirection.java:26)
	at jp.go.jpo.sa1s99.common.format.integration.ExecuteXmlToHtmlForAmendApiByDirection.executeApi(ExecuteXmlToHtmlForAmendApiByDirection.java:13)
	at jp.go.jpo.sa1s99.common.format.integration.ExecuteApiByDirection.execute(ExecuteApiByDirection.java:28)
	at jp.go.jpo.sa1s99.common.format.integration.HtmlToXmlForAmendApiIntegrationTest.ファイル出力を比較する: #direction #parsedResult(HtmlToXmlForAmendApiIntegrationTest.groovy:29)
</failure>
  </testcase>
  <testcase name="ファイル出力を比較する: Direction{ s_InputDir: data/input/20150907-S-H27-0026/13-drawing-body/13-drawing-body, s_OutputDir: data/output/html_amend/20150907-S-H27-0026/13-drawing-body/13-drawing-body} null" classname="jp.go.jpo.sa1s99.common.format.integration.HtmlToXmlForAmendApiIntegrationTest" time="0.0">
    <failure message="java.lang.IllegalArgumentException: Not implemented yet" type="java.lang.IllegalArgumentException">java.lang.IllegalArgumentException: Not implemented yet
	at jp.go.jpo.sa1s99.common.format.api.XmlToHtmlForAmendApi.execute(XmlToHtmlForAmendApi.java:32)
	at jp.go.jpo.sa1s99.common.format.integration.ExecuteXmlToHtmlForAmendApiByDirection.executeApi(ExecuteXmlToHtmlForAmendApiByDirection.java:26)
	at jp.go.jpo.sa1s99.common.format.integration.ExecuteXmlToHtmlForAmendApiByDirection.executeApi(ExecuteXmlToHtmlForAmendApiByDirection.java:13)
	at jp.go.jpo.sa1s99.common.format.integration.ExecuteApiByDirection.execute(ExecuteApiByDirection.java:28)
	at jp.go.jpo.sa1s99.common.format.integration.HtmlToXmlForAmendApiIntegrationTest.ファイル出力を比較する: #direction #parsedResult(HtmlToXmlForAmendApiIntegrationTest.groovy:29)
</failure>
  </testcase>
  <testcase name="ファイル出力を比較する: Direction{ s_InputDir: data/input/20150907-S-H27-0026/14-foreign-language-body/14-foreign-language-body, s_OutputDir: data/output/html_amend/20150907-S-H27-0026/14-foreign-language-body/14-foreign-language-body} null" classname="jp.go.jpo.sa1s99.common.format.integration.HtmlToXmlForAmendApiIntegrationTest" time="0.015">
    <failure message="java.lang.IllegalArgumentException: Not implemented yet" type="java.lang.IllegalArgumentException">java.lang.IllegalArgumentException: Not implemented yet
	at jp.go.jpo.sa1s99.common.format.api.XmlToHtmlForAmendApi.execute(XmlToHtmlForAmendApi.java:32)
	at jp.go.jpo.sa1s99.common.format.integration.ExecuteXmlToHtmlForAmendApiByDirection.executeApi(ExecuteXmlToHtmlForAmendApiByDirection.java:26)
	at jp.go.jpo.sa1s99.common.format.integration.ExecuteXmlToHtmlForAmendApiByDirection.executeApi(ExecuteXmlToHtmlForAmendApiByDirection.java:13)
	at jp.go.jpo.sa1s99.common.format.integration.ExecuteApiByDirection.execute(ExecuteApiByDirection.java:28)
	at jp.go.jpo.sa1s99.common.format.integration.HtmlToXmlForAmendApiIntegrationTest.ファイル出力を比較する: #direction #parsedResult(HtmlToXmlForAmendApiIntegrationTest.groovy:29)
</failure>
  </testcase>
  <testcase name="ファイル出力を比較する: Direction{ s_InputDir: data/input/20150907-S-H27-0026/15-sequence-list/15-sequence-list, s_OutputDir: data/output/html_amend/20150907-S-H27-0026/15-sequence-list/15-sequence-list} null" classname="jp.go.jpo.sa1s99.common.format.integration.HtmlToXmlForAmendApiIntegrationTest" time="0.0">
    <failure message="java.lang.IllegalArgumentException: Not implemented yet" type="java.lang.IllegalArgumentException">java.lang.IllegalArgumentException: Not implemented yet
	at jp.go.jpo.sa1s99.common.format.api.XmlToHtmlForAmendApi.execute(XmlToHtmlForAmendApi.java:32)
	at jp.go.jpo.sa1s99.common.format.integration.ExecuteXmlToHtmlForAmendApiByDirection.executeApi(ExecuteXmlToHtmlForAmendApiByDirection.java:26)
	at jp.go.jpo.sa1s99.common.format.integration.ExecuteXmlToHtmlForAmendApiByDirection.executeApi(ExecuteXmlToHtmlForAmendApiByDirection.java:13)
	at jp.go.jpo.sa1s99.common.format.integration.ExecuteApiByDirection.execute(ExecuteApiByDirection.java:28)
	at jp.go.jpo.sa1s99.common.format.integration.HtmlToXmlForAmendApiIntegrationTest.ファイル出力を比較する: #direction #parsedResult(HtmlToXmlForAmendApiIntegrationTest.groovy:29)
</failure>
  </testcase>
  <testcase name="ファイル出力を比較する: Direction{ s_InputDir: data/input/20150907-S-H27-0026/16-attaching-document/16-attaching-document, s_OutputDir: data/output/html_amend/20150907-S-H27-0026/16-attaching-document/16-attaching-document} null" classname="jp.go.jpo.sa1s99.common.format.integration.HtmlToXmlForAmendApiIntegrationTest" time="0.016">
    <failure message="java.lang.IllegalArgumentException: Not implemented yet" type="java.lang.IllegalArgumentException">java.lang.IllegalArgumentException: Not implemented yet
	at jp.go.jpo.sa1s99.common.format.api.XmlToHtmlForAmendApi.execute(XmlToHtmlForAmendApi.java:32)
	at jp.go.jpo.sa1s99.common.format.integration.ExecuteXmlToHtmlForAmendApiByDirection.executeApi(ExecuteXmlToHtmlForAmendApiByDirection.java:26)
	at jp.go.jpo.sa1s99.common.format.integration.ExecuteXmlToHtmlForAmendApiByDirection.executeApi(ExecuteXmlToHtmlForAmendApiByDirection.java:13)
	at jp.go.jpo.sa1s99.common.format.integration.ExecuteApiByDirection.execute(ExecuteApiByDirection.java:28)
	at jp.go.jpo.sa1s99.common.format.integration.HtmlToXmlForAmendApiIntegrationTest.ファイル出力を比較する: #direction #parsedResult(HtmlToXmlForAmendApiIntegrationTest.groovy:29)
</failure>
  </testcase>
  <testcase name="ファイル出力を比較する: Direction{ s_InputDir: data/input/20150907-S-H27-0026/03-pat-aplc/03-jpapplicant-a711, s_OutputDir: data/output/html_amend/20150907-S-H27-0026/03-pat-aplc/03-jpapplicant-a711} null" classname="jp.go.jpo.sa1s99.common.format.integration.HtmlToXmlForAmendApiIntegrationTest" time="0.0">
    <failure message="java.lang.IllegalArgumentException: Not implemented yet" type="java.lang.IllegalArgumentException">java.lang.IllegalArgumentException: Not implemented yet
	at jp.go.jpo.sa1s99.common.format.api.XmlToHtmlForAmendApi.execute(XmlToHtmlForAmendApi.java:32)
	at jp.go.jpo.sa1s99.common.format.integration.ExecuteXmlToHtmlForAmendApiByDirection.executeApi(ExecuteXmlToHtmlForAmendApiByDirection.java:26)
	at jp.go.jpo.sa1s99.common.format.integration.ExecuteXmlToHtmlForAmendApiByDirection.executeApi(ExecuteXmlToHtmlForAmendApiByDirection.java:13)
	at jp.go.jpo.sa1s99.common.format.integration.ExecuteApiByDirection.execute(ExecuteApiByDirection.java:28)
	at jp.go.jpo.sa1s99.common.format.integration.HtmlToXmlForAmendApiIntegrationTest.ファイル出力を比較する: #direction #parsedResult(HtmlToXmlForAmendApiIntegrationTest.groovy:29)
</failure>
  </testcase>
  <testcase name="ファイル出力を比較する: Direction{ s_InputDir: data/input/20150907-S-H27-0026/09-pct-doib/aib3491-p, s_OutputDir: data/output/html_amend/20150907-S-H27-0026/09-pct-doib/aib3491-p} null" classname="jp.go.jpo.sa1s99.common.format.integration.HtmlToXmlForAmendApiIntegrationTest" time="0.0">
    <failure message="java.lang.IllegalArgumentException: Not implemented yet" type="java.lang.IllegalArgumentException">java.lang.IllegalArgumentException: Not implemented yet
	at jp.go.jpo.sa1s99.common.format.api.XmlToHtmlForAmendApi.execute(XmlToHtmlForAmendApi.java:32)
	at jp.go.jpo.sa1s99.common.format.integration.ExecuteXmlToHtmlForAmendApiByDirection.executeApi(ExecuteXmlToHtmlForAmendApiByDirection.java:26)
	at jp.go.jpo.sa1s99.common.format.integration.ExecuteXmlToHtmlForAmendApiByDirection.executeApi(ExecuteXmlToHtmlForAmendApiByDirection.java:13)
	at jp.go.jpo.sa1s99.common.format.integration.ExecuteApiByDirection.execute(ExecuteApiByDirection.java:28)
	at jp.go.jpo.sa1s99.common.format.integration.HtmlToXmlForAmendApiIntegrationTest.ファイル出力を比較する: #direction #parsedResult(HtmlToXmlForAmendApiIntegrationTest.groovy:29)
</failure>
  </testcase>
  <testcase name="ファイル出力を比較する: Direction{ s_InputDir: data/input/20151001-5.42-S-H27-0002-2/pat-etc/etcetera-a917-p, s_OutputDir: data/output/html_amend/20151001-5.42-S-H27-0002-2/pat-etc/etcetera-a917-p} null" classname="jp.go.jpo.sa1s99.common.format.integration.HtmlToXmlForAmendApiIntegrationTest" time="0.0">
    <failure message="java.lang.IllegalArgumentException" type="java.lang.IllegalArgumentException">java.lang.IllegalArgumentException
	at jp.go.jpo.sa1s99.common.format.api.XmlToHtmlForAmendApi.execute(XmlToHtmlForAmendApi.java:27)
	at jp.go.jpo.sa1s99.common.format.integration.ExecuteXmlToHtmlForAmendApiByDirection.executeApi(ExecuteXmlToHtmlForAmendApiByDirection.java:26)
	at jp.go.jpo.sa1s99.common.format.integration.ExecuteXmlToHtmlForAmendApiByDirection.executeApi(ExecuteXmlToHtmlForAmendApiByDirection.java:13)
	at jp.go.jpo.sa1s99.common.format.integration.ExecuteApiByDirection.execute(ExecuteApiByDirection.java:28)
	at jp.go.jpo.sa1s99.common.format.integration.HtmlToXmlForAmendApiIntegrationTest.ファイル出力を比較する: #direction #parsedResult(HtmlToXmlForAmendApiIntegrationTest.groovy:29)
</failure>
  </testcase>
  <testcase name="ファイル出力を比較する: Direction{ s_InputDir: data/input/20151001-5.42-S-H27-0002-2/pat-etc/etcetera-a917-p_r1, s_OutputDir: data/output/html_amend/20151001-5.42-S-H27-0002-2/pat-etc/etcetera-a917-p_r1} null" classname="jp.go.jpo.sa1s99.common.format.integration.HtmlToXmlForAmendApiIntegrationTest" time="0.015">
    <failure message="java.lang.IllegalArgumentException: Not implemented yet" type="java.lang.IllegalArgumentException">java.lang.IllegalArgumentException: Not implemented yet
	at jp.go.jpo.sa1s99.common.format.api.XmlToHtmlForAmendApi.execute(XmlToHtmlForAmendApi.java:32)
	at jp.go.jpo.sa1s99.common.format.integration.ExecuteXmlToHtmlForAmendApiByDirection.executeApi(ExecuteXmlToHtmlForAmendApiByDirection.java:26)
	at jp.go.jpo.sa1s99.common.format.integration.ExecuteXmlToHtmlForAmendApiByDirection.executeApi(ExecuteXmlToHtmlForAmendApiByDirection.java:13)
	at jp.go.jpo.sa1s99.common.format.integration.ExecuteApiByDirection.execute(ExecuteApiByDirection.java:28)
	at jp.go.jpo.sa1s99.common.format.integration.HtmlToXmlForAmendApiIntegrationTest.ファイル出力を比較する: #direction #parsedResult(HtmlToXmlForAmendApiIntegrationTest.groovy:29)
</failure>
  </testcase>
  <testcase name="ファイル出力を比較する: Direction{ s_InputDir: data/input/20151001-5.42-S-H27-0002-2/pat-etc/etcetera-a917-p_r2, s_OutputDir: data/output/html_amend/20151001-5.42-S-H27-0002-2/pat-etc/etcetera-a917-p_r2} null" classname="jp.go.jpo.sa1s99.common.format.integration.HtmlToXmlForAmendApiIntegrationTest" time="0.0">
    <failure message="java.lang.IllegalArgumentException: Not implemented yet" type="java.lang.IllegalArgumentException">java.lang.IllegalArgumentException: Not implemented yet
	at jp.go.jpo.sa1s99.common.format.api.XmlToHtmlForAmendApi.execute(XmlToHtmlForAmendApi.java:32)
	at jp.go.jpo.sa1s99.common.format.integration.ExecuteXmlToHtmlForAmendApiByDirection.executeApi(ExecuteXmlToHtmlForAmendApiByDirection.java:26)
	at jp.go.jpo.sa1s99.common.format.integration.ExecuteXmlToHtmlForAmendApiByDirection.executeApi(ExecuteXmlToHtmlForAmendApiByDirection.java:13)
	at jp.go.jpo.sa1s99.common.format.integration.ExecuteApiByDirection.execute(ExecuteApiByDirection.java:28)
	at jp.go.jpo.sa1s99.common.format.integration.HtmlToXmlForAmendApiIntegrationTest.ファイル出力を比較する: #direction #parsedResult(HtmlToXmlForAmendApiIntegrationTest.groovy:29)
</failure>
  </testcase>
  <testcase name="ファイル出力を比較する: Direction{ s_InputDir: data/input/20151001-5.42-S-H27-0002-2/pat-etc/etcetera-a917-p_r3, s_OutputDir: data/output/html_amend/20151001-5.42-S-H27-0002-2/pat-etc/etcetera-a917-p_r3} null" classname="jp.go.jpo.sa1s99.common.format.integration.HtmlToXmlForAmendApiIntegrationTest" time="0.0">
    <failure message="java.lang.IllegalArgumentException: Not implemented yet" type="java.lang.IllegalArgumentException">java.lang.IllegalArgumentException: Not implemented yet
	at jp.go.jpo.sa1s99.common.format.api.XmlToHtmlForAmendApi.execute(XmlToHtmlForAmendApi.java:32)
	at jp.go.jpo.sa1s99.common.format.integration.ExecuteXmlToHtmlForAmendApiByDirection.executeApi(ExecuteXmlToHtmlForAmendApiByDirection.java:26)
	at jp.go.jpo.sa1s99.common.format.integration.ExecuteXmlToHtmlForAmendApiByDirection.executeApi(ExecuteXmlToHtmlForAmendApiByDirection.java:13)
	at jp.go.jpo.sa1s99.common.format.integration.ExecuteApiByDirection.execute(ExecuteApiByDirection.java:28)
	at jp.go.jpo.sa1s99.common.format.integration.HtmlToXmlForAmendApiIntegrationTest.ファイル出力を比較する: #direction #parsedResult(HtmlToXmlForAmendApiIntegrationTest.groovy:29)
</failure>
  </testcase>
  <testcase name="ファイル出力を比較する: Direction{ s_InputDir: data/input/20151001-5.42-S-H27-0002-2/pat-etc/etcetera-a917-p_r4, s_OutputDir: data/output/html_amend/20151001-5.42-S-H27-0002-2/pat-etc/etcetera-a917-p_r4} null" classname="jp.go.jpo.sa1s99.common.format.integration.HtmlToXmlForAmendApiIntegrationTest" time="0.0">
    <failure message="java.lang.IllegalArgumentException: Not implemented yet" type="java.lang.IllegalArgumentException">java.lang.IllegalArgumentException: Not implemented yet
	at jp.go.jpo.sa1s99.common.format.api.XmlToHtmlForAmendApi.execute(XmlToHtmlForAmendApi.java:32)
	at jp.go.jpo.sa1s99.common.format.integration.ExecuteXmlToHtmlForAmendApiByDirection.executeApi(ExecuteXmlToHtmlForAmendApiByDirection.java:26)
	at jp.go.jpo.sa1s99.common.format.integration.ExecuteXmlToHtmlForAmendApiByDirection.executeApi(ExecuteXmlToHtmlForAmendApiByDirection.java:13)
	at jp.go.jpo.sa1s99.common.format.integration.ExecuteApiByDirection.execute(ExecuteApiByDirection.java:28)
	at jp.go.jpo.sa1s99.common.format.integration.HtmlToXmlForAmendApiIntegrationTest.ファイル出力を比較する: #direction #parsedResult(HtmlToXmlForAmendApiIntegrationTest.groovy:29)
</failure>
  </testcase>
  <testcase name="ファイル出力を比較する: Direction{ s_InputDir: data/input/20151001-5.42-S-H27-0002-2/pat-etc/etcetera-a917-p_r5, s_OutputDir: data/output/html_amend/20151001-5.42-S-H27-0002-2/pat-etc/etcetera-a917-p_r5} null" classname="jp.go.jpo.sa1s99.common.format.integration.HtmlToXmlForAmendApiIntegrationTest" time="0.016">
    <failure message="java.lang.IllegalArgumentException: Not implemented yet" type="java.lang.IllegalArgumentException">java.lang.IllegalArgumentException: Not implemented yet
	at jp.go.jpo.sa1s99.common.format.api.XmlToHtmlForAmendApi.execute(XmlToHtmlForAmendApi.java:32)
	at jp.go.jpo.sa1s99.common.format.integration.ExecuteXmlToHtmlForAmendApiByDirection.executeApi(ExecuteXmlToHtmlForAmendApiByDirection.java:26)
	at jp.go.jpo.sa1s99.common.format.integration.ExecuteXmlToHtmlForAmendApiByDirection.executeApi(ExecuteXmlToHtmlForAmendApiByDirection.java:13)
	at jp.go.jpo.sa1s99.common.format.integration.ExecuteApiByDirection.execute(ExecuteApiByDirection.java:28)
	at jp.go.jpo.sa1s99.common.format.integration.HtmlToXmlForAmendApiIntegrationTest.ファイル出力を比較する: #direction #parsedResult(HtmlToXmlForAmendApiIntegrationTest.groovy:29)
</failure>
  </testcase>
  <testcase name="ファイル出力を比較する: Direction{ s_InputDir: data/input/20151001-5.42-S-H27-0002-2/pat-etc/etcetera-a781-p, s_OutputDir: data/output/html_amend/20151001-5.42-S-H27-0002-2/pat-etc/etcetera-a781-p} null" classname="jp.go.jpo.sa1s99.common.format.integration.HtmlToXmlForAmendApiIntegrationTest" time="0.0">
    <failure message="java.lang.IllegalArgumentException" type="java.lang.IllegalArgumentException">java.lang.IllegalArgumentException
	at jp.go.jpo.sa1s99.common.format.api.XmlToHtmlForAmendApi.execute(XmlToHtmlForAmendApi.java:27)
	at jp.go.jpo.sa1s99.common.format.integration.ExecuteXmlToHtmlForAmendApiByDirection.executeApi(ExecuteXmlToHtmlForAmendApiByDirection.java:26)
	at jp.go.jpo.sa1s99.common.format.integration.ExecuteXmlToHtmlForAmendApiByDirection.executeApi(ExecuteXmlToHtmlForAmendApiByDirection.java:13)
	at jp.go.jpo.sa1s99.common.format.integration.ExecuteApiByDirection.execute(ExecuteApiByDirection.java:28)
	at jp.go.jpo.sa1s99.common.format.integration.HtmlToXmlForAmendApiIntegrationTest.ファイル出力を比較する: #direction #parsedResult(HtmlToXmlForAmendApiIntegrationTest.groovy:29)
</failure>
  </testcase>
  <testcase name="ファイル出力を比較する: Direction{ s_InputDir: data/input/20151001-5.42-S-H27-0002-2/pat-etc/etcetera-a781-p_r1, s_OutputDir: data/output/html_amend/20151001-5.42-S-H27-0002-2/pat-etc/etcetera-a781-p_r1} null" classname="jp.go.jpo.sa1s99.common.format.integration.HtmlToXmlForAmendApiIntegrationTest" time="0.0">
    <failure message="java.lang.IllegalArgumentException: Not implemented yet" type="java.lang.IllegalArgumentException">java.lang.IllegalArgumentException: Not implemented yet
	at jp.go.jpo.sa1s99.common.format.api.XmlToHtmlForAmendApi.execute(XmlToHtmlForAmendApi.java:32)
	at jp.go.jpo.sa1s99.common.format.integration.ExecuteXmlToHtmlForAmendApiByDirection.executeApi(ExecuteXmlToHtmlForAmendApiByDirection.java:26)
	at jp.go.jpo.sa1s99.common.format.integration.ExecuteXmlToHtmlForAmendApiByDirection.executeApi(ExecuteXmlToHtmlForAmendApiByDirection.java:13)
	at jp.go.jpo.sa1s99.common.format.integration.ExecuteApiByDirection.execute(ExecuteApiByDirection.java:28)
	at jp.go.jpo.sa1s99.common.format.integration.HtmlToXmlForAmendApiIntegrationTest.ファイル出力を比較する: #direction #parsedResult(HtmlToXmlForAmendApiIntegrationTest.groovy:29)
</failure>
  </testcase>
  <testcase name="ファイル出力を比較する: Direction{ s_InputDir: data/input/20151001-5.42-S-H27-0002-2/pat-etc/etcetera-a781-p_r2, s_OutputDir: data/output/html_amend/20151001-5.42-S-H27-0002-2/pat-etc/etcetera-a781-p_r2} null" classname="jp.go.jpo.sa1s99.common.format.integration.HtmlToXmlForAmendApiIntegrationTest" time="0.0">
    <failure message="java.lang.IllegalArgumentException: Not implemented yet" type="java.lang.IllegalArgumentException">java.lang.IllegalArgumentException: Not implemented yet
	at jp.go.jpo.sa1s99.common.format.api.XmlToHtmlForAmendApi.execute(XmlToHtmlForAmendApi.java:32)
	at jp.go.jpo.sa1s99.common.format.integration.ExecuteXmlToHtmlForAmendApiByDirection.executeApi(ExecuteXmlToHtmlForAmendApiByDirection.java:26)
	at jp.go.jpo.sa1s99.common.format.integration.ExecuteXmlToHtmlForAmendApiByDirection.executeApi(ExecuteXmlToHtmlForAmendApiByDirection.java:13)
	at jp.go.jpo.sa1s99.common.format.integration.ExecuteApiByDirection.execute(ExecuteApiByDirection.java:28)
	at jp.go.jpo.sa1s99.common.format.integration.HtmlToXmlForAmendApiIntegrationTest.ファイル出力を比較する: #direction #parsedResult(HtmlToXmlForAmendApiIntegrationTest.groovy:29)
</failure>
  </testcase>
  <testcase name="ファイル出力を比較する: Direction{ s_InputDir: data/input/20151001-5.42-S-H27-0002-2/pat-etc/etcetera-a781-p_r3, s_OutputDir: data/output/html_amend/20151001-5.42-S-H27-0002-2/pat-etc/etcetera-a781-p_r3} null" classname="jp.go.jpo.sa1s99.common.format.integration.HtmlToXmlForAmendApiIntegrationTest" time="0.0">
    <failure message="java.lang.IllegalArgumentException: Not implemented yet" type="java.lang.IllegalArgumentException">java.lang.IllegalArgumentException: Not implemented yet
	at jp.go.jpo.sa1s99.common.format.api.XmlToHtmlForAmendApi.execute(XmlToHtmlForAmendApi.java:32)
	at jp.go.jpo.sa1s99.common.format.integration.ExecuteXmlToHtmlForAmendApiByDirection.executeApi(ExecuteXmlToHtmlForAmendApiByDirection.java:26)
	at jp.go.jpo.sa1s99.common.format.integration.ExecuteXmlToHtmlForAmendApiByDirection.executeApi(ExecuteXmlToHtmlForAmendApiByDirection.java:13)
	at jp.go.jpo.sa1s99.common.format.integration.ExecuteApiByDirection.execute(ExecuteApiByDirection.java:28)
	at jp.go.jpo.sa1s99.common.format.integration.HtmlToXmlForAmendApiIntegrationTest.ファイル出力を比較する: #direction #parsedResult(HtmlToXmlForAmendApiIntegrationTest.groovy:29)
</failure>
  </testcase>
  <testcase name="ファイル出力を比較する: Direction{ s_InputDir: data/input/20151001-5.42-S-H27-0002-2/pat-etc/etcetera-a781-p_r4, s_OutputDir: data/output/html_amend/20151001-5.42-S-H27-0002-2/pat-etc/etcetera-a781-p_r4} null" classname="jp.go.jpo.sa1s99.common.format.integration.HtmlToXmlForAmendApiIntegrationTest" time="0.0">
    <failure message="java.lang.IllegalArgumentException: Not implemented yet" type="java.lang.IllegalArgumentException">java.lang.IllegalArgumentException: Not implemented yet
	at jp.go.jpo.sa1s99.common.format.api.XmlToHtmlForAmendApi.execute(XmlToHtmlForAmendApi.java:32)
	at jp.go.jpo.sa1s99.common.format.integration.ExecuteXmlToHtmlForAmendApiByDirection.executeApi(ExecuteXmlToHtmlForAmendApiByDirection.java:26)
	at jp.go.jpo.sa1s99.common.format.integration.ExecuteXmlToHtmlForAmendApiByDirection.executeApi(ExecuteXmlToHtmlForAmendApiByDirection.java:13)
	at jp.go.jpo.sa1s99.common.format.integration.ExecuteApiByDirection.execute(ExecuteApiByDirection.java:28)
	at jp.go.jpo.sa1s99.common.format.integration.HtmlToXmlForAmendApiIntegrationTest.ファイル出力を比較する: #direction #parsedResult(HtmlToXmlForAmendApiIntegrationTest.groovy:29)
</failure>
  </testcase>
  <testcase name="ファイル出力を比較する: Direction{ s_InputDir: data/input/20151001-5.42-S-H27-0002-2/pat-etc/etcetera-a781-p_r5, s_OutputDir: data/output/html_amend/20151001-5.42-S-H27-0002-2/pat-etc/etcetera-a781-p_r5} null" classname="jp.go.jpo.sa1s99.common.format.integration.HtmlToXmlForAmendApiIntegrationTest" time="0.017">
    <failure message="java.lang.IllegalArgumentException: Not implemented yet" type="java.lang.IllegalArgumentException">java.lang.IllegalArgumentException: Not implemented yet
	at jp.go.jpo.sa1s99.common.format.api.XmlToHtmlForAmendApi.execute(XmlToHtmlForAmendApi.java:32)
	at jp.go.jpo.sa1s99.common.format.integration.ExecuteXmlToHtmlForAmendApiByDirection.executeApi(ExecuteXmlToHtmlForAmendApiByDirection.java:26)
	at jp.go.jpo.sa1s99.common.format.integration.ExecuteXmlToHtmlForAmendApiByDirection.executeApi(ExecuteXmlToHtmlForAmendApiByDirection.java:13)
	at jp.go.jpo.sa1s99.common.format.integration.ExecuteApiByDirection.execute(ExecuteApiByDirection.java:28)
	at jp.go.jpo.sa1s99.common.format.integration.HtmlToXmlForAmendApiIntegrationTest.ファイル出力を比較する: #direction #parsedResult(HtmlToXmlForAmendApiIntegrationTest.groovy:29)
</failure>
  </testcase>
  <testcase name="ファイル出力を比較する: Direction{ s_InputDir: data/input/20151001-5.42-S-H27-0002-2/pat-etc/etcetera-a781-u, s_OutputDir: data/output/html_amend/20151001-5.42-S-H27-0002-2/pat-etc/etcetera-a781-u} null" classname="jp.go.jpo.sa1s99.common.format.integration.HtmlToXmlForAmendApiIntegrationTest" time="0.004">
    <failure message="java.lang.IllegalArgumentException: Not implemented yet" type="java.lang.IllegalArgumentException">java.lang.IllegalArgumentException: Not implemented yet
	at jp.go.jpo.sa1s99.common.format.api.XmlToHtmlForAmendApi.execute(XmlToHtmlForAmendApi.java:32)
	at jp.go.jpo.sa1s99.common.format.integration.ExecuteXmlToHtmlForAmendApiByDirection.executeApi(ExecuteXmlToHtmlForAmendApiByDirection.java:26)
	at jp.go.jpo.sa1s99.common.format.integration.ExecuteXmlToHtmlForAmendApiByDirection.executeApi(ExecuteXmlToHtmlForAmendApiByDirection.java:13)
	at jp.go.jpo.sa1s99.common.format.integration.ExecuteApiByDirection.execute(ExecuteApiByDirection.java:28)
	at jp.go.jpo.sa1s99.common.format.integration.HtmlToXmlForAmendApiIntegrationTest.ファイル出力を比較する: #direction #parsedResult(HtmlToXmlForAmendApiIntegrationTest.groovy:29)
</failure>
  </testcase>
  <testcase name="ファイル出力を比較する: Direction{ s_InputDir: data/input/20151001-5.42-S-H27-0002-2/pat-etc/etcetera-a781-u_r1, s_OutputDir: data/output/html_amend/20151001-5.42-S-H27-0002-2/pat-etc/etcetera-a781-u_r1} null" classname="jp.go.jpo.sa1s99.common.format.integration.HtmlToXmlForAmendApiIntegrationTest" time="0.001">
    <failure message="java.lang.IllegalArgumentException: Not implemented yet" type="java.lang.IllegalArgumentException">java.lang.IllegalArgumentException: Not implemented yet
	at jp.go.jpo.sa1s99.common.format.api.XmlToHtmlForAmendApi.execute(XmlToHtmlForAmendApi.java:32)
	at jp.go.jpo.sa1s99.common.format.integration.ExecuteXmlToHtmlForAmendApiByDirection.executeApi(ExecuteXmlToHtmlForAmendApiByDirection.java:26)
	at jp.go.jpo.sa1s99.common.format.integration.ExecuteXmlToHtmlForAmendApiByDirection.executeApi(ExecuteXmlToHtmlForAmendApiByDirection.java:13)
	at jp.go.jpo.sa1s99.common.format.integration.ExecuteApiByDirection.execute(ExecuteApiByDirection.java:28)
	at jp.go.jpo.sa1s99.common.format.integration.HtmlToXmlForAmendApiIntegrationTest.ファイル出力を比較する: #direction #parsedResult(HtmlToXmlForAmendApiIntegrationTest.groovy:29)
</failure>
  </testcase>
  <testcase name="ファイル出力を比較する: Direction{ s_InputDir: data/input/20151001-5.42-S-H27-0002-2/pat-etc/etcetera-a781-u_r2, s_OutputDir: data/output/html_amend/20151001-5.42-S-H27-0002-2/pat-etc/etcetera-a781-u_r2} null" classname="jp.go.jpo.sa1s99.common.format.integration.HtmlToXmlForAmendApiIntegrationTest" time="0.0">
    <failure message="java.lang.IllegalArgumentException: Not implemented yet" type="java.lang.IllegalArgumentException">java.lang.IllegalArgumentException: Not implemented yet
	at jp.go.jpo.sa1s99.common.format.api.XmlToHtmlForAmendApi.execute(XmlToHtmlForAmendApi.java:32)
	at jp.go.jpo.sa1s99.common.format.integration.ExecuteXmlToHtmlForAmendApiByDirection.executeApi(ExecuteXmlToHtmlForAmendApiByDirection.java:26)
	at jp.go.jpo.sa1s99.common.format.integration.ExecuteXmlToHtmlForAmendApiByDirection.executeApi(ExecuteXmlToHtmlForAmendApiByDirection.java:13)
	at jp.go.jpo.sa1s99.common.format.integration.ExecuteApiByDirection.execute(ExecuteApiByDirection.java:28)
	at jp.go.jpo.sa1s99.common.format.integration.HtmlToXmlForAmendApiIntegrationTest.ファイル出力を比較する: #direction #parsedResult(HtmlToXmlForAmendApiIntegrationTest.groovy:29)
</failure>
  </testcase>
  <testcase name="ファイル出力を比較する: Direction{ s_InputDir: data/input/20151001-5.42-S-H27-0002-2/pat-etc/etcetera-a781-u_r3, s_OutputDir: data/output/html_amend/20151001-5.42-S-H27-0002-2/pat-etc/etcetera-a781-u_r3} null" classname="jp.go.jpo.sa1s99.common.format.integration.HtmlToXmlForAmendApiIntegrationTest" time="0.0">
    <failure message="java.lang.IllegalArgumentException: Not implemented yet" type="java.lang.IllegalArgumentException">java.lang.IllegalArgumentException: Not implemented yet
	at jp.go.jpo.sa1s99.common.format.api.XmlToHtmlForAmendApi.execute(XmlToHtmlForAmendApi.java:32)
	at jp.go.jpo.sa1s99.common.format.integration.ExecuteXmlToHtmlForAmendApiByDirection.executeApi(ExecuteXmlToHtmlForAmendApiByDirection.java:26)
	at jp.go.jpo.sa1s99.common.format.integration.ExecuteXmlToHtmlForAmendApiByDirection.executeApi(ExecuteXmlToHtmlForAmendApiByDirection.java:13)
	at jp.go.jpo.sa1s99.common.format.integration.ExecuteApiByDirection.execute(ExecuteApiByDirection.java:28)
	at jp.go.jpo.sa1s99.common.format.integration.HtmlToXmlForAmendApiIntegrationTest.ファイル出力を比較する: #direction #parsedResult(HtmlToXmlForAmendApiIntegrationTest.groovy:29)
</failure>
  </testcase>
  <testcase name="ファイル出力を比較する: Direction{ s_InputDir: data/input/20151001-5.42-S-H27-0002-2/pat-etc/etcetera-a781-u_r4, s_OutputDir: data/output/html_amend/20151001-5.42-S-H27-0002-2/pat-etc/etcetera-a781-u_r4} null" classname="jp.go.jpo.sa1s99.common.format.integration.HtmlToXmlForAmendApiIntegrationTest" time="0.0">
    <failure message="java.lang.IllegalArgumentException: Not implemented yet" type="java.lang.IllegalArgumentException">java.lang.IllegalArgumentException: Not implemented yet
	at jp.go.jpo.sa1s99.common.format.api.XmlToHtmlForAmendApi.execute(XmlToHtmlForAmendApi.java:32)
	at jp.go.jpo.sa1s99.common.format.integration.ExecuteXmlToHtmlForAmendApiByDirection.executeApi(ExecuteXmlToHtmlForAmendApiByDirection.java:26)
	at jp.go.jpo.sa1s99.common.format.integration.ExecuteXmlToHtmlForAmendApiByDirection.executeApi(ExecuteXmlToHtmlForAmendApiByDirection.java:13)
	at jp.go.jpo.sa1s99.common.format.integration.ExecuteApiByDirection.execute(ExecuteApiByDirection.java:28)
	at jp.go.jpo.sa1s99.common.format.integration.HtmlToXmlForAmendApiIntegrationTest.ファイル出力を比較する: #direction #parsedResult(HtmlToXmlForAmendApiIntegrationTest.groovy:29)
</failure>
  </testcase>
  <testcase name="ファイル出力を比較する: Direction{ s_InputDir: data/input/20151001-5.42-S-H27-0002-2/pat-etc/etcetera-a781-u_r5, s_OutputDir: data/output/html_amend/20151001-5.42-S-H27-0002-2/pat-etc/etcetera-a781-u_r5} null" classname="jp.go.jpo.sa1s99.common.format.integration.HtmlToXmlForAmendApiIntegrationTest" time="0.016">
    <failure message="java.lang.IllegalArgumentException: Not implemented yet" type="java.lang.IllegalArgumentException">java.lang.IllegalArgumentException: Not implemented yet
	at jp.go.jpo.sa1s99.common.format.api.XmlToHtmlForAmendApi.execute(XmlToHtmlForAmendApi.java:32)
	at jp.go.jpo.sa1s99.common.format.integration.ExecuteXmlToHtmlForAmendApiByDirection.executeApi(ExecuteXmlToHtmlForAmendApiByDirection.java:26)
	at jp.go.jpo.sa1s99.common.format.integration.ExecuteXmlToHtmlForAmendApiByDirection.executeApi(ExecuteXmlToHtmlForAmendApiByDirection.java:13)
	at jp.go.jpo.sa1s99.common.format.integration.ExecuteApiByDirection.execute(ExecuteApiByDirection.java:28)
	at jp.go.jpo.sa1s99.common.format.integration.HtmlToXmlForAmendApiIntegrationTest.ファイル出力を比較する: #direction #parsedResult(HtmlToXmlForAmendApiIntegrationTest.groovy:29)
</failure>
  </testcase>
  <testcase name="ファイル出力を比較する: Direction{ s_InputDir: data/input/20151001-5.42-S-H27-0002-2/pat-etc/etcetera-a917-u, s_OutputDir: data/output/html_amend/20151001-5.42-S-H27-0002-2/pat-etc/etcetera-a917-u} null" classname="jp.go.jpo.sa1s99.common.format.integration.HtmlToXmlForAmendApiIntegrationTest" time="0.0">
    <failure message="java.lang.IllegalArgumentException" type="java.lang.IllegalArgumentException">java.lang.IllegalArgumentException
	at jp.go.jpo.sa1s99.common.format.api.XmlToHtmlForAmendApi.execute(XmlToHtmlForAmendApi.java:27)
	at jp.go.jpo.sa1s99.common.format.integration.ExecuteXmlToHtmlForAmendApiByDirection.executeApi(ExecuteXmlToHtmlForAmendApiByDirection.java:26)
	at jp.go.jpo.sa1s99.common.format.integration.ExecuteXmlToHtmlForAmendApiByDirection.executeApi(ExecuteXmlToHtmlForAmendApiByDirection.java:13)
	at jp.go.jpo.sa1s99.common.format.integration.ExecuteApiByDirection.execute(ExecuteApiByDirection.java:28)
	at jp.go.jpo.sa1s99.common.format.integration.HtmlToXmlForAmendApiIntegrationTest.ファイル出力を比較する: #direction #parsedResult(HtmlToXmlForAmendApiIntegrationTest.groovy:29)
</failure>
  </testcase>
  <testcase name="ファイル出力を比較する: Direction{ s_InputDir: data/input/20151001-5.42-S-H27-0002-2/pat-etc/etcetera-a917-u_r1, s_OutputDir: data/output/html_amend/20151001-5.42-S-H27-0002-2/pat-etc/etcetera-a917-u_r1} null" classname="jp.go.jpo.sa1s99.common.format.integration.HtmlToXmlForAmendApiIntegrationTest" time="0.0">
    <failure message="java.lang.IllegalArgumentException: Not implemented yet" type="java.lang.IllegalArgumentException">java.lang.IllegalArgumentException: Not implemented yet
	at jp.go.jpo.sa1s99.common.format.api.XmlToHtmlForAmendApi.execute(XmlToHtmlForAmendApi.java:32)
	at jp.go.jpo.sa1s99.common.format.integration.ExecuteXmlToHtmlForAmendApiByDirection.executeApi(ExecuteXmlToHtmlForAmendApiByDirection.java:26)
	at jp.go.jpo.sa1s99.common.format.integration.ExecuteXmlToHtmlForAmendApiByDirection.executeApi(ExecuteXmlToHtmlForAmendApiByDirection.java:13)
	at jp.go.jpo.sa1s99.common.format.integration.ExecuteApiByDirection.execute(ExecuteApiByDirection.java:28)
	at jp.go.jpo.sa1s99.common.format.integration.HtmlToXmlForAmendApiIntegrationTest.ファイル出力を比較する: #direction #parsedResult(HtmlToXmlForAmendApiIntegrationTest.groovy:29)
</failure>
  </testcase>
  <testcase name="ファイル出力を比較する: Direction{ s_InputDir: data/input/20151001-5.42-S-H27-0002-2/pat-etc/etcetera-a917-u_r2, s_OutputDir: data/output/html_amend/20151001-5.42-S-H27-0002-2/pat-etc/etcetera-a917-u_r2} null" classname="jp.go.jpo.sa1s99.common.format.integration.HtmlToXmlForAmendApiIntegrationTest" time="0.0">
    <failure message="java.lang.IllegalArgumentException: Not implemented yet" type="java.lang.IllegalArgumentException">java.lang.IllegalArgumentException: Not implemented yet
	at jp.go.jpo.sa1s99.common.format.api.XmlToHtmlForAmendApi.execute(XmlToHtmlForAmendApi.java:32)
	at jp.go.jpo.sa1s99.common.format.integration.ExecuteXmlToHtmlForAmendApiByDirection.executeApi(ExecuteXmlToHtmlForAmendApiByDirection.java:26)
	at jp.go.jpo.sa1s99.common.format.integration.ExecuteXmlToHtmlForAmendApiByDirection.executeApi(ExecuteXmlToHtmlForAmendApiByDirection.java:13)
	at jp.go.jpo.sa1s99.common.format.integration.ExecuteApiByDirection.execute(ExecuteApiByDirection.java:28)
	at jp.go.jpo.sa1s99.common.format.integration.HtmlToXmlForAmendApiIntegrationTest.ファイル出力を比較する: #direction #parsedResult(HtmlToXmlForAmendApiIntegrationTest.groovy:29)
</failure>
  </testcase>
  <testcase name="ファイル出力を比較する: Direction{ s_InputDir: data/input/20151001-5.42-S-H27-0002-2/pat-etc/etcetera-a917-u_r3, s_OutputDir: data/output/html_amend/20151001-5.42-S-H27-0002-2/pat-etc/etcetera-a917-u_r3} null" classname="jp.go.jpo.sa1s99.common.format.integration.HtmlToXmlForAmendApiIntegrationTest" time="0.0">
    <failure message="java.lang.IllegalArgumentException: Not implemented yet" type="java.lang.IllegalArgumentException">java.lang.IllegalArgumentException: Not implemented yet
	at jp.go.jpo.sa1s99.common.format.api.XmlToHtmlForAmendApi.execute(XmlToHtmlForAmendApi.java:32)
	at jp.go.jpo.sa1s99.common.format.integration.ExecuteXmlToHtmlForAmendApiByDirection.executeApi(ExecuteXmlToHtmlForAmendApiByDirection.java:26)
	at jp.go.jpo.sa1s99.common.format.integration.ExecuteXmlToHtmlForAmendApiByDirection.executeApi(ExecuteXmlToHtmlForAmendApiByDirection.java:13)
	at jp.go.jpo.sa1s99.common.format.integration.ExecuteApiByDirection.execute(ExecuteApiByDirection.java:28)
	at jp.go.jpo.sa1s99.common.format.integration.HtmlToXmlForAmendApiIntegrationTest.ファイル出力を比較する: #direction #parsedResult(HtmlToXmlForAmendApiIntegrationTest.groovy:29)
</failure>
  </testcase>
  <testcase name="ファイル出力を比較する: Direction{ s_InputDir: data/input/20151001-5.42-S-H27-0002-2/pat-etc/etcetera-a917-u_r4, s_OutputDir: data/output/html_amend/20151001-5.42-S-H27-0002-2/pat-etc/etcetera-a917-u_r4} null" classname="jp.go.jpo.sa1s99.common.format.integration.HtmlToXmlForAmendApiIntegrationTest" time="0.0">
    <failure message="java.lang.IllegalArgumentException: Not implemented yet" type="java.lang.IllegalArgumentException">java.lang.IllegalArgumentException: Not implemented yet
	at jp.go.jpo.sa1s99.common.format.api.XmlToHtmlForAmendApi.execute(XmlToHtmlForAmendApi.java:32)
	at jp.go.jpo.sa1s99.common.format.integration.ExecuteXmlToHtmlForAmendApiByDirection.executeApi(ExecuteXmlToHtmlForAmendApiByDirection.java:26)
	at jp.go.jpo.sa1s99.common.format.integration.ExecuteXmlToHtmlForAmendApiByDirection.executeApi(ExecuteXmlToHtmlForAmendApiByDirection.java:13)
	at jp.go.jpo.sa1s99.common.format.integration.ExecuteApiByDirection.execute(ExecuteApiByDirection.java:28)
	at jp.go.jpo.sa1s99.common.format.integration.HtmlToXmlForAmendApiIntegrationTest.ファイル出力を比較する: #direction #parsedResult(HtmlToXmlForAmendApiIntegrationTest.groovy:29)
</failure>
  </testcase>
  <testcase name="ファイル出力を比較する: Direction{ s_InputDir: data/input/20151001-5.42-S-H27-0002-2/pat-etc/etcetera-a917-u_r5, s_OutputDir: data/output/html_amend/20151001-5.42-S-H27-0002-2/pat-etc/etcetera-a917-u_r5} null" classname="jp.go.jpo.sa1s99.common.format.integration.HtmlToXmlForAmendApiIntegrationTest" time="0.015">
    <failure message="java.lang.IllegalArgumentException: Not implemented yet" type="java.lang.IllegalArgumentException">java.lang.IllegalArgumentException: Not implemented yet
	at jp.go.jpo.sa1s99.common.format.api.XmlToHtmlForAmendApi.execute(XmlToHtmlForAmendApi.java:32)
	at jp.go.jpo.sa1s99.common.format.integration.ExecuteXmlToHtmlForAmendApiByDirection.executeApi(ExecuteXmlToHtmlForAmendApiByDirection.java:26)
	at jp.go.jpo.sa1s99.common.format.integration.ExecuteXmlToHtmlForAmendApiByDirection.executeApi(ExecuteXmlToHtmlForAmendApiByDirection.java:13)
	at jp.go.jpo.sa1s99.common.format.integration.ExecuteApiByDirection.execute(ExecuteApiByDirection.java:28)
	at jp.go.jpo.sa1s99.common.format.integration.HtmlToXmlForAmendApiIntegrationTest.ファイル出力を比較する: #direction #parsedResult(HtmlToXmlForAmendApiIntegrationTest.groovy:29)
</failure>
  </testcase>
  <testcase name="ファイル出力を比較する: Direction{ s_InputDir: data/input/20151001-5.42-S-H27-0002-2/pat-amnd/amendment-a51-p, s_OutputDir: data/output/html_amend/20151001-5.42-S-H27-0002-2/pat-amnd/amendment-a51-p} null" classname="jp.go.jpo.sa1s99.common.format.integration.HtmlToXmlForAmendApiIntegrationTest" time="0.0">
    <failure message="java.lang.IllegalArgumentException: Not implemented yet" type="java.lang.IllegalArgumentException">java.lang.IllegalArgumentException: Not implemented yet
	at jp.go.jpo.sa1s99.common.format.api.XmlToHtmlForAmendApi.execute(XmlToHtmlForAmendApi.java:32)
	at jp.go.jpo.sa1s99.common.format.integration.ExecuteXmlToHtmlForAmendApiByDirection.executeApi(ExecuteXmlToHtmlForAmendApiByDirection.java:26)
	at jp.go.jpo.sa1s99.common.format.integration.ExecuteXmlToHtmlForAmendApiByDirection.executeApi(ExecuteXmlToHtmlForAmendApiByDirection.java:13)
	at jp.go.jpo.sa1s99.common.format.integration.ExecuteApiByDirection.execute(ExecuteApiByDirection.java:28)
	at jp.go.jpo.sa1s99.common.format.integration.HtmlToXmlForAmendApiIntegrationTest.ファイル出力を比較する: #direction #parsedResult(HtmlToXmlForAmendApiIntegrationTest.groovy:29)
</failure>
  </testcase>
  <testcase name="ファイル出力を比較する: Direction{ s_InputDir: data/input/20151001-5.42-S-H27-0002-2/pat-amnd/amendment-a51-p_2, s_OutputDir: data/output/html_amend/20151001-5.42-S-H27-0002-2/pat-amnd/amendment-a51-p_2} null" classname="jp.go.jpo.sa1s99.common.format.integration.HtmlToXmlForAmendApiIntegrationTest" time="0.0">
    <failure message="java.lang.IllegalArgumentException: Not implemented yet" type="java.lang.IllegalArgumentException">java.lang.IllegalArgumentException: Not implemented yet
	at jp.go.jpo.sa1s99.common.format.api.XmlToHtmlForAmendApi.execute(XmlToHtmlForAmendApi.java:32)
	at jp.go.jpo.sa1s99.common.format.integration.ExecuteXmlToHtmlForAmendApiByDirection.executeApi(ExecuteXmlToHtmlForAmendApiByDirection.java:26)
	at jp.go.jpo.sa1s99.common.format.integration.ExecuteXmlToHtmlForAmendApiByDirection.executeApi(ExecuteXmlToHtmlForAmendApiByDirection.java:13)
	at jp.go.jpo.sa1s99.common.format.integration.ExecuteApiByDirection.execute(ExecuteApiByDirection.java:28)
	at jp.go.jpo.sa1s99.common.format.integration.HtmlToXmlForAmendApiIntegrationTest.ファイル出力を比較する: #direction #parsedResult(HtmlToXmlForAmendApiIntegrationTest.groovy:29)
</failure>
  </testcase>
  <testcase name="ファイル出力を比較する: Direction{ s_InputDir: data/input/20151001-5.42-S-H27-0002-2/pat-amnd/amendment-a51-u, s_OutputDir: data/output/html_amend/20151001-5.42-S-H27-0002-2/pat-amnd/amendment-a51-u} null" classname="jp.go.jpo.sa1s99.common.format.integration.HtmlToXmlForAmendApiIntegrationTest" time="0.016">
    <failure message="java.lang.IllegalArgumentException: Not implemented yet" type="java.lang.IllegalArgumentException">java.lang.IllegalArgumentException: Not implemented yet
	at jp.go.jpo.sa1s99.common.format.api.XmlToHtmlForAmendApi.execute(XmlToHtmlForAmendApi.java:32)
	at jp.go.jpo.sa1s99.common.format.integration.ExecuteXmlToHtmlForAmendApiByDirection.executeApi(ExecuteXmlToHtmlForAmendApiByDirection.java:26)
	at jp.go.jpo.sa1s99.common.format.integration.ExecuteXmlToHtmlForAmendApiByDirection.executeApi(ExecuteXmlToHtmlForAmendApiByDirection.java:13)
	at jp.go.jpo.sa1s99.common.format.integration.ExecuteApiByDirection.execute(ExecuteApiByDirection.java:28)
	at jp.go.jpo.sa1s99.common.format.integration.HtmlToXmlForAmendApiIntegrationTest.ファイル出力を比較する: #direction #parsedResult(HtmlToXmlForAmendApiIntegrationTest.groovy:29)
</failure>
  </testcase>
  <testcase name="ファイル出力を比較する: Direction{ s_InputDir: data/input/20151001-5.42-S-H27-0002-2/pat-amnd/amendment-a51-u_2, s_OutputDir: data/output/html_amend/20151001-5.42-S-H27-0002-2/pat-amnd/amendment-a51-u_2} null" classname="jp.go.jpo.sa1s99.common.format.integration.HtmlToXmlForAmendApiIntegrationTest" time="0.0">
    <failure message="java.lang.IllegalArgumentException: Not implemented yet" type="java.lang.IllegalArgumentException">java.lang.IllegalArgumentException: Not implemented yet
	at jp.go.jpo.sa1s99.common.format.api.XmlToHtmlForAmendApi.execute(XmlToHtmlForAmendApi.java:32)
	at jp.go.jpo.sa1s99.common.format.integration.ExecuteXmlToHtmlForAmendApiByDirection.executeApi(ExecuteXmlToHtmlForAmendApiByDirection.java:26)
	at jp.go.jpo.sa1s99.common.format.integration.ExecuteXmlToHtmlForAmendApiByDirection.executeApi(ExecuteXmlToHtmlForAmendApiByDirection.java:13)
	at jp.go.jpo.sa1s99.common.format.integration.ExecuteApiByDirection.execute(ExecuteApiByDirection.java:28)
	at jp.go.jpo.sa1s99.common.format.integration.HtmlToXmlForAmendApiIntegrationTest.ファイル出力を比較する: #direction #parsedResult(HtmlToXmlForAmendApiIntegrationTest.groovy:29)
</failure>
  </testcase>
  <testcase name="ファイル出力を比較する: Direction{ s_InputDir: data/input/20151001-5.42-S-H27-0002-2/pat-amnd/amendment-a523-p, s_OutputDir: data/output/html_amend/20151001-5.42-S-H27-0002-2/pat-amnd/amendment-a523-p} null" classname="jp.go.jpo.sa1s99.common.format.integration.HtmlToXmlForAmendApiIntegrationTest" time="0.0">
    <failure message="java.lang.IllegalArgumentException: Not implemented yet" type="java.lang.IllegalArgumentException">java.lang.IllegalArgumentException: Not implemented yet
	at jp.go.jpo.sa1s99.common.format.api.XmlToHtmlForAmendApi.execute(XmlToHtmlForAmendApi.java:32)
	at jp.go.jpo.sa1s99.common.format.integration.ExecuteXmlToHtmlForAmendApiByDirection.executeApi(ExecuteXmlToHtmlForAmendApiByDirection.java:26)
	at jp.go.jpo.sa1s99.common.format.integration.ExecuteXmlToHtmlForAmendApiByDirection.executeApi(ExecuteXmlToHtmlForAmendApiByDirection.java:13)
	at jp.go.jpo.sa1s99.common.format.integration.ExecuteApiByDirection.execute(ExecuteApiByDirection.java:28)
	at jp.go.jpo.sa1s99.common.format.integration.HtmlToXmlForAmendApiIntegrationTest.ファイル出力を比較する: #direction #parsedResult(HtmlToXmlForAmendApiIntegrationTest.groovy:29)
</failure>
  </testcase>
  <testcase name="ファイル出力を比較する: Direction{ s_InputDir: data/input/20151001-5.42-S-H27-0002-2/pat-amnd/amendment-a523-p_2, s_OutputDir: data/output/html_amend/20151001-5.42-S-H27-0002-2/pat-amnd/amendment-a523-p_2} null" classname="jp.go.jpo.sa1s99.common.format.integration.HtmlToXmlForAmendApiIntegrationTest" time="0.016">
    <failure message="java.lang.IllegalArgumentException: Not implemented yet" type="java.lang.IllegalArgumentException">java.lang.IllegalArgumentException: Not implemented yet
	at jp.go.jpo.sa1s99.common.format.api.XmlToHtmlForAmendApi.execute(XmlToHtmlForAmendApi.java:32)
	at jp.go.jpo.sa1s99.common.format.integration.ExecuteXmlToHtmlForAmendApiByDirection.executeApi(ExecuteXmlToHtmlForAmendApiByDirection.java:26)
	at jp.go.jpo.sa1s99.common.format.integration.ExecuteXmlToHtmlForAmendApiByDirection.executeApi(ExecuteXmlToHtmlForAmendApiByDirection.java:13)
	at jp.go.jpo.sa1s99.common.format.integration.ExecuteApiByDirection.execute(ExecuteApiByDirection.java:28)
	at jp.go.jpo.sa1s99.common.format.integration.HtmlToXmlForAmendApiIntegrationTest.ファイル出力を比較する: #direction #parsedResult(HtmlToXmlForAmendApiIntegrationTest.groovy:29)
</failure>
  </testcase>
  <testcase name="ファイル出力を比較する: Direction{ s_InputDir: data/input/20151001-5.42-S-H27-0002-2/pat-amnd/amendment-a523-u, s_OutputDir: data/output/html_amend/20151001-5.42-S-H27-0002-2/pat-amnd/amendment-a523-u} null" classname="jp.go.jpo.sa1s99.common.format.integration.HtmlToXmlForAmendApiIntegrationTest" time="0.0">
    <failure message="java.lang.IllegalArgumentException: Not implemented yet" type="java.lang.IllegalArgumentException">java.lang.IllegalArgumentException: Not implemented yet
	at jp.go.jpo.sa1s99.common.format.api.XmlToHtmlForAmendApi.execute(XmlToHtmlForAmendApi.java:32)
	at jp.go.jpo.sa1s99.common.format.integration.ExecuteXmlToHtmlForAmendApiByDirection.executeApi(ExecuteXmlToHtmlForAmendApiByDirection.java:26)
	at jp.go.jpo.sa1s99.common.format.integration.ExecuteXmlToHtmlForAmendApiByDirection.executeApi(ExecuteXmlToHtmlForAmendApiByDirection.java:13)
	at jp.go.jpo.sa1s99.common.format.integration.ExecuteApiByDirection.execute(ExecuteApiByDirection.java:28)
	at jp.go.jpo.sa1s99.common.format.integration.HtmlToXmlForAmendApiIntegrationTest.ファイル出力を比較する: #direction #parsedResult(HtmlToXmlForAmendApiIntegrationTest.groovy:29)
</failure>
  </testcase>
  <testcase name="ファイル出力を比較する: Direction{ s_InputDir: data/input/20151001-5.42-S-H27-0002-2/pat-amnd/amendment-a523-u_2, s_OutputDir: data/output/html_amend/20151001-5.42-S-H27-0002-2/pat-amnd/amendment-a523-u_2} null" classname="jp.go.jpo.sa1s99.common.format.integration.HtmlToXmlForAmendApiIntegrationTest" time="0.0">
    <failure message="java.lang.IllegalArgumentException: Not implemented yet" type="java.lang.IllegalArgumentException">java.lang.IllegalArgumentException: Not implemented yet
	at jp.go.jpo.sa1s99.common.format.api.XmlToHtmlForAmendApi.execute(XmlToHtmlForAmendApi.java:32)
	at jp.go.jpo.sa1s99.common.format.integration.ExecuteXmlToHtmlForAmendApiByDirection.executeApi(ExecuteXmlToHtmlForAmendApiByDirection.java:26)
	at jp.go.jpo.sa1s99.common.format.integration.ExecuteXmlToHtmlForAmendApiByDirection.executeApi(ExecuteXmlToHtmlForAmendApiByDirection.java:13)
	at jp.go.jpo.sa1s99.common.format.integration.ExecuteApiByDirection.execute(ExecuteApiByDirection.java:28)
	at jp.go.jpo.sa1s99.common.format.integration.HtmlToXmlForAmendApiIntegrationTest.ファイル出力を比較する: #direction #parsedResult(HtmlToXmlForAmendApiIntegrationTest.groovy:29)
</failure>
  </testcase>
  <testcase name="ファイル出力を比較する: Direction{ s_InputDir: data/input/20151001-5.42-S-H27-0002-2/mem-pt-f/domestic-document-a965-p, s_OutputDir: data/output/html_amend/20151001-5.42-S-H27-0002-2/mem-pt-f/domestic-document-a965-p} null" classname="jp.go.jpo.sa1s99.common.format.integration.HtmlToXmlForAmendApiIntegrationTest" time="0.015">
    <failure message="java.lang.IllegalArgumentException: Not implemented yet" type="java.lang.IllegalArgumentException">java.lang.IllegalArgumentException: Not implemented yet
	at jp.go.jpo.sa1s99.common.format.api.XmlToHtmlForAmendApi.execute(XmlToHtmlForAmendApi.java:32)
	at jp.go.jpo.sa1s99.common.format.integration.ExecuteXmlToHtmlForAmendApiByDirection.executeApi(ExecuteXmlToHtmlForAmendApiByDirection.java:26)
	at jp.go.jpo.sa1s99.common.format.integration.ExecuteXmlToHtmlForAmendApiByDirection.executeApi(ExecuteXmlToHtmlForAmendApiByDirection.java:13)
	at jp.go.jpo.sa1s99.common.format.integration.ExecuteApiByDirection.execute(ExecuteApiByDirection.java:28)
	at jp.go.jpo.sa1s99.common.format.integration.HtmlToXmlForAmendApiIntegrationTest.ファイル出力を比較する: #direction #parsedResult(HtmlToXmlForAmendApiIntegrationTest.groovy:29)
</failure>
  </testcase>
  <testcase name="ファイル出力を比較する: Direction{ s_InputDir: data/input/20151001-5.42-S-H27-0002-2/mem-pt-f/domestic-document-a965-u, s_OutputDir: data/output/html_amend/20151001-5.42-S-H27-0002-2/mem-pt-f/domestic-document-a965-u} null" classname="jp.go.jpo.sa1s99.common.format.integration.HtmlToXmlForAmendApiIntegrationTest" time="0.0">
    <failure message="java.lang.IllegalArgumentException: Not implemented yet" type="java.lang.IllegalArgumentException">java.lang.IllegalArgumentException: Not implemented yet
	at jp.go.jpo.sa1s99.common.format.api.XmlToHtmlForAmendApi.execute(XmlToHtmlForAmendApi.java:32)
	at jp.go.jpo.sa1s99.common.format.integration.ExecuteXmlToHtmlForAmendApiByDirection.executeApi(ExecuteXmlToHtmlForAmendApiByDirection.java:26)
	at jp.go.jpo.sa1s99.common.format.integration.ExecuteXmlToHtmlForAmendApiByDirection.executeApi(ExecuteXmlToHtmlForAmendApiByDirection.java:13)
	at jp.go.jpo.sa1s99.common.format.integration.ExecuteApiByDirection.execute(ExecuteApiByDirection.java:28)
	at jp.go.jpo.sa1s99.common.format.integration.HtmlToXmlForAmendApiIntegrationTest.ファイル出力を比較する: #direction #parsedResult(HtmlToXmlForAmendApiIntegrationTest.groovy:29)
</failure>
  </testcase>
  <testcase name="ファイル出力を比較する: Direction{ s_InputDir: data/input/20151001-5.42-S-H27-0002-2/mem-pt-f/domestic-document-a966-p, s_OutputDir: data/output/html_amend/20151001-5.42-S-H27-0002-2/mem-pt-f/domestic-document-a966-p} null" classname="jp.go.jpo.sa1s99.common.format.integration.HtmlToXmlForAmendApiIntegrationTest" time="0.0">
    <failure message="java.lang.IllegalArgumentException: Not implemented yet" type="java.lang.IllegalArgumentException">java.lang.IllegalArgumentException: Not implemented yet
	at jp.go.jpo.sa1s99.common.format.api.XmlToHtmlForAmendApi.execute(XmlToHtmlForAmendApi.java:32)
	at jp.go.jpo.sa1s99.common.format.integration.ExecuteXmlToHtmlForAmendApiByDirection.executeApi(ExecuteXmlToHtmlForAmendApiByDirection.java:26)
	at jp.go.jpo.sa1s99.common.format.integration.ExecuteXmlToHtmlForAmendApiByDirection.executeApi(ExecuteXmlToHtmlForAmendApiByDirection.java:13)
	at jp.go.jpo.sa1s99.common.format.integration.ExecuteApiByDirection.execute(ExecuteApiByDirection.java:28)
	at jp.go.jpo.sa1s99.common.format.integration.HtmlToXmlForAmendApiIntegrationTest.ファイル出力を比較する: #direction #parsedResult(HtmlToXmlForAmendApiIntegrationTest.groovy:29)
</failure>
  </testcase>
  <testcase name="ファイル出力を比較する: Direction{ s_InputDir: data/input/20151001-5.42-S-H27-0002-2/mem-pt-f/domestic-document-a966-u, s_OutputDir: data/output/html_amend/20151001-5.42-S-H27-0002-2/mem-pt-f/domestic-document-a966-u} null" classname="jp.go.jpo.sa1s99.common.format.integration.HtmlToXmlForAmendApiIntegrationTest" time="0.0">
    <failure message="java.lang.IllegalArgumentException: Not implemented yet" type="java.lang.IllegalArgumentException">java.lang.IllegalArgumentException: Not implemented yet
	at jp.go.jpo.sa1s99.common.format.api.XmlToHtmlForAmendApi.execute(XmlToHtmlForAmendApi.java:32)
	at jp.go.jpo.sa1s99.common.format.integration.ExecuteXmlToHtmlForAmendApiByDirection.executeApi(ExecuteXmlToHtmlForAmendApiByDirection.java:26)
	at jp.go.jpo.sa1s99.common.format.integration.ExecuteXmlToHtmlForAmendApiByDirection.executeApi(ExecuteXmlToHtmlForAmendApiByDirection.java:13)
	at jp.go.jpo.sa1s99.common.format.integration.ExecuteApiByDirection.execute(ExecuteApiByDirection.java:28)
	at jp.go.jpo.sa1s99.common.format.integration.HtmlToXmlForAmendApiIntegrationTest.ファイル出力を比較する: #direction #parsedResult(HtmlToXmlForAmendApiIntegrationTest.groovy:29)
</failure>
  </testcase>
  <testcase name="ファイル出力を比較する: Direction{ s_InputDir: data/input/20151001-5.42-S-H27-0002-2/mem-pt-f/domestic-document-a967-p, s_OutputDir: data/output/html_amend/20151001-5.42-S-H27-0002-2/mem-pt-f/domestic-document-a967-p} null" classname="jp.go.jpo.sa1s99.common.format.integration.HtmlToXmlForAmendApiIntegrationTest" time="0.0">
    <failure message="java.lang.IllegalArgumentException: Not implemented yet" type="java.lang.IllegalArgumentException">java.lang.IllegalArgumentException: Not implemented yet
	at jp.go.jpo.sa1s99.common.format.api.XmlToHtmlForAmendApi.execute(XmlToHtmlForAmendApi.java:32)
	at jp.go.jpo.sa1s99.common.format.integration.ExecuteXmlToHtmlForAmendApiByDirection.executeApi(ExecuteXmlToHtmlForAmendApiByDirection.java:26)
	at jp.go.jpo.sa1s99.common.format.integration.ExecuteXmlToHtmlForAmendApiByDirection.executeApi(ExecuteXmlToHtmlForAmendApiByDirection.java:13)
	at jp.go.jpo.sa1s99.common.format.integration.ExecuteApiByDirection.execute(ExecuteApiByDirection.java:28)
	at jp.go.jpo.sa1s99.common.format.integration.HtmlToXmlForAmendApiIntegrationTest.ファイル出力を比較する: #direction #parsedResult(HtmlToXmlForAmendApiIntegrationTest.groovy:29)
</failure>
  </testcase>
  <testcase name="ファイル出力を比較する: Direction{ s_InputDir: data/input/20151001-5.42-S-H27-0002-2/mem-pt-f/domestic-document-a967-u, s_OutputDir: data/output/html_amend/20151001-5.42-S-H27-0002-2/mem-pt-f/domestic-document-a967-u} null" classname="jp.go.jpo.sa1s99.common.format.integration.HtmlToXmlForAmendApiIntegrationTest" time="0.001">
    <failure message="java.lang.IllegalArgumentException: Not implemented yet" type="java.lang.IllegalArgumentException">java.lang.IllegalArgumentException: Not implemented yet
	at jp.go.jpo.sa1s99.common.format.api.XmlToHtmlForAmendApi.execute(XmlToHtmlForAmendApi.java:32)
	at jp.go.jpo.sa1s99.common.format.integration.ExecuteXmlToHtmlForAmendApiByDirection.executeApi(ExecuteXmlToHtmlForAmendApiByDirection.java:26)
	at jp.go.jpo.sa1s99.common.format.integration.ExecuteXmlToHtmlForAmendApiByDirection.executeApi(ExecuteXmlToHtmlForAmendApiByDirection.java:13)
	at jp.go.jpo.sa1s99.common.format.integration.ExecuteApiByDirection.execute(ExecuteApiByDirection.java:28)
	at jp.go.jpo.sa1s99.common.format.integration.HtmlToXmlForAmendApiIntegrationTest.ファイル出力を比較する: #direction #parsedResult(HtmlToXmlForAmendApiIntegrationTest.groovy:29)
</failure>
  </testcase>
  <testcase name="ファイル出力を比較する: Direction{ s_InputDir: data/input/20151001-5.42-S-H27-0002-2/mem-pt-f/domestic-document-a968-p, s_OutputDir: data/output/html_amend/20151001-5.42-S-H27-0002-2/mem-pt-f/domestic-document-a968-p} null" classname="jp.go.jpo.sa1s99.common.format.integration.HtmlToXmlForAmendApiIntegrationTest" time="0.001">
    <failure message="java.lang.IllegalArgumentException: Not implemented yet" type="java.lang.IllegalArgumentException">java.lang.IllegalArgumentException: Not implemented yet
	at jp.go.jpo.sa1s99.common.format.api.XmlToHtmlForAmendApi.execute(XmlToHtmlForAmendApi.java:32)
	at jp.go.jpo.sa1s99.common.format.integration.ExecuteXmlToHtmlForAmendApiByDirection.executeApi(ExecuteXmlToHtmlForAmendApiByDirection.java:26)
	at jp.go.jpo.sa1s99.common.format.integration.ExecuteXmlToHtmlForAmendApiByDirection.executeApi(ExecuteXmlToHtmlForAmendApiByDirection.java:13)
	at jp.go.jpo.sa1s99.common.format.integration.ExecuteApiByDirection.execute(ExecuteApiByDirection.java:28)
	at jp.go.jpo.sa1s99.common.format.integration.HtmlToXmlForAmendApiIntegrationTest.ファイル出力を比較する: #direction #parsedResult(HtmlToXmlForAmendApiIntegrationTest.groovy:29)
</failure>
  </testcase>
  <testcase name="ファイル出力を比較する: Direction{ s_InputDir: data/input/20151001-5.42-S-H27-0002-2/mem-pt-f/domestic-document-a968-u, s_OutputDir: data/output/html_amend/20151001-5.42-S-H27-0002-2/mem-pt-f/domestic-document-a968-u} null" classname="jp.go.jpo.sa1s99.common.format.integration.HtmlToXmlForAmendApiIntegrationTest" time="0.001">
    <failure message="java.lang.IllegalArgumentException: Not implemented yet" type="java.lang.IllegalArgumentException">java.lang.IllegalArgumentException: Not implemented yet
	at jp.go.jpo.sa1s99.common.format.api.XmlToHtmlForAmendApi.execute(XmlToHtmlForAmendApi.java:32)
	at jp.go.jpo.sa1s99.common.format.integration.ExecuteXmlToHtmlForAmendApiByDirection.executeApi(ExecuteXmlToHtmlForAmendApiByDirection.java:26)
	at jp.go.jpo.sa1s99.common.format.integration.ExecuteXmlToHtmlForAmendApiByDirection.executeApi(ExecuteXmlToHtmlForAmendApiByDirection.java:13)
	at jp.go.jpo.sa1s99.common.format.integration.ExecuteApiByDirection.execute(ExecuteApiByDirection.java:28)
	at jp.go.jpo.sa1s99.common.format.integration.HtmlToXmlForAmendApiIntegrationTest.ファイル出力を比較する: #direction #parsedResult(HtmlToXmlForAmendApiIntegrationTest.groovy:29)
</failure>
  </testcase>
  <testcase name="ファイル出力を比較する: Direction{ s_InputDir: data/input/20151001-5.42-S-H27-0003-1/pat-appd/application-a63-p, s_OutputDir: data/output/html_amend/20151001-5.42-S-H27-0003-1/pat-appd/application-a63-p} null" classname="jp.go.jpo.sa1s99.common.format.integration.HtmlToXmlForAmendApiIntegrationTest" time="0.003">
    <failure message="java.lang.IllegalArgumentException: Not implemented yet" type="java.lang.IllegalArgumentException">java.lang.IllegalArgumentException: Not implemented yet
	at jp.go.jpo.sa1s99.common.format.api.XmlToHtmlForAmendApi.execute(XmlToHtmlForAmendApi.java:32)
	at jp.go.jpo.sa1s99.common.format.integration.ExecuteXmlToHtmlForAmendApiByDirection.executeApi(ExecuteXmlToHtmlForAmendApiByDirection.java:26)
	at jp.go.jpo.sa1s99.common.format.integration.ExecuteXmlToHtmlForAmendApiByDirection.executeApi(ExecuteXmlToHtmlForAmendApiByDirection.java:13)
	at jp.go.jpo.sa1s99.common.format.integration.ExecuteApiByDirection.execute(ExecuteApiByDirection.java:28)
	at jp.go.jpo.sa1s99.common.format.integration.HtmlToXmlForAmendApiIntegrationTest.ファイル出力を比較する: #direction #parsedResult(HtmlToXmlForAmendApiIntegrationTest.groovy:29)
</failure>
  </testcase>
  <testcase name="ファイル出力を比較する: Direction{ s_InputDir: data/input/20151001-5.42-S-H27-0003-1/pat-amnd/amendment-a51-p, s_OutputDir: data/output/html_amend/20151001-5.42-S-H27-0003-1/pat-amnd/amendment-a51-p} null" classname="jp.go.jpo.sa1s99.common.format.integration.HtmlToXmlForAmendApiIntegrationTest" time="0.0">
    <failure message="java.lang.IllegalArgumentException: Not implemented yet" type="java.lang.IllegalArgumentException">java.lang.IllegalArgumentException: Not implemented yet
	at jp.go.jpo.sa1s99.common.format.api.XmlToHtmlForAmendApi.execute(XmlToHtmlForAmendApi.java:32)
	at jp.go.jpo.sa1s99.common.format.integration.ExecuteXmlToHtmlForAmendApiByDirection.executeApi(ExecuteXmlToHtmlForAmendApiByDirection.java:26)
	at jp.go.jpo.sa1s99.common.format.integration.ExecuteXmlToHtmlForAmendApiByDirection.executeApi(ExecuteXmlToHtmlForAmendApiByDirection.java:13)
	at jp.go.jpo.sa1s99.common.format.integration.ExecuteApiByDirection.execute(ExecuteApiByDirection.java:28)
	at jp.go.jpo.sa1s99.common.format.integration.HtmlToXmlForAmendApiIntegrationTest.ファイル出力を比較する: #direction #parsedResult(HtmlToXmlForAmendApiIntegrationTest.groovy:29)
</failure>
  </testcase>
  <testcase name="ファイル出力を比較する: Direction{ s_InputDir: data/input/20151001-5.42-S-H27-0003-1/pat-amnd/amendment-a523-p, s_OutputDir: data/output/html_amend/20151001-5.42-S-H27-0003-1/pat-amnd/amendment-a523-p} null" classname="jp.go.jpo.sa1s99.common.format.integration.HtmlToXmlForAmendApiIntegrationTest" time="0.0">
    <failure message="java.lang.IllegalArgumentException: Not implemented yet" type="java.lang.IllegalArgumentException">java.lang.IllegalArgumentException: Not implemented yet
	at jp.go.jpo.sa1s99.common.format.api.XmlToHtmlForAmendApi.execute(XmlToHtmlForAmendApi.java:32)
	at jp.go.jpo.sa1s99.common.format.integration.ExecuteXmlToHtmlForAmendApiByDirection.executeApi(ExecuteXmlToHtmlForAmendApiByDirection.java:26)
	at jp.go.jpo.sa1s99.common.format.integration.ExecuteXmlToHtmlForAmendApiByDirection.executeApi(ExecuteXmlToHtmlForAmendApiByDirection.java:13)
	at jp.go.jpo.sa1s99.common.format.integration.ExecuteApiByDirection.execute(ExecuteApiByDirection.java:28)
	at jp.go.jpo.sa1s99.common.format.integration.HtmlToXmlForAmendApiIntegrationTest.ファイル出力を比較する: #direction #parsedResult(HtmlToXmlForAmendApiIntegrationTest.groovy:29)
</failure>
  </testcase>
  <testcase name="ファイル出力を比較する: Direction{ s_InputDir: data/input/20151001-5.42-S-H27-0003-5/pat-etc/etcetera-a603-p, s_OutputDir: data/output/html_amend/20151001-5.42-S-H27-0003-5/pat-etc/etcetera-a603-p} null" classname="jp.go.jpo.sa1s99.common.format.integration.HtmlToXmlForAmendApiIntegrationTest" time="0.0">
    <failure message="java.lang.IllegalArgumentException: Not implemented yet" type="java.lang.IllegalArgumentException">java.lang.IllegalArgumentException: Not implemented yet
	at jp.go.jpo.sa1s99.common.format.api.XmlToHtmlForAmendApi.execute(XmlToHtmlForAmendApi.java:32)
	at jp.go.jpo.sa1s99.common.format.integration.ExecuteXmlToHtmlForAmendApiByDirection.executeApi(ExecuteXmlToHtmlForAmendApiByDirection.java:26)
	at jp.go.jpo.sa1s99.common.format.integration.ExecuteXmlToHtmlForAmendApiByDirection.executeApi(ExecuteXmlToHtmlForAmendApiByDirection.java:13)
	at jp.go.jpo.sa1s99.common.format.integration.ExecuteApiByDirection.execute(ExecuteApiByDirection.java:28)
	at jp.go.jpo.sa1s99.common.format.integration.HtmlToXmlForAmendApiIntegrationTest.ファイル出力を比較する: #direction #parsedResult(HtmlToXmlForAmendApiIntegrationTest.groovy:29)
</failure>
  </testcase>
  <testcase name="ファイル出力を比較する: Direction{ s_InputDir: data/input/20151001-5.42-S-H27-0003-5/pat-etc/etcetera-a603-p_r1, s_OutputDir: data/output/html_amend/20151001-5.42-S-H27-0003-5/pat-etc/etcetera-a603-p_r1} null" classname="jp.go.jpo.sa1s99.common.format.integration.HtmlToXmlForAmendApiIntegrationTest" time="0.016">
    <failure message="java.lang.IllegalArgumentException: Not implemented yet" type="java.lang.IllegalArgumentException">java.lang.IllegalArgumentException: Not implemented yet
	at jp.go.jpo.sa1s99.common.format.api.XmlToHtmlForAmendApi.execute(XmlToHtmlForAmendApi.java:32)
	at jp.go.jpo.sa1s99.common.format.integration.ExecuteXmlToHtmlForAmendApiByDirection.executeApi(ExecuteXmlToHtmlForAmendApiByDirection.java:26)
	at jp.go.jpo.sa1s99.common.format.integration.ExecuteXmlToHtmlForAmendApiByDirection.executeApi(ExecuteXmlToHtmlForAmendApiByDirection.java:13)
	at jp.go.jpo.sa1s99.common.format.integration.ExecuteApiByDirection.execute(ExecuteApiByDirection.java:28)
	at jp.go.jpo.sa1s99.common.format.integration.HtmlToXmlForAmendApiIntegrationTest.ファイル出力を比較する: #direction #parsedResult(HtmlToXmlForAmendApiIntegrationTest.groovy:29)
</failure>
  </testcase>
  <testcase name="ファイル出力を比較する: Direction{ s_InputDir: data/input/20151001-5.42-S-H27-0003-5/pat-etc/etcetera-a603-p_r2, s_OutputDir: data/output/html_amend/20151001-5.42-S-H27-0003-5/pat-etc/etcetera-a603-p_r2} null" classname="jp.go.jpo.sa1s99.common.format.integration.HtmlToXmlForAmendApiIntegrationTest" time="0.0">
    <failure message="java.lang.IllegalArgumentException: Not implemented yet" type="java.lang.IllegalArgumentException">java.lang.IllegalArgumentException: Not implemented yet
	at jp.go.jpo.sa1s99.common.format.api.XmlToHtmlForAmendApi.execute(XmlToHtmlForAmendApi.java:32)
	at jp.go.jpo.sa1s99.common.format.integration.ExecuteXmlToHtmlForAmendApiByDirection.executeApi(ExecuteXmlToHtmlForAmendApiByDirection.java:26)
	at jp.go.jpo.sa1s99.common.format.integration.ExecuteXmlToHtmlForAmendApiByDirection.executeApi(ExecuteXmlToHtmlForAmendApiByDirection.java:13)
	at jp.go.jpo.sa1s99.common.format.integration.ExecuteApiByDirection.execute(ExecuteApiByDirection.java:28)
	at jp.go.jpo.sa1s99.common.format.integration.HtmlToXmlForAmendApiIntegrationTest.ファイル出力を比較する: #direction #parsedResult(HtmlToXmlForAmendApiIntegrationTest.groovy:29)
</failure>
  </testcase>
  <testcase name="ファイル出力を比較する: Direction{ s_InputDir: data/input/20151001-5.42-S-H27-0003-5/pat-etc/etcetera-a603-p_r3, s_OutputDir: data/output/html_amend/20151001-5.42-S-H27-0003-5/pat-etc/etcetera-a603-p_r3} null" classname="jp.go.jpo.sa1s99.common.format.integration.HtmlToXmlForAmendApiIntegrationTest" time="0.0">
    <failure message="java.lang.IllegalArgumentException: Not implemented yet" type="java.lang.IllegalArgumentException">java.lang.IllegalArgumentException: Not implemented yet
	at jp.go.jpo.sa1s99.common.format.api.XmlToHtmlForAmendApi.execute(XmlToHtmlForAmendApi.java:32)
	at jp.go.jpo.sa1s99.common.format.integration.ExecuteXmlToHtmlForAmendApiByDirection.executeApi(ExecuteXmlToHtmlForAmendApiByDirection.java:26)
	at jp.go.jpo.sa1s99.common.format.integration.ExecuteXmlToHtmlForAmendApiByDirection.executeApi(ExecuteXmlToHtmlForAmendApiByDirection.java:13)
	at jp.go.jpo.sa1s99.common.format.integration.ExecuteApiByDirection.execute(ExecuteApiByDirection.java:28)
	at jp.go.jpo.sa1s99.common.format.integration.HtmlToXmlForAmendApiIntegrationTest.ファイル出力を比較する: #direction #parsedResult(HtmlToXmlForAmendApiIntegrationTest.groovy:29)
</failure>
  </testcase>
  <testcase name="ファイル出力を比較する: Direction{ s_InputDir: data/input/20151001-5.42-S-H27-0003-5/pat-etc/etcetera-a603-p_r4, s_OutputDir: data/output/html_amend/20151001-5.42-S-H27-0003-5/pat-etc/etcetera-a603-p_r4} null" classname="jp.go.jpo.sa1s99.common.format.integration.HtmlToXmlForAmendApiIntegrationTest" time="0.016">
    <failure message="java.lang.IllegalArgumentException: Not implemented yet" type="java.lang.IllegalArgumentException">java.lang.IllegalArgumentException: Not implemented yet
	at jp.go.jpo.sa1s99.common.format.api.XmlToHtmlForAmendApi.execute(XmlToHtmlForAmendApi.java:32)
	at jp.go.jpo.sa1s99.common.format.integration.ExecuteXmlToHtmlForAmendApiByDirection.executeApi(ExecuteXmlToHtmlForAmendApiByDirection.java:26)
	at jp.go.jpo.sa1s99.common.format.integration.ExecuteXmlToHtmlForAmendApiByDirection.executeApi(ExecuteXmlToHtmlForAmendApiByDirection.java:13)
	at jp.go.jpo.sa1s99.common.format.integration.ExecuteApiByDirection.execute(ExecuteApiByDirection.java:28)
	at jp.go.jpo.sa1s99.common.format.integration.HtmlToXmlForAmendApiIntegrationTest.ファイル出力を比較する: #direction #parsedResult(HtmlToXmlForAmendApiIntegrationTest.groovy:29)
</failure>
  </testcase>
  <testcase name="ファイル出力を比較する: Direction{ s_InputDir: data/input/20151001-5.42-S-H27-0003-5/pat-etc/etcetera-a603-p_r5, s_OutputDir: data/output/html_amend/20151001-5.42-S-H27-0003-5/pat-etc/etcetera-a603-p_r5} null" classname="jp.go.jpo.sa1s99.common.format.integration.HtmlToXmlForAmendApiIntegrationTest" time="0.0">
    <failure message="java.lang.IllegalArgumentException: Not implemented yet" type="java.lang.IllegalArgumentException">java.lang.IllegalArgumentException: Not implemented yet
	at jp.go.jpo.sa1s99.common.format.api.XmlToHtmlForAmendApi.execute(XmlToHtmlForAmendApi.java:32)
	at jp.go.jpo.sa1s99.common.format.integration.ExecuteXmlToHtmlForAmendApiByDirection.executeApi(ExecuteXmlToHtmlForAmendApiByDirection.java:26)
	at jp.go.jpo.sa1s99.common.format.integration.ExecuteXmlToHtmlForAmendApiByDirection.executeApi(ExecuteXmlToHtmlForAmendApiByDirection.java:13)
	at jp.go.jpo.sa1s99.common.format.integration.ExecuteApiByDirection.execute(ExecuteApiByDirection.java:28)
	at jp.go.jpo.sa1s99.common.format.integration.HtmlToXmlForAmendApiIntegrationTest.ファイル出力を比較する: #direction #parsedResult(HtmlToXmlForAmendApiIntegrationTest.groovy:29)
</failure>
  </testcase>
  <testcase name="ファイル出力を比較する: Direction{ s_InputDir: data/input/20151001-5.42-S-H27-0003-5/pat-etc/etcetera-a601-p, s_OutputDir: data/output/html_amend/20151001-5.42-S-H27-0003-5/pat-etc/etcetera-a601-p} null" classname="jp.go.jpo.sa1s99.common.format.integration.HtmlToXmlForAmendApiIntegrationTest" time="0.0">
    <failure message="java.lang.IllegalArgumentException: Not implemented yet" type="java.lang.IllegalArgumentException">java.lang.IllegalArgumentException: Not implemented yet
	at jp.go.jpo.sa1s99.common.format.api.XmlToHtmlForAmendApi.execute(XmlToHtmlForAmendApi.java:32)
	at jp.go.jpo.sa1s99.common.format.integration.ExecuteXmlToHtmlForAmendApiByDirection.executeApi(ExecuteXmlToHtmlForAmendApiByDirection.java:26)
	at jp.go.jpo.sa1s99.common.format.integration.ExecuteXmlToHtmlForAmendApiByDirection.executeApi(ExecuteXmlToHtmlForAmendApiByDirection.java:13)
	at jp.go.jpo.sa1s99.common.format.integration.ExecuteApiByDirection.execute(ExecuteApiByDirection.java:28)
	at jp.go.jpo.sa1s99.common.format.integration.HtmlToXmlForAmendApiIntegrationTest.ファイル出力を比較する: #direction #parsedResult(HtmlToXmlForAmendApiIntegrationTest.groovy:29)
</failure>
  </testcase>
  <testcase name="ファイル出力を比較する: Direction{ s_InputDir: data/input/20151001-5.42-S-H27-0003-5/pat-etc/etcetera-a601-p_r1, s_OutputDir: data/output/html_amend/20151001-5.42-S-H27-0003-5/pat-etc/etcetera-a601-p_r1} null" classname="jp.go.jpo.sa1s99.common.format.integration.HtmlToXmlForAmendApiIntegrationTest" time="0.0">
    <failure message="java.lang.IllegalArgumentException: Not implemented yet" type="java.lang.IllegalArgumentException">java.lang.IllegalArgumentException: Not implemented yet
	at jp.go.jpo.sa1s99.common.format.api.XmlToHtmlForAmendApi.execute(XmlToHtmlForAmendApi.java:32)
	at jp.go.jpo.sa1s99.common.format.integration.ExecuteXmlToHtmlForAmendApiByDirection.executeApi(ExecuteXmlToHtmlForAmendApiByDirection.java:26)
	at jp.go.jpo.sa1s99.common.format.integration.ExecuteXmlToHtmlForAmendApiByDirection.executeApi(ExecuteXmlToHtmlForAmendApiByDirection.java:13)
	at jp.go.jpo.sa1s99.common.format.integration.ExecuteApiByDirection.execute(ExecuteApiByDirection.java:28)
	at jp.go.jpo.sa1s99.common.format.integration.HtmlToXmlForAmendApiIntegrationTest.ファイル出力を比較する: #direction #parsedResult(HtmlToXmlForAmendApiIntegrationTest.groovy:29)
</failure>
  </testcase>
  <testcase name="ファイル出力を比較する: Direction{ s_InputDir: data/input/20151001-5.42-S-H27-0003-5/pat-etc/etcetera-a601-p_r2, s_OutputDir: data/output/html_amend/20151001-5.42-S-H27-0003-5/pat-etc/etcetera-a601-p_r2} null" classname="jp.go.jpo.sa1s99.common.format.integration.HtmlToXmlForAmendApiIntegrationTest" time="0.015">
    <failure message="java.lang.IllegalArgumentException: Not implemented yet" type="java.lang.IllegalArgumentException">java.lang.IllegalArgumentException: Not implemented yet
	at jp.go.jpo.sa1s99.common.format.api.XmlToHtmlForAmendApi.execute(XmlToHtmlForAmendApi.java:32)
	at jp.go.jpo.sa1s99.common.format.integration.ExecuteXmlToHtmlForAmendApiByDirection.executeApi(ExecuteXmlToHtmlForAmendApiByDirection.java:26)
	at jp.go.jpo.sa1s99.common.format.integration.ExecuteXmlToHtmlForAmendApiByDirection.executeApi(ExecuteXmlToHtmlForAmendApiByDirection.java:13)
	at jp.go.jpo.sa1s99.common.format.integration.ExecuteApiByDirection.execute(ExecuteApiByDirection.java:28)
	at jp.go.jpo.sa1s99.common.format.integration.HtmlToXmlForAmendApiIntegrationTest.ファイル出力を比較する: #direction #parsedResult(HtmlToXmlForAmendApiIntegrationTest.groovy:29)
</failure>
  </testcase>
  <testcase name="ファイル出力を比較する: Direction{ s_InputDir: data/input/20151001-5.42-S-H27-0003-5/pat-etc/etcetera-a601-p_r3, s_OutputDir: data/output/html_amend/20151001-5.42-S-H27-0003-5/pat-etc/etcetera-a601-p_r3} null" classname="jp.go.jpo.sa1s99.common.format.integration.HtmlToXmlForAmendApiIntegrationTest" time="0.0">
    <failure message="java.lang.IllegalArgumentException: Not implemented yet" type="java.lang.IllegalArgumentException">java.lang.IllegalArgumentException: Not implemented yet
	at jp.go.jpo.sa1s99.common.format.api.XmlToHtmlForAmendApi.execute(XmlToHtmlForAmendApi.java:32)
	at jp.go.jpo.sa1s99.common.format.integration.ExecuteXmlToHtmlForAmendApiByDirection.executeApi(ExecuteXmlToHtmlForAmendApiByDirection.java:26)
	at jp.go.jpo.sa1s99.common.format.integration.ExecuteXmlToHtmlForAmendApiByDirection.executeApi(ExecuteXmlToHtmlForAmendApiByDirection.java:13)
	at jp.go.jpo.sa1s99.common.format.integration.ExecuteApiByDirection.execute(ExecuteApiByDirection.java:28)
	at jp.go.jpo.sa1s99.common.format.integration.HtmlToXmlForAmendApiIntegrationTest.ファイル出力を比較する: #direction #parsedResult(HtmlToXmlForAmendApiIntegrationTest.groovy:29)
</failure>
  </testcase>
  <testcase name="ファイル出力を比較する: Direction{ s_InputDir: data/input/20151001-5.42-S-H27-0003-5/pat-etc/etcetera-a601-p_r4, s_OutputDir: data/output/html_amend/20151001-5.42-S-H27-0003-5/pat-etc/etcetera-a601-p_r4} null" classname="jp.go.jpo.sa1s99.common.format.integration.HtmlToXmlForAmendApiIntegrationTest" time="0.0">
    <failure message="java.lang.IllegalArgumentException: Not implemented yet" type="java.lang.IllegalArgumentException">java.lang.IllegalArgumentException: Not implemented yet
	at jp.go.jpo.sa1s99.common.format.api.XmlToHtmlForAmendApi.execute(XmlToHtmlForAmendApi.java:32)
	at jp.go.jpo.sa1s99.common.format.integration.ExecuteXmlToHtmlForAmendApiByDirection.executeApi(ExecuteXmlToHtmlForAmendApiByDirection.java:26)
	at jp.go.jpo.sa1s99.common.format.integration.ExecuteXmlToHtmlForAmendApiByDirection.executeApi(ExecuteXmlToHtmlForAmendApiByDirection.java:13)
	at jp.go.jpo.sa1s99.common.format.integration.ExecuteApiByDirection.execute(ExecuteApiByDirection.java:28)
	at jp.go.jpo.sa1s99.common.format.integration.HtmlToXmlForAmendApiIntegrationTest.ファイル出力を比較する: #direction #parsedResult(HtmlToXmlForAmendApiIntegrationTest.groovy:29)
</failure>
  </testcase>
  <testcase name="ファイル出力を比較する: Direction{ s_InputDir: data/input/20151001-5.42-S-H27-0003-5/pat-etc/etcetera-a601-p_r5, s_OutputDir: data/output/html_amend/20151001-5.42-S-H27-0003-5/pat-etc/etcetera-a601-p_r5} null" classname="jp.go.jpo.sa1s99.common.format.integration.HtmlToXmlForAmendApiIntegrationTest" time="0.0">
    <failure message="java.lang.IllegalArgumentException: Not implemented yet" type="java.lang.IllegalArgumentException">java.lang.IllegalArgumentException: Not implemented yet
	at jp.go.jpo.sa1s99.common.format.api.XmlToHtmlForAmendApi.execute(XmlToHtmlForAmendApi.java:32)
	at jp.go.jpo.sa1s99.common.format.integration.ExecuteXmlToHtmlForAmendApiByDirection.executeApi(ExecuteXmlToHtmlForAmendApiByDirection.java:26)
	at jp.go.jpo.sa1s99.common.format.integration.ExecuteXmlToHtmlForAmendApiByDirection.executeApi(ExecuteXmlToHtmlForAmendApiByDirection.java:13)
	at jp.go.jpo.sa1s99.common.format.integration.ExecuteApiByDirection.execute(ExecuteApiByDirection.java:28)
	at jp.go.jpo.sa1s99.common.format.integration.HtmlToXmlForAmendApiIntegrationTest.ファイル出力を比較する: #direction #parsedResult(HtmlToXmlForAmendApiIntegrationTest.groovy:29)
</failure>
  </testcase>
  <testcase name="ファイル出力を比較する: Direction{ s_InputDir: data/input/20151001-5.42-S-H27-0003-5/pat-etc/etcetera-a603-u, s_OutputDir: data/output/html_amend/20151001-5.42-S-H27-0003-5/pat-etc/etcetera-a603-u} null" classname="jp.go.jpo.sa1s99.common.format.integration.HtmlToXmlForAmendApiIntegrationTest" time="0.0">
    <failure message="java.lang.IllegalArgumentException: Not implemented yet" type="java.lang.IllegalArgumentException">java.lang.IllegalArgumentException: Not implemented yet
	at jp.go.jpo.sa1s99.common.format.api.XmlToHtmlForAmendApi.execute(XmlToHtmlForAmendApi.java:32)
	at jp.go.jpo.sa1s99.common.format.integration.ExecuteXmlToHtmlForAmendApiByDirection.executeApi(ExecuteXmlToHtmlForAmendApiByDirection.java:26)
	at jp.go.jpo.sa1s99.common.format.integration.ExecuteXmlToHtmlForAmendApiByDirection.executeApi(ExecuteXmlToHtmlForAmendApiByDirection.java:13)
	at jp.go.jpo.sa1s99.common.format.integration.ExecuteApiByDirection.execute(ExecuteApiByDirection.java:28)
	at jp.go.jpo.sa1s99.common.format.integration.HtmlToXmlForAmendApiIntegrationTest.ファイル出力を比較する: #direction #parsedResult(HtmlToXmlForAmendApiIntegrationTest.groovy:29)
</failure>
  </testcase>
  <testcase name="ファイル出力を比較する: Direction{ s_InputDir: data/input/20151001-5.42-S-H27-0003-5/pat-etc/etcetera-a603-u_r1, s_OutputDir: data/output/html_amend/20151001-5.42-S-H27-0003-5/pat-etc/etcetera-a603-u_r1} null" classname="jp.go.jpo.sa1s99.common.format.integration.HtmlToXmlForAmendApiIntegrationTest" time="0.0">
    <failure message="java.lang.IllegalArgumentException: Not implemented yet" type="java.lang.IllegalArgumentException">java.lang.IllegalArgumentException: Not implemented yet
	at jp.go.jpo.sa1s99.common.format.api.XmlToHtmlForAmendApi.execute(XmlToHtmlForAmendApi.java:32)
	at jp.go.jpo.sa1s99.common.format.integration.ExecuteXmlToHtmlForAmendApiByDirection.executeApi(ExecuteXmlToHtmlForAmendApiByDirection.java:26)
	at jp.go.jpo.sa1s99.common.format.integration.ExecuteXmlToHtmlForAmendApiByDirection.executeApi(ExecuteXmlToHtmlForAmendApiByDirection.java:13)
	at jp.go.jpo.sa1s99.common.format.integration.ExecuteApiByDirection.execute(ExecuteApiByDirection.java:28)
	at jp.go.jpo.sa1s99.common.format.integration.HtmlToXmlForAmendApiIntegrationTest.ファイル出力を比較する: #direction #parsedResult(HtmlToXmlForAmendApiIntegrationTest.groovy:29)
</failure>
  </testcase>
  <testcase name="ファイル出力を比較する: Direction{ s_InputDir: data/input/20151001-5.42-S-H27-0003-5/pat-etc/etcetera-a603-u_r2, s_OutputDir: data/output/html_amend/20151001-5.42-S-H27-0003-5/pat-etc/etcetera-a603-u_r2} null" classname="jp.go.jpo.sa1s99.common.format.integration.HtmlToXmlForAmendApiIntegrationTest" time="0.016">
    <failure message="java.lang.IllegalArgumentException: Not implemented yet" type="java.lang.IllegalArgumentException">java.lang.IllegalArgumentException: Not implemented yet
	at jp.go.jpo.sa1s99.common.format.api.XmlToHtmlForAmendApi.execute(XmlToHtmlForAmendApi.java:32)
	at jp.go.jpo.sa1s99.common.format.integration.ExecuteXmlToHtmlForAmendApiByDirection.executeApi(ExecuteXmlToHtmlForAmendApiByDirection.java:26)
	at jp.go.jpo.sa1s99.common.format.integration.ExecuteXmlToHtmlForAmendApiByDirection.executeApi(ExecuteXmlToHtmlForAmendApiByDirection.java:13)
	at jp.go.jpo.sa1s99.common.format.integration.ExecuteApiByDirection.execute(ExecuteApiByDirection.java:28)
	at jp.go.jpo.sa1s99.common.format.integration.HtmlToXmlForAmendApiIntegrationTest.ファイル出力を比較する: #direction #parsedResult(HtmlToXmlForAmendApiIntegrationTest.groovy:29)
</failure>
  </testcase>
  <testcase name="ファイル出力を比較する: Direction{ s_InputDir: data/input/20151001-5.42-S-H27-0003-5/pat-etc/etcetera-a603-u_r3, s_OutputDir: data/output/html_amend/20151001-5.42-S-H27-0003-5/pat-etc/etcetera-a603-u_r3} null" classname="jp.go.jpo.sa1s99.common.format.integration.HtmlToXmlForAmendApiIntegrationTest" time="0.0">
    <failure message="java.lang.IllegalArgumentException: Not implemented yet" type="java.lang.IllegalArgumentException">java.lang.IllegalArgumentException: Not implemented yet
	at jp.go.jpo.sa1s99.common.format.api.XmlToHtmlForAmendApi.execute(XmlToHtmlForAmendApi.java:32)
	at jp.go.jpo.sa1s99.common.format.integration.ExecuteXmlToHtmlForAmendApiByDirection.executeApi(ExecuteXmlToHtmlForAmendApiByDirection.java:26)
	at jp.go.jpo.sa1s99.common.format.integration.ExecuteXmlToHtmlForAmendApiByDirection.executeApi(ExecuteXmlToHtmlForAmendApiByDirection.java:13)
	at jp.go.jpo.sa1s99.common.format.integration.ExecuteApiByDirection.execute(ExecuteApiByDirection.java:28)
	at jp.go.jpo.sa1s99.common.format.integration.HtmlToXmlForAmendApiIntegrationTest.ファイル出力を比較する: #direction #parsedResult(HtmlToXmlForAmendApiIntegrationTest.groovy:29)
</failure>
  </testcase>
  <testcase name="ファイル出力を比較する: Direction{ s_InputDir: data/input/20151001-5.42-S-H27-0003-5/pat-etc/etcetera-a603-u_r4, s_OutputDir: data/output/html_amend/20151001-5.42-S-H27-0003-5/pat-etc/etcetera-a603-u_r4} null" classname="jp.go.jpo.sa1s99.common.format.integration.HtmlToXmlForAmendApiIntegrationTest" time="0.0">
    <failure message="java.lang.IllegalArgumentException: Not implemented yet" type="java.lang.IllegalArgumentException">java.lang.IllegalArgumentException: Not implemented yet
	at jp.go.jpo.sa1s99.common.format.api.XmlToHtmlForAmendApi.execute(XmlToHtmlForAmendApi.java:32)
	at jp.go.jpo.sa1s99.common.format.integration.ExecuteXmlToHtmlForAmendApiByDirection.executeApi(ExecuteXmlToHtmlForAmendApiByDirection.java:26)
	at jp.go.jpo.sa1s99.common.format.integration.ExecuteXmlToHtmlForAmendApiByDirection.executeApi(ExecuteXmlToHtmlForAmendApiByDirection.java:13)
	at jp.go.jpo.sa1s99.common.format.integration.ExecuteApiByDirection.execute(ExecuteApiByDirection.java:28)
	at jp.go.jpo.sa1s99.common.format.integration.HtmlToXmlForAmendApiIntegrationTest.ファイル出力を比較する: #direction #parsedResult(HtmlToXmlForAmendApiIntegrationTest.groovy:29)
</failure>
  </testcase>
  <testcase name="ファイル出力を比較する: Direction{ s_InputDir: data/input/20151001-5.42-S-H27-0003-5/pat-etc/etcetera-a603-u_r5, s_OutputDir: data/output/html_amend/20151001-5.42-S-H27-0003-5/pat-etc/etcetera-a603-u_r5} null" classname="jp.go.jpo.sa1s99.common.format.integration.HtmlToXmlForAmendApiIntegrationTest" time="0.016">
    <failure message="java.lang.IllegalArgumentException: Not implemented yet" type="java.lang.IllegalArgumentException">java.lang.IllegalArgumentException: Not implemented yet
	at jp.go.jpo.sa1s99.common.format.api.XmlToHtmlForAmendApi.execute(XmlToHtmlForAmendApi.java:32)
	at jp.go.jpo.sa1s99.common.format.integration.ExecuteXmlToHtmlForAmendApiByDirection.executeApi(ExecuteXmlToHtmlForAmendApiByDirection.java:26)
	at jp.go.jpo.sa1s99.common.format.integration.ExecuteXmlToHtmlForAmendApiByDirection.executeApi(ExecuteXmlToHtmlForAmendApiByDirection.java:13)
	at jp.go.jpo.sa1s99.common.format.integration.ExecuteApiByDirection.execute(ExecuteApiByDirection.java:28)
	at jp.go.jpo.sa1s99.common.format.integration.HtmlToXmlForAmendApiIntegrationTest.ファイル出力を比較する: #direction #parsedResult(HtmlToXmlForAmendApiIntegrationTest.groovy:29)
</failure>
  </testcase>
  <testcase name="ファイル出力を比較する: Direction{ s_InputDir: data/input/20151001-5.42-S-H27-0003-5/pat-etc/etcetera-a601-u, s_OutputDir: data/output/html_amend/20151001-5.42-S-H27-0003-5/pat-etc/etcetera-a601-u} null" classname="jp.go.jpo.sa1s99.common.format.integration.HtmlToXmlForAmendApiIntegrationTest" time="0.005">
    <failure message="java.lang.IllegalArgumentException: Not implemented yet" type="java.lang.IllegalArgumentException">java.lang.IllegalArgumentException: Not implemented yet
	at jp.go.jpo.sa1s99.common.format.api.XmlToHtmlForAmendApi.execute(XmlToHtmlForAmendApi.java:32)
	at jp.go.jpo.sa1s99.common.format.integration.ExecuteXmlToHtmlForAmendApiByDirection.executeApi(ExecuteXmlToHtmlForAmendApiByDirection.java:26)
	at jp.go.jpo.sa1s99.common.format.integration.ExecuteXmlToHtmlForAmendApiByDirection.executeApi(ExecuteXmlToHtmlForAmendApiByDirection.java:13)
	at jp.go.jpo.sa1s99.common.format.integration.ExecuteApiByDirection.execute(ExecuteApiByDirection.java:28)
	at jp.go.jpo.sa1s99.common.format.integration.HtmlToXmlForAmendApiIntegrationTest.ファイル出力を比較する: #direction #parsedResult(HtmlToXmlForAmendApiIntegrationTest.groovy:29)
</failure>
  </testcase>
  <testcase name="ファイル出力を比較する: Direction{ s_InputDir: data/input/20151001-5.42-S-H27-0003-5/pat-etc/etcetera-a601-u_r1, s_OutputDir: data/output/html_amend/20151001-5.42-S-H27-0003-5/pat-etc/etcetera-a601-u_r1} null" classname="jp.go.jpo.sa1s99.common.format.integration.HtmlToXmlForAmendApiIntegrationTest" time="0.0">
    <failure message="java.lang.IllegalArgumentException: Not implemented yet" type="java.lang.IllegalArgumentException">java.lang.IllegalArgumentException: Not implemented yet
	at jp.go.jpo.sa1s99.common.format.api.XmlToHtmlForAmendApi.execute(XmlToHtmlForAmendApi.java:32)
	at jp.go.jpo.sa1s99.common.format.integration.ExecuteXmlToHtmlForAmendApiByDirection.executeApi(ExecuteXmlToHtmlForAmendApiByDirection.java:26)
	at jp.go.jpo.sa1s99.common.format.integration.ExecuteXmlToHtmlForAmendApiByDirection.executeApi(ExecuteXmlToHtmlForAmendApiByDirection.java:13)
	at jp.go.jpo.sa1s99.common.format.integration.ExecuteApiByDirection.execute(ExecuteApiByDirection.java:28)
	at jp.go.jpo.sa1s99.common.format.integration.HtmlToXmlForAmendApiIntegrationTest.ファイル出力を比較する: #direction #parsedResult(HtmlToXmlForAmendApiIntegrationTest.groovy:29)
</failure>
  </testcase>
  <testcase name="ファイル出力を比較する: Direction{ s_InputDir: data/input/20151001-5.42-S-H27-0003-5/pat-etc/etcetera-a601-u_r2, s_OutputDir: data/output/html_amend/20151001-5.42-S-H27-0003-5/pat-etc/etcetera-a601-u_r2} null" classname="jp.go.jpo.sa1s99.common.format.integration.HtmlToXmlForAmendApiIntegrationTest" time="0.0">
    <failure message="java.lang.IllegalArgumentException: Not implemented yet" type="java.lang.IllegalArgumentException">java.lang.IllegalArgumentException: Not implemented yet
	at jp.go.jpo.sa1s99.common.format.api.XmlToHtmlForAmendApi.execute(XmlToHtmlForAmendApi.java:32)
	at jp.go.jpo.sa1s99.common.format.integration.ExecuteXmlToHtmlForAmendApiByDirection.executeApi(ExecuteXmlToHtmlForAmendApiByDirection.java:26)
	at jp.go.jpo.sa1s99.common.format.integration.ExecuteXmlToHtmlForAmendApiByDirection.executeApi(ExecuteXmlToHtmlForAmendApiByDirection.java:13)
	at jp.go.jpo.sa1s99.common.format.integration.ExecuteApiByDirection.execute(ExecuteApiByDirection.java:28)
	at jp.go.jpo.sa1s99.common.format.integration.HtmlToXmlForAmendApiIntegrationTest.ファイル出力を比較する: #direction #parsedResult(HtmlToXmlForAmendApiIntegrationTest.groovy:29)
</failure>
  </testcase>
  <testcase name="ファイル出力を比較する: Direction{ s_InputDir: data/input/20151001-5.42-S-H27-0003-5/pat-etc/etcetera-a601-u_r3, s_OutputDir: data/output/html_amend/20151001-5.42-S-H27-0003-5/pat-etc/etcetera-a601-u_r3} null" classname="jp.go.jpo.sa1s99.common.format.integration.HtmlToXmlForAmendApiIntegrationTest" time="0.016">
    <failure message="java.lang.IllegalArgumentException: Not implemented yet" type="java.lang.IllegalArgumentException">java.lang.IllegalArgumentException: Not implemented yet
	at jp.go.jpo.sa1s99.common.format.api.XmlToHtmlForAmendApi.execute(XmlToHtmlForAmendApi.java:32)
	at jp.go.jpo.sa1s99.common.format.integration.ExecuteXmlToHtmlForAmendApiByDirection.executeApi(ExecuteXmlToHtmlForAmendApiByDirection.java:26)
	at jp.go.jpo.sa1s99.common.format.integration.ExecuteXmlToHtmlForAmendApiByDirection.executeApi(ExecuteXmlToHtmlForAmendApiByDirection.java:13)
	at jp.go.jpo.sa1s99.common.format.integration.ExecuteApiByDirection.execute(ExecuteApiByDirection.java:28)
	at jp.go.jpo.sa1s99.common.format.integration.HtmlToXmlForAmendApiIntegrationTest.ファイル出力を比較する: #direction #parsedResult(HtmlToXmlForAmendApiIntegrationTest.groovy:29)
</failure>
  </testcase>
  <testcase name="ファイル出力を比較する: Direction{ s_InputDir: data/input/20151001-5.42-S-H27-0003-5/pat-etc/etcetera-a601-u_r4, s_OutputDir: data/output/html_amend/20151001-5.42-S-H27-0003-5/pat-etc/etcetera-a601-u_r4} null" classname="jp.go.jpo.sa1s99.common.format.integration.HtmlToXmlForAmendApiIntegrationTest" time="0.0">
    <failure message="java.lang.IllegalArgumentException: Not implemented yet" type="java.lang.IllegalArgumentException">java.lang.IllegalArgumentException: Not implemented yet
	at jp.go.jpo.sa1s99.common.format.api.XmlToHtmlForAmendApi.execute(XmlToHtmlForAmendApi.java:32)
	at jp.go.jpo.sa1s99.common.format.integration.ExecuteXmlToHtmlForAmendApiByDirection.executeApi(ExecuteXmlToHtmlForAmendApiByDirection.java:26)
	at jp.go.jpo.sa1s99.common.format.integration.ExecuteXmlToHtmlForAmendApiByDirection.executeApi(ExecuteXmlToHtmlForAmendApiByDirection.java:13)
	at jp.go.jpo.sa1s99.common.format.integration.ExecuteApiByDirection.execute(ExecuteApiByDirection.java:28)
	at jp.go.jpo.sa1s99.common.format.integration.HtmlToXmlForAmendApiIntegrationTest.ファイル出力を比較する: #direction #parsedResult(HtmlToXmlForAmendApiIntegrationTest.groovy:29)
</failure>
  </testcase>
  <testcase name="ファイル出力を比較する: Direction{ s_InputDir: data/input/20151001-5.42-S-H27-0003-5/pat-etc/etcetera-a601-u_r5, s_OutputDir: data/output/html_amend/20151001-5.42-S-H27-0003-5/pat-etc/etcetera-a601-u_r5} null" classname="jp.go.jpo.sa1s99.common.format.integration.HtmlToXmlForAmendApiIntegrationTest" time="0.0">
    <failure message="java.lang.IllegalArgumentException: Not implemented yet" type="java.lang.IllegalArgumentException">java.lang.IllegalArgumentException: Not implemented yet
	at jp.go.jpo.sa1s99.common.format.api.XmlToHtmlForAmendApi.execute(XmlToHtmlForAmendApi.java:32)
	at jp.go.jpo.sa1s99.common.format.integration.ExecuteXmlToHtmlForAmendApiByDirection.executeApi(ExecuteXmlToHtmlForAmendApiByDirection.java:26)
	at jp.go.jpo.sa1s99.common.format.integration.ExecuteXmlToHtmlForAmendApiByDirection.executeApi(ExecuteXmlToHtmlForAmendApiByDirection.java:13)
	at jp.go.jpo.sa1s99.common.format.integration.ExecuteApiByDirection.execute(ExecuteApiByDirection.java:28)
	at jp.go.jpo.sa1s99.common.format.integration.HtmlToXmlForAmendApiIntegrationTest.ファイル出力を比較する: #direction #parsedResult(HtmlToXmlForAmendApiIntegrationTest.groovy:29)
</failure>
  </testcase>
  <testcase name="ファイル出力を比較する: Direction{ s_InputDir: data/input/20151001-5.42-S-H27-0003-5/pat-amnd/amendment-a51-p, s_OutputDir: data/output/html_amend/20151001-5.42-S-H27-0003-5/pat-amnd/amendment-a51-p} null" classname="jp.go.jpo.sa1s99.common.format.integration.HtmlToXmlForAmendApiIntegrationTest" time="0.015">
    <failure message="java.lang.IllegalArgumentException: Not implemented yet" type="java.lang.IllegalArgumentException">java.lang.IllegalArgumentException: Not implemented yet
	at jp.go.jpo.sa1s99.common.format.api.XmlToHtmlForAmendApi.execute(XmlToHtmlForAmendApi.java:32)
	at jp.go.jpo.sa1s99.common.format.integration.ExecuteXmlToHtmlForAmendApiByDirection.executeApi(ExecuteXmlToHtmlForAmendApiByDirection.java:26)
	at jp.go.jpo.sa1s99.common.format.integration.ExecuteXmlToHtmlForAmendApiByDirection.executeApi(ExecuteXmlToHtmlForAmendApiByDirection.java:13)
	at jp.go.jpo.sa1s99.common.format.integration.ExecuteApiByDirection.execute(ExecuteApiByDirection.java:28)
	at jp.go.jpo.sa1s99.common.format.integration.HtmlToXmlForAmendApiIntegrationTest.ファイル出力を比較する: #direction #parsedResult(HtmlToXmlForAmendApiIntegrationTest.groovy:29)
</failure>
  </testcase>
  <testcase name="ファイル出力を比較する: Direction{ s_InputDir: data/input/20151001-5.42-S-H27-0003-5/pat-amnd/amendment-a51-p_2, s_OutputDir: data/output/html_amend/20151001-5.42-S-H27-0003-5/pat-amnd/amendment-a51-p_2} null" classname="jp.go.jpo.sa1s99.common.format.integration.HtmlToXmlForAmendApiIntegrationTest" time="0.0">
    <failure message="java.lang.IllegalArgumentException: Not implemented yet" type="java.lang.IllegalArgumentException">java.lang.IllegalArgumentException: Not implemented yet
	at jp.go.jpo.sa1s99.common.format.api.XmlToHtmlForAmendApi.execute(XmlToHtmlForAmendApi.java:32)
	at jp.go.jpo.sa1s99.common.format.integration.ExecuteXmlToHtmlForAmendApiByDirection.executeApi(ExecuteXmlToHtmlForAmendApiByDirection.java:26)
	at jp.go.jpo.sa1s99.common.format.integration.ExecuteXmlToHtmlForAmendApiByDirection.executeApi(ExecuteXmlToHtmlForAmendApiByDirection.java:13)
	at jp.go.jpo.sa1s99.common.format.integration.ExecuteApiByDirection.execute(ExecuteApiByDirection.java:28)
	at jp.go.jpo.sa1s99.common.format.integration.HtmlToXmlForAmendApiIntegrationTest.ファイル出力を比較する: #direction #parsedResult(HtmlToXmlForAmendApiIntegrationTest.groovy:29)
</failure>
  </testcase>
  <testcase name="ファイル出力を比較する: Direction{ s_InputDir: data/input/20151001-5.42-S-H27-0003-5/pat-amnd/amendment-a51-u, s_OutputDir: data/output/html_amend/20151001-5.42-S-H27-0003-5/pat-amnd/amendment-a51-u} null" classname="jp.go.jpo.sa1s99.common.format.integration.HtmlToXmlForAmendApiIntegrationTest" time="0.0">
    <failure message="java.lang.IllegalArgumentException: Not implemented yet" type="java.lang.IllegalArgumentException">java.lang.IllegalArgumentException: Not implemented yet
	at jp.go.jpo.sa1s99.common.format.api.XmlToHtmlForAmendApi.execute(XmlToHtmlForAmendApi.java:32)
	at jp.go.jpo.sa1s99.common.format.integration.ExecuteXmlToHtmlForAmendApiByDirection.executeApi(ExecuteXmlToHtmlForAmendApiByDirection.java:26)
	at jp.go.jpo.sa1s99.common.format.integration.ExecuteXmlToHtmlForAmendApiByDirection.executeApi(ExecuteXmlToHtmlForAmendApiByDirection.java:13)
	at jp.go.jpo.sa1s99.common.format.integration.ExecuteApiByDirection.execute(ExecuteApiByDirection.java:28)
	at jp.go.jpo.sa1s99.common.format.integration.HtmlToXmlForAmendApiIntegrationTest.ファイル出力を比較する: #direction #parsedResult(HtmlToXmlForAmendApiIntegrationTest.groovy:29)
</failure>
  </testcase>
  <testcase name="ファイル出力を比較する: Direction{ s_InputDir: data/input/20151001-5.42-S-H27-0003-5/pat-amnd/amendment-a51-u_2, s_OutputDir: data/output/html_amend/20151001-5.42-S-H27-0003-5/pat-amnd/amendment-a51-u_2} null" classname="jp.go.jpo.sa1s99.common.format.integration.HtmlToXmlForAmendApiIntegrationTest" time="0.016">
    <failure message="java.lang.IllegalArgumentException: Not implemented yet" type="java.lang.IllegalArgumentException">java.lang.IllegalArgumentException: Not implemented yet
	at jp.go.jpo.sa1s99.common.format.api.XmlToHtmlForAmendApi.execute(XmlToHtmlForAmendApi.java:32)
	at jp.go.jpo.sa1s99.common.format.integration.ExecuteXmlToHtmlForAmendApiByDirection.executeApi(ExecuteXmlToHtmlForAmendApiByDirection.java:26)
	at jp.go.jpo.sa1s99.common.format.integration.ExecuteXmlToHtmlForAmendApiByDirection.executeApi(ExecuteXmlToHtmlForAmendApiByDirection.java:13)
	at jp.go.jpo.sa1s99.common.format.integration.ExecuteApiByDirection.execute(ExecuteApiByDirection.java:28)
	at jp.go.jpo.sa1s99.common.format.integration.HtmlToXmlForAmendApiIntegrationTest.ファイル出力を比較する: #direction #parsedResult(HtmlToXmlForAmendApiIntegrationTest.groovy:29)
</failure>
  </testcase>
  <testcase name="ファイル出力を比較する: Direction{ s_InputDir: data/input/20151001-5.42-S-H27-0003-5/pat-amnd/amendment-a523-p, s_OutputDir: data/output/html_amend/20151001-5.42-S-H27-0003-5/pat-amnd/amendment-a523-p} null" classname="jp.go.jpo.sa1s99.common.format.integration.HtmlToXmlForAmendApiIntegrationTest" time="0.0">
    <failure message="java.lang.IllegalArgumentException: Not implemented yet" type="java.lang.IllegalArgumentException">java.lang.IllegalArgumentException: Not implemented yet
	at jp.go.jpo.sa1s99.common.format.api.XmlToHtmlForAmendApi.execute(XmlToHtmlForAmendApi.java:32)
	at jp.go.jpo.sa1s99.common.format.integration.ExecuteXmlToHtmlForAmendApiByDirection.executeApi(ExecuteXmlToHtmlForAmendApiByDirection.java:26)
	at jp.go.jpo.sa1s99.common.format.integration.ExecuteXmlToHtmlForAmendApiByDirection.executeApi(ExecuteXmlToHtmlForAmendApiByDirection.java:13)
	at jp.go.jpo.sa1s99.common.format.integration.ExecuteApiByDirection.execute(ExecuteApiByDirection.java:28)
	at jp.go.jpo.sa1s99.common.format.integration.HtmlToXmlForAmendApiIntegrationTest.ファイル出力を比較する: #direction #parsedResult(HtmlToXmlForAmendApiIntegrationTest.groovy:29)
</failure>
  </testcase>
  <testcase name="ファイル出力を比較する: Direction{ s_InputDir: data/input/20151001-5.42-S-H27-0003-5/pat-amnd/amendment-a523-p_2, s_OutputDir: data/output/html_amend/20151001-5.42-S-H27-0003-5/pat-amnd/amendment-a523-p_2} null" classname="jp.go.jpo.sa1s99.common.format.integration.HtmlToXmlForAmendApiIntegrationTest" time="0.016">
    <failure message="java.lang.IllegalArgumentException: Not implemented yet" type="java.lang.IllegalArgumentException">java.lang.IllegalArgumentException: Not implemented yet
	at jp.go.jpo.sa1s99.common.format.api.XmlToHtmlForAmendApi.execute(XmlToHtmlForAmendApi.java:32)
	at jp.go.jpo.sa1s99.common.format.integration.ExecuteXmlToHtmlForAmendApiByDirection.executeApi(ExecuteXmlToHtmlForAmendApiByDirection.java:26)
	at jp.go.jpo.sa1s99.common.format.integration.ExecuteXmlToHtmlForAmendApiByDirection.executeApi(ExecuteXmlToHtmlForAmendApiByDirection.java:13)
	at jp.go.jpo.sa1s99.common.format.integration.ExecuteApiByDirection.execute(ExecuteApiByDirection.java:28)
	at jp.go.jpo.sa1s99.common.format.integration.HtmlToXmlForAmendApiIntegrationTest.ファイル出力を比較する: #direction #parsedResult(HtmlToXmlForAmendApiIntegrationTest.groovy:29)
</failure>
  </testcase>
  <testcase name="ファイル出力を比較する: Direction{ s_InputDir: data/input/20151001-5.42-S-H27-0003-5/pat-amnd/amendment-a523-u, s_OutputDir: data/output/html_amend/20151001-5.42-S-H27-0003-5/pat-amnd/amendment-a523-u} null" classname="jp.go.jpo.sa1s99.common.format.integration.HtmlToXmlForAmendApiIntegrationTest" time="0.0">
    <failure message="java.lang.IllegalArgumentException: Not implemented yet" type="java.lang.IllegalArgumentException">java.lang.IllegalArgumentException: Not implemented yet
	at jp.go.jpo.sa1s99.common.format.api.XmlToHtmlForAmendApi.execute(XmlToHtmlForAmendApi.java:32)
	at jp.go.jpo.sa1s99.common.format.integration.ExecuteXmlToHtmlForAmendApiByDirection.executeApi(ExecuteXmlToHtmlForAmendApiByDirection.java:26)
	at jp.go.jpo.sa1s99.common.format.integration.ExecuteXmlToHtmlForAmendApiByDirection.executeApi(ExecuteXmlToHtmlForAmendApiByDirection.java:13)
	at jp.go.jpo.sa1s99.common.format.integration.ExecuteApiByDirection.execute(ExecuteApiByDirection.java:28)
	at jp.go.jpo.sa1s99.common.format.integration.HtmlToXmlForAmendApiIntegrationTest.ファイル出力を比較する: #direction #parsedResult(HtmlToXmlForAmendApiIntegrationTest.groovy:29)
</failure>
  </testcase>
  <testcase name="ファイル出力を比較する: Direction{ s_InputDir: data/input/20151001-5.42-S-H27-0003-5/pat-amnd/amendment-a523-u_2, s_OutputDir: data/output/html_amend/20151001-5.42-S-H27-0003-5/pat-amnd/amendment-a523-u_2} null" classname="jp.go.jpo.sa1s99.common.format.integration.HtmlToXmlForAmendApiIntegrationTest" time="0.0">
    <failure message="java.lang.IllegalArgumentException: Not implemented yet" type="java.lang.IllegalArgumentException">java.lang.IllegalArgumentException: Not implemented yet
	at jp.go.jpo.sa1s99.common.format.api.XmlToHtmlForAmendApi.execute(XmlToHtmlForAmendApi.java:32)
	at jp.go.jpo.sa1s99.common.format.integration.ExecuteXmlToHtmlForAmendApiByDirection.executeApi(ExecuteXmlToHtmlForAmendApiByDirection.java:26)
	at jp.go.jpo.sa1s99.common.format.integration.ExecuteXmlToHtmlForAmendApiByDirection.executeApi(ExecuteXmlToHtmlForAmendApiByDirection.java:13)
	at jp.go.jpo.sa1s99.common.format.integration.ExecuteApiByDirection.execute(ExecuteApiByDirection.java:28)
	at jp.go.jpo.sa1s99.common.format.integration.HtmlToXmlForAmendApiIntegrationTest.ファイル出力を比較する: #direction #parsedResult(HtmlToXmlForAmendApiIntegrationTest.groovy:29)
</failure>
  </testcase>
  <testcase name="ファイル出力を比較する: Direction{ s_InputDir: data/input/20151001-5.42-S-H27-0003-5/mem-pt-f/domestic-document-a965-p, s_OutputDir: data/output/html_amend/20151001-5.42-S-H27-0003-5/mem-pt-f/domestic-document-a965-p} null" classname="jp.go.jpo.sa1s99.common.format.integration.HtmlToXmlForAmendApiIntegrationTest" time="0.015">
    <failure message="java.lang.IllegalArgumentException: Not implemented yet" type="java.lang.IllegalArgumentException">java.lang.IllegalArgumentException: Not implemented yet
	at jp.go.jpo.sa1s99.common.format.api.XmlToHtmlForAmendApi.execute(XmlToHtmlForAmendApi.java:32)
	at jp.go.jpo.sa1s99.common.format.integration.ExecuteXmlToHtmlForAmendApiByDirection.executeApi(ExecuteXmlToHtmlForAmendApiByDirection.java:26)
	at jp.go.jpo.sa1s99.common.format.integration.ExecuteXmlToHtmlForAmendApiByDirection.executeApi(ExecuteXmlToHtmlForAmendApiByDirection.java:13)
	at jp.go.jpo.sa1s99.common.format.integration.ExecuteApiByDirection.execute(ExecuteApiByDirection.java:28)
	at jp.go.jpo.sa1s99.common.format.integration.HtmlToXmlForAmendApiIntegrationTest.ファイル出力を比較する: #direction #parsedResult(HtmlToXmlForAmendApiIntegrationTest.groovy:29)
</failure>
  </testcase>
  <testcase name="ファイル出力を比較する: Direction{ s_InputDir: data/input/20151001-5.42-S-H27-0003-5/mem-pt-f/domestic-document-a965-u, s_OutputDir: data/output/html_amend/20151001-5.42-S-H27-0003-5/mem-pt-f/domestic-document-a965-u} null" classname="jp.go.jpo.sa1s99.common.format.integration.HtmlToXmlForAmendApiIntegrationTest" time="0.0">
    <failure message="java.lang.IllegalArgumentException: Not implemented yet" type="java.lang.IllegalArgumentException">java.lang.IllegalArgumentException: Not implemented yet
	at jp.go.jpo.sa1s99.common.format.api.XmlToHtmlForAmendApi.execute(XmlToHtmlForAmendApi.java:32)
	at jp.go.jpo.sa1s99.common.format.integration.ExecuteXmlToHtmlForAmendApiByDirection.executeApi(ExecuteXmlToHtmlForAmendApiByDirection.java:26)
	at jp.go.jpo.sa1s99.common.format.integration.ExecuteXmlToHtmlForAmendApiByDirection.executeApi(ExecuteXmlToHtmlForAmendApiByDirection.java:13)
	at jp.go.jpo.sa1s99.common.format.integration.ExecuteApiByDirection.execute(ExecuteApiByDirection.java:28)
	at jp.go.jpo.sa1s99.common.format.integration.HtmlToXmlForAmendApiIntegrationTest.ファイル出力を比較する: #direction #parsedResult(HtmlToXmlForAmendApiIntegrationTest.groovy:29)
</failure>
  </testcase>
  <testcase name="ファイル出力を比較する: Direction{ s_InputDir: data/input/20151001-5.42-S-H27-0003-5/mem-pt-f/domestic-document-a966-p, s_OutputDir: data/output/html_amend/20151001-5.42-S-H27-0003-5/mem-pt-f/domestic-document-a966-p} null" classname="jp.go.jpo.sa1s99.common.format.integration.HtmlToXmlForAmendApiIntegrationTest" time="0.0">
    <failure message="java.lang.IllegalArgumentException: Not implemented yet" type="java.lang.IllegalArgumentException">java.lang.IllegalArgumentException: Not implemented yet
	at jp.go.jpo.sa1s99.common.format.api.XmlToHtmlForAmendApi.execute(XmlToHtmlForAmendApi.java:32)
	at jp.go.jpo.sa1s99.common.format.integration.ExecuteXmlToHtmlForAmendApiByDirection.executeApi(ExecuteXmlToHtmlForAmendApiByDirection.java:26)
	at jp.go.jpo.sa1s99.common.format.integration.ExecuteXmlToHtmlForAmendApiByDirection.executeApi(ExecuteXmlToHtmlForAmendApiByDirection.java:13)
	at jp.go.jpo.sa1s99.common.format.integration.ExecuteApiByDirection.execute(ExecuteApiByDirection.java:28)
	at jp.go.jpo.sa1s99.common.format.integration.HtmlToXmlForAmendApiIntegrationTest.ファイル出力を比較する: #direction #parsedResult(HtmlToXmlForAmendApiIntegrationTest.groovy:29)
</failure>
  </testcase>
  <testcase name="ファイル出力を比較する: Direction{ s_InputDir: data/input/20151001-5.42-S-H27-0003-5/mem-pt-f/domestic-document-a966-u, s_OutputDir: data/output/html_amend/20151001-5.42-S-H27-0003-5/mem-pt-f/domestic-document-a966-u} null" classname="jp.go.jpo.sa1s99.common.format.integration.HtmlToXmlForAmendApiIntegrationTest" time="0.0">
    <failure message="java.lang.IllegalArgumentException: Not implemented yet" type="java.lang.IllegalArgumentException">java.lang.IllegalArgumentException: Not implemented yet
	at jp.go.jpo.sa1s99.common.format.api.XmlToHtmlForAmendApi.execute(XmlToHtmlForAmendApi.java:32)
	at jp.go.jpo.sa1s99.common.format.integration.ExecuteXmlToHtmlForAmendApiByDirection.executeApi(ExecuteXmlToHtmlForAmendApiByDirection.java:26)
	at jp.go.jpo.sa1s99.common.format.integration.ExecuteXmlToHtmlForAmendApiByDirection.executeApi(ExecuteXmlToHtmlForAmendApiByDirection.java:13)
	at jp.go.jpo.sa1s99.common.format.integration.ExecuteApiByDirection.execute(ExecuteApiByDirection.java:28)
	at jp.go.jpo.sa1s99.common.format.integration.HtmlToXmlForAmendApiIntegrationTest.ファイル出力を比較する: #direction #parsedResult(HtmlToXmlForAmendApiIntegrationTest.groovy:29)
</failure>
  </testcase>
  <testcase name="ファイル出力を比較する: Direction{ s_InputDir: data/input/20151001-5.42-S-H27-0003-5/mem-pt-f/domestic-document-a967-p, s_OutputDir: data/output/html_amend/20151001-5.42-S-H27-0003-5/mem-pt-f/domestic-document-a967-p} null" classname="jp.go.jpo.sa1s99.common.format.integration.HtmlToXmlForAmendApiIntegrationTest" time="0.017">
    <failure message="java.lang.IllegalArgumentException: Not implemented yet" type="java.lang.IllegalArgumentException">java.lang.IllegalArgumentException: Not implemented yet
	at jp.go.jpo.sa1s99.common.format.api.XmlToHtmlForAmendApi.execute(XmlToHtmlForAmendApi.java:32)
	at jp.go.jpo.sa1s99.common.format.integration.ExecuteXmlToHtmlForAmendApiByDirection.executeApi(ExecuteXmlToHtmlForAmendApiByDirection.java:26)
	at jp.go.jpo.sa1s99.common.format.integration.ExecuteXmlToHtmlForAmendApiByDirection.executeApi(ExecuteXmlToHtmlForAmendApiByDirection.java:13)
	at jp.go.jpo.sa1s99.common.format.integration.ExecuteApiByDirection.execute(ExecuteApiByDirection.java:28)
	at jp.go.jpo.sa1s99.common.format.integration.HtmlToXmlForAmendApiIntegrationTest.ファイル出力を比較する: #direction #parsedResult(HtmlToXmlForAmendApiIntegrationTest.groovy:29)
</failure>
  </testcase>
  <testcase name="ファイル出力を比較する: Direction{ s_InputDir: data/input/20151001-5.42-S-H27-0003-5/mem-pt-f/domestic-document-a967-u, s_OutputDir: data/output/html_amend/20151001-5.42-S-H27-0003-5/mem-pt-f/domestic-document-a967-u} null" classname="jp.go.jpo.sa1s99.common.format.integration.HtmlToXmlForAmendApiIntegrationTest" time="0.004">
    <failure message="java.lang.IllegalArgumentException: Not implemented yet" type="java.lang.IllegalArgumentException">java.lang.IllegalArgumentException: Not implemented yet
	at jp.go.jpo.sa1s99.common.format.api.XmlToHtmlForAmendApi.execute(XmlToHtmlForAmendApi.java:32)
	at jp.go.jpo.sa1s99.common.format.integration.ExecuteXmlToHtmlForAmendApiByDirection.executeApi(ExecuteXmlToHtmlForAmendApiByDirection.java:26)
	at jp.go.jpo.sa1s99.common.format.integration.ExecuteXmlToHtmlForAmendApiByDirection.executeApi(ExecuteXmlToHtmlForAmendApiByDirection.java:13)
	at jp.go.jpo.sa1s99.common.format.integration.ExecuteApiByDirection.execute(ExecuteApiByDirection.java:28)
	at jp.go.jpo.sa1s99.common.format.integration.HtmlToXmlForAmendApiIntegrationTest.ファイル出力を比較する: #direction #parsedResult(HtmlToXmlForAmendApiIntegrationTest.groovy:29)
</failure>
  </testcase>
  <testcase name="ファイル出力を比較する: Direction{ s_InputDir: data/input/20151001-5.42-S-H27-0003-5/mem-pt-f/domestic-document-a968-p, s_OutputDir: data/output/html_amend/20151001-5.42-S-H27-0003-5/mem-pt-f/domestic-document-a968-p} null" classname="jp.go.jpo.sa1s99.common.format.integration.HtmlToXmlForAmendApiIntegrationTest" time="0.002">
    <failure message="java.lang.IllegalArgumentException: Not implemented yet" type="java.lang.IllegalArgumentException">java.lang.IllegalArgumentException: Not implemented yet
	at jp.go.jpo.sa1s99.common.format.api.XmlToHtmlForAmendApi.execute(XmlToHtmlForAmendApi.java:32)
	at jp.go.jpo.sa1s99.common.format.integration.ExecuteXmlToHtmlForAmendApiByDirection.executeApi(ExecuteXmlToHtmlForAmendApiByDirection.java:26)
	at jp.go.jpo.sa1s99.common.format.integration.ExecuteXmlToHtmlForAmendApiByDirection.executeApi(ExecuteXmlToHtmlForAmendApiByDirection.java:13)
	at jp.go.jpo.sa1s99.common.format.integration.ExecuteApiByDirection.execute(ExecuteApiByDirection.java:28)
	at jp.go.jpo.sa1s99.common.format.integration.HtmlToXmlForAmendApiIntegrationTest.ファイル出力を比較する: #direction #parsedResult(HtmlToXmlForAmendApiIntegrationTest.groovy:29)
</failure>
  </testcase>
  <testcase name="ファイル出力を比較する: Direction{ s_InputDir: data/input/20151001-5.42-S-H27-0003-5/mem-pt-f/domestic-document-a968-u, s_OutputDir: data/output/html_amend/20151001-5.42-S-H27-0003-5/mem-pt-f/domestic-document-a968-u} null" classname="jp.go.jpo.sa1s99.common.format.integration.HtmlToXmlForAmendApiIntegrationTest" time="0.0">
    <failure message="java.lang.IllegalArgumentException: Not implemented yet" type="java.lang.IllegalArgumentException">java.lang.IllegalArgumentException: Not implemented yet
	at jp.go.jpo.sa1s99.common.format.api.XmlToHtmlForAmendApi.execute(XmlToHtmlForAmendApi.java:32)
	at jp.go.jpo.sa1s99.common.format.integration.ExecuteXmlToHtmlForAmendApiByDirection.executeApi(ExecuteXmlToHtmlForAmendApiByDirection.java:26)
	at jp.go.jpo.sa1s99.common.format.integration.ExecuteXmlToHtmlForAmendApiByDirection.executeApi(ExecuteXmlToHtmlForAmendApiByDirection.java:13)
	at jp.go.jpo.sa1s99.common.format.integration.ExecuteApiByDirection.execute(ExecuteApiByDirection.java:28)
	at jp.go.jpo.sa1s99.common.format.integration.HtmlToXmlForAmendApiIntegrationTest.ファイル出力を比較する: #direction #parsedResult(HtmlToXmlForAmendApiIntegrationTest.groovy:29)
</failure>
  </testcase>
  <testcase name="ファイル出力を比較する: Direction{ s_InputDir: data/input/20170418-5.6-S-H28-0010/pat-appd/application-a63-p, s_OutputDir: data/output/html_amend/20170418-5.6-S-H28-0010/pat-appd/application-a63-p} null" classname="jp.go.jpo.sa1s99.common.format.integration.HtmlToXmlForAmendApiIntegrationTest" time="0.016">
    <failure message="java.lang.IllegalArgumentException: Not implemented yet" type="java.lang.IllegalArgumentException">java.lang.IllegalArgumentException: Not implemented yet
	at jp.go.jpo.sa1s99.common.format.api.XmlToHtmlForAmendApi.execute(XmlToHtmlForAmendApi.java:32)
	at jp.go.jpo.sa1s99.common.format.integration.ExecuteXmlToHtmlForAmendApiByDirection.executeApi(ExecuteXmlToHtmlForAmendApiByDirection.java:26)
	at jp.go.jpo.sa1s99.common.format.integration.ExecuteXmlToHtmlForAmendApiByDirection.executeApi(ExecuteXmlToHtmlForAmendApiByDirection.java:13)
	at jp.go.jpo.sa1s99.common.format.integration.ExecuteApiByDirection.execute(ExecuteApiByDirection.java:28)
	at jp.go.jpo.sa1s99.common.format.integration.HtmlToXmlForAmendApiIntegrationTest.ファイル出力を比較する: #direction #parsedResult(HtmlToXmlForAmendApiIntegrationTest.groovy:29)
</failure>
  </testcase>
  <testcase name="ファイル出力を比較する: Direction{ s_InputDir: data/input/20170418-5.6-S-H28-0010/pat-appd/application-a632-p, s_OutputDir: data/output/html_amend/20170418-5.6-S-H28-0010/pat-appd/application-a632-p} null" classname="jp.go.jpo.sa1s99.common.format.integration.HtmlToXmlForAmendApiIntegrationTest" time="0.0">
    <failure message="java.lang.IllegalArgumentException: Not implemented yet" type="java.lang.IllegalArgumentException">java.lang.IllegalArgumentException: Not implemented yet
	at jp.go.jpo.sa1s99.common.format.api.XmlToHtmlForAmendApi.execute(XmlToHtmlForAmendApi.java:32)
	at jp.go.jpo.sa1s99.common.format.integration.ExecuteXmlToHtmlForAmendApiByDirection.executeApi(ExecuteXmlToHtmlForAmendApiByDirection.java:26)
	at jp.go.jpo.sa1s99.common.format.integration.ExecuteXmlToHtmlForAmendApiByDirection.executeApi(ExecuteXmlToHtmlForAmendApiByDirection.java:13)
	at jp.go.jpo.sa1s99.common.format.integration.ExecuteApiByDirection.execute(ExecuteApiByDirection.java:28)
	at jp.go.jpo.sa1s99.common.format.integration.HtmlToXmlForAmendApiIntegrationTest.ファイル出力を比較する: #direction #parsedResult(HtmlToXmlForAmendApiIntegrationTest.groovy:29)
</failure>
  </testcase>
  <testcase name="ファイル出力を比較する: Direction{ s_InputDir: data/input/20170418-5.6-S-H28-0010/pat-aplc/applicant-a711-p, s_OutputDir: data/output/html_amend/20170418-5.6-S-H28-0010/pat-aplc/applicant-a711-p} null" classname="jp.go.jpo.sa1s99.common.format.integration.HtmlToXmlForAmendApiIntegrationTest" time="0.0">
    <failure message="java.lang.IllegalArgumentException: Not implemented yet" type="java.lang.IllegalArgumentException">java.lang.IllegalArgumentException: Not implemented yet
	at jp.go.jpo.sa1s99.common.format.api.XmlToHtmlForAmendApi.execute(XmlToHtmlForAmendApi.java:32)
	at jp.go.jpo.sa1s99.common.format.integration.ExecuteXmlToHtmlForAmendApiByDirection.executeApi(ExecuteXmlToHtmlForAmendApiByDirection.java:26)
	at jp.go.jpo.sa1s99.common.format.integration.ExecuteXmlToHtmlForAmendApiByDirection.executeApi(ExecuteXmlToHtmlForAmendApiByDirection.java:13)
	at jp.go.jpo.sa1s99.common.format.integration.ExecuteApiByDirection.execute(ExecuteApiByDirection.java:28)
	at jp.go.jpo.sa1s99.common.format.integration.HtmlToXmlForAmendApiIntegrationTest.ファイル出力を比較する: #direction #parsedResult(HtmlToXmlForAmendApiIntegrationTest.groovy:29)
</failure>
  </testcase>
  <testcase name="ファイル出力を比較する: Direction{ s_InputDir: data/input/20170418-5.6-S-H28-0010/pat-etc/etcetera-a601-p, s_OutputDir: data/output/html_amend/20170418-5.6-S-H28-0010/pat-etc/etcetera-a601-p} null" classname="jp.go.jpo.sa1s99.common.format.integration.HtmlToXmlForAmendApiIntegrationTest" time="0.0">
    <failure message="java.lang.IllegalArgumentException: Not implemented yet" type="java.lang.IllegalArgumentException">java.lang.IllegalArgumentException: Not implemented yet
	at jp.go.jpo.sa1s99.common.format.api.XmlToHtmlForAmendApi.execute(XmlToHtmlForAmendApi.java:32)
	at jp.go.jpo.sa1s99.common.format.integration.ExecuteXmlToHtmlForAmendApiByDirection.executeApi(ExecuteXmlToHtmlForAmendApiByDirection.java:26)
	at jp.go.jpo.sa1s99.common.format.integration.ExecuteXmlToHtmlForAmendApiByDirection.executeApi(ExecuteXmlToHtmlForAmendApiByDirection.java:13)
	at jp.go.jpo.sa1s99.common.format.integration.ExecuteApiByDirection.execute(ExecuteApiByDirection.java:28)
	at jp.go.jpo.sa1s99.common.format.integration.HtmlToXmlForAmendApiIntegrationTest.ファイル出力を比較する: #direction #parsedResult(HtmlToXmlForAmendApiIntegrationTest.groovy:29)
</failure>
  </testcase>
  <testcase name="ファイル出力を比較する: Direction{ s_InputDir: data/input/20170418-5.6-S-H28-0010/pat-etc/etcetera-a621-p, s_OutputDir: data/output/html_amend/20170418-5.6-S-H28-0010/pat-etc/etcetera-a621-p} null" classname="jp.go.jpo.sa1s99.common.format.integration.HtmlToXmlForAmendApiIntegrationTest" time="0.0">
    <failure message="java.lang.IllegalArgumentException: Not implemented yet" type="java.lang.IllegalArgumentException">java.lang.IllegalArgumentException: Not implemented yet
	at jp.go.jpo.sa1s99.common.format.api.XmlToHtmlForAmendApi.execute(XmlToHtmlForAmendApi.java:32)
	at jp.go.jpo.sa1s99.common.format.integration.ExecuteXmlToHtmlForAmendApiByDirection.executeApi(ExecuteXmlToHtmlForAmendApiByDirection.java:26)
	at jp.go.jpo.sa1s99.common.format.integration.ExecuteXmlToHtmlForAmendApiByDirection.executeApi(ExecuteXmlToHtmlForAmendApiByDirection.java:13)
	at jp.go.jpo.sa1s99.common.format.integration.ExecuteApiByDirection.execute(ExecuteApiByDirection.java:28)
	at jp.go.jpo.sa1s99.common.format.integration.HtmlToXmlForAmendApiIntegrationTest.ファイル出力を比較する: #direction #parsedResult(HtmlToXmlForAmendApiIntegrationTest.groovy:29)
</failure>
  </testcase>
  <testcase name="ファイル出力を比較する: Direction{ s_InputDir: data/input/20170418-5.6-S-H28-0010/pat-etc/etcetera-a623-u, s_OutputDir: data/output/html_amend/20170418-5.6-S-H28-0010/pat-etc/etcetera-a623-u} null" classname="jp.go.jpo.sa1s99.common.format.integration.HtmlToXmlForAmendApiIntegrationTest" time="0.015">
    <failure message="java.lang.IllegalArgumentException: Not implemented yet" type="java.lang.IllegalArgumentException">java.lang.IllegalArgumentException: Not implemented yet
	at jp.go.jpo.sa1s99.common.format.api.XmlToHtmlForAmendApi.execute(XmlToHtmlForAmendApi.java:32)
	at jp.go.jpo.sa1s99.common.format.integration.ExecuteXmlToHtmlForAmendApiByDirection.executeApi(ExecuteXmlToHtmlForAmendApiByDirection.java:26)
	at jp.go.jpo.sa1s99.common.format.integration.ExecuteXmlToHtmlForAmendApiByDirection.executeApi(ExecuteXmlToHtmlForAmendApiByDirection.java:13)
	at jp.go.jpo.sa1s99.common.format.integration.ExecuteApiByDirection.execute(ExecuteApiByDirection.java:28)
	at jp.go.jpo.sa1s99.common.format.integration.HtmlToXmlForAmendApiIntegrationTest.ファイル出力を比較する: #direction #parsedResult(HtmlToXmlForAmendApiIntegrationTest.groovy:29)
</failure>
  </testcase>
  <testcase name="ファイル出力を比較する: Direction{ s_InputDir: data/input/20170418-5.6-S-H28-0010/pat-etc/etcetera-a624-u, s_OutputDir: data/output/html_amend/20170418-5.6-S-H28-0010/pat-etc/etcetera-a624-u} null" classname="jp.go.jpo.sa1s99.common.format.integration.HtmlToXmlForAmendApiIntegrationTest" time="0.0">
    <failure message="java.lang.IllegalArgumentException: Not implemented yet" type="java.lang.IllegalArgumentException">java.lang.IllegalArgumentException: Not implemented yet
	at jp.go.jpo.sa1s99.common.format.api.XmlToHtmlForAmendApi.execute(XmlToHtmlForAmendApi.java:32)
	at jp.go.jpo.sa1s99.common.format.integration.ExecuteXmlToHtmlForAmendApiByDirection.executeApi(ExecuteXmlToHtmlForAmendApiByDirection.java:26)
	at jp.go.jpo.sa1s99.common.format.integration.ExecuteXmlToHtmlForAmendApiByDirection.executeApi(ExecuteXmlToHtmlForAmendApiByDirection.java:13)
	at jp.go.jpo.sa1s99.common.format.integration.ExecuteApiByDirection.execute(ExecuteApiByDirection.java:28)
	at jp.go.jpo.sa1s99.common.format.integration.HtmlToXmlForAmendApiIntegrationTest.ファイル出力を比較する: #direction #parsedResult(HtmlToXmlForAmendApiIntegrationTest.groovy:29)
</failure>
  </testcase>
  <testcase name="ファイル出力を比較する: Direction{ s_InputDir: data/input/20170418-5.6-S-H28-0010/pat-etc/etcetera-a625-p, s_OutputDir: data/output/html_amend/20170418-5.6-S-H28-0010/pat-etc/etcetera-a625-p} null" classname="jp.go.jpo.sa1s99.common.format.integration.HtmlToXmlForAmendApiIntegrationTest" time="0.0">
    <failure message="java.lang.IllegalArgumentException: Not implemented yet" type="java.lang.IllegalArgumentException">java.lang.IllegalArgumentException: Not implemented yet
	at jp.go.jpo.sa1s99.common.format.api.XmlToHtmlForAmendApi.execute(XmlToHtmlForAmendApi.java:32)
	at jp.go.jpo.sa1s99.common.format.integration.ExecuteXmlToHtmlForAmendApiByDirection.executeApi(ExecuteXmlToHtmlForAmendApiByDirection.java:26)
	at jp.go.jpo.sa1s99.common.format.integration.ExecuteXmlToHtmlForAmendApiByDirection.executeApi(ExecuteXmlToHtmlForAmendApiByDirection.java:13)
	at jp.go.jpo.sa1s99.common.format.integration.ExecuteApiByDirection.execute(ExecuteApiByDirection.java:28)
	at jp.go.jpo.sa1s99.common.format.integration.HtmlToXmlForAmendApiIntegrationTest.ファイル出力を比較する: #direction #parsedResult(HtmlToXmlForAmendApiIntegrationTest.groovy:29)
</failure>
  </testcase>
  <testcase name="ファイル出力を比較する: Direction{ s_InputDir: data/input/20170418-5.6-S-H28-0010/pat-etc/etcetera-a603-p, s_OutputDir: data/output/html_amend/20170418-5.6-S-H28-0010/pat-etc/etcetera-a603-p} null" classname="jp.go.jpo.sa1s99.common.format.integration.HtmlToXmlForAmendApiIntegrationTest" time="0.0">
    <failure message="java.lang.IllegalArgumentException: Not implemented yet" type="java.lang.IllegalArgumentException">java.lang.IllegalArgumentException: Not implemented yet
	at jp.go.jpo.sa1s99.common.format.api.XmlToHtmlForAmendApi.execute(XmlToHtmlForAmendApi.java:32)
	at jp.go.jpo.sa1s99.common.format.integration.ExecuteXmlToHtmlForAmendApiByDirection.executeApi(ExecuteXmlToHtmlForAmendApiByDirection.java:26)
	at jp.go.jpo.sa1s99.common.format.integration.ExecuteXmlToHtmlForAmendApiByDirection.executeApi(ExecuteXmlToHtmlForAmendApiByDirection.java:13)
	at jp.go.jpo.sa1s99.common.format.integration.ExecuteApiByDirection.execute(ExecuteApiByDirection.java:28)
	at jp.go.jpo.sa1s99.common.format.integration.HtmlToXmlForAmendApiIntegrationTest.ファイル出力を比較する: #direction #parsedResult(HtmlToXmlForAmendApiIntegrationTest.groovy:29)
</failure>
  </testcase>
  <testcase name="ファイル出力を比較する: Direction{ s_InputDir: data/input/20170418-5.6-S-H28-0010/pat-amnd/amendment-a51-p, s_OutputDir: data/output/html_amend/20170418-5.6-S-H28-0010/pat-amnd/amendment-a51-p} null" classname="jp.go.jpo.sa1s99.common.format.integration.HtmlToXmlForAmendApiIntegrationTest" time="0.016">
    <failure message="java.lang.IllegalArgumentException: Not implemented yet" type="java.lang.IllegalArgumentException">java.lang.IllegalArgumentException: Not implemented yet
	at jp.go.jpo.sa1s99.common.format.api.XmlToHtmlForAmendApi.execute(XmlToHtmlForAmendApi.java:32)
	at jp.go.jpo.sa1s99.common.format.integration.ExecuteXmlToHtmlForAmendApiByDirection.executeApi(ExecuteXmlToHtmlForAmendApiByDirection.java:26)
	at jp.go.jpo.sa1s99.common.format.integration.ExecuteXmlToHtmlForAmendApiByDirection.executeApi(ExecuteXmlToHtmlForAmendApiByDirection.java:13)
	at jp.go.jpo.sa1s99.common.format.integration.ExecuteApiByDirection.execute(ExecuteApiByDirection.java:28)
	at jp.go.jpo.sa1s99.common.format.integration.HtmlToXmlForAmendApiIntegrationTest.ファイル出力を比較する: #direction #parsedResult(HtmlToXmlForAmendApiIntegrationTest.groovy:29)
</failure>
  </testcase>
  <testcase name="ファイル出力を比較する: Direction{ s_InputDir: data/input/20170418-5.6-S-H28-0010/pat-amnd/amendment-a523-p, s_OutputDir: data/output/html_amend/20170418-5.6-S-H28-0010/pat-amnd/amendment-a523-p} null" classname="jp.go.jpo.sa1s99.common.format.integration.HtmlToXmlForAmendApiIntegrationTest" time="0.0">
    <failure message="java.lang.IllegalArgumentException: Not implemented yet" type="java.lang.IllegalArgumentException">java.lang.IllegalArgumentException: Not implemented yet
	at jp.go.jpo.sa1s99.common.format.api.XmlToHtmlForAmendApi.execute(XmlToHtmlForAmendApi.java:32)
	at jp.go.jpo.sa1s99.common.format.integration.ExecuteXmlToHtmlForAmendApiByDirection.executeApi(ExecuteXmlToHtmlForAmendApiByDirection.java:26)
	at jp.go.jpo.sa1s99.common.format.integration.ExecuteXmlToHtmlForAmendApiByDirection.executeApi(ExecuteXmlToHtmlForAmendApiByDirection.java:13)
	at jp.go.jpo.sa1s99.common.format.integration.ExecuteApiByDirection.execute(ExecuteApiByDirection.java:28)
	at jp.go.jpo.sa1s99.common.format.integration.HtmlToXmlForAmendApiIntegrationTest.ファイル出力を比較する: #direction #parsedResult(HtmlToXmlForAmendApiIntegrationTest.groovy:29)
</failure>
  </testcase>
  <testcase name="ファイル出力を比較する: Direction{ s_InputDir: data/input/20170418-5.6-S-H28-0010/pat-amnd/amendment-a524-p, s_OutputDir: data/output/html_amend/20170418-5.6-S-H28-0010/pat-amnd/amendment-a524-p} null" classname="jp.go.jpo.sa1s99.common.format.integration.HtmlToXmlForAmendApiIntegrationTest" time="0.0">
    <failure message="java.lang.IllegalArgumentException: Not implemented yet" type="java.lang.IllegalArgumentException">java.lang.IllegalArgumentException: Not implemented yet
	at jp.go.jpo.sa1s99.common.format.api.XmlToHtmlForAmendApi.execute(XmlToHtmlForAmendApi.java:32)
	at jp.go.jpo.sa1s99.common.format.integration.ExecuteXmlToHtmlForAmendApiByDirection.executeApi(ExecuteXmlToHtmlForAmendApiByDirection.java:26)
	at jp.go.jpo.sa1s99.common.format.integration.ExecuteXmlToHtmlForAmendApiByDirection.executeApi(ExecuteXmlToHtmlForAmendApiByDirection.java:13)
	at jp.go.jpo.sa1s99.common.format.integration.ExecuteApiByDirection.execute(ExecuteApiByDirection.java:28)
	at jp.go.jpo.sa1s99.common.format.integration.HtmlToXmlForAmendApiIntegrationTest.ファイル出力を比較する: #direction #parsedResult(HtmlToXmlForAmendApiIntegrationTest.groovy:29)
</failure>
  </testcase>
  <testcase name="ファイル出力を比較する: Direction{ s_InputDir: data/input/20051024-4.3/pat-amnd/99-amendment-a51_a915-u, s_OutputDir: data/output/html_amend/20051024-4.3/pat-amnd/99-amendment-a51_a915-u} null" classname="jp.go.jpo.sa1s99.common.format.integration.HtmlToXmlForAmendApiIntegrationTest" time="0.015">
    <failure message="java.lang.IllegalArgumentException: Not implemented yet" type="java.lang.IllegalArgumentException">java.lang.IllegalArgumentException: Not implemented yet
	at jp.go.jpo.sa1s99.common.format.api.XmlToHtmlForAmendApi.execute(XmlToHtmlForAmendApi.java:32)
	at jp.go.jpo.sa1s99.common.format.integration.ExecuteXmlToHtmlForAmendApiByDirection.executeApi(ExecuteXmlToHtmlForAmendApiByDirection.java:26)
	at jp.go.jpo.sa1s99.common.format.integration.ExecuteXmlToHtmlForAmendApiByDirection.executeApi(ExecuteXmlToHtmlForAmendApiByDirection.java:13)
	at jp.go.jpo.sa1s99.common.format.integration.ExecuteApiByDirection.execute(ExecuteApiByDirection.java:28)
	at jp.go.jpo.sa1s99.common.format.integration.HtmlToXmlForAmendApiIntegrationTest.ファイル出力を比較する: #direction #parsedResult(HtmlToXmlForAmendApiIntegrationTest.groovy:29)
</failure>
  </testcase>
  <testcase name="ファイル出力を比較する: Direction{ s_InputDir: data/input/20051024-4.3/pat-etc/99-etcetera-a915-u.4.3, s_OutputDir: data/output/html_amend/20051024-4.3/pat-etc/99-etcetera-a915-u.4.3} null" classname="jp.go.jpo.sa1s99.common.format.integration.HtmlToXmlForAmendApiIntegrationTest" time="0.0">
    <failure message="java.lang.IllegalArgumentException: Not implemented yet" type="java.lang.IllegalArgumentException">java.lang.IllegalArgumentException: Not implemented yet
	at jp.go.jpo.sa1s99.common.format.api.XmlToHtmlForAmendApi.execute(XmlToHtmlForAmendApi.java:32)
	at jp.go.jpo.sa1s99.common.format.integration.ExecuteXmlToHtmlForAmendApiByDirection.executeApi(ExecuteXmlToHtmlForAmendApiByDirection.java:26)
	at jp.go.jpo.sa1s99.common.format.integration.ExecuteXmlToHtmlForAmendApiByDirection.executeApi(ExecuteXmlToHtmlForAmendApiByDirection.java:13)
	at jp.go.jpo.sa1s99.common.format.integration.ExecuteApiByDirection.execute(ExecuteApiByDirection.java:28)
	at jp.go.jpo.sa1s99.common.format.integration.HtmlToXmlForAmendApiIntegrationTest.ファイル出力を比較する: #direction #parsedResult(HtmlToXmlForAmendApiIntegrationTest.groovy:29)
</failure>
  </testcase>
  <testcase name="ファイル出力を比較する: Direction{ s_InputDir: data/input/20051024-4.3/pct-do-ib/a99-aib318-p, s_OutputDir: data/output/html_amend/20051024-4.3/pct-do-ib/a99-aib318-p} null" classname="jp.go.jpo.sa1s99.common.format.integration.HtmlToXmlForAmendApiIntegrationTest" time="0.016">
    <failure message="java.lang.IllegalArgumentException: Not implemented yet" type="java.lang.IllegalArgumentException">java.lang.IllegalArgumentException: Not implemented yet
	at jp.go.jpo.sa1s99.common.format.api.XmlToHtmlForAmendApi.execute(XmlToHtmlForAmendApi.java:32)
	at jp.go.jpo.sa1s99.common.format.integration.ExecuteXmlToHtmlForAmendApiByDirection.executeApi(ExecuteXmlToHtmlForAmendApiByDirection.java:26)
	at jp.go.jpo.sa1s99.common.format.integration.ExecuteXmlToHtmlForAmendApiByDirection.executeApi(ExecuteXmlToHtmlForAmendApiByDirection.java:13)
	at jp.go.jpo.sa1s99.common.format.integration.ExecuteApiByDirection.execute(ExecuteApiByDirection.java:28)
	at jp.go.jpo.sa1s99.common.format.integration.HtmlToXmlForAmendApiIntegrationTest.ファイル出力を比較する: #direction #parsedResult(HtmlToXmlForAmendApiIntegrationTest.groovy:29)
</failure>
  </testcase>
  <testcase name="ファイル出力を比較する: Direction{ s_InputDir: data/input/20051024-4.3/pct-do-ib/a99-aib318-u, s_OutputDir: data/output/html_amend/20051024-4.3/pct-do-ib/a99-aib318-u} null" classname="jp.go.jpo.sa1s99.common.format.integration.HtmlToXmlForAmendApiIntegrationTest" time="0.0">
    <failure message="java.lang.IllegalArgumentException: Not implemented yet" type="java.lang.IllegalArgumentException">java.lang.IllegalArgumentException: Not implemented yet
	at jp.go.jpo.sa1s99.common.format.api.XmlToHtmlForAmendApi.execute(XmlToHtmlForAmendApi.java:32)
	at jp.go.jpo.sa1s99.common.format.integration.ExecuteXmlToHtmlForAmendApiByDirection.executeApi(ExecuteXmlToHtmlForAmendApiByDirection.java:26)
	at jp.go.jpo.sa1s99.common.format.integration.ExecuteXmlToHtmlForAmendApiByDirection.executeApi(ExecuteXmlToHtmlForAmendApiByDirection.java:13)
	at jp.go.jpo.sa1s99.common.format.integration.ExecuteApiByDirection.execute(ExecuteApiByDirection.java:28)
	at jp.go.jpo.sa1s99.common.format.integration.HtmlToXmlForAmendApiIntegrationTest.ファイル出力を比較する: #direction #parsedResult(HtmlToXmlForAmendApiIntegrationTest.groovy:29)
</failure>
  </testcase>
  <testcase name="ファイル出力を比較する: Direction{ s_InputDir: data/input/20051024-4.3/pct-do-ib/a99-aib335-p, s_OutputDir: data/output/html_amend/20051024-4.3/pct-do-ib/a99-aib335-p} null" classname="jp.go.jpo.sa1s99.common.format.integration.HtmlToXmlForAmendApiIntegrationTest" time="0.0">
    <failure message="java.lang.IllegalArgumentException: Not implemented yet" type="java.lang.IllegalArgumentException">java.lang.IllegalArgumentException: Not implemented yet
	at jp.go.jpo.sa1s99.common.format.api.XmlToHtmlForAmendApi.execute(XmlToHtmlForAmendApi.java:32)
	at jp.go.jpo.sa1s99.common.format.integration.ExecuteXmlToHtmlForAmendApiByDirection.executeApi(ExecuteXmlToHtmlForAmendApiByDirection.java:26)
	at jp.go.jpo.sa1s99.common.format.integration.ExecuteXmlToHtmlForAmendApiByDirection.executeApi(ExecuteXmlToHtmlForAmendApiByDirection.java:13)
	at jp.go.jpo.sa1s99.common.format.integration.ExecuteApiByDirection.execute(ExecuteApiByDirection.java:28)
	at jp.go.jpo.sa1s99.common.format.integration.HtmlToXmlForAmendApiIntegrationTest.ファイル出力を比較する: #direction #parsedResult(HtmlToXmlForAmendApiIntegrationTest.groovy:29)
</failure>
  </testcase>
  <testcase name="ファイル出力を比較する: Direction{ s_InputDir: data/input/20051024-4.3/pct-do-ib/a99-aib335-u, s_OutputDir: data/output/html_amend/20051024-4.3/pct-do-ib/a99-aib335-u} null" classname="jp.go.jpo.sa1s99.common.format.integration.HtmlToXmlForAmendApiIntegrationTest" time="0.016">
    <failure message="java.lang.IllegalArgumentException: Not implemented yet" type="java.lang.IllegalArgumentException">java.lang.IllegalArgumentException: Not implemented yet
	at jp.go.jpo.sa1s99.common.format.api.XmlToHtmlForAmendApi.execute(XmlToHtmlForAmendApi.java:32)
	at jp.go.jpo.sa1s99.common.format.integration.ExecuteXmlToHtmlForAmendApiByDirection.executeApi(ExecuteXmlToHtmlForAmendApiByDirection.java:26)
	at jp.go.jpo.sa1s99.common.format.integration.ExecuteXmlToHtmlForAmendApiByDirection.executeApi(ExecuteXmlToHtmlForAmendApiByDirection.java:13)
	at jp.go.jpo.sa1s99.common.format.integration.ExecuteApiByDirection.execute(ExecuteApiByDirection.java:28)
	at jp.go.jpo.sa1s99.common.format.integration.HtmlToXmlForAmendApiIntegrationTest.ファイル出力を比較する: #direction #parsedResult(HtmlToXmlForAmendApiIntegrationTest.groovy:29)
</failure>
  </testcase>
  <testcase name="ファイル出力を比較する: Direction{ s_InputDir: data/input/20051024-4.3/pct-do-ib/a99-aib346-p, s_OutputDir: data/output/html_amend/20051024-4.3/pct-do-ib/a99-aib346-p} null" classname="jp.go.jpo.sa1s99.common.format.integration.HtmlToXmlForAmendApiIntegrationTest" time="0.002">
    <failure message="java.lang.IllegalArgumentException: Not implemented yet" type="java.lang.IllegalArgumentException">java.lang.IllegalArgumentException: Not implemented yet
	at jp.go.jpo.sa1s99.common.format.api.XmlToHtmlForAmendApi.execute(XmlToHtmlForAmendApi.java:32)
	at jp.go.jpo.sa1s99.common.format.integration.ExecuteXmlToHtmlForAmendApiByDirection.executeApi(ExecuteXmlToHtmlForAmendApiByDirection.java:26)
	at jp.go.jpo.sa1s99.common.format.integration.ExecuteXmlToHtmlForAmendApiByDirection.executeApi(ExecuteXmlToHtmlForAmendApiByDirection.java:13)
	at jp.go.jpo.sa1s99.common.format.integration.ExecuteApiByDirection.execute(ExecuteApiByDirection.java:28)
	at jp.go.jpo.sa1s99.common.format.integration.HtmlToXmlForAmendApiIntegrationTest.ファイル出力を比較する: #direction #parsedResult(HtmlToXmlForAmendApiIntegrationTest.groovy:29)
</failure>
  </testcase>
  <testcase name="ファイル出力を比較する: Direction{ s_InputDir: data/input/20051024-4.3/pct-do-ib/a99-aib346-u, s_OutputDir: data/output/html_amend/20051024-4.3/pct-do-ib/a99-aib346-u} null" classname="jp.go.jpo.sa1s99.common.format.integration.HtmlToXmlForAmendApiIntegrationTest" time="0.001">
    <failure message="java.lang.IllegalArgumentException: Not implemented yet" type="java.lang.IllegalArgumentException">java.lang.IllegalArgumentException: Not implemented yet
	at jp.go.jpo.sa1s99.common.format.api.XmlToHtmlForAmendApi.execute(XmlToHtmlForAmendApi.java:32)
	at jp.go.jpo.sa1s99.common.format.integration.ExecuteXmlToHtmlForAmendApiByDirection.executeApi(ExecuteXmlToHtmlForAmendApiByDirection.java:26)
	at jp.go.jpo.sa1s99.common.format.integration.ExecuteXmlToHtmlForAmendApiByDirection.executeApi(ExecuteXmlToHtmlForAmendApiByDirection.java:13)
	at jp.go.jpo.sa1s99.common.format.integration.ExecuteApiByDirection.execute(ExecuteApiByDirection.java:28)
	at jp.go.jpo.sa1s99.common.format.integration.HtmlToXmlForAmendApiIntegrationTest.ファイル出力を比較する: #direction #parsedResult(HtmlToXmlForAmendApiIntegrationTest.groovy:29)
</failure>
  </testcase>
  <testcase name="ファイル出力を比較する: Direction{ s_InputDir: data/input/20051024-4.3/pct-do-ib/a99-aib369-p, s_OutputDir: data/output/html_amend/20051024-4.3/pct-do-ib/a99-aib369-p} null" classname="jp.go.jpo.sa1s99.common.format.integration.HtmlToXmlForAmendApiIntegrationTest" time="0.003">
    <failure message="java.lang.IllegalArgumentException: Not implemented yet" type="java.lang.IllegalArgumentException">java.lang.IllegalArgumentException: Not implemented yet
	at jp.go.jpo.sa1s99.common.format.api.XmlToHtmlForAmendApi.execute(XmlToHtmlForAmendApi.java:32)
	at jp.go.jpo.sa1s99.common.format.integration.ExecuteXmlToHtmlForAmendApiByDirection.executeApi(ExecuteXmlToHtmlForAmendApiByDirection.java:26)
	at jp.go.jpo.sa1s99.common.format.integration.ExecuteXmlToHtmlForAmendApiByDirection.executeApi(ExecuteXmlToHtmlForAmendApiByDirection.java:13)
	at jp.go.jpo.sa1s99.common.format.integration.ExecuteApiByDirection.execute(ExecuteApiByDirection.java:28)
	at jp.go.jpo.sa1s99.common.format.integration.HtmlToXmlForAmendApiIntegrationTest.ファイル出力を比較する: #direction #parsedResult(HtmlToXmlForAmendApiIntegrationTest.groovy:29)
</failure>
  </testcase>
  <testcase name="ファイル出力を比較する: Direction{ s_InputDir: data/input/20051024-4.3/pct-do-ib/a99-aib369-u, s_OutputDir: data/output/html_amend/20051024-4.3/pct-do-ib/a99-aib369-u} null" classname="jp.go.jpo.sa1s99.common.format.integration.HtmlToXmlForAmendApiIntegrationTest" time="0.0">
    <failure message="java.lang.IllegalArgumentException: Not implemented yet" type="java.lang.IllegalArgumentException">java.lang.IllegalArgumentException: Not implemented yet
	at jp.go.jpo.sa1s99.common.format.api.XmlToHtmlForAmendApi.execute(XmlToHtmlForAmendApi.java:32)
	at jp.go.jpo.sa1s99.common.format.integration.ExecuteXmlToHtmlForAmendApiByDirection.executeApi(ExecuteXmlToHtmlForAmendApiByDirection.java:26)
	at jp.go.jpo.sa1s99.common.format.integration.ExecuteXmlToHtmlForAmendApiByDirection.executeApi(ExecuteXmlToHtmlForAmendApiByDirection.java:13)
	at jp.go.jpo.sa1s99.common.format.integration.ExecuteApiByDirection.execute(ExecuteApiByDirection.java:28)
	at jp.go.jpo.sa1s99.common.format.integration.HtmlToXmlForAmendApiIntegrationTest.ファイル出力を比較する: #direction #parsedResult(HtmlToXmlForAmendApiIntegrationTest.groovy:29)
</failure>
  </testcase>
  <testcase name="ファイル出力を比較する: Direction{ s_InputDir: data/input/20051024-4.3/pct-do-ib/a99-aib373-p, s_OutputDir: data/output/html_amend/20051024-4.3/pct-do-ib/a99-aib373-p} null" classname="jp.go.jpo.sa1s99.common.format.integration.HtmlToXmlForAmendApiIntegrationTest" time="0.016">
    <failure message="java.lang.IllegalArgumentException: Not implemented yet" type="java.lang.IllegalArgumentException">java.lang.IllegalArgumentException: Not implemented yet
	at jp.go.jpo.sa1s99.common.format.api.XmlToHtmlForAmendApi.execute(XmlToHtmlForAmendApi.java:32)
	at jp.go.jpo.sa1s99.common.format.integration.ExecuteXmlToHtmlForAmendApiByDirection.executeApi(ExecuteXmlToHtmlForAmendApiByDirection.java:26)
	at jp.go.jpo.sa1s99.common.format.integration.ExecuteXmlToHtmlForAmendApiByDirection.executeApi(ExecuteXmlToHtmlForAmendApiByDirection.java:13)
	at jp.go.jpo.sa1s99.common.format.integration.ExecuteApiByDirection.execute(ExecuteApiByDirection.java:28)
	at jp.go.jpo.sa1s99.common.format.integration.HtmlToXmlForAmendApiIntegrationTest.ファイル出力を比較する: #direction #parsedResult(HtmlToXmlForAmendApiIntegrationTest.groovy:29)
</failure>
  </testcase>
  <testcase name="ファイル出力を比較する: Direction{ s_InputDir: data/input/20051024-4.3/pct-do-ib/a99-aib373-u, s_OutputDir: data/output/html_amend/20051024-4.3/pct-do-ib/a99-aib373-u} null" classname="jp.go.jpo.sa1s99.common.format.integration.HtmlToXmlForAmendApiIntegrationTest" time="0.0">
    <failure message="java.lang.IllegalArgumentException: Not implemented yet" type="java.lang.IllegalArgumentException">java.lang.IllegalArgumentException: Not implemented yet
	at jp.go.jpo.sa1s99.common.format.api.XmlToHtmlForAmendApi.execute(XmlToHtmlForAmendApi.java:32)
	at jp.go.jpo.sa1s99.common.format.integration.ExecuteXmlToHtmlForAmendApiByDirection.executeApi(ExecuteXmlToHtmlForAmendApiByDirection.java:26)
	at jp.go.jpo.sa1s99.common.format.integration.ExecuteXmlToHtmlForAmendApiByDirection.executeApi(ExecuteXmlToHtmlForAmendApiByDirection.java:13)
	at jp.go.jpo.sa1s99.common.format.integration.ExecuteApiByDirection.execute(ExecuteApiByDirection.java:28)
	at jp.go.jpo.sa1s99.common.format.integration.HtmlToXmlForAmendApiIntegrationTest.ファイル出力を比較する: #direction #parsedResult(HtmlToXmlForAmendApiIntegrationTest.groovy:29)
</failure>
  </testcase>
  <testcase name="ファイル出力を比較する: Direction{ s_InputDir: data/input/20051024-4.3/pct-do-ib/a99-aib374-p, s_OutputDir: data/output/html_amend/20051024-4.3/pct-do-ib/a99-aib374-p} null" classname="jp.go.jpo.sa1s99.common.format.integration.HtmlToXmlForAmendApiIntegrationTest" time="0.0">
    <failure message="java.lang.IllegalArgumentException: Not implemented yet" type="java.lang.IllegalArgumentException">java.lang.IllegalArgumentException: Not implemented yet
	at jp.go.jpo.sa1s99.common.format.api.XmlToHtmlForAmendApi.execute(XmlToHtmlForAmendApi.java:32)
	at jp.go.jpo.sa1s99.common.format.integration.ExecuteXmlToHtmlForAmendApiByDirection.executeApi(ExecuteXmlToHtmlForAmendApiByDirection.java:26)
	at jp.go.jpo.sa1s99.common.format.integration.ExecuteXmlToHtmlForAmendApiByDirection.executeApi(ExecuteXmlToHtmlForAmendApiByDirection.java:13)
	at jp.go.jpo.sa1s99.common.format.integration.ExecuteApiByDirection.execute(ExecuteApiByDirection.java:28)
	at jp.go.jpo.sa1s99.common.format.integration.HtmlToXmlForAmendApiIntegrationTest.ファイル出力を比較する: #direction #parsedResult(HtmlToXmlForAmendApiIntegrationTest.groovy:29)
</failure>
  </testcase>
  <testcase name="ファイル出力を比較する: Direction{ s_InputDir: data/input/20051024-4.3/pct-do-ib/a99-aib374-u, s_OutputDir: data/output/html_amend/20051024-4.3/pct-do-ib/a99-aib374-u} null" classname="jp.go.jpo.sa1s99.common.format.integration.HtmlToXmlForAmendApiIntegrationTest" time="0.0">
    <failure message="java.lang.IllegalArgumentException: Not implemented yet" type="java.lang.IllegalArgumentException">java.lang.IllegalArgumentException: Not implemented yet
	at jp.go.jpo.sa1s99.common.format.api.XmlToHtmlForAmendApi.execute(XmlToHtmlForAmendApi.java:32)
	at jp.go.jpo.sa1s99.common.format.integration.ExecuteXmlToHtmlForAmendApiByDirection.executeApi(ExecuteXmlToHtmlForAmendApiByDirection.java:26)
	at jp.go.jpo.sa1s99.common.format.integration.ExecuteXmlToHtmlForAmendApiByDirection.executeApi(ExecuteXmlToHtmlForAmendApiByDirection.java:13)
	at jp.go.jpo.sa1s99.common.format.integration.ExecuteApiByDirection.execute(ExecuteApiByDirection.java:28)
	at jp.go.jpo.sa1s99.common.format.integration.HtmlToXmlForAmendApiIntegrationTest.ファイル出力を比較する: #direction #parsedResult(HtmlToXmlForAmendApiIntegrationTest.groovy:29)
</failure>
  </testcase>
  <testcase name="ファイル出力を比較する: Direction{ s_InputDir: data/input/20051024-4.3/pct-do-ib/a99-aib399-p, s_OutputDir: data/output/html_amend/20051024-4.3/pct-do-ib/a99-aib399-p} null" classname="jp.go.jpo.sa1s99.common.format.integration.HtmlToXmlForAmendApiIntegrationTest" time="0.0">
    <failure message="java.lang.IllegalArgumentException: Not implemented yet" type="java.lang.IllegalArgumentException">java.lang.IllegalArgumentException: Not implemented yet
	at jp.go.jpo.sa1s99.common.format.api.XmlToHtmlForAmendApi.execute(XmlToHtmlForAmendApi.java:32)
	at jp.go.jpo.sa1s99.common.format.integration.ExecuteXmlToHtmlForAmendApiByDirection.executeApi(ExecuteXmlToHtmlForAmendApiByDirection.java:26)
	at jp.go.jpo.sa1s99.common.format.integration.ExecuteXmlToHtmlForAmendApiByDirection.executeApi(ExecuteXmlToHtmlForAmendApiByDirection.java:13)
	at jp.go.jpo.sa1s99.common.format.integration.ExecuteApiByDirection.execute(ExecuteApiByDirection.java:28)
	at jp.go.jpo.sa1s99.common.format.integration.HtmlToXmlForAmendApiIntegrationTest.ファイル出力を比較する: #direction #parsedResult(HtmlToXmlForAmendApiIntegrationTest.groovy:29)
</failure>
  </testcase>
  <testcase name="ファイル出力を比較する: Direction{ s_InputDir: data/input/20051024-4.3/pct-do-ib/a99-aib399-u, s_OutputDir: data/output/html_amend/20051024-4.3/pct-do-ib/a99-aib399-u} null" classname="jp.go.jpo.sa1s99.common.format.integration.HtmlToXmlForAmendApiIntegrationTest" time="0.015">
    <failure message="java.lang.IllegalArgumentException: Not implemented yet" type="java.lang.IllegalArgumentException">java.lang.IllegalArgumentException: Not implemented yet
	at jp.go.jpo.sa1s99.common.format.api.XmlToHtmlForAmendApi.execute(XmlToHtmlForAmendApi.java:32)
	at jp.go.jpo.sa1s99.common.format.integration.ExecuteXmlToHtmlForAmendApiByDirection.executeApi(ExecuteXmlToHtmlForAmendApiByDirection.java:26)
	at jp.go.jpo.sa1s99.common.format.integration.ExecuteXmlToHtmlForAmendApiByDirection.executeApi(ExecuteXmlToHtmlForAmendApiByDirection.java:13)
	at jp.go.jpo.sa1s99.common.format.integration.ExecuteApiByDirection.execute(ExecuteApiByDirection.java:28)
	at jp.go.jpo.sa1s99.common.format.integration.HtmlToXmlForAmendApiIntegrationTest.ファイル出力を比較する: #direction #parsedResult(HtmlToXmlForAmendApiIntegrationTest.groovy:29)
</failure>
  </testcase>
  <testcase name="ファイル出力を比較する: Direction{ s_InputDir: data/input/20051024-4.3/pct-do-ib/a99-aib3494-p, s_OutputDir: data/output/html_amend/20051024-4.3/pct-do-ib/a99-aib3494-p} null" classname="jp.go.jpo.sa1s99.common.format.integration.HtmlToXmlForAmendApiIntegrationTest" time="0.0">
    <failure message="java.lang.IllegalArgumentException: Not implemented yet" type="java.lang.IllegalArgumentException">java.lang.IllegalArgumentException: Not implemented yet
	at jp.go.jpo.sa1s99.common.format.api.XmlToHtmlForAmendApi.execute(XmlToHtmlForAmendApi.java:32)
	at jp.go.jpo.sa1s99.common.format.integration.ExecuteXmlToHtmlForAmendApiByDirection.executeApi(ExecuteXmlToHtmlForAmendApiByDirection.java:26)
	at jp.go.jpo.sa1s99.common.format.integration.ExecuteXmlToHtmlForAmendApiByDirection.executeApi(ExecuteXmlToHtmlForAmendApiByDirection.java:13)
	at jp.go.jpo.sa1s99.common.format.integration.ExecuteApiByDirection.execute(ExecuteApiByDirection.java:28)
	at jp.go.jpo.sa1s99.common.format.integration.HtmlToXmlForAmendApiIntegrationTest.ファイル出力を比較する: #direction #parsedResult(HtmlToXmlForAmendApiIntegrationTest.groovy:29)
</failure>
  </testcase>
  <testcase name="ファイル出力を比較する: Direction{ s_InputDir: data/input/20051024-4.3/pct-do-ib/a99-aib3494-u, s_OutputDir: data/output/html_amend/20051024-4.3/pct-do-ib/a99-aib3494-u} null" classname="jp.go.jpo.sa1s99.common.format.integration.HtmlToXmlForAmendApiIntegrationTest" time="0.0">
    <failure message="java.lang.IllegalArgumentException: Not implemented yet" type="java.lang.IllegalArgumentException">java.lang.IllegalArgumentException: Not implemented yet
	at jp.go.jpo.sa1s99.common.format.api.XmlToHtmlForAmendApi.execute(XmlToHtmlForAmendApi.java:32)
	at jp.go.jpo.sa1s99.common.format.integration.ExecuteXmlToHtmlForAmendApiByDirection.executeApi(ExecuteXmlToHtmlForAmendApiByDirection.java:26)
	at jp.go.jpo.sa1s99.common.format.integration.ExecuteXmlToHtmlForAmendApiByDirection.executeApi(ExecuteXmlToHtmlForAmendApiByDirection.java:13)
	at jp.go.jpo.sa1s99.common.format.integration.ExecuteApiByDirection.execute(ExecuteApiByDirection.java:28)
	at jp.go.jpo.sa1s99.common.format.integration.HtmlToXmlForAmendApiIntegrationTest.ファイル出力を比較する: #direction #parsedResult(HtmlToXmlForAmendApiIntegrationTest.groovy:29)
</failure>
  </testcase>
  <testcase name="ファイル出力を比較する: Direction{ s_InputDir: data/input/20051024-4.3/pct-do-ib/a99-aib3495-p, s_OutputDir: data/output/html_amend/20051024-4.3/pct-do-ib/a99-aib3495-p} null" classname="jp.go.jpo.sa1s99.common.format.integration.HtmlToXmlForAmendApiIntegrationTest" time="0.0">
    <failure message="java.lang.IllegalArgumentException: Not implemented yet" type="java.lang.IllegalArgumentException">java.lang.IllegalArgumentException: Not implemented yet
	at jp.go.jpo.sa1s99.common.format.api.XmlToHtmlForAmendApi.execute(XmlToHtmlForAmendApi.java:32)
	at jp.go.jpo.sa1s99.common.format.integration.ExecuteXmlToHtmlForAmendApiByDirection.executeApi(ExecuteXmlToHtmlForAmendApiByDirection.java:26)
	at jp.go.jpo.sa1s99.common.format.integration.ExecuteXmlToHtmlForAmendApiByDirection.executeApi(ExecuteXmlToHtmlForAmendApiByDirection.java:13)
	at jp.go.jpo.sa1s99.common.format.integration.ExecuteApiByDirection.execute(ExecuteApiByDirection.java:28)
	at jp.go.jpo.sa1s99.common.format.integration.HtmlToXmlForAmendApiIntegrationTest.ファイル出力を比較する: #direction #parsedResult(HtmlToXmlForAmendApiIntegrationTest.groovy:29)
</failure>
  </testcase>
  <testcase name="ファイル出力を比較する: Direction{ s_InputDir: data/input/20051024-4.3/pct-do-ib/a99-aib3495-u, s_OutputDir: data/output/html_amend/20051024-4.3/pct-do-ib/a99-aib3495-u} null" classname="jp.go.jpo.sa1s99.common.format.integration.HtmlToXmlForAmendApiIntegrationTest" time="0.0">
    <failure message="java.lang.IllegalArgumentException: Not implemented yet" type="java.lang.IllegalArgumentException">java.lang.IllegalArgumentException: Not implemented yet
	at jp.go.jpo.sa1s99.common.format.api.XmlToHtmlForAmendApi.execute(XmlToHtmlForAmendApi.java:32)
	at jp.go.jpo.sa1s99.common.format.integration.ExecuteXmlToHtmlForAmendApiByDirection.executeApi(ExecuteXmlToHtmlForAmendApiByDirection.java:26)
	at jp.go.jpo.sa1s99.common.format.integration.ExecuteXmlToHtmlForAmendApiByDirection.executeApi(ExecuteXmlToHtmlForAmendApiByDirection.java:13)
	at jp.go.jpo.sa1s99.common.format.integration.ExecuteApiByDirection.execute(ExecuteApiByDirection.java:28)
	at jp.go.jpo.sa1s99.common.format.integration.HtmlToXmlForAmendApiIntegrationTest.ファイル出力を比較する: #direction #parsedResult(HtmlToXmlForAmendApiIntegrationTest.groovy:29)
</failure>
  </testcase>
  <testcase name="ファイル出力を比較する: Direction{ s_InputDir: data/input/200512XX/pat-amnd/99-amendment-a523_applicant, s_OutputDir: data/output/html_amend/200512XX/pat-amnd/99-amendment-a523_applicant} null" classname="jp.go.jpo.sa1s99.common.format.integration.HtmlToXmlForAmendApiIntegrationTest" time="0.016">
    <failure message="java.lang.IllegalArgumentException: Not implemented yet" type="java.lang.IllegalArgumentException">java.lang.IllegalArgumentException: Not implemented yet
	at jp.go.jpo.sa1s99.common.format.api.XmlToHtmlForAmendApi.execute(XmlToHtmlForAmendApi.java:32)
	at jp.go.jpo.sa1s99.common.format.integration.ExecuteXmlToHtmlForAmendApiByDirection.executeApi(ExecuteXmlToHtmlForAmendApiByDirection.java:26)
	at jp.go.jpo.sa1s99.common.format.integration.ExecuteXmlToHtmlForAmendApiByDirection.executeApi(ExecuteXmlToHtmlForAmendApiByDirection.java:13)
	at jp.go.jpo.sa1s99.common.format.integration.ExecuteApiByDirection.execute(ExecuteApiByDirection.java:28)
	at jp.go.jpo.sa1s99.common.format.integration.HtmlToXmlForAmendApiIntegrationTest.ファイル出力を比較する: #direction #parsedResult(HtmlToXmlForAmendApiIntegrationTest.groovy:29)
</failure>
  </testcase>
  <testcase name="ファイル出力を比較する: Direction{ s_InputDir: data/input/20060530-4.3/pat-amnd/01-amendment-a51_a151-p, s_OutputDir: data/output/html_amend/20060530-4.3/pat-amnd/01-amendment-a51_a151-p} null" classname="jp.go.jpo.sa1s99.common.format.integration.HtmlToXmlForAmendApiIntegrationTest" time="0.0">
    <failure message="java.lang.IllegalArgumentException: Not implemented yet" type="java.lang.IllegalArgumentException">java.lang.IllegalArgumentException: Not implemented yet
	at jp.go.jpo.sa1s99.common.format.api.XmlToHtmlForAmendApi.execute(XmlToHtmlForAmendApi.java:32)
	at jp.go.jpo.sa1s99.common.format.integration.ExecuteXmlToHtmlForAmendApiByDirection.executeApi(ExecuteXmlToHtmlForAmendApiByDirection.java:26)
	at jp.go.jpo.sa1s99.common.format.integration.ExecuteXmlToHtmlForAmendApiByDirection.executeApi(ExecuteXmlToHtmlForAmendApiByDirection.java:13)
	at jp.go.jpo.sa1s99.common.format.integration.ExecuteApiByDirection.execute(ExecuteApiByDirection.java:28)
	at jp.go.jpo.sa1s99.common.format.integration.HtmlToXmlForAmendApiIntegrationTest.ファイル出力を比較する: #direction #parsedResult(HtmlToXmlForAmendApiIntegrationTest.groovy:29)
</failure>
  </testcase>
  <testcase name="ファイル出力を比較する: Direction{ s_InputDir: data/input/20060803-4.5/pat-amnd/01-applicant-a711-p, s_OutputDir: data/output/html_amend/20060803-4.5/pat-amnd/01-applicant-a711-p} null" classname="jp.go.jpo.sa1s99.common.format.integration.HtmlToXmlForAmendApiIntegrationTest" time="0.0">
    <failure message="java.lang.IllegalArgumentException: Not implemented yet" type="java.lang.IllegalArgumentException">java.lang.IllegalArgumentException: Not implemented yet
	at jp.go.jpo.sa1s99.common.format.api.XmlToHtmlForAmendApi.execute(XmlToHtmlForAmendApi.java:32)
	at jp.go.jpo.sa1s99.common.format.integration.ExecuteXmlToHtmlForAmendApiByDirection.executeApi(ExecuteXmlToHtmlForAmendApiByDirection.java:26)
	at jp.go.jpo.sa1s99.common.format.integration.ExecuteXmlToHtmlForAmendApiByDirection.executeApi(ExecuteXmlToHtmlForAmendApiByDirection.java:13)
	at jp.go.jpo.sa1s99.common.format.integration.ExecuteApiByDirection.execute(ExecuteApiByDirection.java:28)
	at jp.go.jpo.sa1s99.common.format.integration.HtmlToXmlForAmendApiIntegrationTest.ファイル出力を比較する: #direction #parsedResult(HtmlToXmlForAmendApiIntegrationTest.groovy:29)
</failure>
  </testcase>
  <testcase name="ファイル出力を比較する: Direction{ s_InputDir: data/input/20060803-4.5/pat-amnd/01-applicant-a711-u, s_OutputDir: data/output/html_amend/20060803-4.5/pat-amnd/01-applicant-a711-u} null" classname="jp.go.jpo.sa1s99.common.format.integration.HtmlToXmlForAmendApiIntegrationTest" time="0.0">
    <failure message="java.lang.IllegalArgumentException: Not implemented yet" type="java.lang.IllegalArgumentException">java.lang.IllegalArgumentException: Not implemented yet
	at jp.go.jpo.sa1s99.common.format.api.XmlToHtmlForAmendApi.execute(XmlToHtmlForAmendApi.java:32)
	at jp.go.jpo.sa1s99.common.format.integration.ExecuteXmlToHtmlForAmendApiByDirection.executeApi(ExecuteXmlToHtmlForAmendApiByDirection.java:26)
	at jp.go.jpo.sa1s99.common.format.integration.ExecuteXmlToHtmlForAmendApiByDirection.executeApi(ExecuteXmlToHtmlForAmendApiByDirection.java:13)
	at jp.go.jpo.sa1s99.common.format.integration.ExecuteApiByDirection.execute(ExecuteApiByDirection.java:28)
	at jp.go.jpo.sa1s99.common.format.integration.HtmlToXmlForAmendApiIntegrationTest.ファイル出力を比較する: #direction #parsedResult(HtmlToXmlForAmendApiIntegrationTest.groovy:29)
</failure>
  </testcase>
  <testcase name="ファイル出力を比較する: Direction{ s_InputDir: data/input/20060803-4.5/pat-amnd/01-application-a632-p, s_OutputDir: data/output/html_amend/20060803-4.5/pat-amnd/01-application-a632-p} null" classname="jp.go.jpo.sa1s99.common.format.integration.HtmlToXmlForAmendApiIntegrationTest" time="0.016">
    <failure message="java.lang.IllegalArgumentException: Not implemented yet" type="java.lang.IllegalArgumentException">java.lang.IllegalArgumentException: Not implemented yet
	at jp.go.jpo.sa1s99.common.format.api.XmlToHtmlForAmendApi.execute(XmlToHtmlForAmendApi.java:32)
	at jp.go.jpo.sa1s99.common.format.integration.ExecuteXmlToHtmlForAmendApiByDirection.executeApi(ExecuteXmlToHtmlForAmendApiByDirection.java:26)
	at jp.go.jpo.sa1s99.common.format.integration.ExecuteXmlToHtmlForAmendApiByDirection.executeApi(ExecuteXmlToHtmlForAmendApiByDirection.java:13)
	at jp.go.jpo.sa1s99.common.format.integration.ExecuteApiByDirection.execute(ExecuteApiByDirection.java:28)
	at jp.go.jpo.sa1s99.common.format.integration.HtmlToXmlForAmendApiIntegrationTest.ファイル出力を比較する: #direction #parsedResult(HtmlToXmlForAmendApiIntegrationTest.groovy:29)
</failure>
  </testcase>
  <testcase name="ファイル出力を比較する: Direction{ s_InputDir: data/input/20060803-4.5/pat-amnd/01-application-a632-u, s_OutputDir: data/output/html_amend/20060803-4.5/pat-amnd/01-application-a632-u} null" classname="jp.go.jpo.sa1s99.common.format.integration.HtmlToXmlForAmendApiIntegrationTest" time="0.0">
    <failure message="java.lang.IllegalArgumentException: Not implemented yet" type="java.lang.IllegalArgumentException">java.lang.IllegalArgumentException: Not implemented yet
	at jp.go.jpo.sa1s99.common.format.api.XmlToHtmlForAmendApi.execute(XmlToHtmlForAmendApi.java:32)
	at jp.go.jpo.sa1s99.common.format.integration.ExecuteXmlToHtmlForAmendApiByDirection.executeApi(ExecuteXmlToHtmlForAmendApiByDirection.java:26)
	at jp.go.jpo.sa1s99.common.format.integration.ExecuteXmlToHtmlForAmendApiByDirection.executeApi(ExecuteXmlToHtmlForAmendApiByDirection.java:13)
	at jp.go.jpo.sa1s99.common.format.integration.ExecuteApiByDirection.execute(ExecuteApiByDirection.java:28)
	at jp.go.jpo.sa1s99.common.format.integration.HtmlToXmlForAmendApiIntegrationTest.ファイル出力を比較する: #direction #parsedResult(HtmlToXmlForAmendApiIntegrationTest.groovy:29)
</failure>
  </testcase>
  <testcase name="ファイル出力を比較する: Direction{ s_InputDir: data/input/20060803-4.5/pat-amnd/01-payment-r100-p, s_OutputDir: data/output/html_amend/20060803-4.5/pat-amnd/01-payment-r100-p} null" classname="jp.go.jpo.sa1s99.common.format.integration.HtmlToXmlForAmendApiIntegrationTest" time="0.0">
    <failure message="java.lang.IllegalArgumentException: Not implemented yet" type="java.lang.IllegalArgumentException">java.lang.IllegalArgumentException: Not implemented yet
	at jp.go.jpo.sa1s99.common.format.api.XmlToHtmlForAmendApi.execute(XmlToHtmlForAmendApi.java:32)
	at jp.go.jpo.sa1s99.common.format.integration.ExecuteXmlToHtmlForAmendApiByDirection.executeApi(ExecuteXmlToHtmlForAmendApiByDirection.java:26)
	at jp.go.jpo.sa1s99.common.format.integration.ExecuteXmlToHtmlForAmendApiByDirection.executeApi(ExecuteXmlToHtmlForAmendApiByDirection.java:13)
	at jp.go.jpo.sa1s99.common.format.integration.ExecuteApiByDirection.execute(ExecuteApiByDirection.java:28)
	at jp.go.jpo.sa1s99.common.format.integration.HtmlToXmlForAmendApiIntegrationTest.ファイル出力を比較する: #direction #parsedResult(HtmlToXmlForAmendApiIntegrationTest.groovy:29)
</failure>
  </testcase>
  <testcase name="ファイル出力を比較する: Direction{ s_InputDir: data/input/20060803-4.5/pat-amnd/01-payment-r100-u, s_OutputDir: data/output/html_amend/20060803-4.5/pat-amnd/01-payment-r100-u} null" classname="jp.go.jpo.sa1s99.common.format.integration.HtmlToXmlForAmendApiIntegrationTest" time="0.0">
    <failure message="java.lang.IllegalArgumentException: Not implemented yet" type="java.lang.IllegalArgumentException">java.lang.IllegalArgumentException: Not implemented yet
	at jp.go.jpo.sa1s99.common.format.api.XmlToHtmlForAmendApi.execute(XmlToHtmlForAmendApi.java:32)
	at jp.go.jpo.sa1s99.common.format.integration.ExecuteXmlToHtmlForAmendApiByDirection.executeApi(ExecuteXmlToHtmlForAmendApiByDirection.java:26)
	at jp.go.jpo.sa1s99.common.format.integration.ExecuteXmlToHtmlForAmendApiByDirection.executeApi(ExecuteXmlToHtmlForAmendApiByDirection.java:13)
	at jp.go.jpo.sa1s99.common.format.integration.ExecuteApiByDirection.execute(ExecuteApiByDirection.java:28)
	at jp.go.jpo.sa1s99.common.format.integration.HtmlToXmlForAmendApiIntegrationTest.ファイル出力を比較する: #direction #parsedResult(HtmlToXmlForAmendApiIntegrationTest.groovy:29)
</failure>
  </testcase>
  <testcase name="ファイル出力を比較する: Direction{ s_InputDir: data/input/20060803-4.5/pat-amnd/01-payment-r110-p, s_OutputDir: data/output/html_amend/20060803-4.5/pat-amnd/01-payment-r110-p} null" classname="jp.go.jpo.sa1s99.common.format.integration.HtmlToXmlForAmendApiIntegrationTest" time="0.015">
    <failure message="java.lang.IllegalArgumentException: Not implemented yet" type="java.lang.IllegalArgumentException">java.lang.IllegalArgumentException: Not implemented yet
	at jp.go.jpo.sa1s99.common.format.api.XmlToHtmlForAmendApi.execute(XmlToHtmlForAmendApi.java:32)
	at jp.go.jpo.sa1s99.common.format.integration.ExecuteXmlToHtmlForAmendApiByDirection.executeApi(ExecuteXmlToHtmlForAmendApiByDirection.java:26)
	at jp.go.jpo.sa1s99.common.format.integration.ExecuteXmlToHtmlForAmendApiByDirection.executeApi(ExecuteXmlToHtmlForAmendApiByDirection.java:13)
	at jp.go.jpo.sa1s99.common.format.integration.ExecuteApiByDirection.execute(ExecuteApiByDirection.java:28)
	at jp.go.jpo.sa1s99.common.format.integration.HtmlToXmlForAmendApiIntegrationTest.ファイル出力を比較する: #direction #parsedResult(HtmlToXmlForAmendApiIntegrationTest.groovy:29)
</failure>
  </testcase>
  <testcase name="ファイル出力を比較する: Direction{ s_InputDir: data/input/20060803-4.5/pat-amnd/01-payment-r110-u, s_OutputDir: data/output/html_amend/20060803-4.5/pat-amnd/01-payment-r110-u} null" classname="jp.go.jpo.sa1s99.common.format.integration.HtmlToXmlForAmendApiIntegrationTest" time="0.0">
    <failure message="java.lang.IllegalArgumentException: Not implemented yet" type="java.lang.IllegalArgumentException">java.lang.IllegalArgumentException: Not implemented yet
	at jp.go.jpo.sa1s99.common.format.api.XmlToHtmlForAmendApi.execute(XmlToHtmlForAmendApi.java:32)
	at jp.go.jpo.sa1s99.common.format.integration.ExecuteXmlToHtmlForAmendApiByDirection.executeApi(ExecuteXmlToHtmlForAmendApiByDirection.java:26)
	at jp.go.jpo.sa1s99.common.format.integration.ExecuteXmlToHtmlForAmendApiByDirection.executeApi(ExecuteXmlToHtmlForAmendApiByDirection.java:13)
	at jp.go.jpo.sa1s99.common.format.integration.ExecuteApiByDirection.execute(ExecuteApiByDirection.java:28)
	at jp.go.jpo.sa1s99.common.format.integration.HtmlToXmlForAmendApiIntegrationTest.ファイル出力を比較する: #direction #parsedResult(HtmlToXmlForAmendApiIntegrationTest.groovy:29)
</failure>
  </testcase>
  <testcase name="ファイル出力を比較する: Direction{ s_InputDir: data/input/20060803-4.5/pat-aplc/01-applicant-a711-p, s_OutputDir: data/output/html_amend/20060803-4.5/pat-aplc/01-applicant-a711-p} null" classname="jp.go.jpo.sa1s99.common.format.integration.HtmlToXmlForAmendApiIntegrationTest" time="0.0">
    <failure message="java.lang.IllegalArgumentException: Not implemented yet" type="java.lang.IllegalArgumentException">java.lang.IllegalArgumentException: Not implemented yet
	at jp.go.jpo.sa1s99.common.format.api.XmlToHtmlForAmendApi.execute(XmlToHtmlForAmendApi.java:32)
	at jp.go.jpo.sa1s99.common.format.integration.ExecuteXmlToHtmlForAmendApiByDirection.executeApi(ExecuteXmlToHtmlForAmendApiByDirection.java:26)
	at jp.go.jpo.sa1s99.common.format.integration.ExecuteXmlToHtmlForAmendApiByDirection.executeApi(ExecuteXmlToHtmlForAmendApiByDirection.java:13)
	at jp.go.jpo.sa1s99.common.format.integration.ExecuteApiByDirection.execute(ExecuteApiByDirection.java:28)
	at jp.go.jpo.sa1s99.common.format.integration.HtmlToXmlForAmendApiIntegrationTest.ファイル出力を比較する: #direction #parsedResult(HtmlToXmlForAmendApiIntegrationTest.groovy:29)
</failure>
  </testcase>
  <testcase name="ファイル出力を比較する: Direction{ s_InputDir: data/input/20060803-4.5/pat-aplc/01-applicant-a711-u, s_OutputDir: data/output/html_amend/20060803-4.5/pat-aplc/01-applicant-a711-u} null" classname="jp.go.jpo.sa1s99.common.format.integration.HtmlToXmlForAmendApiIntegrationTest" time="0.0">
    <failure message="java.lang.IllegalArgumentException: Not implemented yet" type="java.lang.IllegalArgumentException">java.lang.IllegalArgumentException: Not implemented yet
	at jp.go.jpo.sa1s99.common.format.api.XmlToHtmlForAmendApi.execute(XmlToHtmlForAmendApi.java:32)
	at jp.go.jpo.sa1s99.common.format.integration.ExecuteXmlToHtmlForAmendApiByDirection.executeApi(ExecuteXmlToHtmlForAmendApiByDirection.java:26)
	at jp.go.jpo.sa1s99.common.format.integration.ExecuteXmlToHtmlForAmendApiByDirection.executeApi(ExecuteXmlToHtmlForAmendApiByDirection.java:13)
	at jp.go.jpo.sa1s99.common.format.integration.ExecuteApiByDirection.execute(ExecuteApiByDirection.java:28)
	at jp.go.jpo.sa1s99.common.format.integration.HtmlToXmlForAmendApiIntegrationTest.ファイル出力を比較する: #direction #parsedResult(HtmlToXmlForAmendApiIntegrationTest.groovy:29)
</failure>
  </testcase>
  <testcase name="ファイル出力を比較する: Direction{ s_InputDir: data/input/20060803-4.5/pat-appd/01-application-a632-p, s_OutputDir: data/output/html_amend/20060803-4.5/pat-appd/01-application-a632-p} null" classname="jp.go.jpo.sa1s99.common.format.integration.HtmlToXmlForAmendApiIntegrationTest" time="0.019">
    <failure message="java.lang.IllegalArgumentException: Not implemented yet" type="java.lang.IllegalArgumentException">java.lang.IllegalArgumentException: Not implemented yet
	at jp.go.jpo.sa1s99.common.format.api.XmlToHtmlForAmendApi.execute(XmlToHtmlForAmendApi.java:32)
	at jp.go.jpo.sa1s99.common.format.integration.ExecuteXmlToHtmlForAmendApiByDirection.executeApi(ExecuteXmlToHtmlForAmendApiByDirection.java:26)
	at jp.go.jpo.sa1s99.common.format.integration.ExecuteXmlToHtmlForAmendApiByDirection.executeApi(ExecuteXmlToHtmlForAmendApiByDirection.java:13)
	at jp.go.jpo.sa1s99.common.format.integration.ExecuteApiByDirection.execute(ExecuteApiByDirection.java:28)
	at jp.go.jpo.sa1s99.common.format.integration.HtmlToXmlForAmendApiIntegrationTest.ファイル出力を比較する: #direction #parsedResult(HtmlToXmlForAmendApiIntegrationTest.groovy:29)
</failure>
  </testcase>
  <testcase name="ファイル出力を比較する: Direction{ s_InputDir: data/input/20060803-4.5/pat-appd/01-application-a632-u, s_OutputDir: data/output/html_amend/20060803-4.5/pat-appd/01-application-a632-u} null" classname="jp.go.jpo.sa1s99.common.format.integration.HtmlToXmlForAmendApiIntegrationTest" time="0.003">
    <failure message="java.lang.IllegalArgumentException: Not implemented yet" type="java.lang.IllegalArgumentException">java.lang.IllegalArgumentException: Not implemented yet
	at jp.go.jpo.sa1s99.common.format.api.XmlToHtmlForAmendApi.execute(XmlToHtmlForAmendApi.java:32)
	at jp.go.jpo.sa1s99.common.format.integration.ExecuteXmlToHtmlForAmendApiByDirection.executeApi(ExecuteXmlToHtmlForAmendApiByDirection.java:26)
	at jp.go.jpo.sa1s99.common.format.integration.ExecuteXmlToHtmlForAmendApiByDirection.executeApi(ExecuteXmlToHtmlForAmendApiByDirection.java:13)
	at jp.go.jpo.sa1s99.common.format.integration.ExecuteApiByDirection.execute(ExecuteApiByDirection.java:28)
	at jp.go.jpo.sa1s99.common.format.integration.HtmlToXmlForAmendApiIntegrationTest.ファイル出力を比較する: #direction #parsedResult(HtmlToXmlForAmendApiIntegrationTest.groovy:29)
</failure>
  </testcase>
  <testcase name="ファイル出力を比較する: Direction{ s_InputDir: data/input/20060803-4.5/pct-doib/01-aib3731-p, s_OutputDir: data/output/html_amend/20060803-4.5/pct-doib/01-aib3731-p} null" classname="jp.go.jpo.sa1s99.common.format.integration.HtmlToXmlForAmendApiIntegrationTest" time="0.0">
    <failure message="java.lang.IllegalArgumentException: Not implemented yet" type="java.lang.IllegalArgumentException">java.lang.IllegalArgumentException: Not implemented yet
	at jp.go.jpo.sa1s99.common.format.api.XmlToHtmlForAmendApi.execute(XmlToHtmlForAmendApi.java:32)
	at jp.go.jpo.sa1s99.common.format.integration.ExecuteXmlToHtmlForAmendApiByDirection.executeApi(ExecuteXmlToHtmlForAmendApiByDirection.java:26)
	at jp.go.jpo.sa1s99.common.format.integration.ExecuteXmlToHtmlForAmendApiByDirection.executeApi(ExecuteXmlToHtmlForAmendApiByDirection.java:13)
	at jp.go.jpo.sa1s99.common.format.integration.ExecuteApiByDirection.execute(ExecuteApiByDirection.java:28)
	at jp.go.jpo.sa1s99.common.format.integration.HtmlToXmlForAmendApiIntegrationTest.ファイル出力を比較する: #direction #parsedResult(HtmlToXmlForAmendApiIntegrationTest.groovy:29)
</failure>
  </testcase>
  <testcase name="ファイル出力を比較する: Direction{ s_InputDir: data/input/20060803-4.5/pct-doib/01-aib3731-u, s_OutputDir: data/output/html_amend/20060803-4.5/pct-doib/01-aib3731-u} null" classname="jp.go.jpo.sa1s99.common.format.integration.HtmlToXmlForAmendApiIntegrationTest" time="0.0">
    <failure message="java.lang.IllegalArgumentException: Not implemented yet" type="java.lang.IllegalArgumentException">java.lang.IllegalArgumentException: Not implemented yet
	at jp.go.jpo.sa1s99.common.format.api.XmlToHtmlForAmendApi.execute(XmlToHtmlForAmendApi.java:32)
	at jp.go.jpo.sa1s99.common.format.integration.ExecuteXmlToHtmlForAmendApiByDirection.executeApi(ExecuteXmlToHtmlForAmendApiByDirection.java:26)
	at jp.go.jpo.sa1s99.common.format.integration.ExecuteXmlToHtmlForAmendApiByDirection.executeApi(ExecuteXmlToHtmlForAmendApiByDirection.java:13)
	at jp.go.jpo.sa1s99.common.format.integration.ExecuteApiByDirection.execute(ExecuteApiByDirection.java:28)
	at jp.go.jpo.sa1s99.common.format.integration.HtmlToXmlForAmendApiIntegrationTest.ファイル出力を比較する: #direction #parsedResult(HtmlToXmlForAmendApiIntegrationTest.groovy:29)
</failure>
  </testcase>
  <testcase name="ファイル出力を比較する: Direction{ s_InputDir: data/input/20060803-4.5/rgs-doc/01-payment-r100-d, s_OutputDir: data/output/html_amend/20060803-4.5/rgs-doc/01-payment-r100-d} null" classname="jp.go.jpo.sa1s99.common.format.integration.HtmlToXmlForAmendApiIntegrationTest" time="0.0">
    <failure message="java.lang.IllegalArgumentException: Not implemented yet" type="java.lang.IllegalArgumentException">java.lang.IllegalArgumentException: Not implemented yet
	at jp.go.jpo.sa1s99.common.format.api.XmlToHtmlForAmendApi.execute(XmlToHtmlForAmendApi.java:32)
	at jp.go.jpo.sa1s99.common.format.integration.ExecuteXmlToHtmlForAmendApiByDirection.executeApi(ExecuteXmlToHtmlForAmendApiByDirection.java:26)
	at jp.go.jpo.sa1s99.common.format.integration.ExecuteXmlToHtmlForAmendApiByDirection.executeApi(ExecuteXmlToHtmlForAmendApiByDirection.java:13)
	at jp.go.jpo.sa1s99.common.format.integration.ExecuteApiByDirection.execute(ExecuteApiByDirection.java:28)
	at jp.go.jpo.sa1s99.common.format.integration.HtmlToXmlForAmendApiIntegrationTest.ファイル出力を比較する: #direction #parsedResult(HtmlToXmlForAmendApiIntegrationTest.groovy:29)
</failure>
  </testcase>
  <testcase name="ファイル出力を比較する: Direction{ s_InputDir: data/input/20060803-4.5/rgs-doc/01-payment-r100-p, s_OutputDir: data/output/html_amend/20060803-4.5/rgs-doc/01-payment-r100-p} null" classname="jp.go.jpo.sa1s99.common.format.integration.HtmlToXmlForAmendApiIntegrationTest" time="0.016">
    <failure message="java.lang.IllegalArgumentException: Not implemented yet" type="java.lang.IllegalArgumentException">java.lang.IllegalArgumentException: Not implemented yet
	at jp.go.jpo.sa1s99.common.format.api.XmlToHtmlForAmendApi.execute(XmlToHtmlForAmendApi.java:32)
	at jp.go.jpo.sa1s99.common.format.integration.ExecuteXmlToHtmlForAmendApiByDirection.executeApi(ExecuteXmlToHtmlForAmendApiByDirection.java:26)
	at jp.go.jpo.sa1s99.common.format.integration.ExecuteXmlToHtmlForAmendApiByDirection.executeApi(ExecuteXmlToHtmlForAmendApiByDirection.java:13)
	at jp.go.jpo.sa1s99.common.format.integration.ExecuteApiByDirection.execute(ExecuteApiByDirection.java:28)
	at jp.go.jpo.sa1s99.common.format.integration.HtmlToXmlForAmendApiIntegrationTest.ファイル出力を比較する: #direction #parsedResult(HtmlToXmlForAmendApiIntegrationTest.groovy:29)
</failure>
  </testcase>
  <testcase name="ファイル出力を比較する: Direction{ s_InputDir: data/input/20060803-4.5/rgs-doc/01-payment-r100-t, s_OutputDir: data/output/html_amend/20060803-4.5/rgs-doc/01-payment-r100-t} null" classname="jp.go.jpo.sa1s99.common.format.integration.HtmlToXmlForAmendApiIntegrationTest" time="0.0">
    <failure message="java.lang.IllegalArgumentException: Not implemented yet" type="java.lang.IllegalArgumentException">java.lang.IllegalArgumentException: Not implemented yet
	at jp.go.jpo.sa1s99.common.format.api.XmlToHtmlForAmendApi.execute(XmlToHtmlForAmendApi.java:32)
	at jp.go.jpo.sa1s99.common.format.integration.ExecuteXmlToHtmlForAmendApiByDirection.executeApi(ExecuteXmlToHtmlForAmendApiByDirection.java:26)
	at jp.go.jpo.sa1s99.common.format.integration.ExecuteXmlToHtmlForAmendApiByDirection.executeApi(ExecuteXmlToHtmlForAmendApiByDirection.java:13)
	at jp.go.jpo.sa1s99.common.format.integration.ExecuteApiByDirection.execute(ExecuteApiByDirection.java:28)
	at jp.go.jpo.sa1s99.common.format.integration.HtmlToXmlForAmendApiIntegrationTest.ファイル出力を比較する: #direction #parsedResult(HtmlToXmlForAmendApiIntegrationTest.groovy:29)
</failure>
  </testcase>
  <testcase name="ファイル出力を比較する: Direction{ s_InputDir: data/input/20060803-4.5/rgs-doc/01-payment-r100-u, s_OutputDir: data/output/html_amend/20060803-4.5/rgs-doc/01-payment-r100-u} null" classname="jp.go.jpo.sa1s99.common.format.integration.HtmlToXmlForAmendApiIntegrationTest" time="0.016">
    <failure message="java.lang.IllegalArgumentException: Not implemented yet" type="java.lang.IllegalArgumentException">java.lang.IllegalArgumentException: Not implemented yet
	at jp.go.jpo.sa1s99.common.format.api.XmlToHtmlForAmendApi.execute(XmlToHtmlForAmendApi.java:32)
	at jp.go.jpo.sa1s99.common.format.integration.ExecuteXmlToHtmlForAmendApiByDirection.executeApi(ExecuteXmlToHtmlForAmendApiByDirection.java:26)
	at jp.go.jpo.sa1s99.common.format.integration.ExecuteXmlToHtmlForAmendApiByDirection.executeApi(ExecuteXmlToHtmlForAmendApiByDirection.java:13)
	at jp.go.jpo.sa1s99.common.format.integration.ExecuteApiByDirection.execute(ExecuteApiByDirection.java:28)
	at jp.go.jpo.sa1s99.common.format.integration.HtmlToXmlForAmendApiIntegrationTest.ファイル出力を比較する: #direction #parsedResult(HtmlToXmlForAmendApiIntegrationTest.groovy:29)
</failure>
  </testcase>
  <testcase name="ファイル出力を比較する: Direction{ s_InputDir: data/input/20060803-4.5/rgs-doc/01-payment-r110-d, s_OutputDir: data/output/html_amend/20060803-4.5/rgs-doc/01-payment-r110-d} null" classname="jp.go.jpo.sa1s99.common.format.integration.HtmlToXmlForAmendApiIntegrationTest" time="0.015">
    <failure message="java.lang.IllegalArgumentException: Not implemented yet" type="java.lang.IllegalArgumentException">java.lang.IllegalArgumentException: Not implemented yet
	at jp.go.jpo.sa1s99.common.format.api.XmlToHtmlForAmendApi.execute(XmlToHtmlForAmendApi.java:32)
	at jp.go.jpo.sa1s99.common.format.integration.ExecuteXmlToHtmlForAmendApiByDirection.executeApi(ExecuteXmlToHtmlForAmendApiByDirection.java:26)
	at jp.go.jpo.sa1s99.common.format.integration.ExecuteXmlToHtmlForAmendApiByDirection.executeApi(ExecuteXmlToHtmlForAmendApiByDirection.java:13)
	at jp.go.jpo.sa1s99.common.format.integration.ExecuteApiByDirection.execute(ExecuteApiByDirection.java:28)
	at jp.go.jpo.sa1s99.common.format.integration.HtmlToXmlForAmendApiIntegrationTest.ファイル出力を比較する: #direction #parsedResult(HtmlToXmlForAmendApiIntegrationTest.groovy:29)
</failure>
  </testcase>
  <testcase name="ファイル出力を比較する: Direction{ s_InputDir: data/input/20060803-4.5/rgs-doc/01-payment-r110-p, s_OutputDir: data/output/html_amend/20060803-4.5/rgs-doc/01-payment-r110-p} null" classname="jp.go.jpo.sa1s99.common.format.integration.HtmlToXmlForAmendApiIntegrationTest" time="0.0">
    <failure message="java.lang.IllegalArgumentException: Not implemented yet" type="java.lang.IllegalArgumentException">java.lang.IllegalArgumentException: Not implemented yet
	at jp.go.jpo.sa1s99.common.format.api.XmlToHtmlForAmendApi.execute(XmlToHtmlForAmendApi.java:32)
	at jp.go.jpo.sa1s99.common.format.integration.ExecuteXmlToHtmlForAmendApiByDirection.executeApi(ExecuteXmlToHtmlForAmendApiByDirection.java:26)
	at jp.go.jpo.sa1s99.common.format.integration.ExecuteXmlToHtmlForAmendApiByDirection.executeApi(ExecuteXmlToHtmlForAmendApiByDirection.java:13)
	at jp.go.jpo.sa1s99.common.format.integration.ExecuteApiByDirection.execute(ExecuteApiByDirection.java:28)
	at jp.go.jpo.sa1s99.common.format.integration.HtmlToXmlForAmendApiIntegrationTest.ファイル出力を比較する: #direction #parsedResult(HtmlToXmlForAmendApiIntegrationTest.groovy:29)
</failure>
  </testcase>
  <testcase name="ファイル出力を比較する: Direction{ s_InputDir: data/input/20060803-4.5/rgs-doc/01-payment-r110-t, s_OutputDir: data/output/html_amend/20060803-4.5/rgs-doc/01-payment-r110-t} null" classname="jp.go.jpo.sa1s99.common.format.integration.HtmlToXmlForAmendApiIntegrationTest" time="0.016">
    <failure message="java.lang.IllegalArgumentException: Not implemented yet" type="java.lang.IllegalArgumentException">java.lang.IllegalArgumentException: Not implemented yet
	at jp.go.jpo.sa1s99.common.format.api.XmlToHtmlForAmendApi.execute(XmlToHtmlForAmendApi.java:32)
	at jp.go.jpo.sa1s99.common.format.integration.ExecuteXmlToHtmlForAmendApiByDirection.executeApi(ExecuteXmlToHtmlForAmendApiByDirection.java:26)
	at jp.go.jpo.sa1s99.common.format.integration.ExecuteXmlToHtmlForAmendApiByDirection.executeApi(ExecuteXmlToHtmlForAmendApiByDirection.java:13)
	at jp.go.jpo.sa1s99.common.format.integration.ExecuteApiByDirection.execute(ExecuteApiByDirection.java:28)
	at jp.go.jpo.sa1s99.common.format.integration.HtmlToXmlForAmendApiIntegrationTest.ファイル出力を比較する: #direction #parsedResult(HtmlToXmlForAmendApiIntegrationTest.groovy:29)
</failure>
  </testcase>
  <testcase name="ファイル出力を比較する: Direction{ s_InputDir: data/input/20060803-4.5/rgs-doc/01-payment-r110-u, s_OutputDir: data/output/html_amend/20060803-4.5/rgs-doc/01-payment-r110-u} null" classname="jp.go.jpo.sa1s99.common.format.integration.HtmlToXmlForAmendApiIntegrationTest" time="0.0">
    <failure message="java.lang.IllegalArgumentException: Not implemented yet" type="java.lang.IllegalArgumentException">java.lang.IllegalArgumentException: Not implemented yet
	at jp.go.jpo.sa1s99.common.format.api.XmlToHtmlForAmendApi.execute(XmlToHtmlForAmendApi.java:32)
	at jp.go.jpo.sa1s99.common.format.integration.ExecuteXmlToHtmlForAmendApiByDirection.executeApi(ExecuteXmlToHtmlForAmendApiByDirection.java:26)
	at jp.go.jpo.sa1s99.common.format.integration.ExecuteXmlToHtmlForAmendApiByDirection.executeApi(ExecuteXmlToHtmlForAmendApiByDirection.java:13)
	at jp.go.jpo.sa1s99.common.format.integration.ExecuteApiByDirection.execute(ExecuteApiByDirection.java:28)
	at jp.go.jpo.sa1s99.common.format.integration.HtmlToXmlForAmendApiIntegrationTest.ファイル出力を比較する: #direction #parsedResult(HtmlToXmlForAmendApiIntegrationTest.groovy:29)
</failure>
  </testcase>
  <testcase name="ファイル出力を比較する: Direction{ s_InputDir: data/input/All-Format_append/application-body/20061211, s_OutputDir: data/output/html_amend/All-Format_append/application-body/20061211} null" classname="jp.go.jpo.sa1s99.common.format.integration.HtmlToXmlForAmendApiIntegrationTest" time="0.015">
    <failure message="java.lang.IllegalArgumentException: Not implemented yet" type="java.lang.IllegalArgumentException">java.lang.IllegalArgumentException: Not implemented yet
	at jp.go.jpo.sa1s99.common.format.api.XmlToHtmlForAmendApi.execute(XmlToHtmlForAmendApi.java:32)
	at jp.go.jpo.sa1s99.common.format.integration.ExecuteXmlToHtmlForAmendApiByDirection.executeApi(ExecuteXmlToHtmlForAmendApiByDirection.java:26)
	at jp.go.jpo.sa1s99.common.format.integration.ExecuteXmlToHtmlForAmendApiByDirection.executeApi(ExecuteXmlToHtmlForAmendApiByDirection.java:13)
	at jp.go.jpo.sa1s99.common.format.integration.ExecuteApiByDirection.execute(ExecuteApiByDirection.java:28)
	at jp.go.jpo.sa1s99.common.format.integration.HtmlToXmlForAmendApiIntegrationTest.ファイル出力を比較する: #direction #parsedResult(HtmlToXmlForAmendApiIntegrationTest.groovy:29)
</failure>
  </testcase>
  <testcase name="ファイル出力を比較する: Direction{ s_InputDir: data/input/All-Format_append/application-body/20061211, s_OutputDir: data/output/html_amend/All-Format_append/application-body/20061211} null" classname="jp.go.jpo.sa1s99.common.format.integration.HtmlToXmlForAmendApiIntegrationTest" time="0.0">
    <failure message="java.lang.IllegalArgumentException: Not implemented yet" type="java.lang.IllegalArgumentException">java.lang.IllegalArgumentException: Not implemented yet
	at jp.go.jpo.sa1s99.common.format.api.XmlToHtmlForAmendApi.execute(XmlToHtmlForAmendApi.java:32)
	at jp.go.jpo.sa1s99.common.format.integration.ExecuteXmlToHtmlForAmendApiByDirection.executeApi(ExecuteXmlToHtmlForAmendApiByDirection.java:26)
	at jp.go.jpo.sa1s99.common.format.integration.ExecuteXmlToHtmlForAmendApiByDirection.executeApi(ExecuteXmlToHtmlForAmendApiByDirection.java:13)
	at jp.go.jpo.sa1s99.common.format.integration.ExecuteApiByDirection.execute(ExecuteApiByDirection.java:28)
	at jp.go.jpo.sa1s99.common.format.integration.HtmlToXmlForAmendApiIntegrationTest.ファイル出力を比較する: #direction #parsedResult(HtmlToXmlForAmendApiIntegrationTest.groovy:29)
</failure>
  </testcase>
  <testcase name="ファイル出力を比較する: Direction{ s_InputDir: data/input/All-Format_append/application-body/case1, s_OutputDir: data/output/html_amend/All-Format_append/application-body/case1} null" classname="jp.go.jpo.sa1s99.common.format.integration.HtmlToXmlForAmendApiIntegrationTest" time="0.022">
    <failure message="java.lang.IllegalArgumentException: Not implemented yet" type="java.lang.IllegalArgumentException">java.lang.IllegalArgumentException: Not implemented yet
	at jp.go.jpo.sa1s99.common.format.api.XmlToHtmlForAmendApi.execute(XmlToHtmlForAmendApi.java:32)
	at jp.go.jpo.sa1s99.common.format.integration.ExecuteXmlToHtmlForAmendApiByDirection.executeApi(ExecuteXmlToHtmlForAmendApiByDirection.java:26)
	at jp.go.jpo.sa1s99.common.format.integration.ExecuteXmlToHtmlForAmendApiByDirection.executeApi(ExecuteXmlToHtmlForAmendApiByDirection.java:13)
	at jp.go.jpo.sa1s99.common.format.integration.ExecuteApiByDirection.execute(ExecuteApiByDirection.java:28)
	at jp.go.jpo.sa1s99.common.format.integration.HtmlToXmlForAmendApiIntegrationTest.ファイル出力を比較する: #direction #parsedResult(HtmlToXmlForAmendApiIntegrationTest.groovy:29)
</failure>
  </testcase>
  <testcase name="ファイル出力を比較する: Direction{ s_InputDir: data/input/All-Format_append/application-body/case1, s_OutputDir: data/output/html_amend/All-Format_append/application-body/case1} null" classname="jp.go.jpo.sa1s99.common.format.integration.HtmlToXmlForAmendApiIntegrationTest" time="0.0">
    <failure message="java.lang.IllegalArgumentException: Not implemented yet" type="java.lang.IllegalArgumentException">java.lang.IllegalArgumentException: Not implemented yet
	at jp.go.jpo.sa1s99.common.format.api.XmlToHtmlForAmendApi.execute(XmlToHtmlForAmendApi.java:32)
	at jp.go.jpo.sa1s99.common.format.integration.ExecuteXmlToHtmlForAmendApiByDirection.executeApi(ExecuteXmlToHtmlForAmendApiByDirection.java:26)
	at jp.go.jpo.sa1s99.common.format.integration.ExecuteXmlToHtmlForAmendApiByDirection.executeApi(ExecuteXmlToHtmlForAmendApiByDirection.java:13)
	at jp.go.jpo.sa1s99.common.format.integration.ExecuteApiByDirection.execute(ExecuteApiByDirection.java:28)
	at jp.go.jpo.sa1s99.common.format.integration.HtmlToXmlForAmendApiIntegrationTest.ファイル出力を比較する: #direction #parsedResult(HtmlToXmlForAmendApiIntegrationTest.groovy:29)
</failure>
  </testcase>
  <testcase name="ファイル出力を比較する: Direction{ s_InputDir: data/input/All-Format_append/application-body/case1-null, s_OutputDir: data/output/html_amend/All-Format_append/application-body/case1-null} null" classname="jp.go.jpo.sa1s99.common.format.integration.HtmlToXmlForAmendApiIntegrationTest" time="0.016">
    <failure message="java.lang.IllegalArgumentException: Not implemented yet" type="java.lang.IllegalArgumentException">java.lang.IllegalArgumentException: Not implemented yet
	at jp.go.jpo.sa1s99.common.format.api.XmlToHtmlForAmendApi.execute(XmlToHtmlForAmendApi.java:32)
	at jp.go.jpo.sa1s99.common.format.integration.ExecuteXmlToHtmlForAmendApiByDirection.executeApi(ExecuteXmlToHtmlForAmendApiByDirection.java:26)
	at jp.go.jpo.sa1s99.common.format.integration.ExecuteXmlToHtmlForAmendApiByDirection.executeApi(ExecuteXmlToHtmlForAmendApiByDirection.java:13)
	at jp.go.jpo.sa1s99.common.format.integration.ExecuteApiByDirection.execute(ExecuteApiByDirection.java:28)
	at jp.go.jpo.sa1s99.common.format.integration.HtmlToXmlForAmendApiIntegrationTest.ファイル出力を比較する: #direction #parsedResult(HtmlToXmlForAmendApiIntegrationTest.groovy:29)
</failure>
  </testcase>
  <testcase name="ファイル出力を比較する: Direction{ s_InputDir: data/input/All-Format_append/application-body/case1-null, s_OutputDir: data/output/html_amend/All-Format_append/application-body/case1-null} null" classname="jp.go.jpo.sa1s99.common.format.integration.HtmlToXmlForAmendApiIntegrationTest" time="0.0">
    <failure message="java.lang.IllegalArgumentException: Not implemented yet" type="java.lang.IllegalArgumentException">java.lang.IllegalArgumentException: Not implemented yet
	at jp.go.jpo.sa1s99.common.format.api.XmlToHtmlForAmendApi.execute(XmlToHtmlForAmendApi.java:32)
	at jp.go.jpo.sa1s99.common.format.integration.ExecuteXmlToHtmlForAmendApiByDirection.executeApi(ExecuteXmlToHtmlForAmendApiByDirection.java:26)
	at jp.go.jpo.sa1s99.common.format.integration.ExecuteXmlToHtmlForAmendApiByDirection.executeApi(ExecuteXmlToHtmlForAmendApiByDirection.java:13)
	at jp.go.jpo.sa1s99.common.format.integration.ExecuteApiByDirection.execute(ExecuteApiByDirection.java:28)
	at jp.go.jpo.sa1s99.common.format.integration.HtmlToXmlForAmendApiIntegrationTest.ファイル出力を比較する: #direction #parsedResult(HtmlToXmlForAmendApiIntegrationTest.groovy:29)
</failure>
  </testcase>
  <testcase name="ファイル出力を比較する: Direction{ s_InputDir: data/input/All-Format_append/application-body/case1-u_sup_sub, s_OutputDir: data/output/html_amend/All-Format_append/application-body/case1-u_sup_sub} null" classname="jp.go.jpo.sa1s99.common.format.integration.HtmlToXmlForAmendApiIntegrationTest" time="0.015">
    <failure message="java.lang.IllegalArgumentException: Not implemented yet" type="java.lang.IllegalArgumentException">java.lang.IllegalArgumentException: Not implemented yet
	at jp.go.jpo.sa1s99.common.format.api.XmlToHtmlForAmendApi.execute(XmlToHtmlForAmendApi.java:32)
	at jp.go.jpo.sa1s99.common.format.integration.ExecuteXmlToHtmlForAmendApiByDirection.executeApi(ExecuteXmlToHtmlForAmendApiByDirection.java:26)
	at jp.go.jpo.sa1s99.common.format.integration.ExecuteXmlToHtmlForAmendApiByDirection.executeApi(ExecuteXmlToHtmlForAmendApiByDirection.java:13)
	at jp.go.jpo.sa1s99.common.format.integration.ExecuteApiByDirection.execute(ExecuteApiByDirection.java:28)
	at jp.go.jpo.sa1s99.common.format.integration.HtmlToXmlForAmendApiIntegrationTest.ファイル出力を比較する: #direction #parsedResult(HtmlToXmlForAmendApiIntegrationTest.groovy:29)
</failure>
  </testcase>
  <testcase name="ファイル出力を比較する: Direction{ s_InputDir: data/input/All-Format_append/application-body/case1-u_sup_sub, s_OutputDir: data/output/html_amend/All-Format_append/application-body/case1-u_sup_sub} null" classname="jp.go.jpo.sa1s99.common.format.integration.HtmlToXmlForAmendApiIntegrationTest" time="0.0">
    <failure message="java.lang.IllegalArgumentException: Not implemented yet" type="java.lang.IllegalArgumentException">java.lang.IllegalArgumentException: Not implemented yet
	at jp.go.jpo.sa1s99.common.format.api.XmlToHtmlForAmendApi.execute(XmlToHtmlForAmendApi.java:32)
	at jp.go.jpo.sa1s99.common.format.integration.ExecuteXmlToHtmlForAmendApiByDirection.executeApi(ExecuteXmlToHtmlForAmendApiByDirection.java:26)
	at jp.go.jpo.sa1s99.common.format.integration.ExecuteXmlToHtmlForAmendApiByDirection.executeApi(ExecuteXmlToHtmlForAmendApiByDirection.java:13)
	at jp.go.jpo.sa1s99.common.format.integration.ExecuteApiByDirection.execute(ExecuteApiByDirection.java:28)
	at jp.go.jpo.sa1s99.common.format.integration.HtmlToXmlForAmendApiIntegrationTest.ファイル出力を比較する: #direction #parsedResult(HtmlToXmlForAmendApiIntegrationTest.groovy:29)
</failure>
  </testcase>
  <testcase name="ファイル出力を比較する: Direction{ s_InputDir: data/input/All-Format_append/application-body/case2, s_OutputDir: data/output/html_amend/All-Format_append/application-body/case2} null" classname="jp.go.jpo.sa1s99.common.format.integration.HtmlToXmlForAmendApiIntegrationTest" time="0.0">
    <failure message="java.lang.IllegalArgumentException: Not implemented yet" type="java.lang.IllegalArgumentException">java.lang.IllegalArgumentException: Not implemented yet
	at jp.go.jpo.sa1s99.common.format.api.XmlToHtmlForAmendApi.execute(XmlToHtmlForAmendApi.java:32)
	at jp.go.jpo.sa1s99.common.format.integration.ExecuteXmlToHtmlForAmendApiByDirection.executeApi(ExecuteXmlToHtmlForAmendApiByDirection.java:26)
	at jp.go.jpo.sa1s99.common.format.integration.ExecuteXmlToHtmlForAmendApiByDirection.executeApi(ExecuteXmlToHtmlForAmendApiByDirection.java:13)
	at jp.go.jpo.sa1s99.common.format.integration.ExecuteApiByDirection.execute(ExecuteApiByDirection.java:28)
	at jp.go.jpo.sa1s99.common.format.integration.HtmlToXmlForAmendApiIntegrationTest.ファイル出力を比較する: #direction #parsedResult(HtmlToXmlForAmendApiIntegrationTest.groovy:29)
</failure>
  </testcase>
  <testcase name="ファイル出力を比較する: Direction{ s_InputDir: data/input/All-Format_append/application-body/case2, s_OutputDir: data/output/html_amend/All-Format_append/application-body/case2} null" classname="jp.go.jpo.sa1s99.common.format.integration.HtmlToXmlForAmendApiIntegrationTest" time="0.0">
    <failure message="java.lang.IllegalArgumentException: Not implemented yet" type="java.lang.IllegalArgumentException">java.lang.IllegalArgumentException: Not implemented yet
	at jp.go.jpo.sa1s99.common.format.api.XmlToHtmlForAmendApi.execute(XmlToHtmlForAmendApi.java:32)
	at jp.go.jpo.sa1s99.common.format.integration.ExecuteXmlToHtmlForAmendApiByDirection.executeApi(ExecuteXmlToHtmlForAmendApiByDirection.java:26)
	at jp.go.jpo.sa1s99.common.format.integration.ExecuteXmlToHtmlForAmendApiByDirection.executeApi(ExecuteXmlToHtmlForAmendApiByDirection.java:13)
	at jp.go.jpo.sa1s99.common.format.integration.ExecuteApiByDirection.execute(ExecuteApiByDirection.java:28)
	at jp.go.jpo.sa1s99.common.format.integration.HtmlToXmlForAmendApiIntegrationTest.ファイル出力を比較する: #direction #parsedResult(HtmlToXmlForAmendApiIntegrationTest.groovy:29)
</failure>
  </testcase>
  <testcase name="ファイル出力を比較する: Direction{ s_InputDir: data/input/All-Format_append/conv-test/type01, s_OutputDir: data/output/html_amend/All-Format_append/conv-test/type01} null" classname="jp.go.jpo.sa1s99.common.format.integration.HtmlToXmlForAmendApiIntegrationTest" time="0.0">
    <failure message="java.lang.IllegalArgumentException: Not implemented yet" type="java.lang.IllegalArgumentException">java.lang.IllegalArgumentException: Not implemented yet
	at jp.go.jpo.sa1s99.common.format.api.XmlToHtmlForAmendApi.execute(XmlToHtmlForAmendApi.java:32)
	at jp.go.jpo.sa1s99.common.format.integration.ExecuteXmlToHtmlForAmendApiByDirection.executeApi(ExecuteXmlToHtmlForAmendApiByDirection.java:26)
	at jp.go.jpo.sa1s99.common.format.integration.ExecuteXmlToHtmlForAmendApiByDirection.executeApi(ExecuteXmlToHtmlForAmendApiByDirection.java:13)
	at jp.go.jpo.sa1s99.common.format.integration.ExecuteApiByDirection.execute(ExecuteApiByDirection.java:28)
	at jp.go.jpo.sa1s99.common.format.integration.HtmlToXmlForAmendApiIntegrationTest.ファイル出力を比較する: #direction #parsedResult(HtmlToXmlForAmendApiIntegrationTest.groovy:29)
</failure>
  </testcase>
  <testcase name="ファイル出力を比較する: Direction{ s_InputDir: data/input/All-Format_append/conv-test/type01-err, s_OutputDir: data/output/html_amend/All-Format_append/conv-test/type01-err} null" classname="jp.go.jpo.sa1s99.common.format.integration.HtmlToXmlForAmendApiIntegrationTest" time="0.016">
    <failure message="java.lang.IllegalArgumentException: Not implemented yet" type="java.lang.IllegalArgumentException">java.lang.IllegalArgumentException: Not implemented yet
	at jp.go.jpo.sa1s99.common.format.api.XmlToHtmlForAmendApi.execute(XmlToHtmlForAmendApi.java:32)
	at jp.go.jpo.sa1s99.common.format.integration.ExecuteXmlToHtmlForAmendApiByDirection.executeApi(ExecuteXmlToHtmlForAmendApiByDirection.java:26)
	at jp.go.jpo.sa1s99.common.format.integration.ExecuteXmlToHtmlForAmendApiByDirection.executeApi(ExecuteXmlToHtmlForAmendApiByDirection.java:13)
	at jp.go.jpo.sa1s99.common.format.integration.ExecuteApiByDirection.execute(ExecuteApiByDirection.java:28)
	at jp.go.jpo.sa1s99.common.format.integration.HtmlToXmlForAmendApiIntegrationTest.ファイル出力を比較する: #direction #parsedResult(HtmlToXmlForAmendApiIntegrationTest.groovy:29)
</failure>
  </testcase>
  <testcase name="ファイル出力を比較する: Direction{ s_InputDir: data/input/All-Format_append/conv-test/type05-5, s_OutputDir: data/output/html_amend/All-Format_append/conv-test/type05-5} null" classname="jp.go.jpo.sa1s99.common.format.integration.HtmlToXmlForAmendApiIntegrationTest" time="0.0">
    <failure message="java.lang.IllegalArgumentException: Not implemented yet" type="java.lang.IllegalArgumentException">java.lang.IllegalArgumentException: Not implemented yet
	at jp.go.jpo.sa1s99.common.format.api.XmlToHtmlForAmendApi.execute(XmlToHtmlForAmendApi.java:32)
	at jp.go.jpo.sa1s99.common.format.integration.ExecuteXmlToHtmlForAmendApiByDirection.executeApi(ExecuteXmlToHtmlForAmendApiByDirection.java:26)
	at jp.go.jpo.sa1s99.common.format.integration.ExecuteXmlToHtmlForAmendApiByDirection.executeApi(ExecuteXmlToHtmlForAmendApiByDirection.java:13)
	at jp.go.jpo.sa1s99.common.format.integration.ExecuteApiByDirection.execute(ExecuteApiByDirection.java:28)
	at jp.go.jpo.sa1s99.common.format.integration.HtmlToXmlForAmendApiIntegrationTest.ファイル出力を比較する: #direction #parsedResult(HtmlToXmlForAmendApiIntegrationTest.groovy:29)
</failure>
  </testcase>
  <testcase name="ファイル出力を比較する: Direction{ s_InputDir: data/input/All-Format_append/conv-test/type05-6, s_OutputDir: data/output/html_amend/All-Format_append/conv-test/type05-6} null" classname="jp.go.jpo.sa1s99.common.format.integration.HtmlToXmlForAmendApiIntegrationTest" time="0.016">
    <failure message="java.lang.IllegalArgumentException: Not implemented yet" type="java.lang.IllegalArgumentException">java.lang.IllegalArgumentException: Not implemented yet
	at jp.go.jpo.sa1s99.common.format.api.XmlToHtmlForAmendApi.execute(XmlToHtmlForAmendApi.java:32)
	at jp.go.jpo.sa1s99.common.format.integration.ExecuteXmlToHtmlForAmendApiByDirection.executeApi(ExecuteXmlToHtmlForAmendApiByDirection.java:26)
	at jp.go.jpo.sa1s99.common.format.integration.ExecuteXmlToHtmlForAmendApiByDirection.executeApi(ExecuteXmlToHtmlForAmendApiByDirection.java:13)
	at jp.go.jpo.sa1s99.common.format.integration.ExecuteApiByDirection.execute(ExecuteApiByDirection.java:28)
	at jp.go.jpo.sa1s99.common.format.integration.HtmlToXmlForAmendApiIntegrationTest.ファイル出力を比較する: #direction #parsedResult(HtmlToXmlForAmendApiIntegrationTest.groovy:29)
</failure>
  </testcase>
  <testcase name="ファイル出力を比較する: Direction{ s_InputDir: data/input/All-Format_append/drawing-body/case1, s_OutputDir: data/output/html_amend/All-Format_append/drawing-body/case1} null" classname="jp.go.jpo.sa1s99.common.format.integration.HtmlToXmlForAmendApiIntegrationTest" time="0.0">
    <failure message="java.lang.IllegalArgumentException: Not implemented yet" type="java.lang.IllegalArgumentException">java.lang.IllegalArgumentException: Not implemented yet
	at jp.go.jpo.sa1s99.common.format.api.XmlToHtmlForAmendApi.execute(XmlToHtmlForAmendApi.java:32)
	at jp.go.jpo.sa1s99.common.format.integration.ExecuteXmlToHtmlForAmendApiByDirection.executeApi(ExecuteXmlToHtmlForAmendApiByDirection.java:26)
	at jp.go.jpo.sa1s99.common.format.integration.ExecuteXmlToHtmlForAmendApiByDirection.executeApi(ExecuteXmlToHtmlForAmendApiByDirection.java:13)
	at jp.go.jpo.sa1s99.common.format.integration.ExecuteApiByDirection.execute(ExecuteApiByDirection.java:28)
	at jp.go.jpo.sa1s99.common.format.integration.HtmlToXmlForAmendApiIntegrationTest.ファイル出力を比較する: #direction #parsedResult(HtmlToXmlForAmendApiIntegrationTest.groovy:29)
</failure>
  </testcase>
  <testcase name="ファイル出力を比較する: Direction{ s_InputDir: data/input/All-Format_append/drawing-body/case1, s_OutputDir: data/output/html_amend/All-Format_append/drawing-body/case1} null" classname="jp.go.jpo.sa1s99.common.format.integration.HtmlToXmlForAmendApiIntegrationTest" time="0.0">
    <failure message="java.lang.IllegalArgumentException: Not implemented yet" type="java.lang.IllegalArgumentException">java.lang.IllegalArgumentException: Not implemented yet
	at jp.go.jpo.sa1s99.common.format.api.XmlToHtmlForAmendApi.execute(XmlToHtmlForAmendApi.java:32)
	at jp.go.jpo.sa1s99.common.format.integration.ExecuteXmlToHtmlForAmendApiByDirection.executeApi(ExecuteXmlToHtmlForAmendApiByDirection.java:26)
	at jp.go.jpo.sa1s99.common.format.integration.ExecuteXmlToHtmlForAmendApiByDirection.executeApi(ExecuteXmlToHtmlForAmendApiByDirection.java:13)
	at jp.go.jpo.sa1s99.common.format.integration.ExecuteApiByDirection.execute(ExecuteApiByDirection.java:28)
	at jp.go.jpo.sa1s99.common.format.integration.HtmlToXmlForAmendApiIntegrationTest.ファイル出力を比較する: #direction #parsedResult(HtmlToXmlForAmendApiIntegrationTest.groovy:29)
</failure>
  </testcase>
  <testcase name="ファイル出力を比較する: Direction{ s_InputDir: data/input/All-Format_append/foreign-language-body/case1, s_OutputDir: data/output/html_amend/All-Format_append/foreign-language-body/case1} null" classname="jp.go.jpo.sa1s99.common.format.integration.HtmlToXmlForAmendApiIntegrationTest" time="0.0">
    <failure message="java.lang.IllegalArgumentException: Not implemented yet" type="java.lang.IllegalArgumentException">java.lang.IllegalArgumentException: Not implemented yet
	at jp.go.jpo.sa1s99.common.format.api.XmlToHtmlForAmendApi.execute(XmlToHtmlForAmendApi.java:32)
	at jp.go.jpo.sa1s99.common.format.integration.ExecuteXmlToHtmlForAmendApiByDirection.executeApi(ExecuteXmlToHtmlForAmendApiByDirection.java:26)
	at jp.go.jpo.sa1s99.common.format.integration.ExecuteXmlToHtmlForAmendApiByDirection.executeApi(ExecuteXmlToHtmlForAmendApiByDirection.java:13)
	at jp.go.jpo.sa1s99.common.format.integration.ExecuteApiByDirection.execute(ExecuteApiByDirection.java:28)
	at jp.go.jpo.sa1s99.common.format.integration.HtmlToXmlForAmendApiIntegrationTest.ファイル出力を比較する: #direction #parsedResult(HtmlToXmlForAmendApiIntegrationTest.groovy:29)
</failure>
  </testcase>
  <testcase name="ファイル出力を比較する: Direction{ s_InputDir: data/input/All-Format_append/foreign-language-body/case1, s_OutputDir: data/output/html_amend/All-Format_append/foreign-language-body/case1} null" classname="jp.go.jpo.sa1s99.common.format.integration.HtmlToXmlForAmendApiIntegrationTest" time="0.0">
    <failure message="java.lang.IllegalArgumentException: Not implemented yet" type="java.lang.IllegalArgumentException">java.lang.IllegalArgumentException: Not implemented yet
	at jp.go.jpo.sa1s99.common.format.api.XmlToHtmlForAmendApi.execute(XmlToHtmlForAmendApi.java:32)
	at jp.go.jpo.sa1s99.common.format.integration.ExecuteXmlToHtmlForAmendApiByDirection.executeApi(ExecuteXmlToHtmlForAmendApiByDirection.java:26)
	at jp.go.jpo.sa1s99.common.format.integration.ExecuteXmlToHtmlForAmendApiByDirection.executeApi(ExecuteXmlToHtmlForAmendApiByDirection.java:13)
	at jp.go.jpo.sa1s99.common.format.integration.ExecuteApiByDirection.execute(ExecuteApiByDirection.java:28)
	at jp.go.jpo.sa1s99.common.format.integration.HtmlToXmlForAmendApiIntegrationTest.ファイル出力を比較する: #direction #parsedResult(HtmlToXmlForAmendApiIntegrationTest.groovy:29)
</failure>
  </testcase>
  <testcase name="ファイル出力を比較する: Direction{ s_InputDir: data/input/All-Format_append/foreign-language-body/case2, s_OutputDir: data/output/html_amend/All-Format_append/foreign-language-body/case2} null" classname="jp.go.jpo.sa1s99.common.format.integration.HtmlToXmlForAmendApiIntegrationTest" time="0.0">
    <failure message="java.lang.IllegalArgumentException: Not implemented yet" type="java.lang.IllegalArgumentException">java.lang.IllegalArgumentException: Not implemented yet
	at jp.go.jpo.sa1s99.common.format.api.XmlToHtmlForAmendApi.execute(XmlToHtmlForAmendApi.java:32)
	at jp.go.jpo.sa1s99.common.format.integration.ExecuteXmlToHtmlForAmendApiByDirection.executeApi(ExecuteXmlToHtmlForAmendApiByDirection.java:26)
	at jp.go.jpo.sa1s99.common.format.integration.ExecuteXmlToHtmlForAmendApiByDirection.executeApi(ExecuteXmlToHtmlForAmendApiByDirection.java:13)
	at jp.go.jpo.sa1s99.common.format.integration.ExecuteApiByDirection.execute(ExecuteApiByDirection.java:28)
	at jp.go.jpo.sa1s99.common.format.integration.HtmlToXmlForAmendApiIntegrationTest.ファイル出力を比較する: #direction #parsedResult(HtmlToXmlForAmendApiIntegrationTest.groovy:29)
</failure>
  </testcase>
  <testcase name="ファイル出力を比較する: Direction{ s_InputDir: data/input/All-Format_append/foreign-language-body/case3, s_OutputDir: data/output/html_amend/All-Format_append/foreign-language-body/case3} null" classname="jp.go.jpo.sa1s99.common.format.integration.HtmlToXmlForAmendApiIntegrationTest" time="0.0">
    <failure message="java.lang.IllegalArgumentException: Not implemented yet" type="java.lang.IllegalArgumentException">java.lang.IllegalArgumentException: Not implemented yet
	at jp.go.jpo.sa1s99.common.format.api.XmlToHtmlForAmendApi.execute(XmlToHtmlForAmendApi.java:32)
	at jp.go.jpo.sa1s99.common.format.integration.ExecuteXmlToHtmlForAmendApiByDirection.executeApi(ExecuteXmlToHtmlForAmendApiByDirection.java:26)
	at jp.go.jpo.sa1s99.common.format.integration.ExecuteXmlToHtmlForAmendApiByDirection.executeApi(ExecuteXmlToHtmlForAmendApiByDirection.java:13)
	at jp.go.jpo.sa1s99.common.format.integration.ExecuteApiByDirection.execute(ExecuteApiByDirection.java:28)
	at jp.go.jpo.sa1s99.common.format.integration.HtmlToXmlForAmendApiIntegrationTest.ファイル出力を比較する: #direction #parsedResult(HtmlToXmlForAmendApiIntegrationTest.groovy:29)
</failure>
  </testcase>
  <testcase name="ファイル出力を比較する: Direction{ s_InputDir: data/input/All-Format_append/pat-amnd/01-amendment-a51-p, s_OutputDir: data/output/html_amend/All-Format_append/pat-amnd/01-amendment-a51-p} null" classname="jp.go.jpo.sa1s99.common.format.integration.HtmlToXmlForAmendApiIntegrationTest" time="0.0">
    <failure message="java.lang.IllegalArgumentException: Not implemented yet" type="java.lang.IllegalArgumentException">java.lang.IllegalArgumentException: Not implemented yet
	at jp.go.jpo.sa1s99.common.format.api.XmlToHtmlForAmendApi.execute(XmlToHtmlForAmendApi.java:32)
	at jp.go.jpo.sa1s99.common.format.integration.ExecuteXmlToHtmlForAmendApiByDirection.executeApi(ExecuteXmlToHtmlForAmendApiByDirection.java:26)
	at jp.go.jpo.sa1s99.common.format.integration.ExecuteXmlToHtmlForAmendApiByDirection.executeApi(ExecuteXmlToHtmlForAmendApiByDirection.java:13)
	at jp.go.jpo.sa1s99.common.format.integration.ExecuteApiByDirection.execute(ExecuteApiByDirection.java:28)
	at jp.go.jpo.sa1s99.common.format.integration.HtmlToXmlForAmendApiIntegrationTest.ファイル出力を比較する: #direction #parsedResult(HtmlToXmlForAmendApiIntegrationTest.groovy:29)
</failure>
  </testcase>
  <testcase name="ファイル出力を比較する: Direction{ s_InputDir: data/input/All-Format_append/pat-amnd/01-amendment-a51-p-conv-err, s_OutputDir: data/output/html_amend/All-Format_append/pat-amnd/01-amendment-a51-p-conv-err} null" classname="jp.go.jpo.sa1s99.common.format.integration.HtmlToXmlForAmendApiIntegrationTest" time="0.0">
    <failure message="java.lang.IllegalArgumentException: Not implemented yet" type="java.lang.IllegalArgumentException">java.lang.IllegalArgumentException: Not implemented yet
	at jp.go.jpo.sa1s99.common.format.api.XmlToHtmlForAmendApi.execute(XmlToHtmlForAmendApi.java:32)
	at jp.go.jpo.sa1s99.common.format.integration.ExecuteXmlToHtmlForAmendApiByDirection.executeApi(ExecuteXmlToHtmlForAmendApiByDirection.java:26)
	at jp.go.jpo.sa1s99.common.format.integration.ExecuteXmlToHtmlForAmendApiByDirection.executeApi(ExecuteXmlToHtmlForAmendApiByDirection.java:13)
	at jp.go.jpo.sa1s99.common.format.integration.ExecuteApiByDirection.execute(ExecuteApiByDirection.java:28)
	at jp.go.jpo.sa1s99.common.format.integration.HtmlToXmlForAmendApiIntegrationTest.ファイル出力を比較する: #direction #parsedResult(HtmlToXmlForAmendApiIntegrationTest.groovy:29)
</failure>
  </testcase>
  <testcase name="ファイル出力を比較する: Direction{ s_InputDir: data/input/All-Format_append/pat-amnd/01-amendment-a51-p-error-code, s_OutputDir: data/output/html_amend/All-Format_append/pat-amnd/01-amendment-a51-p-error-code} null" classname="jp.go.jpo.sa1s99.common.format.integration.HtmlToXmlForAmendApiIntegrationTest" time="0.015">
    <failure message="java.lang.IllegalArgumentException: Not implemented yet" type="java.lang.IllegalArgumentException">java.lang.IllegalArgumentException: Not implemented yet
	at jp.go.jpo.sa1s99.common.format.api.XmlToHtmlForAmendApi.execute(XmlToHtmlForAmendApi.java:32)
	at jp.go.jpo.sa1s99.common.format.integration.ExecuteXmlToHtmlForAmendApiByDirection.executeApi(ExecuteXmlToHtmlForAmendApiByDirection.java:26)
	at jp.go.jpo.sa1s99.common.format.integration.ExecuteXmlToHtmlForAmendApiByDirection.executeApi(ExecuteXmlToHtmlForAmendApiByDirection.java:13)
	at jp.go.jpo.sa1s99.common.format.integration.ExecuteApiByDirection.execute(ExecuteApiByDirection.java:28)
	at jp.go.jpo.sa1s99.common.format.integration.HtmlToXmlForAmendApiIntegrationTest.ファイル出力を比較する: #direction #parsedResult(HtmlToXmlForAmendApiIntegrationTest.groovy:29)
</failure>
  </testcase>
  <testcase name="ファイル出力を比較する: Direction{ s_InputDir: data/input/All-Format_append/pat-amnd/01-amendment-a51-p-null, s_OutputDir: data/output/html_amend/All-Format_append/pat-amnd/01-amendment-a51-p-null} null" classname="jp.go.jpo.sa1s99.common.format.integration.HtmlToXmlForAmendApiIntegrationTest" time="0.0">
    <failure message="java.lang.IllegalArgumentException: Not implemented yet" type="java.lang.IllegalArgumentException">java.lang.IllegalArgumentException: Not implemented yet
	at jp.go.jpo.sa1s99.common.format.api.XmlToHtmlForAmendApi.execute(XmlToHtmlForAmendApi.java:32)
	at jp.go.jpo.sa1s99.common.format.integration.ExecuteXmlToHtmlForAmendApiByDirection.executeApi(ExecuteXmlToHtmlForAmendApiByDirection.java:26)
	at jp.go.jpo.sa1s99.common.format.integration.ExecuteXmlToHtmlForAmendApiByDirection.executeApi(ExecuteXmlToHtmlForAmendApiByDirection.java:13)
	at jp.go.jpo.sa1s99.common.format.integration.ExecuteApiByDirection.execute(ExecuteApiByDirection.java:28)
	at jp.go.jpo.sa1s99.common.format.integration.HtmlToXmlForAmendApiIntegrationTest.ファイル出力を比較する: #direction #parsedResult(HtmlToXmlForAmendApiIntegrationTest.groovy:29)
</failure>
  </testcase>
  <testcase name="ファイル出力を比較する: Direction{ s_InputDir: data/input/All-Format_append/pat-amnd/01-amendment-a51-u, s_OutputDir: data/output/html_amend/All-Format_append/pat-amnd/01-amendment-a51-u} null" classname="jp.go.jpo.sa1s99.common.format.integration.HtmlToXmlForAmendApiIntegrationTest" time="0.0">
    <failure message="java.lang.IllegalArgumentException: Not implemented yet" type="java.lang.IllegalArgumentException">java.lang.IllegalArgumentException: Not implemented yet
	at jp.go.jpo.sa1s99.common.format.api.XmlToHtmlForAmendApi.execute(XmlToHtmlForAmendApi.java:32)
	at jp.go.jpo.sa1s99.common.format.integration.ExecuteXmlToHtmlForAmendApiByDirection.executeApi(ExecuteXmlToHtmlForAmendApiByDirection.java:26)
	at jp.go.jpo.sa1s99.common.format.integration.ExecuteXmlToHtmlForAmendApiByDirection.executeApi(ExecuteXmlToHtmlForAmendApiByDirection.java:13)
	at jp.go.jpo.sa1s99.common.format.integration.ExecuteApiByDirection.execute(ExecuteApiByDirection.java:28)
	at jp.go.jpo.sa1s99.common.format.integration.HtmlToXmlForAmendApiIntegrationTest.ファイル出力を比較する: #direction #parsedResult(HtmlToXmlForAmendApiIntegrationTest.groovy:29)
</failure>
  </testcase>
  <testcase name="ファイル出力を比較する: Direction{ s_InputDir: data/input/All-Format_append/pat-amnd/01-amendment-a51-x, s_OutputDir: data/output/html_amend/All-Format_append/pat-amnd/01-amendment-a51-x} null" classname="jp.go.jpo.sa1s99.common.format.integration.HtmlToXmlForAmendApiIntegrationTest" time="0.023">
    <failure message="java.lang.IllegalArgumentException: Not implemented yet" type="java.lang.IllegalArgumentException">java.lang.IllegalArgumentException: Not implemented yet
	at jp.go.jpo.sa1s99.common.format.api.XmlToHtmlForAmendApi.execute(XmlToHtmlForAmendApi.java:32)
	at jp.go.jpo.sa1s99.common.format.integration.ExecuteXmlToHtmlForAmendApiByDirection.executeApi(ExecuteXmlToHtmlForAmendApiByDirection.java:26)
	at jp.go.jpo.sa1s99.common.format.integration.ExecuteXmlToHtmlForAmendApiByDirection.executeApi(ExecuteXmlToHtmlForAmendApiByDirection.java:13)
	at jp.go.jpo.sa1s99.common.format.integration.ExecuteApiByDirection.execute(ExecuteApiByDirection.java:28)
	at jp.go.jpo.sa1s99.common.format.integration.HtmlToXmlForAmendApiIntegrationTest.ファイル出力を比較する: #direction #parsedResult(HtmlToXmlForAmendApiIntegrationTest.groovy:29)
</failure>
  </testcase>
  <testcase name="ファイル出力を比較する: Direction{ s_InputDir: data/input/All-Format_append/pat-amnd/02-amendment-a523-p, s_OutputDir: data/output/html_amend/All-Format_append/pat-amnd/02-amendment-a523-p} null" classname="jp.go.jpo.sa1s99.common.format.integration.HtmlToXmlForAmendApiIntegrationTest" time="0.0">
    <failure message="java.lang.IllegalArgumentException: Not implemented yet" type="java.lang.IllegalArgumentException">java.lang.IllegalArgumentException: Not implemented yet
	at jp.go.jpo.sa1s99.common.format.api.XmlToHtmlForAmendApi.execute(XmlToHtmlForAmendApi.java:32)
	at jp.go.jpo.sa1s99.common.format.integration.ExecuteXmlToHtmlForAmendApiByDirection.executeApi(ExecuteXmlToHtmlForAmendApiByDirection.java:26)
	at jp.go.jpo.sa1s99.common.format.integration.ExecuteXmlToHtmlForAmendApiByDirection.executeApi(ExecuteXmlToHtmlForAmendApiByDirection.java:13)
	at jp.go.jpo.sa1s99.common.format.integration.ExecuteApiByDirection.execute(ExecuteApiByDirection.java:28)
	at jp.go.jpo.sa1s99.common.format.integration.HtmlToXmlForAmendApiIntegrationTest.ファイル出力を比較する: #direction #parsedResult(HtmlToXmlForAmendApiIntegrationTest.groovy:29)
</failure>
  </testcase>
  <testcase name="ファイル出力を比較する: Direction{ s_InputDir: data/input/All-Format_append/pat-amnd/02-amendment-a523-u, s_OutputDir: data/output/html_amend/All-Format_append/pat-amnd/02-amendment-a523-u} null" classname="jp.go.jpo.sa1s99.common.format.integration.HtmlToXmlForAmendApiIntegrationTest" time="0.015">
    <failure message="java.lang.IllegalArgumentException: Not implemented yet" type="java.lang.IllegalArgumentException">java.lang.IllegalArgumentException: Not implemented yet
	at jp.go.jpo.sa1s99.common.format.api.XmlToHtmlForAmendApi.execute(XmlToHtmlForAmendApi.java:32)
	at jp.go.jpo.sa1s99.common.format.integration.ExecuteXmlToHtmlForAmendApiByDirection.executeApi(ExecuteXmlToHtmlForAmendApiByDirection.java:26)
	at jp.go.jpo.sa1s99.common.format.integration.ExecuteXmlToHtmlForAmendApiByDirection.executeApi(ExecuteXmlToHtmlForAmendApiByDirection.java:13)
	at jp.go.jpo.sa1s99.common.format.integration.ExecuteApiByDirection.execute(ExecuteApiByDirection.java:28)
	at jp.go.jpo.sa1s99.common.format.integration.HtmlToXmlForAmendApiIntegrationTest.ファイル出力を比較する: #direction #parsedResult(HtmlToXmlForAmendApiIntegrationTest.groovy:29)
</failure>
  </testcase>
  <testcase name="ファイル出力を比較する: Direction{ s_InputDir: data/input/All-Format_append/pat-amnd/03-amendment-a524-p, s_OutputDir: data/output/html_amend/All-Format_append/pat-amnd/03-amendment-a524-p} null" classname="jp.go.jpo.sa1s99.common.format.integration.HtmlToXmlForAmendApiIntegrationTest" time="0.016">
    <failure message="java.lang.IllegalArgumentException: Not implemented yet" type="java.lang.IllegalArgumentException">java.lang.IllegalArgumentException: Not implemented yet
	at jp.go.jpo.sa1s99.common.format.api.XmlToHtmlForAmendApi.execute(XmlToHtmlForAmendApi.java:32)
	at jp.go.jpo.sa1s99.common.format.integration.ExecuteXmlToHtmlForAmendApiByDirection.executeApi(ExecuteXmlToHtmlForAmendApiByDirection.java:26)
	at jp.go.jpo.sa1s99.common.format.integration.ExecuteXmlToHtmlForAmendApiByDirection.executeApi(ExecuteXmlToHtmlForAmendApiByDirection.java:13)
	at jp.go.jpo.sa1s99.common.format.integration.ExecuteApiByDirection.execute(ExecuteApiByDirection.java:28)
	at jp.go.jpo.sa1s99.common.format.integration.HtmlToXmlForAmendApiIntegrationTest.ファイル出力を比較する: #direction #parsedResult(HtmlToXmlForAmendApiIntegrationTest.groovy:29)
</failure>
  </testcase>
  <testcase name="ファイル出力を比較する: Direction{ s_InputDir: data/input/All-Format_append/pat-amnd/04-amendment-a525-p, s_OutputDir: data/output/html_amend/All-Format_append/pat-amnd/04-amendment-a525-p} null" classname="jp.go.jpo.sa1s99.common.format.integration.HtmlToXmlForAmendApiIntegrationTest" time="0.0">
    <failure message="java.lang.IllegalArgumentException: Not implemented yet" type="java.lang.IllegalArgumentException">java.lang.IllegalArgumentException: Not implemented yet
	at jp.go.jpo.sa1s99.common.format.api.XmlToHtmlForAmendApi.execute(XmlToHtmlForAmendApi.java:32)
	at jp.go.jpo.sa1s99.common.format.integration.ExecuteXmlToHtmlForAmendApiByDirection.executeApi(ExecuteXmlToHtmlForAmendApiByDirection.java:26)
	at jp.go.jpo.sa1s99.common.format.integration.ExecuteXmlToHtmlForAmendApiByDirection.executeApi(ExecuteXmlToHtmlForAmendApiByDirection.java:13)
	at jp.go.jpo.sa1s99.common.format.integration.ExecuteApiByDirection.execute(ExecuteApiByDirection.java:28)
	at jp.go.jpo.sa1s99.common.format.integration.HtmlToXmlForAmendApiIntegrationTest.ファイル出力を比較する: #direction #parsedResult(HtmlToXmlForAmendApiIntegrationTest.groovy:29)
</failure>
  </testcase>
  <testcase name="ファイル出力を比較する: Direction{ s_InputDir: data/input/All-Format_append/pat-amnd/04-amendment-a525-u, s_OutputDir: data/output/html_amend/All-Format_append/pat-amnd/04-amendment-a525-u} null" classname="jp.go.jpo.sa1s99.common.format.integration.HtmlToXmlForAmendApiIntegrationTest" time="0.016">
    <failure message="java.lang.IllegalArgumentException: Not implemented yet" type="java.lang.IllegalArgumentException">java.lang.IllegalArgumentException: Not implemented yet
	at jp.go.jpo.sa1s99.common.format.api.XmlToHtmlForAmendApi.execute(XmlToHtmlForAmendApi.java:32)
	at jp.go.jpo.sa1s99.common.format.integration.ExecuteXmlToHtmlForAmendApiByDirection.executeApi(ExecuteXmlToHtmlForAmendApiByDirection.java:26)
	at jp.go.jpo.sa1s99.common.format.integration.ExecuteXmlToHtmlForAmendApiByDirection.executeApi(ExecuteXmlToHtmlForAmendApiByDirection.java:13)
	at jp.go.jpo.sa1s99.common.format.integration.ExecuteApiByDirection.execute(ExecuteApiByDirection.java:28)
	at jp.go.jpo.sa1s99.common.format.integration.HtmlToXmlForAmendApiIntegrationTest.ファイル出力を比較する: #direction #parsedResult(HtmlToXmlForAmendApiIntegrationTest.groovy:29)
</failure>
  </testcase>
  <testcase name="ファイル出力を比較する: Direction{ s_InputDir: data/input/All-Format_append/pat-amnd/05-amendment-a526-p, s_OutputDir: data/output/html_amend/All-Format_append/pat-amnd/05-amendment-a526-p} null" classname="jp.go.jpo.sa1s99.common.format.integration.HtmlToXmlForAmendApiIntegrationTest" time="0.0">
    <failure message="java.lang.IllegalArgumentException: Not implemented yet" type="java.lang.IllegalArgumentException">java.lang.IllegalArgumentException: Not implemented yet
	at jp.go.jpo.sa1s99.common.format.api.XmlToHtmlForAmendApi.execute(XmlToHtmlForAmendApi.java:32)
	at jp.go.jpo.sa1s99.common.format.integration.ExecuteXmlToHtmlForAmendApiByDirection.executeApi(ExecuteXmlToHtmlForAmendApiByDirection.java:26)
	at jp.go.jpo.sa1s99.common.format.integration.ExecuteXmlToHtmlForAmendApiByDirection.executeApi(ExecuteXmlToHtmlForAmendApiByDirection.java:13)
	at jp.go.jpo.sa1s99.common.format.integration.ExecuteApiByDirection.execute(ExecuteApiByDirection.java:28)
	at jp.go.jpo.sa1s99.common.format.integration.HtmlToXmlForAmendApiIntegrationTest.ファイル出力を比較する: #direction #parsedResult(HtmlToXmlForAmendApiIntegrationTest.groovy:29)
</failure>
  </testcase>
  <testcase name="ファイル出力を比較する: Direction{ s_InputDir: data/input/All-Format_append/pat-amnd/05-amendment-a526-u, s_OutputDir: data/output/html_amend/All-Format_append/pat-amnd/05-amendment-a526-u} null" classname="jp.go.jpo.sa1s99.common.format.integration.HtmlToXmlForAmendApiIntegrationTest" time="0.015">
    <failure message="java.lang.IllegalArgumentException: Not implemented yet" type="java.lang.IllegalArgumentException">java.lang.IllegalArgumentException: Not implemented yet
	at jp.go.jpo.sa1s99.common.format.api.XmlToHtmlForAmendApi.execute(XmlToHtmlForAmendApi.java:32)
	at jp.go.jpo.sa1s99.common.format.integration.ExecuteXmlToHtmlForAmendApiByDirection.executeApi(ExecuteXmlToHtmlForAmendApiByDirection.java:26)
	at jp.go.jpo.sa1s99.common.format.integration.ExecuteXmlToHtmlForAmendApiByDirection.executeApi(ExecuteXmlToHtmlForAmendApiByDirection.java:13)
	at jp.go.jpo.sa1s99.common.format.integration.ExecuteApiByDirection.execute(ExecuteApiByDirection.java:28)
	at jp.go.jpo.sa1s99.common.format.integration.HtmlToXmlForAmendApiIntegrationTest.ファイル出力を比較する: #direction #parsedResult(HtmlToXmlForAmendApiIntegrationTest.groovy:29)
</failure>
  </testcase>
  <testcase name="ファイル出力を比較する: Direction{ s_InputDir: data/input/All-Format_append/pat-amnd/06-amendment-a527-p, s_OutputDir: data/output/html_amend/All-Format_append/pat-amnd/06-amendment-a527-p} null" classname="jp.go.jpo.sa1s99.common.format.integration.HtmlToXmlForAmendApiIntegrationTest" time="0.016">
    <failure message="java.lang.IllegalArgumentException: Not implemented yet" type="java.lang.IllegalArgumentException">java.lang.IllegalArgumentException: Not implemented yet
	at jp.go.jpo.sa1s99.common.format.api.XmlToHtmlForAmendApi.execute(XmlToHtmlForAmendApi.java:32)
	at jp.go.jpo.sa1s99.common.format.integration.ExecuteXmlToHtmlForAmendApiByDirection.executeApi(ExecuteXmlToHtmlForAmendApiByDirection.java:26)
	at jp.go.jpo.sa1s99.common.format.integration.ExecuteXmlToHtmlForAmendApiByDirection.executeApi(ExecuteXmlToHtmlForAmendApiByDirection.java:13)
	at jp.go.jpo.sa1s99.common.format.integration.ExecuteApiByDirection.execute(ExecuteApiByDirection.java:28)
	at jp.go.jpo.sa1s99.common.format.integration.HtmlToXmlForAmendApiIntegrationTest.ファイル出力を比較する: #direction #parsedResult(HtmlToXmlForAmendApiIntegrationTest.groovy:29)
</failure>
  </testcase>
  <testcase name="ファイル出力を比較する: Direction{ s_InputDir: data/input/All-Format_append/pat-amnd/06-amendment-a527-u, s_OutputDir: data/output/html_amend/All-Format_append/pat-amnd/06-amendment-a527-u} null" classname="jp.go.jpo.sa1s99.common.format.integration.HtmlToXmlForAmendApiIntegrationTest" time="0.0">
    <failure message="java.lang.IllegalArgumentException: Not implemented yet" type="java.lang.IllegalArgumentException">java.lang.IllegalArgumentException: Not implemented yet
	at jp.go.jpo.sa1s99.common.format.api.XmlToHtmlForAmendApi.execute(XmlToHtmlForAmendApi.java:32)
	at jp.go.jpo.sa1s99.common.format.integration.ExecuteXmlToHtmlForAmendApiByDirection.executeApi(ExecuteXmlToHtmlForAmendApiByDirection.java:26)
	at jp.go.jpo.sa1s99.common.format.integration.ExecuteXmlToHtmlForAmendApiByDirection.executeApi(ExecuteXmlToHtmlForAmendApiByDirection.java:13)
	at jp.go.jpo.sa1s99.common.format.integration.ExecuteApiByDirection.execute(ExecuteApiByDirection.java:28)
	at jp.go.jpo.sa1s99.common.format.integration.HtmlToXmlForAmendApiIntegrationTest.ファイル出力を比較する: #direction #parsedResult(HtmlToXmlForAmendApiIntegrationTest.groovy:29)
</failure>
  </testcase>
  <testcase name="ファイル出力を比較する: Direction{ s_InputDir: data/input/All-Format_append/pat-amnd/07-amendment-a528-p, s_OutputDir: data/output/html_amend/All-Format_append/pat-amnd/07-amendment-a528-p} null" classname="jp.go.jpo.sa1s99.common.format.integration.HtmlToXmlForAmendApiIntegrationTest" time="0.016">
    <failure message="java.lang.IllegalArgumentException: Not implemented yet" type="java.lang.IllegalArgumentException">java.lang.IllegalArgumentException: Not implemented yet
	at jp.go.jpo.sa1s99.common.format.api.XmlToHtmlForAmendApi.execute(XmlToHtmlForAmendApi.java:32)
	at jp.go.jpo.sa1s99.common.format.integration.ExecuteXmlToHtmlForAmendApiByDirection.executeApi(ExecuteXmlToHtmlForAmendApiByDirection.java:26)
	at jp.go.jpo.sa1s99.common.format.integration.ExecuteXmlToHtmlForAmendApiByDirection.executeApi(ExecuteXmlToHtmlForAmendApiByDirection.java:13)
	at jp.go.jpo.sa1s99.common.format.integration.ExecuteApiByDirection.execute(ExecuteApiByDirection.java:28)
	at jp.go.jpo.sa1s99.common.format.integration.HtmlToXmlForAmendApiIntegrationTest.ファイル出力を比較する: #direction #parsedResult(HtmlToXmlForAmendApiIntegrationTest.groovy:29)
</failure>
  </testcase>
  <testcase name="ファイル出力を比較する: Direction{ s_InputDir: data/input/All-Format_append/pat-amnd/07-amendment-a528-u, s_OutputDir: data/output/html_amend/All-Format_append/pat-amnd/07-amendment-a528-u} null" classname="jp.go.jpo.sa1s99.common.format.integration.HtmlToXmlForAmendApiIntegrationTest" time="0.005">
    <failure message="java.lang.IllegalArgumentException: Not implemented yet" type="java.lang.IllegalArgumentException">java.lang.IllegalArgumentException: Not implemented yet
	at jp.go.jpo.sa1s99.common.format.api.XmlToHtmlForAmendApi.execute(XmlToHtmlForAmendApi.java:32)
	at jp.go.jpo.sa1s99.common.format.integration.ExecuteXmlToHtmlForAmendApiByDirection.executeApi(ExecuteXmlToHtmlForAmendApiByDirection.java:26)
	at jp.go.jpo.sa1s99.common.format.integration.ExecuteXmlToHtmlForAmendApiByDirection.executeApi(ExecuteXmlToHtmlForAmendApiByDirection.java:13)
	at jp.go.jpo.sa1s99.common.format.integration.ExecuteApiByDirection.execute(ExecuteApiByDirection.java:28)
	at jp.go.jpo.sa1s99.common.format.integration.HtmlToXmlForAmendApiIntegrationTest.ファイル出力を比較する: #direction #parsedResult(HtmlToXmlForAmendApiIntegrationTest.groovy:29)
</failure>
  </testcase>
  <testcase name="ファイル出力を比較する: Direction{ s_InputDir: data/input/All-Format_append/pat-amnd/08-amendment-a529-p, s_OutputDir: data/output/html_amend/All-Format_append/pat-amnd/08-amendment-a529-p} null" classname="jp.go.jpo.sa1s99.common.format.integration.HtmlToXmlForAmendApiIntegrationTest" time="0.001">
    <failure message="java.lang.IllegalArgumentException: Not implemented yet" type="java.lang.IllegalArgumentException">java.lang.IllegalArgumentException: Not implemented yet
	at jp.go.jpo.sa1s99.common.format.api.XmlToHtmlForAmendApi.execute(XmlToHtmlForAmendApi.java:32)
	at jp.go.jpo.sa1s99.common.format.integration.ExecuteXmlToHtmlForAmendApiByDirection.executeApi(ExecuteXmlToHtmlForAmendApiByDirection.java:26)
	at jp.go.jpo.sa1s99.common.format.integration.ExecuteXmlToHtmlForAmendApiByDirection.executeApi(ExecuteXmlToHtmlForAmendApiByDirection.java:13)
	at jp.go.jpo.sa1s99.common.format.integration.ExecuteApiByDirection.execute(ExecuteApiByDirection.java:28)
	at jp.go.jpo.sa1s99.common.format.integration.HtmlToXmlForAmendApiIntegrationTest.ファイル出力を比較する: #direction #parsedResult(HtmlToXmlForAmendApiIntegrationTest.groovy:29)
</failure>
  </testcase>
  <testcase name="ファイル出力を比較する: Direction{ s_InputDir: data/input/All-Format_append/pat-amnd/08-amendment-a529-u, s_OutputDir: data/output/html_amend/All-Format_append/pat-amnd/08-amendment-a529-u} null" classname="jp.go.jpo.sa1s99.common.format.integration.HtmlToXmlForAmendApiIntegrationTest" time="0.0">
    <failure message="java.lang.IllegalArgumentException: Not implemented yet" type="java.lang.IllegalArgumentException">java.lang.IllegalArgumentException: Not implemented yet
	at jp.go.jpo.sa1s99.common.format.api.XmlToHtmlForAmendApi.execute(XmlToHtmlForAmendApi.java:32)
	at jp.go.jpo.sa1s99.common.format.integration.ExecuteXmlToHtmlForAmendApiByDirection.executeApi(ExecuteXmlToHtmlForAmendApiByDirection.java:26)
	at jp.go.jpo.sa1s99.common.format.integration.ExecuteXmlToHtmlForAmendApiByDirection.executeApi(ExecuteXmlToHtmlForAmendApiByDirection.java:13)
	at jp.go.jpo.sa1s99.common.format.integration.ExecuteApiByDirection.execute(ExecuteApiByDirection.java:28)
	at jp.go.jpo.sa1s99.common.format.integration.HtmlToXmlForAmendApiIntegrationTest.ファイル出力を比較する: #direction #parsedResult(HtmlToXmlForAmendApiIntegrationTest.groovy:29)
</failure>
  </testcase>
  <testcase name="ファイル出力を比較する: Direction{ s_InputDir: data/input/All-Format_append/pat-amnd/09-amendment-a5210-p, s_OutputDir: data/output/html_amend/All-Format_append/pat-amnd/09-amendment-a5210-p} null" classname="jp.go.jpo.sa1s99.common.format.integration.HtmlToXmlForAmendApiIntegrationTest" time="0.015">
    <failure message="java.lang.IllegalArgumentException: Not implemented yet" type="java.lang.IllegalArgumentException">java.lang.IllegalArgumentException: Not implemented yet
	at jp.go.jpo.sa1s99.common.format.api.XmlToHtmlForAmendApi.execute(XmlToHtmlForAmendApi.java:32)
	at jp.go.jpo.sa1s99.common.format.integration.ExecuteXmlToHtmlForAmendApiByDirection.executeApi(ExecuteXmlToHtmlForAmendApiByDirection.java:26)
	at jp.go.jpo.sa1s99.common.format.integration.ExecuteXmlToHtmlForAmendApiByDirection.executeApi(ExecuteXmlToHtmlForAmendApiByDirection.java:13)
	at jp.go.jpo.sa1s99.common.format.integration.ExecuteApiByDirection.execute(ExecuteApiByDirection.java:28)
	at jp.go.jpo.sa1s99.common.format.integration.HtmlToXmlForAmendApiIntegrationTest.ファイル出力を比較する: #direction #parsedResult(HtmlToXmlForAmendApiIntegrationTest.groovy:29)
</failure>
  </testcase>
  <testcase name="ファイル出力を比較する: Direction{ s_InputDir: data/input/All-Format_append/pat-amnd/09-amendment-a5210-u, s_OutputDir: data/output/html_amend/All-Format_append/pat-amnd/09-amendment-a5210-u} null" classname="jp.go.jpo.sa1s99.common.format.integration.HtmlToXmlForAmendApiIntegrationTest" time="0.0">
    <failure message="java.lang.IllegalArgumentException: Not implemented yet" type="java.lang.IllegalArgumentException">java.lang.IllegalArgumentException: Not implemented yet
	at jp.go.jpo.sa1s99.common.format.api.XmlToHtmlForAmendApi.execute(XmlToHtmlForAmendApi.java:32)
	at jp.go.jpo.sa1s99.common.format.integration.ExecuteXmlToHtmlForAmendApiByDirection.executeApi(ExecuteXmlToHtmlForAmendApiByDirection.java:26)
	at jp.go.jpo.sa1s99.common.format.integration.ExecuteXmlToHtmlForAmendApiByDirection.executeApi(ExecuteXmlToHtmlForAmendApiByDirection.java:13)
	at jp.go.jpo.sa1s99.common.format.integration.ExecuteApiByDirection.execute(ExecuteApiByDirection.java:28)
	at jp.go.jpo.sa1s99.common.format.integration.HtmlToXmlForAmendApiIntegrationTest.ファイル出力を比較する: #direction #parsedResult(HtmlToXmlForAmendApiIntegrationTest.groovy:29)
</failure>
  </testcase>
  <testcase name="ファイル出力を比較する: Direction{ s_InputDir: data/input/All-Format_append/pat-amnd/10-amendment-a5211-p, s_OutputDir: data/output/html_amend/All-Format_append/pat-amnd/10-amendment-a5211-p} null" classname="jp.go.jpo.sa1s99.common.format.integration.HtmlToXmlForAmendApiIntegrationTest" time="0.0">
    <failure message="java.lang.IllegalArgumentException: Not implemented yet" type="java.lang.IllegalArgumentException">java.lang.IllegalArgumentException: Not implemented yet
	at jp.go.jpo.sa1s99.common.format.api.XmlToHtmlForAmendApi.execute(XmlToHtmlForAmendApi.java:32)
	at jp.go.jpo.sa1s99.common.format.integration.ExecuteXmlToHtmlForAmendApiByDirection.executeApi(ExecuteXmlToHtmlForAmendApiByDirection.java:26)
	at jp.go.jpo.sa1s99.common.format.integration.ExecuteXmlToHtmlForAmendApiByDirection.executeApi(ExecuteXmlToHtmlForAmendApiByDirection.java:13)
	at jp.go.jpo.sa1s99.common.format.integration.ExecuteApiByDirection.execute(ExecuteApiByDirection.java:28)
	at jp.go.jpo.sa1s99.common.format.integration.HtmlToXmlForAmendApiIntegrationTest.ファイル出力を比較する: #direction #parsedResult(HtmlToXmlForAmendApiIntegrationTest.groovy:29)
</failure>
  </testcase>
  <testcase name="ファイル出力を比較する: Direction{ s_InputDir: data/input/All-Format_append/pat-amnd/10-amendment-a5211-u, s_OutputDir: data/output/html_amend/All-Format_append/pat-amnd/10-amendment-a5211-u} null" classname="jp.go.jpo.sa1s99.common.format.integration.HtmlToXmlForAmendApiIntegrationTest" time="0.016">
    <failure message="java.lang.IllegalArgumentException: Not implemented yet" type="java.lang.IllegalArgumentException">java.lang.IllegalArgumentException: Not implemented yet
	at jp.go.jpo.sa1s99.common.format.api.XmlToHtmlForAmendApi.execute(XmlToHtmlForAmendApi.java:32)
	at jp.go.jpo.sa1s99.common.format.integration.ExecuteXmlToHtmlForAmendApiByDirection.executeApi(ExecuteXmlToHtmlForAmendApiByDirection.java:26)
	at jp.go.jpo.sa1s99.common.format.integration.ExecuteXmlToHtmlForAmendApiByDirection.executeApi(ExecuteXmlToHtmlForAmendApiByDirection.java:13)
	at jp.go.jpo.sa1s99.common.format.integration.ExecuteApiByDirection.execute(ExecuteApiByDirection.java:28)
	at jp.go.jpo.sa1s99.common.format.integration.HtmlToXmlForAmendApiIntegrationTest.ファイル出力を比較する: #direction #parsedResult(HtmlToXmlForAmendApiIntegrationTest.groovy:29)
</failure>
  </testcase>
  <testcase name="ファイル出力を比較する: Direction{ s_InputDir: data/input/All-Format_append/pat-amnd/11-amendment-a5212-p, s_OutputDir: data/output/html_amend/All-Format_append/pat-amnd/11-amendment-a5212-p} null" classname="jp.go.jpo.sa1s99.common.format.integration.HtmlToXmlForAmendApiIntegrationTest" time="0.0">
    <failure message="java.lang.IllegalArgumentException: Not implemented yet" type="java.lang.IllegalArgumentException">java.lang.IllegalArgumentException: Not implemented yet
	at jp.go.jpo.sa1s99.common.format.api.XmlToHtmlForAmendApi.execute(XmlToHtmlForAmendApi.java:32)
	at jp.go.jpo.sa1s99.common.format.integration.ExecuteXmlToHtmlForAmendApiByDirection.executeApi(ExecuteXmlToHtmlForAmendApiByDirection.java:26)
	at jp.go.jpo.sa1s99.common.format.integration.ExecuteXmlToHtmlForAmendApiByDirection.executeApi(ExecuteXmlToHtmlForAmendApiByDirection.java:13)
	at jp.go.jpo.sa1s99.common.format.integration.ExecuteApiByDirection.execute(ExecuteApiByDirection.java:28)
	at jp.go.jpo.sa1s99.common.format.integration.HtmlToXmlForAmendApiIntegrationTest.ファイル出力を比較する: #direction #parsedResult(HtmlToXmlForAmendApiIntegrationTest.groovy:29)
</failure>
  </testcase>
  <testcase name="ファイル出力を比較する: Direction{ s_InputDir: data/input/All-Format_append/pat-amnd/11-amendment-a5212-u, s_OutputDir: data/output/html_amend/All-Format_append/pat-amnd/11-amendment-a5212-u} null" classname="jp.go.jpo.sa1s99.common.format.integration.HtmlToXmlForAmendApiIntegrationTest" time="0.0">
    <failure message="java.lang.IllegalArgumentException: Not implemented yet" type="java.lang.IllegalArgumentException">java.lang.IllegalArgumentException: Not implemented yet
	at jp.go.jpo.sa1s99.common.format.api.XmlToHtmlForAmendApi.execute(XmlToHtmlForAmendApi.java:32)
	at jp.go.jpo.sa1s99.common.format.integration.ExecuteXmlToHtmlForAmendApiByDirection.executeApi(ExecuteXmlToHtmlForAmendApiByDirection.java:26)
	at jp.go.jpo.sa1s99.common.format.integration.ExecuteXmlToHtmlForAmendApiByDirection.executeApi(ExecuteXmlToHtmlForAmendApiByDirection.java:13)
	at jp.go.jpo.sa1s99.common.format.integration.ExecuteApiByDirection.execute(ExecuteApiByDirection.java:28)
	at jp.go.jpo.sa1s99.common.format.integration.HtmlToXmlForAmendApiIntegrationTest.ファイル出力を比較する: #direction #parsedResult(HtmlToXmlForAmendApiIntegrationTest.groovy:29)
</failure>
  </testcase>
  <testcase name="ファイル出力を比較する: Direction{ s_InputDir: data/input/All-Format_append/pat-amnd/99-amendment-a51-p_app_null, s_OutputDir: data/output/html_amend/All-Format_append/pat-amnd/99-amendment-a51-p_app_null} null" classname="jp.go.jpo.sa1s99.common.format.integration.HtmlToXmlForAmendApiIntegrationTest" time="0.0">
    <failure message="java.lang.IllegalArgumentException: Not implemented yet" type="java.lang.IllegalArgumentException">java.lang.IllegalArgumentException: Not implemented yet
	at jp.go.jpo.sa1s99.common.format.api.XmlToHtmlForAmendApi.execute(XmlToHtmlForAmendApi.java:32)
	at jp.go.jpo.sa1s99.common.format.integration.ExecuteXmlToHtmlForAmendApiByDirection.executeApi(ExecuteXmlToHtmlForAmendApiByDirection.java:26)
	at jp.go.jpo.sa1s99.common.format.integration.ExecuteXmlToHtmlForAmendApiByDirection.executeApi(ExecuteXmlToHtmlForAmendApiByDirection.java:13)
	at jp.go.jpo.sa1s99.common.format.integration.ExecuteApiByDirection.execute(ExecuteApiByDirection.java:28)
	at jp.go.jpo.sa1s99.common.format.integration.HtmlToXmlForAmendApiIntegrationTest.ファイル出力を比較する: #direction #parsedResult(HtmlToXmlForAmendApiIntegrationTest.groovy:29)
</failure>
  </testcase>
  <testcase name="ファイル出力を比較する: Direction{ s_InputDir: data/input/All-Format_append/pat-amnd/99-amendment-a51-p_nontoc, s_OutputDir: data/output/html_amend/All-Format_append/pat-amnd/99-amendment-a51-p_nontoc} null" classname="jp.go.jpo.sa1s99.common.format.integration.HtmlToXmlForAmendApiIntegrationTest" time="0.016">
    <failure message="java.lang.IllegalArgumentException: Not implemented yet" type="java.lang.IllegalArgumentException">java.lang.IllegalArgumentException: Not implemented yet
	at jp.go.jpo.sa1s99.common.format.api.XmlToHtmlForAmendApi.execute(XmlToHtmlForAmendApi.java:32)
	at jp.go.jpo.sa1s99.common.format.integration.ExecuteXmlToHtmlForAmendApiByDirection.executeApi(ExecuteXmlToHtmlForAmendApiByDirection.java:26)
	at jp.go.jpo.sa1s99.common.format.integration.ExecuteXmlToHtmlForAmendApiByDirection.executeApi(ExecuteXmlToHtmlForAmendApiByDirection.java:13)
	at jp.go.jpo.sa1s99.common.format.integration.ExecuteApiByDirection.execute(ExecuteApiByDirection.java:28)
	at jp.go.jpo.sa1s99.common.format.integration.HtmlToXmlForAmendApiIntegrationTest.ファイル出力を比較する: #direction #parsedResult(HtmlToXmlForAmendApiIntegrationTest.groovy:29)
</failure>
  </testcase>
  <testcase name="ファイル出力を比較する: Direction{ s_InputDir: data/input/All-Format_append/pat-amnd/99-amendment-a51-p_toc, s_OutputDir: data/output/html_amend/All-Format_append/pat-amnd/99-amendment-a51-p_toc} null" classname="jp.go.jpo.sa1s99.common.format.integration.HtmlToXmlForAmendApiIntegrationTest" time="0.0">
    <failure message="java.lang.IllegalArgumentException: Not implemented yet" type="java.lang.IllegalArgumentException">java.lang.IllegalArgumentException: Not implemented yet
	at jp.go.jpo.sa1s99.common.format.api.XmlToHtmlForAmendApi.execute(XmlToHtmlForAmendApi.java:32)
	at jp.go.jpo.sa1s99.common.format.integration.ExecuteXmlToHtmlForAmendApiByDirection.executeApi(ExecuteXmlToHtmlForAmendApiByDirection.java:26)
	at jp.go.jpo.sa1s99.common.format.integration.ExecuteXmlToHtmlForAmendApiByDirection.executeApi(ExecuteXmlToHtmlForAmendApiByDirection.java:13)
	at jp.go.jpo.sa1s99.common.format.integration.ExecuteApiByDirection.execute(ExecuteApiByDirection.java:28)
	at jp.go.jpo.sa1s99.common.format.integration.HtmlToXmlForAmendApiIntegrationTest.ファイル出力を比較する: #direction #parsedResult(HtmlToXmlForAmendApiIntegrationTest.groovy:29)
</failure>
  </testcase>
  <testcase name="ファイル出力を比較する: Direction{ s_InputDir: data/input/All-Format_append/pat-amnd/99-amendment-a51-u_nontoc, s_OutputDir: data/output/html_amend/All-Format_append/pat-amnd/99-amendment-a51-u_nontoc} null" classname="jp.go.jpo.sa1s99.common.format.integration.HtmlToXmlForAmendApiIntegrationTest" time="0.015">
    <failure message="java.lang.IllegalArgumentException: Not implemented yet" type="java.lang.IllegalArgumentException">java.lang.IllegalArgumentException: Not implemented yet
	at jp.go.jpo.sa1s99.common.format.api.XmlToHtmlForAmendApi.execute(XmlToHtmlForAmendApi.java:32)
	at jp.go.jpo.sa1s99.common.format.integration.ExecuteXmlToHtmlForAmendApiByDirection.executeApi(ExecuteXmlToHtmlForAmendApiByDirection.java:26)
	at jp.go.jpo.sa1s99.common.format.integration.ExecuteXmlToHtmlForAmendApiByDirection.executeApi(ExecuteXmlToHtmlForAmendApiByDirection.java:13)
	at jp.go.jpo.sa1s99.common.format.integration.ExecuteApiByDirection.execute(ExecuteApiByDirection.java:28)
	at jp.go.jpo.sa1s99.common.format.integration.HtmlToXmlForAmendApiIntegrationTest.ファイル出力を比較する: #direction #parsedResult(HtmlToXmlForAmendApiIntegrationTest.groovy:29)
</failure>
  </testcase>
  <testcase name="ファイル出力を比較する: Direction{ s_InputDir: data/input/All-Format_append/pat-amnd/99-amendment-a51-u_toc, s_OutputDir: data/output/html_amend/All-Format_append/pat-amnd/99-amendment-a51-u_toc} null" classname="jp.go.jpo.sa1s99.common.format.integration.HtmlToXmlForAmendApiIntegrationTest" time="0.0">
    <failure message="java.lang.IllegalArgumentException: Not implemented yet" type="java.lang.IllegalArgumentException">java.lang.IllegalArgumentException: Not implemented yet
	at jp.go.jpo.sa1s99.common.format.api.XmlToHtmlForAmendApi.execute(XmlToHtmlForAmendApi.java:32)
	at jp.go.jpo.sa1s99.common.format.integration.ExecuteXmlToHtmlForAmendApiByDirection.executeApi(ExecuteXmlToHtmlForAmendApiByDirection.java:26)
	at jp.go.jpo.sa1s99.common.format.integration.ExecuteXmlToHtmlForAmendApiByDirection.executeApi(ExecuteXmlToHtmlForAmendApiByDirection.java:13)
	at jp.go.jpo.sa1s99.common.format.integration.ExecuteApiByDirection.execute(ExecuteApiByDirection.java:28)
	at jp.go.jpo.sa1s99.common.format.integration.HtmlToXmlForAmendApiIntegrationTest.ファイル出力を比較する: #direction #parsedResult(HtmlToXmlForAmendApiIntegrationTest.groovy:29)
</failure>
  </testcase>
  <testcase name="ファイル出力を比較する: Direction{ s_InputDir: data/input/All-Format_append/pat-amnd/99-amendment-a523-p-u_sup_sub, s_OutputDir: data/output/html_amend/All-Format_append/pat-amnd/99-amendment-a523-p-u_sup_sub} null" classname="jp.go.jpo.sa1s99.common.format.integration.HtmlToXmlForAmendApiIntegrationTest" time="0.016">
    <failure message="java.lang.IllegalArgumentException: Not implemented yet" type="java.lang.IllegalArgumentException">java.lang.IllegalArgumentException: Not implemented yet
	at jp.go.jpo.sa1s99.common.format.api.XmlToHtmlForAmendApi.execute(XmlToHtmlForAmendApi.java:32)
	at jp.go.jpo.sa1s99.common.format.integration.ExecuteXmlToHtmlForAmendApiByDirection.executeApi(ExecuteXmlToHtmlForAmendApiByDirection.java:26)
	at jp.go.jpo.sa1s99.common.format.integration.ExecuteXmlToHtmlForAmendApiByDirection.executeApi(ExecuteXmlToHtmlForAmendApiByDirection.java:13)
	at jp.go.jpo.sa1s99.common.format.integration.ExecuteApiByDirection.execute(ExecuteApiByDirection.java:28)
	at jp.go.jpo.sa1s99.common.format.integration.HtmlToXmlForAmendApiIntegrationTest.ファイル出力を比較する: #direction #parsedResult(HtmlToXmlForAmendApiIntegrationTest.groovy:29)
</failure>
  </testcase>
  <testcase name="ファイル出力を比較する: Direction{ s_InputDir: data/input/All-Format_append/pat-aplc/01-applicant-a55-p, s_OutputDir: data/output/html_amend/All-Format_append/pat-aplc/01-applicant-a55-p} null" classname="jp.go.jpo.sa1s99.common.format.integration.HtmlToXmlForAmendApiIntegrationTest" time="0.0">
    <failure message="java.lang.IllegalArgumentException: Not implemented yet" type="java.lang.IllegalArgumentException">java.lang.IllegalArgumentException: Not implemented yet
	at jp.go.jpo.sa1s99.common.format.api.XmlToHtmlForAmendApi.execute(XmlToHtmlForAmendApi.java:32)
	at jp.go.jpo.sa1s99.common.format.integration.ExecuteXmlToHtmlForAmendApiByDirection.executeApi(ExecuteXmlToHtmlForAmendApiByDirection.java:26)
	at jp.go.jpo.sa1s99.common.format.integration.ExecuteXmlToHtmlForAmendApiByDirection.executeApi(ExecuteXmlToHtmlForAmendApiByDirection.java:13)
	at jp.go.jpo.sa1s99.common.format.integration.ExecuteApiByDirection.execute(ExecuteApiByDirection.java:28)
	at jp.go.jpo.sa1s99.common.format.integration.HtmlToXmlForAmendApiIntegrationTest.ファイル出力を比較する: #direction #parsedResult(HtmlToXmlForAmendApiIntegrationTest.groovy:29)
</failure>
  </testcase>
  <testcase name="ファイル出力を比較する: Direction{ s_InputDir: data/input/All-Format_append/pat-aplc/01-applicant-a55-p-conv-err, s_OutputDir: data/output/html_amend/All-Format_append/pat-aplc/01-applicant-a55-p-conv-err} null" classname="jp.go.jpo.sa1s99.common.format.integration.HtmlToXmlForAmendApiIntegrationTest" time="0.0">
    <failure message="java.lang.IllegalArgumentException: Not implemented yet" type="java.lang.IllegalArgumentException">java.lang.IllegalArgumentException: Not implemented yet
	at jp.go.jpo.sa1s99.common.format.api.XmlToHtmlForAmendApi.execute(XmlToHtmlForAmendApi.java:32)
	at jp.go.jpo.sa1s99.common.format.integration.ExecuteXmlToHtmlForAmendApiByDirection.executeApi(ExecuteXmlToHtmlForAmendApiByDirection.java:26)
	at jp.go.jpo.sa1s99.common.format.integration.ExecuteXmlToHtmlForAmendApiByDirection.executeApi(ExecuteXmlToHtmlForAmendApiByDirection.java:13)
	at jp.go.jpo.sa1s99.common.format.integration.ExecuteApiByDirection.execute(ExecuteApiByDirection.java:28)
	at jp.go.jpo.sa1s99.common.format.integration.HtmlToXmlForAmendApiIntegrationTest.ファイル出力を比較する: #direction #parsedResult(HtmlToXmlForAmendApiIntegrationTest.groovy:29)
</failure>
  </testcase>
  <testcase name="ファイル出力を比較する: Direction{ s_InputDir: data/input/All-Format_append/pat-aplc/01-applicant-a55-p-error-code, s_OutputDir: data/output/html_amend/All-Format_append/pat-aplc/01-applicant-a55-p-error-code} null" classname="jp.go.jpo.sa1s99.common.format.integration.HtmlToXmlForAmendApiIntegrationTest" time="0.0">
    <failure message="java.lang.IllegalArgumentException: Not implemented yet" type="java.lang.IllegalArgumentException">java.lang.IllegalArgumentException: Not implemented yet
	at jp.go.jpo.sa1s99.common.format.api.XmlToHtmlForAmendApi.execute(XmlToHtmlForAmendApi.java:32)
	at jp.go.jpo.sa1s99.common.format.integration.ExecuteXmlToHtmlForAmendApiByDirection.executeApi(ExecuteXmlToHtmlForAmendApiByDirection.java:26)
	at jp.go.jpo.sa1s99.common.format.integration.ExecuteXmlToHtmlForAmendApiByDirection.executeApi(ExecuteXmlToHtmlForAmendApiByDirection.java:13)
	at jp.go.jpo.sa1s99.common.format.integration.ExecuteApiByDirection.execute(ExecuteApiByDirection.java:28)
	at jp.go.jpo.sa1s99.common.format.integration.HtmlToXmlForAmendApiIntegrationTest.ファイル出力を比較する: #direction #parsedResult(HtmlToXmlForAmendApiIntegrationTest.groovy:29)
</failure>
  </testcase>
  <testcase name="ファイル出力を比較する: Direction{ s_InputDir: data/input/All-Format_append/pat-aplc/01-applicant-a55-p-null, s_OutputDir: data/output/html_amend/All-Format_append/pat-aplc/01-applicant-a55-p-null} null" classname="jp.go.jpo.sa1s99.common.format.integration.HtmlToXmlForAmendApiIntegrationTest" time="0.016">
    <failure message="java.lang.IllegalArgumentException: Not implemented yet" type="java.lang.IllegalArgumentException">java.lang.IllegalArgumentException: Not implemented yet
	at jp.go.jpo.sa1s99.common.format.api.XmlToHtmlForAmendApi.execute(XmlToHtmlForAmendApi.java:32)
	at jp.go.jpo.sa1s99.common.format.integration.ExecuteXmlToHtmlForAmendApiByDirection.executeApi(ExecuteXmlToHtmlForAmendApiByDirection.java:26)
	at jp.go.jpo.sa1s99.common.format.integration.ExecuteXmlToHtmlForAmendApiByDirection.executeApi(ExecuteXmlToHtmlForAmendApiByDirection.java:13)
	at jp.go.jpo.sa1s99.common.format.integration.ExecuteApiByDirection.execute(ExecuteApiByDirection.java:28)
	at jp.go.jpo.sa1s99.common.format.integration.HtmlToXmlForAmendApiIntegrationTest.ファイル出力を比較する: #direction #parsedResult(HtmlToXmlForAmendApiIntegrationTest.groovy:29)
</failure>
  </testcase>
  <testcase name="ファイル出力を比較する: Direction{ s_InputDir: data/input/All-Format_append/pat-aplc/01-applicant-a55-u, s_OutputDir: data/output/html_amend/All-Format_append/pat-aplc/01-applicant-a55-u} null" classname="jp.go.jpo.sa1s99.common.format.integration.HtmlToXmlForAmendApiIntegrationTest" time="0.005">
    <failure message="java.lang.IllegalArgumentException: Not implemented yet" type="java.lang.IllegalArgumentException">java.lang.IllegalArgumentException: Not implemented yet
	at jp.go.jpo.sa1s99.common.format.api.XmlToHtmlForAmendApi.execute(XmlToHtmlForAmendApi.java:32)
	at jp.go.jpo.sa1s99.common.format.integration.ExecuteXmlToHtmlForAmendApiByDirection.executeApi(ExecuteXmlToHtmlForAmendApiByDirection.java:26)
	at jp.go.jpo.sa1s99.common.format.integration.ExecuteXmlToHtmlForAmendApiByDirection.executeApi(ExecuteXmlToHtmlForAmendApiByDirection.java:13)
	at jp.go.jpo.sa1s99.common.format.integration.ExecuteApiByDirection.execute(ExecuteApiByDirection.java:28)
	at jp.go.jpo.sa1s99.common.format.integration.HtmlToXmlForAmendApiIntegrationTest.ファイル出力を比較する: #direction #parsedResult(HtmlToXmlForAmendApiIntegrationTest.groovy:29)
</failure>
  </testcase>
  <testcase name="ファイル出力を比較する: Direction{ s_InputDir: data/input/All-Format_append/pat-aplc/02-applicant-a681-p, s_OutputDir: data/output/html_amend/All-Format_append/pat-aplc/02-applicant-a681-p} null" classname="jp.go.jpo.sa1s99.common.format.integration.HtmlToXmlForAmendApiIntegrationTest" time="0.0">
    <failure message="java.lang.IllegalArgumentException: Not implemented yet" type="java.lang.IllegalArgumentException">java.lang.IllegalArgumentException: Not implemented yet
	at jp.go.jpo.sa1s99.common.format.api.XmlToHtmlForAmendApi.execute(XmlToHtmlForAmendApi.java:32)
	at jp.go.jpo.sa1s99.common.format.integration.ExecuteXmlToHtmlForAmendApiByDirection.executeApi(ExecuteXmlToHtmlForAmendApiByDirection.java:26)
	at jp.go.jpo.sa1s99.common.format.integration.ExecuteXmlToHtmlForAmendApiByDirection.executeApi(ExecuteXmlToHtmlForAmendApiByDirection.java:13)
	at jp.go.jpo.sa1s99.common.format.integration.ExecuteApiByDirection.execute(ExecuteApiByDirection.java:28)
	at jp.go.jpo.sa1s99.common.format.integration.HtmlToXmlForAmendApiIntegrationTest.ファイル出力を比較する: #direction #parsedResult(HtmlToXmlForAmendApiIntegrationTest.groovy:29)
</failure>
  </testcase>
  <testcase name="ファイル出力を比較する: Direction{ s_InputDir: data/input/All-Format_append/pat-aplc/02-applicant-a681-u, s_OutputDir: data/output/html_amend/All-Format_append/pat-aplc/02-applicant-a681-u} null" classname="jp.go.jpo.sa1s99.common.format.integration.HtmlToXmlForAmendApiIntegrationTest" time="0.0">
    <failure message="java.lang.IllegalArgumentException: Not implemented yet" type="java.lang.IllegalArgumentException">java.lang.IllegalArgumentException: Not implemented yet
	at jp.go.jpo.sa1s99.common.format.api.XmlToHtmlForAmendApi.execute(XmlToHtmlForAmendApi.java:32)
	at jp.go.jpo.sa1s99.common.format.integration.ExecuteXmlToHtmlForAmendApiByDirection.executeApi(ExecuteXmlToHtmlForAmendApiByDirection.java:26)
	at jp.go.jpo.sa1s99.common.format.integration.ExecuteXmlToHtmlForAmendApiByDirection.executeApi(ExecuteXmlToHtmlForAmendApiByDirection.java:13)
	at jp.go.jpo.sa1s99.common.format.integration.ExecuteApiByDirection.execute(ExecuteApiByDirection.java:28)
	at jp.go.jpo.sa1s99.common.format.integration.HtmlToXmlForAmendApiIntegrationTest.ファイル出力を比較する: #direction #parsedResult(HtmlToXmlForAmendApiIntegrationTest.groovy:29)
</failure>
  </testcase>
  <testcase name="ファイル出力を比較する: Direction{ s_InputDir: data/input/All-Format_append/pat-aplc/03-applicant-a711-p, s_OutputDir: data/output/html_amend/All-Format_append/pat-aplc/03-applicant-a711-p} null" classname="jp.go.jpo.sa1s99.common.format.integration.HtmlToXmlForAmendApiIntegrationTest" time="0.016">
    <failure message="java.lang.IllegalArgumentException: Not implemented yet" type="java.lang.IllegalArgumentException">java.lang.IllegalArgumentException: Not implemented yet
	at jp.go.jpo.sa1s99.common.format.api.XmlToHtmlForAmendApi.execute(XmlToHtmlForAmendApi.java:32)
	at jp.go.jpo.sa1s99.common.format.integration.ExecuteXmlToHtmlForAmendApiByDirection.executeApi(ExecuteXmlToHtmlForAmendApiByDirection.java:26)
	at jp.go.jpo.sa1s99.common.format.integration.ExecuteXmlToHtmlForAmendApiByDirection.executeApi(ExecuteXmlToHtmlForAmendApiByDirection.java:13)
	at jp.go.jpo.sa1s99.common.format.integration.ExecuteApiByDirection.execute(ExecuteApiByDirection.java:28)
	at jp.go.jpo.sa1s99.common.format.integration.HtmlToXmlForAmendApiIntegrationTest.ファイル出力を比較する: #direction #parsedResult(HtmlToXmlForAmendApiIntegrationTest.groovy:29)
</failure>
  </testcase>
  <testcase name="ファイル出力を比較する: Direction{ s_InputDir: data/input/All-Format_append/pat-aplc/03-applicant-a711-u, s_OutputDir: data/output/html_amend/All-Format_append/pat-aplc/03-applicant-a711-u} null" classname="jp.go.jpo.sa1s99.common.format.integration.HtmlToXmlForAmendApiIntegrationTest" time="0.016">
    <failure message="java.lang.IllegalArgumentException: Not implemented yet" type="java.lang.IllegalArgumentException">java.lang.IllegalArgumentException: Not implemented yet
	at jp.go.jpo.sa1s99.common.format.api.XmlToHtmlForAmendApi.execute(XmlToHtmlForAmendApi.java:32)
	at jp.go.jpo.sa1s99.common.format.integration.ExecuteXmlToHtmlForAmendApiByDirection.executeApi(ExecuteXmlToHtmlForAmendApiByDirection.java:26)
	at jp.go.jpo.sa1s99.common.format.integration.ExecuteXmlToHtmlForAmendApiByDirection.executeApi(ExecuteXmlToHtmlForAmendApiByDirection.java:13)
	at jp.go.jpo.sa1s99.common.format.integration.ExecuteApiByDirection.execute(ExecuteApiByDirection.java:28)
	at jp.go.jpo.sa1s99.common.format.integration.HtmlToXmlForAmendApiIntegrationTest.ファイル出力を比較する: #direction #parsedResult(HtmlToXmlForAmendApiIntegrationTest.groovy:29)
</failure>
  </testcase>
  <testcase name="ファイル出力を比較する: Direction{ s_InputDir: data/input/All-Format_append/pat-aplc/04-applicant-a712-p, s_OutputDir: data/output/html_amend/All-Format_append/pat-aplc/04-applicant-a712-p} null" classname="jp.go.jpo.sa1s99.common.format.integration.HtmlToXmlForAmendApiIntegrationTest" time="0.0">
    <failure message="java.lang.IllegalArgumentException: Not implemented yet" type="java.lang.IllegalArgumentException">java.lang.IllegalArgumentException: Not implemented yet
	at jp.go.jpo.sa1s99.common.format.api.XmlToHtmlForAmendApi.execute(XmlToHtmlForAmendApi.java:32)
	at jp.go.jpo.sa1s99.common.format.integration.ExecuteXmlToHtmlForAmendApiByDirection.executeApi(ExecuteXmlToHtmlForAmendApiByDirection.java:26)
	at jp.go.jpo.sa1s99.common.format.integration.ExecuteXmlToHtmlForAmendApiByDirection.executeApi(ExecuteXmlToHtmlForAmendApiByDirection.java:13)
	at jp.go.jpo.sa1s99.common.format.integration.ExecuteApiByDirection.execute(ExecuteApiByDirection.java:28)
	at jp.go.jpo.sa1s99.common.format.integration.HtmlToXmlForAmendApiIntegrationTest.ファイル出力を比較する: #direction #parsedResult(HtmlToXmlForAmendApiIntegrationTest.groovy:29)
</failure>
  </testcase>
  <testcase name="ファイル出力を比較する: Direction{ s_InputDir: data/input/All-Format_append/pat-aplc/04-applicant-a712-u, s_OutputDir: data/output/html_amend/All-Format_append/pat-aplc/04-applicant-a712-u} null" classname="jp.go.jpo.sa1s99.common.format.integration.HtmlToXmlForAmendApiIntegrationTest" time="0.0">
    <failure message="java.lang.IllegalArgumentException: Not implemented yet" type="java.lang.IllegalArgumentException">java.lang.IllegalArgumentException: Not implemented yet
	at jp.go.jpo.sa1s99.common.format.api.XmlToHtmlForAmendApi.execute(XmlToHtmlForAmendApi.java:32)
	at jp.go.jpo.sa1s99.common.format.integration.ExecuteXmlToHtmlForAmendApiByDirection.executeApi(ExecuteXmlToHtmlForAmendApiByDirection.java:26)
	at jp.go.jpo.sa1s99.common.format.integration.ExecuteXmlToHtmlForAmendApiByDirection.executeApi(ExecuteXmlToHtmlForAmendApiByDirection.java:13)
	at jp.go.jpo.sa1s99.common.format.integration.ExecuteApiByDirection.execute(ExecuteApiByDirection.java:28)
	at jp.go.jpo.sa1s99.common.format.integration.HtmlToXmlForAmendApiIntegrationTest.ファイル出力を比較する: #direction #parsedResult(HtmlToXmlForAmendApiIntegrationTest.groovy:29)
</failure>
  </testcase>
  <testcase name="ファイル出力を比較する: Direction{ s_InputDir: data/input/All-Format_append/pat-rspn/01-response-a53-p, s_OutputDir: data/output/html_amend/All-Format_append/pat-rspn/01-response-a53-p} null" classname="jp.go.jpo.sa1s99.common.format.integration.HtmlToXmlForAmendApiIntegrationTest" time="0.0">
    <failure message="java.lang.IllegalArgumentException: Not implemented yet" type="java.lang.IllegalArgumentException">java.lang.IllegalArgumentException: Not implemented yet
	at jp.go.jpo.sa1s99.common.format.api.XmlToHtmlForAmendApi.execute(XmlToHtmlForAmendApi.java:32)
	at jp.go.jpo.sa1s99.common.format.integration.ExecuteXmlToHtmlForAmendApiByDirection.executeApi(ExecuteXmlToHtmlForAmendApiByDirection.java:26)
	at jp.go.jpo.sa1s99.common.format.integration.ExecuteXmlToHtmlForAmendApiByDirection.executeApi(ExecuteXmlToHtmlForAmendApiByDirection.java:13)
	at jp.go.jpo.sa1s99.common.format.integration.ExecuteApiByDirection.execute(ExecuteApiByDirection.java:28)
	at jp.go.jpo.sa1s99.common.format.integration.HtmlToXmlForAmendApiIntegrationTest.ファイル出力を比較する: #direction #parsedResult(HtmlToXmlForAmendApiIntegrationTest.groovy:29)
</failure>
  </testcase>
  <testcase name="ファイル出力を比較する: Direction{ s_InputDir: data/input/All-Format_append/pat-rspn/01-response-a53-p-conv-err, s_OutputDir: data/output/html_amend/All-Format_append/pat-rspn/01-response-a53-p-conv-err} null" classname="jp.go.jpo.sa1s99.common.format.integration.HtmlToXmlForAmendApiIntegrationTest" time="0.0">
    <failure message="java.lang.IllegalArgumentException: Not implemented yet" type="java.lang.IllegalArgumentException">java.lang.IllegalArgumentException: Not implemented yet
	at jp.go.jpo.sa1s99.common.format.api.XmlToHtmlForAmendApi.execute(XmlToHtmlForAmendApi.java:32)
	at jp.go.jpo.sa1s99.common.format.integration.ExecuteXmlToHtmlForAmendApiByDirection.executeApi(ExecuteXmlToHtmlForAmendApiByDirection.java:26)
	at jp.go.jpo.sa1s99.common.format.integration.ExecuteXmlToHtmlForAmendApiByDirection.executeApi(ExecuteXmlToHtmlForAmendApiByDirection.java:13)
	at jp.go.jpo.sa1s99.common.format.integration.ExecuteApiByDirection.execute(ExecuteApiByDirection.java:28)
	at jp.go.jpo.sa1s99.common.format.integration.HtmlToXmlForAmendApiIntegrationTest.ファイル出力を比較する: #direction #parsedResult(HtmlToXmlForAmendApiIntegrationTest.groovy:29)
</failure>
  </testcase>
  <testcase name="ファイル出力を比較する: Direction{ s_InputDir: data/input/All-Format_append/pat-rspn/01-response-a53-p-error-code, s_OutputDir: data/output/html_amend/All-Format_append/pat-rspn/01-response-a53-p-error-code} null" classname="jp.go.jpo.sa1s99.common.format.integration.HtmlToXmlForAmendApiIntegrationTest" time="0.016">
    <failure message="java.lang.IllegalArgumentException: Not implemented yet" type="java.lang.IllegalArgumentException">java.lang.IllegalArgumentException: Not implemented yet
	at jp.go.jpo.sa1s99.common.format.api.XmlToHtmlForAmendApi.execute(XmlToHtmlForAmendApi.java:32)
	at jp.go.jpo.sa1s99.common.format.integration.ExecuteXmlToHtmlForAmendApiByDirection.executeApi(ExecuteXmlToHtmlForAmendApiByDirection.java:26)
	at jp.go.jpo.sa1s99.common.format.integration.ExecuteXmlToHtmlForAmendApiByDirection.executeApi(ExecuteXmlToHtmlForAmendApiByDirection.java:13)
	at jp.go.jpo.sa1s99.common.format.integration.ExecuteApiByDirection.execute(ExecuteApiByDirection.java:28)
	at jp.go.jpo.sa1s99.common.format.integration.HtmlToXmlForAmendApiIntegrationTest.ファイル出力を比較する: #direction #parsedResult(HtmlToXmlForAmendApiIntegrationTest.groovy:29)
</failure>
  </testcase>
  <testcase name="ファイル出力を比較する: Direction{ s_InputDir: data/input/All-Format_append/pat-rspn/01-response-a53-p-null, s_OutputDir: data/output/html_amend/All-Format_append/pat-rspn/01-response-a53-p-null} null" classname="jp.go.jpo.sa1s99.common.format.integration.HtmlToXmlForAmendApiIntegrationTest" time="0.0">
    <failure message="java.lang.IllegalArgumentException: Not implemented yet" type="java.lang.IllegalArgumentException">java.lang.IllegalArgumentException: Not implemented yet
	at jp.go.jpo.sa1s99.common.format.api.XmlToHtmlForAmendApi.execute(XmlToHtmlForAmendApi.java:32)
	at jp.go.jpo.sa1s99.common.format.integration.ExecuteXmlToHtmlForAmendApiByDirection.executeApi(ExecuteXmlToHtmlForAmendApiByDirection.java:26)
	at jp.go.jpo.sa1s99.common.format.integration.ExecuteXmlToHtmlForAmendApiByDirection.executeApi(ExecuteXmlToHtmlForAmendApiByDirection.java:13)
	at jp.go.jpo.sa1s99.common.format.integration.ExecuteApiByDirection.execute(ExecuteApiByDirection.java:28)
	at jp.go.jpo.sa1s99.common.format.integration.HtmlToXmlForAmendApiIntegrationTest.ファイル出力を比較する: #direction #parsedResult(HtmlToXmlForAmendApiIntegrationTest.groovy:29)
</failure>
  </testcase>
  <testcase name="ファイル出力を比較する: Direction{ s_InputDir: data/input/All-Format_append/pat-rspn/01-response-a53-u, s_OutputDir: data/output/html_amend/All-Format_append/pat-rspn/01-response-a53-u} null" classname="jp.go.jpo.sa1s99.common.format.integration.HtmlToXmlForAmendApiIntegrationTest" time="0.016">
    <failure message="java.lang.IllegalArgumentException: Not implemented yet" type="java.lang.IllegalArgumentException">java.lang.IllegalArgumentException: Not implemented yet
	at jp.go.jpo.sa1s99.common.format.api.XmlToHtmlForAmendApi.execute(XmlToHtmlForAmendApi.java:32)
	at jp.go.jpo.sa1s99.common.format.integration.ExecuteXmlToHtmlForAmendApiByDirection.executeApi(ExecuteXmlToHtmlForAmendApiByDirection.java:26)
	at jp.go.jpo.sa1s99.common.format.integration.ExecuteXmlToHtmlForAmendApiByDirection.executeApi(ExecuteXmlToHtmlForAmendApiByDirection.java:13)
	at jp.go.jpo.sa1s99.common.format.integration.ExecuteApiByDirection.execute(ExecuteApiByDirection.java:28)
	at jp.go.jpo.sa1s99.common.format.integration.HtmlToXmlForAmendApiIntegrationTest.ファイル出力を比較する: #direction #parsedResult(HtmlToXmlForAmendApiIntegrationTest.groovy:29)
</failure>
  </testcase>
  <testcase name="ファイル出力を比較する: Direction{ s_InputDir: data/input/All-Format_append/pat-rspn/02-response-a59-p, s_OutputDir: data/output/html_amend/All-Format_append/pat-rspn/02-response-a59-p} null" classname="jp.go.jpo.sa1s99.common.format.integration.HtmlToXmlForAmendApiIntegrationTest" time="0.019">
    <failure message="java.lang.IllegalArgumentException: Not implemented yet" type="java.lang.IllegalArgumentException">java.lang.IllegalArgumentException: Not implemented yet
	at jp.go.jpo.sa1s99.common.format.api.XmlToHtmlForAmendApi.execute(XmlToHtmlForAmendApi.java:32)
	at jp.go.jpo.sa1s99.common.format.integration.ExecuteXmlToHtmlForAmendApiByDirection.executeApi(ExecuteXmlToHtmlForAmendApiByDirection.java:26)
	at jp.go.jpo.sa1s99.common.format.integration.ExecuteXmlToHtmlForAmendApiByDirection.executeApi(ExecuteXmlToHtmlForAmendApiByDirection.java:13)
	at jp.go.jpo.sa1s99.common.format.integration.ExecuteApiByDirection.execute(ExecuteApiByDirection.java:28)
	at jp.go.jpo.sa1s99.common.format.integration.HtmlToXmlForAmendApiIntegrationTest.ファイル出力を比較する: #direction #parsedResult(HtmlToXmlForAmendApiIntegrationTest.groovy:29)
</failure>
  </testcase>
  <testcase name="ファイル出力を比較する: Direction{ s_InputDir: data/input/All-Format_append/pat-rspn/02-response-a59-u, s_OutputDir: data/output/html_amend/All-Format_append/pat-rspn/02-response-a59-u} null" classname="jp.go.jpo.sa1s99.common.format.integration.HtmlToXmlForAmendApiIntegrationTest" time="0.003">
    <failure message="java.lang.IllegalArgumentException: Not implemented yet" type="java.lang.IllegalArgumentException">java.lang.IllegalArgumentException: Not implemented yet
	at jp.go.jpo.sa1s99.common.format.api.XmlToHtmlForAmendApi.execute(XmlToHtmlForAmendApi.java:32)
	at jp.go.jpo.sa1s99.common.format.integration.ExecuteXmlToHtmlForAmendApiByDirection.executeApi(ExecuteXmlToHtmlForAmendApiByDirection.java:26)
	at jp.go.jpo.sa1s99.common.format.integration.ExecuteXmlToHtmlForAmendApiByDirection.executeApi(ExecuteXmlToHtmlForAmendApiByDirection.java:13)
	at jp.go.jpo.sa1s99.common.format.integration.ExecuteApiByDirection.execute(ExecuteApiByDirection.java:28)
	at jp.go.jpo.sa1s99.common.format.integration.HtmlToXmlForAmendApiIntegrationTest.ファイル出力を比較する: #direction #parsedResult(HtmlToXmlForAmendApiIntegrationTest.groovy:29)
</failure>
  </testcase>
  <testcase name="ファイル出力を比較する: Direction{ s_InputDir: data/input/All-Format_append/pat-sbms/01-presentment-a79-p, s_OutputDir: data/output/html_amend/All-Format_append/pat-sbms/01-presentment-a79-p} null" classname="jp.go.jpo.sa1s99.common.format.integration.HtmlToXmlForAmendApiIntegrationTest" time="0.0">
    <failure message="java.lang.IllegalArgumentException: Not implemented yet" type="java.lang.IllegalArgumentException">java.lang.IllegalArgumentException: Not implemented yet
	at jp.go.jpo.sa1s99.common.format.api.XmlToHtmlForAmendApi.execute(XmlToHtmlForAmendApi.java:32)
	at jp.go.jpo.sa1s99.common.format.integration.ExecuteXmlToHtmlForAmendApiByDirection.executeApi(ExecuteXmlToHtmlForAmendApiByDirection.java:26)
	at jp.go.jpo.sa1s99.common.format.integration.ExecuteXmlToHtmlForAmendApiByDirection.executeApi(ExecuteXmlToHtmlForAmendApiByDirection.java:13)
	at jp.go.jpo.sa1s99.common.format.integration.ExecuteApiByDirection.execute(ExecuteApiByDirection.java:28)
	at jp.go.jpo.sa1s99.common.format.integration.HtmlToXmlForAmendApiIntegrationTest.ファイル出力を比較する: #direction #parsedResult(HtmlToXmlForAmendApiIntegrationTest.groovy:29)
</failure>
  </testcase>
  <testcase name="ファイル出力を比較する: Direction{ s_InputDir: data/input/All-Format_append/pat-sbms/01-presentment-a79-p-conv-err, s_OutputDir: data/output/html_amend/All-Format_append/pat-sbms/01-presentment-a79-p-conv-err} null" classname="jp.go.jpo.sa1s99.common.format.integration.HtmlToXmlForAmendApiIntegrationTest" time="0.0">
    <failure message="java.lang.IllegalArgumentException: Not implemented yet" type="java.lang.IllegalArgumentException">java.lang.IllegalArgumentException: Not implemented yet
	at jp.go.jpo.sa1s99.common.format.api.XmlToHtmlForAmendApi.execute(XmlToHtmlForAmendApi.java:32)
	at jp.go.jpo.sa1s99.common.format.integration.ExecuteXmlToHtmlForAmendApiByDirection.executeApi(ExecuteXmlToHtmlForAmendApiByDirection.java:26)
	at jp.go.jpo.sa1s99.common.format.integration.ExecuteXmlToHtmlForAmendApiByDirection.executeApi(ExecuteXmlToHtmlForAmendApiByDirection.java:13)
	at jp.go.jpo.sa1s99.common.format.integration.ExecuteApiByDirection.execute(ExecuteApiByDirection.java:28)
	at jp.go.jpo.sa1s99.common.format.integration.HtmlToXmlForAmendApiIntegrationTest.ファイル出力を比較する: #direction #parsedResult(HtmlToXmlForAmendApiIntegrationTest.groovy:29)
</failure>
  </testcase>
  <testcase name="ファイル出力を比較する: Direction{ s_InputDir: data/input/All-Format_append/pat-sbms/01-presentment-a79-p-error-code, s_OutputDir: data/output/html_amend/All-Format_append/pat-sbms/01-presentment-a79-p-error-code} null" classname="jp.go.jpo.sa1s99.common.format.integration.HtmlToXmlForAmendApiIntegrationTest" time="0.016">
    <failure message="java.lang.IllegalArgumentException: Not implemented yet" type="java.lang.IllegalArgumentException">java.lang.IllegalArgumentException: Not implemented yet
	at jp.go.jpo.sa1s99.common.format.api.XmlToHtmlForAmendApi.execute(XmlToHtmlForAmendApi.java:32)
	at jp.go.jpo.sa1s99.common.format.integration.ExecuteXmlToHtmlForAmendApiByDirection.executeApi(ExecuteXmlToHtmlForAmendApiByDirection.java:26)
	at jp.go.jpo.sa1s99.common.format.integration.ExecuteXmlToHtmlForAmendApiByDirection.executeApi(ExecuteXmlToHtmlForAmendApiByDirection.java:13)
	at jp.go.jpo.sa1s99.common.format.integration.ExecuteApiByDirection.execute(ExecuteApiByDirection.java:28)
	at jp.go.jpo.sa1s99.common.format.integration.HtmlToXmlForAmendApiIntegrationTest.ファイル出力を比較する: #direction #parsedResult(HtmlToXmlForAmendApiIntegrationTest.groovy:29)
</failure>
  </testcase>
  <testcase name="ファイル出力を比較する: Direction{ s_InputDir: data/input/All-Format_append/pat-sbms/01-presentment-a79-p-null, s_OutputDir: data/output/html_amend/All-Format_append/pat-sbms/01-presentment-a79-p-null} null" classname="jp.go.jpo.sa1s99.common.format.integration.HtmlToXmlForAmendApiIntegrationTest" time="0.0">
    <failure message="java.lang.IllegalArgumentException: Not implemented yet" type="java.lang.IllegalArgumentException">java.lang.IllegalArgumentException: Not implemented yet
	at jp.go.jpo.sa1s99.common.format.api.XmlToHtmlForAmendApi.execute(XmlToHtmlForAmendApi.java:32)
	at jp.go.jpo.sa1s99.common.format.integration.ExecuteXmlToHtmlForAmendApiByDirection.executeApi(ExecuteXmlToHtmlForAmendApiByDirection.java:26)
	at jp.go.jpo.sa1s99.common.format.integration.ExecuteXmlToHtmlForAmendApiByDirection.executeApi(ExecuteXmlToHtmlForAmendApiByDirection.java:13)
	at jp.go.jpo.sa1s99.common.format.integration.ExecuteApiByDirection.execute(ExecuteApiByDirection.java:28)
	at jp.go.jpo.sa1s99.common.format.integration.HtmlToXmlForAmendApiIntegrationTest.ファイル出力を比較する: #direction #parsedResult(HtmlToXmlForAmendApiIntegrationTest.groovy:29)
</failure>
  </testcase>
  <testcase name="ファイル出力を比較する: Direction{ s_InputDir: data/input/All-Format_append/pat-sbms/01-presentment-a79-u, s_OutputDir: data/output/html_amend/All-Format_append/pat-sbms/01-presentment-a79-u} null" classname="jp.go.jpo.sa1s99.common.format.integration.HtmlToXmlForAmendApiIntegrationTest" time="0.015">
    <failure message="java.lang.IllegalArgumentException: Not implemented yet" type="java.lang.IllegalArgumentException">java.lang.IllegalArgumentException: Not implemented yet
	at jp.go.jpo.sa1s99.common.format.api.XmlToHtmlForAmendApi.execute(XmlToHtmlForAmendApi.java:32)
	at jp.go.jpo.sa1s99.common.format.integration.ExecuteXmlToHtmlForAmendApiByDirection.executeApi(ExecuteXmlToHtmlForAmendApiByDirection.java:26)
	at jp.go.jpo.sa1s99.common.format.integration.ExecuteXmlToHtmlForAmendApiByDirection.executeApi(ExecuteXmlToHtmlForAmendApiByDirection.java:13)
	at jp.go.jpo.sa1s99.common.format.integration.ExecuteApiByDirection.execute(ExecuteApiByDirection.java:28)
	at jp.go.jpo.sa1s99.common.format.integration.HtmlToXmlForAmendApiIntegrationTest.ファイル出力を比較する: #direction #parsedResult(HtmlToXmlForAmendApiIntegrationTest.groovy:29)
</failure>
  </testcase>
  <testcase name="ファイル出力を比較する: Direction{ s_InputDir: data/input/All-Format_append/pat-sbms/02-presentment-a80-p, s_OutputDir: data/output/html_amend/All-Format_append/pat-sbms/02-presentment-a80-p} null" classname="jp.go.jpo.sa1s99.common.format.integration.HtmlToXmlForAmendApiIntegrationTest" time="0.0">
    <failure message="java.lang.IllegalArgumentException: Not implemented yet" type="java.lang.IllegalArgumentException">java.lang.IllegalArgumentException: Not implemented yet
	at jp.go.jpo.sa1s99.common.format.api.XmlToHtmlForAmendApi.execute(XmlToHtmlForAmendApi.java:32)
	at jp.go.jpo.sa1s99.common.format.integration.ExecuteXmlToHtmlForAmendApiByDirection.executeApi(ExecuteXmlToHtmlForAmendApiByDirection.java:26)
	at jp.go.jpo.sa1s99.common.format.integration.ExecuteXmlToHtmlForAmendApiByDirection.executeApi(ExecuteXmlToHtmlForAmendApiByDirection.java:13)
	at jp.go.jpo.sa1s99.common.format.integration.ExecuteApiByDirection.execute(ExecuteApiByDirection.java:28)
	at jp.go.jpo.sa1s99.common.format.integration.HtmlToXmlForAmendApiIntegrationTest.ファイル出力を比較する: #direction #parsedResult(HtmlToXmlForAmendApiIntegrationTest.groovy:29)
</failure>
  </testcase>
  <testcase name="ファイル出力を比較する: Direction{ s_InputDir: data/input/All-Format_append/pat-sbms/02-presentment-a80-u, s_OutputDir: data/output/html_amend/All-Format_append/pat-sbms/02-presentment-a80-u} null" classname="jp.go.jpo.sa1s99.common.format.integration.HtmlToXmlForAmendApiIntegrationTest" time="0.0">
    <failure message="java.lang.IllegalArgumentException: Not implemented yet" type="java.lang.IllegalArgumentException">java.lang.IllegalArgumentException: Not implemented yet
	at jp.go.jpo.sa1s99.common.format.api.XmlToHtmlForAmendApi.execute(XmlToHtmlForAmendApi.java:32)
	at jp.go.jpo.sa1s99.common.format.integration.ExecuteXmlToHtmlForAmendApiByDirection.executeApi(ExecuteXmlToHtmlForAmendApiByDirection.java:26)
	at jp.go.jpo.sa1s99.common.format.integration.ExecuteXmlToHtmlForAmendApiByDirection.executeApi(ExecuteXmlToHtmlForAmendApiByDirection.java:13)
	at jp.go.jpo.sa1s99.common.format.integration.ExecuteApiByDirection.execute(ExecuteApiByDirection.java:28)
	at jp.go.jpo.sa1s99.common.format.integration.HtmlToXmlForAmendApiIntegrationTest.ファイル出力を比較する: #direction #parsedResult(HtmlToXmlForAmendApiIntegrationTest.groovy:29)
</failure>
  </testcase>
  <testcase name="ファイル出力を比較する: Direction{ s_InputDir: data/input/All-Format_append/pat-sbms/03-presentment-a801-p, s_OutputDir: data/output/html_amend/All-Format_append/pat-sbms/03-presentment-a801-p} null" classname="jp.go.jpo.sa1s99.common.format.integration.HtmlToXmlForAmendApiIntegrationTest" time="0.016">
    <failure message="java.lang.IllegalArgumentException: Not implemented yet" type="java.lang.IllegalArgumentException">java.lang.IllegalArgumentException: Not implemented yet
	at jp.go.jpo.sa1s99.common.format.api.XmlToHtmlForAmendApi.execute(XmlToHtmlForAmendApi.java:32)
	at jp.go.jpo.sa1s99.common.format.integration.ExecuteXmlToHtmlForAmendApiByDirection.executeApi(ExecuteXmlToHtmlForAmendApiByDirection.java:26)
	at jp.go.jpo.sa1s99.common.format.integration.ExecuteXmlToHtmlForAmendApiByDirection.executeApi(ExecuteXmlToHtmlForAmendApiByDirection.java:13)
	at jp.go.jpo.sa1s99.common.format.integration.ExecuteApiByDirection.execute(ExecuteApiByDirection.java:28)
	at jp.go.jpo.sa1s99.common.format.integration.HtmlToXmlForAmendApiIntegrationTest.ファイル出力を比較する: #direction #parsedResult(HtmlToXmlForAmendApiIntegrationTest.groovy:29)
</failure>
  </testcase>
  <testcase name="ファイル出力を比較する: Direction{ s_InputDir: data/input/All-Format_append/pat-sbms/03-presentment-a801-u, s_OutputDir: data/output/html_amend/All-Format_append/pat-sbms/03-presentment-a801-u} null" classname="jp.go.jpo.sa1s99.common.format.integration.HtmlToXmlForAmendApiIntegrationTest" time="0.0">
    <failure message="java.lang.IllegalArgumentException: Not implemented yet" type="java.lang.IllegalArgumentException">java.lang.IllegalArgumentException: Not implemented yet
	at jp.go.jpo.sa1s99.common.format.api.XmlToHtmlForAmendApi.execute(XmlToHtmlForAmendApi.java:32)
	at jp.go.jpo.sa1s99.common.format.integration.ExecuteXmlToHtmlForAmendApiByDirection.executeApi(ExecuteXmlToHtmlForAmendApiByDirection.java:26)
	at jp.go.jpo.sa1s99.common.format.integration.ExecuteXmlToHtmlForAmendApiByDirection.executeApi(ExecuteXmlToHtmlForAmendApiByDirection.java:13)
	at jp.go.jpo.sa1s99.common.format.integration.ExecuteApiByDirection.execute(ExecuteApiByDirection.java:28)
	at jp.go.jpo.sa1s99.common.format.integration.HtmlToXmlForAmendApiIntegrationTest.ファイル出力を比較する: #direction #parsedResult(HtmlToXmlForAmendApiIntegrationTest.groovy:29)
</failure>
  </testcase>
  <testcase name="ファイル出力を比較する: Direction{ s_InputDir: data/input/All-Format_append/pat-sbms/04-presentment-a81-p, s_OutputDir: data/output/html_amend/All-Format_append/pat-sbms/04-presentment-a81-p} null" classname="jp.go.jpo.sa1s99.common.format.integration.HtmlToXmlForAmendApiIntegrationTest" time="0.015">
    <failure message="java.lang.IllegalArgumentException: Not implemented yet" type="java.lang.IllegalArgumentException">java.lang.IllegalArgumentException: Not implemented yet
	at jp.go.jpo.sa1s99.common.format.api.XmlToHtmlForAmendApi.execute(XmlToHtmlForAmendApi.java:32)
	at jp.go.jpo.sa1s99.common.format.integration.ExecuteXmlToHtmlForAmendApiByDirection.executeApi(ExecuteXmlToHtmlForAmendApiByDirection.java:26)
	at jp.go.jpo.sa1s99.common.format.integration.ExecuteXmlToHtmlForAmendApiByDirection.executeApi(ExecuteXmlToHtmlForAmendApiByDirection.java:13)
	at jp.go.jpo.sa1s99.common.format.integration.ExecuteApiByDirection.execute(ExecuteApiByDirection.java:28)
	at jp.go.jpo.sa1s99.common.format.integration.HtmlToXmlForAmendApiIntegrationTest.ファイル出力を比較する: #direction #parsedResult(HtmlToXmlForAmendApiIntegrationTest.groovy:29)
</failure>
  </testcase>
  <testcase name="ファイル出力を比較する: Direction{ s_InputDir: data/input/All-Format_append/pat-sbms/04-presentment-a81-u, s_OutputDir: data/output/html_amend/All-Format_append/pat-sbms/04-presentment-a81-u} null" classname="jp.go.jpo.sa1s99.common.format.integration.HtmlToXmlForAmendApiIntegrationTest" time="0.0">
    <failure message="java.lang.IllegalArgumentException: Not implemented yet" type="java.lang.IllegalArgumentException">java.lang.IllegalArgumentException: Not implemented yet
	at jp.go.jpo.sa1s99.common.format.api.XmlToHtmlForAmendApi.execute(XmlToHtmlForAmendApi.java:32)
	at jp.go.jpo.sa1s99.common.format.integration.ExecuteXmlToHtmlForAmendApiByDirection.executeApi(ExecuteXmlToHtmlForAmendApiByDirection.java:26)
	at jp.go.jpo.sa1s99.common.format.integration.ExecuteXmlToHtmlForAmendApiByDirection.executeApi(ExecuteXmlToHtmlForAmendApiByDirection.java:13)
	at jp.go.jpo.sa1s99.common.format.integration.ExecuteApiByDirection.execute(ExecuteApiByDirection.java:28)
	at jp.go.jpo.sa1s99.common.format.integration.HtmlToXmlForAmendApiIntegrationTest.ファイル出力を比較する: #direction #parsedResult(HtmlToXmlForAmendApiIntegrationTest.groovy:29)
</failure>
  </testcase>
  <testcase name="ファイル出力を比較する: Direction{ s_InputDir: data/input/All-Format_append/pat-sbms/05-presentment-a82-p, s_OutputDir: data/output/html_amend/All-Format_append/pat-sbms/05-presentment-a82-p} null" classname="jp.go.jpo.sa1s99.common.format.integration.HtmlToXmlForAmendApiIntegrationTest" time="0.016">
    <failure message="java.lang.IllegalArgumentException: Not implemented yet" type="java.lang.IllegalArgumentException">java.lang.IllegalArgumentException: Not implemented yet
	at jp.go.jpo.sa1s99.common.format.api.XmlToHtmlForAmendApi.execute(XmlToHtmlForAmendApi.java:32)
	at jp.go.jpo.sa1s99.common.format.integration.ExecuteXmlToHtmlForAmendApiByDirection.executeApi(ExecuteXmlToHtmlForAmendApiByDirection.java:26)
	at jp.go.jpo.sa1s99.common.format.integration.ExecuteXmlToHtmlForAmendApiByDirection.executeApi(ExecuteXmlToHtmlForAmendApiByDirection.java:13)
	at jp.go.jpo.sa1s99.common.format.integration.ExecuteApiByDirection.execute(ExecuteApiByDirection.java:28)
	at jp.go.jpo.sa1s99.common.format.integration.HtmlToXmlForAmendApiIntegrationTest.ファイル出力を比較する: #direction #parsedResult(HtmlToXmlForAmendApiIntegrationTest.groovy:29)
</failure>
  </testcase>
  <testcase name="ファイル出力を比較する: Direction{ s_InputDir: data/input/All-Format_append/pat-sbms/05-presentment-a82-u, s_OutputDir: data/output/html_amend/All-Format_append/pat-sbms/05-presentment-a82-u} null" classname="jp.go.jpo.sa1s99.common.format.integration.HtmlToXmlForAmendApiIntegrationTest" time="0.017">
    <failure message="java.lang.IllegalArgumentException: Not implemented yet" type="java.lang.IllegalArgumentException">java.lang.IllegalArgumentException: Not implemented yet
	at jp.go.jpo.sa1s99.common.format.api.XmlToHtmlForAmendApi.execute(XmlToHtmlForAmendApi.java:32)
	at jp.go.jpo.sa1s99.common.format.integration.ExecuteXmlToHtmlForAmendApiByDirection.executeApi(ExecuteXmlToHtmlForAmendApiByDirection.java:26)
	at jp.go.jpo.sa1s99.common.format.integration.ExecuteXmlToHtmlForAmendApiByDirection.executeApi(ExecuteXmlToHtmlForAmendApiByDirection.java:13)
	at jp.go.jpo.sa1s99.common.format.integration.ExecuteApiByDirection.execute(ExecuteApiByDirection.java:28)
	at jp.go.jpo.sa1s99.common.format.integration.HtmlToXmlForAmendApiIntegrationTest.ファイル出力を比較する: #direction #parsedResult(HtmlToXmlForAmendApiIntegrationTest.groovy:29)
</failure>
  </testcase>
  <testcase name="ファイル出力を比較する: Direction{ s_InputDir: data/input/All-Format_append/pat-sbms/06-presentment-a822-p, s_OutputDir: data/output/html_amend/All-Format_append/pat-sbms/06-presentment-a822-p} null" classname="jp.go.jpo.sa1s99.common.format.integration.HtmlToXmlForAmendApiIntegrationTest" time="0.005">
    <failure message="java.lang.IllegalArgumentException: Not implemented yet" type="java.lang.IllegalArgumentException">java.lang.IllegalArgumentException: Not implemented yet
	at jp.go.jpo.sa1s99.common.format.api.XmlToHtmlForAmendApi.execute(XmlToHtmlForAmendApi.java:32)
	at jp.go.jpo.sa1s99.common.format.integration.ExecuteXmlToHtmlForAmendApiByDirection.executeApi(ExecuteXmlToHtmlForAmendApiByDirection.java:26)
	at jp.go.jpo.sa1s99.common.format.integration.ExecuteXmlToHtmlForAmendApiByDirection.executeApi(ExecuteXmlToHtmlForAmendApiByDirection.java:13)
	at jp.go.jpo.sa1s99.common.format.integration.ExecuteApiByDirection.execute(ExecuteApiByDirection.java:28)
	at jp.go.jpo.sa1s99.common.format.integration.HtmlToXmlForAmendApiIntegrationTest.ファイル出力を比較する: #direction #parsedResult(HtmlToXmlForAmendApiIntegrationTest.groovy:29)
</failure>
  </testcase>
  <testcase name="ファイル出力を比較する: Direction{ s_InputDir: data/input/All-Format_append/pat-sbms/06-presentment-a822-u, s_OutputDir: data/output/html_amend/All-Format_append/pat-sbms/06-presentment-a822-u} null" classname="jp.go.jpo.sa1s99.common.format.integration.HtmlToXmlForAmendApiIntegrationTest" time="0.0">
    <failure message="java.lang.IllegalArgumentException: Not implemented yet" type="java.lang.IllegalArgumentException">java.lang.IllegalArgumentException: Not implemented yet
	at jp.go.jpo.sa1s99.common.format.api.XmlToHtmlForAmendApi.execute(XmlToHtmlForAmendApi.java:32)
	at jp.go.jpo.sa1s99.common.format.integration.ExecuteXmlToHtmlForAmendApiByDirection.executeApi(ExecuteXmlToHtmlForAmendApiByDirection.java:26)
	at jp.go.jpo.sa1s99.common.format.integration.ExecuteXmlToHtmlForAmendApiByDirection.executeApi(ExecuteXmlToHtmlForAmendApiByDirection.java:13)
	at jp.go.jpo.sa1s99.common.format.integration.ExecuteApiByDirection.execute(ExecuteApiByDirection.java:28)
	at jp.go.jpo.sa1s99.common.format.integration.HtmlToXmlForAmendApiIntegrationTest.ファイル出力を比較する: #direction #parsedResult(HtmlToXmlForAmendApiIntegrationTest.groovy:29)
</failure>
  </testcase>
  <testcase name="ファイル出力を比較する: Direction{ s_InputDir: data/input/All-Format_append/rgs-doc/01-payment-r100-d, s_OutputDir: data/output/html_amend/All-Format_append/rgs-doc/01-payment-r100-d} null" classname="jp.go.jpo.sa1s99.common.format.integration.HtmlToXmlForAmendApiIntegrationTest" time="0.0">
    <failure message="java.lang.IllegalArgumentException: Not implemented yet" type="java.lang.IllegalArgumentException">java.lang.IllegalArgumentException: Not implemented yet
	at jp.go.jpo.sa1s99.common.format.api.XmlToHtmlForAmendApi.execute(XmlToHtmlForAmendApi.java:32)
	at jp.go.jpo.sa1s99.common.format.integration.ExecuteXmlToHtmlForAmendApiByDirection.executeApi(ExecuteXmlToHtmlForAmendApiByDirection.java:26)
	at jp.go.jpo.sa1s99.common.format.integration.ExecuteXmlToHtmlForAmendApiByDirection.executeApi(ExecuteXmlToHtmlForAmendApiByDirection.java:13)
	at jp.go.jpo.sa1s99.common.format.integration.ExecuteApiByDirection.execute(ExecuteApiByDirection.java:28)
	at jp.go.jpo.sa1s99.common.format.integration.HtmlToXmlForAmendApiIntegrationTest.ファイル出力を比較する: #direction #parsedResult(HtmlToXmlForAmendApiIntegrationTest.groovy:29)
</failure>
  </testcase>
  <testcase name="ファイル出力を比較する: Direction{ s_InputDir: data/input/All-Format_append/rgs-doc/01-payment-r100-p, s_OutputDir: data/output/html_amend/All-Format_append/rgs-doc/01-payment-r100-p} null" classname="jp.go.jpo.sa1s99.common.format.integration.HtmlToXmlForAmendApiIntegrationTest" time="0.015">
    <failure message="java.lang.IllegalArgumentException: Not implemented yet" type="java.lang.IllegalArgumentException">java.lang.IllegalArgumentException: Not implemented yet
	at jp.go.jpo.sa1s99.common.format.api.XmlToHtmlForAmendApi.execute(XmlToHtmlForAmendApi.java:32)
	at jp.go.jpo.sa1s99.common.format.integration.ExecuteXmlToHtmlForAmendApiByDirection.executeApi(ExecuteXmlToHtmlForAmendApiByDirection.java:26)
	at jp.go.jpo.sa1s99.common.format.integration.ExecuteXmlToHtmlForAmendApiByDirection.executeApi(ExecuteXmlToHtmlForAmendApiByDirection.java:13)
	at jp.go.jpo.sa1s99.common.format.integration.ExecuteApiByDirection.execute(ExecuteApiByDirection.java:28)
	at jp.go.jpo.sa1s99.common.format.integration.HtmlToXmlForAmendApiIntegrationTest.ファイル出力を比較する: #direction #parsedResult(HtmlToXmlForAmendApiIntegrationTest.groovy:29)
</failure>
  </testcase>
  <testcase name="ファイル出力を比較する: Direction{ s_InputDir: data/input/All-Format_append/rgs-doc/01-payment-r100-p-conv-err, s_OutputDir: data/output/html_amend/All-Format_append/rgs-doc/01-payment-r100-p-conv-err} null" classname="jp.go.jpo.sa1s99.common.format.integration.HtmlToXmlForAmendApiIntegrationTest" time="0.0">
    <failure message="java.lang.IllegalArgumentException: Not implemented yet" type="java.lang.IllegalArgumentException">java.lang.IllegalArgumentException: Not implemented yet
	at jp.go.jpo.sa1s99.common.format.api.XmlToHtmlForAmendApi.execute(XmlToHtmlForAmendApi.java:32)
	at jp.go.jpo.sa1s99.common.format.integration.ExecuteXmlToHtmlForAmendApiByDirection.executeApi(ExecuteXmlToHtmlForAmendApiByDirection.java:26)
	at jp.go.jpo.sa1s99.common.format.integration.ExecuteXmlToHtmlForAmendApiByDirection.executeApi(ExecuteXmlToHtmlForAmendApiByDirection.java:13)
	at jp.go.jpo.sa1s99.common.format.integration.ExecuteApiByDirection.execute(ExecuteApiByDirection.java:28)
	at jp.go.jpo.sa1s99.common.format.integration.HtmlToXmlForAmendApiIntegrationTest.ファイル出力を比較する: #direction #parsedResult(HtmlToXmlForAmendApiIntegrationTest.groovy:29)
</failure>
  </testcase>
  <testcase name="ファイル出力を比較する: Direction{ s_InputDir: data/input/All-Format_append/rgs-doc/01-payment-r100-p-error-code, s_OutputDir: data/output/html_amend/All-Format_append/rgs-doc/01-payment-r100-p-error-code} null" classname="jp.go.jpo.sa1s99.common.format.integration.HtmlToXmlForAmendApiIntegrationTest" time="0.0">
    <failure message="java.lang.IllegalArgumentException: Not implemented yet" type="java.lang.IllegalArgumentException">java.lang.IllegalArgumentException: Not implemented yet
	at jp.go.jpo.sa1s99.common.format.api.XmlToHtmlForAmendApi.execute(XmlToHtmlForAmendApi.java:32)
	at jp.go.jpo.sa1s99.common.format.integration.ExecuteXmlToHtmlForAmendApiByDirection.executeApi(ExecuteXmlToHtmlForAmendApiByDirection.java:26)
	at jp.go.jpo.sa1s99.common.format.integration.ExecuteXmlToHtmlForAmendApiByDirection.executeApi(ExecuteXmlToHtmlForAmendApiByDirection.java:13)
	at jp.go.jpo.sa1s99.common.format.integration.ExecuteApiByDirection.execute(ExecuteApiByDirection.java:28)
	at jp.go.jpo.sa1s99.common.format.integration.HtmlToXmlForAmendApiIntegrationTest.ファイル出力を比較する: #direction #parsedResult(HtmlToXmlForAmendApiIntegrationTest.groovy:29)
</failure>
  </testcase>
  <testcase name="ファイル出力を比較する: Direction{ s_InputDir: data/input/All-Format_append/rgs-doc/01-payment-r100-p-null, s_OutputDir: data/output/html_amend/All-Format_append/rgs-doc/01-payment-r100-p-null} null" classname="jp.go.jpo.sa1s99.common.format.integration.HtmlToXmlForAmendApiIntegrationTest" time="0.016">
    <failure message="java.lang.IllegalArgumentException: Not implemented yet" type="java.lang.IllegalArgumentException">java.lang.IllegalArgumentException: Not implemented yet
	at jp.go.jpo.sa1s99.common.format.api.XmlToHtmlForAmendApi.execute(XmlToHtmlForAmendApi.java:32)
	at jp.go.jpo.sa1s99.common.format.integration.ExecuteXmlToHtmlForAmendApiByDirection.executeApi(ExecuteXmlToHtmlForAmendApiByDirection.java:26)
	at jp.go.jpo.sa1s99.common.format.integration.ExecuteXmlToHtmlForAmendApiByDirection.executeApi(ExecuteXmlToHtmlForAmendApiByDirection.java:13)
	at jp.go.jpo.sa1s99.common.format.integration.ExecuteApiByDirection.execute(ExecuteApiByDirection.java:28)
	at jp.go.jpo.sa1s99.common.format.integration.HtmlToXmlForAmendApiIntegrationTest.ファイル出力を比較する: #direction #parsedResult(HtmlToXmlForAmendApiIntegrationTest.groovy:29)
</failure>
  </testcase>
  <testcase name="ファイル出力を比較する: Direction{ s_InputDir: data/input/All-Format_append/rgs-doc/01-payment-r100-t, s_OutputDir: data/output/html_amend/All-Format_append/rgs-doc/01-payment-r100-t} null" classname="jp.go.jpo.sa1s99.common.format.integration.HtmlToXmlForAmendApiIntegrationTest" time="0.0">
    <failure message="java.lang.IllegalArgumentException: Not implemented yet" type="java.lang.IllegalArgumentException">java.lang.IllegalArgumentException: Not implemented yet
	at jp.go.jpo.sa1s99.common.format.api.XmlToHtmlForAmendApi.execute(XmlToHtmlForAmendApi.java:32)
	at jp.go.jpo.sa1s99.common.format.integration.ExecuteXmlToHtmlForAmendApiByDirection.executeApi(ExecuteXmlToHtmlForAmendApiByDirection.java:26)
	at jp.go.jpo.sa1s99.common.format.integration.ExecuteXmlToHtmlForAmendApiByDirection.executeApi(ExecuteXmlToHtmlForAmendApiByDirection.java:13)
	at jp.go.jpo.sa1s99.common.format.integration.ExecuteApiByDirection.execute(ExecuteApiByDirection.java:28)
	at jp.go.jpo.sa1s99.common.format.integration.HtmlToXmlForAmendApiIntegrationTest.ファイル出力を比較する: #direction #parsedResult(HtmlToXmlForAmendApiIntegrationTest.groovy:29)
</failure>
  </testcase>
  <testcase name="ファイル出力を比較する: Direction{ s_InputDir: data/input/All-Format_append/rgs-doc/01-payment-r100-u, s_OutputDir: data/output/html_amend/All-Format_append/rgs-doc/01-payment-r100-u} null" classname="jp.go.jpo.sa1s99.common.format.integration.HtmlToXmlForAmendApiIntegrationTest" time="0.0">
    <failure message="java.lang.IllegalArgumentException: Not implemented yet" type="java.lang.IllegalArgumentException">java.lang.IllegalArgumentException: Not implemented yet
	at jp.go.jpo.sa1s99.common.format.api.XmlToHtmlForAmendApi.execute(XmlToHtmlForAmendApi.java:32)
	at jp.go.jpo.sa1s99.common.format.integration.ExecuteXmlToHtmlForAmendApiByDirection.executeApi(ExecuteXmlToHtmlForAmendApiByDirection.java:26)
	at jp.go.jpo.sa1s99.common.format.integration.ExecuteXmlToHtmlForAmendApiByDirection.executeApi(ExecuteXmlToHtmlForAmendApiByDirection.java:13)
	at jp.go.jpo.sa1s99.common.format.integration.ExecuteApiByDirection.execute(ExecuteApiByDirection.java:28)
	at jp.go.jpo.sa1s99.common.format.integration.HtmlToXmlForAmendApiIntegrationTest.ファイル出力を比較する: #direction #parsedResult(HtmlToXmlForAmendApiIntegrationTest.groovy:29)
</failure>
  </testcase>
  <testcase name="ファイル出力を比較する: Direction{ s_InputDir: data/input/All-Format_append/rgs-doc/02-payment-r101-p, s_OutputDir: data/output/html_amend/All-Format_append/rgs-doc/02-payment-r101-p} null" classname="jp.go.jpo.sa1s99.common.format.integration.HtmlToXmlForAmendApiIntegrationTest" time="0.016">
    <failure message="java.lang.IllegalArgumentException: Not implemented yet" type="java.lang.IllegalArgumentException">java.lang.IllegalArgumentException: Not implemented yet
	at jp.go.jpo.sa1s99.common.format.api.XmlToHtmlForAmendApi.execute(XmlToHtmlForAmendApi.java:32)
	at jp.go.jpo.sa1s99.common.format.integration.ExecuteXmlToHtmlForAmendApiByDirection.executeApi(ExecuteXmlToHtmlForAmendApiByDirection.java:26)
	at jp.go.jpo.sa1s99.common.format.integration.ExecuteXmlToHtmlForAmendApiByDirection.executeApi(ExecuteXmlToHtmlForAmendApiByDirection.java:13)
	at jp.go.jpo.sa1s99.common.format.integration.ExecuteApiByDirection.execute(ExecuteApiByDirection.java:28)
	at jp.go.jpo.sa1s99.common.format.integration.HtmlToXmlForAmendApiIntegrationTest.ファイル出力を比較する: #direction #parsedResult(HtmlToXmlForAmendApiIntegrationTest.groovy:29)
</failure>
  </testcase>
  <testcase name="ファイル出力を比較する: Direction{ s_InputDir: data/input/All-Format_append/rgs-doc/03-payment-r102-d, s_OutputDir: data/output/html_amend/All-Format_append/rgs-doc/03-payment-r102-d} null" classname="jp.go.jpo.sa1s99.common.format.integration.HtmlToXmlForAmendApiIntegrationTest" time="0.0">
    <failure message="java.lang.IllegalArgumentException: Not implemented yet" type="java.lang.IllegalArgumentException">java.lang.IllegalArgumentException: Not implemented yet
	at jp.go.jpo.sa1s99.common.format.api.XmlToHtmlForAmendApi.execute(XmlToHtmlForAmendApi.java:32)
	at jp.go.jpo.sa1s99.common.format.integration.ExecuteXmlToHtmlForAmendApiByDirection.executeApi(ExecuteXmlToHtmlForAmendApiByDirection.java:26)
	at jp.go.jpo.sa1s99.common.format.integration.ExecuteXmlToHtmlForAmendApiByDirection.executeApi(ExecuteXmlToHtmlForAmendApiByDirection.java:13)
	at jp.go.jpo.sa1s99.common.format.integration.ExecuteApiByDirection.execute(ExecuteApiByDirection.java:28)
	at jp.go.jpo.sa1s99.common.format.integration.HtmlToXmlForAmendApiIntegrationTest.ファイル出力を比較する: #direction #parsedResult(HtmlToXmlForAmendApiIntegrationTest.groovy:29)
</failure>
  </testcase>
  <testcase name="ファイル出力を比較する: Direction{ s_InputDir: data/input/All-Format_append/rgs-doc/04-payment-r103-t, s_OutputDir: data/output/html_amend/All-Format_append/rgs-doc/04-payment-r103-t} null" classname="jp.go.jpo.sa1s99.common.format.integration.HtmlToXmlForAmendApiIntegrationTest" time="0.0">
    <failure message="java.lang.IllegalArgumentException: Not implemented yet" type="java.lang.IllegalArgumentException">java.lang.IllegalArgumentException: Not implemented yet
	at jp.go.jpo.sa1s99.common.format.api.XmlToHtmlForAmendApi.execute(XmlToHtmlForAmendApi.java:32)
	at jp.go.jpo.sa1s99.common.format.integration.ExecuteXmlToHtmlForAmendApiByDirection.executeApi(ExecuteXmlToHtmlForAmendApiByDirection.java:26)
	at jp.go.jpo.sa1s99.common.format.integration.ExecuteXmlToHtmlForAmendApiByDirection.executeApi(ExecuteXmlToHtmlForAmendApiByDirection.java:13)
	at jp.go.jpo.sa1s99.common.format.integration.ExecuteApiByDirection.execute(ExecuteApiByDirection.java:28)
	at jp.go.jpo.sa1s99.common.format.integration.HtmlToXmlForAmendApiIntegrationTest.ファイル出力を比較する: #direction #parsedResult(HtmlToXmlForAmendApiIntegrationTest.groovy:29)
</failure>
  </testcase>
  <testcase name="ファイル出力を比較する: Direction{ s_InputDir: data/input/All-Format_append/rgs-doc/05-payment-r104-t, s_OutputDir: data/output/html_amend/All-Format_append/rgs-doc/05-payment-r104-t} null" classname="jp.go.jpo.sa1s99.common.format.integration.HtmlToXmlForAmendApiIntegrationTest" time="0.015">
    <failure message="java.lang.IllegalArgumentException: Not implemented yet" type="java.lang.IllegalArgumentException">java.lang.IllegalArgumentException: Not implemented yet
	at jp.go.jpo.sa1s99.common.format.api.XmlToHtmlForAmendApi.execute(XmlToHtmlForAmendApi.java:32)
	at jp.go.jpo.sa1s99.common.format.integration.ExecuteXmlToHtmlForAmendApiByDirection.executeApi(ExecuteXmlToHtmlForAmendApiByDirection.java:26)
	at jp.go.jpo.sa1s99.common.format.integration.ExecuteXmlToHtmlForAmendApiByDirection.executeApi(ExecuteXmlToHtmlForAmendApiByDirection.java:13)
	at jp.go.jpo.sa1s99.common.format.integration.ExecuteApiByDirection.execute(ExecuteApiByDirection.java:28)
	at jp.go.jpo.sa1s99.common.format.integration.HtmlToXmlForAmendApiIntegrationTest.ファイル出力を比較する: #direction #parsedResult(HtmlToXmlForAmendApiIntegrationTest.groovy:29)
</failure>
  </testcase>
  <testcase name="ファイル出力を比較する: Direction{ s_InputDir: data/input/All-Format_append/rgs-doc/06-payment-r105-t, s_OutputDir: data/output/html_amend/All-Format_append/rgs-doc/06-payment-r105-t} null" classname="jp.go.jpo.sa1s99.common.format.integration.HtmlToXmlForAmendApiIntegrationTest" time="0.0">
    <failure message="java.lang.IllegalArgumentException: Not implemented yet" type="java.lang.IllegalArgumentException">java.lang.IllegalArgumentException: Not implemented yet
	at jp.go.jpo.sa1s99.common.format.api.XmlToHtmlForAmendApi.execute(XmlToHtmlForAmendApi.java:32)
	at jp.go.jpo.sa1s99.common.format.integration.ExecuteXmlToHtmlForAmendApiByDirection.executeApi(ExecuteXmlToHtmlForAmendApiByDirection.java:26)
	at jp.go.jpo.sa1s99.common.format.integration.ExecuteXmlToHtmlForAmendApiByDirection.executeApi(ExecuteXmlToHtmlForAmendApiByDirection.java:13)
	at jp.go.jpo.sa1s99.common.format.integration.ExecuteApiByDirection.execute(ExecuteApiByDirection.java:28)
	at jp.go.jpo.sa1s99.common.format.integration.HtmlToXmlForAmendApiIntegrationTest.ファイル出力を比較する: #direction #parsedResult(HtmlToXmlForAmendApiIntegrationTest.groovy:29)
</failure>
  </testcase>
  <testcase name="ファイル出力を比較する: Direction{ s_InputDir: data/input/All-Format_append/rgs-doc/07-payment-r110-d, s_OutputDir: data/output/html_amend/All-Format_append/rgs-doc/07-payment-r110-d} null" classname="jp.go.jpo.sa1s99.common.format.integration.HtmlToXmlForAmendApiIntegrationTest" time="0.0">
    <failure message="java.lang.IllegalArgumentException: Not implemented yet" type="java.lang.IllegalArgumentException">java.lang.IllegalArgumentException: Not implemented yet
	at jp.go.jpo.sa1s99.common.format.api.XmlToHtmlForAmendApi.execute(XmlToHtmlForAmendApi.java:32)
	at jp.go.jpo.sa1s99.common.format.integration.ExecuteXmlToHtmlForAmendApiByDirection.executeApi(ExecuteXmlToHtmlForAmendApiByDirection.java:26)
	at jp.go.jpo.sa1s99.common.format.integration.ExecuteXmlToHtmlForAmendApiByDirection.executeApi(ExecuteXmlToHtmlForAmendApiByDirection.java:13)
	at jp.go.jpo.sa1s99.common.format.integration.ExecuteApiByDirection.execute(ExecuteApiByDirection.java:28)
	at jp.go.jpo.sa1s99.common.format.integration.HtmlToXmlForAmendApiIntegrationTest.ファイル出力を比較する: #direction #parsedResult(HtmlToXmlForAmendApiIntegrationTest.groovy:29)
</failure>
  </testcase>
  <testcase name="ファイル出力を比較する: Direction{ s_InputDir: data/input/All-Format_append/rgs-doc/07-payment-r110-p, s_OutputDir: data/output/html_amend/All-Format_append/rgs-doc/07-payment-r110-p} null" classname="jp.go.jpo.sa1s99.common.format.integration.HtmlToXmlForAmendApiIntegrationTest" time="0.0">
    <failure message="java.lang.IllegalArgumentException: Not implemented yet" type="java.lang.IllegalArgumentException">java.lang.IllegalArgumentException: Not implemented yet
	at jp.go.jpo.sa1s99.common.format.api.XmlToHtmlForAmendApi.execute(XmlToHtmlForAmendApi.java:32)
	at jp.go.jpo.sa1s99.common.format.integration.ExecuteXmlToHtmlForAmendApiByDirection.executeApi(ExecuteXmlToHtmlForAmendApiByDirection.java:26)
	at jp.go.jpo.sa1s99.common.format.integration.ExecuteXmlToHtmlForAmendApiByDirection.executeApi(ExecuteXmlToHtmlForAmendApiByDirection.java:13)
	at jp.go.jpo.sa1s99.common.format.integration.ExecuteApiByDirection.execute(ExecuteApiByDirection.java:28)
	at jp.go.jpo.sa1s99.common.format.integration.HtmlToXmlForAmendApiIntegrationTest.ファイル出力を比較する: #direction #parsedResult(HtmlToXmlForAmendApiIntegrationTest.groovy:29)
</failure>
  </testcase>
  <testcase name="ファイル出力を比較する: Direction{ s_InputDir: data/input/All-Format_append/rgs-doc/07-payment-r110-t, s_OutputDir: data/output/html_amend/All-Format_append/rgs-doc/07-payment-r110-t} null" classname="jp.go.jpo.sa1s99.common.format.integration.HtmlToXmlForAmendApiIntegrationTest" time="0.0">
    <failure message="java.lang.IllegalArgumentException: Not implemented yet" type="java.lang.IllegalArgumentException">java.lang.IllegalArgumentException: Not implemented yet
	at jp.go.jpo.sa1s99.common.format.api.XmlToHtmlForAmendApi.execute(XmlToHtmlForAmendApi.java:32)
	at jp.go.jpo.sa1s99.common.format.integration.ExecuteXmlToHtmlForAmendApiByDirection.executeApi(ExecuteXmlToHtmlForAmendApiByDirection.java:26)
	at jp.go.jpo.sa1s99.common.format.integration.ExecuteXmlToHtmlForAmendApiByDirection.executeApi(ExecuteXmlToHtmlForAmendApiByDirection.java:13)
	at jp.go.jpo.sa1s99.common.format.integration.ExecuteApiByDirection.execute(ExecuteApiByDirection.java:28)
	at jp.go.jpo.sa1s99.common.format.integration.HtmlToXmlForAmendApiIntegrationTest.ファイル出力を比較する: #direction #parsedResult(HtmlToXmlForAmendApiIntegrationTest.groovy:29)
</failure>
  </testcase>
  <testcase name="ファイル出力を比較する: Direction{ s_InputDir: data/input/All-Format_append/rgs-doc/07-payment-r110-u, s_OutputDir: data/output/html_amend/All-Format_append/rgs-doc/07-payment-r110-u} null" classname="jp.go.jpo.sa1s99.common.format.integration.HtmlToXmlForAmendApiIntegrationTest" time="0.019">
    <failure message="java.lang.IllegalArgumentException: Not implemented yet" type="java.lang.IllegalArgumentException">java.lang.IllegalArgumentException: Not implemented yet
	at jp.go.jpo.sa1s99.common.format.api.XmlToHtmlForAmendApi.execute(XmlToHtmlForAmendApi.java:32)
	at jp.go.jpo.sa1s99.common.format.integration.ExecuteXmlToHtmlForAmendApiByDirection.executeApi(ExecuteXmlToHtmlForAmendApiByDirection.java:26)
	at jp.go.jpo.sa1s99.common.format.integration.ExecuteXmlToHtmlForAmendApiByDirection.executeApi(ExecuteXmlToHtmlForAmendApiByDirection.java:13)
	at jp.go.jpo.sa1s99.common.format.integration.ExecuteApiByDirection.execute(ExecuteApiByDirection.java:28)
	at jp.go.jpo.sa1s99.common.format.integration.HtmlToXmlForAmendApiIntegrationTest.ファイル出力を比較する: #direction #parsedResult(HtmlToXmlForAmendApiIntegrationTest.groovy:29)
</failure>
  </testcase>
  <testcase name="ファイル出力を比較する: Direction{ s_InputDir: data/input/All-Format_append/rgs-doc/08-payment-r111-p, s_OutputDir: data/output/html_amend/All-Format_append/rgs-doc/08-payment-r111-p} null" classname="jp.go.jpo.sa1s99.common.format.integration.HtmlToXmlForAmendApiIntegrationTest" time="0.003">
    <failure message="java.lang.IllegalArgumentException: Not implemented yet" type="java.lang.IllegalArgumentException">java.lang.IllegalArgumentException: Not implemented yet
	at jp.go.jpo.sa1s99.common.format.api.XmlToHtmlForAmendApi.execute(XmlToHtmlForAmendApi.java:32)
	at jp.go.jpo.sa1s99.common.format.integration.ExecuteXmlToHtmlForAmendApiByDirection.executeApi(ExecuteXmlToHtmlForAmendApiByDirection.java:26)
	at jp.go.jpo.sa1s99.common.format.integration.ExecuteXmlToHtmlForAmendApiByDirection.executeApi(ExecuteXmlToHtmlForAmendApiByDirection.java:13)
	at jp.go.jpo.sa1s99.common.format.integration.ExecuteApiByDirection.execute(ExecuteApiByDirection.java:28)
	at jp.go.jpo.sa1s99.common.format.integration.HtmlToXmlForAmendApiIntegrationTest.ファイル出力を比較する: #direction #parsedResult(HtmlToXmlForAmendApiIntegrationTest.groovy:29)
</failure>
  </testcase>
  <testcase name="ファイル出力を比較する: Direction{ s_InputDir: data/input/All-Format_append/rgs-doc/09-payment-r112-d, s_OutputDir: data/output/html_amend/All-Format_append/rgs-doc/09-payment-r112-d} null" classname="jp.go.jpo.sa1s99.common.format.integration.HtmlToXmlForAmendApiIntegrationTest" time="0.0">
    <failure message="java.lang.IllegalArgumentException: Not implemented yet" type="java.lang.IllegalArgumentException">java.lang.IllegalArgumentException: Not implemented yet
	at jp.go.jpo.sa1s99.common.format.api.XmlToHtmlForAmendApi.execute(XmlToHtmlForAmendApi.java:32)
	at jp.go.jpo.sa1s99.common.format.integration.ExecuteXmlToHtmlForAmendApiByDirection.executeApi(ExecuteXmlToHtmlForAmendApiByDirection.java:26)
	at jp.go.jpo.sa1s99.common.format.integration.ExecuteXmlToHtmlForAmendApiByDirection.executeApi(ExecuteXmlToHtmlForAmendApiByDirection.java:13)
	at jp.go.jpo.sa1s99.common.format.integration.ExecuteApiByDirection.execute(ExecuteApiByDirection.java:28)
	at jp.go.jpo.sa1s99.common.format.integration.HtmlToXmlForAmendApiIntegrationTest.ファイル出力を比較する: #direction #parsedResult(HtmlToXmlForAmendApiIntegrationTest.groovy:29)
</failure>
  </testcase>
  <testcase name="ファイル出力を比較する: Direction{ s_InputDir: data/input/All-Format_append/rgs-doc/10-payment-r113-t, s_OutputDir: data/output/html_amend/All-Format_append/rgs-doc/10-payment-r113-t} null" classname="jp.go.jpo.sa1s99.common.format.integration.HtmlToXmlForAmendApiIntegrationTest" time="0.0">
    <failure message="java.lang.IllegalArgumentException: Not implemented yet" type="java.lang.IllegalArgumentException">java.lang.IllegalArgumentException: Not implemented yet
	at jp.go.jpo.sa1s99.common.format.api.XmlToHtmlForAmendApi.execute(XmlToHtmlForAmendApi.java:32)
	at jp.go.jpo.sa1s99.common.format.integration.ExecuteXmlToHtmlForAmendApiByDirection.executeApi(ExecuteXmlToHtmlForAmendApiByDirection.java:26)
	at jp.go.jpo.sa1s99.common.format.integration.ExecuteXmlToHtmlForAmendApiByDirection.executeApi(ExecuteXmlToHtmlForAmendApiByDirection.java:13)
	at jp.go.jpo.sa1s99.common.format.integration.ExecuteApiByDirection.execute(ExecuteApiByDirection.java:28)
	at jp.go.jpo.sa1s99.common.format.integration.HtmlToXmlForAmendApiIntegrationTest.ファイル出力を比較する: #direction #parsedResult(HtmlToXmlForAmendApiIntegrationTest.groovy:29)
</failure>
  </testcase>
  <testcase name="ファイル出力を比較する: Direction{ s_InputDir: data/input/All-Format_append/rgs-doc/11-payment-r114-t, s_OutputDir: data/output/html_amend/All-Format_append/rgs-doc/11-payment-r114-t} null" classname="jp.go.jpo.sa1s99.common.format.integration.HtmlToXmlForAmendApiIntegrationTest" time="0.016">
    <failure message="java.lang.IllegalArgumentException: Not implemented yet" type="java.lang.IllegalArgumentException">java.lang.IllegalArgumentException: Not implemented yet
	at jp.go.jpo.sa1s99.common.format.api.XmlToHtmlForAmendApi.execute(XmlToHtmlForAmendApi.java:32)
	at jp.go.jpo.sa1s99.common.format.integration.ExecuteXmlToHtmlForAmendApiByDirection.executeApi(ExecuteXmlToHtmlForAmendApiByDirection.java:26)
	at jp.go.jpo.sa1s99.common.format.integration.ExecuteXmlToHtmlForAmendApiByDirection.executeApi(ExecuteXmlToHtmlForAmendApiByDirection.java:13)
	at jp.go.jpo.sa1s99.common.format.integration.ExecuteApiByDirection.execute(ExecuteApiByDirection.java:28)
	at jp.go.jpo.sa1s99.common.format.integration.HtmlToXmlForAmendApiIntegrationTest.ファイル出力を比較する: #direction #parsedResult(HtmlToXmlForAmendApiIntegrationTest.groovy:29)
</failure>
  </testcase>
  <testcase name="ファイル出力を比較する: Direction{ s_InputDir: data/input/All-Format_append/rgs-doc/12-payment-r115-t, s_OutputDir: data/output/html_amend/All-Format_append/rgs-doc/12-payment-r115-t} null" classname="jp.go.jpo.sa1s99.common.format.integration.HtmlToXmlForAmendApiIntegrationTest" time="0.0">
    <failure message="java.lang.IllegalArgumentException: Not implemented yet" type="java.lang.IllegalArgumentException">java.lang.IllegalArgumentException: Not implemented yet
	at jp.go.jpo.sa1s99.common.format.api.XmlToHtmlForAmendApi.execute(XmlToHtmlForAmendApi.java:32)
	at jp.go.jpo.sa1s99.common.format.integration.ExecuteXmlToHtmlForAmendApiByDirection.executeApi(ExecuteXmlToHtmlForAmendApiByDirection.java:26)
	at jp.go.jpo.sa1s99.common.format.integration.ExecuteXmlToHtmlForAmendApiByDirection.executeApi(ExecuteXmlToHtmlForAmendApiByDirection.java:13)
	at jp.go.jpo.sa1s99.common.format.integration.ExecuteApiByDirection.execute(ExecuteApiByDirection.java:28)
	at jp.go.jpo.sa1s99.common.format.integration.HtmlToXmlForAmendApiIntegrationTest.ファイル出力を比較する: #direction #parsedResult(HtmlToXmlForAmendApiIntegrationTest.groovy:29)
</failure>
  </testcase>
  <testcase name="ファイル出力を比較する: Direction{ s_InputDir: data/input/All-Format_append/rgs-doc/13-payment-r20-d, s_OutputDir: data/output/html_amend/All-Format_append/rgs-doc/13-payment-r20-d} null" classname="jp.go.jpo.sa1s99.common.format.integration.HtmlToXmlForAmendApiIntegrationTest" time="0.015">
    <failure message="java.lang.IllegalArgumentException: Not implemented yet" type="java.lang.IllegalArgumentException">java.lang.IllegalArgumentException: Not implemented yet
	at jp.go.jpo.sa1s99.common.format.api.XmlToHtmlForAmendApi.execute(XmlToHtmlForAmendApi.java:32)
	at jp.go.jpo.sa1s99.common.format.integration.ExecuteXmlToHtmlForAmendApiByDirection.executeApi(ExecuteXmlToHtmlForAmendApiByDirection.java:26)
	at jp.go.jpo.sa1s99.common.format.integration.ExecuteXmlToHtmlForAmendApiByDirection.executeApi(ExecuteXmlToHtmlForAmendApiByDirection.java:13)
	at jp.go.jpo.sa1s99.common.format.integration.ExecuteApiByDirection.execute(ExecuteApiByDirection.java:28)
	at jp.go.jpo.sa1s99.common.format.integration.HtmlToXmlForAmendApiIntegrationTest.ファイル出力を比較する: #direction #parsedResult(HtmlToXmlForAmendApiIntegrationTest.groovy:29)
</failure>
  </testcase>
  <testcase name="ファイル出力を比較する: Direction{ s_InputDir: data/input/All-Format_append/rgs-doc/13-payment-r20-p, s_OutputDir: data/output/html_amend/All-Format_append/rgs-doc/13-payment-r20-p} null" classname="jp.go.jpo.sa1s99.common.format.integration.HtmlToXmlForAmendApiIntegrationTest" time="0.0">
    <failure message="java.lang.IllegalArgumentException: Not implemented yet" type="java.lang.IllegalArgumentException">java.lang.IllegalArgumentException: Not implemented yet
	at jp.go.jpo.sa1s99.common.format.api.XmlToHtmlForAmendApi.execute(XmlToHtmlForAmendApi.java:32)
	at jp.go.jpo.sa1s99.common.format.integration.ExecuteXmlToHtmlForAmendApiByDirection.executeApi(ExecuteXmlToHtmlForAmendApiByDirection.java:26)
	at jp.go.jpo.sa1s99.common.format.integration.ExecuteXmlToHtmlForAmendApiByDirection.executeApi(ExecuteXmlToHtmlForAmendApiByDirection.java:13)
	at jp.go.jpo.sa1s99.common.format.integration.ExecuteApiByDirection.execute(ExecuteApiByDirection.java:28)
	at jp.go.jpo.sa1s99.common.format.integration.HtmlToXmlForAmendApiIntegrationTest.ファイル出力を比較する: #direction #parsedResult(HtmlToXmlForAmendApiIntegrationTest.groovy:29)
</failure>
  </testcase>
  <testcase name="ファイル出力を比較する: Direction{ s_InputDir: data/input/All-Format_append/rgs-doc/13-payment-r20-u, s_OutputDir: data/output/html_amend/All-Format_append/rgs-doc/13-payment-r20-u} null" classname="jp.go.jpo.sa1s99.common.format.integration.HtmlToXmlForAmendApiIntegrationTest" time="0.0">
    <failure message="java.lang.IllegalArgumentException: Not implemented yet" type="java.lang.IllegalArgumentException">java.lang.IllegalArgumentException: Not implemented yet
	at jp.go.jpo.sa1s99.common.format.api.XmlToHtmlForAmendApi.execute(XmlToHtmlForAmendApi.java:32)
	at jp.go.jpo.sa1s99.common.format.integration.ExecuteXmlToHtmlForAmendApiByDirection.executeApi(ExecuteXmlToHtmlForAmendApiByDirection.java:26)
	at jp.go.jpo.sa1s99.common.format.integration.ExecuteXmlToHtmlForAmendApiByDirection.executeApi(ExecuteXmlToHtmlForAmendApiByDirection.java:13)
	at jp.go.jpo.sa1s99.common.format.integration.ExecuteApiByDirection.execute(ExecuteApiByDirection.java:28)
	at jp.go.jpo.sa1s99.common.format.integration.HtmlToXmlForAmendApiIntegrationTest.ファイル出力を比較する: #direction #parsedResult(HtmlToXmlForAmendApiIntegrationTest.groovy:29)
</failure>
  </testcase>
  <testcase name="ファイル出力を比較する: Direction{ s_InputDir: data/input/All-Format_append/rgs-doc/14-payment-r200-t, s_OutputDir: data/output/html_amend/All-Format_append/rgs-doc/14-payment-r200-t} null" classname="jp.go.jpo.sa1s99.common.format.integration.HtmlToXmlForAmendApiIntegrationTest" time="0.016">
    <failure message="java.lang.IllegalArgumentException: Not implemented yet" type="java.lang.IllegalArgumentException">java.lang.IllegalArgumentException: Not implemented yet
	at jp.go.jpo.sa1s99.common.format.api.XmlToHtmlForAmendApi.execute(XmlToHtmlForAmendApi.java:32)
	at jp.go.jpo.sa1s99.common.format.integration.ExecuteXmlToHtmlForAmendApiByDirection.executeApi(ExecuteXmlToHtmlForAmendApiByDirection.java:26)
	at jp.go.jpo.sa1s99.common.format.integration.ExecuteXmlToHtmlForAmendApiByDirection.executeApi(ExecuteXmlToHtmlForAmendApiByDirection.java:13)
	at jp.go.jpo.sa1s99.common.format.integration.ExecuteApiByDirection.execute(ExecuteApiByDirection.java:28)
	at jp.go.jpo.sa1s99.common.format.integration.HtmlToXmlForAmendApiIntegrationTest.ファイル出力を比較する: #direction #parsedResult(HtmlToXmlForAmendApiIntegrationTest.groovy:29)
</failure>
  </testcase>
  <testcase name="ファイル出力を比較する: Direction{ s_InputDir: data/input/All-Format_append/rgs-doc/15-payment-r201-t, s_OutputDir: data/output/html_amend/All-Format_append/rgs-doc/15-payment-r201-t} null" classname="jp.go.jpo.sa1s99.common.format.integration.HtmlToXmlForAmendApiIntegrationTest" time="0.0">
    <failure message="java.lang.IllegalArgumentException: Not implemented yet" type="java.lang.IllegalArgumentException">java.lang.IllegalArgumentException: Not implemented yet
	at jp.go.jpo.sa1s99.common.format.api.XmlToHtmlForAmendApi.execute(XmlToHtmlForAmendApi.java:32)
	at jp.go.jpo.sa1s99.common.format.integration.ExecuteXmlToHtmlForAmendApiByDirection.executeApi(ExecuteXmlToHtmlForAmendApiByDirection.java:26)
	at jp.go.jpo.sa1s99.common.format.integration.ExecuteXmlToHtmlForAmendApiByDirection.executeApi(ExecuteXmlToHtmlForAmendApiByDirection.java:13)
	at jp.go.jpo.sa1s99.common.format.integration.ExecuteApiByDirection.execute(ExecuteApiByDirection.java:28)
	at jp.go.jpo.sa1s99.common.format.integration.HtmlToXmlForAmendApiIntegrationTest.ファイル出力を比較する: #direction #parsedResult(HtmlToXmlForAmendApiIntegrationTest.groovy:29)
</failure>
  </testcase>
  <testcase name="ファイル出力を比較する: Direction{ s_InputDir: data/input/All-Format_append/rgs-doc/16-payment-r21-d, s_OutputDir: data/output/html_amend/All-Format_append/rgs-doc/16-payment-r21-d} null" classname="jp.go.jpo.sa1s99.common.format.integration.HtmlToXmlForAmendApiIntegrationTest" time="0.0">
    <failure message="java.lang.IllegalArgumentException: Not implemented yet" type="java.lang.IllegalArgumentException">java.lang.IllegalArgumentException: Not implemented yet
	at jp.go.jpo.sa1s99.common.format.api.XmlToHtmlForAmendApi.execute(XmlToHtmlForAmendApi.java:32)
	at jp.go.jpo.sa1s99.common.format.integration.ExecuteXmlToHtmlForAmendApiByDirection.executeApi(ExecuteXmlToHtmlForAmendApiByDirection.java:26)
	at jp.go.jpo.sa1s99.common.format.integration.ExecuteXmlToHtmlForAmendApiByDirection.executeApi(ExecuteXmlToHtmlForAmendApiByDirection.java:13)
	at jp.go.jpo.sa1s99.common.format.integration.ExecuteApiByDirection.execute(ExecuteApiByDirection.java:28)
	at jp.go.jpo.sa1s99.common.format.integration.HtmlToXmlForAmendApiIntegrationTest.ファイル出力を比較する: #direction #parsedResult(HtmlToXmlForAmendApiIntegrationTest.groovy:29)
</failure>
  </testcase>
  <testcase name="ファイル出力を比較する: Direction{ s_InputDir: data/input/All-Format_append/rgs-doc/16-payment-r21-p, s_OutputDir: data/output/html_amend/All-Format_append/rgs-doc/16-payment-r21-p} null" classname="jp.go.jpo.sa1s99.common.format.integration.HtmlToXmlForAmendApiIntegrationTest" time="0.0">
    <failure message="java.lang.IllegalArgumentException: Not implemented yet" type="java.lang.IllegalArgumentException">java.lang.IllegalArgumentException: Not implemented yet
	at jp.go.jpo.sa1s99.common.format.api.XmlToHtmlForAmendApi.execute(XmlToHtmlForAmendApi.java:32)
	at jp.go.jpo.sa1s99.common.format.integration.ExecuteXmlToHtmlForAmendApiByDirection.executeApi(ExecuteXmlToHtmlForAmendApiByDirection.java:26)
	at jp.go.jpo.sa1s99.common.format.integration.ExecuteXmlToHtmlForAmendApiByDirection.executeApi(ExecuteXmlToHtmlForAmendApiByDirection.java:13)
	at jp.go.jpo.sa1s99.common.format.integration.ExecuteApiByDirection.execute(ExecuteApiByDirection.java:28)
	at jp.go.jpo.sa1s99.common.format.integration.HtmlToXmlForAmendApiIntegrationTest.ファイル出力を比較する: #direction #parsedResult(HtmlToXmlForAmendApiIntegrationTest.groovy:29)
</failure>
  </testcase>
  <testcase name="ファイル出力を比較する: Direction{ s_InputDir: data/input/All-Format_append/rgs-doc/16-payment-r21-u, s_OutputDir: data/output/html_amend/All-Format_append/rgs-doc/16-payment-r21-u} null" classname="jp.go.jpo.sa1s99.common.format.integration.HtmlToXmlForAmendApiIntegrationTest" time="0.016">
    <failure message="java.lang.IllegalArgumentException: Not implemented yet" type="java.lang.IllegalArgumentException">java.lang.IllegalArgumentException: Not implemented yet
	at jp.go.jpo.sa1s99.common.format.api.XmlToHtmlForAmendApi.execute(XmlToHtmlForAmendApi.java:32)
	at jp.go.jpo.sa1s99.common.format.integration.ExecuteXmlToHtmlForAmendApiByDirection.executeApi(ExecuteXmlToHtmlForAmendApiByDirection.java:26)
	at jp.go.jpo.sa1s99.common.format.integration.ExecuteXmlToHtmlForAmendApiByDirection.executeApi(ExecuteXmlToHtmlForAmendApiByDirection.java:13)
	at jp.go.jpo.sa1s99.common.format.integration.ExecuteApiByDirection.execute(ExecuteApiByDirection.java:28)
	at jp.go.jpo.sa1s99.common.format.integration.HtmlToXmlForAmendApiIntegrationTest.ファイル出力を比較する: #direction #parsedResult(HtmlToXmlForAmendApiIntegrationTest.groovy:29)
</failure>
  </testcase>
  <testcase name="ファイル出力を比較する: Direction{ s_InputDir: data/input/All-Format_append/rgs-doc/17-payment-r210-t, s_OutputDir: data/output/html_amend/All-Format_append/rgs-doc/17-payment-r210-t} null" classname="jp.go.jpo.sa1s99.common.format.integration.HtmlToXmlForAmendApiIntegrationTest" time="0.0">
    <failure message="java.lang.IllegalArgumentException: Not implemented yet" type="java.lang.IllegalArgumentException">java.lang.IllegalArgumentException: Not implemented yet
	at jp.go.jpo.sa1s99.common.format.api.XmlToHtmlForAmendApi.execute(XmlToHtmlForAmendApi.java:32)
	at jp.go.jpo.sa1s99.common.format.integration.ExecuteXmlToHtmlForAmendApiByDirection.executeApi(ExecuteXmlToHtmlForAmendApiByDirection.java:26)
	at jp.go.jpo.sa1s99.common.format.integration.ExecuteXmlToHtmlForAmendApiByDirection.executeApi(ExecuteXmlToHtmlForAmendApiByDirection.java:13)
	at jp.go.jpo.sa1s99.common.format.integration.ExecuteApiByDirection.execute(ExecuteApiByDirection.java:28)
	at jp.go.jpo.sa1s99.common.format.integration.HtmlToXmlForAmendApiIntegrationTest.ファイル出力を比較する: #direction #parsedResult(HtmlToXmlForAmendApiIntegrationTest.groovy:29)
</failure>
  </testcase>
  <testcase name="ファイル出力を比較する: Direction{ s_InputDir: data/input/All-Format_append/rgs-doc/18-payment-r211-t, s_OutputDir: data/output/html_amend/All-Format_append/rgs-doc/18-payment-r211-t} null" classname="jp.go.jpo.sa1s99.common.format.integration.HtmlToXmlForAmendApiIntegrationTest" time="0.0">
    <failure message="java.lang.IllegalArgumentException: Not implemented yet" type="java.lang.IllegalArgumentException">java.lang.IllegalArgumentException: Not implemented yet
	at jp.go.jpo.sa1s99.common.format.api.XmlToHtmlForAmendApi.execute(XmlToHtmlForAmendApi.java:32)
	at jp.go.jpo.sa1s99.common.format.integration.ExecuteXmlToHtmlForAmendApiByDirection.executeApi(ExecuteXmlToHtmlForAmendApiByDirection.java:26)
	at jp.go.jpo.sa1s99.common.format.integration.ExecuteXmlToHtmlForAmendApiByDirection.executeApi(ExecuteXmlToHtmlForAmendApiByDirection.java:13)
	at jp.go.jpo.sa1s99.common.format.integration.ExecuteApiByDirection.execute(ExecuteApiByDirection.java:28)
	at jp.go.jpo.sa1s99.common.format.integration.HtmlToXmlForAmendApiIntegrationTest.ファイル出力を比較する: #direction #parsedResult(HtmlToXmlForAmendApiIntegrationTest.groovy:29)
</failure>
  </testcase>
  <testcase name="ファイル出力を比較する: Direction{ s_InputDir: data/input/All-Format_append/rgs-doc/19-payment-r220-t, s_OutputDir: data/output/html_amend/All-Format_append/rgs-doc/19-payment-r220-t} null" classname="jp.go.jpo.sa1s99.common.format.integration.HtmlToXmlForAmendApiIntegrationTest" time="0.015">
    <failure message="java.lang.IllegalArgumentException: Not implemented yet" type="java.lang.IllegalArgumentException">java.lang.IllegalArgumentException: Not implemented yet
	at jp.go.jpo.sa1s99.common.format.api.XmlToHtmlForAmendApi.execute(XmlToHtmlForAmendApi.java:32)
	at jp.go.jpo.sa1s99.common.format.integration.ExecuteXmlToHtmlForAmendApiByDirection.executeApi(ExecuteXmlToHtmlForAmendApiByDirection.java:26)
	at jp.go.jpo.sa1s99.common.format.integration.ExecuteXmlToHtmlForAmendApiByDirection.executeApi(ExecuteXmlToHtmlForAmendApiByDirection.java:13)
	at jp.go.jpo.sa1s99.common.format.integration.ExecuteApiByDirection.execute(ExecuteApiByDirection.java:28)
	at jp.go.jpo.sa1s99.common.format.integration.HtmlToXmlForAmendApiIntegrationTest.ファイル出力を比較する: #direction #parsedResult(HtmlToXmlForAmendApiIntegrationTest.groovy:29)
</failure>
  </testcase>
  <testcase name="ファイル出力を比較する: Direction{ s_InputDir: data/input/All-Format_append/shosi-hosei/01-amendment-a51-p, s_OutputDir: data/output/html_amend/All-Format_append/shosi-hosei/01-amendment-a51-p} null" classname="jp.go.jpo.sa1s99.common.format.integration.HtmlToXmlForAmendApiIntegrationTest" time="0.0">
    <failure message="java.lang.IllegalArgumentException: Not implemented yet" type="java.lang.IllegalArgumentException">java.lang.IllegalArgumentException: Not implemented yet
	at jp.go.jpo.sa1s99.common.format.api.XmlToHtmlForAmendApi.execute(XmlToHtmlForAmendApi.java:32)
	at jp.go.jpo.sa1s99.common.format.integration.ExecuteXmlToHtmlForAmendApiByDirection.executeApi(ExecuteXmlToHtmlForAmendApiByDirection.java:26)
	at jp.go.jpo.sa1s99.common.format.integration.ExecuteXmlToHtmlForAmendApiByDirection.executeApi(ExecuteXmlToHtmlForAmendApiByDirection.java:13)
	at jp.go.jpo.sa1s99.common.format.integration.ExecuteApiByDirection.execute(ExecuteApiByDirection.java:28)
	at jp.go.jpo.sa1s99.common.format.integration.HtmlToXmlForAmendApiIntegrationTest.ファイル出力を比較する: #direction #parsedResult(HtmlToXmlForAmendApiIntegrationTest.groovy:29)
</failure>
  </testcase>
  <testcase name="ファイル出力を比較する: Direction{ s_InputDir: data/input/All-Format_append/shosi-hosei/01-application-a63-p, s_OutputDir: data/output/html_amend/All-Format_append/shosi-hosei/01-application-a63-p} null" classname="jp.go.jpo.sa1s99.common.format.integration.HtmlToXmlForAmendApiIntegrationTest" time="0.018">
    <failure message="java.lang.IllegalArgumentException: Not implemented yet" type="java.lang.IllegalArgumentException">java.lang.IllegalArgumentException: Not implemented yet
	at jp.go.jpo.sa1s99.common.format.api.XmlToHtmlForAmendApi.execute(XmlToHtmlForAmendApi.java:32)
	at jp.go.jpo.sa1s99.common.format.integration.ExecuteXmlToHtmlForAmendApiByDirection.executeApi(ExecuteXmlToHtmlForAmendApiByDirection.java:26)
	at jp.go.jpo.sa1s99.common.format.integration.ExecuteXmlToHtmlForAmendApiByDirection.executeApi(ExecuteXmlToHtmlForAmendApiByDirection.java:13)
	at jp.go.jpo.sa1s99.common.format.integration.ExecuteApiByDirection.execute(ExecuteApiByDirection.java:28)
	at jp.go.jpo.sa1s99.common.format.integration.HtmlToXmlForAmendApiIntegrationTest.ファイル出力を比較する: #direction #parsedResult(HtmlToXmlForAmendApiIntegrationTest.groovy:29)
</failure>
  </testcase>
  <testcase name="ファイル出力を比較する: Direction{ s_InputDir: data/input/All-Format_append/shosi-hosei/01-application-a63-u, s_OutputDir: data/output/html_amend/All-Format_append/shosi-hosei/01-application-a63-u} null" classname="jp.go.jpo.sa1s99.common.format.integration.HtmlToXmlForAmendApiIntegrationTest" time="0.004">
    <failure message="java.lang.IllegalArgumentException: Not implemented yet" type="java.lang.IllegalArgumentException">java.lang.IllegalArgumentException: Not implemented yet
	at jp.go.jpo.sa1s99.common.format.api.XmlToHtmlForAmendApi.execute(XmlToHtmlForAmendApi.java:32)
	at jp.go.jpo.sa1s99.common.format.integration.ExecuteXmlToHtmlForAmendApiByDirection.executeApi(ExecuteXmlToHtmlForAmendApiByDirection.java:26)
	at jp.go.jpo.sa1s99.common.format.integration.ExecuteXmlToHtmlForAmendApiByDirection.executeApi(ExecuteXmlToHtmlForAmendApiByDirection.java:13)
	at jp.go.jpo.sa1s99.common.format.integration.ExecuteApiByDirection.execute(ExecuteApiByDirection.java:28)
	at jp.go.jpo.sa1s99.common.format.integration.HtmlToXmlForAmendApiIntegrationTest.ファイル出力を比較する: #direction #parsedResult(HtmlToXmlForAmendApiIntegrationTest.groovy:29)
</failure>
  </testcase>
  <testcase name="ファイル出力を比較する: Direction{ s_InputDir: data/input/All-Format_append/shosi-hosei/01-withdrawal-abandonment-a761-p, s_OutputDir: data/output/html_amend/All-Format_append/shosi-hosei/01-withdrawal-abandonment-a761-p} null" classname="jp.go.jpo.sa1s99.common.format.integration.HtmlToXmlForAmendApiIntegrationTest" time="0.0">
    <failure message="java.lang.IllegalArgumentException: Not implemented yet" type="java.lang.IllegalArgumentException">java.lang.IllegalArgumentException: Not implemented yet
	at jp.go.jpo.sa1s99.common.format.api.XmlToHtmlForAmendApi.execute(XmlToHtmlForAmendApi.java:32)
	at jp.go.jpo.sa1s99.common.format.integration.ExecuteXmlToHtmlForAmendApiByDirection.executeApi(ExecuteXmlToHtmlForAmendApiByDirection.java:26)
	at jp.go.jpo.sa1s99.common.format.integration.ExecuteXmlToHtmlForAmendApiByDirection.executeApi(ExecuteXmlToHtmlForAmendApiByDirection.java:13)
	at jp.go.jpo.sa1s99.common.format.integration.ExecuteApiByDirection.execute(ExecuteApiByDirection.java:28)
	at jp.go.jpo.sa1s99.common.format.integration.HtmlToXmlForAmendApiIntegrationTest.ファイル出力を比較する: #direction #parsedResult(HtmlToXmlForAmendApiIntegrationTest.groovy:29)
</failure>
  </testcase>
  <testcase name="ファイル出力を比較する: Direction{ s_InputDir: data/input/All-Format_append/shosi-hosei/01-withdrawal-abandonment-a761-u, s_OutputDir: data/output/html_amend/All-Format_append/shosi-hosei/01-withdrawal-abandonment-a761-u} null" classname="jp.go.jpo.sa1s99.common.format.integration.HtmlToXmlForAmendApiIntegrationTest" time="0.0">
    <failure message="java.lang.IllegalArgumentException: Not implemented yet" type="java.lang.IllegalArgumentException">java.lang.IllegalArgumentException: Not implemented yet
	at jp.go.jpo.sa1s99.common.format.api.XmlToHtmlForAmendApi.execute(XmlToHtmlForAmendApi.java:32)
	at jp.go.jpo.sa1s99.common.format.integration.ExecuteXmlToHtmlForAmendApiByDirection.executeApi(ExecuteXmlToHtmlForAmendApiByDirection.java:26)
	at jp.go.jpo.sa1s99.common.format.integration.ExecuteXmlToHtmlForAmendApiByDirection.executeApi(ExecuteXmlToHtmlForAmendApiByDirection.java:13)
	at jp.go.jpo.sa1s99.common.format.integration.ExecuteApiByDirection.execute(ExecuteApiByDirection.java:28)
	at jp.go.jpo.sa1s99.common.format.integration.HtmlToXmlForAmendApiIntegrationTest.ファイル出力を比較する: #direction #parsedResult(HtmlToXmlForAmendApiIntegrationTest.groovy:29)
</failure>
  </testcase>
  <testcase name="ファイル出力を比較する: Direction{ s_InputDir: data/input/All-Format_append/shosi-hosei/appeal-c60-p, s_OutputDir: data/output/html_amend/All-Format_append/shosi-hosei/appeal-c60-p} null" classname="jp.go.jpo.sa1s99.common.format.integration.HtmlToXmlForAmendApiIntegrationTest" time="0.016">
    <failure message="java.lang.IllegalArgumentException: Not implemented yet" type="java.lang.IllegalArgumentException">java.lang.IllegalArgumentException: Not implemented yet
	at jp.go.jpo.sa1s99.common.format.api.XmlToHtmlForAmendApi.execute(XmlToHtmlForAmendApi.java:32)
	at jp.go.jpo.sa1s99.common.format.integration.ExecuteXmlToHtmlForAmendApiByDirection.executeApi(ExecuteXmlToHtmlForAmendApiByDirection.java:26)
	at jp.go.jpo.sa1s99.common.format.integration.ExecuteXmlToHtmlForAmendApiByDirection.executeApi(ExecuteXmlToHtmlForAmendApiByDirection.java:13)
	at jp.go.jpo.sa1s99.common.format.integration.ExecuteApiByDirection.execute(ExecuteApiByDirection.java:28)
	at jp.go.jpo.sa1s99.common.format.integration.HtmlToXmlForAmendApiIntegrationTest.ファイル出力を比較する: #direction #parsedResult(HtmlToXmlForAmendApiIntegrationTest.groovy:29)
</failure>
  </testcase>
  <testcase name="ファイル出力を比較する: Direction{ s_InputDir: data/input/All-Format_append/shosi-hosei/appeal-c60-u, s_OutputDir: data/output/html_amend/All-Format_append/shosi-hosei/appeal-c60-u} null" classname="jp.go.jpo.sa1s99.common.format.integration.HtmlToXmlForAmendApiIntegrationTest" time="0.0">
    <failure message="java.lang.IllegalArgumentException: Not implemented yet" type="java.lang.IllegalArgumentException">java.lang.IllegalArgumentException: Not implemented yet
	at jp.go.jpo.sa1s99.common.format.api.XmlToHtmlForAmendApi.execute(XmlToHtmlForAmendApi.java:32)
	at jp.go.jpo.sa1s99.common.format.integration.ExecuteXmlToHtmlForAmendApiByDirection.executeApi(ExecuteXmlToHtmlForAmendApiByDirection.java:26)
	at jp.go.jpo.sa1s99.common.format.integration.ExecuteXmlToHtmlForAmendApiByDirection.executeApi(ExecuteXmlToHtmlForAmendApiByDirection.java:13)
	at jp.go.jpo.sa1s99.common.format.integration.ExecuteApiByDirection.execute(ExecuteApiByDirection.java:28)
	at jp.go.jpo.sa1s99.common.format.integration.HtmlToXmlForAmendApiIntegrationTest.ファイル出力を比較する: #direction #parsedResult(HtmlToXmlForAmendApiIntegrationTest.groovy:29)
</failure>
  </testcase>
  <testcase name="ファイル出力を比較する: Direction{ s_InputDir: data/input/All-Format_append/special/01-aib31b1-p, s_OutputDir: data/output/html_amend/All-Format_append/special/01-aib31b1-p} null" classname="jp.go.jpo.sa1s99.common.format.integration.HtmlToXmlForAmendApiIntegrationTest" time="0.0">
    <failure message="java.lang.IllegalArgumentException: Not implemented yet" type="java.lang.IllegalArgumentException">java.lang.IllegalArgumentException: Not implemented yet
	at jp.go.jpo.sa1s99.common.format.api.XmlToHtmlForAmendApi.execute(XmlToHtmlForAmendApi.java:32)
	at jp.go.jpo.sa1s99.common.format.integration.ExecuteXmlToHtmlForAmendApiByDirection.executeApi(ExecuteXmlToHtmlForAmendApiByDirection.java:26)
	at jp.go.jpo.sa1s99.common.format.integration.ExecuteXmlToHtmlForAmendApiByDirection.executeApi(ExecuteXmlToHtmlForAmendApiByDirection.java:13)
	at jp.go.jpo.sa1s99.common.format.integration.ExecuteApiByDirection.execute(ExecuteApiByDirection.java:28)
	at jp.go.jpo.sa1s99.common.format.integration.HtmlToXmlForAmendApiIntegrationTest.ファイル出力を比較する: #direction #parsedResult(HtmlToXmlForAmendApiIntegrationTest.groovy:29)
</failure>
  </testcase>
  <testcase name="ファイル出力を比較する: Direction{ s_InputDir: data/input/All-Format_append/unit-ctl/01-amendment-a51-p, s_OutputDir: data/output/html_amend/All-Format_append/unit-ctl/01-amendment-a51-p} null" classname="jp.go.jpo.sa1s99.common.format.integration.HtmlToXmlForAmendApiIntegrationTest" time="0.0">
    <failure message="java.lang.IllegalArgumentException: Not implemented yet" type="java.lang.IllegalArgumentException">java.lang.IllegalArgumentException: Not implemented yet
	at jp.go.jpo.sa1s99.common.format.api.XmlToHtmlForAmendApi.execute(XmlToHtmlForAmendApi.java:32)
	at jp.go.jpo.sa1s99.common.format.integration.ExecuteXmlToHtmlForAmendApiByDirection.executeApi(ExecuteXmlToHtmlForAmendApiByDirection.java:26)
	at jp.go.jpo.sa1s99.common.format.integration.ExecuteXmlToHtmlForAmendApiByDirection.executeApi(ExecuteXmlToHtmlForAmendApiByDirection.java:13)
	at jp.go.jpo.sa1s99.common.format.integration.ExecuteApiByDirection.execute(ExecuteApiByDirection.java:28)
	at jp.go.jpo.sa1s99.common.format.integration.HtmlToXmlForAmendApiIntegrationTest.ファイル出力を比較する: #direction #parsedResult(HtmlToXmlForAmendApiIntegrationTest.groovy:29)
</failure>
  </testcase>
  <testcase name="ファイル出力を比較する: Direction{ s_InputDir: data/input/All-Format_append/unit-ctl/01-application-a63-p, s_OutputDir: data/output/html_amend/All-Format_append/unit-ctl/01-application-a63-p} null" classname="jp.go.jpo.sa1s99.common.format.integration.HtmlToXmlForAmendApiIntegrationTest" time="0.016">
    <failure message="java.lang.IllegalArgumentException: Not implemented yet" type="java.lang.IllegalArgumentException">java.lang.IllegalArgumentException: Not implemented yet
	at jp.go.jpo.sa1s99.common.format.api.XmlToHtmlForAmendApi.execute(XmlToHtmlForAmendApi.java:32)
	at jp.go.jpo.sa1s99.common.format.integration.ExecuteXmlToHtmlForAmendApiByDirection.executeApi(ExecuteXmlToHtmlForAmendApiByDirection.java:26)
	at jp.go.jpo.sa1s99.common.format.integration.ExecuteXmlToHtmlForAmendApiByDirection.executeApi(ExecuteXmlToHtmlForAmendApiByDirection.java:13)
	at jp.go.jpo.sa1s99.common.format.integration.ExecuteApiByDirection.execute(ExecuteApiByDirection.java:28)
	at jp.go.jpo.sa1s99.common.format.integration.HtmlToXmlForAmendApiIntegrationTest.ファイル出力を比較する: #direction #parsedResult(HtmlToXmlForAmendApiIntegrationTest.groovy:29)
</failure>
  </testcase>
  <testcase name="ファイル出力を比較する: Direction{ s_InputDir: data/input/All-Format_append/unit-ctl/04-demand-e852-p, s_OutputDir: data/output/html_amend/All-Format_append/unit-ctl/04-demand-e852-p} null" classname="jp.go.jpo.sa1s99.common.format.integration.HtmlToXmlForAmendApiIntegrationTest" time="0.0">
    <failure message="java.lang.IllegalArgumentException: Not implemented yet" type="java.lang.IllegalArgumentException">java.lang.IllegalArgumentException: Not implemented yet
	at jp.go.jpo.sa1s99.common.format.api.XmlToHtmlForAmendApi.execute(XmlToHtmlForAmendApi.java:32)
	at jp.go.jpo.sa1s99.common.format.integration.ExecuteXmlToHtmlForAmendApiByDirection.executeApi(ExecuteXmlToHtmlForAmendApiByDirection.java:26)
	at jp.go.jpo.sa1s99.common.format.integration.ExecuteXmlToHtmlForAmendApiByDirection.executeApi(ExecuteXmlToHtmlForAmendApiByDirection.java:13)
	at jp.go.jpo.sa1s99.common.format.integration.ExecuteApiByDirection.execute(ExecuteApiByDirection.java:28)
	at jp.go.jpo.sa1s99.common.format.integration.HtmlToXmlForAmendApiIntegrationTest.ファイル出力を比較する: #direction #parsedResult(HtmlToXmlForAmendApiIntegrationTest.groovy:29)
</failure>
  </testcase>
  <testcase name="ファイル出力を比較する: Direction{ s_InputDir: data/input/All-Format_append/unit-ctl/13-payment-r20-p, s_OutputDir: data/output/html_amend/All-Format_append/unit-ctl/13-payment-r20-p} null" classname="jp.go.jpo.sa1s99.common.format.integration.HtmlToXmlForAmendApiIntegrationTest" time="0.0">
    <failure message="java.lang.IllegalArgumentException: Not implemented yet" type="java.lang.IllegalArgumentException">java.lang.IllegalArgumentException: Not implemented yet
	at jp.go.jpo.sa1s99.common.format.api.XmlToHtmlForAmendApi.execute(XmlToHtmlForAmendApi.java:32)
	at jp.go.jpo.sa1s99.common.format.integration.ExecuteXmlToHtmlForAmendApiByDirection.executeApi(ExecuteXmlToHtmlForAmendApiByDirection.java:26)
	at jp.go.jpo.sa1s99.common.format.integration.ExecuteXmlToHtmlForAmendApiByDirection.executeApi(ExecuteXmlToHtmlForAmendApiByDirection.java:13)
	at jp.go.jpo.sa1s99.common.format.integration.ExecuteApiByDirection.execute(ExecuteApiByDirection.java:28)
	at jp.go.jpo.sa1s99.common.format.integration.HtmlToXmlForAmendApiIntegrationTest.ファイル出力を比較する: #direction #parsedResult(HtmlToXmlForAmendApiIntegrationTest.groovy:29)
</failure>
  </testcase>
  <testcase name="ファイル出力を比較する: Direction{ s_InputDir: data/input/All-Format_append/unit-ctl/application-body, s_OutputDir: data/output/html_amend/All-Format_append/unit-ctl/application-body} null" classname="jp.go.jpo.sa1s99.common.format.integration.HtmlToXmlForAmendApiIntegrationTest" time="0.015">
    <failure message="java.lang.IllegalArgumentException: Not implemented yet" type="java.lang.IllegalArgumentException">java.lang.IllegalArgumentException: Not implemented yet
	at jp.go.jpo.sa1s99.common.format.api.XmlToHtmlForAmendApi.execute(XmlToHtmlForAmendApi.java:32)
	at jp.go.jpo.sa1s99.common.format.integration.ExecuteXmlToHtmlForAmendApiByDirection.executeApi(ExecuteXmlToHtmlForAmendApiByDirection.java:26)
	at jp.go.jpo.sa1s99.common.format.integration.ExecuteXmlToHtmlForAmendApiByDirection.executeApi(ExecuteXmlToHtmlForAmendApiByDirection.java:13)
	at jp.go.jpo.sa1s99.common.format.integration.ExecuteApiByDirection.execute(ExecuteApiByDirection.java:28)
	at jp.go.jpo.sa1s99.common.format.integration.HtmlToXmlForAmendApiIntegrationTest.ファイル出力を比較する: #direction #parsedResult(HtmlToXmlForAmendApiIntegrationTest.groovy:29)
</failure>
  </testcase>
  <testcase name="ファイル出力を比較する: Direction{ s_InputDir: data/input/All-Format/attaching-document/case1, s_OutputDir: data/output/html_amend/All-Format/attaching-document/case1-p} null" classname="jp.go.jpo.sa1s99.common.format.integration.HtmlToXmlForAmendApiIntegrationTest" time="0.0">
    <failure message="java.lang.IllegalArgumentException: Not implemented yet" type="java.lang.IllegalArgumentException">java.lang.IllegalArgumentException: Not implemented yet
	at jp.go.jpo.sa1s99.common.format.api.XmlToHtmlForAmendApi.execute(XmlToHtmlForAmendApi.java:32)
	at jp.go.jpo.sa1s99.common.format.integration.ExecuteXmlToHtmlForAmendApiByDirection.executeApi(ExecuteXmlToHtmlForAmendApiByDirection.java:26)
	at jp.go.jpo.sa1s99.common.format.integration.ExecuteXmlToHtmlForAmendApiByDirection.executeApi(ExecuteXmlToHtmlForAmendApiByDirection.java:13)
	at jp.go.jpo.sa1s99.common.format.integration.ExecuteApiByDirection.execute(ExecuteApiByDirection.java:28)
	at jp.go.jpo.sa1s99.common.format.integration.HtmlToXmlForAmendApiIntegrationTest.ファイル出力を比較する: #direction #parsedResult(HtmlToXmlForAmendApiIntegrationTest.groovy:29)
</failure>
  </testcase>
  <testcase name="ファイル出力を比較する: Direction{ s_InputDir: data/input/All-Format/attaching-document/case1, s_OutputDir: data/output/html_amend/All-Format/attaching-document/case1-u} null" classname="jp.go.jpo.sa1s99.common.format.integration.HtmlToXmlForAmendApiIntegrationTest" time="0.0">
    <failure message="java.lang.IllegalArgumentException: Not implemented yet" type="java.lang.IllegalArgumentException">java.lang.IllegalArgumentException: Not implemented yet
	at jp.go.jpo.sa1s99.common.format.api.XmlToHtmlForAmendApi.execute(XmlToHtmlForAmendApi.java:32)
	at jp.go.jpo.sa1s99.common.format.integration.ExecuteXmlToHtmlForAmendApiByDirection.executeApi(ExecuteXmlToHtmlForAmendApiByDirection.java:26)
	at jp.go.jpo.sa1s99.common.format.integration.ExecuteXmlToHtmlForAmendApiByDirection.executeApi(ExecuteXmlToHtmlForAmendApiByDirection.java:13)
	at jp.go.jpo.sa1s99.common.format.integration.ExecuteApiByDirection.execute(ExecuteApiByDirection.java:28)
	at jp.go.jpo.sa1s99.common.format.integration.HtmlToXmlForAmendApiIntegrationTest.ファイル出力を比較する: #direction #parsedResult(HtmlToXmlForAmendApiIntegrationTest.groovy:29)
</failure>
  </testcase>
  <testcase name="ファイル出力を比較する: Direction{ s_InputDir: data/input/All-Format/pat-abnd/01-withdrawal-abandonment-a761-p-conv-err, s_OutputDir: data/output/html_amend/All-Format/pat-abnd/01-withdrawal-abandonment-a761-p-conv-err} null" classname="jp.go.jpo.sa1s99.common.format.integration.HtmlToXmlForAmendApiIntegrationTest" time="0.0">
    <failure message="java.lang.IllegalArgumentException: Not implemented yet" type="java.lang.IllegalArgumentException">java.lang.IllegalArgumentException: Not implemented yet
	at jp.go.jpo.sa1s99.common.format.api.XmlToHtmlForAmendApi.execute(XmlToHtmlForAmendApi.java:32)
	at jp.go.jpo.sa1s99.common.format.integration.ExecuteXmlToHtmlForAmendApiByDirection.executeApi(ExecuteXmlToHtmlForAmendApiByDirection.java:26)
	at jp.go.jpo.sa1s99.common.format.integration.ExecuteXmlToHtmlForAmendApiByDirection.executeApi(ExecuteXmlToHtmlForAmendApiByDirection.java:13)
	at jp.go.jpo.sa1s99.common.format.integration.ExecuteApiByDirection.execute(ExecuteApiByDirection.java:28)
	at jp.go.jpo.sa1s99.common.format.integration.HtmlToXmlForAmendApiIntegrationTest.ファイル出力を比較する: #direction #parsedResult(HtmlToXmlForAmendApiIntegrationTest.groovy:29)
</failure>
  </testcase>
  <testcase name="ファイル出力を比較する: Direction{ s_InputDir: data/input/All-Format/pat-abnd/01-withdrawal-abandonment-a761-p-error-code, s_OutputDir: data/output/html_amend/All-Format/pat-abnd/01-withdrawal-abandonment-a761-p-error-code} null" classname="jp.go.jpo.sa1s99.common.format.integration.HtmlToXmlForAmendApiIntegrationTest" time="0.0">
    <failure message="java.lang.IllegalArgumentException: Not implemented yet" type="java.lang.IllegalArgumentException">java.lang.IllegalArgumentException: Not implemented yet
	at jp.go.jpo.sa1s99.common.format.api.XmlToHtmlForAmendApi.execute(XmlToHtmlForAmendApi.java:32)
	at jp.go.jpo.sa1s99.common.format.integration.ExecuteXmlToHtmlForAmendApiByDirection.executeApi(ExecuteXmlToHtmlForAmendApiByDirection.java:26)
	at jp.go.jpo.sa1s99.common.format.integration.ExecuteXmlToHtmlForAmendApiByDirection.executeApi(ExecuteXmlToHtmlForAmendApiByDirection.java:13)
	at jp.go.jpo.sa1s99.common.format.integration.ExecuteApiByDirection.execute(ExecuteApiByDirection.java:28)
	at jp.go.jpo.sa1s99.common.format.integration.HtmlToXmlForAmendApiIntegrationTest.ファイル出力を比較する: #direction #parsedResult(HtmlToXmlForAmendApiIntegrationTest.groovy:29)
</failure>
  </testcase>
  <testcase name="ファイル出力を比較する: Direction{ s_InputDir: data/input/All-Format/pat-abnd/01-withdrawal-abandonment-a761-p-null, s_OutputDir: data/output/html_amend/All-Format/pat-abnd/01-withdrawal-abandonment-a761-p-null} null" classname="jp.go.jpo.sa1s99.common.format.integration.HtmlToXmlForAmendApiIntegrationTest" time="0.0">
    <failure message="java.lang.IllegalArgumentException: Not implemented yet" type="java.lang.IllegalArgumentException">java.lang.IllegalArgumentException: Not implemented yet
	at jp.go.jpo.sa1s99.common.format.api.XmlToHtmlForAmendApi.execute(XmlToHtmlForAmendApi.java:32)
	at jp.go.jpo.sa1s99.common.format.integration.ExecuteXmlToHtmlForAmendApiByDirection.executeApi(ExecuteXmlToHtmlForAmendApiByDirection.java:26)
	at jp.go.jpo.sa1s99.common.format.integration.ExecuteXmlToHtmlForAmendApiByDirection.executeApi(ExecuteXmlToHtmlForAmendApiByDirection.java:13)
	at jp.go.jpo.sa1s99.common.format.integration.ExecuteApiByDirection.execute(ExecuteApiByDirection.java:28)
	at jp.go.jpo.sa1s99.common.format.integration.HtmlToXmlForAmendApiIntegrationTest.ファイル出力を比較する: #direction #parsedResult(HtmlToXmlForAmendApiIntegrationTest.groovy:29)
</failure>
  </testcase>
  <testcase name="ファイル出力を比較する: Direction{ s_InputDir: data/input/All-Format/pat-abnd/01-withdrawal-abandonment-a761-p, s_OutputDir: data/output/html_amend/All-Format/pat-abnd/01-withdrawal-abandonment-a761-p} null" classname="jp.go.jpo.sa1s99.common.format.integration.HtmlToXmlForAmendApiIntegrationTest" time="0.0">
    <failure message="java.lang.IllegalArgumentException: Not implemented yet" type="java.lang.IllegalArgumentException">java.lang.IllegalArgumentException: Not implemented yet
	at jp.go.jpo.sa1s99.common.format.api.XmlToHtmlForAmendApi.execute(XmlToHtmlForAmendApi.java:32)
	at jp.go.jpo.sa1s99.common.format.integration.ExecuteXmlToHtmlForAmendApiByDirection.executeApi(ExecuteXmlToHtmlForAmendApiByDirection.java:26)
	at jp.go.jpo.sa1s99.common.format.integration.ExecuteXmlToHtmlForAmendApiByDirection.executeApi(ExecuteXmlToHtmlForAmendApiByDirection.java:13)
	at jp.go.jpo.sa1s99.common.format.integration.ExecuteApiByDirection.execute(ExecuteApiByDirection.java:28)
	at jp.go.jpo.sa1s99.common.format.integration.HtmlToXmlForAmendApiIntegrationTest.ファイル出力を比較する: #direction #parsedResult(HtmlToXmlForAmendApiIntegrationTest.groovy:29)
</failure>
  </testcase>
  <testcase name="ファイル出力を比較する: Direction{ s_InputDir: data/input/All-Format/pat-abnd/01-withdrawal-abandonment-a761-u, s_OutputDir: data/output/html_amend/All-Format/pat-abnd/01-withdrawal-abandonment-a761-u} null" classname="jp.go.jpo.sa1s99.common.format.integration.HtmlToXmlForAmendApiIntegrationTest" time="0.0">
    <failure message="java.lang.IllegalArgumentException: Not implemented yet" type="java.lang.IllegalArgumentException">java.lang.IllegalArgumentException: Not implemented yet
	at jp.go.jpo.sa1s99.common.format.api.XmlToHtmlForAmendApi.execute(XmlToHtmlForAmendApi.java:32)
	at jp.go.jpo.sa1s99.common.format.integration.ExecuteXmlToHtmlForAmendApiByDirection.executeApi(ExecuteXmlToHtmlForAmendApiByDirection.java:26)
	at jp.go.jpo.sa1s99.common.format.integration.ExecuteXmlToHtmlForAmendApiByDirection.executeApi(ExecuteXmlToHtmlForAmendApiByDirection.java:13)
	at jp.go.jpo.sa1s99.common.format.integration.ExecuteApiByDirection.execute(ExecuteApiByDirection.java:28)
	at jp.go.jpo.sa1s99.common.format.integration.HtmlToXmlForAmendApiIntegrationTest.ファイル出力を比較する: #direction #parsedResult(HtmlToXmlForAmendApiIntegrationTest.groovy:29)
</failure>
  </testcase>
  <testcase name="ファイル出力を比較する: Direction{ s_InputDir: data/input/All-Format/pat-abnd/02-withdrawal-abandonment-a762-p, s_OutputDir: data/output/html_amend/All-Format/pat-abnd/02-withdrawal-abandonment-a762-p} null" classname="jp.go.jpo.sa1s99.common.format.integration.HtmlToXmlForAmendApiIntegrationTest" time="0.016">
    <failure message="java.lang.IllegalArgumentException: Not implemented yet" type="java.lang.IllegalArgumentException">java.lang.IllegalArgumentException: Not implemented yet
	at jp.go.jpo.sa1s99.common.format.api.XmlToHtmlForAmendApi.execute(XmlToHtmlForAmendApi.java:32)
	at jp.go.jpo.sa1s99.common.format.integration.ExecuteXmlToHtmlForAmendApiByDirection.executeApi(ExecuteXmlToHtmlForAmendApiByDirection.java:26)
	at jp.go.jpo.sa1s99.common.format.integration.ExecuteXmlToHtmlForAmendApiByDirection.executeApi(ExecuteXmlToHtmlForAmendApiByDirection.java:13)
	at jp.go.jpo.sa1s99.common.format.integration.ExecuteApiByDirection.execute(ExecuteApiByDirection.java:28)
	at jp.go.jpo.sa1s99.common.format.integration.HtmlToXmlForAmendApiIntegrationTest.ファイル出力を比較する: #direction #parsedResult(HtmlToXmlForAmendApiIntegrationTest.groovy:29)
</failure>
  </testcase>
  <testcase name="ファイル出力を比較する: Direction{ s_InputDir: data/input/All-Format/pat-abnd/02-withdrawal-abandonment-a762-u, s_OutputDir: data/output/html_amend/All-Format/pat-abnd/02-withdrawal-abandonment-a762-u} null" classname="jp.go.jpo.sa1s99.common.format.integration.HtmlToXmlForAmendApiIntegrationTest" time="0.0">
    <failure message="java.lang.IllegalArgumentException: Not implemented yet" type="java.lang.IllegalArgumentException">java.lang.IllegalArgumentException: Not implemented yet
	at jp.go.jpo.sa1s99.common.format.api.XmlToHtmlForAmendApi.execute(XmlToHtmlForAmendApi.java:32)
	at jp.go.jpo.sa1s99.common.format.integration.ExecuteXmlToHtmlForAmendApiByDirection.executeApi(ExecuteXmlToHtmlForAmendApiByDirection.java:26)
	at jp.go.jpo.sa1s99.common.format.integration.ExecuteXmlToHtmlForAmendApiByDirection.executeApi(ExecuteXmlToHtmlForAmendApiByDirection.java:13)
	at jp.go.jpo.sa1s99.common.format.integration.ExecuteApiByDirection.execute(ExecuteApiByDirection.java:28)
	at jp.go.jpo.sa1s99.common.format.integration.HtmlToXmlForAmendApiIntegrationTest.ファイル出力を比較する: #direction #parsedResult(HtmlToXmlForAmendApiIntegrationTest.groovy:29)
</failure>
  </testcase>
  <testcase name="ファイル出力を比較する: Direction{ s_InputDir: data/input/All-Format/pat-abnd/03-withdrawal-abandonment-a764-p, s_OutputDir: data/output/html_amend/All-Format/pat-abnd/03-withdrawal-abandonment-a764-p} null" classname="jp.go.jpo.sa1s99.common.format.integration.HtmlToXmlForAmendApiIntegrationTest" time="0.0">
    <failure message="java.lang.IllegalArgumentException: Not implemented yet" type="java.lang.IllegalArgumentException">java.lang.IllegalArgumentException: Not implemented yet
	at jp.go.jpo.sa1s99.common.format.api.XmlToHtmlForAmendApi.execute(XmlToHtmlForAmendApi.java:32)
	at jp.go.jpo.sa1s99.common.format.integration.ExecuteXmlToHtmlForAmendApiByDirection.executeApi(ExecuteXmlToHtmlForAmendApiByDirection.java:26)
	at jp.go.jpo.sa1s99.common.format.integration.ExecuteXmlToHtmlForAmendApiByDirection.executeApi(ExecuteXmlToHtmlForAmendApiByDirection.java:13)
	at jp.go.jpo.sa1s99.common.format.integration.ExecuteApiByDirection.execute(ExecuteApiByDirection.java:28)
	at jp.go.jpo.sa1s99.common.format.integration.HtmlToXmlForAmendApiIntegrationTest.ファイル出力を比較する: #direction #parsedResult(HtmlToXmlForAmendApiIntegrationTest.groovy:29)
</failure>
  </testcase>
  <testcase name="ファイル出力を比較する: Direction{ s_InputDir: data/input/All-Format/pat-abnd/03-withdrawal-abandonment-a764-u, s_OutputDir: data/output/html_amend/All-Format/pat-abnd/03-withdrawal-abandonment-a764-u} null" classname="jp.go.jpo.sa1s99.common.format.integration.HtmlToXmlForAmendApiIntegrationTest" time="0.0">
    <failure message="java.lang.IllegalArgumentException: Not implemented yet" type="java.lang.IllegalArgumentException">java.lang.IllegalArgumentException: Not implemented yet
	at jp.go.jpo.sa1s99.common.format.api.XmlToHtmlForAmendApi.execute(XmlToHtmlForAmendApi.java:32)
	at jp.go.jpo.sa1s99.common.format.integration.ExecuteXmlToHtmlForAmendApiByDirection.executeApi(ExecuteXmlToHtmlForAmendApiByDirection.java:26)
	at jp.go.jpo.sa1s99.common.format.integration.ExecuteXmlToHtmlForAmendApiByDirection.executeApi(ExecuteXmlToHtmlForAmendApiByDirection.java:13)
	at jp.go.jpo.sa1s99.common.format.integration.ExecuteApiByDirection.execute(ExecuteApiByDirection.java:28)
	at jp.go.jpo.sa1s99.common.format.integration.HtmlToXmlForAmendApiIntegrationTest.ファイル出力を比較する: #direction #parsedResult(HtmlToXmlForAmendApiIntegrationTest.groovy:29)
</failure>
  </testcase>
  <testcase name="ファイル出力を比較する: Direction{ s_InputDir: data/input/All-Format/pat-abnd/04-withdrawal-abandonment-a765-p, s_OutputDir: data/output/html_amend/All-Format/pat-abnd/04-withdrawal-abandonment-a765-p} null" classname="jp.go.jpo.sa1s99.common.format.integration.HtmlToXmlForAmendApiIntegrationTest" time="0.016">
    <failure message="java.lang.IllegalArgumentException: Not implemented yet" type="java.lang.IllegalArgumentException">java.lang.IllegalArgumentException: Not implemented yet
	at jp.go.jpo.sa1s99.common.format.api.XmlToHtmlForAmendApi.execute(XmlToHtmlForAmendApi.java:32)
	at jp.go.jpo.sa1s99.common.format.integration.ExecuteXmlToHtmlForAmendApiByDirection.executeApi(ExecuteXmlToHtmlForAmendApiByDirection.java:26)
	at jp.go.jpo.sa1s99.common.format.integration.ExecuteXmlToHtmlForAmendApiByDirection.executeApi(ExecuteXmlToHtmlForAmendApiByDirection.java:13)
	at jp.go.jpo.sa1s99.common.format.integration.ExecuteApiByDirection.execute(ExecuteApiByDirection.java:28)
	at jp.go.jpo.sa1s99.common.format.integration.HtmlToXmlForAmendApiIntegrationTest.ファイル出力を比較する: #direction #parsedResult(HtmlToXmlForAmendApiIntegrationTest.groovy:29)
</failure>
  </testcase>
  <testcase name="ファイル出力を比較する: Direction{ s_InputDir: data/input/All-Format/pat-abnd/04-withdrawal-abandonment-a765-u, s_OutputDir: data/output/html_amend/All-Format/pat-abnd/04-withdrawal-abandonment-a765-u} null" classname="jp.go.jpo.sa1s99.common.format.integration.HtmlToXmlForAmendApiIntegrationTest" time="0.0">
    <failure message="java.lang.IllegalArgumentException: Not implemented yet" type="java.lang.IllegalArgumentException">java.lang.IllegalArgumentException: Not implemented yet
	at jp.go.jpo.sa1s99.common.format.api.XmlToHtmlForAmendApi.execute(XmlToHtmlForAmendApi.java:32)
	at jp.go.jpo.sa1s99.common.format.integration.ExecuteXmlToHtmlForAmendApiByDirection.executeApi(ExecuteXmlToHtmlForAmendApiByDirection.java:26)
	at jp.go.jpo.sa1s99.common.format.integration.ExecuteXmlToHtmlForAmendApiByDirection.executeApi(ExecuteXmlToHtmlForAmendApiByDirection.java:13)
	at jp.go.jpo.sa1s99.common.format.integration.ExecuteApiByDirection.execute(ExecuteApiByDirection.java:28)
	at jp.go.jpo.sa1s99.common.format.integration.HtmlToXmlForAmendApiIntegrationTest.ファイル出力を比較する: #direction #parsedResult(HtmlToXmlForAmendApiIntegrationTest.groovy:29)
</failure>
  </testcase>
  <testcase name="ファイル出力を比較する: Direction{ s_InputDir: data/input/All-Format/pat-abnd/05-sinsei-conv-test-null, s_OutputDir: data/output/html_amend/All-Format/pat-abnd/05-sinsei-conv-test-null} null" classname="jp.go.jpo.sa1s99.common.format.integration.HtmlToXmlForAmendApiIntegrationTest" time="0.02">
    <failure message="java.lang.IllegalArgumentException: Not implemented yet" type="java.lang.IllegalArgumentException">java.lang.IllegalArgumentException: Not implemented yet
	at jp.go.jpo.sa1s99.common.format.api.XmlToHtmlForAmendApi.execute(XmlToHtmlForAmendApi.java:32)
	at jp.go.jpo.sa1s99.common.format.integration.ExecuteXmlToHtmlForAmendApiByDirection.executeApi(ExecuteXmlToHtmlForAmendApiByDirection.java:26)
	at jp.go.jpo.sa1s99.common.format.integration.ExecuteXmlToHtmlForAmendApiByDirection.executeApi(ExecuteXmlToHtmlForAmendApiByDirection.java:13)
	at jp.go.jpo.sa1s99.common.format.integration.ExecuteApiByDirection.execute(ExecuteApiByDirection.java:28)
	at jp.go.jpo.sa1s99.common.format.integration.HtmlToXmlForAmendApiIntegrationTest.ファイル出力を比較する: #direction #parsedResult(HtmlToXmlForAmendApiIntegrationTest.groovy:29)
</failure>
  </testcase>
  <testcase name="ファイル出力を比較する: Direction{ s_InputDir: data/input/All-Format/pat-abnd/05-sinsei-conv-test-p, s_OutputDir: data/output/html_amend/All-Format/pat-abnd/05-sinsei-conv-test-p} null" classname="jp.go.jpo.sa1s99.common.format.integration.HtmlToXmlForAmendApiIntegrationTest" time="0.001">
    <failure message="java.lang.IllegalArgumentException: Not implemented yet" type="java.lang.IllegalArgumentException">java.lang.IllegalArgumentException: Not implemented yet
	at jp.go.jpo.sa1s99.common.format.api.XmlToHtmlForAmendApi.execute(XmlToHtmlForAmendApi.java:32)
	at jp.go.jpo.sa1s99.common.format.integration.ExecuteXmlToHtmlForAmendApiByDirection.executeApi(ExecuteXmlToHtmlForAmendApiByDirection.java:26)
	at jp.go.jpo.sa1s99.common.format.integration.ExecuteXmlToHtmlForAmendApiByDirection.executeApi(ExecuteXmlToHtmlForAmendApiByDirection.java:13)
	at jp.go.jpo.sa1s99.common.format.integration.ExecuteApiByDirection.execute(ExecuteApiByDirection.java:28)
	at jp.go.jpo.sa1s99.common.format.integration.HtmlToXmlForAmendApiIntegrationTest.ファイル出力を比較する: #direction #parsedResult(HtmlToXmlForAmendApiIntegrationTest.groovy:29)
</failure>
  </testcase>
  <testcase name="ファイル出力を比較する: Direction{ s_InputDir: data/input/All-Format/pat-abnd/05-sinsei-conv-test-u, s_OutputDir: data/output/html_amend/All-Format/pat-abnd/05-sinsei-conv-test-u} null" classname="jp.go.jpo.sa1s99.common.format.integration.HtmlToXmlForAmendApiIntegrationTest" time="0.0">
    <failure message="java.lang.IllegalArgumentException: Not implemented yet" type="java.lang.IllegalArgumentException">java.lang.IllegalArgumentException: Not implemented yet
	at jp.go.jpo.sa1s99.common.format.api.XmlToHtmlForAmendApi.execute(XmlToHtmlForAmendApi.java:32)
	at jp.go.jpo.sa1s99.common.format.integration.ExecuteXmlToHtmlForAmendApiByDirection.executeApi(ExecuteXmlToHtmlForAmendApiByDirection.java:26)
	at jp.go.jpo.sa1s99.common.format.integration.ExecuteXmlToHtmlForAmendApiByDirection.executeApi(ExecuteXmlToHtmlForAmendApiByDirection.java:13)
	at jp.go.jpo.sa1s99.common.format.integration.ExecuteApiByDirection.execute(ExecuteApiByDirection.java:28)
	at jp.go.jpo.sa1s99.common.format.integration.HtmlToXmlForAmendApiIntegrationTest.ファイル出力を比較する: #direction #parsedResult(HtmlToXmlForAmendApiIntegrationTest.groovy:29)
</failure>
  </testcase>
  <testcase name="ファイル出力を比較する: Direction{ s_InputDir: data/input/All-Format/pat-abnd/99-withdrawal-abandonment-a764-p-date1, s_OutputDir: data/output/html_amend/All-Format/pat-abnd/99-withdrawal-abandonment-a764-p-date1} null" classname="jp.go.jpo.sa1s99.common.format.integration.HtmlToXmlForAmendApiIntegrationTest" time="0.0">
    <failure message="java.lang.IllegalArgumentException: Not implemented yet" type="java.lang.IllegalArgumentException">java.lang.IllegalArgumentException: Not implemented yet
	at jp.go.jpo.sa1s99.common.format.api.XmlToHtmlForAmendApi.execute(XmlToHtmlForAmendApi.java:32)
	at jp.go.jpo.sa1s99.common.format.integration.ExecuteXmlToHtmlForAmendApiByDirection.executeApi(ExecuteXmlToHtmlForAmendApiByDirection.java:26)
	at jp.go.jpo.sa1s99.common.format.integration.ExecuteXmlToHtmlForAmendApiByDirection.executeApi(ExecuteXmlToHtmlForAmendApiByDirection.java:13)
	at jp.go.jpo.sa1s99.common.format.integration.ExecuteApiByDirection.execute(ExecuteApiByDirection.java:28)
	at jp.go.jpo.sa1s99.common.format.integration.HtmlToXmlForAmendApiIntegrationTest.ファイル出力を比較する: #direction #parsedResult(HtmlToXmlForAmendApiIntegrationTest.groovy:29)
</failure>
  </testcase>
  <testcase name="ファイル出力を比較する: Direction{ s_InputDir: data/input/All-Format/pat-abnd/99-withdrawal-abandonment-a764-p-date2, s_OutputDir: data/output/html_amend/All-Format/pat-abnd/99-withdrawal-abandonment-a764-p-date2} null" classname="jp.go.jpo.sa1s99.common.format.integration.HtmlToXmlForAmendApiIntegrationTest" time="0.016">
    <failure message="java.lang.IllegalArgumentException: Not implemented yet" type="java.lang.IllegalArgumentException">java.lang.IllegalArgumentException: Not implemented yet
	at jp.go.jpo.sa1s99.common.format.api.XmlToHtmlForAmendApi.execute(XmlToHtmlForAmendApi.java:32)
	at jp.go.jpo.sa1s99.common.format.integration.ExecuteXmlToHtmlForAmendApiByDirection.executeApi(ExecuteXmlToHtmlForAmendApiByDirection.java:26)
	at jp.go.jpo.sa1s99.common.format.integration.ExecuteXmlToHtmlForAmendApiByDirection.executeApi(ExecuteXmlToHtmlForAmendApiByDirection.java:13)
	at jp.go.jpo.sa1s99.common.format.integration.ExecuteApiByDirection.execute(ExecuteApiByDirection.java:28)
	at jp.go.jpo.sa1s99.common.format.integration.HtmlToXmlForAmendApiIntegrationTest.ファイル出力を比較する: #direction #parsedResult(HtmlToXmlForAmendApiIntegrationTest.groovy:29)
</failure>
  </testcase>
  <testcase name="ファイル出力を比較する: Direction{ s_InputDir: data/input/All-Format/pat-abnd/99-withdrawal-abandonment-a764-p-date3, s_OutputDir: data/output/html_amend/All-Format/pat-abnd/99-withdrawal-abandonment-a764-p-date3} null" classname="jp.go.jpo.sa1s99.common.format.integration.HtmlToXmlForAmendApiIntegrationTest" time="0.0">
    <failure message="java.lang.IllegalArgumentException: Not implemented yet" type="java.lang.IllegalArgumentException">java.lang.IllegalArgumentException: Not implemented yet
	at jp.go.jpo.sa1s99.common.format.api.XmlToHtmlForAmendApi.execute(XmlToHtmlForAmendApi.java:32)
	at jp.go.jpo.sa1s99.common.format.integration.ExecuteXmlToHtmlForAmendApiByDirection.executeApi(ExecuteXmlToHtmlForAmendApiByDirection.java:26)
	at jp.go.jpo.sa1s99.common.format.integration.ExecuteXmlToHtmlForAmendApiByDirection.executeApi(ExecuteXmlToHtmlForAmendApiByDirection.java:13)
	at jp.go.jpo.sa1s99.common.format.integration.ExecuteApiByDirection.execute(ExecuteApiByDirection.java:28)
	at jp.go.jpo.sa1s99.common.format.integration.HtmlToXmlForAmendApiIntegrationTest.ファイル出力を比較する: #direction #parsedResult(HtmlToXmlForAmendApiIntegrationTest.groovy:29)
</failure>
  </testcase>
  <testcase name="ファイル出力を比較する: Direction{ s_InputDir: data/input/All-Format/pat-abnd/99-withdrawal-abandonment-a764-p-dateX1, s_OutputDir: data/output/html_amend/All-Format/pat-abnd/99-withdrawal-abandonment-a764-p-dateX1} null" classname="jp.go.jpo.sa1s99.common.format.integration.HtmlToXmlForAmendApiIntegrationTest" time="0.0">
    <failure message="java.lang.IllegalArgumentException: Not implemented yet" type="java.lang.IllegalArgumentException">java.lang.IllegalArgumentException: Not implemented yet
	at jp.go.jpo.sa1s99.common.format.api.XmlToHtmlForAmendApi.execute(XmlToHtmlForAmendApi.java:32)
	at jp.go.jpo.sa1s99.common.format.integration.ExecuteXmlToHtmlForAmendApiByDirection.executeApi(ExecuteXmlToHtmlForAmendApiByDirection.java:26)
	at jp.go.jpo.sa1s99.common.format.integration.ExecuteXmlToHtmlForAmendApiByDirection.executeApi(ExecuteXmlToHtmlForAmendApiByDirection.java:13)
	at jp.go.jpo.sa1s99.common.format.integration.ExecuteApiByDirection.execute(ExecuteApiByDirection.java:28)
	at jp.go.jpo.sa1s99.common.format.integration.HtmlToXmlForAmendApiIntegrationTest.ファイル出力を比較する: #direction #parsedResult(HtmlToXmlForAmendApiIntegrationTest.groovy:29)
</failure>
  </testcase>
  <testcase name="ファイル出力を比較する: Direction{ s_InputDir: data/input/All-Format/pat-abnd/99-withdrawal-abandonment-a764-p-dateX2, s_OutputDir: data/output/html_amend/All-Format/pat-abnd/99-withdrawal-abandonment-a764-p-dateX2} null" classname="jp.go.jpo.sa1s99.common.format.integration.HtmlToXmlForAmendApiIntegrationTest" time="0.0">
    <failure message="java.lang.IllegalArgumentException: Not implemented yet" type="java.lang.IllegalArgumentException">java.lang.IllegalArgumentException: Not implemented yet
	at jp.go.jpo.sa1s99.common.format.api.XmlToHtmlForAmendApi.execute(XmlToHtmlForAmendApi.java:32)
	at jp.go.jpo.sa1s99.common.format.integration.ExecuteXmlToHtmlForAmendApiByDirection.executeApi(ExecuteXmlToHtmlForAmendApiByDirection.java:26)
	at jp.go.jpo.sa1s99.common.format.integration.ExecuteXmlToHtmlForAmendApiByDirection.executeApi(ExecuteXmlToHtmlForAmendApiByDirection.java:13)
	at jp.go.jpo.sa1s99.common.format.integration.ExecuteApiByDirection.execute(ExecuteApiByDirection.java:28)
	at jp.go.jpo.sa1s99.common.format.integration.HtmlToXmlForAmendApiIntegrationTest.ファイル出力を比較する: #direction #parsedResult(HtmlToXmlForAmendApiIntegrationTest.groovy:29)
</failure>
  </testcase>
  <testcase name="ファイル出力を比較する: Direction{ s_InputDir: data/input/All-Format/pat-appd/01-application-a63-p, s_OutputDir: data/output/html_amend/All-Format/pat-appd/01-application-a63-p} null" classname="jp.go.jpo.sa1s99.common.format.integration.HtmlToXmlForAmendApiIntegrationTest" time="0.0">
    <failure message="java.lang.IllegalArgumentException: Not implemented yet" type="java.lang.IllegalArgumentException">java.lang.IllegalArgumentException: Not implemented yet
	at jp.go.jpo.sa1s99.common.format.api.XmlToHtmlForAmendApi.execute(XmlToHtmlForAmendApi.java:32)
	at jp.go.jpo.sa1s99.common.format.integration.ExecuteXmlToHtmlForAmendApiByDirection.executeApi(ExecuteXmlToHtmlForAmendApiByDirection.java:26)
	at jp.go.jpo.sa1s99.common.format.integration.ExecuteXmlToHtmlForAmendApiByDirection.executeApi(ExecuteXmlToHtmlForAmendApiByDirection.java:13)
	at jp.go.jpo.sa1s99.common.format.integration.ExecuteApiByDirection.execute(ExecuteApiByDirection.java:28)
	at jp.go.jpo.sa1s99.common.format.integration.HtmlToXmlForAmendApiIntegrationTest.ファイル出力を比較する: #direction #parsedResult(HtmlToXmlForAmendApiIntegrationTest.groovy:29)
</failure>
  </testcase>
  <testcase name="ファイル出力を比較する: Direction{ s_InputDir: data/input/All-Format/pat-appd/01-application-a63-p-conv, s_OutputDir: data/output/html_amend/All-Format/pat-appd/01-application-a63-p-conv} null" classname="jp.go.jpo.sa1s99.common.format.integration.HtmlToXmlForAmendApiIntegrationTest" time="0.015">
    <failure message="java.lang.IllegalArgumentException: Not implemented yet" type="java.lang.IllegalArgumentException">java.lang.IllegalArgumentException: Not implemented yet
	at jp.go.jpo.sa1s99.common.format.api.XmlToHtmlForAmendApi.execute(XmlToHtmlForAmendApi.java:32)
	at jp.go.jpo.sa1s99.common.format.integration.ExecuteXmlToHtmlForAmendApiByDirection.executeApi(ExecuteXmlToHtmlForAmendApiByDirection.java:26)
	at jp.go.jpo.sa1s99.common.format.integration.ExecuteXmlToHtmlForAmendApiByDirection.executeApi(ExecuteXmlToHtmlForAmendApiByDirection.java:13)
	at jp.go.jpo.sa1s99.common.format.integration.ExecuteApiByDirection.execute(ExecuteApiByDirection.java:28)
	at jp.go.jpo.sa1s99.common.format.integration.HtmlToXmlForAmendApiIntegrationTest.ファイル出力を比較する: #direction #parsedResult(HtmlToXmlForAmendApiIntegrationTest.groovy:29)
</failure>
  </testcase>
  <testcase name="ファイル出力を比較する: Direction{ s_InputDir: data/input/All-Format/pat-appd/01-application-a63-p-conv-err, s_OutputDir: data/output/html_amend/All-Format/pat-appd/01-application-a63-p-conv-err} null" classname="jp.go.jpo.sa1s99.common.format.integration.HtmlToXmlForAmendApiIntegrationTest" time="0.0">
    <failure message="java.lang.IllegalArgumentException: Not implemented yet" type="java.lang.IllegalArgumentException">java.lang.IllegalArgumentException: Not implemented yet
	at jp.go.jpo.sa1s99.common.format.api.XmlToHtmlForAmendApi.execute(XmlToHtmlForAmendApi.java:32)
	at jp.go.jpo.sa1s99.common.format.integration.ExecuteXmlToHtmlForAmendApiByDirection.executeApi(ExecuteXmlToHtmlForAmendApiByDirection.java:26)
	at jp.go.jpo.sa1s99.common.format.integration.ExecuteXmlToHtmlForAmendApiByDirection.executeApi(ExecuteXmlToHtmlForAmendApiByDirection.java:13)
	at jp.go.jpo.sa1s99.common.format.integration.ExecuteApiByDirection.execute(ExecuteApiByDirection.java:28)
	at jp.go.jpo.sa1s99.common.format.integration.HtmlToXmlForAmendApiIntegrationTest.ファイル出力を比較する: #direction #parsedResult(HtmlToXmlForAmendApiIntegrationTest.groovy:29)
</failure>
  </testcase>
  <testcase name="ファイル出力を比較する: Direction{ s_InputDir: data/input/All-Format/pat-appd/01-application-a63-p-error-code, s_OutputDir: data/output/html_amend/All-Format/pat-appd/01-application-a63-p-error-code} null" classname="jp.go.jpo.sa1s99.common.format.integration.HtmlToXmlForAmendApiIntegrationTest" time="0.0">
    <failure message="java.lang.IllegalArgumentException: Not implemented yet" type="java.lang.IllegalArgumentException">java.lang.IllegalArgumentException: Not implemented yet
	at jp.go.jpo.sa1s99.common.format.api.XmlToHtmlForAmendApi.execute(XmlToHtmlForAmendApi.java:32)
	at jp.go.jpo.sa1s99.common.format.integration.ExecuteXmlToHtmlForAmendApiByDirection.executeApi(ExecuteXmlToHtmlForAmendApiByDirection.java:26)
	at jp.go.jpo.sa1s99.common.format.integration.ExecuteXmlToHtmlForAmendApiByDirection.executeApi(ExecuteXmlToHtmlForAmendApiByDirection.java:13)
	at jp.go.jpo.sa1s99.common.format.integration.ExecuteApiByDirection.execute(ExecuteApiByDirection.java:28)
	at jp.go.jpo.sa1s99.common.format.integration.HtmlToXmlForAmendApiIntegrationTest.ファイル出力を比較する: #direction #parsedResult(HtmlToXmlForAmendApiIntegrationTest.groovy:29)
</failure>
  </testcase>
  <testcase name="ファイル出力を比較する: Direction{ s_InputDir: data/input/All-Format/pat-appd/01-application-a63-p-null, s_OutputDir: data/output/html_amend/All-Format/pat-appd/01-application-a63-p-null} null" classname="jp.go.jpo.sa1s99.common.format.integration.HtmlToXmlForAmendApiIntegrationTest" time="0.0">
    <failure message="java.lang.IllegalArgumentException: Not implemented yet" type="java.lang.IllegalArgumentException">java.lang.IllegalArgumentException: Not implemented yet
	at jp.go.jpo.sa1s99.common.format.api.XmlToHtmlForAmendApi.execute(XmlToHtmlForAmendApi.java:32)
	at jp.go.jpo.sa1s99.common.format.integration.ExecuteXmlToHtmlForAmendApiByDirection.executeApi(ExecuteXmlToHtmlForAmendApiByDirection.java:26)
	at jp.go.jpo.sa1s99.common.format.integration.ExecuteXmlToHtmlForAmendApiByDirection.executeApi(ExecuteXmlToHtmlForAmendApiByDirection.java:13)
	at jp.go.jpo.sa1s99.common.format.integration.ExecuteApiByDirection.execute(ExecuteApiByDirection.java:28)
	at jp.go.jpo.sa1s99.common.format.integration.HtmlToXmlForAmendApiIntegrationTest.ファイル出力を比較する: #direction #parsedResult(HtmlToXmlForAmendApiIntegrationTest.groovy:29)
</failure>
  </testcase>
  <testcase name="ファイル出力を比較する: Direction{ s_InputDir: data/input/All-Format/pat-appd/01-application-a63-u, s_OutputDir: data/output/html_amend/All-Format/pat-appd/01-application-a63-u} null" classname="jp.go.jpo.sa1s99.common.format.integration.HtmlToXmlForAmendApiIntegrationTest" time="0.0">
    <failure message="java.lang.IllegalArgumentException: Not implemented yet" type="java.lang.IllegalArgumentException">java.lang.IllegalArgumentException: Not implemented yet
	at jp.go.jpo.sa1s99.common.format.api.XmlToHtmlForAmendApi.execute(XmlToHtmlForAmendApi.java:32)
	at jp.go.jpo.sa1s99.common.format.integration.ExecuteXmlToHtmlForAmendApiByDirection.executeApi(ExecuteXmlToHtmlForAmendApiByDirection.java:26)
	at jp.go.jpo.sa1s99.common.format.integration.ExecuteXmlToHtmlForAmendApiByDirection.executeApi(ExecuteXmlToHtmlForAmendApiByDirection.java:13)
	at jp.go.jpo.sa1s99.common.format.integration.ExecuteApiByDirection.execute(ExecuteApiByDirection.java:28)
	at jp.go.jpo.sa1s99.common.format.integration.HtmlToXmlForAmendApiIntegrationTest.ファイル出力を比較する: #direction #parsedResult(HtmlToXmlForAmendApiIntegrationTest.groovy:29)
</failure>
  </testcase>
  <testcase name="ファイル出力を比較する: Direction{ s_InputDir: data/input/All-Format/pat-appd/02-application-a631-p, s_OutputDir: data/output/html_amend/All-Format/pat-appd/02-application-a631-p} null" classname="jp.go.jpo.sa1s99.common.format.integration.HtmlToXmlForAmendApiIntegrationTest" time="0.016">
    <failure message="java.lang.IllegalArgumentException: Not implemented yet" type="java.lang.IllegalArgumentException">java.lang.IllegalArgumentException: Not implemented yet
	at jp.go.jpo.sa1s99.common.format.api.XmlToHtmlForAmendApi.execute(XmlToHtmlForAmendApi.java:32)
	at jp.go.jpo.sa1s99.common.format.integration.ExecuteXmlToHtmlForAmendApiByDirection.executeApi(ExecuteXmlToHtmlForAmendApiByDirection.java:26)
	at jp.go.jpo.sa1s99.common.format.integration.ExecuteXmlToHtmlForAmendApiByDirection.executeApi(ExecuteXmlToHtmlForAmendApiByDirection.java:13)
	at jp.go.jpo.sa1s99.common.format.integration.ExecuteApiByDirection.execute(ExecuteApiByDirection.java:28)
	at jp.go.jpo.sa1s99.common.format.integration.HtmlToXmlForAmendApiIntegrationTest.ファイル出力を比較する: #direction #parsedResult(HtmlToXmlForAmendApiIntegrationTest.groovy:29)
</failure>
  </testcase>
  <testcase name="ファイル出力を比較する: Direction{ s_InputDir: data/input/All-Format/pat-appd/03-application-a632-p, s_OutputDir: data/output/html_amend/All-Format/pat-appd/03-application-a632-p} null" classname="jp.go.jpo.sa1s99.common.format.integration.HtmlToXmlForAmendApiIntegrationTest" time="0.0">
    <failure message="java.lang.IllegalArgumentException: Not implemented yet" type="java.lang.IllegalArgumentException">java.lang.IllegalArgumentException: Not implemented yet
	at jp.go.jpo.sa1s99.common.format.api.XmlToHtmlForAmendApi.execute(XmlToHtmlForAmendApi.java:32)
	at jp.go.jpo.sa1s99.common.format.integration.ExecuteXmlToHtmlForAmendApiByDirection.executeApi(ExecuteXmlToHtmlForAmendApiByDirection.java:26)
	at jp.go.jpo.sa1s99.common.format.integration.ExecuteXmlToHtmlForAmendApiByDirection.executeApi(ExecuteXmlToHtmlForAmendApiByDirection.java:13)
	at jp.go.jpo.sa1s99.common.format.integration.ExecuteApiByDirection.execute(ExecuteApiByDirection.java:28)
	at jp.go.jpo.sa1s99.common.format.integration.HtmlToXmlForAmendApiIntegrationTest.ファイル出力を比較する: #direction #parsedResult(HtmlToXmlForAmendApiIntegrationTest.groovy:29)
</failure>
  </testcase>
  <testcase name="ファイル出力を比較する: Direction{ s_InputDir: data/input/All-Format/pat-appd/03-application-a632-u, s_OutputDir: data/output/html_amend/All-Format/pat-appd/03-application-a632-u} null" classname="jp.go.jpo.sa1s99.common.format.integration.HtmlToXmlForAmendApiIntegrationTest" time="0.0">
    <failure message="java.lang.IllegalArgumentException: Not implemented yet" type="java.lang.IllegalArgumentException">java.lang.IllegalArgumentException: Not implemented yet
	at jp.go.jpo.sa1s99.common.format.api.XmlToHtmlForAmendApi.execute(XmlToHtmlForAmendApi.java:32)
	at jp.go.jpo.sa1s99.common.format.integration.ExecuteXmlToHtmlForAmendApiByDirection.executeApi(ExecuteXmlToHtmlForAmendApiByDirection.java:26)
	at jp.go.jpo.sa1s99.common.format.integration.ExecuteXmlToHtmlForAmendApiByDirection.executeApi(ExecuteXmlToHtmlForAmendApiByDirection.java:13)
	at jp.go.jpo.sa1s99.common.format.integration.ExecuteApiByDirection.execute(ExecuteApiByDirection.java:28)
	at jp.go.jpo.sa1s99.common.format.integration.HtmlToXmlForAmendApiIntegrationTest.ファイル出力を比較する: #direction #parsedResult(HtmlToXmlForAmendApiIntegrationTest.groovy:29)
</failure>
  </testcase>
  <testcase name="ファイル出力を比較する: Direction{ s_InputDir: data/input/All-Format/pat-appd/04-application-a633-u, s_OutputDir: data/output/html_amend/All-Format/pat-appd/04-application-a633-u} null" classname="jp.go.jpo.sa1s99.common.format.integration.HtmlToXmlForAmendApiIntegrationTest" time="0.016">
    <failure message="java.lang.IllegalArgumentException: Not implemented yet" type="java.lang.IllegalArgumentException">java.lang.IllegalArgumentException: Not implemented yet
	at jp.go.jpo.sa1s99.common.format.api.XmlToHtmlForAmendApi.execute(XmlToHtmlForAmendApi.java:32)
	at jp.go.jpo.sa1s99.common.format.integration.ExecuteXmlToHtmlForAmendApiByDirection.executeApi(ExecuteXmlToHtmlForAmendApiByDirection.java:26)
	at jp.go.jpo.sa1s99.common.format.integration.ExecuteXmlToHtmlForAmendApiByDirection.executeApi(ExecuteXmlToHtmlForAmendApiByDirection.java:13)
	at jp.go.jpo.sa1s99.common.format.integration.ExecuteApiByDirection.execute(ExecuteApiByDirection.java:28)
	at jp.go.jpo.sa1s99.common.format.integration.HtmlToXmlForAmendApiIntegrationTest.ファイル出力を比較する: #direction #parsedResult(HtmlToXmlForAmendApiIntegrationTest.groovy:29)
</failure>
  </testcase>
  <testcase name="ファイル出力を比較する: Direction{ s_InputDir: data/input/All-Format/pat-appd/05-application-a634-p, s_OutputDir: data/output/html_amend/All-Format/pat-appd/05-application-a634-p} null" classname="jp.go.jpo.sa1s99.common.format.integration.HtmlToXmlForAmendApiIntegrationTest" time="0.0">
    <failure message="java.lang.IllegalArgumentException: Not implemented yet" type="java.lang.IllegalArgumentException">java.lang.IllegalArgumentException: Not implemented yet
	at jp.go.jpo.sa1s99.common.format.api.XmlToHtmlForAmendApi.execute(XmlToHtmlForAmendApi.java:32)
	at jp.go.jpo.sa1s99.common.format.integration.ExecuteXmlToHtmlForAmendApiByDirection.executeApi(ExecuteXmlToHtmlForAmendApiByDirection.java:26)
	at jp.go.jpo.sa1s99.common.format.integration.ExecuteXmlToHtmlForAmendApiByDirection.executeApi(ExecuteXmlToHtmlForAmendApiByDirection.java:13)
	at jp.go.jpo.sa1s99.common.format.integration.ExecuteApiByDirection.execute(ExecuteApiByDirection.java:28)
	at jp.go.jpo.sa1s99.common.format.integration.HtmlToXmlForAmendApiIntegrationTest.ファイル出力を比較する: #direction #parsedResult(HtmlToXmlForAmendApiIntegrationTest.groovy:29)
</failure>
  </testcase>
  <testcase name="ファイル出力を比較する: Direction{ s_InputDir: data/input/All-Format/pat-appd/05-application-a634-u, s_OutputDir: data/output/html_amend/All-Format/pat-appd/05-application-a634-u} null" classname="jp.go.jpo.sa1s99.common.format.integration.HtmlToXmlForAmendApiIntegrationTest" time="0.0">
    <failure message="java.lang.IllegalArgumentException: Not implemented yet" type="java.lang.IllegalArgumentException">java.lang.IllegalArgumentException: Not implemented yet
	at jp.go.jpo.sa1s99.common.format.api.XmlToHtmlForAmendApi.execute(XmlToHtmlForAmendApi.java:32)
	at jp.go.jpo.sa1s99.common.format.integration.ExecuteXmlToHtmlForAmendApiByDirection.executeApi(ExecuteXmlToHtmlForAmendApiByDirection.java:26)
	at jp.go.jpo.sa1s99.common.format.integration.ExecuteXmlToHtmlForAmendApiByDirection.executeApi(ExecuteXmlToHtmlForAmendApiByDirection.java:13)
	at jp.go.jpo.sa1s99.common.format.integration.ExecuteApiByDirection.execute(ExecuteApiByDirection.java:28)
	at jp.go.jpo.sa1s99.common.format.integration.HtmlToXmlForAmendApiIntegrationTest.ファイル出力を比較する: #direction #parsedResult(HtmlToXmlForAmendApiIntegrationTest.groovy:29)
</failure>
  </testcase>
  <testcase name="ファイル出力を比較する: Direction{ s_InputDir: data/input/All-Format/pat-appd/06-application-a635-p, s_OutputDir: data/output/html_amend/All-Format/pat-appd/06-application-a635-p} null" classname="jp.go.jpo.sa1s99.common.format.integration.HtmlToXmlForAmendApiIntegrationTest" time="0.0">
    <failure message="java.lang.IllegalArgumentException: Not implemented yet" type="java.lang.IllegalArgumentException">java.lang.IllegalArgumentException: Not implemented yet
	at jp.go.jpo.sa1s99.common.format.api.XmlToHtmlForAmendApi.execute(XmlToHtmlForAmendApi.java:32)
	at jp.go.jpo.sa1s99.common.format.integration.ExecuteXmlToHtmlForAmendApiByDirection.executeApi(ExecuteXmlToHtmlForAmendApiByDirection.java:26)
	at jp.go.jpo.sa1s99.common.format.integration.ExecuteXmlToHtmlForAmendApiByDirection.executeApi(ExecuteXmlToHtmlForAmendApiByDirection.java:13)
	at jp.go.jpo.sa1s99.common.format.integration.ExecuteApiByDirection.execute(ExecuteApiByDirection.java:28)
	at jp.go.jpo.sa1s99.common.format.integration.HtmlToXmlForAmendApiIntegrationTest.ファイル出力を比較する: #direction #parsedResult(HtmlToXmlForAmendApiIntegrationTest.groovy:29)
</failure>
  </testcase>
  <testcase name="ファイル出力を比較する: Direction{ s_InputDir: data/input/All-Format/pat-appd/06-application-a635-u, s_OutputDir: data/output/html_amend/All-Format/pat-appd/06-application-a635-u} null" classname="jp.go.jpo.sa1s99.common.format.integration.HtmlToXmlForAmendApiIntegrationTest" time="0.015">
    <failure message="java.lang.IllegalArgumentException: Not implemented yet" type="java.lang.IllegalArgumentException">java.lang.IllegalArgumentException: Not implemented yet
	at jp.go.jpo.sa1s99.common.format.api.XmlToHtmlForAmendApi.execute(XmlToHtmlForAmendApi.java:32)
	at jp.go.jpo.sa1s99.common.format.integration.ExecuteXmlToHtmlForAmendApiByDirection.executeApi(ExecuteXmlToHtmlForAmendApiByDirection.java:26)
	at jp.go.jpo.sa1s99.common.format.integration.ExecuteXmlToHtmlForAmendApiByDirection.executeApi(ExecuteXmlToHtmlForAmendApiByDirection.java:13)
	at jp.go.jpo.sa1s99.common.format.integration.ExecuteApiByDirection.execute(ExecuteApiByDirection.java:28)
	at jp.go.jpo.sa1s99.common.format.integration.HtmlToXmlForAmendApiIntegrationTest.ファイル出力を比較する: #direction #parsedResult(HtmlToXmlForAmendApiIntegrationTest.groovy:29)
</failure>
  </testcase>
  <testcase name="ファイル出力を比較する: Direction{ s_InputDir: data/input/All-Format/pat-appd/99-application-a63-p-date1, s_OutputDir: data/output/html_amend/All-Format/pat-appd/99-application-a63-p-date1} null" classname="jp.go.jpo.sa1s99.common.format.integration.HtmlToXmlForAmendApiIntegrationTest" time="0.0">
    <failure message="java.lang.IllegalArgumentException: Not implemented yet" type="java.lang.IllegalArgumentException">java.lang.IllegalArgumentException: Not implemented yet
	at jp.go.jpo.sa1s99.common.format.api.XmlToHtmlForAmendApi.execute(XmlToHtmlForAmendApi.java:32)
	at jp.go.jpo.sa1s99.common.format.integration.ExecuteXmlToHtmlForAmendApiByDirection.executeApi(ExecuteXmlToHtmlForAmendApiByDirection.java:26)
	at jp.go.jpo.sa1s99.common.format.integration.ExecuteXmlToHtmlForAmendApiByDirection.executeApi(ExecuteXmlToHtmlForAmendApiByDirection.java:13)
	at jp.go.jpo.sa1s99.common.format.integration.ExecuteApiByDirection.execute(ExecuteApiByDirection.java:28)
	at jp.go.jpo.sa1s99.common.format.integration.HtmlToXmlForAmendApiIntegrationTest.ファイル出力を比較する: #direction #parsedResult(HtmlToXmlForAmendApiIntegrationTest.groovy:29)
</failure>
  </testcase>
  <testcase name="ファイル出力を比較する: Direction{ s_InputDir: data/input/All-Format/pat-appd/99-application-a63-p-date2, s_OutputDir: data/output/html_amend/All-Format/pat-appd/99-application-a63-p-date2} null" classname="jp.go.jpo.sa1s99.common.format.integration.HtmlToXmlForAmendApiIntegrationTest" time="0.0">
    <failure message="java.lang.IllegalArgumentException: Not implemented yet" type="java.lang.IllegalArgumentException">java.lang.IllegalArgumentException: Not implemented yet
	at jp.go.jpo.sa1s99.common.format.api.XmlToHtmlForAmendApi.execute(XmlToHtmlForAmendApi.java:32)
	at jp.go.jpo.sa1s99.common.format.integration.ExecuteXmlToHtmlForAmendApiByDirection.executeApi(ExecuteXmlToHtmlForAmendApiByDirection.java:26)
	at jp.go.jpo.sa1s99.common.format.integration.ExecuteXmlToHtmlForAmendApiByDirection.executeApi(ExecuteXmlToHtmlForAmendApiByDirection.java:13)
	at jp.go.jpo.sa1s99.common.format.integration.ExecuteApiByDirection.execute(ExecuteApiByDirection.java:28)
	at jp.go.jpo.sa1s99.common.format.integration.HtmlToXmlForAmendApiIntegrationTest.ファイル出力を比較する: #direction #parsedResult(HtmlToXmlForAmendApiIntegrationTest.groovy:29)
</failure>
  </testcase>
  <testcase name="ファイル出力を比較する: Direction{ s_InputDir: data/input/All-Format/pat-appd/99-application-a63-p-date3, s_OutputDir: data/output/html_amend/All-Format/pat-appd/99-application-a63-p-date3} null" classname="jp.go.jpo.sa1s99.common.format.integration.HtmlToXmlForAmendApiIntegrationTest" time="0.016">
    <failure message="java.lang.IllegalArgumentException: Not implemented yet" type="java.lang.IllegalArgumentException">java.lang.IllegalArgumentException: Not implemented yet
	at jp.go.jpo.sa1s99.common.format.api.XmlToHtmlForAmendApi.execute(XmlToHtmlForAmendApi.java:32)
	at jp.go.jpo.sa1s99.common.format.integration.ExecuteXmlToHtmlForAmendApiByDirection.executeApi(ExecuteXmlToHtmlForAmendApiByDirection.java:26)
	at jp.go.jpo.sa1s99.common.format.integration.ExecuteXmlToHtmlForAmendApiByDirection.executeApi(ExecuteXmlToHtmlForAmendApiByDirection.java:13)
	at jp.go.jpo.sa1s99.common.format.integration.ExecuteApiByDirection.execute(ExecuteApiByDirection.java:28)
	at jp.go.jpo.sa1s99.common.format.integration.HtmlToXmlForAmendApiIntegrationTest.ファイル出力を比較する: #direction #parsedResult(HtmlToXmlForAmendApiIntegrationTest.groovy:29)
</failure>
  </testcase>
  <testcase name="ファイル出力を比較する: Direction{ s_InputDir: data/input/All-Format/pat-appd/99-application-a63-p-dateX1, s_OutputDir: data/output/html_amend/All-Format/pat-appd/99-application-a63-p-dateX1} null" classname="jp.go.jpo.sa1s99.common.format.integration.HtmlToXmlForAmendApiIntegrationTest" time="0.006">
    <failure message="java.lang.IllegalArgumentException: Not implemented yet" type="java.lang.IllegalArgumentException">java.lang.IllegalArgumentException: Not implemented yet
	at jp.go.jpo.sa1s99.common.format.api.XmlToHtmlForAmendApi.execute(XmlToHtmlForAmendApi.java:32)
	at jp.go.jpo.sa1s99.common.format.integration.ExecuteXmlToHtmlForAmendApiByDirection.executeApi(ExecuteXmlToHtmlForAmendApiByDirection.java:26)
	at jp.go.jpo.sa1s99.common.format.integration.ExecuteXmlToHtmlForAmendApiByDirection.executeApi(ExecuteXmlToHtmlForAmendApiByDirection.java:13)
	at jp.go.jpo.sa1s99.common.format.integration.ExecuteApiByDirection.execute(ExecuteApiByDirection.java:28)
	at jp.go.jpo.sa1s99.common.format.integration.HtmlToXmlForAmendApiIntegrationTest.ファイル出力を比較する: #direction #parsedResult(HtmlToXmlForAmendApiIntegrationTest.groovy:29)
</failure>
  </testcase>
  <testcase name="ファイル出力を比較する: Direction{ s_InputDir: data/input/All-Format/pat-appd/99-application-a63-p-dateX2, s_OutputDir: data/output/html_amend/All-Format/pat-appd/99-application-a63-p-dateX2} null" classname="jp.go.jpo.sa1s99.common.format.integration.HtmlToXmlForAmendApiIntegrationTest" time="0.0">
    <failure message="java.lang.IllegalArgumentException: Not implemented yet" type="java.lang.IllegalArgumentException">java.lang.IllegalArgumentException: Not implemented yet
	at jp.go.jpo.sa1s99.common.format.api.XmlToHtmlForAmendApi.execute(XmlToHtmlForAmendApi.java:32)
	at jp.go.jpo.sa1s99.common.format.integration.ExecuteXmlToHtmlForAmendApiByDirection.executeApi(ExecuteXmlToHtmlForAmendApiByDirection.java:26)
	at jp.go.jpo.sa1s99.common.format.integration.ExecuteXmlToHtmlForAmendApiByDirection.executeApi(ExecuteXmlToHtmlForAmendApiByDirection.java:13)
	at jp.go.jpo.sa1s99.common.format.integration.ExecuteApiByDirection.execute(ExecuteApiByDirection.java:28)
	at jp.go.jpo.sa1s99.common.format.integration.HtmlToXmlForAmendApiIntegrationTest.ファイル出力を比較する: #direction #parsedResult(HtmlToXmlForAmendApiIntegrationTest.groovy:29)
</failure>
  </testcase>
  <testcase name="ファイル出力を比較する: Direction{ s_InputDir: data/input/All-Format/pat-appd/99-application-a63-p2_H16, s_OutputDir: data/output/html_amend/All-Format/pat-appd/99-application-a63-p2_H16} null" classname="jp.go.jpo.sa1s99.common.format.integration.HtmlToXmlForAmendApiIntegrationTest" time="0.0">
    <failure message="java.lang.IllegalArgumentException: Not implemented yet" type="java.lang.IllegalArgumentException">java.lang.IllegalArgumentException: Not implemented yet
	at jp.go.jpo.sa1s99.common.format.api.XmlToHtmlForAmendApi.execute(XmlToHtmlForAmendApi.java:32)
	at jp.go.jpo.sa1s99.common.format.integration.ExecuteXmlToHtmlForAmendApiByDirection.executeApi(ExecuteXmlToHtmlForAmendApiByDirection.java:26)
	at jp.go.jpo.sa1s99.common.format.integration.ExecuteXmlToHtmlForAmendApiByDirection.executeApi(ExecuteXmlToHtmlForAmendApiByDirection.java:13)
	at jp.go.jpo.sa1s99.common.format.integration.ExecuteApiByDirection.execute(ExecuteApiByDirection.java:28)
	at jp.go.jpo.sa1s99.common.format.integration.HtmlToXmlForAmendApiIntegrationTest.ファイル出力を比較する: #direction #parsedResult(HtmlToXmlForAmendApiIntegrationTest.groovy:29)
</failure>
  </testcase>
  <testcase name="ファイル出力を比較する: Direction{ s_InputDir: data/input/All-Format/pat-appd/99-application-a63-p3_H16, s_OutputDir: data/output/html_amend/All-Format/pat-appd/99-application-a63-p3_H16} null" classname="jp.go.jpo.sa1s99.common.format.integration.HtmlToXmlForAmendApiIntegrationTest" time="0.0">
    <failure message="java.lang.IllegalArgumentException: Not implemented yet" type="java.lang.IllegalArgumentException">java.lang.IllegalArgumentException: Not implemented yet
	at jp.go.jpo.sa1s99.common.format.api.XmlToHtmlForAmendApi.execute(XmlToHtmlForAmendApi.java:32)
	at jp.go.jpo.sa1s99.common.format.integration.ExecuteXmlToHtmlForAmendApiByDirection.executeApi(ExecuteXmlToHtmlForAmendApiByDirection.java:26)
	at jp.go.jpo.sa1s99.common.format.integration.ExecuteXmlToHtmlForAmendApiByDirection.executeApi(ExecuteXmlToHtmlForAmendApiByDirection.java:13)
	at jp.go.jpo.sa1s99.common.format.integration.ExecuteApiByDirection.execute(ExecuteApiByDirection.java:28)
	at jp.go.jpo.sa1s99.common.format.integration.HtmlToXmlForAmendApiIntegrationTest.ファイル出力を比較する: #direction #parsedResult(HtmlToXmlForAmendApiIntegrationTest.groovy:29)
</failure>
  </testcase>
  <testcase name="ファイル出力を比較する: Direction{ s_InputDir: data/input/All-Format/pat-appd/99-application-a63-p4_H16, s_OutputDir: data/output/html_amend/All-Format/pat-appd/99-application-a63-p4_H16} null" classname="jp.go.jpo.sa1s99.common.format.integration.HtmlToXmlForAmendApiIntegrationTest" time="0.016">
    <failure message="java.lang.IllegalArgumentException: Not implemented yet" type="java.lang.IllegalArgumentException">java.lang.IllegalArgumentException: Not implemented yet
	at jp.go.jpo.sa1s99.common.format.api.XmlToHtmlForAmendApi.execute(XmlToHtmlForAmendApi.java:32)
	at jp.go.jpo.sa1s99.common.format.integration.ExecuteXmlToHtmlForAmendApiByDirection.executeApi(ExecuteXmlToHtmlForAmendApiByDirection.java:26)
	at jp.go.jpo.sa1s99.common.format.integration.ExecuteXmlToHtmlForAmendApiByDirection.executeApi(ExecuteXmlToHtmlForAmendApiByDirection.java:13)
	at jp.go.jpo.sa1s99.common.format.integration.ExecuteApiByDirection.execute(ExecuteApiByDirection.java:28)
	at jp.go.jpo.sa1s99.common.format.integration.HtmlToXmlForAmendApiIntegrationTest.ファイル出力を比較する: #direction #parsedResult(HtmlToXmlForAmendApiIntegrationTest.groovy:29)
</failure>
  </testcase>
  <testcase name="ファイル出力を比較する: Direction{ s_InputDir: data/input/All-Format/pat-appd/99-application-a63-p5_H16, s_OutputDir: data/output/html_amend/All-Format/pat-appd/99-application-a63-p5_H16} null" classname="jp.go.jpo.sa1s99.common.format.integration.HtmlToXmlForAmendApiIntegrationTest" time="0.0">
    <failure message="java.lang.IllegalArgumentException: Not implemented yet" type="java.lang.IllegalArgumentException">java.lang.IllegalArgumentException: Not implemented yet
	at jp.go.jpo.sa1s99.common.format.api.XmlToHtmlForAmendApi.execute(XmlToHtmlForAmendApi.java:32)
	at jp.go.jpo.sa1s99.common.format.integration.ExecuteXmlToHtmlForAmendApiByDirection.executeApi(ExecuteXmlToHtmlForAmendApiByDirection.java:26)
	at jp.go.jpo.sa1s99.common.format.integration.ExecuteXmlToHtmlForAmendApiByDirection.executeApi(ExecuteXmlToHtmlForAmendApiByDirection.java:13)
	at jp.go.jpo.sa1s99.common.format.integration.ExecuteApiByDirection.execute(ExecuteApiByDirection.java:28)
	at jp.go.jpo.sa1s99.common.format.integration.HtmlToXmlForAmendApiIntegrationTest.ファイル出力を比較する: #direction #parsedResult(HtmlToXmlForAmendApiIntegrationTest.groovy:29)
</failure>
  </testcase>
  <testcase name="ファイル出力を比較する: Direction{ s_InputDir: data/input/All-Format/pat-appd/99-application-a63-p6_H16, s_OutputDir: data/output/html_amend/All-Format/pat-appd/99-application-a63-p6_H16} null" classname="jp.go.jpo.sa1s99.common.format.integration.HtmlToXmlForAmendApiIntegrationTest" time="0.0">
    <failure message="java.lang.IllegalArgumentException: Not implemented yet" type="java.lang.IllegalArgumentException">java.lang.IllegalArgumentException: Not implemented yet
	at jp.go.jpo.sa1s99.common.format.api.XmlToHtmlForAmendApi.execute(XmlToHtmlForAmendApi.java:32)
	at jp.go.jpo.sa1s99.common.format.integration.ExecuteXmlToHtmlForAmendApiByDirection.executeApi(ExecuteXmlToHtmlForAmendApiByDirection.java:26)
	at jp.go.jpo.sa1s99.common.format.integration.ExecuteXmlToHtmlForAmendApiByDirection.executeApi(ExecuteXmlToHtmlForAmendApiByDirection.java:13)
	at jp.go.jpo.sa1s99.common.format.integration.ExecuteApiByDirection.execute(ExecuteApiByDirection.java:28)
	at jp.go.jpo.sa1s99.common.format.integration.HtmlToXmlForAmendApiIntegrationTest.ファイル出力を比較する: #direction #parsedResult(HtmlToXmlForAmendApiIntegrationTest.groovy:29)
</failure>
  </testcase>
  <testcase name="ファイル出力を比較する: Direction{ s_InputDir: data/input/All-Format/pat-appd/99-application-a63-p7_H16, s_OutputDir: data/output/html_amend/All-Format/pat-appd/99-application-a63-p7_H16} null" classname="jp.go.jpo.sa1s99.common.format.integration.HtmlToXmlForAmendApiIntegrationTest" time="0.0">
    <failure message="java.lang.IllegalArgumentException: Not implemented yet" type="java.lang.IllegalArgumentException">java.lang.IllegalArgumentException: Not implemented yet
	at jp.go.jpo.sa1s99.common.format.api.XmlToHtmlForAmendApi.execute(XmlToHtmlForAmendApi.java:32)
	at jp.go.jpo.sa1s99.common.format.integration.ExecuteXmlToHtmlForAmendApiByDirection.executeApi(ExecuteXmlToHtmlForAmendApiByDirection.java:26)
	at jp.go.jpo.sa1s99.common.format.integration.ExecuteXmlToHtmlForAmendApiByDirection.executeApi(ExecuteXmlToHtmlForAmendApiByDirection.java:13)
	at jp.go.jpo.sa1s99.common.format.integration.ExecuteApiByDirection.execute(ExecuteApiByDirection.java:28)
	at jp.go.jpo.sa1s99.common.format.integration.HtmlToXmlForAmendApiIntegrationTest.ファイル出力を比較する: #direction #parsedResult(HtmlToXmlForAmendApiIntegrationTest.groovy:29)
</failure>
  </testcase>
  <testcase name="ファイル出力を比較する: Direction{ s_InputDir: data/input/All-Format/pat-appd/99-application-a63-p_H16, s_OutputDir: data/output/html_amend/All-Format/pat-appd/99-application-a63-p_H16} null" classname="jp.go.jpo.sa1s99.common.format.integration.HtmlToXmlForAmendApiIntegrationTest" time="0.0">
    <failure message="java.lang.IllegalArgumentException: Not implemented yet" type="java.lang.IllegalArgumentException">java.lang.IllegalArgumentException: Not implemented yet
	at jp.go.jpo.sa1s99.common.format.api.XmlToHtmlForAmendApi.execute(XmlToHtmlForAmendApi.java:32)
	at jp.go.jpo.sa1s99.common.format.integration.ExecuteXmlToHtmlForAmendApiByDirection.executeApi(ExecuteXmlToHtmlForAmendApiByDirection.java:26)
	at jp.go.jpo.sa1s99.common.format.integration.ExecuteXmlToHtmlForAmendApiByDirection.executeApi(ExecuteXmlToHtmlForAmendApiByDirection.java:13)
	at jp.go.jpo.sa1s99.common.format.integration.ExecuteApiByDirection.execute(ExecuteApiByDirection.java:28)
	at jp.go.jpo.sa1s99.common.format.integration.HtmlToXmlForAmendApiIntegrationTest.ファイル出力を比較する: #direction #parsedResult(HtmlToXmlForAmendApiIntegrationTest.groovy:29)
</failure>
  </testcase>
  <testcase name="ファイル出力を比較する: Direction{ s_InputDir: data/input/All-Format/pat-appd/99-application-a63-p_densi, s_OutputDir: data/output/html_amend/All-Format/pat-appd/99-application-a63-p_densi} null" classname="jp.go.jpo.sa1s99.common.format.integration.HtmlToXmlForAmendApiIntegrationTest" time="0.0">
    <failure message="java.lang.IllegalArgumentException: Not implemented yet" type="java.lang.IllegalArgumentException">java.lang.IllegalArgumentException: Not implemented yet
	at jp.go.jpo.sa1s99.common.format.api.XmlToHtmlForAmendApi.execute(XmlToHtmlForAmendApi.java:32)
	at jp.go.jpo.sa1s99.common.format.integration.ExecuteXmlToHtmlForAmendApiByDirection.executeApi(ExecuteXmlToHtmlForAmendApiByDirection.java:26)
	at jp.go.jpo.sa1s99.common.format.integration.ExecuteXmlToHtmlForAmendApiByDirection.executeApi(ExecuteXmlToHtmlForAmendApiByDirection.java:13)
	at jp.go.jpo.sa1s99.common.format.integration.ExecuteApiByDirection.execute(ExecuteApiByDirection.java:28)
	at jp.go.jpo.sa1s99.common.format.integration.HtmlToXmlForAmendApiIntegrationTest.ファイル出力を比較する: #direction #parsedResult(HtmlToXmlForAmendApiIntegrationTest.groovy:29)
</failure>
  </testcase>
  <testcase name="ファイル出力を比較する: Direction{ s_InputDir: data/input/All-Format/pat-appd/99-application-a63-u2_H16, s_OutputDir: data/output/html_amend/All-Format/pat-appd/99-application-a63-u2_H16} null" classname="jp.go.jpo.sa1s99.common.format.integration.HtmlToXmlForAmendApiIntegrationTest" time="0.015">
    <failure message="java.lang.IllegalArgumentException: Not implemented yet" type="java.lang.IllegalArgumentException">java.lang.IllegalArgumentException: Not implemented yet
	at jp.go.jpo.sa1s99.common.format.api.XmlToHtmlForAmendApi.execute(XmlToHtmlForAmendApi.java:32)
	at jp.go.jpo.sa1s99.common.format.integration.ExecuteXmlToHtmlForAmendApiByDirection.executeApi(ExecuteXmlToHtmlForAmendApiByDirection.java:26)
	at jp.go.jpo.sa1s99.common.format.integration.ExecuteXmlToHtmlForAmendApiByDirection.executeApi(ExecuteXmlToHtmlForAmendApiByDirection.java:13)
	at jp.go.jpo.sa1s99.common.format.integration.ExecuteApiByDirection.execute(ExecuteApiByDirection.java:28)
	at jp.go.jpo.sa1s99.common.format.integration.HtmlToXmlForAmendApiIntegrationTest.ファイル出力を比較する: #direction #parsedResult(HtmlToXmlForAmendApiIntegrationTest.groovy:29)
</failure>
  </testcase>
  <testcase name="ファイル出力を比較する: Direction{ s_InputDir: data/input/All-Format/pat-appd/99-application-a63-u3_H16, s_OutputDir: data/output/html_amend/All-Format/pat-appd/99-application-a63-u3_H16} null" classname="jp.go.jpo.sa1s99.common.format.integration.HtmlToXmlForAmendApiIntegrationTest" time="0.0">
    <failure message="java.lang.IllegalArgumentException: Not implemented yet" type="java.lang.IllegalArgumentException">java.lang.IllegalArgumentException: Not implemented yet
	at jp.go.jpo.sa1s99.common.format.api.XmlToHtmlForAmendApi.execute(XmlToHtmlForAmendApi.java:32)
	at jp.go.jpo.sa1s99.common.format.integration.ExecuteXmlToHtmlForAmendApiByDirection.executeApi(ExecuteXmlToHtmlForAmendApiByDirection.java:26)
	at jp.go.jpo.sa1s99.common.format.integration.ExecuteXmlToHtmlForAmendApiByDirection.executeApi(ExecuteXmlToHtmlForAmendApiByDirection.java:13)
	at jp.go.jpo.sa1s99.common.format.integration.ExecuteApiByDirection.execute(ExecuteApiByDirection.java:28)
	at jp.go.jpo.sa1s99.common.format.integration.HtmlToXmlForAmendApiIntegrationTest.ファイル出力を比較する: #direction #parsedResult(HtmlToXmlForAmendApiIntegrationTest.groovy:29)
</failure>
  </testcase>
  <testcase name="ファイル出力を比較する: Direction{ s_InputDir: data/input/All-Format/pat-appd/99-application-a63-u4_H16, s_OutputDir: data/output/html_amend/All-Format/pat-appd/99-application-a63-u4_H16} null" classname="jp.go.jpo.sa1s99.common.format.integration.HtmlToXmlForAmendApiIntegrationTest" time="0.0">
    <failure message="java.lang.IllegalArgumentException: Not implemented yet" type="java.lang.IllegalArgumentException">java.lang.IllegalArgumentException: Not implemented yet
	at jp.go.jpo.sa1s99.common.format.api.XmlToHtmlForAmendApi.execute(XmlToHtmlForAmendApi.java:32)
	at jp.go.jpo.sa1s99.common.format.integration.ExecuteXmlToHtmlForAmendApiByDirection.executeApi(ExecuteXmlToHtmlForAmendApiByDirection.java:26)
	at jp.go.jpo.sa1s99.common.format.integration.ExecuteXmlToHtmlForAmendApiByDirection.executeApi(ExecuteXmlToHtmlForAmendApiByDirection.java:13)
	at jp.go.jpo.sa1s99.common.format.integration.ExecuteApiByDirection.execute(ExecuteApiByDirection.java:28)
	at jp.go.jpo.sa1s99.common.format.integration.HtmlToXmlForAmendApiIntegrationTest.ファイル出力を比較する: #direction #parsedResult(HtmlToXmlForAmendApiIntegrationTest.groovy:29)
</failure>
  </testcase>
  <testcase name="ファイル出力を比較する: Direction{ s_InputDir: data/input/All-Format/pat-appd/99-application-a63-u5_H16, s_OutputDir: data/output/html_amend/All-Format/pat-appd/99-application-a63-u5_H16} null" classname="jp.go.jpo.sa1s99.common.format.integration.HtmlToXmlForAmendApiIntegrationTest" time="0.016">
    <failure message="java.lang.IllegalArgumentException: Not implemented yet" type="java.lang.IllegalArgumentException">java.lang.IllegalArgumentException: Not implemented yet
	at jp.go.jpo.sa1s99.common.format.api.XmlToHtmlForAmendApi.execute(XmlToHtmlForAmendApi.java:32)
	at jp.go.jpo.sa1s99.common.format.integration.ExecuteXmlToHtmlForAmendApiByDirection.executeApi(ExecuteXmlToHtmlForAmendApiByDirection.java:26)
	at jp.go.jpo.sa1s99.common.format.integration.ExecuteXmlToHtmlForAmendApiByDirection.executeApi(ExecuteXmlToHtmlForAmendApiByDirection.java:13)
	at jp.go.jpo.sa1s99.common.format.integration.ExecuteApiByDirection.execute(ExecuteApiByDirection.java:28)
	at jp.go.jpo.sa1s99.common.format.integration.HtmlToXmlForAmendApiIntegrationTest.ファイル出力を比較する: #direction #parsedResult(HtmlToXmlForAmendApiIntegrationTest.groovy:29)
</failure>
  </testcase>
  <testcase name="ファイル出力を比較する: Direction{ s_InputDir: data/input/All-Format/pat-appd/99-application-a63-u6_H16, s_OutputDir: data/output/html_amend/All-Format/pat-appd/99-application-a63-u6_H16} null" classname="jp.go.jpo.sa1s99.common.format.integration.HtmlToXmlForAmendApiIntegrationTest" time="0.0">
    <failure message="java.lang.IllegalArgumentException: Not implemented yet" type="java.lang.IllegalArgumentException">java.lang.IllegalArgumentException: Not implemented yet
	at jp.go.jpo.sa1s99.common.format.api.XmlToHtmlForAmendApi.execute(XmlToHtmlForAmendApi.java:32)
	at jp.go.jpo.sa1s99.common.format.integration.ExecuteXmlToHtmlForAmendApiByDirection.executeApi(ExecuteXmlToHtmlForAmendApiByDirection.java:26)
	at jp.go.jpo.sa1s99.common.format.integration.ExecuteXmlToHtmlForAmendApiByDirection.executeApi(ExecuteXmlToHtmlForAmendApiByDirection.java:13)
	at jp.go.jpo.sa1s99.common.format.integration.ExecuteApiByDirection.execute(ExecuteApiByDirection.java:28)
	at jp.go.jpo.sa1s99.common.format.integration.HtmlToXmlForAmendApiIntegrationTest.ファイル出力を比較する: #direction #parsedResult(HtmlToXmlForAmendApiIntegrationTest.groovy:29)
</failure>
  </testcase>
  <testcase name="ファイル出力を比較する: Direction{ s_InputDir: data/input/All-Format/pat-appd/99-application-a63-u7_H16, s_OutputDir: data/output/html_amend/All-Format/pat-appd/99-application-a63-u7_H16} null" classname="jp.go.jpo.sa1s99.common.format.integration.HtmlToXmlForAmendApiIntegrationTest" time="0.0">
    <failure message="java.lang.IllegalArgumentException: Not implemented yet" type="java.lang.IllegalArgumentException">java.lang.IllegalArgumentException: Not implemented yet
	at jp.go.jpo.sa1s99.common.format.api.XmlToHtmlForAmendApi.execute(XmlToHtmlForAmendApi.java:32)
	at jp.go.jpo.sa1s99.common.format.integration.ExecuteXmlToHtmlForAmendApiByDirection.executeApi(ExecuteXmlToHtmlForAmendApiByDirection.java:26)
	at jp.go.jpo.sa1s99.common.format.integration.ExecuteXmlToHtmlForAmendApiByDirection.executeApi(ExecuteXmlToHtmlForAmendApiByDirection.java:13)
	at jp.go.jpo.sa1s99.common.format.integration.ExecuteApiByDirection.execute(ExecuteApiByDirection.java:28)
	at jp.go.jpo.sa1s99.common.format.integration.HtmlToXmlForAmendApiIntegrationTest.ファイル出力を比較する: #direction #parsedResult(HtmlToXmlForAmendApiIntegrationTest.groovy:29)
</failure>
  </testcase>
  <testcase name="ファイル出力を比較する: Direction{ s_InputDir: data/input/All-Format/pat-appd/99-application-a63-u_H16, s_OutputDir: data/output/html_amend/All-Format/pat-appd/99-application-a63-u_H16} null" classname="jp.go.jpo.sa1s99.common.format.integration.HtmlToXmlForAmendApiIntegrationTest" time="0.0">
    <failure message="java.lang.IllegalArgumentException: Not implemented yet" type="java.lang.IllegalArgumentException">java.lang.IllegalArgumentException: Not implemented yet
	at jp.go.jpo.sa1s99.common.format.api.XmlToHtmlForAmendApi.execute(XmlToHtmlForAmendApi.java:32)
	at jp.go.jpo.sa1s99.common.format.integration.ExecuteXmlToHtmlForAmendApiByDirection.executeApi(ExecuteXmlToHtmlForAmendApiByDirection.java:26)
	at jp.go.jpo.sa1s99.common.format.integration.ExecuteXmlToHtmlForAmendApiByDirection.executeApi(ExecuteXmlToHtmlForAmendApiByDirection.java:13)
	at jp.go.jpo.sa1s99.common.format.integration.ExecuteApiByDirection.execute(ExecuteApiByDirection.java:28)
	at jp.go.jpo.sa1s99.common.format.integration.HtmlToXmlForAmendApiIntegrationTest.ファイル出力を比較する: #direction #parsedResult(HtmlToXmlForAmendApiIntegrationTest.groovy:29)
</failure>
  </testcase>
  <testcase name="ファイル出力を比較する: Direction{ s_InputDir: data/input/All-Format/pat-appd/99-application-a632-p_H16, s_OutputDir: data/output/html_amend/All-Format/pat-appd/99-application-a632-p_H16} null" classname="jp.go.jpo.sa1s99.common.format.integration.HtmlToXmlForAmendApiIntegrationTest" time="0.016">
    <failure message="java.lang.IllegalArgumentException: Not implemented yet" type="java.lang.IllegalArgumentException">java.lang.IllegalArgumentException: Not implemented yet
	at jp.go.jpo.sa1s99.common.format.api.XmlToHtmlForAmendApi.execute(XmlToHtmlForAmendApi.java:32)
	at jp.go.jpo.sa1s99.common.format.integration.ExecuteXmlToHtmlForAmendApiByDirection.executeApi(ExecuteXmlToHtmlForAmendApiByDirection.java:26)
	at jp.go.jpo.sa1s99.common.format.integration.ExecuteXmlToHtmlForAmendApiByDirection.executeApi(ExecuteXmlToHtmlForAmendApiByDirection.java:13)
	at jp.go.jpo.sa1s99.common.format.integration.ExecuteApiByDirection.execute(ExecuteApiByDirection.java:28)
	at jp.go.jpo.sa1s99.common.format.integration.HtmlToXmlForAmendApiIntegrationTest.ファイル出力を比較する: #direction #parsedResult(HtmlToXmlForAmendApiIntegrationTest.groovy:29)
</failure>
  </testcase>
  <testcase name="ファイル出力を比較する: Direction{ s_InputDir: data/input/All-Format/pat-appd/99-application-a632-u_H16, s_OutputDir: data/output/html_amend/All-Format/pat-appd/99-application-a632-u_H16} null" classname="jp.go.jpo.sa1s99.common.format.integration.HtmlToXmlForAmendApiIntegrationTest" time="0.0">
    <failure message="java.lang.IllegalArgumentException: Not implemented yet" type="java.lang.IllegalArgumentException">java.lang.IllegalArgumentException: Not implemented yet
	at jp.go.jpo.sa1s99.common.format.api.XmlToHtmlForAmendApi.execute(XmlToHtmlForAmendApi.java:32)
	at jp.go.jpo.sa1s99.common.format.integration.ExecuteXmlToHtmlForAmendApiByDirection.executeApi(ExecuteXmlToHtmlForAmendApiByDirection.java:26)
	at jp.go.jpo.sa1s99.common.format.integration.ExecuteXmlToHtmlForAmendApiByDirection.executeApi(ExecuteXmlToHtmlForAmendApiByDirection.java:13)
	at jp.go.jpo.sa1s99.common.format.integration.ExecuteApiByDirection.execute(ExecuteApiByDirection.java:28)
	at jp.go.jpo.sa1s99.common.format.integration.HtmlToXmlForAmendApiIntegrationTest.ファイル出力を比較する: #direction #parsedResult(HtmlToXmlForAmendApiIntegrationTest.groovy:29)
</failure>
  </testcase>
  <testcase name="ファイル出力を比較する: Direction{ s_InputDir: data/input/All-Format/pat-atny/01-attorney-a7421-p, s_OutputDir: data/output/html_amend/All-Format/pat-atny/01-attorney-a7421-p} null" classname="jp.go.jpo.sa1s99.common.format.integration.HtmlToXmlForAmendApiIntegrationTest" time="0.0">
    <failure message="java.lang.IllegalArgumentException: Not implemented yet" type="java.lang.IllegalArgumentException">java.lang.IllegalArgumentException: Not implemented yet
	at jp.go.jpo.sa1s99.common.format.api.XmlToHtmlForAmendApi.execute(XmlToHtmlForAmendApi.java:32)
	at jp.go.jpo.sa1s99.common.format.integration.ExecuteXmlToHtmlForAmendApiByDirection.executeApi(ExecuteXmlToHtmlForAmendApiByDirection.java:26)
	at jp.go.jpo.sa1s99.common.format.integration.ExecuteXmlToHtmlForAmendApiByDirection.executeApi(ExecuteXmlToHtmlForAmendApiByDirection.java:13)
	at jp.go.jpo.sa1s99.common.format.integration.ExecuteApiByDirection.execute(ExecuteApiByDirection.java:28)
	at jp.go.jpo.sa1s99.common.format.integration.HtmlToXmlForAmendApiIntegrationTest.ファイル出力を比較する: #direction #parsedResult(HtmlToXmlForAmendApiIntegrationTest.groovy:29)
</failure>
  </testcase>
  <testcase name="ファイル出力を比較する: Direction{ s_InputDir: data/input/All-Format/pat-atny/01-attorney-a7421-p-conv-err, s_OutputDir: data/output/html_amend/All-Format/pat-atny/01-attorney-a7421-p-conv-err} null" classname="jp.go.jpo.sa1s99.common.format.integration.HtmlToXmlForAmendApiIntegrationTest" time="0.0">
    <failure message="java.lang.IllegalArgumentException: Not implemented yet" type="java.lang.IllegalArgumentException">java.lang.IllegalArgumentException: Not implemented yet
	at jp.go.jpo.sa1s99.common.format.api.XmlToHtmlForAmendApi.execute(XmlToHtmlForAmendApi.java:32)
	at jp.go.jpo.sa1s99.common.format.integration.ExecuteXmlToHtmlForAmendApiByDirection.executeApi(ExecuteXmlToHtmlForAmendApiByDirection.java:26)
	at jp.go.jpo.sa1s99.common.format.integration.ExecuteXmlToHtmlForAmendApiByDirection.executeApi(ExecuteXmlToHtmlForAmendApiByDirection.java:13)
	at jp.go.jpo.sa1s99.common.format.integration.ExecuteApiByDirection.execute(ExecuteApiByDirection.java:28)
	at jp.go.jpo.sa1s99.common.format.integration.HtmlToXmlForAmendApiIntegrationTest.ファイル出力を比較する: #direction #parsedResult(HtmlToXmlForAmendApiIntegrationTest.groovy:29)
</failure>
  </testcase>
  <testcase name="ファイル出力を比較する: Direction{ s_InputDir: data/input/All-Format/pat-atny/01-attorney-a7421-p-error-code, s_OutputDir: data/output/html_amend/All-Format/pat-atny/01-attorney-a7421-p-error-code} null" classname="jp.go.jpo.sa1s99.common.format.integration.HtmlToXmlForAmendApiIntegrationTest" time="0.015">
    <failure message="java.lang.IllegalArgumentException: Not implemented yet" type="java.lang.IllegalArgumentException">java.lang.IllegalArgumentException: Not implemented yet
	at jp.go.jpo.sa1s99.common.format.api.XmlToHtmlForAmendApi.execute(XmlToHtmlForAmendApi.java:32)
	at jp.go.jpo.sa1s99.common.format.integration.ExecuteXmlToHtmlForAmendApiByDirection.executeApi(ExecuteXmlToHtmlForAmendApiByDirection.java:26)
	at jp.go.jpo.sa1s99.common.format.integration.ExecuteXmlToHtmlForAmendApiByDirection.executeApi(ExecuteXmlToHtmlForAmendApiByDirection.java:13)
	at jp.go.jpo.sa1s99.common.format.integration.ExecuteApiByDirection.execute(ExecuteApiByDirection.java:28)
	at jp.go.jpo.sa1s99.common.format.integration.HtmlToXmlForAmendApiIntegrationTest.ファイル出力を比較する: #direction #parsedResult(HtmlToXmlForAmendApiIntegrationTest.groovy:29)
</failure>
  </testcase>
  <testcase name="ファイル出力を比較する: Direction{ s_InputDir: data/input/All-Format/pat-atny/01-attorney-a7421-p-null, s_OutputDir: data/output/html_amend/All-Format/pat-atny/01-attorney-a7421-p-null} null" classname="jp.go.jpo.sa1s99.common.format.integration.HtmlToXmlForAmendApiIntegrationTest" time="0.0">
    <failure message="java.lang.IllegalArgumentException: Not implemented yet" type="java.lang.IllegalArgumentException">java.lang.IllegalArgumentException: Not implemented yet
	at jp.go.jpo.sa1s99.common.format.api.XmlToHtmlForAmendApi.execute(XmlToHtmlForAmendApi.java:32)
	at jp.go.jpo.sa1s99.common.format.integration.ExecuteXmlToHtmlForAmendApiByDirection.executeApi(ExecuteXmlToHtmlForAmendApiByDirection.java:26)
	at jp.go.jpo.sa1s99.common.format.integration.ExecuteXmlToHtmlForAmendApiByDirection.executeApi(ExecuteXmlToHtmlForAmendApiByDirection.java:13)
	at jp.go.jpo.sa1s99.common.format.integration.ExecuteApiByDirection.execute(ExecuteApiByDirection.java:28)
	at jp.go.jpo.sa1s99.common.format.integration.HtmlToXmlForAmendApiIntegrationTest.ファイル出力を比較する: #direction #parsedResult(HtmlToXmlForAmendApiIntegrationTest.groovy:29)
</failure>
  </testcase>
  <testcase name="ファイル出力を比較する: Direction{ s_InputDir: data/input/All-Format/pat-atny/01-attorney-a7421-u, s_OutputDir: data/output/html_amend/All-Format/pat-atny/01-attorney-a7421-u} null" classname="jp.go.jpo.sa1s99.common.format.integration.HtmlToXmlForAmendApiIntegrationTest" time="0.02">
    <failure message="java.lang.IllegalArgumentException: Not implemented yet" type="java.lang.IllegalArgumentException">java.lang.IllegalArgumentException: Not implemented yet
	at jp.go.jpo.sa1s99.common.format.api.XmlToHtmlForAmendApi.execute(XmlToHtmlForAmendApi.java:32)
	at jp.go.jpo.sa1s99.common.format.integration.ExecuteXmlToHtmlForAmendApiByDirection.executeApi(ExecuteXmlToHtmlForAmendApiByDirection.java:26)
	at jp.go.jpo.sa1s99.common.format.integration.ExecuteXmlToHtmlForAmendApiByDirection.executeApi(ExecuteXmlToHtmlForAmendApiByDirection.java:13)
	at jp.go.jpo.sa1s99.common.format.integration.ExecuteApiByDirection.execute(ExecuteApiByDirection.java:28)
	at jp.go.jpo.sa1s99.common.format.integration.HtmlToXmlForAmendApiIntegrationTest.ファイル出力を比較する: #direction #parsedResult(HtmlToXmlForAmendApiIntegrationTest.groovy:29)
</failure>
  </testcase>
  <testcase name="ファイル出力を比較する: Direction{ s_InputDir: data/input/All-Format/pat-atny/02-attorney-a7422-p, s_OutputDir: data/output/html_amend/All-Format/pat-atny/02-attorney-a7422-p} null" classname="jp.go.jpo.sa1s99.common.format.integration.HtmlToXmlForAmendApiIntegrationTest" time="0.002">
    <failure message="java.lang.IllegalArgumentException: Not implemented yet" type="java.lang.IllegalArgumentException">java.lang.IllegalArgumentException: Not implemented yet
	at jp.go.jpo.sa1s99.common.format.api.XmlToHtmlForAmendApi.execute(XmlToHtmlForAmendApi.java:32)
	at jp.go.jpo.sa1s99.common.format.integration.ExecuteXmlToHtmlForAmendApiByDirection.executeApi(ExecuteXmlToHtmlForAmendApiByDirection.java:26)
	at jp.go.jpo.sa1s99.common.format.integration.ExecuteXmlToHtmlForAmendApiByDirection.executeApi(ExecuteXmlToHtmlForAmendApiByDirection.java:13)
	at jp.go.jpo.sa1s99.common.format.integration.ExecuteApiByDirection.execute(ExecuteApiByDirection.java:28)
	at jp.go.jpo.sa1s99.common.format.integration.HtmlToXmlForAmendApiIntegrationTest.ファイル出力を比較する: #direction #parsedResult(HtmlToXmlForAmendApiIntegrationTest.groovy:29)
</failure>
  </testcase>
  <testcase name="ファイル出力を比較する: Direction{ s_InputDir: data/input/All-Format/pat-atny/02-attorney-a7422-u, s_OutputDir: data/output/html_amend/All-Format/pat-atny/02-attorney-a7422-u} null" classname="jp.go.jpo.sa1s99.common.format.integration.HtmlToXmlForAmendApiIntegrationTest" time="0.0">
    <failure message="java.lang.IllegalArgumentException: Not implemented yet" type="java.lang.IllegalArgumentException">java.lang.IllegalArgumentException: Not implemented yet
	at jp.go.jpo.sa1s99.common.format.api.XmlToHtmlForAmendApi.execute(XmlToHtmlForAmendApi.java:32)
	at jp.go.jpo.sa1s99.common.format.integration.ExecuteXmlToHtmlForAmendApiByDirection.executeApi(ExecuteXmlToHtmlForAmendApiByDirection.java:26)
	at jp.go.jpo.sa1s99.common.format.integration.ExecuteXmlToHtmlForAmendApiByDirection.executeApi(ExecuteXmlToHtmlForAmendApiByDirection.java:13)
	at jp.go.jpo.sa1s99.common.format.integration.ExecuteApiByDirection.execute(ExecuteApiByDirection.java:28)
	at jp.go.jpo.sa1s99.common.format.integration.HtmlToXmlForAmendApiIntegrationTest.ファイル出力を比較する: #direction #parsedResult(HtmlToXmlForAmendApiIntegrationTest.groovy:29)
</failure>
  </testcase>
  <testcase name="ファイル出力を比較する: Direction{ s_InputDir: data/input/All-Format/pat-atny/03-attorney-a7423-p, s_OutputDir: data/output/html_amend/All-Format/pat-atny/03-attorney-a7423-p} null" classname="jp.go.jpo.sa1s99.common.format.integration.HtmlToXmlForAmendApiIntegrationTest" time="0.016">
    <failure message="java.lang.IllegalArgumentException: Not implemented yet" type="java.lang.IllegalArgumentException">java.lang.IllegalArgumentException: Not implemented yet
	at jp.go.jpo.sa1s99.common.format.api.XmlToHtmlForAmendApi.execute(XmlToHtmlForAmendApi.java:32)
	at jp.go.jpo.sa1s99.common.format.integration.ExecuteXmlToHtmlForAmendApiByDirection.executeApi(ExecuteXmlToHtmlForAmendApiByDirection.java:26)
	at jp.go.jpo.sa1s99.common.format.integration.ExecuteXmlToHtmlForAmendApiByDirection.executeApi(ExecuteXmlToHtmlForAmendApiByDirection.java:13)
	at jp.go.jpo.sa1s99.common.format.integration.ExecuteApiByDirection.execute(ExecuteApiByDirection.java:28)
	at jp.go.jpo.sa1s99.common.format.integration.HtmlToXmlForAmendApiIntegrationTest.ファイル出力を比較する: #direction #parsedResult(HtmlToXmlForAmendApiIntegrationTest.groovy:29)
</failure>
  </testcase>
  <testcase name="ファイル出力を比較する: Direction{ s_InputDir: data/input/All-Format/pat-atny/03-attorney-a7423-u, s_OutputDir: data/output/html_amend/All-Format/pat-atny/03-attorney-a7423-u} null" classname="jp.go.jpo.sa1s99.common.format.integration.HtmlToXmlForAmendApiIntegrationTest" time="0.0">
    <failure message="java.lang.IllegalArgumentException: Not implemented yet" type="java.lang.IllegalArgumentException">java.lang.IllegalArgumentException: Not implemented yet
	at jp.go.jpo.sa1s99.common.format.api.XmlToHtmlForAmendApi.execute(XmlToHtmlForAmendApi.java:32)
	at jp.go.jpo.sa1s99.common.format.integration.ExecuteXmlToHtmlForAmendApiByDirection.executeApi(ExecuteXmlToHtmlForAmendApiByDirection.java:26)
	at jp.go.jpo.sa1s99.common.format.integration.ExecuteXmlToHtmlForAmendApiByDirection.executeApi(ExecuteXmlToHtmlForAmendApiByDirection.java:13)
	at jp.go.jpo.sa1s99.common.format.integration.ExecuteApiByDirection.execute(ExecuteApiByDirection.java:28)
	at jp.go.jpo.sa1s99.common.format.integration.HtmlToXmlForAmendApiIntegrationTest.ファイル出力を比較する: #direction #parsedResult(HtmlToXmlForAmendApiIntegrationTest.groovy:29)
</failure>
  </testcase>
  <testcase name="ファイル出力を比較する: Direction{ s_InputDir: data/input/All-Format/pat-atny/04-attorney-a7424-p, s_OutputDir: data/output/html_amend/All-Format/pat-atny/04-attorney-a7424-p} null" classname="jp.go.jpo.sa1s99.common.format.integration.HtmlToXmlForAmendApiIntegrationTest" time="0.0">
    <failure message="java.lang.IllegalArgumentException: Not implemented yet" type="java.lang.IllegalArgumentException">java.lang.IllegalArgumentException: Not implemented yet
	at jp.go.jpo.sa1s99.common.format.api.XmlToHtmlForAmendApi.execute(XmlToHtmlForAmendApi.java:32)
	at jp.go.jpo.sa1s99.common.format.integration.ExecuteXmlToHtmlForAmendApiByDirection.executeApi(ExecuteXmlToHtmlForAmendApiByDirection.java:26)
	at jp.go.jpo.sa1s99.common.format.integration.ExecuteXmlToHtmlForAmendApiByDirection.executeApi(ExecuteXmlToHtmlForAmendApiByDirection.java:13)
	at jp.go.jpo.sa1s99.common.format.integration.ExecuteApiByDirection.execute(ExecuteApiByDirection.java:28)
	at jp.go.jpo.sa1s99.common.format.integration.HtmlToXmlForAmendApiIntegrationTest.ファイル出力を比較する: #direction #parsedResult(HtmlToXmlForAmendApiIntegrationTest.groovy:29)
</failure>
  </testcase>
  <testcase name="ファイル出力を比較する: Direction{ s_InputDir: data/input/All-Format/pat-atny/04-attorney-a7424-u, s_OutputDir: data/output/html_amend/All-Format/pat-atny/04-attorney-a7424-u} null" classname="jp.go.jpo.sa1s99.common.format.integration.HtmlToXmlForAmendApiIntegrationTest" time="0.015">
    <failure message="java.lang.IllegalArgumentException: Not implemented yet" type="java.lang.IllegalArgumentException">java.lang.IllegalArgumentException: Not implemented yet
	at jp.go.jpo.sa1s99.common.format.api.XmlToHtmlForAmendApi.execute(XmlToHtmlForAmendApi.java:32)
	at jp.go.jpo.sa1s99.common.format.integration.ExecuteXmlToHtmlForAmendApiByDirection.executeApi(ExecuteXmlToHtmlForAmendApiByDirection.java:26)
	at jp.go.jpo.sa1s99.common.format.integration.ExecuteXmlToHtmlForAmendApiByDirection.executeApi(ExecuteXmlToHtmlForAmendApiByDirection.java:13)
	at jp.go.jpo.sa1s99.common.format.integration.ExecuteApiByDirection.execute(ExecuteApiByDirection.java:28)
	at jp.go.jpo.sa1s99.common.format.integration.HtmlToXmlForAmendApiIntegrationTest.ファイル出力を比較する: #direction #parsedResult(HtmlToXmlForAmendApiIntegrationTest.groovy:29)
</failure>
  </testcase>
  <testcase name="ファイル出力を比較する: Direction{ s_InputDir: data/input/All-Format/pat-atny/05-attorney-a7425-p, s_OutputDir: data/output/html_amend/All-Format/pat-atny/05-attorney-a7425-p} null" classname="jp.go.jpo.sa1s99.common.format.integration.HtmlToXmlForAmendApiIntegrationTest" time="0.0">
    <failure message="java.lang.IllegalArgumentException: Not implemented yet" type="java.lang.IllegalArgumentException">java.lang.IllegalArgumentException: Not implemented yet
	at jp.go.jpo.sa1s99.common.format.api.XmlToHtmlForAmendApi.execute(XmlToHtmlForAmendApi.java:32)
	at jp.go.jpo.sa1s99.common.format.integration.ExecuteXmlToHtmlForAmendApiByDirection.executeApi(ExecuteXmlToHtmlForAmendApiByDirection.java:26)
	at jp.go.jpo.sa1s99.common.format.integration.ExecuteXmlToHtmlForAmendApiByDirection.executeApi(ExecuteXmlToHtmlForAmendApiByDirection.java:13)
	at jp.go.jpo.sa1s99.common.format.integration.ExecuteApiByDirection.execute(ExecuteApiByDirection.java:28)
	at jp.go.jpo.sa1s99.common.format.integration.HtmlToXmlForAmendApiIntegrationTest.ファイル出力を比較する: #direction #parsedResult(HtmlToXmlForAmendApiIntegrationTest.groovy:29)
</failure>
  </testcase>
  <testcase name="ファイル出力を比較する: Direction{ s_InputDir: data/input/All-Format/pat-atny/05-attorney-a7425-u, s_OutputDir: data/output/html_amend/All-Format/pat-atny/05-attorney-a7425-u} null" classname="jp.go.jpo.sa1s99.common.format.integration.HtmlToXmlForAmendApiIntegrationTest" time="0.016">
    <failure message="java.lang.IllegalArgumentException: Not implemented yet" type="java.lang.IllegalArgumentException">java.lang.IllegalArgumentException: Not implemented yet
	at jp.go.jpo.sa1s99.common.format.api.XmlToHtmlForAmendApi.execute(XmlToHtmlForAmendApi.java:32)
	at jp.go.jpo.sa1s99.common.format.integration.ExecuteXmlToHtmlForAmendApiByDirection.executeApi(ExecuteXmlToHtmlForAmendApiByDirection.java:26)
	at jp.go.jpo.sa1s99.common.format.integration.ExecuteXmlToHtmlForAmendApiByDirection.executeApi(ExecuteXmlToHtmlForAmendApiByDirection.java:13)
	at jp.go.jpo.sa1s99.common.format.integration.ExecuteApiByDirection.execute(ExecuteApiByDirection.java:28)
	at jp.go.jpo.sa1s99.common.format.integration.HtmlToXmlForAmendApiIntegrationTest.ファイル出力を比較する: #direction #parsedResult(HtmlToXmlForAmendApiIntegrationTest.groovy:29)
</failure>
  </testcase>
  <testcase name="ファイル出力を比較する: Direction{ s_InputDir: data/input/All-Format/pat-atny/06-attorney-a7426-p, s_OutputDir: data/output/html_amend/All-Format/pat-atny/06-attorney-a7426-p} null" classname="jp.go.jpo.sa1s99.common.format.integration.HtmlToXmlForAmendApiIntegrationTest" time="0.0">
    <failure message="java.lang.IllegalArgumentException: Not implemented yet" type="java.lang.IllegalArgumentException">java.lang.IllegalArgumentException: Not implemented yet
	at jp.go.jpo.sa1s99.common.format.api.XmlToHtmlForAmendApi.execute(XmlToHtmlForAmendApi.java:32)
	at jp.go.jpo.sa1s99.common.format.integration.ExecuteXmlToHtmlForAmendApiByDirection.executeApi(ExecuteXmlToHtmlForAmendApiByDirection.java:26)
	at jp.go.jpo.sa1s99.common.format.integration.ExecuteXmlToHtmlForAmendApiByDirection.executeApi(ExecuteXmlToHtmlForAmendApiByDirection.java:13)
	at jp.go.jpo.sa1s99.common.format.integration.ExecuteApiByDirection.execute(ExecuteApiByDirection.java:28)
	at jp.go.jpo.sa1s99.common.format.integration.HtmlToXmlForAmendApiIntegrationTest.ファイル出力を比較する: #direction #parsedResult(HtmlToXmlForAmendApiIntegrationTest.groovy:29)
</failure>
  </testcase>
  <testcase name="ファイル出力を比較する: Direction{ s_InputDir: data/input/All-Format/pat-atny/06-attorney-a7426-u, s_OutputDir: data/output/html_amend/All-Format/pat-atny/06-attorney-a7426-u} null" classname="jp.go.jpo.sa1s99.common.format.integration.HtmlToXmlForAmendApiIntegrationTest" time="0.0">
    <failure message="java.lang.IllegalArgumentException: Not implemented yet" type="java.lang.IllegalArgumentException">java.lang.IllegalArgumentException: Not implemented yet
	at jp.go.jpo.sa1s99.common.format.api.XmlToHtmlForAmendApi.execute(XmlToHtmlForAmendApi.java:32)
	at jp.go.jpo.sa1s99.common.format.integration.ExecuteXmlToHtmlForAmendApiByDirection.executeApi(ExecuteXmlToHtmlForAmendApiByDirection.java:26)
	at jp.go.jpo.sa1s99.common.format.integration.ExecuteXmlToHtmlForAmendApiByDirection.executeApi(ExecuteXmlToHtmlForAmendApiByDirection.java:13)
	at jp.go.jpo.sa1s99.common.format.integration.ExecuteApiByDirection.execute(ExecuteApiByDirection.java:28)
	at jp.go.jpo.sa1s99.common.format.integration.HtmlToXmlForAmendApiIntegrationTest.ファイル出力を比較する: #direction #parsedResult(HtmlToXmlForAmendApiIntegrationTest.groovy:29)
</failure>
  </testcase>
  <testcase name="ファイル出力を比較する: Direction{ s_InputDir: data/input/All-Format/pat-atny/07-attorney-a7427-p, s_OutputDir: data/output/html_amend/All-Format/pat-atny/07-attorney-a7427-p} null" classname="jp.go.jpo.sa1s99.common.format.integration.HtmlToXmlForAmendApiIntegrationTest" time="0.0">
    <failure message="java.lang.IllegalArgumentException: Not implemented yet" type="java.lang.IllegalArgumentException">java.lang.IllegalArgumentException: Not implemented yet
	at jp.go.jpo.sa1s99.common.format.api.XmlToHtmlForAmendApi.execute(XmlToHtmlForAmendApi.java:32)
	at jp.go.jpo.sa1s99.common.format.integration.ExecuteXmlToHtmlForAmendApiByDirection.executeApi(ExecuteXmlToHtmlForAmendApiByDirection.java:26)
	at jp.go.jpo.sa1s99.common.format.integration.ExecuteXmlToHtmlForAmendApiByDirection.executeApi(ExecuteXmlToHtmlForAmendApiByDirection.java:13)
	at jp.go.jpo.sa1s99.common.format.integration.ExecuteApiByDirection.execute(ExecuteApiByDirection.java:28)
	at jp.go.jpo.sa1s99.common.format.integration.HtmlToXmlForAmendApiIntegrationTest.ファイル出力を比較する: #direction #parsedResult(HtmlToXmlForAmendApiIntegrationTest.groovy:29)
</failure>
  </testcase>
  <testcase name="ファイル出力を比較する: Direction{ s_InputDir: data/input/All-Format/pat-atny/07-attorney-a7427-u, s_OutputDir: data/output/html_amend/All-Format/pat-atny/07-attorney-a7427-u} null" classname="jp.go.jpo.sa1s99.common.format.integration.HtmlToXmlForAmendApiIntegrationTest" time="0.015">
    <failure message="java.lang.IllegalArgumentException: Not implemented yet" type="java.lang.IllegalArgumentException">java.lang.IllegalArgumentException: Not implemented yet
	at jp.go.jpo.sa1s99.common.format.api.XmlToHtmlForAmendApi.execute(XmlToHtmlForAmendApi.java:32)
	at jp.go.jpo.sa1s99.common.format.integration.ExecuteXmlToHtmlForAmendApiByDirection.executeApi(ExecuteXmlToHtmlForAmendApiByDirection.java:26)
	at jp.go.jpo.sa1s99.common.format.integration.ExecuteXmlToHtmlForAmendApiByDirection.executeApi(ExecuteXmlToHtmlForAmendApiByDirection.java:13)
	at jp.go.jpo.sa1s99.common.format.integration.ExecuteApiByDirection.execute(ExecuteApiByDirection.java:28)
	at jp.go.jpo.sa1s99.common.format.integration.HtmlToXmlForAmendApiIntegrationTest.ファイル出力を比較する: #direction #parsedResult(HtmlToXmlForAmendApiIntegrationTest.groovy:29)
</failure>
  </testcase>
  <testcase name="ファイル出力を比較する: Direction{ s_InputDir: data/input/All-Format/pat-atny/08-attorney-a7428-p, s_OutputDir: data/output/html_amend/All-Format/pat-atny/08-attorney-a7428-p} null" classname="jp.go.jpo.sa1s99.common.format.integration.HtmlToXmlForAmendApiIntegrationTest" time="0.0">
    <failure message="java.lang.IllegalArgumentException: Not implemented yet" type="java.lang.IllegalArgumentException">java.lang.IllegalArgumentException: Not implemented yet
	at jp.go.jpo.sa1s99.common.format.api.XmlToHtmlForAmendApi.execute(XmlToHtmlForAmendApi.java:32)
	at jp.go.jpo.sa1s99.common.format.integration.ExecuteXmlToHtmlForAmendApiByDirection.executeApi(ExecuteXmlToHtmlForAmendApiByDirection.java:26)
	at jp.go.jpo.sa1s99.common.format.integration.ExecuteXmlToHtmlForAmendApiByDirection.executeApi(ExecuteXmlToHtmlForAmendApiByDirection.java:13)
	at jp.go.jpo.sa1s99.common.format.integration.ExecuteApiByDirection.execute(ExecuteApiByDirection.java:28)
	at jp.go.jpo.sa1s99.common.format.integration.HtmlToXmlForAmendApiIntegrationTest.ファイル出力を比較する: #direction #parsedResult(HtmlToXmlForAmendApiIntegrationTest.groovy:29)
</failure>
  </testcase>
  <testcase name="ファイル出力を比較する: Direction{ s_InputDir: data/input/All-Format/pat-atny/08-attorney-a7428-u, s_OutputDir: data/output/html_amend/All-Format/pat-atny/08-attorney-a7428-u} null" classname="jp.go.jpo.sa1s99.common.format.integration.HtmlToXmlForAmendApiIntegrationTest" time="0.016">
    <failure message="java.lang.IllegalArgumentException: Not implemented yet" type="java.lang.IllegalArgumentException">java.lang.IllegalArgumentException: Not implemented yet
	at jp.go.jpo.sa1s99.common.format.api.XmlToHtmlForAmendApi.execute(XmlToHtmlForAmendApi.java:32)
	at jp.go.jpo.sa1s99.common.format.integration.ExecuteXmlToHtmlForAmendApiByDirection.executeApi(ExecuteXmlToHtmlForAmendApiByDirection.java:26)
	at jp.go.jpo.sa1s99.common.format.integration.ExecuteXmlToHtmlForAmendApiByDirection.executeApi(ExecuteXmlToHtmlForAmendApiByDirection.java:13)
	at jp.go.jpo.sa1s99.common.format.integration.ExecuteApiByDirection.execute(ExecuteApiByDirection.java:28)
	at jp.go.jpo.sa1s99.common.format.integration.HtmlToXmlForAmendApiIntegrationTest.ファイル出力を比較する: #direction #parsedResult(HtmlToXmlForAmendApiIntegrationTest.groovy:29)
</failure>
  </testcase>
  <testcase name="ファイル出力を比較する: Direction{ s_InputDir: data/input/All-Format/pat-atny/09-attorney-a7431-p, s_OutputDir: data/output/html_amend/All-Format/pat-atny/09-attorney-a7431-p} null" classname="jp.go.jpo.sa1s99.common.format.integration.HtmlToXmlForAmendApiIntegrationTest" time="0.0">
    <failure message="java.lang.IllegalArgumentException: Not implemented yet" type="java.lang.IllegalArgumentException">java.lang.IllegalArgumentException: Not implemented yet
	at jp.go.jpo.sa1s99.common.format.api.XmlToHtmlForAmendApi.execute(XmlToHtmlForAmendApi.java:32)
	at jp.go.jpo.sa1s99.common.format.integration.ExecuteXmlToHtmlForAmendApiByDirection.executeApi(ExecuteXmlToHtmlForAmendApiByDirection.java:26)
	at jp.go.jpo.sa1s99.common.format.integration.ExecuteXmlToHtmlForAmendApiByDirection.executeApi(ExecuteXmlToHtmlForAmendApiByDirection.java:13)
	at jp.go.jpo.sa1s99.common.format.integration.ExecuteApiByDirection.execute(ExecuteApiByDirection.java:28)
	at jp.go.jpo.sa1s99.common.format.integration.HtmlToXmlForAmendApiIntegrationTest.ファイル出力を比較する: #direction #parsedResult(HtmlToXmlForAmendApiIntegrationTest.groovy:29)
</failure>
  </testcase>
  <testcase name="ファイル出力を比較する: Direction{ s_InputDir: data/input/All-Format/pat-atny/09-attorney-a7431-u, s_OutputDir: data/output/html_amend/All-Format/pat-atny/09-attorney-a7431-u} null" classname="jp.go.jpo.sa1s99.common.format.integration.HtmlToXmlForAmendApiIntegrationTest" time="0.0">
    <failure message="java.lang.IllegalArgumentException: Not implemented yet" type="java.lang.IllegalArgumentException">java.lang.IllegalArgumentException: Not implemented yet
	at jp.go.jpo.sa1s99.common.format.api.XmlToHtmlForAmendApi.execute(XmlToHtmlForAmendApi.java:32)
	at jp.go.jpo.sa1s99.common.format.integration.ExecuteXmlToHtmlForAmendApiByDirection.executeApi(ExecuteXmlToHtmlForAmendApiByDirection.java:26)
	at jp.go.jpo.sa1s99.common.format.integration.ExecuteXmlToHtmlForAmendApiByDirection.executeApi(ExecuteXmlToHtmlForAmendApiByDirection.java:13)
	at jp.go.jpo.sa1s99.common.format.integration.ExecuteApiByDirection.execute(ExecuteApiByDirection.java:28)
	at jp.go.jpo.sa1s99.common.format.integration.HtmlToXmlForAmendApiIntegrationTest.ファイル出力を比較する: #direction #parsedResult(HtmlToXmlForAmendApiIntegrationTest.groovy:29)
</failure>
  </testcase>
  <testcase name="ファイル出力を比較する: Direction{ s_InputDir: data/input/All-Format/pat-atny/10-attorney-a7432-p, s_OutputDir: data/output/html_amend/All-Format/pat-atny/10-attorney-a7432-p} null" classname="jp.go.jpo.sa1s99.common.format.integration.HtmlToXmlForAmendApiIntegrationTest" time="0.0">
    <failure message="java.lang.IllegalArgumentException: Not implemented yet" type="java.lang.IllegalArgumentException">java.lang.IllegalArgumentException: Not implemented yet
	at jp.go.jpo.sa1s99.common.format.api.XmlToHtmlForAmendApi.execute(XmlToHtmlForAmendApi.java:32)
	at jp.go.jpo.sa1s99.common.format.integration.ExecuteXmlToHtmlForAmendApiByDirection.executeApi(ExecuteXmlToHtmlForAmendApiByDirection.java:26)
	at jp.go.jpo.sa1s99.common.format.integration.ExecuteXmlToHtmlForAmendApiByDirection.executeApi(ExecuteXmlToHtmlForAmendApiByDirection.java:13)
	at jp.go.jpo.sa1s99.common.format.integration.ExecuteApiByDirection.execute(ExecuteApiByDirection.java:28)
	at jp.go.jpo.sa1s99.common.format.integration.HtmlToXmlForAmendApiIntegrationTest.ファイル出力を比較する: #direction #parsedResult(HtmlToXmlForAmendApiIntegrationTest.groovy:29)
</failure>
  </testcase>
  <testcase name="ファイル出力を比較する: Direction{ s_InputDir: data/input/All-Format/pat-atny/10-attorney-a7432-u, s_OutputDir: data/output/html_amend/All-Format/pat-atny/10-attorney-a7432-u} null" classname="jp.go.jpo.sa1s99.common.format.integration.HtmlToXmlForAmendApiIntegrationTest" time="0.02">
    <failure message="java.lang.IllegalArgumentException: Not implemented yet" type="java.lang.IllegalArgumentException">java.lang.IllegalArgumentException: Not implemented yet
	at jp.go.jpo.sa1s99.common.format.api.XmlToHtmlForAmendApi.execute(XmlToHtmlForAmendApi.java:32)
	at jp.go.jpo.sa1s99.common.format.integration.ExecuteXmlToHtmlForAmendApiByDirection.executeApi(ExecuteXmlToHtmlForAmendApiByDirection.java:26)
	at jp.go.jpo.sa1s99.common.format.integration.ExecuteXmlToHtmlForAmendApiByDirection.executeApi(ExecuteXmlToHtmlForAmendApiByDirection.java:13)
	at jp.go.jpo.sa1s99.common.format.integration.ExecuteApiByDirection.execute(ExecuteApiByDirection.java:28)
	at jp.go.jpo.sa1s99.common.format.integration.HtmlToXmlForAmendApiIntegrationTest.ファイル出力を比較する: #direction #parsedResult(HtmlToXmlForAmendApiIntegrationTest.groovy:29)
</failure>
  </testcase>
  <testcase name="ファイル出力を比較する: Direction{ s_InputDir: data/input/All-Format/pat-atny/11-attorney-a7433-p, s_OutputDir: data/output/html_amend/All-Format/pat-atny/11-attorney-a7433-p} null" classname="jp.go.jpo.sa1s99.common.format.integration.HtmlToXmlForAmendApiIntegrationTest" time="0.003">
    <failure message="java.lang.IllegalArgumentException: Not implemented yet" type="java.lang.IllegalArgumentException">java.lang.IllegalArgumentException: Not implemented yet
	at jp.go.jpo.sa1s99.common.format.api.XmlToHtmlForAmendApi.execute(XmlToHtmlForAmendApi.java:32)
	at jp.go.jpo.sa1s99.common.format.integration.ExecuteXmlToHtmlForAmendApiByDirection.executeApi(ExecuteXmlToHtmlForAmendApiByDirection.java:26)
	at jp.go.jpo.sa1s99.common.format.integration.ExecuteXmlToHtmlForAmendApiByDirection.executeApi(ExecuteXmlToHtmlForAmendApiByDirection.java:13)
	at jp.go.jpo.sa1s99.common.format.integration.ExecuteApiByDirection.execute(ExecuteApiByDirection.java:28)
	at jp.go.jpo.sa1s99.common.format.integration.HtmlToXmlForAmendApiIntegrationTest.ファイル出力を比較する: #direction #parsedResult(HtmlToXmlForAmendApiIntegrationTest.groovy:29)
</failure>
  </testcase>
  <testcase name="ファイル出力を比較する: Direction{ s_InputDir: data/input/All-Format/pat-atny/11-attorney-a7433-u, s_OutputDir: data/output/html_amend/All-Format/pat-atny/11-attorney-a7433-u} null" classname="jp.go.jpo.sa1s99.common.format.integration.HtmlToXmlForAmendApiIntegrationTest" time="0.0">
    <failure message="java.lang.IllegalArgumentException: Not implemented yet" type="java.lang.IllegalArgumentException">java.lang.IllegalArgumentException: Not implemented yet
	at jp.go.jpo.sa1s99.common.format.api.XmlToHtmlForAmendApi.execute(XmlToHtmlForAmendApi.java:32)
	at jp.go.jpo.sa1s99.common.format.integration.ExecuteXmlToHtmlForAmendApiByDirection.executeApi(ExecuteXmlToHtmlForAmendApiByDirection.java:26)
	at jp.go.jpo.sa1s99.common.format.integration.ExecuteXmlToHtmlForAmendApiByDirection.executeApi(ExecuteXmlToHtmlForAmendApiByDirection.java:13)
	at jp.go.jpo.sa1s99.common.format.integration.ExecuteApiByDirection.execute(ExecuteApiByDirection.java:28)
	at jp.go.jpo.sa1s99.common.format.integration.HtmlToXmlForAmendApiIntegrationTest.ファイル出力を比較する: #direction #parsedResult(HtmlToXmlForAmendApiIntegrationTest.groovy:29)
</failure>
  </testcase>
  <testcase name="ファイル出力を比較する: Direction{ s_InputDir: data/input/All-Format/pat-atny/12-attorney-a7434-p, s_OutputDir: data/output/html_amend/All-Format/pat-atny/12-attorney-a7434-p} null" classname="jp.go.jpo.sa1s99.common.format.integration.HtmlToXmlForAmendApiIntegrationTest" time="0.0">
    <failure message="java.lang.IllegalArgumentException: Not implemented yet" type="java.lang.IllegalArgumentException">java.lang.IllegalArgumentException: Not implemented yet
	at jp.go.jpo.sa1s99.common.format.api.XmlToHtmlForAmendApi.execute(XmlToHtmlForAmendApi.java:32)
	at jp.go.jpo.sa1s99.common.format.integration.ExecuteXmlToHtmlForAmendApiByDirection.executeApi(ExecuteXmlToHtmlForAmendApiByDirection.java:26)
	at jp.go.jpo.sa1s99.common.format.integration.ExecuteXmlToHtmlForAmendApiByDirection.executeApi(ExecuteXmlToHtmlForAmendApiByDirection.java:13)
	at jp.go.jpo.sa1s99.common.format.integration.ExecuteApiByDirection.execute(ExecuteApiByDirection.java:28)
	at jp.go.jpo.sa1s99.common.format.integration.HtmlToXmlForAmendApiIntegrationTest.ファイル出力を比較する: #direction #parsedResult(HtmlToXmlForAmendApiIntegrationTest.groovy:29)
</failure>
  </testcase>
  <testcase name="ファイル出力を比較する: Direction{ s_InputDir: data/input/All-Format/pat-atny/12-attorney-a7434-u, s_OutputDir: data/output/html_amend/All-Format/pat-atny/12-attorney-a7434-u} null" classname="jp.go.jpo.sa1s99.common.format.integration.HtmlToXmlForAmendApiIntegrationTest" time="0.0">
    <failure message="java.lang.IllegalArgumentException: Not implemented yet" type="java.lang.IllegalArgumentException">java.lang.IllegalArgumentException: Not implemented yet
	at jp.go.jpo.sa1s99.common.format.api.XmlToHtmlForAmendApi.execute(XmlToHtmlForAmendApi.java:32)
	at jp.go.jpo.sa1s99.common.format.integration.ExecuteXmlToHtmlForAmendApiByDirection.executeApi(ExecuteXmlToHtmlForAmendApiByDirection.java:26)
	at jp.go.jpo.sa1s99.common.format.integration.ExecuteXmlToHtmlForAmendApiByDirection.executeApi(ExecuteXmlToHtmlForAmendApiByDirection.java:13)
	at jp.go.jpo.sa1s99.common.format.integration.ExecuteApiByDirection.execute(ExecuteApiByDirection.java:28)
	at jp.go.jpo.sa1s99.common.format.integration.HtmlToXmlForAmendApiIntegrationTest.ファイル出力を比較する: #direction #parsedResult(HtmlToXmlForAmendApiIntegrationTest.groovy:29)
</failure>
  </testcase>
  <testcase name="ファイル出力を比較する: Direction{ s_InputDir: data/input/All-Format/pat-atny/13-attorney-a7435-p, s_OutputDir: data/output/html_amend/All-Format/pat-atny/13-attorney-a7435-p} null" classname="jp.go.jpo.sa1s99.common.format.integration.HtmlToXmlForAmendApiIntegrationTest" time="0.015">
    <failure message="java.lang.IllegalArgumentException: Not implemented yet" type="java.lang.IllegalArgumentException">java.lang.IllegalArgumentException: Not implemented yet
	at jp.go.jpo.sa1s99.common.format.api.XmlToHtmlForAmendApi.execute(XmlToHtmlForAmendApi.java:32)
	at jp.go.jpo.sa1s99.common.format.integration.ExecuteXmlToHtmlForAmendApiByDirection.executeApi(ExecuteXmlToHtmlForAmendApiByDirection.java:26)
	at jp.go.jpo.sa1s99.common.format.integration.ExecuteXmlToHtmlForAmendApiByDirection.executeApi(ExecuteXmlToHtmlForAmendApiByDirection.java:13)
	at jp.go.jpo.sa1s99.common.format.integration.ExecuteApiByDirection.execute(ExecuteApiByDirection.java:28)
	at jp.go.jpo.sa1s99.common.format.integration.HtmlToXmlForAmendApiIntegrationTest.ファイル出力を比較する: #direction #parsedResult(HtmlToXmlForAmendApiIntegrationTest.groovy:29)
</failure>
  </testcase>
  <testcase name="ファイル出力を比較する: Direction{ s_InputDir: data/input/All-Format/pat-atny/13-attorney-a7435-u, s_OutputDir: data/output/html_amend/All-Format/pat-atny/13-attorney-a7435-u} null" classname="jp.go.jpo.sa1s99.common.format.integration.HtmlToXmlForAmendApiIntegrationTest" time="0.0">
    <failure message="java.lang.IllegalArgumentException: Not implemented yet" type="java.lang.IllegalArgumentException">java.lang.IllegalArgumentException: Not implemented yet
	at jp.go.jpo.sa1s99.common.format.api.XmlToHtmlForAmendApi.execute(XmlToHtmlForAmendApi.java:32)
	at jp.go.jpo.sa1s99.common.format.integration.ExecuteXmlToHtmlForAmendApiByDirection.executeApi(ExecuteXmlToHtmlForAmendApiByDirection.java:26)
	at jp.go.jpo.sa1s99.common.format.integration.ExecuteXmlToHtmlForAmendApiByDirection.executeApi(ExecuteXmlToHtmlForAmendApiByDirection.java:13)
	at jp.go.jpo.sa1s99.common.format.integration.ExecuteApiByDirection.execute(ExecuteApiByDirection.java:28)
	at jp.go.jpo.sa1s99.common.format.integration.HtmlToXmlForAmendApiIntegrationTest.ファイル出力を比較する: #direction #parsedResult(HtmlToXmlForAmendApiIntegrationTest.groovy:29)
</failure>
  </testcase>
  <testcase name="ファイル出力を比較する: Direction{ s_InputDir: data/input/All-Format/pat-atny/14-attorney-a7436-p, s_OutputDir: data/output/html_amend/All-Format/pat-atny/14-attorney-a7436-p} null" classname="jp.go.jpo.sa1s99.common.format.integration.HtmlToXmlForAmendApiIntegrationTest" time="0.0">
    <failure message="java.lang.IllegalArgumentException: Not implemented yet" type="java.lang.IllegalArgumentException">java.lang.IllegalArgumentException: Not implemented yet
	at jp.go.jpo.sa1s99.common.format.api.XmlToHtmlForAmendApi.execute(XmlToHtmlForAmendApi.java:32)
	at jp.go.jpo.sa1s99.common.format.integration.ExecuteXmlToHtmlForAmendApiByDirection.executeApi(ExecuteXmlToHtmlForAmendApiByDirection.java:26)
	at jp.go.jpo.sa1s99.common.format.integration.ExecuteXmlToHtmlForAmendApiByDirection.executeApi(ExecuteXmlToHtmlForAmendApiByDirection.java:13)
	at jp.go.jpo.sa1s99.common.format.integration.ExecuteApiByDirection.execute(ExecuteApiByDirection.java:28)
	at jp.go.jpo.sa1s99.common.format.integration.HtmlToXmlForAmendApiIntegrationTest.ファイル出力を比較する: #direction #parsedResult(HtmlToXmlForAmendApiIntegrationTest.groovy:29)
</failure>
  </testcase>
  <testcase name="ファイル出力を比較する: Direction{ s_InputDir: data/input/All-Format/pat-atny/14-attorney-a7436-u, s_OutputDir: data/output/html_amend/All-Format/pat-atny/14-attorney-a7436-u} null" classname="jp.go.jpo.sa1s99.common.format.integration.HtmlToXmlForAmendApiIntegrationTest" time="0.0">
    <failure message="java.lang.IllegalArgumentException: Not implemented yet" type="java.lang.IllegalArgumentException">java.lang.IllegalArgumentException: Not implemented yet
	at jp.go.jpo.sa1s99.common.format.api.XmlToHtmlForAmendApi.execute(XmlToHtmlForAmendApi.java:32)
	at jp.go.jpo.sa1s99.common.format.integration.ExecuteXmlToHtmlForAmendApiByDirection.executeApi(ExecuteXmlToHtmlForAmendApiByDirection.java:26)
	at jp.go.jpo.sa1s99.common.format.integration.ExecuteXmlToHtmlForAmendApiByDirection.executeApi(ExecuteXmlToHtmlForAmendApiByDirection.java:13)
	at jp.go.jpo.sa1s99.common.format.integration.ExecuteApiByDirection.execute(ExecuteApiByDirection.java:28)
	at jp.go.jpo.sa1s99.common.format.integration.HtmlToXmlForAmendApiIntegrationTest.ファイル出力を比較する: #direction #parsedResult(HtmlToXmlForAmendApiIntegrationTest.groovy:29)
</failure>
  </testcase>
  <testcase name="ファイル出力を比較する: Direction{ s_InputDir: data/input/All-Format/pat-atny/15-attorney-a7437-p, s_OutputDir: data/output/html_amend/All-Format/pat-atny/15-attorney-a7437-p} null" classname="jp.go.jpo.sa1s99.common.format.integration.HtmlToXmlForAmendApiIntegrationTest" time="0.016">
    <failure message="java.lang.IllegalArgumentException: Not implemented yet" type="java.lang.IllegalArgumentException">java.lang.IllegalArgumentException: Not implemented yet
	at jp.go.jpo.sa1s99.common.format.api.XmlToHtmlForAmendApi.execute(XmlToHtmlForAmendApi.java:32)
	at jp.go.jpo.sa1s99.common.format.integration.ExecuteXmlToHtmlForAmendApiByDirection.executeApi(ExecuteXmlToHtmlForAmendApiByDirection.java:26)
	at jp.go.jpo.sa1s99.common.format.integration.ExecuteXmlToHtmlForAmendApiByDirection.executeApi(ExecuteXmlToHtmlForAmendApiByDirection.java:13)
	at jp.go.jpo.sa1s99.common.format.integration.ExecuteApiByDirection.execute(ExecuteApiByDirection.java:28)
	at jp.go.jpo.sa1s99.common.format.integration.HtmlToXmlForAmendApiIntegrationTest.ファイル出力を比較する: #direction #parsedResult(HtmlToXmlForAmendApiIntegrationTest.groovy:29)
</failure>
  </testcase>
  <testcase name="ファイル出力を比較する: Direction{ s_InputDir: data/input/All-Format/pat-atny/15-attorney-a7437-u, s_OutputDir: data/output/html_amend/All-Format/pat-atny/15-attorney-a7437-u} null" classname="jp.go.jpo.sa1s99.common.format.integration.HtmlToXmlForAmendApiIntegrationTest" time="0.0">
    <failure message="java.lang.IllegalArgumentException: Not implemented yet" type="java.lang.IllegalArgumentException">java.lang.IllegalArgumentException: Not implemented yet
	at jp.go.jpo.sa1s99.common.format.api.XmlToHtmlForAmendApi.execute(XmlToHtmlForAmendApi.java:32)
	at jp.go.jpo.sa1s99.common.format.integration.ExecuteXmlToHtmlForAmendApiByDirection.executeApi(ExecuteXmlToHtmlForAmendApiByDirection.java:26)
	at jp.go.jpo.sa1s99.common.format.integration.ExecuteXmlToHtmlForAmendApiByDirection.executeApi(ExecuteXmlToHtmlForAmendApiByDirection.java:13)
	at jp.go.jpo.sa1s99.common.format.integration.ExecuteApiByDirection.execute(ExecuteApiByDirection.java:28)
	at jp.go.jpo.sa1s99.common.format.integration.HtmlToXmlForAmendApiIntegrationTest.ファイル出力を比較する: #direction #parsedResult(HtmlToXmlForAmendApiIntegrationTest.groovy:29)
</failure>
  </testcase>
  <testcase name="ファイル出力を比較する: Direction{ s_InputDir: data/input/All-Format/pat-etc/01-etcetera-a601-p-conv-err, s_OutputDir: data/output/html_amend/All-Format/pat-etc/01-etcetera-a601-p-conv-err} null" classname="jp.go.jpo.sa1s99.common.format.integration.HtmlToXmlForAmendApiIntegrationTest" time="0.016">
    <failure message="java.lang.IllegalArgumentException: Not implemented yet" type="java.lang.IllegalArgumentException">java.lang.IllegalArgumentException: Not implemented yet
	at jp.go.jpo.sa1s99.common.format.api.XmlToHtmlForAmendApi.execute(XmlToHtmlForAmendApi.java:32)
	at jp.go.jpo.sa1s99.common.format.integration.ExecuteXmlToHtmlForAmendApiByDirection.executeApi(ExecuteXmlToHtmlForAmendApiByDirection.java:26)
	at jp.go.jpo.sa1s99.common.format.integration.ExecuteXmlToHtmlForAmendApiByDirection.executeApi(ExecuteXmlToHtmlForAmendApiByDirection.java:13)
	at jp.go.jpo.sa1s99.common.format.integration.ExecuteApiByDirection.execute(ExecuteApiByDirection.java:28)
	at jp.go.jpo.sa1s99.common.format.integration.HtmlToXmlForAmendApiIntegrationTest.ファイル出力を比較する: #direction #parsedResult(HtmlToXmlForAmendApiIntegrationTest.groovy:29)
</failure>
  </testcase>
  <testcase name="ファイル出力を比較する: Direction{ s_InputDir: data/input/All-Format/pat-etc/01-etcetera-a601-p-error-code, s_OutputDir: data/output/html_amend/All-Format/pat-etc/01-etcetera-a601-p-error-code} null" classname="jp.go.jpo.sa1s99.common.format.integration.HtmlToXmlForAmendApiIntegrationTest" time="0.0">
    <failure message="java.lang.IllegalArgumentException: Not implemented yet" type="java.lang.IllegalArgumentException">java.lang.IllegalArgumentException: Not implemented yet
	at jp.go.jpo.sa1s99.common.format.api.XmlToHtmlForAmendApi.execute(XmlToHtmlForAmendApi.java:32)
	at jp.go.jpo.sa1s99.common.format.integration.ExecuteXmlToHtmlForAmendApiByDirection.executeApi(ExecuteXmlToHtmlForAmendApiByDirection.java:26)
	at jp.go.jpo.sa1s99.common.format.integration.ExecuteXmlToHtmlForAmendApiByDirection.executeApi(ExecuteXmlToHtmlForAmendApiByDirection.java:13)
	at jp.go.jpo.sa1s99.common.format.integration.ExecuteApiByDirection.execute(ExecuteApiByDirection.java:28)
	at jp.go.jpo.sa1s99.common.format.integration.HtmlToXmlForAmendApiIntegrationTest.ファイル出力を比較する: #direction #parsedResult(HtmlToXmlForAmendApiIntegrationTest.groovy:29)
</failure>
  </testcase>
  <testcase name="ファイル出力を比較する: Direction{ s_InputDir: data/input/All-Format/pat-etc/01-etcetera-a601-p-null, s_OutputDir: data/output/html_amend/All-Format/pat-etc/01-etcetera-a601-p-null} null" classname="jp.go.jpo.sa1s99.common.format.integration.HtmlToXmlForAmendApiIntegrationTest" time="0.0">
    <failure message="java.lang.IllegalArgumentException: Not implemented yet" type="java.lang.IllegalArgumentException">java.lang.IllegalArgumentException: Not implemented yet
	at jp.go.jpo.sa1s99.common.format.api.XmlToHtmlForAmendApi.execute(XmlToHtmlForAmendApi.java:32)
	at jp.go.jpo.sa1s99.common.format.integration.ExecuteXmlToHtmlForAmendApiByDirection.executeApi(ExecuteXmlToHtmlForAmendApiByDirection.java:26)
	at jp.go.jpo.sa1s99.common.format.integration.ExecuteXmlToHtmlForAmendApiByDirection.executeApi(ExecuteXmlToHtmlForAmendApiByDirection.java:13)
	at jp.go.jpo.sa1s99.common.format.integration.ExecuteApiByDirection.execute(ExecuteApiByDirection.java:28)
	at jp.go.jpo.sa1s99.common.format.integration.HtmlToXmlForAmendApiIntegrationTest.ファイル出力を比較する: #direction #parsedResult(HtmlToXmlForAmendApiIntegrationTest.groovy:29)
</failure>
  </testcase>
  <testcase name="ファイル出力を比較する: Direction{ s_InputDir: data/input/All-Format/pat-etc/01-etcetera-a601-p, s_OutputDir: data/output/html_amend/All-Format/pat-etc/01-etcetera-a601-p} null" classname="jp.go.jpo.sa1s99.common.format.integration.HtmlToXmlForAmendApiIntegrationTest" time="0.0">
    <failure message="java.lang.IllegalArgumentException: Not implemented yet" type="java.lang.IllegalArgumentException">java.lang.IllegalArgumentException: Not implemented yet
	at jp.go.jpo.sa1s99.common.format.api.XmlToHtmlForAmendApi.execute(XmlToHtmlForAmendApi.java:32)
	at jp.go.jpo.sa1s99.common.format.integration.ExecuteXmlToHtmlForAmendApiByDirection.executeApi(ExecuteXmlToHtmlForAmendApiByDirection.java:26)
	at jp.go.jpo.sa1s99.common.format.integration.ExecuteXmlToHtmlForAmendApiByDirection.executeApi(ExecuteXmlToHtmlForAmendApiByDirection.java:13)
	at jp.go.jpo.sa1s99.common.format.integration.ExecuteApiByDirection.execute(ExecuteApiByDirection.java:28)
	at jp.go.jpo.sa1s99.common.format.integration.HtmlToXmlForAmendApiIntegrationTest.ファイル出力を比較する: #direction #parsedResult(HtmlToXmlForAmendApiIntegrationTest.groovy:29)
</failure>
  </testcase>
  <testcase name="ファイル出力を比較する: Direction{ s_InputDir: data/input/All-Format/pat-etc/01-etcetera-a601-u, s_OutputDir: data/output/html_amend/All-Format/pat-etc/01-etcetera-a601-u} null" classname="jp.go.jpo.sa1s99.common.format.integration.HtmlToXmlForAmendApiIntegrationTest" time="0.0">
    <failure message="java.lang.IllegalArgumentException: Not implemented yet" type="java.lang.IllegalArgumentException">java.lang.IllegalArgumentException: Not implemented yet
	at jp.go.jpo.sa1s99.common.format.api.XmlToHtmlForAmendApi.execute(XmlToHtmlForAmendApi.java:32)
	at jp.go.jpo.sa1s99.common.format.integration.ExecuteXmlToHtmlForAmendApiByDirection.executeApi(ExecuteXmlToHtmlForAmendApiByDirection.java:26)
	at jp.go.jpo.sa1s99.common.format.integration.ExecuteXmlToHtmlForAmendApiByDirection.executeApi(ExecuteXmlToHtmlForAmendApiByDirection.java:13)
	at jp.go.jpo.sa1s99.common.format.integration.ExecuteApiByDirection.execute(ExecuteApiByDirection.java:28)
	at jp.go.jpo.sa1s99.common.format.integration.HtmlToXmlForAmendApiIntegrationTest.ファイル出力を比較する: #direction #parsedResult(HtmlToXmlForAmendApiIntegrationTest.groovy:29)
</failure>
  </testcase>
  <testcase name="ファイル出力を比較する: Direction{ s_InputDir: data/input/All-Format/pat-etc/02-etcetera-a621-p, s_OutputDir: data/output/html_amend/All-Format/pat-etc/02-etcetera-a621-p} null" classname="jp.go.jpo.sa1s99.common.format.integration.HtmlToXmlForAmendApiIntegrationTest" time="0.015">
    <failure message="java.lang.IllegalArgumentException: Not implemented yet" type="java.lang.IllegalArgumentException">java.lang.IllegalArgumentException: Not implemented yet
	at jp.go.jpo.sa1s99.common.format.api.XmlToHtmlForAmendApi.execute(XmlToHtmlForAmendApi.java:32)
	at jp.go.jpo.sa1s99.common.format.integration.ExecuteXmlToHtmlForAmendApiByDirection.executeApi(ExecuteXmlToHtmlForAmendApiByDirection.java:26)
	at jp.go.jpo.sa1s99.common.format.integration.ExecuteXmlToHtmlForAmendApiByDirection.executeApi(ExecuteXmlToHtmlForAmendApiByDirection.java:13)
	at jp.go.jpo.sa1s99.common.format.integration.ExecuteApiByDirection.execute(ExecuteApiByDirection.java:28)
	at jp.go.jpo.sa1s99.common.format.integration.HtmlToXmlForAmendApiIntegrationTest.ファイル出力を比較する: #direction #parsedResult(HtmlToXmlForAmendApiIntegrationTest.groovy:29)
</failure>
  </testcase>
  <testcase name="ファイル出力を比較する: Direction{ s_InputDir: data/input/All-Format/pat-etc/02-etcetera-a621-u, s_OutputDir: data/output/html_amend/All-Format/pat-etc/02-etcetera-a621-u} null" classname="jp.go.jpo.sa1s99.common.format.integration.HtmlToXmlForAmendApiIntegrationTest" time="0.0">
    <failure message="java.lang.IllegalArgumentException: Not implemented yet" type="java.lang.IllegalArgumentException">java.lang.IllegalArgumentException: Not implemented yet
	at jp.go.jpo.sa1s99.common.format.api.XmlToHtmlForAmendApi.execute(XmlToHtmlForAmendApi.java:32)
	at jp.go.jpo.sa1s99.common.format.integration.ExecuteXmlToHtmlForAmendApiByDirection.executeApi(ExecuteXmlToHtmlForAmendApiByDirection.java:26)
	at jp.go.jpo.sa1s99.common.format.integration.ExecuteXmlToHtmlForAmendApiByDirection.executeApi(ExecuteXmlToHtmlForAmendApiByDirection.java:13)
	at jp.go.jpo.sa1s99.common.format.integration.ExecuteApiByDirection.execute(ExecuteApiByDirection.java:28)
	at jp.go.jpo.sa1s99.common.format.integration.HtmlToXmlForAmendApiIntegrationTest.ファイル出力を比較する: #direction #parsedResult(HtmlToXmlForAmendApiIntegrationTest.groovy:29)
</failure>
  </testcase>
  <testcase name="ファイル出力を比較する: Direction{ s_InputDir: data/input/All-Format/pat-etc/03-etcetera-a623-u, s_OutputDir: data/output/html_amend/All-Format/pat-etc/03-etcetera-a623-u} null" classname="jp.go.jpo.sa1s99.common.format.integration.HtmlToXmlForAmendApiIntegrationTest" time="0.0">
    <failure message="java.lang.IllegalArgumentException: Not implemented yet" type="java.lang.IllegalArgumentException">java.lang.IllegalArgumentException: Not implemented yet
	at jp.go.jpo.sa1s99.common.format.api.XmlToHtmlForAmendApi.execute(XmlToHtmlForAmendApi.java:32)
	at jp.go.jpo.sa1s99.common.format.integration.ExecuteXmlToHtmlForAmendApiByDirection.executeApi(ExecuteXmlToHtmlForAmendApiByDirection.java:26)
	at jp.go.jpo.sa1s99.common.format.integration.ExecuteXmlToHtmlForAmendApiByDirection.executeApi(ExecuteXmlToHtmlForAmendApiByDirection.java:13)
	at jp.go.jpo.sa1s99.common.format.integration.ExecuteApiByDirection.execute(ExecuteApiByDirection.java:28)
	at jp.go.jpo.sa1s99.common.format.integration.HtmlToXmlForAmendApiIntegrationTest.ファイル出力を比較する: #direction #parsedResult(HtmlToXmlForAmendApiIntegrationTest.groovy:29)
</failure>
  </testcase>
  <testcase name="ファイル出力を比較する: Direction{ s_InputDir: data/input/All-Format/pat-etc/04-etcetera-a625-p, s_OutputDir: data/output/html_amend/All-Format/pat-etc/04-etcetera-a625-p} null" classname="jp.go.jpo.sa1s99.common.format.integration.HtmlToXmlForAmendApiIntegrationTest" time="0.0">
    <failure message="java.lang.IllegalArgumentException: Not implemented yet" type="java.lang.IllegalArgumentException">java.lang.IllegalArgumentException: Not implemented yet
	at jp.go.jpo.sa1s99.common.format.api.XmlToHtmlForAmendApi.execute(XmlToHtmlForAmendApi.java:32)
	at jp.go.jpo.sa1s99.common.format.integration.ExecuteXmlToHtmlForAmendApiByDirection.executeApi(ExecuteXmlToHtmlForAmendApiByDirection.java:26)
	at jp.go.jpo.sa1s99.common.format.integration.ExecuteXmlToHtmlForAmendApiByDirection.executeApi(ExecuteXmlToHtmlForAmendApiByDirection.java:13)
	at jp.go.jpo.sa1s99.common.format.integration.ExecuteApiByDirection.execute(ExecuteApiByDirection.java:28)
	at jp.go.jpo.sa1s99.common.format.integration.HtmlToXmlForAmendApiIntegrationTest.ファイル出力を比較する: #direction #parsedResult(HtmlToXmlForAmendApiIntegrationTest.groovy:29)
</failure>
  </testcase>
  <testcase name="ファイル出力を比較する: Direction{ s_InputDir: data/input/All-Format/pat-etc/04-etcetera-a625-u, s_OutputDir: data/output/html_amend/All-Format/pat-etc/04-etcetera-a625-u} null" classname="jp.go.jpo.sa1s99.common.format.integration.HtmlToXmlForAmendApiIntegrationTest" time="0.016">
    <failure message="java.lang.IllegalArgumentException: Not implemented yet" type="java.lang.IllegalArgumentException">java.lang.IllegalArgumentException: Not implemented yet
	at jp.go.jpo.sa1s99.common.format.api.XmlToHtmlForAmendApi.execute(XmlToHtmlForAmendApi.java:32)
	at jp.go.jpo.sa1s99.common.format.integration.ExecuteXmlToHtmlForAmendApiByDirection.executeApi(ExecuteXmlToHtmlForAmendApiByDirection.java:26)
	at jp.go.jpo.sa1s99.common.format.integration.ExecuteXmlToHtmlForAmendApiByDirection.executeApi(ExecuteXmlToHtmlForAmendApiByDirection.java:13)
	at jp.go.jpo.sa1s99.common.format.integration.ExecuteApiByDirection.execute(ExecuteApiByDirection.java:28)
	at jp.go.jpo.sa1s99.common.format.integration.HtmlToXmlForAmendApiIntegrationTest.ファイル出力を比較する: #direction #parsedResult(HtmlToXmlForAmendApiIntegrationTest.groovy:29)
</failure>
  </testcase>
  <testcase name="ファイル出力を比較する: Direction{ s_InputDir: data/input/All-Format/pat-etc/05-etcetera-a626-u, s_OutputDir: data/output/html_amend/All-Format/pat-etc/05-etcetera-a626-u} null" classname="jp.go.jpo.sa1s99.common.format.integration.HtmlToXmlForAmendApiIntegrationTest" time="0.0">
    <failure message="java.lang.IllegalArgumentException: Not implemented yet" type="java.lang.IllegalArgumentException">java.lang.IllegalArgumentException: Not implemented yet
	at jp.go.jpo.sa1s99.common.format.api.XmlToHtmlForAmendApi.execute(XmlToHtmlForAmendApi.java:32)
	at jp.go.jpo.sa1s99.common.format.integration.ExecuteXmlToHtmlForAmendApiByDirection.executeApi(ExecuteXmlToHtmlForAmendApiByDirection.java:26)
	at jp.go.jpo.sa1s99.common.format.integration.ExecuteXmlToHtmlForAmendApiByDirection.executeApi(ExecuteXmlToHtmlForAmendApiByDirection.java:13)
	at jp.go.jpo.sa1s99.common.format.integration.ExecuteApiByDirection.execute(ExecuteApiByDirection.java:28)
	at jp.go.jpo.sa1s99.common.format.integration.HtmlToXmlForAmendApiIntegrationTest.ファイル出力を比較する: #direction #parsedResult(HtmlToXmlForAmendApiIntegrationTest.groovy:29)
</failure>
  </testcase>
  <testcase name="ファイル出力を比較する: Direction{ s_InputDir: data/input/All-Format/pat-etc/06-etcetera-a627-p, s_OutputDir: data/output/html_amend/All-Format/pat-etc/06-etcetera-a627-p} null" classname="jp.go.jpo.sa1s99.common.format.integration.HtmlToXmlForAmendApiIntegrationTest" time="0.0">
    <failure message="java.lang.IllegalArgumentException: Not implemented yet" type="java.lang.IllegalArgumentException">java.lang.IllegalArgumentException: Not implemented yet
	at jp.go.jpo.sa1s99.common.format.api.XmlToHtmlForAmendApi.execute(XmlToHtmlForAmendApi.java:32)
	at jp.go.jpo.sa1s99.common.format.integration.ExecuteXmlToHtmlForAmendApiByDirection.executeApi(ExecuteXmlToHtmlForAmendApiByDirection.java:26)
	at jp.go.jpo.sa1s99.common.format.integration.ExecuteXmlToHtmlForAmendApiByDirection.executeApi(ExecuteXmlToHtmlForAmendApiByDirection.java:13)
	at jp.go.jpo.sa1s99.common.format.integration.ExecuteApiByDirection.execute(ExecuteApiByDirection.java:28)
	at jp.go.jpo.sa1s99.common.format.integration.HtmlToXmlForAmendApiIntegrationTest.ファイル出力を比較する: #direction #parsedResult(HtmlToXmlForAmendApiIntegrationTest.groovy:29)
</failure>
  </testcase>
  <testcase name="ファイル出力を比較する: Direction{ s_InputDir: data/input/All-Format/pat-etc/07-etcetera-a67-p, s_OutputDir: data/output/html_amend/All-Format/pat-etc/07-etcetera-a67-p} null" classname="jp.go.jpo.sa1s99.common.format.integration.HtmlToXmlForAmendApiIntegrationTest" time="0.0">
    <failure message="java.lang.IllegalArgumentException: Not implemented yet" type="java.lang.IllegalArgumentException">java.lang.IllegalArgumentException: Not implemented yet
	at jp.go.jpo.sa1s99.common.format.api.XmlToHtmlForAmendApi.execute(XmlToHtmlForAmendApi.java:32)
	at jp.go.jpo.sa1s99.common.format.integration.ExecuteXmlToHtmlForAmendApiByDirection.executeApi(ExecuteXmlToHtmlForAmendApiByDirection.java:26)
	at jp.go.jpo.sa1s99.common.format.integration.ExecuteXmlToHtmlForAmendApiByDirection.executeApi(ExecuteXmlToHtmlForAmendApiByDirection.java:13)
	at jp.go.jpo.sa1s99.common.format.integration.ExecuteApiByDirection.execute(ExecuteApiByDirection.java:28)
	at jp.go.jpo.sa1s99.common.format.integration.HtmlToXmlForAmendApiIntegrationTest.ファイル出力を比較する: #direction #parsedResult(HtmlToXmlForAmendApiIntegrationTest.groovy:29)
</failure>
  </testcase>
  <testcase name="ファイル出力を比較する: Direction{ s_InputDir: data/input/All-Format/pat-etc/08-etcetera-a691-p, s_OutputDir: data/output/html_amend/All-Format/pat-etc/08-etcetera-a691-p} null" classname="jp.go.jpo.sa1s99.common.format.integration.HtmlToXmlForAmendApiIntegrationTest" time="0.019">
    <failure message="java.lang.IllegalArgumentException: Not implemented yet" type="java.lang.IllegalArgumentException">java.lang.IllegalArgumentException: Not implemented yet
	at jp.go.jpo.sa1s99.common.format.api.XmlToHtmlForAmendApi.execute(XmlToHtmlForAmendApi.java:32)
	at jp.go.jpo.sa1s99.common.format.integration.ExecuteXmlToHtmlForAmendApiByDirection.executeApi(ExecuteXmlToHtmlForAmendApiByDirection.java:26)
	at jp.go.jpo.sa1s99.common.format.integration.ExecuteXmlToHtmlForAmendApiByDirection.executeApi(ExecuteXmlToHtmlForAmendApiByDirection.java:13)
	at jp.go.jpo.sa1s99.common.format.integration.ExecuteApiByDirection.execute(ExecuteApiByDirection.java:28)
	at jp.go.jpo.sa1s99.common.format.integration.HtmlToXmlForAmendApiIntegrationTest.ファイル出力を比較する: #direction #parsedResult(HtmlToXmlForAmendApiIntegrationTest.groovy:29)
</failure>
  </testcase>
  <testcase name="ファイル出力を比較する: Direction{ s_InputDir: data/input/All-Format/pat-etc/08-etcetera-a691-u, s_OutputDir: data/output/html_amend/All-Format/pat-etc/08-etcetera-a691-u} null" classname="jp.go.jpo.sa1s99.common.format.integration.HtmlToXmlForAmendApiIntegrationTest" time="0.003">
    <failure message="java.lang.IllegalArgumentException: Not implemented yet" type="java.lang.IllegalArgumentException">java.lang.IllegalArgumentException: Not implemented yet
	at jp.go.jpo.sa1s99.common.format.api.XmlToHtmlForAmendApi.execute(XmlToHtmlForAmendApi.java:32)
	at jp.go.jpo.sa1s99.common.format.integration.ExecuteXmlToHtmlForAmendApiByDirection.executeApi(ExecuteXmlToHtmlForAmendApiByDirection.java:26)
	at jp.go.jpo.sa1s99.common.format.integration.ExecuteXmlToHtmlForAmendApiByDirection.executeApi(ExecuteXmlToHtmlForAmendApiByDirection.java:13)
	at jp.go.jpo.sa1s99.common.format.integration.ExecuteApiByDirection.execute(ExecuteApiByDirection.java:28)
	at jp.go.jpo.sa1s99.common.format.integration.HtmlToXmlForAmendApiIntegrationTest.ファイル出力を比較する: #direction #parsedResult(HtmlToXmlForAmendApiIntegrationTest.groovy:29)
</failure>
  </testcase>
  <testcase name="ファイル出力を比較する: Direction{ s_InputDir: data/input/All-Format/pat-etc/09-etcetera-a781-p, s_OutputDir: data/output/html_amend/All-Format/pat-etc/09-etcetera-a781-p} null" classname="jp.go.jpo.sa1s99.common.format.integration.HtmlToXmlForAmendApiIntegrationTest" time="0.0">
    <failure message="java.lang.IllegalArgumentException: Not implemented yet" type="java.lang.IllegalArgumentException">java.lang.IllegalArgumentException: Not implemented yet
	at jp.go.jpo.sa1s99.common.format.api.XmlToHtmlForAmendApi.execute(XmlToHtmlForAmendApi.java:32)
	at jp.go.jpo.sa1s99.common.format.integration.ExecuteXmlToHtmlForAmendApiByDirection.executeApi(ExecuteXmlToHtmlForAmendApiByDirection.java:26)
	at jp.go.jpo.sa1s99.common.format.integration.ExecuteXmlToHtmlForAmendApiByDirection.executeApi(ExecuteXmlToHtmlForAmendApiByDirection.java:13)
	at jp.go.jpo.sa1s99.common.format.integration.ExecuteApiByDirection.execute(ExecuteApiByDirection.java:28)
	at jp.go.jpo.sa1s99.common.format.integration.HtmlToXmlForAmendApiIntegrationTest.ファイル出力を比較する: #direction #parsedResult(HtmlToXmlForAmendApiIntegrationTest.groovy:29)
</failure>
  </testcase>
  <testcase name="ファイル出力を比較する: Direction{ s_InputDir: data/input/All-Format/pat-etc/09-etcetera-a781-u, s_OutputDir: data/output/html_amend/All-Format/pat-etc/09-etcetera-a781-u} null" classname="jp.go.jpo.sa1s99.common.format.integration.HtmlToXmlForAmendApiIntegrationTest" time="0.0">
    <failure message="java.lang.IllegalArgumentException: Not implemented yet" type="java.lang.IllegalArgumentException">java.lang.IllegalArgumentException: Not implemented yet
	at jp.go.jpo.sa1s99.common.format.api.XmlToHtmlForAmendApi.execute(XmlToHtmlForAmendApi.java:32)
	at jp.go.jpo.sa1s99.common.format.integration.ExecuteXmlToHtmlForAmendApiByDirection.executeApi(ExecuteXmlToHtmlForAmendApiByDirection.java:26)
	at jp.go.jpo.sa1s99.common.format.integration.ExecuteXmlToHtmlForAmendApiByDirection.executeApi(ExecuteXmlToHtmlForAmendApiByDirection.java:13)
	at jp.go.jpo.sa1s99.common.format.integration.ExecuteApiByDirection.execute(ExecuteApiByDirection.java:28)
	at jp.go.jpo.sa1s99.common.format.integration.HtmlToXmlForAmendApiIntegrationTest.ファイル出力を比較する: #direction #parsedResult(HtmlToXmlForAmendApiIntegrationTest.groovy:29)
</failure>
  </testcase>
  <testcase name="ファイル出力を比較する: Direction{ s_InputDir: data/input/All-Format/pat-etc/10-etcetera-a821-p, s_OutputDir: data/output/html_amend/All-Format/pat-etc/10-etcetera-a821-p} null" classname="jp.go.jpo.sa1s99.common.format.integration.HtmlToXmlForAmendApiIntegrationTest" time="0.0">
    <failure message="java.lang.IllegalArgumentException: Not implemented yet" type="java.lang.IllegalArgumentException">java.lang.IllegalArgumentException: Not implemented yet
	at jp.go.jpo.sa1s99.common.format.api.XmlToHtmlForAmendApi.execute(XmlToHtmlForAmendApi.java:32)
	at jp.go.jpo.sa1s99.common.format.integration.ExecuteXmlToHtmlForAmendApiByDirection.executeApi(ExecuteXmlToHtmlForAmendApiByDirection.java:26)
	at jp.go.jpo.sa1s99.common.format.integration.ExecuteXmlToHtmlForAmendApiByDirection.executeApi(ExecuteXmlToHtmlForAmendApiByDirection.java:13)
	at jp.go.jpo.sa1s99.common.format.integration.ExecuteApiByDirection.execute(ExecuteApiByDirection.java:28)
	at jp.go.jpo.sa1s99.common.format.integration.HtmlToXmlForAmendApiIntegrationTest.ファイル出力を比較する: #direction #parsedResult(HtmlToXmlForAmendApiIntegrationTest.groovy:29)
</failure>
  </testcase>
  <testcase name="ファイル出力を比較する: Direction{ s_InputDir: data/input/All-Format/pat-etc/10-etcetera-a821-u, s_OutputDir: data/output/html_amend/All-Format/pat-etc/10-etcetera-a821-u} null" classname="jp.go.jpo.sa1s99.common.format.integration.HtmlToXmlForAmendApiIntegrationTest" time="0.016">
    <failure message="java.lang.IllegalArgumentException: Not implemented yet" type="java.lang.IllegalArgumentException">java.lang.IllegalArgumentException: Not implemented yet
	at jp.go.jpo.sa1s99.common.format.api.XmlToHtmlForAmendApi.execute(XmlToHtmlForAmendApi.java:32)
	at jp.go.jpo.sa1s99.common.format.integration.ExecuteXmlToHtmlForAmendApiByDirection.executeApi(ExecuteXmlToHtmlForAmendApiByDirection.java:26)
	at jp.go.jpo.sa1s99.common.format.integration.ExecuteXmlToHtmlForAmendApiByDirection.executeApi(ExecuteXmlToHtmlForAmendApiByDirection.java:13)
	at jp.go.jpo.sa1s99.common.format.integration.ExecuteApiByDirection.execute(ExecuteApiByDirection.java:28)
	at jp.go.jpo.sa1s99.common.format.integration.HtmlToXmlForAmendApiIntegrationTest.ファイル出力を比較する: #direction #parsedResult(HtmlToXmlForAmendApiIntegrationTest.groovy:29)
</failure>
  </testcase>
  <testcase name="ファイル出力を比較する: Direction{ s_InputDir: data/input/All-Format/pat-etc/11-etcetera-a831-p, s_OutputDir: data/output/html_amend/All-Format/pat-etc/11-etcetera-a831-p} null" classname="jp.go.jpo.sa1s99.common.format.integration.HtmlToXmlForAmendApiIntegrationTest" time="0.0">
    <failure message="java.lang.IllegalArgumentException: Not implemented yet" type="java.lang.IllegalArgumentException">java.lang.IllegalArgumentException: Not implemented yet
	at jp.go.jpo.sa1s99.common.format.api.XmlToHtmlForAmendApi.execute(XmlToHtmlForAmendApi.java:32)
	at jp.go.jpo.sa1s99.common.format.integration.ExecuteXmlToHtmlForAmendApiByDirection.executeApi(ExecuteXmlToHtmlForAmendApiByDirection.java:26)
	at jp.go.jpo.sa1s99.common.format.integration.ExecuteXmlToHtmlForAmendApiByDirection.executeApi(ExecuteXmlToHtmlForAmendApiByDirection.java:13)
	at jp.go.jpo.sa1s99.common.format.integration.ExecuteApiByDirection.execute(ExecuteApiByDirection.java:28)
	at jp.go.jpo.sa1s99.common.format.integration.HtmlToXmlForAmendApiIntegrationTest.ファイル出力を比較する: #direction #parsedResult(HtmlToXmlForAmendApiIntegrationTest.groovy:29)
</failure>
  </testcase>
  <testcase name="ファイル出力を比較する: Direction{ s_InputDir: data/input/All-Format/pat-etc/11-etcetera-a831-u, s_OutputDir: data/output/html_amend/All-Format/pat-etc/11-etcetera-a831-u} null" classname="jp.go.jpo.sa1s99.common.format.integration.HtmlToXmlForAmendApiIntegrationTest" time="0.0">
    <failure message="java.lang.IllegalArgumentException: Not implemented yet" type="java.lang.IllegalArgumentException">java.lang.IllegalArgumentException: Not implemented yet
	at jp.go.jpo.sa1s99.common.format.api.XmlToHtmlForAmendApi.execute(XmlToHtmlForAmendApi.java:32)
	at jp.go.jpo.sa1s99.common.format.integration.ExecuteXmlToHtmlForAmendApiByDirection.executeApi(ExecuteXmlToHtmlForAmendApiByDirection.java:26)
	at jp.go.jpo.sa1s99.common.format.integration.ExecuteXmlToHtmlForAmendApiByDirection.executeApi(ExecuteXmlToHtmlForAmendApiByDirection.java:13)
	at jp.go.jpo.sa1s99.common.format.integration.ExecuteApiByDirection.execute(ExecuteApiByDirection.java:28)
	at jp.go.jpo.sa1s99.common.format.integration.HtmlToXmlForAmendApiIntegrationTest.ファイル出力を比較する: #direction #parsedResult(HtmlToXmlForAmendApiIntegrationTest.groovy:29)
</failure>
  </testcase>
  <testcase name="ファイル出力を比較する: Direction{ s_InputDir: data/input/All-Format/pat-etc/12-etcetera-a87-p, s_OutputDir: data/output/html_amend/All-Format/pat-etc/12-etcetera-a87-p} null" classname="jp.go.jpo.sa1s99.common.format.integration.HtmlToXmlForAmendApiIntegrationTest" time="0.015">
    <failure message="java.lang.IllegalArgumentException: Not implemented yet" type="java.lang.IllegalArgumentException">java.lang.IllegalArgumentException: Not implemented yet
	at jp.go.jpo.sa1s99.common.format.api.XmlToHtmlForAmendApi.execute(XmlToHtmlForAmendApi.java:32)
	at jp.go.jpo.sa1s99.common.format.integration.ExecuteXmlToHtmlForAmendApiByDirection.executeApi(ExecuteXmlToHtmlForAmendApiByDirection.java:26)
	at jp.go.jpo.sa1s99.common.format.integration.ExecuteXmlToHtmlForAmendApiByDirection.executeApi(ExecuteXmlToHtmlForAmendApiByDirection.java:13)
	at jp.go.jpo.sa1s99.common.format.integration.ExecuteApiByDirection.execute(ExecuteApiByDirection.java:28)
	at jp.go.jpo.sa1s99.common.format.integration.HtmlToXmlForAmendApiIntegrationTest.ファイル出力を比較する: #direction #parsedResult(HtmlToXmlForAmendApiIntegrationTest.groovy:29)
</failure>
  </testcase>
  <testcase name="ファイル出力を比較する: Direction{ s_InputDir: data/input/All-Format/pat-etc/12-etcetera-a87-u, s_OutputDir: data/output/html_amend/All-Format/pat-etc/12-etcetera-a87-u} null" classname="jp.go.jpo.sa1s99.common.format.integration.HtmlToXmlForAmendApiIntegrationTest" time="0.0">
    <failure message="java.lang.IllegalArgumentException: Not implemented yet" type="java.lang.IllegalArgumentException">java.lang.IllegalArgumentException: Not implemented yet
	at jp.go.jpo.sa1s99.common.format.api.XmlToHtmlForAmendApi.execute(XmlToHtmlForAmendApi.java:32)
	at jp.go.jpo.sa1s99.common.format.integration.ExecuteXmlToHtmlForAmendApiByDirection.executeApi(ExecuteXmlToHtmlForAmendApiByDirection.java:26)
	at jp.go.jpo.sa1s99.common.format.integration.ExecuteXmlToHtmlForAmendApiByDirection.executeApi(ExecuteXmlToHtmlForAmendApiByDirection.java:13)
	at jp.go.jpo.sa1s99.common.format.integration.ExecuteApiByDirection.execute(ExecuteApiByDirection.java:28)
	at jp.go.jpo.sa1s99.common.format.integration.HtmlToXmlForAmendApiIntegrationTest.ファイル出力を比較する: #direction #parsedResult(HtmlToXmlForAmendApiIntegrationTest.groovy:29)
</failure>
  </testcase>
  <testcase name="ファイル出力を比較する: Direction{ s_InputDir: data/input/All-Format/pat-etc/13-etcetera-a871-p, s_OutputDir: data/output/html_amend/All-Format/pat-etc/13-etcetera-a871-p} null" classname="jp.go.jpo.sa1s99.common.format.integration.HtmlToXmlForAmendApiIntegrationTest" time="0.0">
    <failure message="java.lang.IllegalArgumentException: Not implemented yet" type="java.lang.IllegalArgumentException">java.lang.IllegalArgumentException: Not implemented yet
	at jp.go.jpo.sa1s99.common.format.api.XmlToHtmlForAmendApi.execute(XmlToHtmlForAmendApi.java:32)
	at jp.go.jpo.sa1s99.common.format.integration.ExecuteXmlToHtmlForAmendApiByDirection.executeApi(ExecuteXmlToHtmlForAmendApiByDirection.java:26)
	at jp.go.jpo.sa1s99.common.format.integration.ExecuteXmlToHtmlForAmendApiByDirection.executeApi(ExecuteXmlToHtmlForAmendApiByDirection.java:13)
	at jp.go.jpo.sa1s99.common.format.integration.ExecuteApiByDirection.execute(ExecuteApiByDirection.java:28)
	at jp.go.jpo.sa1s99.common.format.integration.HtmlToXmlForAmendApiIntegrationTest.ファイル出力を比較する: #direction #parsedResult(HtmlToXmlForAmendApiIntegrationTest.groovy:29)
</failure>
  </testcase>
  <testcase name="ファイル出力を比較する: Direction{ s_InputDir: data/input/All-Format/pat-etc/13-etcetera-a871-u, s_OutputDir: data/output/html_amend/All-Format/pat-etc/13-etcetera-a871-u} null" classname="jp.go.jpo.sa1s99.common.format.integration.HtmlToXmlForAmendApiIntegrationTest" time="0.0">
    <failure message="java.lang.IllegalArgumentException: Not implemented yet" type="java.lang.IllegalArgumentException">java.lang.IllegalArgumentException: Not implemented yet
	at jp.go.jpo.sa1s99.common.format.api.XmlToHtmlForAmendApi.execute(XmlToHtmlForAmendApi.java:32)
	at jp.go.jpo.sa1s99.common.format.integration.ExecuteXmlToHtmlForAmendApiByDirection.executeApi(ExecuteXmlToHtmlForAmendApiByDirection.java:26)
	at jp.go.jpo.sa1s99.common.format.integration.ExecuteXmlToHtmlForAmendApiByDirection.executeApi(ExecuteXmlToHtmlForAmendApiByDirection.java:13)
	at jp.go.jpo.sa1s99.common.format.integration.ExecuteApiByDirection.execute(ExecuteApiByDirection.java:28)
	at jp.go.jpo.sa1s99.common.format.integration.HtmlToXmlForAmendApiIntegrationTest.ファイル出力を比較する: #direction #parsedResult(HtmlToXmlForAmendApiIntegrationTest.groovy:29)
</failure>
  </testcase>
  <testcase name="ファイル出力を比較する: Direction{ s_InputDir: data/input/All-Format/pat-etc/14-etcetera-a872-p, s_OutputDir: data/output/html_amend/All-Format/pat-etc/14-etcetera-a872-p} null" classname="jp.go.jpo.sa1s99.common.format.integration.HtmlToXmlForAmendApiIntegrationTest" time="0.016">
    <failure message="java.lang.IllegalArgumentException: Not implemented yet" type="java.lang.IllegalArgumentException">java.lang.IllegalArgumentException: Not implemented yet
	at jp.go.jpo.sa1s99.common.format.api.XmlToHtmlForAmendApi.execute(XmlToHtmlForAmendApi.java:32)
	at jp.go.jpo.sa1s99.common.format.integration.ExecuteXmlToHtmlForAmendApiByDirection.executeApi(ExecuteXmlToHtmlForAmendApiByDirection.java:26)
	at jp.go.jpo.sa1s99.common.format.integration.ExecuteXmlToHtmlForAmendApiByDirection.executeApi(ExecuteXmlToHtmlForAmendApiByDirection.java:13)
	at jp.go.jpo.sa1s99.common.format.integration.ExecuteApiByDirection.execute(ExecuteApiByDirection.java:28)
	at jp.go.jpo.sa1s99.common.format.integration.HtmlToXmlForAmendApiIntegrationTest.ファイル出力を比較する: #direction #parsedResult(HtmlToXmlForAmendApiIntegrationTest.groovy:29)
</failure>
  </testcase>
  <testcase name="ファイル出力を比較する: Direction{ s_InputDir: data/input/All-Format/pat-etc/14-etcetera-a872-u, s_OutputDir: data/output/html_amend/All-Format/pat-etc/14-etcetera-a872-u} null" classname="jp.go.jpo.sa1s99.common.format.integration.HtmlToXmlForAmendApiIntegrationTest" time="0.0">
    <failure message="java.lang.IllegalArgumentException: Not implemented yet" type="java.lang.IllegalArgumentException">java.lang.IllegalArgumentException: Not implemented yet
	at jp.go.jpo.sa1s99.common.format.api.XmlToHtmlForAmendApi.execute(XmlToHtmlForAmendApi.java:32)
	at jp.go.jpo.sa1s99.common.format.integration.ExecuteXmlToHtmlForAmendApiByDirection.executeApi(ExecuteXmlToHtmlForAmendApiByDirection.java:26)
	at jp.go.jpo.sa1s99.common.format.integration.ExecuteXmlToHtmlForAmendApiByDirection.executeApi(ExecuteXmlToHtmlForAmendApiByDirection.java:13)
	at jp.go.jpo.sa1s99.common.format.integration.ExecuteApiByDirection.execute(ExecuteApiByDirection.java:28)
	at jp.go.jpo.sa1s99.common.format.integration.HtmlToXmlForAmendApiIntegrationTest.ファイル出力を比較する: #direction #parsedResult(HtmlToXmlForAmendApiIntegrationTest.groovy:29)
</failure>
  </testcase>
  <testcase name="ファイル出力を比較する: Direction{ s_InputDir: data/input/All-Format/pat-etc/15-etcetera-a914-p2, s_OutputDir: data/output/html_amend/All-Format/pat-etc/15-etcetera-a914-p2} null" classname="jp.go.jpo.sa1s99.common.format.integration.HtmlToXmlForAmendApiIntegrationTest" time="0.0">
    <failure message="java.lang.IllegalArgumentException: Not implemented yet" type="java.lang.IllegalArgumentException">java.lang.IllegalArgumentException: Not implemented yet
	at jp.go.jpo.sa1s99.common.format.api.XmlToHtmlForAmendApi.execute(XmlToHtmlForAmendApi.java:32)
	at jp.go.jpo.sa1s99.common.format.integration.ExecuteXmlToHtmlForAmendApiByDirection.executeApi(ExecuteXmlToHtmlForAmendApiByDirection.java:26)
	at jp.go.jpo.sa1s99.common.format.integration.ExecuteXmlToHtmlForAmendApiByDirection.executeApi(ExecuteXmlToHtmlForAmendApiByDirection.java:13)
	at jp.go.jpo.sa1s99.common.format.integration.ExecuteApiByDirection.execute(ExecuteApiByDirection.java:28)
	at jp.go.jpo.sa1s99.common.format.integration.HtmlToXmlForAmendApiIntegrationTest.ファイル出力を比較する: #direction #parsedResult(HtmlToXmlForAmendApiIntegrationTest.groovy:29)
</failure>
  </testcase>
  <testcase name="ファイル出力を比較する: Direction{ s_InputDir: data/input/All-Format/pat-etc/15-etcetera-a914-p, s_OutputDir: data/output/html_amend/All-Format/pat-etc/15-etcetera-a914-p} null" classname="jp.go.jpo.sa1s99.common.format.integration.HtmlToXmlForAmendApiIntegrationTest" time="0.0">
    <failure message="java.lang.IllegalArgumentException: Not implemented yet" type="java.lang.IllegalArgumentException">java.lang.IllegalArgumentException: Not implemented yet
	at jp.go.jpo.sa1s99.common.format.api.XmlToHtmlForAmendApi.execute(XmlToHtmlForAmendApi.java:32)
	at jp.go.jpo.sa1s99.common.format.integration.ExecuteXmlToHtmlForAmendApiByDirection.executeApi(ExecuteXmlToHtmlForAmendApiByDirection.java:26)
	at jp.go.jpo.sa1s99.common.format.integration.ExecuteXmlToHtmlForAmendApiByDirection.executeApi(ExecuteXmlToHtmlForAmendApiByDirection.java:13)
	at jp.go.jpo.sa1s99.common.format.integration.ExecuteApiByDirection.execute(ExecuteApiByDirection.java:28)
	at jp.go.jpo.sa1s99.common.format.integration.HtmlToXmlForAmendApiIntegrationTest.ファイル出力を比較する: #direction #parsedResult(HtmlToXmlForAmendApiIntegrationTest.groovy:29)
</failure>
  </testcase>
  <testcase name="ファイル出力を比較する: Direction{ s_InputDir: data/input/All-Format/pat-etc/16-etcetera-a915-p, s_OutputDir: data/output/html_amend/All-Format/pat-etc/16-etcetera-a915-p} null" classname="jp.go.jpo.sa1s99.common.format.integration.HtmlToXmlForAmendApiIntegrationTest" time="0.0">
    <failure message="java.lang.IllegalArgumentException: Not implemented yet" type="java.lang.IllegalArgumentException">java.lang.IllegalArgumentException: Not implemented yet
	at jp.go.jpo.sa1s99.common.format.api.XmlToHtmlForAmendApi.execute(XmlToHtmlForAmendApi.java:32)
	at jp.go.jpo.sa1s99.common.format.integration.ExecuteXmlToHtmlForAmendApiByDirection.executeApi(ExecuteXmlToHtmlForAmendApiByDirection.java:26)
	at jp.go.jpo.sa1s99.common.format.integration.ExecuteXmlToHtmlForAmendApiByDirection.executeApi(ExecuteXmlToHtmlForAmendApiByDirection.java:13)
	at jp.go.jpo.sa1s99.common.format.integration.ExecuteApiByDirection.execute(ExecuteApiByDirection.java:28)
	at jp.go.jpo.sa1s99.common.format.integration.HtmlToXmlForAmendApiIntegrationTest.ファイル出力を比較する: #direction #parsedResult(HtmlToXmlForAmendApiIntegrationTest.groovy:29)
</failure>
  </testcase>
  <testcase name="ファイル出力を比較する: Direction{ s_InputDir: data/input/All-Format/pat-etc/16-etcetera-a915-u, s_OutputDir: data/output/html_amend/All-Format/pat-etc/16-etcetera-a915-u} null" classname="jp.go.jpo.sa1s99.common.format.integration.HtmlToXmlForAmendApiIntegrationTest" time="0.015">
    <failure message="java.lang.IllegalArgumentException: Not implemented yet" type="java.lang.IllegalArgumentException">java.lang.IllegalArgumentException: Not implemented yet
	at jp.go.jpo.sa1s99.common.format.api.XmlToHtmlForAmendApi.execute(XmlToHtmlForAmendApi.java:32)
	at jp.go.jpo.sa1s99.common.format.integration.ExecuteXmlToHtmlForAmendApiByDirection.executeApi(ExecuteXmlToHtmlForAmendApiByDirection.java:26)
	at jp.go.jpo.sa1s99.common.format.integration.ExecuteXmlToHtmlForAmendApiByDirection.executeApi(ExecuteXmlToHtmlForAmendApiByDirection.java:13)
	at jp.go.jpo.sa1s99.common.format.integration.ExecuteApiByDirection.execute(ExecuteApiByDirection.java:28)
	at jp.go.jpo.sa1s99.common.format.integration.HtmlToXmlForAmendApiIntegrationTest.ファイル出力を比較する: #direction #parsedResult(HtmlToXmlForAmendApiIntegrationTest.groovy:29)
</failure>
  </testcase>
  <testcase name="ファイル出力を比較する: Direction{ s_InputDir: data/input/All-Format/pat-etc/17-etcetera-a624-u2, s_OutputDir: data/output/html_amend/All-Format/pat-etc/17-etcetera-a624-u2} null" classname="jp.go.jpo.sa1s99.common.format.integration.HtmlToXmlForAmendApiIntegrationTest" time="0.0">
    <failure message="java.lang.IllegalArgumentException: Not implemented yet" type="java.lang.IllegalArgumentException">java.lang.IllegalArgumentException: Not implemented yet
	at jp.go.jpo.sa1s99.common.format.api.XmlToHtmlForAmendApi.execute(XmlToHtmlForAmendApi.java:32)
	at jp.go.jpo.sa1s99.common.format.integration.ExecuteXmlToHtmlForAmendApiByDirection.executeApi(ExecuteXmlToHtmlForAmendApiByDirection.java:26)
	at jp.go.jpo.sa1s99.common.format.integration.ExecuteXmlToHtmlForAmendApiByDirection.executeApi(ExecuteXmlToHtmlForAmendApiByDirection.java:13)
	at jp.go.jpo.sa1s99.common.format.integration.ExecuteApiByDirection.execute(ExecuteApiByDirection.java:28)
	at jp.go.jpo.sa1s99.common.format.integration.HtmlToXmlForAmendApiIntegrationTest.ファイル出力を比較する: #direction #parsedResult(HtmlToXmlForAmendApiIntegrationTest.groovy:29)
</failure>
  </testcase>
  <testcase name="ファイル出力を比較する: Direction{ s_InputDir: data/input/All-Format/pat-etc/17-etcetera-a624-u, s_OutputDir: data/output/html_amend/All-Format/pat-etc/17-etcetera-a624-u} null" classname="jp.go.jpo.sa1s99.common.format.integration.HtmlToXmlForAmendApiIntegrationTest" time="0.0">
    <failure message="java.lang.IllegalArgumentException: Not implemented yet" type="java.lang.IllegalArgumentException">java.lang.IllegalArgumentException: Not implemented yet
	at jp.go.jpo.sa1s99.common.format.api.XmlToHtmlForAmendApi.execute(XmlToHtmlForAmendApi.java:32)
	at jp.go.jpo.sa1s99.common.format.integration.ExecuteXmlToHtmlForAmendApiByDirection.executeApi(ExecuteXmlToHtmlForAmendApiByDirection.java:26)
	at jp.go.jpo.sa1s99.common.format.integration.ExecuteXmlToHtmlForAmendApiByDirection.executeApi(ExecuteXmlToHtmlForAmendApiByDirection.java:13)
	at jp.go.jpo.sa1s99.common.format.integration.ExecuteApiByDirection.execute(ExecuteApiByDirection.java:28)
	at jp.go.jpo.sa1s99.common.format.integration.HtmlToXmlForAmendApiIntegrationTest.ファイル出力を比較する: #direction #parsedResult(HtmlToXmlForAmendApiIntegrationTest.groovy:29)
</failure>
  </testcase>
  <testcase name="ファイル出力を比較する: Direction{ s_InputDir: data/input/All-Format/pat-etc/99-etcetera-a601-p_densi, s_OutputDir: data/output/html_amend/All-Format/pat-etc/99-etcetera-a601-p_densi} null" classname="jp.go.jpo.sa1s99.common.format.integration.HtmlToXmlForAmendApiIntegrationTest" time="0.0">
    <failure message="java.lang.IllegalArgumentException: Not implemented yet" type="java.lang.IllegalArgumentException">java.lang.IllegalArgumentException: Not implemented yet
	at jp.go.jpo.sa1s99.common.format.api.XmlToHtmlForAmendApi.execute(XmlToHtmlForAmendApi.java:32)
	at jp.go.jpo.sa1s99.common.format.integration.ExecuteXmlToHtmlForAmendApiByDirection.executeApi(ExecuteXmlToHtmlForAmendApiByDirection.java:26)
	at jp.go.jpo.sa1s99.common.format.integration.ExecuteXmlToHtmlForAmendApiByDirection.executeApi(ExecuteXmlToHtmlForAmendApiByDirection.java:13)
	at jp.go.jpo.sa1s99.common.format.integration.ExecuteApiByDirection.execute(ExecuteApiByDirection.java:28)
	at jp.go.jpo.sa1s99.common.format.integration.HtmlToXmlForAmendApiIntegrationTest.ファイル出力を比較する: #direction #parsedResult(HtmlToXmlForAmendApiIntegrationTest.groovy:29)
</failure>
  </testcase>
  <testcase name="ファイル出力を比較する: Direction{ s_InputDir: data/input/All-Format/pat-etc/99-etcetera-a621-p_H16, s_OutputDir: data/output/html_amend/All-Format/pat-etc/99-etcetera-a621-p_H16} null" classname="jp.go.jpo.sa1s99.common.format.integration.HtmlToXmlForAmendApiIntegrationTest" time="0.0">
    <failure message="java.lang.IllegalArgumentException: Not implemented yet" type="java.lang.IllegalArgumentException">java.lang.IllegalArgumentException: Not implemented yet
	at jp.go.jpo.sa1s99.common.format.api.XmlToHtmlForAmendApi.execute(XmlToHtmlForAmendApi.java:32)
	at jp.go.jpo.sa1s99.common.format.integration.ExecuteXmlToHtmlForAmendApiByDirection.executeApi(ExecuteXmlToHtmlForAmendApiByDirection.java:26)
	at jp.go.jpo.sa1s99.common.format.integration.ExecuteXmlToHtmlForAmendApiByDirection.executeApi(ExecuteXmlToHtmlForAmendApiByDirection.java:13)
	at jp.go.jpo.sa1s99.common.format.integration.ExecuteApiByDirection.execute(ExecuteApiByDirection.java:28)
	at jp.go.jpo.sa1s99.common.format.integration.HtmlToXmlForAmendApiIntegrationTest.ファイル出力を比較する: #direction #parsedResult(HtmlToXmlForAmendApiIntegrationTest.groovy:29)
</failure>
  </testcase>
  <testcase name="ファイル出力を比較する: Direction{ s_InputDir: data/input/All-Format/pat-etc/99-etcetera-a621-u_H16, s_OutputDir: data/output/html_amend/All-Format/pat-etc/99-etcetera-a621-u_H16} null" classname="jp.go.jpo.sa1s99.common.format.integration.HtmlToXmlForAmendApiIntegrationTest" time="0.0">
    <failure message="java.lang.IllegalArgumentException: Not implemented yet" type="java.lang.IllegalArgumentException">java.lang.IllegalArgumentException: Not implemented yet
	at jp.go.jpo.sa1s99.common.format.api.XmlToHtmlForAmendApi.execute(XmlToHtmlForAmendApi.java:32)
	at jp.go.jpo.sa1s99.common.format.integration.ExecuteXmlToHtmlForAmendApiByDirection.executeApi(ExecuteXmlToHtmlForAmendApiByDirection.java:26)
	at jp.go.jpo.sa1s99.common.format.integration.ExecuteXmlToHtmlForAmendApiByDirection.executeApi(ExecuteXmlToHtmlForAmendApiByDirection.java:13)
	at jp.go.jpo.sa1s99.common.format.integration.ExecuteApiByDirection.execute(ExecuteApiByDirection.java:28)
	at jp.go.jpo.sa1s99.common.format.integration.HtmlToXmlForAmendApiIntegrationTest.ファイル出力を比較する: #direction #parsedResult(HtmlToXmlForAmendApiIntegrationTest.groovy:29)
</failure>
  </testcase>
  <testcase name="ファイル出力を比較する: Direction{ s_InputDir: data/input/All-Format/pat-etc/99-etcetera-a623-u_H16, s_OutputDir: data/output/html_amend/All-Format/pat-etc/99-etcetera-a623-u_H16} null" classname="jp.go.jpo.sa1s99.common.format.integration.HtmlToXmlForAmendApiIntegrationTest" time="0.016">
    <failure message="java.lang.IllegalArgumentException: Not implemented yet" type="java.lang.IllegalArgumentException">java.lang.IllegalArgumentException: Not implemented yet
	at jp.go.jpo.sa1s99.common.format.api.XmlToHtmlForAmendApi.execute(XmlToHtmlForAmendApi.java:32)
	at jp.go.jpo.sa1s99.common.format.integration.ExecuteXmlToHtmlForAmendApiByDirection.executeApi(ExecuteXmlToHtmlForAmendApiByDirection.java:26)
	at jp.go.jpo.sa1s99.common.format.integration.ExecuteXmlToHtmlForAmendApiByDirection.executeApi(ExecuteXmlToHtmlForAmendApiByDirection.java:13)
	at jp.go.jpo.sa1s99.common.format.integration.ExecuteApiByDirection.execute(ExecuteApiByDirection.java:28)
	at jp.go.jpo.sa1s99.common.format.integration.HtmlToXmlForAmendApiIntegrationTest.ファイル出力を比較する: #direction #parsedResult(HtmlToXmlForAmendApiIntegrationTest.groovy:29)
</failure>
  </testcase>
  <testcase name="ファイル出力を比較する: Direction{ s_InputDir: data/input/All-Format/pat-etc/99-etcetera-a625-p2_H16, s_OutputDir: data/output/html_amend/All-Format/pat-etc/99-etcetera-a625-p2_H16} null" classname="jp.go.jpo.sa1s99.common.format.integration.HtmlToXmlForAmendApiIntegrationTest" time="0.0">
    <failure message="java.lang.IllegalArgumentException: Not implemented yet" type="java.lang.IllegalArgumentException">java.lang.IllegalArgumentException: Not implemented yet
	at jp.go.jpo.sa1s99.common.format.api.XmlToHtmlForAmendApi.execute(XmlToHtmlForAmendApi.java:32)
	at jp.go.jpo.sa1s99.common.format.integration.ExecuteXmlToHtmlForAmendApiByDirection.executeApi(ExecuteXmlToHtmlForAmendApiByDirection.java:26)
	at jp.go.jpo.sa1s99.common.format.integration.ExecuteXmlToHtmlForAmendApiByDirection.executeApi(ExecuteXmlToHtmlForAmendApiByDirection.java:13)
	at jp.go.jpo.sa1s99.common.format.integration.ExecuteApiByDirection.execute(ExecuteApiByDirection.java:28)
	at jp.go.jpo.sa1s99.common.format.integration.HtmlToXmlForAmendApiIntegrationTest.ファイル出力を比較する: #direction #parsedResult(HtmlToXmlForAmendApiIntegrationTest.groovy:29)
</failure>
  </testcase>
  <testcase name="ファイル出力を比較する: Direction{ s_InputDir: data/input/All-Format/pat-etc/99-etcetera-a625-p_H16, s_OutputDir: data/output/html_amend/All-Format/pat-etc/99-etcetera-a625-p_H16} null" classname="jp.go.jpo.sa1s99.common.format.integration.HtmlToXmlForAmendApiIntegrationTest" time="0.018">
    <failure message="java.lang.IllegalArgumentException: Not implemented yet" type="java.lang.IllegalArgumentException">java.lang.IllegalArgumentException: Not implemented yet
	at jp.go.jpo.sa1s99.common.format.api.XmlToHtmlForAmendApi.execute(XmlToHtmlForAmendApi.java:32)
	at jp.go.jpo.sa1s99.common.format.integration.ExecuteXmlToHtmlForAmendApiByDirection.executeApi(ExecuteXmlToHtmlForAmendApiByDirection.java:26)
	at jp.go.jpo.sa1s99.common.format.integration.ExecuteXmlToHtmlForAmendApiByDirection.executeApi(ExecuteXmlToHtmlForAmendApiByDirection.java:13)
	at jp.go.jpo.sa1s99.common.format.integration.ExecuteApiByDirection.execute(ExecuteApiByDirection.java:28)
	at jp.go.jpo.sa1s99.common.format.integration.HtmlToXmlForAmendApiIntegrationTest.ファイル出力を比較する: #direction #parsedResult(HtmlToXmlForAmendApiIntegrationTest.groovy:29)
</failure>
  </testcase>
  <testcase name="ファイル出力を比較する: Direction{ s_InputDir: data/input/All-Format/pat-etc/99-etcetera-a625-u2_H16, s_OutputDir: data/output/html_amend/All-Format/pat-etc/99-etcetera-a625-u2_H16} null" classname="jp.go.jpo.sa1s99.common.format.integration.HtmlToXmlForAmendApiIntegrationTest" time="0.003">
    <failure message="java.lang.IllegalArgumentException: Not implemented yet" type="java.lang.IllegalArgumentException">java.lang.IllegalArgumentException: Not implemented yet
	at jp.go.jpo.sa1s99.common.format.api.XmlToHtmlForAmendApi.execute(XmlToHtmlForAmendApi.java:32)
	at jp.go.jpo.sa1s99.common.format.integration.ExecuteXmlToHtmlForAmendApiByDirection.executeApi(ExecuteXmlToHtmlForAmendApiByDirection.java:26)
	at jp.go.jpo.sa1s99.common.format.integration.ExecuteXmlToHtmlForAmendApiByDirection.executeApi(ExecuteXmlToHtmlForAmendApiByDirection.java:13)
	at jp.go.jpo.sa1s99.common.format.integration.ExecuteApiByDirection.execute(ExecuteApiByDirection.java:28)
	at jp.go.jpo.sa1s99.common.format.integration.HtmlToXmlForAmendApiIntegrationTest.ファイル出力を比較する: #direction #parsedResult(HtmlToXmlForAmendApiIntegrationTest.groovy:29)
</failure>
  </testcase>
  <testcase name="ファイル出力を比較する: Direction{ s_InputDir: data/input/All-Format/pat-etc/99-etcetera-a625-u_H16, s_OutputDir: data/output/html_amend/All-Format/pat-etc/99-etcetera-a625-u_H16} null" classname="jp.go.jpo.sa1s99.common.format.integration.HtmlToXmlForAmendApiIntegrationTest" time="0.0">
    <failure message="java.lang.IllegalArgumentException: Not implemented yet" type="java.lang.IllegalArgumentException">java.lang.IllegalArgumentException: Not implemented yet
	at jp.go.jpo.sa1s99.common.format.api.XmlToHtmlForAmendApi.execute(XmlToHtmlForAmendApi.java:32)
	at jp.go.jpo.sa1s99.common.format.integration.ExecuteXmlToHtmlForAmendApiByDirection.executeApi(ExecuteXmlToHtmlForAmendApiByDirection.java:26)
	at jp.go.jpo.sa1s99.common.format.integration.ExecuteXmlToHtmlForAmendApiByDirection.executeApi(ExecuteXmlToHtmlForAmendApiByDirection.java:13)
	at jp.go.jpo.sa1s99.common.format.integration.ExecuteApiByDirection.execute(ExecuteApiByDirection.java:28)
	at jp.go.jpo.sa1s99.common.format.integration.HtmlToXmlForAmendApiIntegrationTest.ファイル出力を比較する: #direction #parsedResult(HtmlToXmlForAmendApiIntegrationTest.groovy:29)
</failure>
  </testcase>
  <testcase name="ファイル出力を比較する: Direction{ s_InputDir: data/input/All-Format/pct-doib/01-aib31b1-p, s_OutputDir: data/output/html_amend/All-Format/pct-doib/01-aib31b1-p} null" classname="jp.go.jpo.sa1s99.common.format.integration.HtmlToXmlForAmendApiIntegrationTest" time="0.0">
    <failure message="java.lang.IllegalArgumentException: Not implemented yet" type="java.lang.IllegalArgumentException">java.lang.IllegalArgumentException: Not implemented yet
	at jp.go.jpo.sa1s99.common.format.api.XmlToHtmlForAmendApi.execute(XmlToHtmlForAmendApi.java:32)
	at jp.go.jpo.sa1s99.common.format.integration.ExecuteXmlToHtmlForAmendApiByDirection.executeApi(ExecuteXmlToHtmlForAmendApiByDirection.java:26)
	at jp.go.jpo.sa1s99.common.format.integration.ExecuteXmlToHtmlForAmendApiByDirection.executeApi(ExecuteXmlToHtmlForAmendApiByDirection.java:13)
	at jp.go.jpo.sa1s99.common.format.integration.ExecuteApiByDirection.execute(ExecuteApiByDirection.java:28)
	at jp.go.jpo.sa1s99.common.format.integration.HtmlToXmlForAmendApiIntegrationTest.ファイル出力を比較する: #direction #parsedResult(HtmlToXmlForAmendApiIntegrationTest.groovy:29)
</failure>
  </testcase>
  <testcase name="ファイル出力を比較する: Direction{ s_InputDir: data/input/All-Format/pct-doib/01-aib31b1-p-conv-err, s_OutputDir: data/output/html_amend/All-Format/pct-doib/01-aib31b1-p-conv-err} null" classname="jp.go.jpo.sa1s99.common.format.integration.HtmlToXmlForAmendApiIntegrationTest" time="0.0">
    <failure message="java.lang.IllegalArgumentException: Not implemented yet" type="java.lang.IllegalArgumentException">java.lang.IllegalArgumentException: Not implemented yet
	at jp.go.jpo.sa1s99.common.format.api.XmlToHtmlForAmendApi.execute(XmlToHtmlForAmendApi.java:32)
	at jp.go.jpo.sa1s99.common.format.integration.ExecuteXmlToHtmlForAmendApiByDirection.executeApi(ExecuteXmlToHtmlForAmendApiByDirection.java:26)
	at jp.go.jpo.sa1s99.common.format.integration.ExecuteXmlToHtmlForAmendApiByDirection.executeApi(ExecuteXmlToHtmlForAmendApiByDirection.java:13)
	at jp.go.jpo.sa1s99.common.format.integration.ExecuteApiByDirection.execute(ExecuteApiByDirection.java:28)
	at jp.go.jpo.sa1s99.common.format.integration.HtmlToXmlForAmendApiIntegrationTest.ファイル出力を比較する: #direction #parsedResult(HtmlToXmlForAmendApiIntegrationTest.groovy:29)
</failure>
  </testcase>
  <testcase name="ファイル出力を比較する: Direction{ s_InputDir: data/input/All-Format/pct-doib/01-aib31b1-p-error-code, s_OutputDir: data/output/html_amend/All-Format/pct-doib/01-aib31b1-p-error-code} null" classname="jp.go.jpo.sa1s99.common.format.integration.HtmlToXmlForAmendApiIntegrationTest" time="0.0">
    <failure message="java.lang.IllegalArgumentException: Not implemented yet" type="java.lang.IllegalArgumentException">java.lang.IllegalArgumentException: Not implemented yet
	at jp.go.jpo.sa1s99.common.format.api.XmlToHtmlForAmendApi.execute(XmlToHtmlForAmendApi.java:32)
	at jp.go.jpo.sa1s99.common.format.integration.ExecuteXmlToHtmlForAmendApiByDirection.executeApi(ExecuteXmlToHtmlForAmendApiByDirection.java:26)
	at jp.go.jpo.sa1s99.common.format.integration.ExecuteXmlToHtmlForAmendApiByDirection.executeApi(ExecuteXmlToHtmlForAmendApiByDirection.java:13)
	at jp.go.jpo.sa1s99.common.format.integration.ExecuteApiByDirection.execute(ExecuteApiByDirection.java:28)
	at jp.go.jpo.sa1s99.common.format.integration.HtmlToXmlForAmendApiIntegrationTest.ファイル出力を比較する: #direction #parsedResult(HtmlToXmlForAmendApiIntegrationTest.groovy:29)
</failure>
  </testcase>
  <testcase name="ファイル出力を比較する: Direction{ s_InputDir: data/input/All-Format/pct-doib/01-aib31b1-p-null, s_OutputDir: data/output/html_amend/All-Format/pct-doib/01-aib31b1-p-null} null" classname="jp.go.jpo.sa1s99.common.format.integration.HtmlToXmlForAmendApiIntegrationTest" time="0.0">
    <failure message="java.lang.IllegalArgumentException: Not implemented yet" type="java.lang.IllegalArgumentException">java.lang.IllegalArgumentException: Not implemented yet
	at jp.go.jpo.sa1s99.common.format.api.XmlToHtmlForAmendApi.execute(XmlToHtmlForAmendApi.java:32)
	at jp.go.jpo.sa1s99.common.format.integration.ExecuteXmlToHtmlForAmendApiByDirection.executeApi(ExecuteXmlToHtmlForAmendApiByDirection.java:26)
	at jp.go.jpo.sa1s99.common.format.integration.ExecuteXmlToHtmlForAmendApiByDirection.executeApi(ExecuteXmlToHtmlForAmendApiByDirection.java:13)
	at jp.go.jpo.sa1s99.common.format.integration.ExecuteApiByDirection.execute(ExecuteApiByDirection.java:28)
	at jp.go.jpo.sa1s99.common.format.integration.HtmlToXmlForAmendApiIntegrationTest.ファイル出力を比較する: #direction #parsedResult(HtmlToXmlForAmendApiIntegrationTest.groovy:29)
</failure>
  </testcase>
  <testcase name="ファイル出力を比較する: Direction{ s_InputDir: data/input/All-Format/pct-doib/01-aib31b1-u, s_OutputDir: data/output/html_amend/All-Format/pct-doib/01-aib31b1-u} null" classname="jp.go.jpo.sa1s99.common.format.integration.HtmlToXmlForAmendApiIntegrationTest" time="0.0">
    <failure message="java.lang.IllegalArgumentException: Not implemented yet" type="java.lang.IllegalArgumentException">java.lang.IllegalArgumentException: Not implemented yet
	at jp.go.jpo.sa1s99.common.format.api.XmlToHtmlForAmendApi.execute(XmlToHtmlForAmendApi.java:32)
	at jp.go.jpo.sa1s99.common.format.integration.ExecuteXmlToHtmlForAmendApiByDirection.executeApi(ExecuteXmlToHtmlForAmendApiByDirection.java:26)
	at jp.go.jpo.sa1s99.common.format.integration.ExecuteXmlToHtmlForAmendApiByDirection.executeApi(ExecuteXmlToHtmlForAmendApiByDirection.java:13)
	at jp.go.jpo.sa1s99.common.format.integration.ExecuteApiByDirection.execute(ExecuteApiByDirection.java:28)
	at jp.go.jpo.sa1s99.common.format.integration.HtmlToXmlForAmendApiIntegrationTest.ファイル出力を比較する: #direction #parsedResult(HtmlToXmlForAmendApiIntegrationTest.groovy:29)
</failure>
  </testcase>
  <testcase name="ファイル出力を比較する: Direction{ s_InputDir: data/input/All-Format/pct-doib/02-aib31c1-p, s_OutputDir: data/output/html_amend/All-Format/pct-doib/02-aib31c1-p} null" classname="jp.go.jpo.sa1s99.common.format.integration.HtmlToXmlForAmendApiIntegrationTest" time="0.016">
    <failure message="java.lang.IllegalArgumentException: Not implemented yet" type="java.lang.IllegalArgumentException">java.lang.IllegalArgumentException: Not implemented yet
	at jp.go.jpo.sa1s99.common.format.api.XmlToHtmlForAmendApi.execute(XmlToHtmlForAmendApi.java:32)
	at jp.go.jpo.sa1s99.common.format.integration.ExecuteXmlToHtmlForAmendApiByDirection.executeApi(ExecuteXmlToHtmlForAmendApiByDirection.java:26)
	at jp.go.jpo.sa1s99.common.format.integration.ExecuteXmlToHtmlForAmendApiByDirection.executeApi(ExecuteXmlToHtmlForAmendApiByDirection.java:13)
	at jp.go.jpo.sa1s99.common.format.integration.ExecuteApiByDirection.execute(ExecuteApiByDirection.java:28)
	at jp.go.jpo.sa1s99.common.format.integration.HtmlToXmlForAmendApiIntegrationTest.ファイル出力を比較する: #direction #parsedResult(HtmlToXmlForAmendApiIntegrationTest.groovy:29)
</failure>
  </testcase>
  <testcase name="ファイル出力を比較する: Direction{ s_InputDir: data/input/All-Format/pct-doib/02-aib31c1-u, s_OutputDir: data/output/html_amend/All-Format/pct-doib/02-aib31c1-u} null" classname="jp.go.jpo.sa1s99.common.format.integration.HtmlToXmlForAmendApiIntegrationTest" time="0.0">
    <failure message="java.lang.IllegalArgumentException: Not implemented yet" type="java.lang.IllegalArgumentException">java.lang.IllegalArgumentException: Not implemented yet
	at jp.go.jpo.sa1s99.common.format.api.XmlToHtmlForAmendApi.execute(XmlToHtmlForAmendApi.java:32)
	at jp.go.jpo.sa1s99.common.format.integration.ExecuteXmlToHtmlForAmendApiByDirection.executeApi(ExecuteXmlToHtmlForAmendApiByDirection.java:26)
	at jp.go.jpo.sa1s99.common.format.integration.ExecuteXmlToHtmlForAmendApiByDirection.executeApi(ExecuteXmlToHtmlForAmendApiByDirection.java:13)
	at jp.go.jpo.sa1s99.common.format.integration.ExecuteApiByDirection.execute(ExecuteApiByDirection.java:28)
	at jp.go.jpo.sa1s99.common.format.integration.HtmlToXmlForAmendApiIntegrationTest.ファイル出力を比較する: #direction #parsedResult(HtmlToXmlForAmendApiIntegrationTest.groovy:29)
</failure>
  </testcase>
  <testcase name="ファイル出力を比較する: Direction{ s_InputDir: data/input/All-Format/pct-doib/03-aib3491-p, s_OutputDir: data/output/html_amend/All-Format/pct-doib/03-aib3491-p} null" classname="jp.go.jpo.sa1s99.common.format.integration.HtmlToXmlForAmendApiIntegrationTest" time="0.0">
    <failure message="java.lang.IllegalArgumentException: Not implemented yet" type="java.lang.IllegalArgumentException">java.lang.IllegalArgumentException: Not implemented yet
	at jp.go.jpo.sa1s99.common.format.api.XmlToHtmlForAmendApi.execute(XmlToHtmlForAmendApi.java:32)
	at jp.go.jpo.sa1s99.common.format.integration.ExecuteXmlToHtmlForAmendApiByDirection.executeApi(ExecuteXmlToHtmlForAmendApiByDirection.java:26)
	at jp.go.jpo.sa1s99.common.format.integration.ExecuteXmlToHtmlForAmendApiByDirection.executeApi(ExecuteXmlToHtmlForAmendApiByDirection.java:13)
	at jp.go.jpo.sa1s99.common.format.integration.ExecuteApiByDirection.execute(ExecuteApiByDirection.java:28)
	at jp.go.jpo.sa1s99.common.format.integration.HtmlToXmlForAmendApiIntegrationTest.ファイル出力を比較する: #direction #parsedResult(HtmlToXmlForAmendApiIntegrationTest.groovy:29)
</failure>
  </testcase>
  <testcase name="ファイル出力を比較する: Direction{ s_InputDir: data/input/All-Format/pct-doib/03-aib3491-u, s_OutputDir: data/output/html_amend/All-Format/pct-doib/03-aib3491-u} null" classname="jp.go.jpo.sa1s99.common.format.integration.HtmlToXmlForAmendApiIntegrationTest" time="0.0">
    <failure message="java.lang.IllegalArgumentException: Not implemented yet" type="java.lang.IllegalArgumentException">java.lang.IllegalArgumentException: Not implemented yet
	at jp.go.jpo.sa1s99.common.format.api.XmlToHtmlForAmendApi.execute(XmlToHtmlForAmendApi.java:32)
	at jp.go.jpo.sa1s99.common.format.integration.ExecuteXmlToHtmlForAmendApiByDirection.executeApi(ExecuteXmlToHtmlForAmendApiByDirection.java:26)
	at jp.go.jpo.sa1s99.common.format.integration.ExecuteXmlToHtmlForAmendApiByDirection.executeApi(ExecuteXmlToHtmlForAmendApiByDirection.java:13)
	at jp.go.jpo.sa1s99.common.format.integration.ExecuteApiByDirection.execute(ExecuteApiByDirection.java:28)
	at jp.go.jpo.sa1s99.common.format.integration.HtmlToXmlForAmendApiIntegrationTest.ファイル出力を比較する: #direction #parsedResult(HtmlToXmlForAmendApiIntegrationTest.groovy:29)
</failure>
  </testcase>
  <testcase name="ファイル出力を比較する: Direction{ s_InputDir: data/input/All-Format/pct-doib/04-aib3492-p, s_OutputDir: data/output/html_amend/All-Format/pct-doib/04-aib3492-p} null" classname="jp.go.jpo.sa1s99.common.format.integration.HtmlToXmlForAmendApiIntegrationTest" time="0.0">
    <failure message="java.lang.IllegalArgumentException: Not implemented yet" type="java.lang.IllegalArgumentException">java.lang.IllegalArgumentException: Not implemented yet
	at jp.go.jpo.sa1s99.common.format.api.XmlToHtmlForAmendApi.execute(XmlToHtmlForAmendApi.java:32)
	at jp.go.jpo.sa1s99.common.format.integration.ExecuteXmlToHtmlForAmendApiByDirection.executeApi(ExecuteXmlToHtmlForAmendApiByDirection.java:26)
	at jp.go.jpo.sa1s99.common.format.integration.ExecuteXmlToHtmlForAmendApiByDirection.executeApi(ExecuteXmlToHtmlForAmendApiByDirection.java:13)
	at jp.go.jpo.sa1s99.common.format.integration.ExecuteApiByDirection.execute(ExecuteApiByDirection.java:28)
	at jp.go.jpo.sa1s99.common.format.integration.HtmlToXmlForAmendApiIntegrationTest.ファイル出力を比較する: #direction #parsedResult(HtmlToXmlForAmendApiIntegrationTest.groovy:29)
</failure>
  </testcase>
  <testcase name="ファイル出力を比較する: Direction{ s_InputDir: data/input/All-Format/pct-doib/04-aib3492-u, s_OutputDir: data/output/html_amend/All-Format/pct-doib/04-aib3492-u} null" classname="jp.go.jpo.sa1s99.common.format.integration.HtmlToXmlForAmendApiIntegrationTest" time="0.015">
    <failure message="java.lang.IllegalArgumentException: Not implemented yet" type="java.lang.IllegalArgumentException">java.lang.IllegalArgumentException: Not implemented yet
	at jp.go.jpo.sa1s99.common.format.api.XmlToHtmlForAmendApi.execute(XmlToHtmlForAmendApi.java:32)
	at jp.go.jpo.sa1s99.common.format.integration.ExecuteXmlToHtmlForAmendApiByDirection.executeApi(ExecuteXmlToHtmlForAmendApiByDirection.java:26)
	at jp.go.jpo.sa1s99.common.format.integration.ExecuteXmlToHtmlForAmendApiByDirection.executeApi(ExecuteXmlToHtmlForAmendApiByDirection.java:13)
	at jp.go.jpo.sa1s99.common.format.integration.ExecuteApiByDirection.execute(ExecuteApiByDirection.java:28)
	at jp.go.jpo.sa1s99.common.format.integration.HtmlToXmlForAmendApiIntegrationTest.ファイル出力を比較する: #direction #parsedResult(HtmlToXmlForAmendApiIntegrationTest.groovy:29)
</failure>
  </testcase>
  <testcase name="ファイル出力を比較する: Direction{ s_InputDir: data/input/All-Format/pct-doib/05-aib3493-p, s_OutputDir: data/output/html_amend/All-Format/pct-doib/05-aib3493-p} null" classname="jp.go.jpo.sa1s99.common.format.integration.HtmlToXmlForAmendApiIntegrationTest" time="0.0">
    <failure message="java.lang.IllegalArgumentException: Not implemented yet" type="java.lang.IllegalArgumentException">java.lang.IllegalArgumentException: Not implemented yet
	at jp.go.jpo.sa1s99.common.format.api.XmlToHtmlForAmendApi.execute(XmlToHtmlForAmendApi.java:32)
	at jp.go.jpo.sa1s99.common.format.integration.ExecuteXmlToHtmlForAmendApiByDirection.executeApi(ExecuteXmlToHtmlForAmendApiByDirection.java:26)
	at jp.go.jpo.sa1s99.common.format.integration.ExecuteXmlToHtmlForAmendApiByDirection.executeApi(ExecuteXmlToHtmlForAmendApiByDirection.java:13)
	at jp.go.jpo.sa1s99.common.format.integration.ExecuteApiByDirection.execute(ExecuteApiByDirection.java:28)
	at jp.go.jpo.sa1s99.common.format.integration.HtmlToXmlForAmendApiIntegrationTest.ファイル出力を比較する: #direction #parsedResult(HtmlToXmlForAmendApiIntegrationTest.groovy:29)
</failure>
  </testcase>
  <testcase name="ファイル出力を比較する: Direction{ s_InputDir: data/input/All-Format/pct-doib/05-aib3493-u, s_OutputDir: data/output/html_amend/All-Format/pct-doib/05-aib3493-u} null" classname="jp.go.jpo.sa1s99.common.format.integration.HtmlToXmlForAmendApiIntegrationTest" time="0.0">
    <failure message="java.lang.IllegalArgumentException: Not implemented yet" type="java.lang.IllegalArgumentException">java.lang.IllegalArgumentException: Not implemented yet
	at jp.go.jpo.sa1s99.common.format.api.XmlToHtmlForAmendApi.execute(XmlToHtmlForAmendApi.java:32)
	at jp.go.jpo.sa1s99.common.format.integration.ExecuteXmlToHtmlForAmendApiByDirection.executeApi(ExecuteXmlToHtmlForAmendApiByDirection.java:26)
	at jp.go.jpo.sa1s99.common.format.integration.ExecuteXmlToHtmlForAmendApiByDirection.executeApi(ExecuteXmlToHtmlForAmendApiByDirection.java:13)
	at jp.go.jpo.sa1s99.common.format.integration.ExecuteApiByDirection.execute(ExecuteApiByDirection.java:28)
	at jp.go.jpo.sa1s99.common.format.integration.HtmlToXmlForAmendApiIntegrationTest.ファイル出力を比較する: #direction #parsedResult(HtmlToXmlForAmendApiIntegrationTest.groovy:29)
</failure>
  </testcase>
  <testcase name="ファイル出力を比較する: Direction{ s_InputDir: data/input/All-Format/pct-doib/99-aib31b1-p_app_null, s_OutputDir: data/output/html_amend/All-Format/pct-doib/99-aib31b1-p_app_null} null" classname="jp.go.jpo.sa1s99.common.format.integration.HtmlToXmlForAmendApiIntegrationTest" time="0.0">
    <failure message="java.lang.IllegalArgumentException: Not implemented yet" type="java.lang.IllegalArgumentException">java.lang.IllegalArgumentException: Not implemented yet
	at jp.go.jpo.sa1s99.common.format.api.XmlToHtmlForAmendApi.execute(XmlToHtmlForAmendApi.java:32)
	at jp.go.jpo.sa1s99.common.format.integration.ExecuteXmlToHtmlForAmendApiByDirection.executeApi(ExecuteXmlToHtmlForAmendApiByDirection.java:26)
	at jp.go.jpo.sa1s99.common.format.integration.ExecuteXmlToHtmlForAmendApiByDirection.executeApi(ExecuteXmlToHtmlForAmendApiByDirection.java:13)
	at jp.go.jpo.sa1s99.common.format.integration.ExecuteApiByDirection.execute(ExecuteApiByDirection.java:28)
	at jp.go.jpo.sa1s99.common.format.integration.HtmlToXmlForAmendApiIntegrationTest.ファイル出力を比較する: #direction #parsedResult(HtmlToXmlForAmendApiIntegrationTest.groovy:29)
</failure>
  </testcase>
  <testcase name="ファイル出力を比較する: Direction{ s_InputDir: data/input/All-Format/pct-doib/99-aib31b1-p_nontoc, s_OutputDir: data/output/html_amend/All-Format/pct-doib/99-aib31b1-p_nontoc} null" classname="jp.go.jpo.sa1s99.common.format.integration.HtmlToXmlForAmendApiIntegrationTest" time="0.0">
    <failure message="java.lang.IllegalArgumentException: Not implemented yet" type="java.lang.IllegalArgumentException">java.lang.IllegalArgumentException: Not implemented yet
	at jp.go.jpo.sa1s99.common.format.api.XmlToHtmlForAmendApi.execute(XmlToHtmlForAmendApi.java:32)
	at jp.go.jpo.sa1s99.common.format.integration.ExecuteXmlToHtmlForAmendApiByDirection.executeApi(ExecuteXmlToHtmlForAmendApiByDirection.java:26)
	at jp.go.jpo.sa1s99.common.format.integration.ExecuteXmlToHtmlForAmendApiByDirection.executeApi(ExecuteXmlToHtmlForAmendApiByDirection.java:13)
	at jp.go.jpo.sa1s99.common.format.integration.ExecuteApiByDirection.execute(ExecuteApiByDirection.java:28)
	at jp.go.jpo.sa1s99.common.format.integration.HtmlToXmlForAmendApiIntegrationTest.ファイル出力を比較する: #direction #parsedResult(HtmlToXmlForAmendApiIntegrationTest.groovy:29)
</failure>
  </testcase>
  <testcase name="ファイル出力を比較する: Direction{ s_InputDir: data/input/All-Format/pct-doib/99-aib31b1-p_toc, s_OutputDir: data/output/html_amend/All-Format/pct-doib/99-aib31b1-p_toc} null" classname="jp.go.jpo.sa1s99.common.format.integration.HtmlToXmlForAmendApiIntegrationTest" time="0.016">
    <failure message="java.lang.IllegalArgumentException: Not implemented yet" type="java.lang.IllegalArgumentException">java.lang.IllegalArgumentException: Not implemented yet
	at jp.go.jpo.sa1s99.common.format.api.XmlToHtmlForAmendApi.execute(XmlToHtmlForAmendApi.java:32)
	at jp.go.jpo.sa1s99.common.format.integration.ExecuteXmlToHtmlForAmendApiByDirection.executeApi(ExecuteXmlToHtmlForAmendApiByDirection.java:26)
	at jp.go.jpo.sa1s99.common.format.integration.ExecuteXmlToHtmlForAmendApiByDirection.executeApi(ExecuteXmlToHtmlForAmendApiByDirection.java:13)
	at jp.go.jpo.sa1s99.common.format.integration.ExecuteApiByDirection.execute(ExecuteApiByDirection.java:28)
	at jp.go.jpo.sa1s99.common.format.integration.HtmlToXmlForAmendApiIntegrationTest.ファイル出力を比較する: #direction #parsedResult(HtmlToXmlForAmendApiIntegrationTest.groovy:29)
</failure>
  </testcase>
  <testcase name="ファイル出力を比較する: Direction{ s_InputDir: data/input/All-Format/pct-doib/99-aib31b1-u_nontoc, s_OutputDir: data/output/html_amend/All-Format/pct-doib/99-aib31b1-u_nontoc} null" classname="jp.go.jpo.sa1s99.common.format.integration.HtmlToXmlForAmendApiIntegrationTest" time="0.0">
    <failure message="java.lang.IllegalArgumentException: Not implemented yet" type="java.lang.IllegalArgumentException">java.lang.IllegalArgumentException: Not implemented yet
	at jp.go.jpo.sa1s99.common.format.api.XmlToHtmlForAmendApi.execute(XmlToHtmlForAmendApi.java:32)
	at jp.go.jpo.sa1s99.common.format.integration.ExecuteXmlToHtmlForAmendApiByDirection.executeApi(ExecuteXmlToHtmlForAmendApiByDirection.java:26)
	at jp.go.jpo.sa1s99.common.format.integration.ExecuteXmlToHtmlForAmendApiByDirection.executeApi(ExecuteXmlToHtmlForAmendApiByDirection.java:13)
	at jp.go.jpo.sa1s99.common.format.integration.ExecuteApiByDirection.execute(ExecuteApiByDirection.java:28)
	at jp.go.jpo.sa1s99.common.format.integration.HtmlToXmlForAmendApiIntegrationTest.ファイル出力を比較する: #direction #parsedResult(HtmlToXmlForAmendApiIntegrationTest.groovy:29)
</failure>
  </testcase>
  <testcase name="ファイル出力を比較する: Direction{ s_InputDir: data/input/All-Format/pct-doib/99-aib31b1-u_toc, s_OutputDir: data/output/html_amend/All-Format/pct-doib/99-aib31b1-u_toc} null" classname="jp.go.jpo.sa1s99.common.format.integration.HtmlToXmlForAmendApiIntegrationTest" time="0.0">
    <failure message="java.lang.IllegalArgumentException: Not implemented yet" type="java.lang.IllegalArgumentException">java.lang.IllegalArgumentException: Not implemented yet
	at jp.go.jpo.sa1s99.common.format.api.XmlToHtmlForAmendApi.execute(XmlToHtmlForAmendApi.java:32)
	at jp.go.jpo.sa1s99.common.format.integration.ExecuteXmlToHtmlForAmendApiByDirection.executeApi(ExecuteXmlToHtmlForAmendApiByDirection.java:26)
	at jp.go.jpo.sa1s99.common.format.integration.ExecuteXmlToHtmlForAmendApiByDirection.executeApi(ExecuteXmlToHtmlForAmendApiByDirection.java:13)
	at jp.go.jpo.sa1s99.common.format.integration.ExecuteApiByDirection.execute(ExecuteApiByDirection.java:28)
	at jp.go.jpo.sa1s99.common.format.integration.HtmlToXmlForAmendApiIntegrationTest.ファイル出力を比較する: #direction #parsedResult(HtmlToXmlForAmendApiIntegrationTest.groovy:29)
</failure>
  </testcase>
  <testcase name="ファイル出力を比較する: Direction{ s_InputDir: data/input/All-Format/pct-doib/a01-aib101-p, s_OutputDir: data/output/html_amend/All-Format/pct-doib/a01-aib101-p} null" classname="jp.go.jpo.sa1s99.common.format.integration.HtmlToXmlForAmendApiIntegrationTest" time="0.0">
    <failure message="java.lang.IllegalArgumentException: Not implemented yet" type="java.lang.IllegalArgumentException">java.lang.IllegalArgumentException: Not implemented yet
	at jp.go.jpo.sa1s99.common.format.api.XmlToHtmlForAmendApi.execute(XmlToHtmlForAmendApi.java:32)
	at jp.go.jpo.sa1s99.common.format.integration.ExecuteXmlToHtmlForAmendApiByDirection.executeApi(ExecuteXmlToHtmlForAmendApiByDirection.java:26)
	at jp.go.jpo.sa1s99.common.format.integration.ExecuteXmlToHtmlForAmendApiByDirection.executeApi(ExecuteXmlToHtmlForAmendApiByDirection.java:13)
	at jp.go.jpo.sa1s99.common.format.integration.ExecuteApiByDirection.execute(ExecuteApiByDirection.java:28)
	at jp.go.jpo.sa1s99.common.format.integration.HtmlToXmlForAmendApiIntegrationTest.ファイル出力を比較する: #direction #parsedResult(HtmlToXmlForAmendApiIntegrationTest.groovy:29)
</failure>
  </testcase>
  <testcase name="ファイル出力を比較する: Direction{ s_InputDir: data/input/All-Format/pct-doib/a01-aib101-u, s_OutputDir: data/output/html_amend/All-Format/pct-doib/a01-aib101-u} null" classname="jp.go.jpo.sa1s99.common.format.integration.HtmlToXmlForAmendApiIntegrationTest" time="0.0">
    <failure message="java.lang.IllegalArgumentException: Not implemented yet" type="java.lang.IllegalArgumentException">java.lang.IllegalArgumentException: Not implemented yet
	at jp.go.jpo.sa1s99.common.format.api.XmlToHtmlForAmendApi.execute(XmlToHtmlForAmendApi.java:32)
	at jp.go.jpo.sa1s99.common.format.integration.ExecuteXmlToHtmlForAmendApiByDirection.executeApi(ExecuteXmlToHtmlForAmendApiByDirection.java:26)
	at jp.go.jpo.sa1s99.common.format.integration.ExecuteXmlToHtmlForAmendApiByDirection.executeApi(ExecuteXmlToHtmlForAmendApiByDirection.java:13)
	at jp.go.jpo.sa1s99.common.format.integration.ExecuteApiByDirection.execute(ExecuteApiByDirection.java:28)
	at jp.go.jpo.sa1s99.common.format.integration.HtmlToXmlForAmendApiIntegrationTest.ファイル出力を比較する: #direction #parsedResult(HtmlToXmlForAmendApiIntegrationTest.groovy:29)
</failure>
  </testcase>
  <testcase name="ファイル出力を比較する: Direction{ s_InputDir: data/input/All-Format/pct-doib/a02-aib101j-p, s_OutputDir: data/output/html_amend/All-Format/pct-doib/a02-aib101j-p} null" classname="jp.go.jpo.sa1s99.common.format.integration.HtmlToXmlForAmendApiIntegrationTest" time="0.016">
    <failure message="java.lang.IllegalArgumentException: Not implemented yet" type="java.lang.IllegalArgumentException">java.lang.IllegalArgumentException: Not implemented yet
	at jp.go.jpo.sa1s99.common.format.api.XmlToHtmlForAmendApi.execute(XmlToHtmlForAmendApi.java:32)
	at jp.go.jpo.sa1s99.common.format.integration.ExecuteXmlToHtmlForAmendApiByDirection.executeApi(ExecuteXmlToHtmlForAmendApiByDirection.java:26)
	at jp.go.jpo.sa1s99.common.format.integration.ExecuteXmlToHtmlForAmendApiByDirection.executeApi(ExecuteXmlToHtmlForAmendApiByDirection.java:13)
	at jp.go.jpo.sa1s99.common.format.integration.ExecuteApiByDirection.execute(ExecuteApiByDirection.java:28)
	at jp.go.jpo.sa1s99.common.format.integration.HtmlToXmlForAmendApiIntegrationTest.ファイル出力を比較する: #direction #parsedResult(HtmlToXmlForAmendApiIntegrationTest.groovy:29)
</failure>
  </testcase>
  <testcase name="ファイル出力を比較する: Direction{ s_InputDir: data/input/All-Format/pct-doib/a02-aib101j-u, s_OutputDir: data/output/html_amend/All-Format/pct-doib/a02-aib101j-u} null" classname="jp.go.jpo.sa1s99.common.format.integration.HtmlToXmlForAmendApiIntegrationTest" time="0.0">
    <failure message="java.lang.IllegalArgumentException: Not implemented yet" type="java.lang.IllegalArgumentException">java.lang.IllegalArgumentException: Not implemented yet
	at jp.go.jpo.sa1s99.common.format.api.XmlToHtmlForAmendApi.execute(XmlToHtmlForAmendApi.java:32)
	at jp.go.jpo.sa1s99.common.format.integration.ExecuteXmlToHtmlForAmendApiByDirection.executeApi(ExecuteXmlToHtmlForAmendApiByDirection.java:26)
	at jp.go.jpo.sa1s99.common.format.integration.ExecuteXmlToHtmlForAmendApiByDirection.executeApi(ExecuteXmlToHtmlForAmendApiByDirection.java:13)
	at jp.go.jpo.sa1s99.common.format.integration.ExecuteApiByDirection.execute(ExecuteApiByDirection.java:28)
	at jp.go.jpo.sa1s99.common.format.integration.HtmlToXmlForAmendApiIntegrationTest.ファイル出力を比較する: #direction #parsedResult(HtmlToXmlForAmendApiIntegrationTest.groovy:29)
</failure>
  </testcase>
  <testcase name="ファイル出力を比較する: Direction{ s_InputDir: data/input/All-Format/pct-doib/a03-aib210-p, s_OutputDir: data/output/html_amend/All-Format/pct-doib/a03-aib210-p} null" classname="jp.go.jpo.sa1s99.common.format.integration.HtmlToXmlForAmendApiIntegrationTest" time="0.0">
    <failure message="java.lang.IllegalArgumentException: Not implemented yet" type="java.lang.IllegalArgumentException">java.lang.IllegalArgumentException: Not implemented yet
	at jp.go.jpo.sa1s99.common.format.api.XmlToHtmlForAmendApi.execute(XmlToHtmlForAmendApi.java:32)
	at jp.go.jpo.sa1s99.common.format.integration.ExecuteXmlToHtmlForAmendApiByDirection.executeApi(ExecuteXmlToHtmlForAmendApiByDirection.java:26)
	at jp.go.jpo.sa1s99.common.format.integration.ExecuteXmlToHtmlForAmendApiByDirection.executeApi(ExecuteXmlToHtmlForAmendApiByDirection.java:13)
	at jp.go.jpo.sa1s99.common.format.integration.ExecuteApiByDirection.execute(ExecuteApiByDirection.java:28)
	at jp.go.jpo.sa1s99.common.format.integration.HtmlToXmlForAmendApiIntegrationTest.ファイル出力を比較する: #direction #parsedResult(HtmlToXmlForAmendApiIntegrationTest.groovy:29)
</failure>
  </testcase>
  <testcase name="ファイル出力を比較する: Direction{ s_InputDir: data/input/All-Format/pct-doib/a03-aib210-u, s_OutputDir: data/output/html_amend/All-Format/pct-doib/a03-aib210-u} null" classname="jp.go.jpo.sa1s99.common.format.integration.HtmlToXmlForAmendApiIntegrationTest" time="0.0">
    <failure message="java.lang.IllegalArgumentException: Not implemented yet" type="java.lang.IllegalArgumentException">java.lang.IllegalArgumentException: Not implemented yet
	at jp.go.jpo.sa1s99.common.format.api.XmlToHtmlForAmendApi.execute(XmlToHtmlForAmendApi.java:32)
	at jp.go.jpo.sa1s99.common.format.integration.ExecuteXmlToHtmlForAmendApiByDirection.executeApi(ExecuteXmlToHtmlForAmendApiByDirection.java:26)
	at jp.go.jpo.sa1s99.common.format.integration.ExecuteXmlToHtmlForAmendApiByDirection.executeApi(ExecuteXmlToHtmlForAmendApiByDirection.java:13)
	at jp.go.jpo.sa1s99.common.format.integration.ExecuteApiByDirection.execute(ExecuteApiByDirection.java:28)
	at jp.go.jpo.sa1s99.common.format.integration.HtmlToXmlForAmendApiIntegrationTest.ファイル出力を比較する: #direction #parsedResult(HtmlToXmlForAmendApiIntegrationTest.groovy:29)
</failure>
  </testcase>
  <testcase name="ファイル出力を比較する: Direction{ s_InputDir: data/input/All-Format/pct-doib/a04-aib21j-p, s_OutputDir: data/output/html_amend/All-Format/pct-doib/a04-aib21j-p} null" classname="jp.go.jpo.sa1s99.common.format.integration.HtmlToXmlForAmendApiIntegrationTest" time="0.0">
    <failure message="java.lang.IllegalArgumentException: Not implemented yet" type="java.lang.IllegalArgumentException">java.lang.IllegalArgumentException: Not implemented yet
	at jp.go.jpo.sa1s99.common.format.api.XmlToHtmlForAmendApi.execute(XmlToHtmlForAmendApi.java:32)
	at jp.go.jpo.sa1s99.common.format.integration.ExecuteXmlToHtmlForAmendApiByDirection.executeApi(ExecuteXmlToHtmlForAmendApiByDirection.java:26)
	at jp.go.jpo.sa1s99.common.format.integration.ExecuteXmlToHtmlForAmendApiByDirection.executeApi(ExecuteXmlToHtmlForAmendApiByDirection.java:13)
	at jp.go.jpo.sa1s99.common.format.integration.ExecuteApiByDirection.execute(ExecuteApiByDirection.java:28)
	at jp.go.jpo.sa1s99.common.format.integration.HtmlToXmlForAmendApiIntegrationTest.ファイル出力を比較する: #direction #parsedResult(HtmlToXmlForAmendApiIntegrationTest.groovy:29)
</failure>
  </testcase>
  <testcase name="ファイル出力を比較する: Direction{ s_InputDir: data/input/All-Format/pct-doib/a04-aib21j-u, s_OutputDir: data/output/html_amend/All-Format/pct-doib/a04-aib21j-u} null" classname="jp.go.jpo.sa1s99.common.format.integration.HtmlToXmlForAmendApiIntegrationTest" time="0.015">
    <failure message="java.lang.IllegalArgumentException: Not implemented yet" type="java.lang.IllegalArgumentException">java.lang.IllegalArgumentException: Not implemented yet
	at jp.go.jpo.sa1s99.common.format.api.XmlToHtmlForAmendApi.execute(XmlToHtmlForAmendApi.java:32)
	at jp.go.jpo.sa1s99.common.format.integration.ExecuteXmlToHtmlForAmendApiByDirection.executeApi(ExecuteXmlToHtmlForAmendApiByDirection.java:26)
	at jp.go.jpo.sa1s99.common.format.integration.ExecuteXmlToHtmlForAmendApiByDirection.executeApi(ExecuteXmlToHtmlForAmendApiByDirection.java:13)
	at jp.go.jpo.sa1s99.common.format.integration.ExecuteApiByDirection.execute(ExecuteApiByDirection.java:28)
	at jp.go.jpo.sa1s99.common.format.integration.HtmlToXmlForAmendApiIntegrationTest.ファイル出力を比較する: #direction #parsedResult(HtmlToXmlForAmendApiIntegrationTest.groovy:29)
</failure>
  </testcase>
  <testcase name="ファイル出力を比較する: Direction{ s_InputDir: data/input/All-Format/pct-doib/a05-aib304-p, s_OutputDir: data/output/html_amend/All-Format/pct-doib/a05-aib304-p} null" classname="jp.go.jpo.sa1s99.common.format.integration.HtmlToXmlForAmendApiIntegrationTest" time="0.0">
    <failure message="java.lang.IllegalArgumentException: Not implemented yet" type="java.lang.IllegalArgumentException">java.lang.IllegalArgumentException: Not implemented yet
	at jp.go.jpo.sa1s99.common.format.api.XmlToHtmlForAmendApi.execute(XmlToHtmlForAmendApi.java:32)
	at jp.go.jpo.sa1s99.common.format.integration.ExecuteXmlToHtmlForAmendApiByDirection.executeApi(ExecuteXmlToHtmlForAmendApiByDirection.java:26)
	at jp.go.jpo.sa1s99.common.format.integration.ExecuteXmlToHtmlForAmendApiByDirection.executeApi(ExecuteXmlToHtmlForAmendApiByDirection.java:13)
	at jp.go.jpo.sa1s99.common.format.integration.ExecuteApiByDirection.execute(ExecuteApiByDirection.java:28)
	at jp.go.jpo.sa1s99.common.format.integration.HtmlToXmlForAmendApiIntegrationTest.ファイル出力を比較する: #direction #parsedResult(HtmlToXmlForAmendApiIntegrationTest.groovy:29)
</failure>
  </testcase>
  <testcase name="ファイル出力を比較する: Direction{ s_InputDir: data/input/All-Format/pct-doib/a05-aib304-u, s_OutputDir: data/output/html_amend/All-Format/pct-doib/a05-aib304-u} null" classname="jp.go.jpo.sa1s99.common.format.integration.HtmlToXmlForAmendApiIntegrationTest" time="0.0">
    <failure message="java.lang.IllegalArgumentException: Not implemented yet" type="java.lang.IllegalArgumentException">java.lang.IllegalArgumentException: Not implemented yet
	at jp.go.jpo.sa1s99.common.format.api.XmlToHtmlForAmendApi.execute(XmlToHtmlForAmendApi.java:32)
	at jp.go.jpo.sa1s99.common.format.integration.ExecuteXmlToHtmlForAmendApiByDirection.executeApi(ExecuteXmlToHtmlForAmendApiByDirection.java:26)
	at jp.go.jpo.sa1s99.common.format.integration.ExecuteXmlToHtmlForAmendApiByDirection.executeApi(ExecuteXmlToHtmlForAmendApiByDirection.java:13)
	at jp.go.jpo.sa1s99.common.format.integration.ExecuteApiByDirection.execute(ExecuteApiByDirection.java:28)
	at jp.go.jpo.sa1s99.common.format.integration.HtmlToXmlForAmendApiIntegrationTest.ファイル出力を比較する: #direction #parsedResult(HtmlToXmlForAmendApiIntegrationTest.groovy:29)
</failure>
  </testcase>
  <testcase name="ファイル出力を比較する: Direction{ s_InputDir: data/input/All-Format/pct-doib/a06-aib305-p, s_OutputDir: data/output/html_amend/All-Format/pct-doib/a06-aib305-p} null" classname="jp.go.jpo.sa1s99.common.format.integration.HtmlToXmlForAmendApiIntegrationTest" time="0.0">
    <failure message="java.lang.IllegalArgumentException: Not implemented yet" type="java.lang.IllegalArgumentException">java.lang.IllegalArgumentException: Not implemented yet
	at jp.go.jpo.sa1s99.common.format.api.XmlToHtmlForAmendApi.execute(XmlToHtmlForAmendApi.java:32)
	at jp.go.jpo.sa1s99.common.format.integration.ExecuteXmlToHtmlForAmendApiByDirection.executeApi(ExecuteXmlToHtmlForAmendApiByDirection.java:26)
	at jp.go.jpo.sa1s99.common.format.integration.ExecuteXmlToHtmlForAmendApiByDirection.executeApi(ExecuteXmlToHtmlForAmendApiByDirection.java:13)
	at jp.go.jpo.sa1s99.common.format.integration.ExecuteApiByDirection.execute(ExecuteApiByDirection.java:28)
	at jp.go.jpo.sa1s99.common.format.integration.HtmlToXmlForAmendApiIntegrationTest.ファイル出力を比較する: #direction #parsedResult(HtmlToXmlForAmendApiIntegrationTest.groovy:29)
</failure>
  </testcase>
  <testcase name="ファイル出力を比較する: Direction{ s_InputDir: data/input/All-Format/pct-doib/a06-aib305-u, s_OutputDir: data/output/html_amend/All-Format/pct-doib/a06-aib305-u} null" classname="jp.go.jpo.sa1s99.common.format.integration.HtmlToXmlForAmendApiIntegrationTest" time="0.0">
    <failure message="java.lang.IllegalArgumentException: Not implemented yet" type="java.lang.IllegalArgumentException">java.lang.IllegalArgumentException: Not implemented yet
	at jp.go.jpo.sa1s99.common.format.api.XmlToHtmlForAmendApi.execute(XmlToHtmlForAmendApi.java:32)
	at jp.go.jpo.sa1s99.common.format.integration.ExecuteXmlToHtmlForAmendApiByDirection.executeApi(ExecuteXmlToHtmlForAmendApiByDirection.java:26)
	at jp.go.jpo.sa1s99.common.format.integration.ExecuteXmlToHtmlForAmendApiByDirection.executeApi(ExecuteXmlToHtmlForAmendApiByDirection.java:13)
	at jp.go.jpo.sa1s99.common.format.integration.ExecuteApiByDirection.execute(ExecuteApiByDirection.java:28)
	at jp.go.jpo.sa1s99.common.format.integration.HtmlToXmlForAmendApiIntegrationTest.ファイル出力を比較する: #direction #parsedResult(HtmlToXmlForAmendApiIntegrationTest.groovy:29)
</failure>
  </testcase>
  <testcase name="ファイル出力を比較する: Direction{ s_InputDir: data/input/All-Format/pct-doib/a07-aib306-p, s_OutputDir: data/output/html_amend/All-Format/pct-doib/a07-aib306-p} null" classname="jp.go.jpo.sa1s99.common.format.integration.HtmlToXmlForAmendApiIntegrationTest" time="0.017">
    <failure message="java.lang.IllegalArgumentException: Not implemented yet" type="java.lang.IllegalArgumentException">java.lang.IllegalArgumentException: Not implemented yet
	at jp.go.jpo.sa1s99.common.format.api.XmlToHtmlForAmendApi.execute(XmlToHtmlForAmendApi.java:32)
	at jp.go.jpo.sa1s99.common.format.integration.ExecuteXmlToHtmlForAmendApiByDirection.executeApi(ExecuteXmlToHtmlForAmendApiByDirection.java:26)
	at jp.go.jpo.sa1s99.common.format.integration.ExecuteXmlToHtmlForAmendApiByDirection.executeApi(ExecuteXmlToHtmlForAmendApiByDirection.java:13)
	at jp.go.jpo.sa1s99.common.format.integration.ExecuteApiByDirection.execute(ExecuteApiByDirection.java:28)
	at jp.go.jpo.sa1s99.common.format.integration.HtmlToXmlForAmendApiIntegrationTest.ファイル出力を比較する: #direction #parsedResult(HtmlToXmlForAmendApiIntegrationTest.groovy:29)
</failure>
  </testcase>
  <testcase name="ファイル出力を比較する: Direction{ s_InputDir: data/input/All-Format/pct-doib/a07-aib306-u, s_OutputDir: data/output/html_amend/All-Format/pct-doib/a07-aib306-u} null" classname="jp.go.jpo.sa1s99.common.format.integration.HtmlToXmlForAmendApiIntegrationTest" time="0.001">
    <failure message="java.lang.IllegalArgumentException: Not implemented yet" type="java.lang.IllegalArgumentException">java.lang.IllegalArgumentException: Not implemented yet
	at jp.go.jpo.sa1s99.common.format.api.XmlToHtmlForAmendApi.execute(XmlToHtmlForAmendApi.java:32)
	at jp.go.jpo.sa1s99.common.format.integration.ExecuteXmlToHtmlForAmendApiByDirection.executeApi(ExecuteXmlToHtmlForAmendApiByDirection.java:26)
	at jp.go.jpo.sa1s99.common.format.integration.ExecuteXmlToHtmlForAmendApiByDirection.executeApi(ExecuteXmlToHtmlForAmendApiByDirection.java:13)
	at jp.go.jpo.sa1s99.common.format.integration.ExecuteApiByDirection.execute(ExecuteApiByDirection.java:28)
	at jp.go.jpo.sa1s99.common.format.integration.HtmlToXmlForAmendApiIntegrationTest.ファイル出力を比較する: #direction #parsedResult(HtmlToXmlForAmendApiIntegrationTest.groovy:29)
</failure>
  </testcase>
  <testcase name="ファイル出力を比較する: Direction{ s_InputDir: data/input/All-Format/pct-doib/a08-aib307-p, s_OutputDir: data/output/html_amend/All-Format/pct-doib/a08-aib307-p} null" classname="jp.go.jpo.sa1s99.common.format.integration.HtmlToXmlForAmendApiIntegrationTest" time="0.002">
    <failure message="java.lang.IllegalArgumentException: Not implemented yet" type="java.lang.IllegalArgumentException">java.lang.IllegalArgumentException: Not implemented yet
	at jp.go.jpo.sa1s99.common.format.api.XmlToHtmlForAmendApi.execute(XmlToHtmlForAmendApi.java:32)
	at jp.go.jpo.sa1s99.common.format.integration.ExecuteXmlToHtmlForAmendApiByDirection.executeApi(ExecuteXmlToHtmlForAmendApiByDirection.java:26)
	at jp.go.jpo.sa1s99.common.format.integration.ExecuteXmlToHtmlForAmendApiByDirection.executeApi(ExecuteXmlToHtmlForAmendApiByDirection.java:13)
	at jp.go.jpo.sa1s99.common.format.integration.ExecuteApiByDirection.execute(ExecuteApiByDirection.java:28)
	at jp.go.jpo.sa1s99.common.format.integration.HtmlToXmlForAmendApiIntegrationTest.ファイル出力を比較する: #direction #parsedResult(HtmlToXmlForAmendApiIntegrationTest.groovy:29)
</failure>
  </testcase>
  <testcase name="ファイル出力を比較する: Direction{ s_InputDir: data/input/All-Format/pct-doib/a08-aib307-u, s_OutputDir: data/output/html_amend/All-Format/pct-doib/a08-aib307-u} null" classname="jp.go.jpo.sa1s99.common.format.integration.HtmlToXmlForAmendApiIntegrationTest" time="0.002">
    <failure message="java.lang.IllegalArgumentException: Not implemented yet" type="java.lang.IllegalArgumentException">java.lang.IllegalArgumentException: Not implemented yet
	at jp.go.jpo.sa1s99.common.format.api.XmlToHtmlForAmendApi.execute(XmlToHtmlForAmendApi.java:32)
	at jp.go.jpo.sa1s99.common.format.integration.ExecuteXmlToHtmlForAmendApiByDirection.executeApi(ExecuteXmlToHtmlForAmendApiByDirection.java:26)
	at jp.go.jpo.sa1s99.common.format.integration.ExecuteXmlToHtmlForAmendApiByDirection.executeApi(ExecuteXmlToHtmlForAmendApiByDirection.java:13)
	at jp.go.jpo.sa1s99.common.format.integration.ExecuteApiByDirection.execute(ExecuteApiByDirection.java:28)
	at jp.go.jpo.sa1s99.common.format.integration.HtmlToXmlForAmendApiIntegrationTest.ファイル出力を比較する: #direction #parsedResult(HtmlToXmlForAmendApiIntegrationTest.groovy:29)
</failure>
  </testcase>
  <testcase name="ファイル出力を比較する: Direction{ s_InputDir: data/input/All-Format/pct-doib/a09-aib310-p, s_OutputDir: data/output/html_amend/All-Format/pct-doib/a09-aib310-p} null" classname="jp.go.jpo.sa1s99.common.format.integration.HtmlToXmlForAmendApiIntegrationTest" time="0.0">
    <failure message="java.lang.IllegalArgumentException: Not implemented yet" type="java.lang.IllegalArgumentException">java.lang.IllegalArgumentException: Not implemented yet
	at jp.go.jpo.sa1s99.common.format.api.XmlToHtmlForAmendApi.execute(XmlToHtmlForAmendApi.java:32)
	at jp.go.jpo.sa1s99.common.format.integration.ExecuteXmlToHtmlForAmendApiByDirection.executeApi(ExecuteXmlToHtmlForAmendApiByDirection.java:26)
	at jp.go.jpo.sa1s99.common.format.integration.ExecuteXmlToHtmlForAmendApiByDirection.executeApi(ExecuteXmlToHtmlForAmendApiByDirection.java:13)
	at jp.go.jpo.sa1s99.common.format.integration.ExecuteApiByDirection.execute(ExecuteApiByDirection.java:28)
	at jp.go.jpo.sa1s99.common.format.integration.HtmlToXmlForAmendApiIntegrationTest.ファイル出力を比較する: #direction #parsedResult(HtmlToXmlForAmendApiIntegrationTest.groovy:29)
</failure>
  </testcase>
  <testcase name="ファイル出力を比較する: Direction{ s_InputDir: data/input/All-Format/pct-doib/a09-aib310-u, s_OutputDir: data/output/html_amend/All-Format/pct-doib/a09-aib310-u} null" classname="jp.go.jpo.sa1s99.common.format.integration.HtmlToXmlForAmendApiIntegrationTest" time="0.0">
    <failure message="java.lang.IllegalArgumentException: Not implemented yet" type="java.lang.IllegalArgumentException">java.lang.IllegalArgumentException: Not implemented yet
	at jp.go.jpo.sa1s99.common.format.api.XmlToHtmlForAmendApi.execute(XmlToHtmlForAmendApi.java:32)
	at jp.go.jpo.sa1s99.common.format.integration.ExecuteXmlToHtmlForAmendApiByDirection.executeApi(ExecuteXmlToHtmlForAmendApiByDirection.java:26)
	at jp.go.jpo.sa1s99.common.format.integration.ExecuteXmlToHtmlForAmendApiByDirection.executeApi(ExecuteXmlToHtmlForAmendApiByDirection.java:13)
	at jp.go.jpo.sa1s99.common.format.integration.ExecuteApiByDirection.execute(ExecuteApiByDirection.java:28)
	at jp.go.jpo.sa1s99.common.format.integration.HtmlToXmlForAmendApiIntegrationTest.ファイル出力を比較する: #direction #parsedResult(HtmlToXmlForAmendApiIntegrationTest.groovy:29)
</failure>
  </testcase>
  <testcase name="ファイル出力を比較する: Direction{ s_InputDir: data/input/All-Format/pct-doib/a10-aib317-p, s_OutputDir: data/output/html_amend/All-Format/pct-doib/a10-aib317-p} null" classname="jp.go.jpo.sa1s99.common.format.integration.HtmlToXmlForAmendApiIntegrationTest" time="0.0">
    <failure message="java.lang.IllegalArgumentException: Not implemented yet" type="java.lang.IllegalArgumentException">java.lang.IllegalArgumentException: Not implemented yet
	at jp.go.jpo.sa1s99.common.format.api.XmlToHtmlForAmendApi.execute(XmlToHtmlForAmendApi.java:32)
	at jp.go.jpo.sa1s99.common.format.integration.ExecuteXmlToHtmlForAmendApiByDirection.executeApi(ExecuteXmlToHtmlForAmendApiByDirection.java:26)
	at jp.go.jpo.sa1s99.common.format.integration.ExecuteXmlToHtmlForAmendApiByDirection.executeApi(ExecuteXmlToHtmlForAmendApiByDirection.java:13)
	at jp.go.jpo.sa1s99.common.format.integration.ExecuteApiByDirection.execute(ExecuteApiByDirection.java:28)
	at jp.go.jpo.sa1s99.common.format.integration.HtmlToXmlForAmendApiIntegrationTest.ファイル出力を比較する: #direction #parsedResult(HtmlToXmlForAmendApiIntegrationTest.groovy:29)
</failure>
  </testcase>
  <testcase name="ファイル出力を比較する: Direction{ s_InputDir: data/input/All-Format/pct-doib/a10-aib317-u, s_OutputDir: data/output/html_amend/All-Format/pct-doib/a10-aib317-u} null" classname="jp.go.jpo.sa1s99.common.format.integration.HtmlToXmlForAmendApiIntegrationTest" time="0.0">
    <failure message="java.lang.IllegalArgumentException: Not implemented yet" type="java.lang.IllegalArgumentException">java.lang.IllegalArgumentException: Not implemented yet
	at jp.go.jpo.sa1s99.common.format.api.XmlToHtmlForAmendApi.execute(XmlToHtmlForAmendApi.java:32)
	at jp.go.jpo.sa1s99.common.format.integration.ExecuteXmlToHtmlForAmendApiByDirection.executeApi(ExecuteXmlToHtmlForAmendApiByDirection.java:26)
	at jp.go.jpo.sa1s99.common.format.integration.ExecuteXmlToHtmlForAmendApiByDirection.executeApi(ExecuteXmlToHtmlForAmendApiByDirection.java:13)
	at jp.go.jpo.sa1s99.common.format.integration.ExecuteApiByDirection.execute(ExecuteApiByDirection.java:28)
	at jp.go.jpo.sa1s99.common.format.integration.HtmlToXmlForAmendApiIntegrationTest.ファイル出力を比較する: #direction #parsedResult(HtmlToXmlForAmendApiIntegrationTest.groovy:29)
</failure>
  </testcase>
  <testcase name="ファイル出力を比較する: Direction{ s_InputDir: data/input/All-Format/pct-doib/a11-aib31a-p, s_OutputDir: data/output/html_amend/All-Format/pct-doib/a11-aib31a-p} null" classname="jp.go.jpo.sa1s99.common.format.integration.HtmlToXmlForAmendApiIntegrationTest" time="0.016">
    <failure message="java.lang.IllegalArgumentException: Not implemented yet" type="java.lang.IllegalArgumentException">java.lang.IllegalArgumentException: Not implemented yet
	at jp.go.jpo.sa1s99.common.format.api.XmlToHtmlForAmendApi.execute(XmlToHtmlForAmendApi.java:32)
	at jp.go.jpo.sa1s99.common.format.integration.ExecuteXmlToHtmlForAmendApiByDirection.executeApi(ExecuteXmlToHtmlForAmendApiByDirection.java:26)
	at jp.go.jpo.sa1s99.common.format.integration.ExecuteXmlToHtmlForAmendApiByDirection.executeApi(ExecuteXmlToHtmlForAmendApiByDirection.java:13)
	at jp.go.jpo.sa1s99.common.format.integration.ExecuteApiByDirection.execute(ExecuteApiByDirection.java:28)
	at jp.go.jpo.sa1s99.common.format.integration.HtmlToXmlForAmendApiIntegrationTest.ファイル出力を比較する: #direction #parsedResult(HtmlToXmlForAmendApiIntegrationTest.groovy:29)
</failure>
  </testcase>
  <testcase name="ファイル出力を比較する: Direction{ s_InputDir: data/input/All-Format/pct-doib/a11-aib31a-u, s_OutputDir: data/output/html_amend/All-Format/pct-doib/a11-aib31a-u} null" classname="jp.go.jpo.sa1s99.common.format.integration.HtmlToXmlForAmendApiIntegrationTest" time="0.0">
    <failure message="java.lang.IllegalArgumentException: Not implemented yet" type="java.lang.IllegalArgumentException">java.lang.IllegalArgumentException: Not implemented yet
	at jp.go.jpo.sa1s99.common.format.api.XmlToHtmlForAmendApi.execute(XmlToHtmlForAmendApi.java:32)
	at jp.go.jpo.sa1s99.common.format.integration.ExecuteXmlToHtmlForAmendApiByDirection.executeApi(ExecuteXmlToHtmlForAmendApiByDirection.java:26)
	at jp.go.jpo.sa1s99.common.format.integration.ExecuteXmlToHtmlForAmendApiByDirection.executeApi(ExecuteXmlToHtmlForAmendApiByDirection.java:13)
	at jp.go.jpo.sa1s99.common.format.integration.ExecuteApiByDirection.execute(ExecuteApiByDirection.java:28)
	at jp.go.jpo.sa1s99.common.format.integration.HtmlToXmlForAmendApiIntegrationTest.ファイル出力を比較する: #direction #parsedResult(HtmlToXmlForAmendApiIntegrationTest.groovy:29)
</failure>
  </testcase>
  <testcase name="ファイル出力を比較する: Direction{ s_InputDir: data/input/All-Format/pct-doib/a12-aib31b-p, s_OutputDir: data/output/html_amend/All-Format/pct-doib/a12-aib31b-p} null" classname="jp.go.jpo.sa1s99.common.format.integration.HtmlToXmlForAmendApiIntegrationTest" time="0.0">
    <failure message="java.lang.IllegalArgumentException: Not implemented yet" type="java.lang.IllegalArgumentException">java.lang.IllegalArgumentException: Not implemented yet
	at jp.go.jpo.sa1s99.common.format.api.XmlToHtmlForAmendApi.execute(XmlToHtmlForAmendApi.java:32)
	at jp.go.jpo.sa1s99.common.format.integration.ExecuteXmlToHtmlForAmendApiByDirection.executeApi(ExecuteXmlToHtmlForAmendApiByDirection.java:26)
	at jp.go.jpo.sa1s99.common.format.integration.ExecuteXmlToHtmlForAmendApiByDirection.executeApi(ExecuteXmlToHtmlForAmendApiByDirection.java:13)
	at jp.go.jpo.sa1s99.common.format.integration.ExecuteApiByDirection.execute(ExecuteApiByDirection.java:28)
	at jp.go.jpo.sa1s99.common.format.integration.HtmlToXmlForAmendApiIntegrationTest.ファイル出力を比較する: #direction #parsedResult(HtmlToXmlForAmendApiIntegrationTest.groovy:29)
</failure>
  </testcase>
  <testcase name="ファイル出力を比較する: Direction{ s_InputDir: data/input/All-Format/pct-doib/a12-aib31b-u, s_OutputDir: data/output/html_amend/All-Format/pct-doib/a12-aib31b-u} null" classname="jp.go.jpo.sa1s99.common.format.integration.HtmlToXmlForAmendApiIntegrationTest" time="0.0">
    <failure message="java.lang.IllegalArgumentException: Not implemented yet" type="java.lang.IllegalArgumentException">java.lang.IllegalArgumentException: Not implemented yet
	at jp.go.jpo.sa1s99.common.format.api.XmlToHtmlForAmendApi.execute(XmlToHtmlForAmendApi.java:32)
	at jp.go.jpo.sa1s99.common.format.integration.ExecuteXmlToHtmlForAmendApiByDirection.executeApi(ExecuteXmlToHtmlForAmendApiByDirection.java:26)
	at jp.go.jpo.sa1s99.common.format.integration.ExecuteXmlToHtmlForAmendApiByDirection.executeApi(ExecuteXmlToHtmlForAmendApiByDirection.java:13)
	at jp.go.jpo.sa1s99.common.format.integration.ExecuteApiByDirection.execute(ExecuteApiByDirection.java:28)
	at jp.go.jpo.sa1s99.common.format.integration.HtmlToXmlForAmendApiIntegrationTest.ファイル出力を比較する: #direction #parsedResult(HtmlToXmlForAmendApiIntegrationTest.groovy:29)
</failure>
  </testcase>
  <testcase name="ファイル出力を比較する: Direction{ s_InputDir: data/input/All-Format/pct-doib/a14-aib31c-p, s_OutputDir: data/output/html_amend/All-Format/pct-doib/a14-aib31c-p} null" classname="jp.go.jpo.sa1s99.common.format.integration.HtmlToXmlForAmendApiIntegrationTest" time="0.0">
    <failure message="java.lang.IllegalArgumentException: Not implemented yet" type="java.lang.IllegalArgumentException">java.lang.IllegalArgumentException: Not implemented yet
	at jp.go.jpo.sa1s99.common.format.api.XmlToHtmlForAmendApi.execute(XmlToHtmlForAmendApi.java:32)
	at jp.go.jpo.sa1s99.common.format.integration.ExecuteXmlToHtmlForAmendApiByDirection.executeApi(ExecuteXmlToHtmlForAmendApiByDirection.java:26)
	at jp.go.jpo.sa1s99.common.format.integration.ExecuteXmlToHtmlForAmendApiByDirection.executeApi(ExecuteXmlToHtmlForAmendApiByDirection.java:13)
	at jp.go.jpo.sa1s99.common.format.integration.ExecuteApiByDirection.execute(ExecuteApiByDirection.java:28)
	at jp.go.jpo.sa1s99.common.format.integration.HtmlToXmlForAmendApiIntegrationTest.ファイル出力を比較する: #direction #parsedResult(HtmlToXmlForAmendApiIntegrationTest.groovy:29)
</failure>
  </testcase>
  <testcase name="ファイル出力を比較する: Direction{ s_InputDir: data/input/All-Format/pct-doib/a14-aib31c-u, s_OutputDir: data/output/html_amend/All-Format/pct-doib/a14-aib31c-u} null" classname="jp.go.jpo.sa1s99.common.format.integration.HtmlToXmlForAmendApiIntegrationTest" time="0.0">
    <failure message="java.lang.IllegalArgumentException: Not implemented yet" type="java.lang.IllegalArgumentException">java.lang.IllegalArgumentException: Not implemented yet
	at jp.go.jpo.sa1s99.common.format.api.XmlToHtmlForAmendApi.execute(XmlToHtmlForAmendApi.java:32)
	at jp.go.jpo.sa1s99.common.format.integration.ExecuteXmlToHtmlForAmendApiByDirection.executeApi(ExecuteXmlToHtmlForAmendApiByDirection.java:26)
	at jp.go.jpo.sa1s99.common.format.integration.ExecuteXmlToHtmlForAmendApiByDirection.executeApi(ExecuteXmlToHtmlForAmendApiByDirection.java:13)
	at jp.go.jpo.sa1s99.common.format.integration.ExecuteApiByDirection.execute(ExecuteApiByDirection.java:28)
	at jp.go.jpo.sa1s99.common.format.integration.HtmlToXmlForAmendApiIntegrationTest.ファイル出力を比較する: #direction #parsedResult(HtmlToXmlForAmendApiIntegrationTest.groovy:29)
</failure>
  </testcase>
  <testcase name="ファイル出力を比較する: Direction{ s_InputDir: data/input/All-Format/pct-doib/a16-aib31e-p, s_OutputDir: data/output/html_amend/All-Format/pct-doib/a16-aib31e-p} null" classname="jp.go.jpo.sa1s99.common.format.integration.HtmlToXmlForAmendApiIntegrationTest" time="0.0">
    <failure message="java.lang.IllegalArgumentException: Not implemented yet" type="java.lang.IllegalArgumentException">java.lang.IllegalArgumentException: Not implemented yet
	at jp.go.jpo.sa1s99.common.format.api.XmlToHtmlForAmendApi.execute(XmlToHtmlForAmendApi.java:32)
	at jp.go.jpo.sa1s99.common.format.integration.ExecuteXmlToHtmlForAmendApiByDirection.executeApi(ExecuteXmlToHtmlForAmendApiByDirection.java:26)
	at jp.go.jpo.sa1s99.common.format.integration.ExecuteXmlToHtmlForAmendApiByDirection.executeApi(ExecuteXmlToHtmlForAmendApiByDirection.java:13)
	at jp.go.jpo.sa1s99.common.format.integration.ExecuteApiByDirection.execute(ExecuteApiByDirection.java:28)
	at jp.go.jpo.sa1s99.common.format.integration.HtmlToXmlForAmendApiIntegrationTest.ファイル出力を比較する: #direction #parsedResult(HtmlToXmlForAmendApiIntegrationTest.groovy:29)
</failure>
  </testcase>
  <testcase name="ファイル出力を比較する: Direction{ s_InputDir: data/input/All-Format/pct-doib/a16-aib31e-u, s_OutputDir: data/output/html_amend/All-Format/pct-doib/a16-aib31e-u} null" classname="jp.go.jpo.sa1s99.common.format.integration.HtmlToXmlForAmendApiIntegrationTest" time="0.016">
    <failure message="java.lang.IllegalArgumentException: Not implemented yet" type="java.lang.IllegalArgumentException">java.lang.IllegalArgumentException: Not implemented yet
	at jp.go.jpo.sa1s99.common.format.api.XmlToHtmlForAmendApi.execute(XmlToHtmlForAmendApi.java:32)
	at jp.go.jpo.sa1s99.common.format.integration.ExecuteXmlToHtmlForAmendApiByDirection.executeApi(ExecuteXmlToHtmlForAmendApiByDirection.java:26)
	at jp.go.jpo.sa1s99.common.format.integration.ExecuteXmlToHtmlForAmendApiByDirection.executeApi(ExecuteXmlToHtmlForAmendApiByDirection.java:13)
	at jp.go.jpo.sa1s99.common.format.integration.ExecuteApiByDirection.execute(ExecuteApiByDirection.java:28)
	at jp.go.jpo.sa1s99.common.format.integration.HtmlToXmlForAmendApiIntegrationTest.ファイル出力を比較する: #direction #parsedResult(HtmlToXmlForAmendApiIntegrationTest.groovy:29)
</failure>
  </testcase>
  <testcase name="ファイル出力を比較する: Direction{ s_InputDir: data/input/All-Format/pct-doib/a17-aib31j-p, s_OutputDir: data/output/html_amend/All-Format/pct-doib/a17-aib31j-p} null" classname="jp.go.jpo.sa1s99.common.format.integration.HtmlToXmlForAmendApiIntegrationTest" time="0.0">
    <failure message="java.lang.IllegalArgumentException: Not implemented yet" type="java.lang.IllegalArgumentException">java.lang.IllegalArgumentException: Not implemented yet
	at jp.go.jpo.sa1s99.common.format.api.XmlToHtmlForAmendApi.execute(XmlToHtmlForAmendApi.java:32)
	at jp.go.jpo.sa1s99.common.format.integration.ExecuteXmlToHtmlForAmendApiByDirection.executeApi(ExecuteXmlToHtmlForAmendApiByDirection.java:26)
	at jp.go.jpo.sa1s99.common.format.integration.ExecuteXmlToHtmlForAmendApiByDirection.executeApi(ExecuteXmlToHtmlForAmendApiByDirection.java:13)
	at jp.go.jpo.sa1s99.common.format.integration.ExecuteApiByDirection.execute(ExecuteApiByDirection.java:28)
	at jp.go.jpo.sa1s99.common.format.integration.HtmlToXmlForAmendApiIntegrationTest.ファイル出力を比較する: #direction #parsedResult(HtmlToXmlForAmendApiIntegrationTest.groovy:29)
</failure>
  </testcase>
  <testcase name="ファイル出力を比較する: Direction{ s_InputDir: data/input/All-Format/pct-doib/a17-aib31j-u, s_OutputDir: data/output/html_amend/All-Format/pct-doib/a17-aib31j-u} null" classname="jp.go.jpo.sa1s99.common.format.integration.HtmlToXmlForAmendApiIntegrationTest" time="0.0">
    <failure message="java.lang.IllegalArgumentException: Not implemented yet" type="java.lang.IllegalArgumentException">java.lang.IllegalArgumentException: Not implemented yet
	at jp.go.jpo.sa1s99.common.format.api.XmlToHtmlForAmendApi.execute(XmlToHtmlForAmendApi.java:32)
	at jp.go.jpo.sa1s99.common.format.integration.ExecuteXmlToHtmlForAmendApiByDirection.executeApi(ExecuteXmlToHtmlForAmendApiByDirection.java:26)
	at jp.go.jpo.sa1s99.common.format.integration.ExecuteXmlToHtmlForAmendApiByDirection.executeApi(ExecuteXmlToHtmlForAmendApiByDirection.java:13)
	at jp.go.jpo.sa1s99.common.format.integration.ExecuteApiByDirection.execute(ExecuteApiByDirection.java:28)
	at jp.go.jpo.sa1s99.common.format.integration.HtmlToXmlForAmendApiIntegrationTest.ファイル出力を比較する: #direction #parsedResult(HtmlToXmlForAmendApiIntegrationTest.groovy:29)
</failure>
  </testcase>
  <testcase name="ファイル出力を比較する: Direction{ s_InputDir: data/input/All-Format/pct-doib/a18-aib324-p, s_OutputDir: data/output/html_amend/All-Format/pct-doib/a18-aib324-p} null" classname="jp.go.jpo.sa1s99.common.format.integration.HtmlToXmlForAmendApiIntegrationTest" time="0.0">
    <failure message="java.lang.IllegalArgumentException: Not implemented yet" type="java.lang.IllegalArgumentException">java.lang.IllegalArgumentException: Not implemented yet
	at jp.go.jpo.sa1s99.common.format.api.XmlToHtmlForAmendApi.execute(XmlToHtmlForAmendApi.java:32)
	at jp.go.jpo.sa1s99.common.format.integration.ExecuteXmlToHtmlForAmendApiByDirection.executeApi(ExecuteXmlToHtmlForAmendApiByDirection.java:26)
	at jp.go.jpo.sa1s99.common.format.integration.ExecuteXmlToHtmlForAmendApiByDirection.executeApi(ExecuteXmlToHtmlForAmendApiByDirection.java:13)
	at jp.go.jpo.sa1s99.common.format.integration.ExecuteApiByDirection.execute(ExecuteApiByDirection.java:28)
	at jp.go.jpo.sa1s99.common.format.integration.HtmlToXmlForAmendApiIntegrationTest.ファイル出力を比較する: #direction #parsedResult(HtmlToXmlForAmendApiIntegrationTest.groovy:29)
</failure>
  </testcase>
  <testcase name="ファイル出力を比較する: Direction{ s_InputDir: data/input/All-Format/pct-doib/a18-aib324-u, s_OutputDir: data/output/html_amend/All-Format/pct-doib/a18-aib324-u} null" classname="jp.go.jpo.sa1s99.common.format.integration.HtmlToXmlForAmendApiIntegrationTest" time="0.0">
    <failure message="java.lang.IllegalArgumentException: Not implemented yet" type="java.lang.IllegalArgumentException">java.lang.IllegalArgumentException: Not implemented yet
	at jp.go.jpo.sa1s99.common.format.api.XmlToHtmlForAmendApi.execute(XmlToHtmlForAmendApi.java:32)
	at jp.go.jpo.sa1s99.common.format.integration.ExecuteXmlToHtmlForAmendApiByDirection.executeApi(ExecuteXmlToHtmlForAmendApiByDirection.java:26)
	at jp.go.jpo.sa1s99.common.format.integration.ExecuteXmlToHtmlForAmendApiByDirection.executeApi(ExecuteXmlToHtmlForAmendApiByDirection.java:13)
	at jp.go.jpo.sa1s99.common.format.integration.ExecuteApiByDirection.execute(ExecuteApiByDirection.java:28)
	at jp.go.jpo.sa1s99.common.format.integration.HtmlToXmlForAmendApiIntegrationTest.ファイル出力を比較する: #direction #parsedResult(HtmlToXmlForAmendApiIntegrationTest.groovy:29)
</failure>
  </testcase>
  <testcase name="ファイル出力を比較する: Direction{ s_InputDir: data/input/All-Format/pct-doib/a19-aib325-p, s_OutputDir: data/output/html_amend/All-Format/pct-doib/a19-aib325-p} null" classname="jp.go.jpo.sa1s99.common.format.integration.HtmlToXmlForAmendApiIntegrationTest" time="0.015">
    <failure message="java.lang.IllegalArgumentException: Not implemented yet" type="java.lang.IllegalArgumentException">java.lang.IllegalArgumentException: Not implemented yet
	at jp.go.jpo.sa1s99.common.format.api.XmlToHtmlForAmendApi.execute(XmlToHtmlForAmendApi.java:32)
	at jp.go.jpo.sa1s99.common.format.integration.ExecuteXmlToHtmlForAmendApiByDirection.executeApi(ExecuteXmlToHtmlForAmendApiByDirection.java:26)
	at jp.go.jpo.sa1s99.common.format.integration.ExecuteXmlToHtmlForAmendApiByDirection.executeApi(ExecuteXmlToHtmlForAmendApiByDirection.java:13)
	at jp.go.jpo.sa1s99.common.format.integration.ExecuteApiByDirection.execute(ExecuteApiByDirection.java:28)
	at jp.go.jpo.sa1s99.common.format.integration.HtmlToXmlForAmendApiIntegrationTest.ファイル出力を比較する: #direction #parsedResult(HtmlToXmlForAmendApiIntegrationTest.groovy:29)
</failure>
  </testcase>
  <testcase name="ファイル出力を比較する: Direction{ s_InputDir: data/input/All-Format/pct-doib/a19-aib325-u, s_OutputDir: data/output/html_amend/All-Format/pct-doib/a19-aib325-u} null" classname="jp.go.jpo.sa1s99.common.format.integration.HtmlToXmlForAmendApiIntegrationTest" time="0.0">
    <failure message="java.lang.IllegalArgumentException: Not implemented yet" type="java.lang.IllegalArgumentException">java.lang.IllegalArgumentException: Not implemented yet
	at jp.go.jpo.sa1s99.common.format.api.XmlToHtmlForAmendApi.execute(XmlToHtmlForAmendApi.java:32)
	at jp.go.jpo.sa1s99.common.format.integration.ExecuteXmlToHtmlForAmendApiByDirection.executeApi(ExecuteXmlToHtmlForAmendApiByDirection.java:26)
	at jp.go.jpo.sa1s99.common.format.integration.ExecuteXmlToHtmlForAmendApiByDirection.executeApi(ExecuteXmlToHtmlForAmendApiByDirection.java:13)
	at jp.go.jpo.sa1s99.common.format.integration.ExecuteApiByDirection.execute(ExecuteApiByDirection.java:28)
	at jp.go.jpo.sa1s99.common.format.integration.HtmlToXmlForAmendApiIntegrationTest.ファイル出力を比較する: #direction #parsedResult(HtmlToXmlForAmendApiIntegrationTest.groovy:29)
</failure>
  </testcase>
  <testcase name="ファイル出力を比較する: Direction{ s_InputDir: data/input/All-Format/pct-doib/a20-aib331-p, s_OutputDir: data/output/html_amend/All-Format/pct-doib/a20-aib331-p} null" classname="jp.go.jpo.sa1s99.common.format.integration.HtmlToXmlForAmendApiIntegrationTest" time="0.0">
    <failure message="java.lang.IllegalArgumentException: Not implemented yet" type="java.lang.IllegalArgumentException">java.lang.IllegalArgumentException: Not implemented yet
	at jp.go.jpo.sa1s99.common.format.api.XmlToHtmlForAmendApi.execute(XmlToHtmlForAmendApi.java:32)
	at jp.go.jpo.sa1s99.common.format.integration.ExecuteXmlToHtmlForAmendApiByDirection.executeApi(ExecuteXmlToHtmlForAmendApiByDirection.java:26)
	at jp.go.jpo.sa1s99.common.format.integration.ExecuteXmlToHtmlForAmendApiByDirection.executeApi(ExecuteXmlToHtmlForAmendApiByDirection.java:13)
	at jp.go.jpo.sa1s99.common.format.integration.ExecuteApiByDirection.execute(ExecuteApiByDirection.java:28)
	at jp.go.jpo.sa1s99.common.format.integration.HtmlToXmlForAmendApiIntegrationTest.ファイル出力を比較する: #direction #parsedResult(HtmlToXmlForAmendApiIntegrationTest.groovy:29)
</failure>
  </testcase>
  <testcase name="ファイル出力を比較する: Direction{ s_InputDir: data/input/All-Format/pct-doib/a20-aib331-u, s_OutputDir: data/output/html_amend/All-Format/pct-doib/a20-aib331-u} null" classname="jp.go.jpo.sa1s99.common.format.integration.HtmlToXmlForAmendApiIntegrationTest" time="0.0">
    <failure message="java.lang.IllegalArgumentException: Not implemented yet" type="java.lang.IllegalArgumentException">java.lang.IllegalArgumentException: Not implemented yet
	at jp.go.jpo.sa1s99.common.format.api.XmlToHtmlForAmendApi.execute(XmlToHtmlForAmendApi.java:32)
	at jp.go.jpo.sa1s99.common.format.integration.ExecuteXmlToHtmlForAmendApiByDirection.executeApi(ExecuteXmlToHtmlForAmendApiByDirection.java:26)
	at jp.go.jpo.sa1s99.common.format.integration.ExecuteXmlToHtmlForAmendApiByDirection.executeApi(ExecuteXmlToHtmlForAmendApiByDirection.java:13)
	at jp.go.jpo.sa1s99.common.format.integration.ExecuteApiByDirection.execute(ExecuteApiByDirection.java:28)
	at jp.go.jpo.sa1s99.common.format.integration.HtmlToXmlForAmendApiIntegrationTest.ファイル出力を比較する: #direction #parsedResult(HtmlToXmlForAmendApiIntegrationTest.groovy:29)
</failure>
  </testcase>
  <testcase name="ファイル出力を比較する: Direction{ s_InputDir: data/input/All-Format/pct-doib/a21-aib334-p, s_OutputDir: data/output/html_amend/All-Format/pct-doib/a21-aib334-p} null" classname="jp.go.jpo.sa1s99.common.format.integration.HtmlToXmlForAmendApiIntegrationTest" time="0.0">
    <failure message="java.lang.IllegalArgumentException: Not implemented yet" type="java.lang.IllegalArgumentException">java.lang.IllegalArgumentException: Not implemented yet
	at jp.go.jpo.sa1s99.common.format.api.XmlToHtmlForAmendApi.execute(XmlToHtmlForAmendApi.java:32)
	at jp.go.jpo.sa1s99.common.format.integration.ExecuteXmlToHtmlForAmendApiByDirection.executeApi(ExecuteXmlToHtmlForAmendApiByDirection.java:26)
	at jp.go.jpo.sa1s99.common.format.integration.ExecuteXmlToHtmlForAmendApiByDirection.executeApi(ExecuteXmlToHtmlForAmendApiByDirection.java:13)
	at jp.go.jpo.sa1s99.common.format.integration.ExecuteApiByDirection.execute(ExecuteApiByDirection.java:28)
	at jp.go.jpo.sa1s99.common.format.integration.HtmlToXmlForAmendApiIntegrationTest.ファイル出力を比較する: #direction #parsedResult(HtmlToXmlForAmendApiIntegrationTest.groovy:29)
</failure>
  </testcase>
  <testcase name="ファイル出力を比較する: Direction{ s_InputDir: data/input/All-Format/pct-doib/a21-aib334-u, s_OutputDir: data/output/html_amend/All-Format/pct-doib/a21-aib334-u} null" classname="jp.go.jpo.sa1s99.common.format.integration.HtmlToXmlForAmendApiIntegrationTest" time="0.016">
    <failure message="java.lang.IllegalArgumentException: Not implemented yet" type="java.lang.IllegalArgumentException">java.lang.IllegalArgumentException: Not implemented yet
	at jp.go.jpo.sa1s99.common.format.api.XmlToHtmlForAmendApi.execute(XmlToHtmlForAmendApi.java:32)
	at jp.go.jpo.sa1s99.common.format.integration.ExecuteXmlToHtmlForAmendApiByDirection.executeApi(ExecuteXmlToHtmlForAmendApiByDirection.java:26)
	at jp.go.jpo.sa1s99.common.format.integration.ExecuteXmlToHtmlForAmendApiByDirection.executeApi(ExecuteXmlToHtmlForAmendApiByDirection.java:13)
	at jp.go.jpo.sa1s99.common.format.integration.ExecuteApiByDirection.execute(ExecuteApiByDirection.java:28)
	at jp.go.jpo.sa1s99.common.format.integration.HtmlToXmlForAmendApiIntegrationTest.ファイル出力を比較する: #direction #parsedResult(HtmlToXmlForAmendApiIntegrationTest.groovy:29)
</failure>
  </testcase>
  <testcase name="ファイル出力を比較する: Direction{ s_InputDir: data/input/All-Format/pct-doib/a22-aib338-p, s_OutputDir: data/output/html_amend/All-Format/pct-doib/a22-aib338-p} null" classname="jp.go.jpo.sa1s99.common.format.integration.HtmlToXmlForAmendApiIntegrationTest" time="0.0">
    <failure message="java.lang.IllegalArgumentException: Not implemented yet" type="java.lang.IllegalArgumentException">java.lang.IllegalArgumentException: Not implemented yet
	at jp.go.jpo.sa1s99.common.format.api.XmlToHtmlForAmendApi.execute(XmlToHtmlForAmendApi.java:32)
	at jp.go.jpo.sa1s99.common.format.integration.ExecuteXmlToHtmlForAmendApiByDirection.executeApi(ExecuteXmlToHtmlForAmendApiByDirection.java:26)
	at jp.go.jpo.sa1s99.common.format.integration.ExecuteXmlToHtmlForAmendApiByDirection.executeApi(ExecuteXmlToHtmlForAmendApiByDirection.java:13)
	at jp.go.jpo.sa1s99.common.format.integration.ExecuteApiByDirection.execute(ExecuteApiByDirection.java:28)
	at jp.go.jpo.sa1s99.common.format.integration.HtmlToXmlForAmendApiIntegrationTest.ファイル出力を比較する: #direction #parsedResult(HtmlToXmlForAmendApiIntegrationTest.groovy:29)
</failure>
  </testcase>
  <testcase name="ファイル出力を比較する: Direction{ s_InputDir: data/input/All-Format/pct-doib/a22-aib338-u, s_OutputDir: data/output/html_amend/All-Format/pct-doib/a22-aib338-u} null" classname="jp.go.jpo.sa1s99.common.format.integration.HtmlToXmlForAmendApiIntegrationTest" time="0.016">
    <failure message="java.lang.IllegalArgumentException: Not implemented yet" type="java.lang.IllegalArgumentException">java.lang.IllegalArgumentException: Not implemented yet
	at jp.go.jpo.sa1s99.common.format.api.XmlToHtmlForAmendApi.execute(XmlToHtmlForAmendApi.java:32)
	at jp.go.jpo.sa1s99.common.format.integration.ExecuteXmlToHtmlForAmendApiByDirection.executeApi(ExecuteXmlToHtmlForAmendApiByDirection.java:26)
	at jp.go.jpo.sa1s99.common.format.integration.ExecuteXmlToHtmlForAmendApiByDirection.executeApi(ExecuteXmlToHtmlForAmendApiByDirection.java:13)
	at jp.go.jpo.sa1s99.common.format.integration.ExecuteApiByDirection.execute(ExecuteApiByDirection.java:28)
	at jp.go.jpo.sa1s99.common.format.integration.HtmlToXmlForAmendApiIntegrationTest.ファイル出力を比較する: #direction #parsedResult(HtmlToXmlForAmendApiIntegrationTest.groovy:29)
</failure>
  </testcase>
  <testcase name="ファイル出力を比較する: Direction{ s_InputDir: data/input/All-Format/pct-doib/a23-aib339-p, s_OutputDir: data/output/html_amend/All-Format/pct-doib/a23-aib339-p} null" classname="jp.go.jpo.sa1s99.common.format.integration.HtmlToXmlForAmendApiIntegrationTest" time="0.0">
    <failure message="java.lang.IllegalArgumentException: Not implemented yet" type="java.lang.IllegalArgumentException">java.lang.IllegalArgumentException: Not implemented yet
	at jp.go.jpo.sa1s99.common.format.api.XmlToHtmlForAmendApi.execute(XmlToHtmlForAmendApi.java:32)
	at jp.go.jpo.sa1s99.common.format.integration.ExecuteXmlToHtmlForAmendApiByDirection.executeApi(ExecuteXmlToHtmlForAmendApiByDirection.java:26)
	at jp.go.jpo.sa1s99.common.format.integration.ExecuteXmlToHtmlForAmendApiByDirection.executeApi(ExecuteXmlToHtmlForAmendApiByDirection.java:13)
	at jp.go.jpo.sa1s99.common.format.integration.ExecuteApiByDirection.execute(ExecuteApiByDirection.java:28)
	at jp.go.jpo.sa1s99.common.format.integration.HtmlToXmlForAmendApiIntegrationTest.ファイル出力を比較する: #direction #parsedResult(HtmlToXmlForAmendApiIntegrationTest.groovy:29)
</failure>
  </testcase>
  <testcase name="ファイル出力を比較する: Direction{ s_InputDir: data/input/All-Format/pct-doib/a23-aib339-u, s_OutputDir: data/output/html_amend/All-Format/pct-doib/a23-aib339-u} null" classname="jp.go.jpo.sa1s99.common.format.integration.HtmlToXmlForAmendApiIntegrationTest" time="0.0">
    <failure message="java.lang.IllegalArgumentException: Not implemented yet" type="java.lang.IllegalArgumentException">java.lang.IllegalArgumentException: Not implemented yet
	at jp.go.jpo.sa1s99.common.format.api.XmlToHtmlForAmendApi.execute(XmlToHtmlForAmendApi.java:32)
	at jp.go.jpo.sa1s99.common.format.integration.ExecuteXmlToHtmlForAmendApiByDirection.executeApi(ExecuteXmlToHtmlForAmendApiByDirection.java:26)
	at jp.go.jpo.sa1s99.common.format.integration.ExecuteXmlToHtmlForAmendApiByDirection.executeApi(ExecuteXmlToHtmlForAmendApiByDirection.java:13)
	at jp.go.jpo.sa1s99.common.format.integration.ExecuteApiByDirection.execute(ExecuteApiByDirection.java:28)
	at jp.go.jpo.sa1s99.common.format.integration.HtmlToXmlForAmendApiIntegrationTest.ファイル出力を比較する: #direction #parsedResult(HtmlToXmlForAmendApiIntegrationTest.groovy:29)
</failure>
  </testcase>
  <testcase name="ファイル出力を比較する: Direction{ s_InputDir: data/input/All-Format/pct-doib/a24-aib345-p, s_OutputDir: data/output/html_amend/All-Format/pct-doib/a24-aib345-p} null" classname="jp.go.jpo.sa1s99.common.format.integration.HtmlToXmlForAmendApiIntegrationTest" time="0.0">
    <failure message="java.lang.IllegalArgumentException: Not implemented yet" type="java.lang.IllegalArgumentException">java.lang.IllegalArgumentException: Not implemented yet
	at jp.go.jpo.sa1s99.common.format.api.XmlToHtmlForAmendApi.execute(XmlToHtmlForAmendApi.java:32)
	at jp.go.jpo.sa1s99.common.format.integration.ExecuteXmlToHtmlForAmendApiByDirection.executeApi(ExecuteXmlToHtmlForAmendApiByDirection.java:26)
	at jp.go.jpo.sa1s99.common.format.integration.ExecuteXmlToHtmlForAmendApiByDirection.executeApi(ExecuteXmlToHtmlForAmendApiByDirection.java:13)
	at jp.go.jpo.sa1s99.common.format.integration.ExecuteApiByDirection.execute(ExecuteApiByDirection.java:28)
	at jp.go.jpo.sa1s99.common.format.integration.HtmlToXmlForAmendApiIntegrationTest.ファイル出力を比較する: #direction #parsedResult(HtmlToXmlForAmendApiIntegrationTest.groovy:29)
</failure>
  </testcase>
  <testcase name="ファイル出力を比較する: Direction{ s_InputDir: data/input/All-Format/pct-doib/a24-aib345-u, s_OutputDir: data/output/html_amend/All-Format/pct-doib/a24-aib345-u} null" classname="jp.go.jpo.sa1s99.common.format.integration.HtmlToXmlForAmendApiIntegrationTest" time="0.0">
    <failure message="java.lang.IllegalArgumentException: Not implemented yet" type="java.lang.IllegalArgumentException">java.lang.IllegalArgumentException: Not implemented yet
	at jp.go.jpo.sa1s99.common.format.api.XmlToHtmlForAmendApi.execute(XmlToHtmlForAmendApi.java:32)
	at jp.go.jpo.sa1s99.common.format.integration.ExecuteXmlToHtmlForAmendApiByDirection.executeApi(ExecuteXmlToHtmlForAmendApiByDirection.java:26)
	at jp.go.jpo.sa1s99.common.format.integration.ExecuteXmlToHtmlForAmendApiByDirection.executeApi(ExecuteXmlToHtmlForAmendApiByDirection.java:13)
	at jp.go.jpo.sa1s99.common.format.integration.ExecuteApiByDirection.execute(ExecuteApiByDirection.java:28)
	at jp.go.jpo.sa1s99.common.format.integration.HtmlToXmlForAmendApiIntegrationTest.ファイル出力を比較する: #direction #parsedResult(HtmlToXmlForAmendApiIntegrationTest.groovy:29)
</failure>
  </testcase>
  <testcase name="ファイル出力を比較する: Direction{ s_InputDir: data/input/All-Format/pct-doib/a25-aib349-p, s_OutputDir: data/output/html_amend/All-Format/pct-doib/a25-aib349-p} null" classname="jp.go.jpo.sa1s99.common.format.integration.HtmlToXmlForAmendApiIntegrationTest" time="0.018">
    <failure message="java.lang.IllegalArgumentException: Not implemented yet" type="java.lang.IllegalArgumentException">java.lang.IllegalArgumentException: Not implemented yet
	at jp.go.jpo.sa1s99.common.format.api.XmlToHtmlForAmendApi.execute(XmlToHtmlForAmendApi.java:32)
	at jp.go.jpo.sa1s99.common.format.integration.ExecuteXmlToHtmlForAmendApiByDirection.executeApi(ExecuteXmlToHtmlForAmendApiByDirection.java:26)
	at jp.go.jpo.sa1s99.common.format.integration.ExecuteXmlToHtmlForAmendApiByDirection.executeApi(ExecuteXmlToHtmlForAmendApiByDirection.java:13)
	at jp.go.jpo.sa1s99.common.format.integration.ExecuteApiByDirection.execute(ExecuteApiByDirection.java:28)
	at jp.go.jpo.sa1s99.common.format.integration.HtmlToXmlForAmendApiIntegrationTest.ファイル出力を比較する: #direction #parsedResult(HtmlToXmlForAmendApiIntegrationTest.groovy:29)
</failure>
  </testcase>
  <testcase name="ファイル出力を比較する: Direction{ s_InputDir: data/input/All-Format/pct-doib/a25-aib349-u, s_OutputDir: data/output/html_amend/All-Format/pct-doib/a25-aib349-u} null" classname="jp.go.jpo.sa1s99.common.format.integration.HtmlToXmlForAmendApiIntegrationTest" time="0.004">
    <failure message="java.lang.IllegalArgumentException: Not implemented yet" type="java.lang.IllegalArgumentException">java.lang.IllegalArgumentException: Not implemented yet
	at jp.go.jpo.sa1s99.common.format.api.XmlToHtmlForAmendApi.execute(XmlToHtmlForAmendApi.java:32)
	at jp.go.jpo.sa1s99.common.format.integration.ExecuteXmlToHtmlForAmendApiByDirection.executeApi(ExecuteXmlToHtmlForAmendApiByDirection.java:26)
	at jp.go.jpo.sa1s99.common.format.integration.ExecuteXmlToHtmlForAmendApiByDirection.executeApi(ExecuteXmlToHtmlForAmendApiByDirection.java:13)
	at jp.go.jpo.sa1s99.common.format.integration.ExecuteApiByDirection.execute(ExecuteApiByDirection.java:28)
	at jp.go.jpo.sa1s99.common.format.integration.HtmlToXmlForAmendApiIntegrationTest.ファイル出力を比較する: #direction #parsedResult(HtmlToXmlForAmendApiIntegrationTest.groovy:29)
</failure>
  </testcase>
  <testcase name="ファイル出力を比較する: Direction{ s_InputDir: data/input/All-Format/pct-doib/a29-aib350-p, s_OutputDir: data/output/html_amend/All-Format/pct-doib/a29-aib350-p} null" classname="jp.go.jpo.sa1s99.common.format.integration.HtmlToXmlForAmendApiIntegrationTest" time="0.0">
    <failure message="java.lang.IllegalArgumentException: Not implemented yet" type="java.lang.IllegalArgumentException">java.lang.IllegalArgumentException: Not implemented yet
	at jp.go.jpo.sa1s99.common.format.api.XmlToHtmlForAmendApi.execute(XmlToHtmlForAmendApi.java:32)
	at jp.go.jpo.sa1s99.common.format.integration.ExecuteXmlToHtmlForAmendApiByDirection.executeApi(ExecuteXmlToHtmlForAmendApiByDirection.java:26)
	at jp.go.jpo.sa1s99.common.format.integration.ExecuteXmlToHtmlForAmendApiByDirection.executeApi(ExecuteXmlToHtmlForAmendApiByDirection.java:13)
	at jp.go.jpo.sa1s99.common.format.integration.ExecuteApiByDirection.execute(ExecuteApiByDirection.java:28)
	at jp.go.jpo.sa1s99.common.format.integration.HtmlToXmlForAmendApiIntegrationTest.ファイル出力を比較する: #direction #parsedResult(HtmlToXmlForAmendApiIntegrationTest.groovy:29)
</failure>
  </testcase>
  <testcase name="ファイル出力を比較する: Direction{ s_InputDir: data/input/All-Format/pct-doib/a29-aib350-u, s_OutputDir: data/output/html_amend/All-Format/pct-doib/a29-aib350-u} null" classname="jp.go.jpo.sa1s99.common.format.integration.HtmlToXmlForAmendApiIntegrationTest" time="0.0">
    <failure message="java.lang.IllegalArgumentException: Not implemented yet" type="java.lang.IllegalArgumentException">java.lang.IllegalArgumentException: Not implemented yet
	at jp.go.jpo.sa1s99.common.format.api.XmlToHtmlForAmendApi.execute(XmlToHtmlForAmendApi.java:32)
	at jp.go.jpo.sa1s99.common.format.integration.ExecuteXmlToHtmlForAmendApiByDirection.executeApi(ExecuteXmlToHtmlForAmendApiByDirection.java:26)
	at jp.go.jpo.sa1s99.common.format.integration.ExecuteXmlToHtmlForAmendApiByDirection.executeApi(ExecuteXmlToHtmlForAmendApiByDirection.java:13)
	at jp.go.jpo.sa1s99.common.format.integration.ExecuteApiByDirection.execute(ExecuteApiByDirection.java:28)
	at jp.go.jpo.sa1s99.common.format.integration.HtmlToXmlForAmendApiIntegrationTest.ファイル出力を比較する: #direction #parsedResult(HtmlToXmlForAmendApiIntegrationTest.groovy:29)
</failure>
  </testcase>
  <testcase name="ファイル出力を比較する: Direction{ s_InputDir: data/input/All-Format/pct-doib/a30-aib500-p, s_OutputDir: data/output/html_amend/All-Format/pct-doib/a30-aib500-p} null" classname="jp.go.jpo.sa1s99.common.format.integration.HtmlToXmlForAmendApiIntegrationTest" time="0.0">
    <failure message="java.lang.IllegalArgumentException: Not implemented yet" type="java.lang.IllegalArgumentException">java.lang.IllegalArgumentException: Not implemented yet
	at jp.go.jpo.sa1s99.common.format.api.XmlToHtmlForAmendApi.execute(XmlToHtmlForAmendApi.java:32)
	at jp.go.jpo.sa1s99.common.format.integration.ExecuteXmlToHtmlForAmendApiByDirection.executeApi(ExecuteXmlToHtmlForAmendApiByDirection.java:26)
	at jp.go.jpo.sa1s99.common.format.integration.ExecuteXmlToHtmlForAmendApiByDirection.executeApi(ExecuteXmlToHtmlForAmendApiByDirection.java:13)
	at jp.go.jpo.sa1s99.common.format.integration.ExecuteApiByDirection.execute(ExecuteApiByDirection.java:28)
	at jp.go.jpo.sa1s99.common.format.integration.HtmlToXmlForAmendApiIntegrationTest.ファイル出力を比較する: #direction #parsedResult(HtmlToXmlForAmendApiIntegrationTest.groovy:29)
</failure>
  </testcase>
  <testcase name="ファイル出力を比較する: Direction{ s_InputDir: data/input/All-Format/pct-doib/a30-aib500-u, s_OutputDir: data/output/html_amend/All-Format/pct-doib/a30-aib500-u} null" classname="jp.go.jpo.sa1s99.common.format.integration.HtmlToXmlForAmendApiIntegrationTest" time="0.0">
    <failure message="java.lang.IllegalArgumentException: Not implemented yet" type="java.lang.IllegalArgumentException">java.lang.IllegalArgumentException: Not implemented yet
	at jp.go.jpo.sa1s99.common.format.api.XmlToHtmlForAmendApi.execute(XmlToHtmlForAmendApi.java:32)
	at jp.go.jpo.sa1s99.common.format.integration.ExecuteXmlToHtmlForAmendApiByDirection.executeApi(ExecuteXmlToHtmlForAmendApiByDirection.java:26)
	at jp.go.jpo.sa1s99.common.format.integration.ExecuteXmlToHtmlForAmendApiByDirection.executeApi(ExecuteXmlToHtmlForAmendApiByDirection.java:13)
	at jp.go.jpo.sa1s99.common.format.integration.ExecuteApiByDirection.execute(ExecuteApiByDirection.java:28)
	at jp.go.jpo.sa1s99.common.format.integration.HtmlToXmlForAmendApiIntegrationTest.ファイル出力を比較する: #direction #parsedResult(HtmlToXmlForAmendApiIntegrationTest.groovy:29)
</failure>
  </testcase>
  <testcase name="ファイル出力を比較する: Direction{ s_InputDir: data/input/All-Format/pct-doib/a31-aibc101-p, s_OutputDir: data/output/html_amend/All-Format/pct-doib/a31-aibc101-p} null" classname="jp.go.jpo.sa1s99.common.format.integration.HtmlToXmlForAmendApiIntegrationTest" time="0.0">
    <failure message="java.lang.IllegalArgumentException: Not implemented yet" type="java.lang.IllegalArgumentException">java.lang.IllegalArgumentException: Not implemented yet
	at jp.go.jpo.sa1s99.common.format.api.XmlToHtmlForAmendApi.execute(XmlToHtmlForAmendApi.java:32)
	at jp.go.jpo.sa1s99.common.format.integration.ExecuteXmlToHtmlForAmendApiByDirection.executeApi(ExecuteXmlToHtmlForAmendApiByDirection.java:26)
	at jp.go.jpo.sa1s99.common.format.integration.ExecuteXmlToHtmlForAmendApiByDirection.executeApi(ExecuteXmlToHtmlForAmendApiByDirection.java:13)
	at jp.go.jpo.sa1s99.common.format.integration.ExecuteApiByDirection.execute(ExecuteApiByDirection.java:28)
	at jp.go.jpo.sa1s99.common.format.integration.HtmlToXmlForAmendApiIntegrationTest.ファイル出力を比較する: #direction #parsedResult(HtmlToXmlForAmendApiIntegrationTest.groovy:29)
</failure>
  </testcase>
  <testcase name="ファイル出力を比較する: Direction{ s_InputDir: data/input/All-Format/pct-doib/a31-aibc101-u, s_OutputDir: data/output/html_amend/All-Format/pct-doib/a31-aibc101-u} null" classname="jp.go.jpo.sa1s99.common.format.integration.HtmlToXmlForAmendApiIntegrationTest" time="0.0">
    <failure message="java.lang.IllegalArgumentException: Not implemented yet" type="java.lang.IllegalArgumentException">java.lang.IllegalArgumentException: Not implemented yet
	at jp.go.jpo.sa1s99.common.format.api.XmlToHtmlForAmendApi.execute(XmlToHtmlForAmendApi.java:32)
	at jp.go.jpo.sa1s99.common.format.integration.ExecuteXmlToHtmlForAmendApiByDirection.executeApi(ExecuteXmlToHtmlForAmendApiByDirection.java:26)
	at jp.go.jpo.sa1s99.common.format.integration.ExecuteXmlToHtmlForAmendApiByDirection.executeApi(ExecuteXmlToHtmlForAmendApiByDirection.java:13)
	at jp.go.jpo.sa1s99.common.format.integration.ExecuteApiByDirection.execute(ExecuteApiByDirection.java:28)
	at jp.go.jpo.sa1s99.common.format.integration.HtmlToXmlForAmendApiIntegrationTest.ファイル出力を比較する: #direction #parsedResult(HtmlToXmlForAmendApiIntegrationTest.groovy:29)
</failure>
  </testcase>
  <testcase name="ファイル出力を比較する: Direction{ s_InputDir: data/input/All-Format/pct-doib/a32-aibc210-p, s_OutputDir: data/output/html_amend/All-Format/pct-doib/a32-aibc210-p} null" classname="jp.go.jpo.sa1s99.common.format.integration.HtmlToXmlForAmendApiIntegrationTest" time="0.0">
    <failure message="java.lang.IllegalArgumentException: Not implemented yet" type="java.lang.IllegalArgumentException">java.lang.IllegalArgumentException: Not implemented yet
	at jp.go.jpo.sa1s99.common.format.api.XmlToHtmlForAmendApi.execute(XmlToHtmlForAmendApi.java:32)
	at jp.go.jpo.sa1s99.common.format.integration.ExecuteXmlToHtmlForAmendApiByDirection.executeApi(ExecuteXmlToHtmlForAmendApiByDirection.java:26)
	at jp.go.jpo.sa1s99.common.format.integration.ExecuteXmlToHtmlForAmendApiByDirection.executeApi(ExecuteXmlToHtmlForAmendApiByDirection.java:13)
	at jp.go.jpo.sa1s99.common.format.integration.ExecuteApiByDirection.execute(ExecuteApiByDirection.java:28)
	at jp.go.jpo.sa1s99.common.format.integration.HtmlToXmlForAmendApiIntegrationTest.ファイル出力を比較する: #direction #parsedResult(HtmlToXmlForAmendApiIntegrationTest.groovy:29)
</failure>
  </testcase>
  <testcase name="ファイル出力を比較する: Direction{ s_InputDir: data/input/All-Format/pct-doib/a32-aibc210-u, s_OutputDir: data/output/html_amend/All-Format/pct-doib/a32-aibc210-u} null" classname="jp.go.jpo.sa1s99.common.format.integration.HtmlToXmlForAmendApiIntegrationTest" time="0.015">
    <failure message="java.lang.IllegalArgumentException: Not implemented yet" type="java.lang.IllegalArgumentException">java.lang.IllegalArgumentException: Not implemented yet
	at jp.go.jpo.sa1s99.common.format.api.XmlToHtmlForAmendApi.execute(XmlToHtmlForAmendApi.java:32)
	at jp.go.jpo.sa1s99.common.format.integration.ExecuteXmlToHtmlForAmendApiByDirection.executeApi(ExecuteXmlToHtmlForAmendApiByDirection.java:26)
	at jp.go.jpo.sa1s99.common.format.integration.ExecuteXmlToHtmlForAmendApiByDirection.executeApi(ExecuteXmlToHtmlForAmendApiByDirection.java:13)
	at jp.go.jpo.sa1s99.common.format.integration.ExecuteApiByDirection.execute(ExecuteApiByDirection.java:28)
	at jp.go.jpo.sa1s99.common.format.integration.HtmlToXmlForAmendApiIntegrationTest.ファイル出力を比較する: #direction #parsedResult(HtmlToXmlForAmendApiIntegrationTest.groovy:29)
</failure>
  </testcase>
  <testcase name="ファイル出力を比較する: Direction{ s_InputDir: data/input/All-Format/pct-doib/a33-aibc21j-p, s_OutputDir: data/output/html_amend/All-Format/pct-doib/a33-aibc21j-p} null" classname="jp.go.jpo.sa1s99.common.format.integration.HtmlToXmlForAmendApiIntegrationTest" time="0.0">
    <failure message="java.lang.IllegalArgumentException: Not implemented yet" type="java.lang.IllegalArgumentException">java.lang.IllegalArgumentException: Not implemented yet
	at jp.go.jpo.sa1s99.common.format.api.XmlToHtmlForAmendApi.execute(XmlToHtmlForAmendApi.java:32)
	at jp.go.jpo.sa1s99.common.format.integration.ExecuteXmlToHtmlForAmendApiByDirection.executeApi(ExecuteXmlToHtmlForAmendApiByDirection.java:26)
	at jp.go.jpo.sa1s99.common.format.integration.ExecuteXmlToHtmlForAmendApiByDirection.executeApi(ExecuteXmlToHtmlForAmendApiByDirection.java:13)
	at jp.go.jpo.sa1s99.common.format.integration.ExecuteApiByDirection.execute(ExecuteApiByDirection.java:28)
	at jp.go.jpo.sa1s99.common.format.integration.HtmlToXmlForAmendApiIntegrationTest.ファイル出力を比較する: #direction #parsedResult(HtmlToXmlForAmendApiIntegrationTest.groovy:29)
</failure>
  </testcase>
  <testcase name="ファイル出力を比較する: Direction{ s_InputDir: data/input/All-Format/pct-doib/a33-aibc21j-u, s_OutputDir: data/output/html_amend/All-Format/pct-doib/a33-aibc21j-u} null" classname="jp.go.jpo.sa1s99.common.format.integration.HtmlToXmlForAmendApiIntegrationTest" time="0.0">
    <failure message="java.lang.IllegalArgumentException: Not implemented yet" type="java.lang.IllegalArgumentException">java.lang.IllegalArgumentException: Not implemented yet
	at jp.go.jpo.sa1s99.common.format.api.XmlToHtmlForAmendApi.execute(XmlToHtmlForAmendApi.java:32)
	at jp.go.jpo.sa1s99.common.format.integration.ExecuteXmlToHtmlForAmendApiByDirection.executeApi(ExecuteXmlToHtmlForAmendApiByDirection.java:26)
	at jp.go.jpo.sa1s99.common.format.integration.ExecuteXmlToHtmlForAmendApiByDirection.executeApi(ExecuteXmlToHtmlForAmendApiByDirection.java:13)
	at jp.go.jpo.sa1s99.common.format.integration.ExecuteApiByDirection.execute(ExecuteApiByDirection.java:28)
	at jp.go.jpo.sa1s99.common.format.integration.HtmlToXmlForAmendApiIntegrationTest.ファイル出力を比較する: #direction #parsedResult(HtmlToXmlForAmendApiIntegrationTest.groovy:29)
</failure>
  </testcase>
  <testcase name="ファイル出力を比較する: Direction{ s_InputDir: data/input/All-Format/pct-doib/a34-aibc304-p, s_OutputDir: data/output/html_amend/All-Format/pct-doib/a34-aibc304-p} null" classname="jp.go.jpo.sa1s99.common.format.integration.HtmlToXmlForAmendApiIntegrationTest" time="0.0">
    <failure message="java.lang.IllegalArgumentException: Not implemented yet" type="java.lang.IllegalArgumentException">java.lang.IllegalArgumentException: Not implemented yet
	at jp.go.jpo.sa1s99.common.format.api.XmlToHtmlForAmendApi.execute(XmlToHtmlForAmendApi.java:32)
	at jp.go.jpo.sa1s99.common.format.integration.ExecuteXmlToHtmlForAmendApiByDirection.executeApi(ExecuteXmlToHtmlForAmendApiByDirection.java:26)
	at jp.go.jpo.sa1s99.common.format.integration.ExecuteXmlToHtmlForAmendApiByDirection.executeApi(ExecuteXmlToHtmlForAmendApiByDirection.java:13)
	at jp.go.jpo.sa1s99.common.format.integration.ExecuteApiByDirection.execute(ExecuteApiByDirection.java:28)
	at jp.go.jpo.sa1s99.common.format.integration.HtmlToXmlForAmendApiIntegrationTest.ファイル出力を比較する: #direction #parsedResult(HtmlToXmlForAmendApiIntegrationTest.groovy:29)
</failure>
  </testcase>
  <testcase name="ファイル出力を比較する: Direction{ s_InputDir: data/input/All-Format/pct-doib/a34-aibc304-u, s_OutputDir: data/output/html_amend/All-Format/pct-doib/a34-aibc304-u} null" classname="jp.go.jpo.sa1s99.common.format.integration.HtmlToXmlForAmendApiIntegrationTest" time="0.0">
    <failure message="java.lang.IllegalArgumentException: Not implemented yet" type="java.lang.IllegalArgumentException">java.lang.IllegalArgumentException: Not implemented yet
	at jp.go.jpo.sa1s99.common.format.api.XmlToHtmlForAmendApi.execute(XmlToHtmlForAmendApi.java:32)
	at jp.go.jpo.sa1s99.common.format.integration.ExecuteXmlToHtmlForAmendApiByDirection.executeApi(ExecuteXmlToHtmlForAmendApiByDirection.java:26)
	at jp.go.jpo.sa1s99.common.format.integration.ExecuteXmlToHtmlForAmendApiByDirection.executeApi(ExecuteXmlToHtmlForAmendApiByDirection.java:13)
	at jp.go.jpo.sa1s99.common.format.integration.ExecuteApiByDirection.execute(ExecuteApiByDirection.java:28)
	at jp.go.jpo.sa1s99.common.format.integration.HtmlToXmlForAmendApiIntegrationTest.ファイル出力を比較する: #direction #parsedResult(HtmlToXmlForAmendApiIntegrationTest.groovy:29)
</failure>
  </testcase>
  <testcase name="ファイル出力を比較する: Direction{ s_InputDir: data/input/All-Format/pct-doib/a35-aibc305-p, s_OutputDir: data/output/html_amend/All-Format/pct-doib/a35-aibc305-p} null" classname="jp.go.jpo.sa1s99.common.format.integration.HtmlToXmlForAmendApiIntegrationTest" time="0.0">
    <failure message="java.lang.IllegalArgumentException: Not implemented yet" type="java.lang.IllegalArgumentException">java.lang.IllegalArgumentException: Not implemented yet
	at jp.go.jpo.sa1s99.common.format.api.XmlToHtmlForAmendApi.execute(XmlToHtmlForAmendApi.java:32)
	at jp.go.jpo.sa1s99.common.format.integration.ExecuteXmlToHtmlForAmendApiByDirection.executeApi(ExecuteXmlToHtmlForAmendApiByDirection.java:26)
	at jp.go.jpo.sa1s99.common.format.integration.ExecuteXmlToHtmlForAmendApiByDirection.executeApi(ExecuteXmlToHtmlForAmendApiByDirection.java:13)
	at jp.go.jpo.sa1s99.common.format.integration.ExecuteApiByDirection.execute(ExecuteApiByDirection.java:28)
	at jp.go.jpo.sa1s99.common.format.integration.HtmlToXmlForAmendApiIntegrationTest.ファイル出力を比較する: #direction #parsedResult(HtmlToXmlForAmendApiIntegrationTest.groovy:29)
</failure>
  </testcase>
  <testcase name="ファイル出力を比較する: Direction{ s_InputDir: data/input/All-Format/pct-doib/a35-aibc305-u, s_OutputDir: data/output/html_amend/All-Format/pct-doib/a35-aibc305-u} null" classname="jp.go.jpo.sa1s99.common.format.integration.HtmlToXmlForAmendApiIntegrationTest" time="0.0">
    <failure message="java.lang.IllegalArgumentException: Not implemented yet" type="java.lang.IllegalArgumentException">java.lang.IllegalArgumentException: Not implemented yet
	at jp.go.jpo.sa1s99.common.format.api.XmlToHtmlForAmendApi.execute(XmlToHtmlForAmendApi.java:32)
	at jp.go.jpo.sa1s99.common.format.integration.ExecuteXmlToHtmlForAmendApiByDirection.executeApi(ExecuteXmlToHtmlForAmendApiByDirection.java:26)
	at jp.go.jpo.sa1s99.common.format.integration.ExecuteXmlToHtmlForAmendApiByDirection.executeApi(ExecuteXmlToHtmlForAmendApiByDirection.java:13)
	at jp.go.jpo.sa1s99.common.format.integration.ExecuteApiByDirection.execute(ExecuteApiByDirection.java:28)
	at jp.go.jpo.sa1s99.common.format.integration.HtmlToXmlForAmendApiIntegrationTest.ファイル出力を比較する: #direction #parsedResult(HtmlToXmlForAmendApiIntegrationTest.groovy:29)
</failure>
  </testcase>
  <testcase name="ファイル出力を比較する: Direction{ s_InputDir: data/input/All-Format/pct-doib/a36-aibc306-p, s_OutputDir: data/output/html_amend/All-Format/pct-doib/a36-aibc306-p} null" classname="jp.go.jpo.sa1s99.common.format.integration.HtmlToXmlForAmendApiIntegrationTest" time="0.0">
    <failure message="java.lang.IllegalArgumentException: Not implemented yet" type="java.lang.IllegalArgumentException">java.lang.IllegalArgumentException: Not implemented yet
	at jp.go.jpo.sa1s99.common.format.api.XmlToHtmlForAmendApi.execute(XmlToHtmlForAmendApi.java:32)
	at jp.go.jpo.sa1s99.common.format.integration.ExecuteXmlToHtmlForAmendApiByDirection.executeApi(ExecuteXmlToHtmlForAmendApiByDirection.java:26)
	at jp.go.jpo.sa1s99.common.format.integration.ExecuteXmlToHtmlForAmendApiByDirection.executeApi(ExecuteXmlToHtmlForAmendApiByDirection.java:13)
	at jp.go.jpo.sa1s99.common.format.integration.ExecuteApiByDirection.execute(ExecuteApiByDirection.java:28)
	at jp.go.jpo.sa1s99.common.format.integration.HtmlToXmlForAmendApiIntegrationTest.ファイル出力を比較する: #direction #parsedResult(HtmlToXmlForAmendApiIntegrationTest.groovy:29)
</failure>
  </testcase>
  <testcase name="ファイル出力を比較する: Direction{ s_InputDir: data/input/All-Format/pct-doib/a36-aibc306-u, s_OutputDir: data/output/html_amend/All-Format/pct-doib/a36-aibc306-u} null" classname="jp.go.jpo.sa1s99.common.format.integration.HtmlToXmlForAmendApiIntegrationTest" time="0.0">
    <failure message="java.lang.IllegalArgumentException: Not implemented yet" type="java.lang.IllegalArgumentException">java.lang.IllegalArgumentException: Not implemented yet
	at jp.go.jpo.sa1s99.common.format.api.XmlToHtmlForAmendApi.execute(XmlToHtmlForAmendApi.java:32)
	at jp.go.jpo.sa1s99.common.format.integration.ExecuteXmlToHtmlForAmendApiByDirection.executeApi(ExecuteXmlToHtmlForAmendApiByDirection.java:26)
	at jp.go.jpo.sa1s99.common.format.integration.ExecuteXmlToHtmlForAmendApiByDirection.executeApi(ExecuteXmlToHtmlForAmendApiByDirection.java:13)
	at jp.go.jpo.sa1s99.common.format.integration.ExecuteApiByDirection.execute(ExecuteApiByDirection.java:28)
	at jp.go.jpo.sa1s99.common.format.integration.HtmlToXmlForAmendApiIntegrationTest.ファイル出力を比較する: #direction #parsedResult(HtmlToXmlForAmendApiIntegrationTest.groovy:29)
</failure>
  </testcase>
  <testcase name="ファイル出力を比較する: Direction{ s_InputDir: data/input/All-Format/pct-doib/a37-aibc307-p, s_OutputDir: data/output/html_amend/All-Format/pct-doib/a37-aibc307-p} null" classname="jp.go.jpo.sa1s99.common.format.integration.HtmlToXmlForAmendApiIntegrationTest" time="0.0">
    <failure message="java.lang.IllegalArgumentException: Not implemented yet" type="java.lang.IllegalArgumentException">java.lang.IllegalArgumentException: Not implemented yet
	at jp.go.jpo.sa1s99.common.format.api.XmlToHtmlForAmendApi.execute(XmlToHtmlForAmendApi.java:32)
	at jp.go.jpo.sa1s99.common.format.integration.ExecuteXmlToHtmlForAmendApiByDirection.executeApi(ExecuteXmlToHtmlForAmendApiByDirection.java:26)
	at jp.go.jpo.sa1s99.common.format.integration.ExecuteXmlToHtmlForAmendApiByDirection.executeApi(ExecuteXmlToHtmlForAmendApiByDirection.java:13)
	at jp.go.jpo.sa1s99.common.format.integration.ExecuteApiByDirection.execute(ExecuteApiByDirection.java:28)
	at jp.go.jpo.sa1s99.common.format.integration.HtmlToXmlForAmendApiIntegrationTest.ファイル出力を比較する: #direction #parsedResult(HtmlToXmlForAmendApiIntegrationTest.groovy:29)
</failure>
  </testcase>
  <testcase name="ファイル出力を比較する: Direction{ s_InputDir: data/input/All-Format/pct-doib/a37-aibc307-u, s_OutputDir: data/output/html_amend/All-Format/pct-doib/a37-aibc307-u} null" classname="jp.go.jpo.sa1s99.common.format.integration.HtmlToXmlForAmendApiIntegrationTest" time="0.016">
    <failure message="java.lang.IllegalArgumentException: Not implemented yet" type="java.lang.IllegalArgumentException">java.lang.IllegalArgumentException: Not implemented yet
	at jp.go.jpo.sa1s99.common.format.api.XmlToHtmlForAmendApi.execute(XmlToHtmlForAmendApi.java:32)
	at jp.go.jpo.sa1s99.common.format.integration.ExecuteXmlToHtmlForAmendApiByDirection.executeApi(ExecuteXmlToHtmlForAmendApiByDirection.java:26)
	at jp.go.jpo.sa1s99.common.format.integration.ExecuteXmlToHtmlForAmendApiByDirection.executeApi(ExecuteXmlToHtmlForAmendApiByDirection.java:13)
	at jp.go.jpo.sa1s99.common.format.integration.ExecuteApiByDirection.execute(ExecuteApiByDirection.java:28)
	at jp.go.jpo.sa1s99.common.format.integration.HtmlToXmlForAmendApiIntegrationTest.ファイル出力を比較する: #direction #parsedResult(HtmlToXmlForAmendApiIntegrationTest.groovy:29)
</failure>
  </testcase>
  <testcase name="ファイル出力を比較する: Direction{ s_InputDir: data/input/All-Format/pct-doib/a38-aibc310-p, s_OutputDir: data/output/html_amend/All-Format/pct-doib/a38-aibc310-p} null" classname="jp.go.jpo.sa1s99.common.format.integration.HtmlToXmlForAmendApiIntegrationTest" time="0.0">
    <failure message="java.lang.IllegalArgumentException: Not implemented yet" type="java.lang.IllegalArgumentException">java.lang.IllegalArgumentException: Not implemented yet
	at jp.go.jpo.sa1s99.common.format.api.XmlToHtmlForAmendApi.execute(XmlToHtmlForAmendApi.java:32)
	at jp.go.jpo.sa1s99.common.format.integration.ExecuteXmlToHtmlForAmendApiByDirection.executeApi(ExecuteXmlToHtmlForAmendApiByDirection.java:26)
	at jp.go.jpo.sa1s99.common.format.integration.ExecuteXmlToHtmlForAmendApiByDirection.executeApi(ExecuteXmlToHtmlForAmendApiByDirection.java:13)
	at jp.go.jpo.sa1s99.common.format.integration.ExecuteApiByDirection.execute(ExecuteApiByDirection.java:28)
	at jp.go.jpo.sa1s99.common.format.integration.HtmlToXmlForAmendApiIntegrationTest.ファイル出力を比較する: #direction #parsedResult(HtmlToXmlForAmendApiIntegrationTest.groovy:29)
</failure>
  </testcase>
  <testcase name="ファイル出力を比較する: Direction{ s_InputDir: data/input/All-Format/pct-doib/a38-aibc310-u, s_OutputDir: data/output/html_amend/All-Format/pct-doib/a38-aibc310-u} null" classname="jp.go.jpo.sa1s99.common.format.integration.HtmlToXmlForAmendApiIntegrationTest" time="0.0">
    <failure message="java.lang.IllegalArgumentException: Not implemented yet" type="java.lang.IllegalArgumentException">java.lang.IllegalArgumentException: Not implemented yet
	at jp.go.jpo.sa1s99.common.format.api.XmlToHtmlForAmendApi.execute(XmlToHtmlForAmendApi.java:32)
	at jp.go.jpo.sa1s99.common.format.integration.ExecuteXmlToHtmlForAmendApiByDirection.executeApi(ExecuteXmlToHtmlForAmendApiByDirection.java:26)
	at jp.go.jpo.sa1s99.common.format.integration.ExecuteXmlToHtmlForAmendApiByDirection.executeApi(ExecuteXmlToHtmlForAmendApiByDirection.java:13)
	at jp.go.jpo.sa1s99.common.format.integration.ExecuteApiByDirection.execute(ExecuteApiByDirection.java:28)
	at jp.go.jpo.sa1s99.common.format.integration.HtmlToXmlForAmendApiIntegrationTest.ファイル出力を比較する: #direction #parsedResult(HtmlToXmlForAmendApiIntegrationTest.groovy:29)
</failure>
  </testcase>
  <testcase name="ファイル出力を比較する: Direction{ s_InputDir: data/input/All-Format/pct-doib/a39-aibc317-p, s_OutputDir: data/output/html_amend/All-Format/pct-doib/a39-aibc317-p} null" classname="jp.go.jpo.sa1s99.common.format.integration.HtmlToXmlForAmendApiIntegrationTest" time="0.0">
    <failure message="java.lang.IllegalArgumentException: Not implemented yet" type="java.lang.IllegalArgumentException">java.lang.IllegalArgumentException: Not implemented yet
	at jp.go.jpo.sa1s99.common.format.api.XmlToHtmlForAmendApi.execute(XmlToHtmlForAmendApi.java:32)
	at jp.go.jpo.sa1s99.common.format.integration.ExecuteXmlToHtmlForAmendApiByDirection.executeApi(ExecuteXmlToHtmlForAmendApiByDirection.java:26)
	at jp.go.jpo.sa1s99.common.format.integration.ExecuteXmlToHtmlForAmendApiByDirection.executeApi(ExecuteXmlToHtmlForAmendApiByDirection.java:13)
	at jp.go.jpo.sa1s99.common.format.integration.ExecuteApiByDirection.execute(ExecuteApiByDirection.java:28)
	at jp.go.jpo.sa1s99.common.format.integration.HtmlToXmlForAmendApiIntegrationTest.ファイル出力を比較する: #direction #parsedResult(HtmlToXmlForAmendApiIntegrationTest.groovy:29)
</failure>
  </testcase>
  <testcase name="ファイル出力を比較する: Direction{ s_InputDir: data/input/All-Format/pct-doib/a39-aibc317-u, s_OutputDir: data/output/html_amend/All-Format/pct-doib/a39-aibc317-u} null" classname="jp.go.jpo.sa1s99.common.format.integration.HtmlToXmlForAmendApiIntegrationTest" time="0.0">
    <failure message="java.lang.IllegalArgumentException: Not implemented yet" type="java.lang.IllegalArgumentException">java.lang.IllegalArgumentException: Not implemented yet
	at jp.go.jpo.sa1s99.common.format.api.XmlToHtmlForAmendApi.execute(XmlToHtmlForAmendApi.java:32)
	at jp.go.jpo.sa1s99.common.format.integration.ExecuteXmlToHtmlForAmendApiByDirection.executeApi(ExecuteXmlToHtmlForAmendApiByDirection.java:26)
	at jp.go.jpo.sa1s99.common.format.integration.ExecuteXmlToHtmlForAmendApiByDirection.executeApi(ExecuteXmlToHtmlForAmendApiByDirection.java:13)
	at jp.go.jpo.sa1s99.common.format.integration.ExecuteApiByDirection.execute(ExecuteApiByDirection.java:28)
	at jp.go.jpo.sa1s99.common.format.integration.HtmlToXmlForAmendApiIntegrationTest.ファイル出力を比較する: #direction #parsedResult(HtmlToXmlForAmendApiIntegrationTest.groovy:29)
</failure>
  </testcase>
  <testcase name="ファイル出力を比較する: Direction{ s_InputDir: data/input/All-Format/pct-doib/a41-aibc31b-p, s_OutputDir: data/output/html_amend/All-Format/pct-doib/a41-aibc31b-p} null" classname="jp.go.jpo.sa1s99.common.format.integration.HtmlToXmlForAmendApiIntegrationTest" time="0.0">
    <failure message="java.lang.IllegalArgumentException: Not implemented yet" type="java.lang.IllegalArgumentException">java.lang.IllegalArgumentException: Not implemented yet
	at jp.go.jpo.sa1s99.common.format.api.XmlToHtmlForAmendApi.execute(XmlToHtmlForAmendApi.java:32)
	at jp.go.jpo.sa1s99.common.format.integration.ExecuteXmlToHtmlForAmendApiByDirection.executeApi(ExecuteXmlToHtmlForAmendApiByDirection.java:26)
	at jp.go.jpo.sa1s99.common.format.integration.ExecuteXmlToHtmlForAmendApiByDirection.executeApi(ExecuteXmlToHtmlForAmendApiByDirection.java:13)
	at jp.go.jpo.sa1s99.common.format.integration.ExecuteApiByDirection.execute(ExecuteApiByDirection.java:28)
	at jp.go.jpo.sa1s99.common.format.integration.HtmlToXmlForAmendApiIntegrationTest.ファイル出力を比較する: #direction #parsedResult(HtmlToXmlForAmendApiIntegrationTest.groovy:29)
</failure>
  </testcase>
  <testcase name="ファイル出力を比較する: Direction{ s_InputDir: data/input/All-Format/pct-doib/a41-aibc31b-u, s_OutputDir: data/output/html_amend/All-Format/pct-doib/a41-aibc31b-u} null" classname="jp.go.jpo.sa1s99.common.format.integration.HtmlToXmlForAmendApiIntegrationTest" time="0.0">
    <failure message="java.lang.IllegalArgumentException: Not implemented yet" type="java.lang.IllegalArgumentException">java.lang.IllegalArgumentException: Not implemented yet
	at jp.go.jpo.sa1s99.common.format.api.XmlToHtmlForAmendApi.execute(XmlToHtmlForAmendApi.java:32)
	at jp.go.jpo.sa1s99.common.format.integration.ExecuteXmlToHtmlForAmendApiByDirection.executeApi(ExecuteXmlToHtmlForAmendApiByDirection.java:26)
	at jp.go.jpo.sa1s99.common.format.integration.ExecuteXmlToHtmlForAmendApiByDirection.executeApi(ExecuteXmlToHtmlForAmendApiByDirection.java:13)
	at jp.go.jpo.sa1s99.common.format.integration.ExecuteApiByDirection.execute(ExecuteApiByDirection.java:28)
	at jp.go.jpo.sa1s99.common.format.integration.HtmlToXmlForAmendApiIntegrationTest.ファイル出力を比較する: #direction #parsedResult(HtmlToXmlForAmendApiIntegrationTest.groovy:29)
</failure>
  </testcase>
  <testcase name="ファイル出力を比較する: Direction{ s_InputDir: data/input/All-Format/pct-doib/a42-aibc31c-p, s_OutputDir: data/output/html_amend/All-Format/pct-doib/a42-aibc31c-p} null" classname="jp.go.jpo.sa1s99.common.format.integration.HtmlToXmlForAmendApiIntegrationTest" time="0.0">
    <failure message="java.lang.IllegalArgumentException: Not implemented yet" type="java.lang.IllegalArgumentException">java.lang.IllegalArgumentException: Not implemented yet
	at jp.go.jpo.sa1s99.common.format.api.XmlToHtmlForAmendApi.execute(XmlToHtmlForAmendApi.java:32)
	at jp.go.jpo.sa1s99.common.format.integration.ExecuteXmlToHtmlForAmendApiByDirection.executeApi(ExecuteXmlToHtmlForAmendApiByDirection.java:26)
	at jp.go.jpo.sa1s99.common.format.integration.ExecuteXmlToHtmlForAmendApiByDirection.executeApi(ExecuteXmlToHtmlForAmendApiByDirection.java:13)
	at jp.go.jpo.sa1s99.common.format.integration.ExecuteApiByDirection.execute(ExecuteApiByDirection.java:28)
	at jp.go.jpo.sa1s99.common.format.integration.HtmlToXmlForAmendApiIntegrationTest.ファイル出力を比較する: #direction #parsedResult(HtmlToXmlForAmendApiIntegrationTest.groovy:29)
</failure>
  </testcase>
  <testcase name="ファイル出力を比較する: Direction{ s_InputDir: data/input/All-Format/pct-doib/a42-aibc31c-u, s_OutputDir: data/output/html_amend/All-Format/pct-doib/a42-aibc31c-u} null" classname="jp.go.jpo.sa1s99.common.format.integration.HtmlToXmlForAmendApiIntegrationTest" time="0.016">
    <failure message="java.lang.IllegalArgumentException: Not implemented yet" type="java.lang.IllegalArgumentException">java.lang.IllegalArgumentException: Not implemented yet
	at jp.go.jpo.sa1s99.common.format.api.XmlToHtmlForAmendApi.execute(XmlToHtmlForAmendApi.java:32)
	at jp.go.jpo.sa1s99.common.format.integration.ExecuteXmlToHtmlForAmendApiByDirection.executeApi(ExecuteXmlToHtmlForAmendApiByDirection.java:26)
	at jp.go.jpo.sa1s99.common.format.integration.ExecuteXmlToHtmlForAmendApiByDirection.executeApi(ExecuteXmlToHtmlForAmendApiByDirection.java:13)
	at jp.go.jpo.sa1s99.common.format.integration.ExecuteApiByDirection.execute(ExecuteApiByDirection.java:28)
	at jp.go.jpo.sa1s99.common.format.integration.HtmlToXmlForAmendApiIntegrationTest.ファイル出力を比較する: #direction #parsedResult(HtmlToXmlForAmendApiIntegrationTest.groovy:29)
</failure>
  </testcase>
  <testcase name="ファイル出力を比較する: Direction{ s_InputDir: data/input/All-Format/pct-doib/a43-aibc31e-p, s_OutputDir: data/output/html_amend/All-Format/pct-doib/a43-aibc31e-p} null" classname="jp.go.jpo.sa1s99.common.format.integration.HtmlToXmlForAmendApiIntegrationTest" time="0.0">
    <failure message="java.lang.IllegalArgumentException: Not implemented yet" type="java.lang.IllegalArgumentException">java.lang.IllegalArgumentException: Not implemented yet
	at jp.go.jpo.sa1s99.common.format.api.XmlToHtmlForAmendApi.execute(XmlToHtmlForAmendApi.java:32)
	at jp.go.jpo.sa1s99.common.format.integration.ExecuteXmlToHtmlForAmendApiByDirection.executeApi(ExecuteXmlToHtmlForAmendApiByDirection.java:26)
	at jp.go.jpo.sa1s99.common.format.integration.ExecuteXmlToHtmlForAmendApiByDirection.executeApi(ExecuteXmlToHtmlForAmendApiByDirection.java:13)
	at jp.go.jpo.sa1s99.common.format.integration.ExecuteApiByDirection.execute(ExecuteApiByDirection.java:28)
	at jp.go.jpo.sa1s99.common.format.integration.HtmlToXmlForAmendApiIntegrationTest.ファイル出力を比較する: #direction #parsedResult(HtmlToXmlForAmendApiIntegrationTest.groovy:29)
</failure>
  </testcase>
  <testcase name="ファイル出力を比較する: Direction{ s_InputDir: data/input/All-Format/pct-doib/a43-aibc31e-u, s_OutputDir: data/output/html_amend/All-Format/pct-doib/a43-aibc31e-u} null" classname="jp.go.jpo.sa1s99.common.format.integration.HtmlToXmlForAmendApiIntegrationTest" time="0.0">
    <failure message="java.lang.IllegalArgumentException: Not implemented yet" type="java.lang.IllegalArgumentException">java.lang.IllegalArgumentException: Not implemented yet
	at jp.go.jpo.sa1s99.common.format.api.XmlToHtmlForAmendApi.execute(XmlToHtmlForAmendApi.java:32)
	at jp.go.jpo.sa1s99.common.format.integration.ExecuteXmlToHtmlForAmendApiByDirection.executeApi(ExecuteXmlToHtmlForAmendApiByDirection.java:26)
	at jp.go.jpo.sa1s99.common.format.integration.ExecuteXmlToHtmlForAmendApiByDirection.executeApi(ExecuteXmlToHtmlForAmendApiByDirection.java:13)
	at jp.go.jpo.sa1s99.common.format.integration.ExecuteApiByDirection.execute(ExecuteApiByDirection.java:28)
	at jp.go.jpo.sa1s99.common.format.integration.HtmlToXmlForAmendApiIntegrationTest.ファイル出力を比較する: #direction #parsedResult(HtmlToXmlForAmendApiIntegrationTest.groovy:29)
</failure>
  </testcase>
  <testcase name="ファイル出力を比較する: Direction{ s_InputDir: data/input/All-Format/pct-doib/a44-aibc31j-p, s_OutputDir: data/output/html_amend/All-Format/pct-doib/a44-aibc31j-p} null" classname="jp.go.jpo.sa1s99.common.format.integration.HtmlToXmlForAmendApiIntegrationTest" time="0.0">
    <failure message="java.lang.IllegalArgumentException: Not implemented yet" type="java.lang.IllegalArgumentException">java.lang.IllegalArgumentException: Not implemented yet
	at jp.go.jpo.sa1s99.common.format.api.XmlToHtmlForAmendApi.execute(XmlToHtmlForAmendApi.java:32)
	at jp.go.jpo.sa1s99.common.format.integration.ExecuteXmlToHtmlForAmendApiByDirection.executeApi(ExecuteXmlToHtmlForAmendApiByDirection.java:26)
	at jp.go.jpo.sa1s99.common.format.integration.ExecuteXmlToHtmlForAmendApiByDirection.executeApi(ExecuteXmlToHtmlForAmendApiByDirection.java:13)
	at jp.go.jpo.sa1s99.common.format.integration.ExecuteApiByDirection.execute(ExecuteApiByDirection.java:28)
	at jp.go.jpo.sa1s99.common.format.integration.HtmlToXmlForAmendApiIntegrationTest.ファイル出力を比較する: #direction #parsedResult(HtmlToXmlForAmendApiIntegrationTest.groovy:29)
</failure>
  </testcase>
  <testcase name="ファイル出力を比較する: Direction{ s_InputDir: data/input/All-Format/pct-doib/a44-aibc31j-u, s_OutputDir: data/output/html_amend/All-Format/pct-doib/a44-aibc31j-u} null" classname="jp.go.jpo.sa1s99.common.format.integration.HtmlToXmlForAmendApiIntegrationTest" time="0.0">
    <failure message="java.lang.IllegalArgumentException: Not implemented yet" type="java.lang.IllegalArgumentException">java.lang.IllegalArgumentException: Not implemented yet
	at jp.go.jpo.sa1s99.common.format.api.XmlToHtmlForAmendApi.execute(XmlToHtmlForAmendApi.java:32)
	at jp.go.jpo.sa1s99.common.format.integration.ExecuteXmlToHtmlForAmendApiByDirection.executeApi(ExecuteXmlToHtmlForAmendApiByDirection.java:26)
	at jp.go.jpo.sa1s99.common.format.integration.ExecuteXmlToHtmlForAmendApiByDirection.executeApi(ExecuteXmlToHtmlForAmendApiByDirection.java:13)
	at jp.go.jpo.sa1s99.common.format.integration.ExecuteApiByDirection.execute(ExecuteApiByDirection.java:28)
	at jp.go.jpo.sa1s99.common.format.integration.HtmlToXmlForAmendApiIntegrationTest.ファイル出力を比較する: #direction #parsedResult(HtmlToXmlForAmendApiIntegrationTest.groovy:29)
</failure>
  </testcase>
  <testcase name="ファイル出力を比較する: Direction{ s_InputDir: data/input/All-Format/pct-doib/a45-aibc324-p, s_OutputDir: data/output/html_amend/All-Format/pct-doib/a45-aibc324-p} null" classname="jp.go.jpo.sa1s99.common.format.integration.HtmlToXmlForAmendApiIntegrationTest" time="0.0">
    <failure message="java.lang.IllegalArgumentException: Not implemented yet" type="java.lang.IllegalArgumentException">java.lang.IllegalArgumentException: Not implemented yet
	at jp.go.jpo.sa1s99.common.format.api.XmlToHtmlForAmendApi.execute(XmlToHtmlForAmendApi.java:32)
	at jp.go.jpo.sa1s99.common.format.integration.ExecuteXmlToHtmlForAmendApiByDirection.executeApi(ExecuteXmlToHtmlForAmendApiByDirection.java:26)
	at jp.go.jpo.sa1s99.common.format.integration.ExecuteXmlToHtmlForAmendApiByDirection.executeApi(ExecuteXmlToHtmlForAmendApiByDirection.java:13)
	at jp.go.jpo.sa1s99.common.format.integration.ExecuteApiByDirection.execute(ExecuteApiByDirection.java:28)
	at jp.go.jpo.sa1s99.common.format.integration.HtmlToXmlForAmendApiIntegrationTest.ファイル出力を比較する: #direction #parsedResult(HtmlToXmlForAmendApiIntegrationTest.groovy:29)
</failure>
  </testcase>
  <testcase name="ファイル出力を比較する: Direction{ s_InputDir: data/input/All-Format/pct-doib/a45-aibc324-u, s_OutputDir: data/output/html_amend/All-Format/pct-doib/a45-aibc324-u} null" classname="jp.go.jpo.sa1s99.common.format.integration.HtmlToXmlForAmendApiIntegrationTest" time="0.0">
    <failure message="java.lang.IllegalArgumentException: Not implemented yet" type="java.lang.IllegalArgumentException">java.lang.IllegalArgumentException: Not implemented yet
	at jp.go.jpo.sa1s99.common.format.api.XmlToHtmlForAmendApi.execute(XmlToHtmlForAmendApi.java:32)
	at jp.go.jpo.sa1s99.common.format.integration.ExecuteXmlToHtmlForAmendApiByDirection.executeApi(ExecuteXmlToHtmlForAmendApiByDirection.java:26)
	at jp.go.jpo.sa1s99.common.format.integration.ExecuteXmlToHtmlForAmendApiByDirection.executeApi(ExecuteXmlToHtmlForAmendApiByDirection.java:13)
	at jp.go.jpo.sa1s99.common.format.integration.ExecuteApiByDirection.execute(ExecuteApiByDirection.java:28)
	at jp.go.jpo.sa1s99.common.format.integration.HtmlToXmlForAmendApiIntegrationTest.ファイル出力を比較する: #direction #parsedResult(HtmlToXmlForAmendApiIntegrationTest.groovy:29)
</failure>
  </testcase>
  <testcase name="ファイル出力を比較する: Direction{ s_InputDir: data/input/All-Format/pct-doib/a46-aibc325-p, s_OutputDir: data/output/html_amend/All-Format/pct-doib/a46-aibc325-p} null" classname="jp.go.jpo.sa1s99.common.format.integration.HtmlToXmlForAmendApiIntegrationTest" time="0.015">
    <failure message="java.lang.IllegalArgumentException: Not implemented yet" type="java.lang.IllegalArgumentException">java.lang.IllegalArgumentException: Not implemented yet
	at jp.go.jpo.sa1s99.common.format.api.XmlToHtmlForAmendApi.execute(XmlToHtmlForAmendApi.java:32)
	at jp.go.jpo.sa1s99.common.format.integration.ExecuteXmlToHtmlForAmendApiByDirection.executeApi(ExecuteXmlToHtmlForAmendApiByDirection.java:26)
	at jp.go.jpo.sa1s99.common.format.integration.ExecuteXmlToHtmlForAmendApiByDirection.executeApi(ExecuteXmlToHtmlForAmendApiByDirection.java:13)
	at jp.go.jpo.sa1s99.common.format.integration.ExecuteApiByDirection.execute(ExecuteApiByDirection.java:28)
	at jp.go.jpo.sa1s99.common.format.integration.HtmlToXmlForAmendApiIntegrationTest.ファイル出力を比較する: #direction #parsedResult(HtmlToXmlForAmendApiIntegrationTest.groovy:29)
</failure>
  </testcase>
  <testcase name="ファイル出力を比較する: Direction{ s_InputDir: data/input/All-Format/pct-doib/a46-aibc325-u, s_OutputDir: data/output/html_amend/All-Format/pct-doib/a46-aibc325-u} null" classname="jp.go.jpo.sa1s99.common.format.integration.HtmlToXmlForAmendApiIntegrationTest" time="0.0">
    <failure message="java.lang.IllegalArgumentException: Not implemented yet" type="java.lang.IllegalArgumentException">java.lang.IllegalArgumentException: Not implemented yet
	at jp.go.jpo.sa1s99.common.format.api.XmlToHtmlForAmendApi.execute(XmlToHtmlForAmendApi.java:32)
	at jp.go.jpo.sa1s99.common.format.integration.ExecuteXmlToHtmlForAmendApiByDirection.executeApi(ExecuteXmlToHtmlForAmendApiByDirection.java:26)
	at jp.go.jpo.sa1s99.common.format.integration.ExecuteXmlToHtmlForAmendApiByDirection.executeApi(ExecuteXmlToHtmlForAmendApiByDirection.java:13)
	at jp.go.jpo.sa1s99.common.format.integration.ExecuteApiByDirection.execute(ExecuteApiByDirection.java:28)
	at jp.go.jpo.sa1s99.common.format.integration.HtmlToXmlForAmendApiIntegrationTest.ファイル出力を比較する: #direction #parsedResult(HtmlToXmlForAmendApiIntegrationTest.groovy:29)
</failure>
  </testcase>
  <testcase name="ファイル出力を比較する: Direction{ s_InputDir: data/input/All-Format/pct-doib/a47-aibc331-p, s_OutputDir: data/output/html_amend/All-Format/pct-doib/a47-aibc331-p} null" classname="jp.go.jpo.sa1s99.common.format.integration.HtmlToXmlForAmendApiIntegrationTest" time="0.0">
    <failure message="java.lang.IllegalArgumentException: Not implemented yet" type="java.lang.IllegalArgumentException">java.lang.IllegalArgumentException: Not implemented yet
	at jp.go.jpo.sa1s99.common.format.api.XmlToHtmlForAmendApi.execute(XmlToHtmlForAmendApi.java:32)
	at jp.go.jpo.sa1s99.common.format.integration.ExecuteXmlToHtmlForAmendApiByDirection.executeApi(ExecuteXmlToHtmlForAmendApiByDirection.java:26)
	at jp.go.jpo.sa1s99.common.format.integration.ExecuteXmlToHtmlForAmendApiByDirection.executeApi(ExecuteXmlToHtmlForAmendApiByDirection.java:13)
	at jp.go.jpo.sa1s99.common.format.integration.ExecuteApiByDirection.execute(ExecuteApiByDirection.java:28)
	at jp.go.jpo.sa1s99.common.format.integration.HtmlToXmlForAmendApiIntegrationTest.ファイル出力を比較する: #direction #parsedResult(HtmlToXmlForAmendApiIntegrationTest.groovy:29)
</failure>
  </testcase>
  <testcase name="ファイル出力を比較する: Direction{ s_InputDir: data/input/All-Format/pct-doib/a47-aibc331-u, s_OutputDir: data/output/html_amend/All-Format/pct-doib/a47-aibc331-u} null" classname="jp.go.jpo.sa1s99.common.format.integration.HtmlToXmlForAmendApiIntegrationTest" time="0.0">
    <failure message="java.lang.IllegalArgumentException: Not implemented yet" type="java.lang.IllegalArgumentException">java.lang.IllegalArgumentException: Not implemented yet
	at jp.go.jpo.sa1s99.common.format.api.XmlToHtmlForAmendApi.execute(XmlToHtmlForAmendApi.java:32)
	at jp.go.jpo.sa1s99.common.format.integration.ExecuteXmlToHtmlForAmendApiByDirection.executeApi(ExecuteXmlToHtmlForAmendApiByDirection.java:26)
	at jp.go.jpo.sa1s99.common.format.integration.ExecuteXmlToHtmlForAmendApiByDirection.executeApi(ExecuteXmlToHtmlForAmendApiByDirection.java:13)
	at jp.go.jpo.sa1s99.common.format.integration.ExecuteApiByDirection.execute(ExecuteApiByDirection.java:28)
	at jp.go.jpo.sa1s99.common.format.integration.HtmlToXmlForAmendApiIntegrationTest.ファイル出力を比較する: #direction #parsedResult(HtmlToXmlForAmendApiIntegrationTest.groovy:29)
</failure>
  </testcase>
  <testcase name="ファイル出力を比較する: Direction{ s_InputDir: data/input/All-Format/pct-doib/a48-aibc334-p, s_OutputDir: data/output/html_amend/All-Format/pct-doib/a48-aibc334-p} null" classname="jp.go.jpo.sa1s99.common.format.integration.HtmlToXmlForAmendApiIntegrationTest" time="0.016">
    <failure message="java.lang.IllegalArgumentException: Not implemented yet" type="java.lang.IllegalArgumentException">java.lang.IllegalArgumentException: Not implemented yet
	at jp.go.jpo.sa1s99.common.format.api.XmlToHtmlForAmendApi.execute(XmlToHtmlForAmendApi.java:32)
	at jp.go.jpo.sa1s99.common.format.integration.ExecuteXmlToHtmlForAmendApiByDirection.executeApi(ExecuteXmlToHtmlForAmendApiByDirection.java:26)
	at jp.go.jpo.sa1s99.common.format.integration.ExecuteXmlToHtmlForAmendApiByDirection.executeApi(ExecuteXmlToHtmlForAmendApiByDirection.java:13)
	at jp.go.jpo.sa1s99.common.format.integration.ExecuteApiByDirection.execute(ExecuteApiByDirection.java:28)
	at jp.go.jpo.sa1s99.common.format.integration.HtmlToXmlForAmendApiIntegrationTest.ファイル出力を比較する: #direction #parsedResult(HtmlToXmlForAmendApiIntegrationTest.groovy:29)
</failure>
  </testcase>
  <testcase name="ファイル出力を比較する: Direction{ s_InputDir: data/input/All-Format/pct-doib/a48-aibc334-u, s_OutputDir: data/output/html_amend/All-Format/pct-doib/a48-aibc334-u} null" classname="jp.go.jpo.sa1s99.common.format.integration.HtmlToXmlForAmendApiIntegrationTest" time="0.0">
    <failure message="java.lang.IllegalArgumentException: Not implemented yet" type="java.lang.IllegalArgumentException">java.lang.IllegalArgumentException: Not implemented yet
	at jp.go.jpo.sa1s99.common.format.api.XmlToHtmlForAmendApi.execute(XmlToHtmlForAmendApi.java:32)
	at jp.go.jpo.sa1s99.common.format.integration.ExecuteXmlToHtmlForAmendApiByDirection.executeApi(ExecuteXmlToHtmlForAmendApiByDirection.java:26)
	at jp.go.jpo.sa1s99.common.format.integration.ExecuteXmlToHtmlForAmendApiByDirection.executeApi(ExecuteXmlToHtmlForAmendApiByDirection.java:13)
	at jp.go.jpo.sa1s99.common.format.integration.ExecuteApiByDirection.execute(ExecuteApiByDirection.java:28)
	at jp.go.jpo.sa1s99.common.format.integration.HtmlToXmlForAmendApiIntegrationTest.ファイル出力を比較する: #direction #parsedResult(HtmlToXmlForAmendApiIntegrationTest.groovy:29)
</failure>
  </testcase>
  <testcase name="ファイル出力を比較する: Direction{ s_InputDir: data/input/All-Format/pct-doib/a49-aibc338-p, s_OutputDir: data/output/html_amend/All-Format/pct-doib/a49-aibc338-p} null" classname="jp.go.jpo.sa1s99.common.format.integration.HtmlToXmlForAmendApiIntegrationTest" time="0.0">
    <failure message="java.lang.IllegalArgumentException: Not implemented yet" type="java.lang.IllegalArgumentException">java.lang.IllegalArgumentException: Not implemented yet
	at jp.go.jpo.sa1s99.common.format.api.XmlToHtmlForAmendApi.execute(XmlToHtmlForAmendApi.java:32)
	at jp.go.jpo.sa1s99.common.format.integration.ExecuteXmlToHtmlForAmendApiByDirection.executeApi(ExecuteXmlToHtmlForAmendApiByDirection.java:26)
	at jp.go.jpo.sa1s99.common.format.integration.ExecuteXmlToHtmlForAmendApiByDirection.executeApi(ExecuteXmlToHtmlForAmendApiByDirection.java:13)
	at jp.go.jpo.sa1s99.common.format.integration.ExecuteApiByDirection.execute(ExecuteApiByDirection.java:28)
	at jp.go.jpo.sa1s99.common.format.integration.HtmlToXmlForAmendApiIntegrationTest.ファイル出力を比較する: #direction #parsedResult(HtmlToXmlForAmendApiIntegrationTest.groovy:29)
</failure>
  </testcase>
  <testcase name="ファイル出力を比較する: Direction{ s_InputDir: data/input/All-Format/pct-doib/a49-aibc338-u, s_OutputDir: data/output/html_amend/All-Format/pct-doib/a49-aibc338-u} null" classname="jp.go.jpo.sa1s99.common.format.integration.HtmlToXmlForAmendApiIntegrationTest" time="0.0">
    <failure message="java.lang.IllegalArgumentException: Not implemented yet" type="java.lang.IllegalArgumentException">java.lang.IllegalArgumentException: Not implemented yet
	at jp.go.jpo.sa1s99.common.format.api.XmlToHtmlForAmendApi.execute(XmlToHtmlForAmendApi.java:32)
	at jp.go.jpo.sa1s99.common.format.integration.ExecuteXmlToHtmlForAmendApiByDirection.executeApi(ExecuteXmlToHtmlForAmendApiByDirection.java:26)
	at jp.go.jpo.sa1s99.common.format.integration.ExecuteXmlToHtmlForAmendApiByDirection.executeApi(ExecuteXmlToHtmlForAmendApiByDirection.java:13)
	at jp.go.jpo.sa1s99.common.format.integration.ExecuteApiByDirection.execute(ExecuteApiByDirection.java:28)
	at jp.go.jpo.sa1s99.common.format.integration.HtmlToXmlForAmendApiIntegrationTest.ファイル出力を比較する: #direction #parsedResult(HtmlToXmlForAmendApiIntegrationTest.groovy:29)
</failure>
  </testcase>
  <testcase name="ファイル出力を比較する: Direction{ s_InputDir: data/input/All-Format/pct-doib/a50-aibc339-p, s_OutputDir: data/output/html_amend/All-Format/pct-doib/a50-aibc339-p} null" classname="jp.go.jpo.sa1s99.common.format.integration.HtmlToXmlForAmendApiIntegrationTest" time="0.0">
    <failure message="java.lang.IllegalArgumentException: Not implemented yet" type="java.lang.IllegalArgumentException">java.lang.IllegalArgumentException: Not implemented yet
	at jp.go.jpo.sa1s99.common.format.api.XmlToHtmlForAmendApi.execute(XmlToHtmlForAmendApi.java:32)
	at jp.go.jpo.sa1s99.common.format.integration.ExecuteXmlToHtmlForAmendApiByDirection.executeApi(ExecuteXmlToHtmlForAmendApiByDirection.java:26)
	at jp.go.jpo.sa1s99.common.format.integration.ExecuteXmlToHtmlForAmendApiByDirection.executeApi(ExecuteXmlToHtmlForAmendApiByDirection.java:13)
	at jp.go.jpo.sa1s99.common.format.integration.ExecuteApiByDirection.execute(ExecuteApiByDirection.java:28)
	at jp.go.jpo.sa1s99.common.format.integration.HtmlToXmlForAmendApiIntegrationTest.ファイル出力を比較する: #direction #parsedResult(HtmlToXmlForAmendApiIntegrationTest.groovy:29)
</failure>
  </testcase>
  <testcase name="ファイル出力を比較する: Direction{ s_InputDir: data/input/All-Format/pct-doib/a50-aibc339-u, s_OutputDir: data/output/html_amend/All-Format/pct-doib/a50-aibc339-u} null" classname="jp.go.jpo.sa1s99.common.format.integration.HtmlToXmlForAmendApiIntegrationTest" time="0.0">
    <failure message="java.lang.IllegalArgumentException: Not implemented yet" type="java.lang.IllegalArgumentException">java.lang.IllegalArgumentException: Not implemented yet
	at jp.go.jpo.sa1s99.common.format.api.XmlToHtmlForAmendApi.execute(XmlToHtmlForAmendApi.java:32)
	at jp.go.jpo.sa1s99.common.format.integration.ExecuteXmlToHtmlForAmendApiByDirection.executeApi(ExecuteXmlToHtmlForAmendApiByDirection.java:26)
	at jp.go.jpo.sa1s99.common.format.integration.ExecuteXmlToHtmlForAmendApiByDirection.executeApi(ExecuteXmlToHtmlForAmendApiByDirection.java:13)
	at jp.go.jpo.sa1s99.common.format.integration.ExecuteApiByDirection.execute(ExecuteApiByDirection.java:28)
	at jp.go.jpo.sa1s99.common.format.integration.HtmlToXmlForAmendApiIntegrationTest.ファイル出力を比較する: #direction #parsedResult(HtmlToXmlForAmendApiIntegrationTest.groovy:29)
</failure>
  </testcase>
  <testcase name="ファイル出力を比較する: Direction{ s_InputDir: data/input/All-Format/pct-doib/a51-aibc345-p, s_OutputDir: data/output/html_amend/All-Format/pct-doib/a51-aibc345-p} null" classname="jp.go.jpo.sa1s99.common.format.integration.HtmlToXmlForAmendApiIntegrationTest" time="0.019">
    <failure message="java.lang.IllegalArgumentException: Not implemented yet" type="java.lang.IllegalArgumentException">java.lang.IllegalArgumentException: Not implemented yet
	at jp.go.jpo.sa1s99.common.format.api.XmlToHtmlForAmendApi.execute(XmlToHtmlForAmendApi.java:32)
	at jp.go.jpo.sa1s99.common.format.integration.ExecuteXmlToHtmlForAmendApiByDirection.executeApi(ExecuteXmlToHtmlForAmendApiByDirection.java:26)
	at jp.go.jpo.sa1s99.common.format.integration.ExecuteXmlToHtmlForAmendApiByDirection.executeApi(ExecuteXmlToHtmlForAmendApiByDirection.java:13)
	at jp.go.jpo.sa1s99.common.format.integration.ExecuteApiByDirection.execute(ExecuteApiByDirection.java:28)
	at jp.go.jpo.sa1s99.common.format.integration.HtmlToXmlForAmendApiIntegrationTest.ファイル出力を比較する: #direction #parsedResult(HtmlToXmlForAmendApiIntegrationTest.groovy:29)
</failure>
  </testcase>
  <testcase name="ファイル出力を比較する: Direction{ s_InputDir: data/input/All-Format/pct-doib/a51-aibc345-u, s_OutputDir: data/output/html_amend/All-Format/pct-doib/a51-aibc345-u} null" classname="jp.go.jpo.sa1s99.common.format.integration.HtmlToXmlForAmendApiIntegrationTest" time="0.001">
    <failure message="java.lang.IllegalArgumentException: Not implemented yet" type="java.lang.IllegalArgumentException">java.lang.IllegalArgumentException: Not implemented yet
	at jp.go.jpo.sa1s99.common.format.api.XmlToHtmlForAmendApi.execute(XmlToHtmlForAmendApi.java:32)
	at jp.go.jpo.sa1s99.common.format.integration.ExecuteXmlToHtmlForAmendApiByDirection.executeApi(ExecuteXmlToHtmlForAmendApiByDirection.java:26)
	at jp.go.jpo.sa1s99.common.format.integration.ExecuteXmlToHtmlForAmendApiByDirection.executeApi(ExecuteXmlToHtmlForAmendApiByDirection.java:13)
	at jp.go.jpo.sa1s99.common.format.integration.ExecuteApiByDirection.execute(ExecuteApiByDirection.java:28)
	at jp.go.jpo.sa1s99.common.format.integration.HtmlToXmlForAmendApiIntegrationTest.ファイル出力を比較する: #direction #parsedResult(HtmlToXmlForAmendApiIntegrationTest.groovy:29)
</failure>
  </testcase>
  <testcase name="ファイル出力を比較する: Direction{ s_InputDir: data/input/All-Format/pct-doib/a52-aibc349-p, s_OutputDir: data/output/html_amend/All-Format/pct-doib/a52-aibc349-p} null" classname="jp.go.jpo.sa1s99.common.format.integration.HtmlToXmlForAmendApiIntegrationTest" time="0.002">
    <failure message="java.lang.IllegalArgumentException: Not implemented yet" type="java.lang.IllegalArgumentException">java.lang.IllegalArgumentException: Not implemented yet
	at jp.go.jpo.sa1s99.common.format.api.XmlToHtmlForAmendApi.execute(XmlToHtmlForAmendApi.java:32)
	at jp.go.jpo.sa1s99.common.format.integration.ExecuteXmlToHtmlForAmendApiByDirection.executeApi(ExecuteXmlToHtmlForAmendApiByDirection.java:26)
	at jp.go.jpo.sa1s99.common.format.integration.ExecuteXmlToHtmlForAmendApiByDirection.executeApi(ExecuteXmlToHtmlForAmendApiByDirection.java:13)
	at jp.go.jpo.sa1s99.common.format.integration.ExecuteApiByDirection.execute(ExecuteApiByDirection.java:28)
	at jp.go.jpo.sa1s99.common.format.integration.HtmlToXmlForAmendApiIntegrationTest.ファイル出力を比較する: #direction #parsedResult(HtmlToXmlForAmendApiIntegrationTest.groovy:29)
</failure>
  </testcase>
  <testcase name="ファイル出力を比較する: Direction{ s_InputDir: data/input/All-Format/pct-doib/a52-aibc349-u, s_OutputDir: data/output/html_amend/All-Format/pct-doib/a52-aibc349-u} null" classname="jp.go.jpo.sa1s99.common.format.integration.HtmlToXmlForAmendApiIntegrationTest" time="0.0">
    <failure message="java.lang.IllegalArgumentException: Not implemented yet" type="java.lang.IllegalArgumentException">java.lang.IllegalArgumentException: Not implemented yet
	at jp.go.jpo.sa1s99.common.format.api.XmlToHtmlForAmendApi.execute(XmlToHtmlForAmendApi.java:32)
	at jp.go.jpo.sa1s99.common.format.integration.ExecuteXmlToHtmlForAmendApiByDirection.executeApi(ExecuteXmlToHtmlForAmendApiByDirection.java:26)
	at jp.go.jpo.sa1s99.common.format.integration.ExecuteXmlToHtmlForAmendApiByDirection.executeApi(ExecuteXmlToHtmlForAmendApiByDirection.java:13)
	at jp.go.jpo.sa1s99.common.format.integration.ExecuteApiByDirection.execute(ExecuteApiByDirection.java:28)
	at jp.go.jpo.sa1s99.common.format.integration.HtmlToXmlForAmendApiIntegrationTest.ファイル出力を比較する: #direction #parsedResult(HtmlToXmlForAmendApiIntegrationTest.groovy:29)
</failure>
  </testcase>
  <testcase name="ファイル出力を比較する: Direction{ s_InputDir: data/input/All-Format/pct-doib/a53-aibc350-p, s_OutputDir: data/output/html_amend/All-Format/pct-doib/a53-aibc350-p} null" classname="jp.go.jpo.sa1s99.common.format.integration.HtmlToXmlForAmendApiIntegrationTest" time="0.0">
    <failure message="java.lang.IllegalArgumentException: Not implemented yet" type="java.lang.IllegalArgumentException">java.lang.IllegalArgumentException: Not implemented yet
	at jp.go.jpo.sa1s99.common.format.api.XmlToHtmlForAmendApi.execute(XmlToHtmlForAmendApi.java:32)
	at jp.go.jpo.sa1s99.common.format.integration.ExecuteXmlToHtmlForAmendApiByDirection.executeApi(ExecuteXmlToHtmlForAmendApiByDirection.java:26)
	at jp.go.jpo.sa1s99.common.format.integration.ExecuteXmlToHtmlForAmendApiByDirection.executeApi(ExecuteXmlToHtmlForAmendApiByDirection.java:13)
	at jp.go.jpo.sa1s99.common.format.integration.ExecuteApiByDirection.execute(ExecuteApiByDirection.java:28)
	at jp.go.jpo.sa1s99.common.format.integration.HtmlToXmlForAmendApiIntegrationTest.ファイル出力を比較する: #direction #parsedResult(HtmlToXmlForAmendApiIntegrationTest.groovy:29)
</failure>
  </testcase>
  <testcase name="ファイル出力を比較する: Direction{ s_InputDir: data/input/All-Format/pct-doib/a53-aibc350-u, s_OutputDir: data/output/html_amend/All-Format/pct-doib/a53-aibc350-u} null" classname="jp.go.jpo.sa1s99.common.format.integration.HtmlToXmlForAmendApiIntegrationTest" time="0.0">
    <failure message="java.lang.IllegalArgumentException: Not implemented yet" type="java.lang.IllegalArgumentException">java.lang.IllegalArgumentException: Not implemented yet
	at jp.go.jpo.sa1s99.common.format.api.XmlToHtmlForAmendApi.execute(XmlToHtmlForAmendApi.java:32)
	at jp.go.jpo.sa1s99.common.format.integration.ExecuteXmlToHtmlForAmendApiByDirection.executeApi(ExecuteXmlToHtmlForAmendApiByDirection.java:26)
	at jp.go.jpo.sa1s99.common.format.integration.ExecuteXmlToHtmlForAmendApiByDirection.executeApi(ExecuteXmlToHtmlForAmendApiByDirection.java:13)
	at jp.go.jpo.sa1s99.common.format.integration.ExecuteApiByDirection.execute(ExecuteApiByDirection.java:28)
	at jp.go.jpo.sa1s99.common.format.integration.HtmlToXmlForAmendApiIntegrationTest.ファイル出力を比較する: #direction #parsedResult(HtmlToXmlForAmendApiIntegrationTest.groovy:29)
</failure>
  </testcase>
  <testcase name="ファイル出力を比較する: Direction{ s_InputDir: data/input/All-Format/pct-doib/a54-sinsei-conv-test-p, s_OutputDir: data/output/html_amend/All-Format/pct-doib/a54-sinsei-conv-test-p} null" classname="jp.go.jpo.sa1s99.common.format.integration.HtmlToXmlForAmendApiIntegrationTest" time="0.0">
    <failure message="java.lang.IllegalArgumentException: Not implemented yet" type="java.lang.IllegalArgumentException">java.lang.IllegalArgumentException: Not implemented yet
	at jp.go.jpo.sa1s99.common.format.api.XmlToHtmlForAmendApi.execute(XmlToHtmlForAmendApi.java:32)
	at jp.go.jpo.sa1s99.common.format.integration.ExecuteXmlToHtmlForAmendApiByDirection.executeApi(ExecuteXmlToHtmlForAmendApiByDirection.java:26)
	at jp.go.jpo.sa1s99.common.format.integration.ExecuteXmlToHtmlForAmendApiByDirection.executeApi(ExecuteXmlToHtmlForAmendApiByDirection.java:13)
	at jp.go.jpo.sa1s99.common.format.integration.ExecuteApiByDirection.execute(ExecuteApiByDirection.java:28)
	at jp.go.jpo.sa1s99.common.format.integration.HtmlToXmlForAmendApiIntegrationTest.ファイル出力を比較する: #direction #parsedResult(HtmlToXmlForAmendApiIntegrationTest.groovy:29)
</failure>
  </testcase>
  <testcase name="ファイル出力を比較する: Direction{ s_InputDir: data/input/All-Format/pct-doib/a54-sinsei-conv-test-u, s_OutputDir: data/output/html_amend/All-Format/pct-doib/a54-sinsei-conv-test-u} null" classname="jp.go.jpo.sa1s99.common.format.integration.HtmlToXmlForAmendApiIntegrationTest" time="0.0">
    <failure message="java.lang.IllegalArgumentException: Not implemented yet" type="java.lang.IllegalArgumentException">java.lang.IllegalArgumentException: Not implemented yet
	at jp.go.jpo.sa1s99.common.format.api.XmlToHtmlForAmendApi.execute(XmlToHtmlForAmendApi.java:32)
	at jp.go.jpo.sa1s99.common.format.integration.ExecuteXmlToHtmlForAmendApiByDirection.executeApi(ExecuteXmlToHtmlForAmendApiByDirection.java:26)
	at jp.go.jpo.sa1s99.common.format.integration.ExecuteXmlToHtmlForAmendApiByDirection.executeApi(ExecuteXmlToHtmlForAmendApiByDirection.java:13)
	at jp.go.jpo.sa1s99.common.format.integration.ExecuteApiByDirection.execute(ExecuteApiByDirection.java:28)
	at jp.go.jpo.sa1s99.common.format.integration.HtmlToXmlForAmendApiIntegrationTest.ファイル出力を比較する: #direction #parsedResult(HtmlToXmlForAmendApiIntegrationTest.groovy:29)
</failure>
  </testcase>
  <testcase name="ファイル出力を比較する: Direction{ s_InputDir: data/input/All-Format/pct-doib/a99-aib318-p, s_OutputDir: data/output/html_amend/All-Format/pct-doib/a99-aib318-p} null" classname="jp.go.jpo.sa1s99.common.format.integration.HtmlToXmlForAmendApiIntegrationTest" time="0.0">
    <failure message="java.lang.IllegalArgumentException: Not implemented yet" type="java.lang.IllegalArgumentException">java.lang.IllegalArgumentException: Not implemented yet
	at jp.go.jpo.sa1s99.common.format.api.XmlToHtmlForAmendApi.execute(XmlToHtmlForAmendApi.java:32)
	at jp.go.jpo.sa1s99.common.format.integration.ExecuteXmlToHtmlForAmendApiByDirection.executeApi(ExecuteXmlToHtmlForAmendApiByDirection.java:26)
	at jp.go.jpo.sa1s99.common.format.integration.ExecuteXmlToHtmlForAmendApiByDirection.executeApi(ExecuteXmlToHtmlForAmendApiByDirection.java:13)
	at jp.go.jpo.sa1s99.common.format.integration.ExecuteApiByDirection.execute(ExecuteApiByDirection.java:28)
	at jp.go.jpo.sa1s99.common.format.integration.HtmlToXmlForAmendApiIntegrationTest.ファイル出力を比較する: #direction #parsedResult(HtmlToXmlForAmendApiIntegrationTest.groovy:29)
</failure>
  </testcase>
  <testcase name="ファイル出力を比較する: Direction{ s_InputDir: data/input/All-Format/pct-doib/a99-aib318-u, s_OutputDir: data/output/html_amend/All-Format/pct-doib/a99-aib318-u} null" classname="jp.go.jpo.sa1s99.common.format.integration.HtmlToXmlForAmendApiIntegrationTest" time="0.0">
    <failure message="java.lang.IllegalArgumentException: Not implemented yet" type="java.lang.IllegalArgumentException">java.lang.IllegalArgumentException: Not implemented yet
	at jp.go.jpo.sa1s99.common.format.api.XmlToHtmlForAmendApi.execute(XmlToHtmlForAmendApi.java:32)
	at jp.go.jpo.sa1s99.common.format.integration.ExecuteXmlToHtmlForAmendApiByDirection.executeApi(ExecuteXmlToHtmlForAmendApiByDirection.java:26)
	at jp.go.jpo.sa1s99.common.format.integration.ExecuteXmlToHtmlForAmendApiByDirection.executeApi(ExecuteXmlToHtmlForAmendApiByDirection.java:13)
	at jp.go.jpo.sa1s99.common.format.integration.ExecuteApiByDirection.execute(ExecuteApiByDirection.java:28)
	at jp.go.jpo.sa1s99.common.format.integration.HtmlToXmlForAmendApiIntegrationTest.ファイル出力を比較する: #direction #parsedResult(HtmlToXmlForAmendApiIntegrationTest.groovy:29)
</failure>
  </testcase>
  <testcase name="ファイル出力を比較する: Direction{ s_InputDir: data/input/All-Format/pct-doib/a99-aib335-p, s_OutputDir: data/output/html_amend/All-Format/pct-doib/a99-aib335-p} null" classname="jp.go.jpo.sa1s99.common.format.integration.HtmlToXmlForAmendApiIntegrationTest" time="0.0">
    <failure message="java.lang.IllegalArgumentException: Not implemented yet" type="java.lang.IllegalArgumentException">java.lang.IllegalArgumentException: Not implemented yet
	at jp.go.jpo.sa1s99.common.format.api.XmlToHtmlForAmendApi.execute(XmlToHtmlForAmendApi.java:32)
	at jp.go.jpo.sa1s99.common.format.integration.ExecuteXmlToHtmlForAmendApiByDirection.executeApi(ExecuteXmlToHtmlForAmendApiByDirection.java:26)
	at jp.go.jpo.sa1s99.common.format.integration.ExecuteXmlToHtmlForAmendApiByDirection.executeApi(ExecuteXmlToHtmlForAmendApiByDirection.java:13)
	at jp.go.jpo.sa1s99.common.format.integration.ExecuteApiByDirection.execute(ExecuteApiByDirection.java:28)
	at jp.go.jpo.sa1s99.common.format.integration.HtmlToXmlForAmendApiIntegrationTest.ファイル出力を比較する: #direction #parsedResult(HtmlToXmlForAmendApiIntegrationTest.groovy:29)
</failure>
  </testcase>
  <testcase name="ファイル出力を比較する: Direction{ s_InputDir: data/input/All-Format/pct-doib/a99-aib335-u, s_OutputDir: data/output/html_amend/All-Format/pct-doib/a99-aib335-u} null" classname="jp.go.jpo.sa1s99.common.format.integration.HtmlToXmlForAmendApiIntegrationTest" time="0.0">
    <failure message="java.lang.IllegalArgumentException: Not implemented yet" type="java.lang.IllegalArgumentException">java.lang.IllegalArgumentException: Not implemented yet
	at jp.go.jpo.sa1s99.common.format.api.XmlToHtmlForAmendApi.execute(XmlToHtmlForAmendApi.java:32)
	at jp.go.jpo.sa1s99.common.format.integration.ExecuteXmlToHtmlForAmendApiByDirection.executeApi(ExecuteXmlToHtmlForAmendApiByDirection.java:26)
	at jp.go.jpo.sa1s99.common.format.integration.ExecuteXmlToHtmlForAmendApiByDirection.executeApi(ExecuteXmlToHtmlForAmendApiByDirection.java:13)
	at jp.go.jpo.sa1s99.common.format.integration.ExecuteApiByDirection.execute(ExecuteApiByDirection.java:28)
	at jp.go.jpo.sa1s99.common.format.integration.HtmlToXmlForAmendApiIntegrationTest.ファイル出力を比較する: #direction #parsedResult(HtmlToXmlForAmendApiIntegrationTest.groovy:29)
</failure>
  </testcase>
  <testcase name="ファイル出力を比較する: Direction{ s_InputDir: data/input/All-Format/pct-doib/a99-aib346-p, s_OutputDir: data/output/html_amend/All-Format/pct-doib/a99-aib346-p} null" classname="jp.go.jpo.sa1s99.common.format.integration.HtmlToXmlForAmendApiIntegrationTest" time="0.016">
    <failure message="java.lang.IllegalArgumentException: Not implemented yet" type="java.lang.IllegalArgumentException">java.lang.IllegalArgumentException: Not implemented yet
	at jp.go.jpo.sa1s99.common.format.api.XmlToHtmlForAmendApi.execute(XmlToHtmlForAmendApi.java:32)
	at jp.go.jpo.sa1s99.common.format.integration.ExecuteXmlToHtmlForAmendApiByDirection.executeApi(ExecuteXmlToHtmlForAmendApiByDirection.java:26)
	at jp.go.jpo.sa1s99.common.format.integration.ExecuteXmlToHtmlForAmendApiByDirection.executeApi(ExecuteXmlToHtmlForAmendApiByDirection.java:13)
	at jp.go.jpo.sa1s99.common.format.integration.ExecuteApiByDirection.execute(ExecuteApiByDirection.java:28)
	at jp.go.jpo.sa1s99.common.format.integration.HtmlToXmlForAmendApiIntegrationTest.ファイル出力を比較する: #direction #parsedResult(HtmlToXmlForAmendApiIntegrationTest.groovy:29)
</failure>
  </testcase>
  <testcase name="ファイル出力を比較する: Direction{ s_InputDir: data/input/All-Format/pct-doib/a99-aib346-u, s_OutputDir: data/output/html_amend/All-Format/pct-doib/a99-aib346-u} null" classname="jp.go.jpo.sa1s99.common.format.integration.HtmlToXmlForAmendApiIntegrationTest" time="0.0">
    <failure message="java.lang.IllegalArgumentException: Not implemented yet" type="java.lang.IllegalArgumentException">java.lang.IllegalArgumentException: Not implemented yet
	at jp.go.jpo.sa1s99.common.format.api.XmlToHtmlForAmendApi.execute(XmlToHtmlForAmendApi.java:32)
	at jp.go.jpo.sa1s99.common.format.integration.ExecuteXmlToHtmlForAmendApiByDirection.executeApi(ExecuteXmlToHtmlForAmendApiByDirection.java:26)
	at jp.go.jpo.sa1s99.common.format.integration.ExecuteXmlToHtmlForAmendApiByDirection.executeApi(ExecuteXmlToHtmlForAmendApiByDirection.java:13)
	at jp.go.jpo.sa1s99.common.format.integration.ExecuteApiByDirection.execute(ExecuteApiByDirection.java:28)
	at jp.go.jpo.sa1s99.common.format.integration.HtmlToXmlForAmendApiIntegrationTest.ファイル出力を比較する: #direction #parsedResult(HtmlToXmlForAmendApiIntegrationTest.groovy:29)
</failure>
  </testcase>
  <testcase name="ファイル出力を比較する: Direction{ s_InputDir: data/input/All-Format/pct-doib/a99-aib349-p-data1, s_OutputDir: data/output/html_amend/All-Format/pct-doib/a99-aib349-p-data1} null" classname="jp.go.jpo.sa1s99.common.format.integration.HtmlToXmlForAmendApiIntegrationTest" time="0.0">
    <failure message="java.lang.IllegalArgumentException: Not implemented yet" type="java.lang.IllegalArgumentException">java.lang.IllegalArgumentException: Not implemented yet
	at jp.go.jpo.sa1s99.common.format.api.XmlToHtmlForAmendApi.execute(XmlToHtmlForAmendApi.java:32)
	at jp.go.jpo.sa1s99.common.format.integration.ExecuteXmlToHtmlForAmendApiByDirection.executeApi(ExecuteXmlToHtmlForAmendApiByDirection.java:26)
	at jp.go.jpo.sa1s99.common.format.integration.ExecuteXmlToHtmlForAmendApiByDirection.executeApi(ExecuteXmlToHtmlForAmendApiByDirection.java:13)
	at jp.go.jpo.sa1s99.common.format.integration.ExecuteApiByDirection.execute(ExecuteApiByDirection.java:28)
	at jp.go.jpo.sa1s99.common.format.integration.HtmlToXmlForAmendApiIntegrationTest.ファイル出力を比較する: #direction #parsedResult(HtmlToXmlForAmendApiIntegrationTest.groovy:29)
</failure>
  </testcase>
  <testcase name="ファイル出力を比較する: Direction{ s_InputDir: data/input/All-Format/pct-doib/a99-aib349-p-data2, s_OutputDir: data/output/html_amend/All-Format/pct-doib/a99-aib349-p-data2} null" classname="jp.go.jpo.sa1s99.common.format.integration.HtmlToXmlForAmendApiIntegrationTest" time="0.0">
    <failure message="java.lang.IllegalArgumentException: Not implemented yet" type="java.lang.IllegalArgumentException">java.lang.IllegalArgumentException: Not implemented yet
	at jp.go.jpo.sa1s99.common.format.api.XmlToHtmlForAmendApi.execute(XmlToHtmlForAmendApi.java:32)
	at jp.go.jpo.sa1s99.common.format.integration.ExecuteXmlToHtmlForAmendApiByDirection.executeApi(ExecuteXmlToHtmlForAmendApiByDirection.java:26)
	at jp.go.jpo.sa1s99.common.format.integration.ExecuteXmlToHtmlForAmendApiByDirection.executeApi(ExecuteXmlToHtmlForAmendApiByDirection.java:13)
	at jp.go.jpo.sa1s99.common.format.integration.ExecuteApiByDirection.execute(ExecuteApiByDirection.java:28)
	at jp.go.jpo.sa1s99.common.format.integration.HtmlToXmlForAmendApiIntegrationTest.ファイル出力を比較する: #direction #parsedResult(HtmlToXmlForAmendApiIntegrationTest.groovy:29)
</failure>
  </testcase>
  <testcase name="ファイル出力を比較する: Direction{ s_InputDir: data/input/All-Format/pct-doib/a99-aib349-p-data3, s_OutputDir: data/output/html_amend/All-Format/pct-doib/a99-aib349-p-data3} null" classname="jp.go.jpo.sa1s99.common.format.integration.HtmlToXmlForAmendApiIntegrationTest" time="0.0">
    <failure message="java.lang.IllegalArgumentException: Not implemented yet" type="java.lang.IllegalArgumentException">java.lang.IllegalArgumentException: Not implemented yet
	at jp.go.jpo.sa1s99.common.format.api.XmlToHtmlForAmendApi.execute(XmlToHtmlForAmendApi.java:32)
	at jp.go.jpo.sa1s99.common.format.integration.ExecuteXmlToHtmlForAmendApiByDirection.executeApi(ExecuteXmlToHtmlForAmendApiByDirection.java:26)
	at jp.go.jpo.sa1s99.common.format.integration.ExecuteXmlToHtmlForAmendApiByDirection.executeApi(ExecuteXmlToHtmlForAmendApiByDirection.java:13)
	at jp.go.jpo.sa1s99.common.format.integration.ExecuteApiByDirection.execute(ExecuteApiByDirection.java:28)
	at jp.go.jpo.sa1s99.common.format.integration.HtmlToXmlForAmendApiIntegrationTest.ファイル出力を比較する: #direction #parsedResult(HtmlToXmlForAmendApiIntegrationTest.groovy:29)
</failure>
  </testcase>
  <testcase name="ファイル出力を比較する: Direction{ s_InputDir: data/input/All-Format/pct-doib/a99-aib349-p-dataX1, s_OutputDir: data/output/html_amend/All-Format/pct-doib/a99-aib349-p-dataX1} null" classname="jp.go.jpo.sa1s99.common.format.integration.HtmlToXmlForAmendApiIntegrationTest" time="0.015">
    <failure message="java.lang.IllegalArgumentException: Not implemented yet" type="java.lang.IllegalArgumentException">java.lang.IllegalArgumentException: Not implemented yet
	at jp.go.jpo.sa1s99.common.format.api.XmlToHtmlForAmendApi.execute(XmlToHtmlForAmendApi.java:32)
	at jp.go.jpo.sa1s99.common.format.integration.ExecuteXmlToHtmlForAmendApiByDirection.executeApi(ExecuteXmlToHtmlForAmendApiByDirection.java:26)
	at jp.go.jpo.sa1s99.common.format.integration.ExecuteXmlToHtmlForAmendApiByDirection.executeApi(ExecuteXmlToHtmlForAmendApiByDirection.java:13)
	at jp.go.jpo.sa1s99.common.format.integration.ExecuteApiByDirection.execute(ExecuteApiByDirection.java:28)
	at jp.go.jpo.sa1s99.common.format.integration.HtmlToXmlForAmendApiIntegrationTest.ファイル出力を比較する: #direction #parsedResult(HtmlToXmlForAmendApiIntegrationTest.groovy:29)
</failure>
  </testcase>
  <testcase name="ファイル出力を比較する: Direction{ s_InputDir: data/input/All-Format/pct-doib/a99-aib349-p-dataX2, s_OutputDir: data/output/html_amend/All-Format/pct-doib/a99-aib349-p-dataX2} null" classname="jp.go.jpo.sa1s99.common.format.integration.HtmlToXmlForAmendApiIntegrationTest" time="0.0">
    <failure message="java.lang.IllegalArgumentException: Not implemented yet" type="java.lang.IllegalArgumentException">java.lang.IllegalArgumentException: Not implemented yet
	at jp.go.jpo.sa1s99.common.format.api.XmlToHtmlForAmendApi.execute(XmlToHtmlForAmendApi.java:32)
	at jp.go.jpo.sa1s99.common.format.integration.ExecuteXmlToHtmlForAmendApiByDirection.executeApi(ExecuteXmlToHtmlForAmendApiByDirection.java:26)
	at jp.go.jpo.sa1s99.common.format.integration.ExecuteXmlToHtmlForAmendApiByDirection.executeApi(ExecuteXmlToHtmlForAmendApiByDirection.java:13)
	at jp.go.jpo.sa1s99.common.format.integration.ExecuteApiByDirection.execute(ExecuteApiByDirection.java:28)
	at jp.go.jpo.sa1s99.common.format.integration.HtmlToXmlForAmendApiIntegrationTest.ファイル出力を比較する: #direction #parsedResult(HtmlToXmlForAmendApiIntegrationTest.groovy:29)
</failure>
  </testcase>
  <testcase name="ファイル出力を比較する: Direction{ s_InputDir: data/input/All-Format/pct-doib/a99-aib369-p, s_OutputDir: data/output/html_amend/All-Format/pct-doib/a99-aib369-p} null" classname="jp.go.jpo.sa1s99.common.format.integration.HtmlToXmlForAmendApiIntegrationTest" time="0.0">
    <failure message="java.lang.IllegalArgumentException: Not implemented yet" type="java.lang.IllegalArgumentException">java.lang.IllegalArgumentException: Not implemented yet
	at jp.go.jpo.sa1s99.common.format.api.XmlToHtmlForAmendApi.execute(XmlToHtmlForAmendApi.java:32)
	at jp.go.jpo.sa1s99.common.format.integration.ExecuteXmlToHtmlForAmendApiByDirection.executeApi(ExecuteXmlToHtmlForAmendApiByDirection.java:26)
	at jp.go.jpo.sa1s99.common.format.integration.ExecuteXmlToHtmlForAmendApiByDirection.executeApi(ExecuteXmlToHtmlForAmendApiByDirection.java:13)
	at jp.go.jpo.sa1s99.common.format.integration.ExecuteApiByDirection.execute(ExecuteApiByDirection.java:28)
	at jp.go.jpo.sa1s99.common.format.integration.HtmlToXmlForAmendApiIntegrationTest.ファイル出力を比較する: #direction #parsedResult(HtmlToXmlForAmendApiIntegrationTest.groovy:29)
</failure>
  </testcase>
  <testcase name="ファイル出力を比較する: Direction{ s_InputDir: data/input/All-Format/pct-doib/a99-aib369-u, s_OutputDir: data/output/html_amend/All-Format/pct-doib/a99-aib369-u} null" classname="jp.go.jpo.sa1s99.common.format.integration.HtmlToXmlForAmendApiIntegrationTest" time="0.0">
    <failure message="java.lang.IllegalArgumentException: Not implemented yet" type="java.lang.IllegalArgumentException">java.lang.IllegalArgumentException: Not implemented yet
	at jp.go.jpo.sa1s99.common.format.api.XmlToHtmlForAmendApi.execute(XmlToHtmlForAmendApi.java:32)
	at jp.go.jpo.sa1s99.common.format.integration.ExecuteXmlToHtmlForAmendApiByDirection.executeApi(ExecuteXmlToHtmlForAmendApiByDirection.java:26)
	at jp.go.jpo.sa1s99.common.format.integration.ExecuteXmlToHtmlForAmendApiByDirection.executeApi(ExecuteXmlToHtmlForAmendApiByDirection.java:13)
	at jp.go.jpo.sa1s99.common.format.integration.ExecuteApiByDirection.execute(ExecuteApiByDirection.java:28)
	at jp.go.jpo.sa1s99.common.format.integration.HtmlToXmlForAmendApiIntegrationTest.ファイル出力を比較する: #direction #parsedResult(HtmlToXmlForAmendApiIntegrationTest.groovy:29)
</failure>
  </testcase>
  <testcase name="ファイル出力を比較する: Direction{ s_InputDir: data/input/All-Format/pct-doib/a99-aib373-p, s_OutputDir: data/output/html_amend/All-Format/pct-doib/a99-aib373-p} null" classname="jp.go.jpo.sa1s99.common.format.integration.HtmlToXmlForAmendApiIntegrationTest" time="0.0">
    <failure message="java.lang.IllegalArgumentException: Not implemented yet" type="java.lang.IllegalArgumentException">java.lang.IllegalArgumentException: Not implemented yet
	at jp.go.jpo.sa1s99.common.format.api.XmlToHtmlForAmendApi.execute(XmlToHtmlForAmendApi.java:32)
	at jp.go.jpo.sa1s99.common.format.integration.ExecuteXmlToHtmlForAmendApiByDirection.executeApi(ExecuteXmlToHtmlForAmendApiByDirection.java:26)
	at jp.go.jpo.sa1s99.common.format.integration.ExecuteXmlToHtmlForAmendApiByDirection.executeApi(ExecuteXmlToHtmlForAmendApiByDirection.java:13)
	at jp.go.jpo.sa1s99.common.format.integration.ExecuteApiByDirection.execute(ExecuteApiByDirection.java:28)
	at jp.go.jpo.sa1s99.common.format.integration.HtmlToXmlForAmendApiIntegrationTest.ファイル出力を比較する: #direction #parsedResult(HtmlToXmlForAmendApiIntegrationTest.groovy:29)
</failure>
  </testcase>
  <testcase name="ファイル出力を比較する: Direction{ s_InputDir: data/input/All-Format/pct-doib/a99-aib373-u, s_OutputDir: data/output/html_amend/All-Format/pct-doib/a99-aib373-u} null" classname="jp.go.jpo.sa1s99.common.format.integration.HtmlToXmlForAmendApiIntegrationTest" time="0.0">
    <failure message="java.lang.IllegalArgumentException: Not implemented yet" type="java.lang.IllegalArgumentException">java.lang.IllegalArgumentException: Not implemented yet
	at jp.go.jpo.sa1s99.common.format.api.XmlToHtmlForAmendApi.execute(XmlToHtmlForAmendApi.java:32)
	at jp.go.jpo.sa1s99.common.format.integration.ExecuteXmlToHtmlForAmendApiByDirection.executeApi(ExecuteXmlToHtmlForAmendApiByDirection.java:26)
	at jp.go.jpo.sa1s99.common.format.integration.ExecuteXmlToHtmlForAmendApiByDirection.executeApi(ExecuteXmlToHtmlForAmendApiByDirection.java:13)
	at jp.go.jpo.sa1s99.common.format.integration.ExecuteApiByDirection.execute(ExecuteApiByDirection.java:28)
	at jp.go.jpo.sa1s99.common.format.integration.HtmlToXmlForAmendApiIntegrationTest.ファイル出力を比較する: #direction #parsedResult(HtmlToXmlForAmendApiIntegrationTest.groovy:29)
</failure>
  </testcase>
  <testcase name="ファイル出力を比較する: Direction{ s_InputDir: data/input/All-Format/pct-doib/a99-aib374-p, s_OutputDir: data/output/html_amend/All-Format/pct-doib/a99-aib374-p} null" classname="jp.go.jpo.sa1s99.common.format.integration.HtmlToXmlForAmendApiIntegrationTest" time="0.016">
    <failure message="java.lang.IllegalArgumentException: Not implemented yet" type="java.lang.IllegalArgumentException">java.lang.IllegalArgumentException: Not implemented yet
	at jp.go.jpo.sa1s99.common.format.api.XmlToHtmlForAmendApi.execute(XmlToHtmlForAmendApi.java:32)
	at jp.go.jpo.sa1s99.common.format.integration.ExecuteXmlToHtmlForAmendApiByDirection.executeApi(ExecuteXmlToHtmlForAmendApiByDirection.java:26)
	at jp.go.jpo.sa1s99.common.format.integration.ExecuteXmlToHtmlForAmendApiByDirection.executeApi(ExecuteXmlToHtmlForAmendApiByDirection.java:13)
	at jp.go.jpo.sa1s99.common.format.integration.ExecuteApiByDirection.execute(ExecuteApiByDirection.java:28)
	at jp.go.jpo.sa1s99.common.format.integration.HtmlToXmlForAmendApiIntegrationTest.ファイル出力を比較する: #direction #parsedResult(HtmlToXmlForAmendApiIntegrationTest.groovy:29)
</failure>
  </testcase>
  <testcase name="ファイル出力を比較する: Direction{ s_InputDir: data/input/All-Format/pct-doib/a99-aib374-u, s_OutputDir: data/output/html_amend/All-Format/pct-doib/a99-aib374-u} null" classname="jp.go.jpo.sa1s99.common.format.integration.HtmlToXmlForAmendApiIntegrationTest" time="0.0">
    <failure message="java.lang.IllegalArgumentException: Not implemented yet" type="java.lang.IllegalArgumentException">java.lang.IllegalArgumentException: Not implemented yet
	at jp.go.jpo.sa1s99.common.format.api.XmlToHtmlForAmendApi.execute(XmlToHtmlForAmendApi.java:32)
	at jp.go.jpo.sa1s99.common.format.integration.ExecuteXmlToHtmlForAmendApiByDirection.executeApi(ExecuteXmlToHtmlForAmendApiByDirection.java:26)
	at jp.go.jpo.sa1s99.common.format.integration.ExecuteXmlToHtmlForAmendApiByDirection.executeApi(ExecuteXmlToHtmlForAmendApiByDirection.java:13)
	at jp.go.jpo.sa1s99.common.format.integration.ExecuteApiByDirection.execute(ExecuteApiByDirection.java:28)
	at jp.go.jpo.sa1s99.common.format.integration.HtmlToXmlForAmendApiIntegrationTest.ファイル出力を比較する: #direction #parsedResult(HtmlToXmlForAmendApiIntegrationTest.groovy:29)
</failure>
  </testcase>
  <testcase name="ファイル出力を比較する: Direction{ s_InputDir: data/input/All-Format/pct-doib/a99-aib399-p, s_OutputDir: data/output/html_amend/All-Format/pct-doib/a99-aib399-p} null" classname="jp.go.jpo.sa1s99.common.format.integration.HtmlToXmlForAmendApiIntegrationTest" time="0.0">
    <failure message="java.lang.IllegalArgumentException: Not implemented yet" type="java.lang.IllegalArgumentException">java.lang.IllegalArgumentException: Not implemented yet
	at jp.go.jpo.sa1s99.common.format.api.XmlToHtmlForAmendApi.execute(XmlToHtmlForAmendApi.java:32)
	at jp.go.jpo.sa1s99.common.format.integration.ExecuteXmlToHtmlForAmendApiByDirection.executeApi(ExecuteXmlToHtmlForAmendApiByDirection.java:26)
	at jp.go.jpo.sa1s99.common.format.integration.ExecuteXmlToHtmlForAmendApiByDirection.executeApi(ExecuteXmlToHtmlForAmendApiByDirection.java:13)
	at jp.go.jpo.sa1s99.common.format.integration.ExecuteApiByDirection.execute(ExecuteApiByDirection.java:28)
	at jp.go.jpo.sa1s99.common.format.integration.HtmlToXmlForAmendApiIntegrationTest.ファイル出力を比較する: #direction #parsedResult(HtmlToXmlForAmendApiIntegrationTest.groovy:29)
</failure>
  </testcase>
  <testcase name="ファイル出力を比較する: Direction{ s_InputDir: data/input/All-Format/pct-doib/a99-aib399-u, s_OutputDir: data/output/html_amend/All-Format/pct-doib/a99-aib399-u} null" classname="jp.go.jpo.sa1s99.common.format.integration.HtmlToXmlForAmendApiIntegrationTest" time="0.0">
    <failure message="java.lang.IllegalArgumentException: Not implemented yet" type="java.lang.IllegalArgumentException">java.lang.IllegalArgumentException: Not implemented yet
	at jp.go.jpo.sa1s99.common.format.api.XmlToHtmlForAmendApi.execute(XmlToHtmlForAmendApi.java:32)
	at jp.go.jpo.sa1s99.common.format.integration.ExecuteXmlToHtmlForAmendApiByDirection.executeApi(ExecuteXmlToHtmlForAmendApiByDirection.java:26)
	at jp.go.jpo.sa1s99.common.format.integration.ExecuteXmlToHtmlForAmendApiByDirection.executeApi(ExecuteXmlToHtmlForAmendApiByDirection.java:13)
	at jp.go.jpo.sa1s99.common.format.integration.ExecuteApiByDirection.execute(ExecuteApiByDirection.java:28)
	at jp.go.jpo.sa1s99.common.format.integration.HtmlToXmlForAmendApiIntegrationTest.ファイル出力を比較する: #direction #parsedResult(HtmlToXmlForAmendApiIntegrationTest.groovy:29)
</failure>
  </testcase>
  <testcase name="ファイル出力を比較する: Direction{ s_InputDir: data/input/All-Format/pct-doib/a99-aib3494-p, s_OutputDir: data/output/html_amend/All-Format/pct-doib/a99-aib3494-p} null" classname="jp.go.jpo.sa1s99.common.format.integration.HtmlToXmlForAmendApiIntegrationTest" time="0.0">
    <failure message="java.lang.IllegalArgumentException: Not implemented yet" type="java.lang.IllegalArgumentException">java.lang.IllegalArgumentException: Not implemented yet
	at jp.go.jpo.sa1s99.common.format.api.XmlToHtmlForAmendApi.execute(XmlToHtmlForAmendApi.java:32)
	at jp.go.jpo.sa1s99.common.format.integration.ExecuteXmlToHtmlForAmendApiByDirection.executeApi(ExecuteXmlToHtmlForAmendApiByDirection.java:26)
	at jp.go.jpo.sa1s99.common.format.integration.ExecuteXmlToHtmlForAmendApiByDirection.executeApi(ExecuteXmlToHtmlForAmendApiByDirection.java:13)
	at jp.go.jpo.sa1s99.common.format.integration.ExecuteApiByDirection.execute(ExecuteApiByDirection.java:28)
	at jp.go.jpo.sa1s99.common.format.integration.HtmlToXmlForAmendApiIntegrationTest.ファイル出力を比較する: #direction #parsedResult(HtmlToXmlForAmendApiIntegrationTest.groovy:29)
</failure>
  </testcase>
  <testcase name="ファイル出力を比較する: Direction{ s_InputDir: data/input/All-Format/pct-doib/a99-aib3494-u, s_OutputDir: data/output/html_amend/All-Format/pct-doib/a99-aib3494-u} null" classname="jp.go.jpo.sa1s99.common.format.integration.HtmlToXmlForAmendApiIntegrationTest" time="0.0">
    <failure message="java.lang.IllegalArgumentException: Not implemented yet" type="java.lang.IllegalArgumentException">java.lang.IllegalArgumentException: Not implemented yet
	at jp.go.jpo.sa1s99.common.format.api.XmlToHtmlForAmendApi.execute(XmlToHtmlForAmendApi.java:32)
	at jp.go.jpo.sa1s99.common.format.integration.ExecuteXmlToHtmlForAmendApiByDirection.executeApi(ExecuteXmlToHtmlForAmendApiByDirection.java:26)
	at jp.go.jpo.sa1s99.common.format.integration.ExecuteXmlToHtmlForAmendApiByDirection.executeApi(ExecuteXmlToHtmlForAmendApiByDirection.java:13)
	at jp.go.jpo.sa1s99.common.format.integration.ExecuteApiByDirection.execute(ExecuteApiByDirection.java:28)
	at jp.go.jpo.sa1s99.common.format.integration.HtmlToXmlForAmendApiIntegrationTest.ファイル出力を比較する: #direction #parsedResult(HtmlToXmlForAmendApiIntegrationTest.groovy:29)
</failure>
  </testcase>
  <testcase name="ファイル出力を比較する: Direction{ s_InputDir: data/input/All-Format/pct-doib/a99-aib3495-p, s_OutputDir: data/output/html_amend/All-Format/pct-doib/a99-aib3495-p} null" classname="jp.go.jpo.sa1s99.common.format.integration.HtmlToXmlForAmendApiIntegrationTest" time="0.0">
    <failure message="java.lang.IllegalArgumentException: Not implemented yet" type="java.lang.IllegalArgumentException">java.lang.IllegalArgumentException: Not implemented yet
	at jp.go.jpo.sa1s99.common.format.api.XmlToHtmlForAmendApi.execute(XmlToHtmlForAmendApi.java:32)
	at jp.go.jpo.sa1s99.common.format.integration.ExecuteXmlToHtmlForAmendApiByDirection.executeApi(ExecuteXmlToHtmlForAmendApiByDirection.java:26)
	at jp.go.jpo.sa1s99.common.format.integration.ExecuteXmlToHtmlForAmendApiByDirection.executeApi(ExecuteXmlToHtmlForAmendApiByDirection.java:13)
	at jp.go.jpo.sa1s99.common.format.integration.ExecuteApiByDirection.execute(ExecuteApiByDirection.java:28)
	at jp.go.jpo.sa1s99.common.format.integration.HtmlToXmlForAmendApiIntegrationTest.ファイル出力を比較する: #direction #parsedResult(HtmlToXmlForAmendApiIntegrationTest.groovy:29)
</failure>
  </testcase>
  <testcase name="ファイル出力を比較する: Direction{ s_InputDir: data/input/All-Format/pct-doib/a99-aib3495-u, s_OutputDir: data/output/html_amend/All-Format/pct-doib/a99-aib3495-u} null" classname="jp.go.jpo.sa1s99.common.format.integration.HtmlToXmlForAmendApiIntegrationTest" time="0.015">
    <failure message="java.lang.IllegalArgumentException: Not implemented yet" type="java.lang.IllegalArgumentException">java.lang.IllegalArgumentException: Not implemented yet
	at jp.go.jpo.sa1s99.common.format.api.XmlToHtmlForAmendApi.execute(XmlToHtmlForAmendApi.java:32)
	at jp.go.jpo.sa1s99.common.format.integration.ExecuteXmlToHtmlForAmendApiByDirection.executeApi(ExecuteXmlToHtmlForAmendApiByDirection.java:26)
	at jp.go.jpo.sa1s99.common.format.integration.ExecuteXmlToHtmlForAmendApiByDirection.executeApi(ExecuteXmlToHtmlForAmendApiByDirection.java:13)
	at jp.go.jpo.sa1s99.common.format.integration.ExecuteApiByDirection.execute(ExecuteApiByDirection.java:28)
	at jp.go.jpo.sa1s99.common.format.integration.HtmlToXmlForAmendApiIntegrationTest.ファイル出力を比較する: #direction #parsedResult(HtmlToXmlForAmendApiIntegrationTest.groovy:29)
</failure>
  </testcase>
  <system-out><![CDATA[]]></system-out>
  <system-err><![CDATA[]]></system-err>
</testsuite>
